Operating on: 11155420 - Optimism Sepolia

Config - REWARD_RECIPIENT not provided, setting swap recipient to relayer address: 0x06003274c3a7926c04cA8d6903cc691fE8f3CEC2
Config - MIN_PROFIT_THRESHOLD_USD: -0.1

Starting ...
Getting prize pool info ...
Getting prize context ...

******************
1. Prize token: WETH

┌────────────┬──────────────────────────────────────────────┬──────────┬─────────────────┬────────┬──────────────┐
│ (index)    │ address                                      │ decimals │ name            │ symbol │ assetRateUsd │
├────────────┼──────────────────────────────────────────────┼──────────┼─────────────────┼────────┼──────────────┤
│ prizeToken │ '0xC355F97a3Aa2808Acb536E555764b8FB26fB4b37' │ 18       │ 'Wrapped Ether' │ 'WETH' │ 3289.5562    │
└────────────┴──────────────────────────────────────────────┴──────────┴─────────────────┴────────┴──────────────┘
┌─────────┬──────────┬───────────────────────────────┐
│ (index) │ numTiers │ tiersRangeArray               │
├─────────┼──────────┼───────────────────────────────┤
│ tiers   │ 6        │ [ 0, 1, 2, ... 3 more items ] │
└─────────┴──────────┴───────────────────────────────┘
Draw ID: 3
Prize Token WETH MarketRate USD:  $3289.5562

******************
Getting prize vaults ...
Found 6 prize vaults.

339 prizes already claimed for draw #3.
1085 prizes remaining to be claimed...




******************
Processing:
Vault:     0x33335296c9b020ca3252e4953c11decfdce816b8
Tier:      #5 (Canary tier)
# prizes:  422

5a. Calculating # of profitable claims ...

Native (Gas) Token ETH Market Rate (USD): $3286.99

Estimated gas limit (wei) (1 prize claim): 0.000000000000175343 ETH (175343 wei)
Estimated gas limit (wei) (2 prize claims): 0.00000000000024983 ETH (249830 wei)

Gas Cost: First Claim (wei): 0.000000000000175343 ETH (175343 wei)
Gas Cost: Each Following Claim (wei): 0.000000000000074487 ETH (74487 wei)

Gas Cost: First Claim (USD): $0.02 $0.015598012517144995
Gas Cost: Each Following Claim (USD): $0.02 $0.0187474298600112

5b. 1 Claim(s):

Total gas cost: 1 Claim(s) (USD): $0.02 ($0.015598012517144995)

Next Claim Reward: 1 Claim(s) (WEI): 0.000002298105526836 WETH (2298105526836 wei)
Next Claim Reward: 1 Claim(s) (USD): $0.01 ($0.00755974728405763)

Net profit = (Gross Profit - Gas Cost [Avg])
$-0.01 = ($0.01 - $0.02) $-0.008038265233087365 = ($0.00755974728405763 - $0.015598012517144995)

******************
5c. Profit/Loss (USD):

Net profit = (Gross Profit - Gas Cost [Max])
$-0.02 = ($0 - $0.02) $-0.015598012517144995 = ($0 - $0.015598012517144995)

Claiming tier #5 (Canary tier) currently not profitable.
Not profitable to claim for Draw #3, Tier: #5 (Canary tier)




******************
Processing:
Vault:     0x75b2f4b3ec5adf7077f928992524cc547e74f768
Tier:      #5 (Canary tier)
# prizes:  74

Tier #5 (Canary tier) not profitable, skipping ...





******************
Processing:
Vault:     0x7fad91a4a29109303188d8758f1a9d60ce988349
Tier:      #5 (Canary tier)
# prizes:  589

Tier #5 (Canary tier) not profitable, skipping ...

