Operating on: 11155420 - Optimism Sepolia

Config - REWARD_RECIPIENT not provided, setting swap recipient to relayer address: 0x06003274c3a7926c04cA8d6903cc691fE8f3CEC2
Config - MIN_PROFIT_THRESHOLD_USD: -0.1

Starting ...
Getting prize pool info ...
Getting prize context ...

******************
1. Prize token: WETH

┌────────────┬──────────────────────────────────────────────┬──────────┬─────────────────┬────────┬──────────────┐
│ (index)    │ address                                      │ decimals │ name            │ symbol │ assetRateUsd │
├────────────┼──────────────────────────────────────────────┼──────────┼─────────────────┼────────┼──────────────┤
│ prizeToken │ '0xC355F97a3Aa2808Acb536E555764b8FB26fB4b37' │ 18       │ 'Wrapped Ether' │ 'WETH' │ 3270.5125    │
└────────────┴──────────────────────────────────────────────┴──────────┴─────────────────┴────────┴──────────────┘
┌─────────┬──────────┬───────────────────────────────┐
│ (index) │ numTiers │ tiersRangeArray               │
├─────────┼──────────┼───────────────────────────────┤
│ tiers   │ 6        │ [ 0, 1, 2, ... 3 more items ] │
└─────────┴──────────┴───────────────────────────────┘
Draw ID: 4
Prize Token WETH MarketRate USD:  $3270.5125

******************
Getting prize vaults ...
Found 6 prize vaults.

387 prizes already claimed for draw #4.
924 prizes remaining to be claimed...




******************
Processing:
Vault:     0x33335296c9b020ca3252e4953c11decfdce816b8
Tier:      #5 (Canary tier)
# prizes:  266

5a. Calculating # of profitable claims ...

Native (Gas) Token ETH Market Rate (USD): $3268.95

Estimated gas limit (wei) (1 prize claim): 0.000000000000174851 ETH (174851 wei)
Estimated gas limit (wei) (2 prize claims): 0.000000000000257882 ETH (257882 wei)

Gas Cost: First Claim (wei): 0.000000000000174851 ETH (174851 wei)
Gas Cost: Each Following Claim (wei): 0.000000000000083031 ETH (83031 wei)

Gas Cost: First Claim (USD): $0.02 $0.021915256908143336
Gas Cost: Each Following Claim (USD): $0.03 $0.026398503114745026

5b. 1 Claim(s):

Total gas cost: 1 Claim(s) (USD): $0.02 ($0.021915256908143336)

Next Claim Reward: 1 Claim(s) (WEI): 0.000004178739957456 WETH (4178739957456 wei)
Next Claim Reward: 1 Claim(s) (USD): $0.01 ($0.013666621265109315)

Net profit = (Gross Profit - Gas Cost [Avg])
$-0.01 = ($0.01 - $0.02) $-0.00824863564303402 = ($0.013666621265109315 - $0.021915256908143336)

******************
5c. Profit/Loss (USD):

Net profit = (Gross Profit - Gas Cost [Max])
$-0.02 = ($0 - $0.02) $-0.021915256908143336 = ($0 - $0.021915256908143336)

Claiming tier #5 (Canary tier) currently not profitable.
Not profitable to claim for Draw #4, Tier: #5 (Canary tier)




******************
Processing:
Vault:     0x75b2f4b3ec5adf7077f928992524cc547e74f768
Tier:      #5 (Canary tier)
# prizes:  11

Tier #5 (Canary tier) not profitable, skipping ...





******************
Processing:
Vault:     0x7fad91a4a29109303188d8758f1a9d60ce988349
Tier:      #5 (Canary tier)
# prizes:  647

Tier #5 (Canary tier) not profitable, skipping ...

