Operating on: 11155420 - Optimism Sepolia

Config - REWARD_RECIPIENT not provided, setting swap recipient to relayer address: 0x06003274c3a7926c04cA8d6903cc691fE8f3CEC2
Config - MIN_PROFIT_THRESHOLD_USD: 0.05

Starting ...
Getting prize pool info ...
Getting prize context ...

******************
1. Prize token: WETH

┌────────────┬──────────────────────────────────────────────┬──────────┬─────────────────┬────────┬──────────────┐
│ (index)    │ address                                      │ decimals │ name            │ symbol │ assetRateUsd │
├────────────┼──────────────────────────────────────────────┼──────────┼─────────────────┼────────┼──────────────┤
│ prizeToken │ '0xC355F97a3Aa2808Acb536E555764b8FB26fB4b37' │ 18       │ 'Wrapped Ether' │ 'WETH' │ 3060.9446    │
└────────────┴──────────────────────────────────────────────┴──────────┴─────────────────┴────────┴──────────────┘
┌─────────┬──────────┬───────────────────────────────┐
│ (index) │ numTiers │ tiersRangeArray               │
├─────────┼──────────┼───────────────────────────────┤
│ tiers   │ 7        │ [ 0, 1, 2, ... 4 more items ] │
└─────────┴──────────┴───────────────────────────────┘
Draw ID: 23
Prize Token WETH MarketRate USD:  $3060.9446

******************
Getting prize vaults ...
Found 6 prize vaults.

57 prizes already claimed for draw #23.
5429 prizes remaining to be claimed...




******************
Processing:
Vault:     0x33335296c9b020ca3252e4953c11decfdce816b8
Tier:      #4
# prizes:  61

5a. Calculating # of profitable claims ...

Native (Gas) Token ETH Market Rate (USD): $3073.91

Estimated gas limit (wei) (1 prize claim): 0.000000000000235525 ETH (235525 wei)
Estimated gas limit (wei) (2 prize claims): 0.000000000000328237 ETH (328237 wei)

Gas Cost: First Claim (wei): 0.000000000000235525 ETH (235525 wei)
Gas Cost: Each Following Claim (wei): 0.000000000000092712 ETH (92712 wei)

Gas Cost: First Claim (USD): $0.02 $0.01528439912257054
Gas Cost: Each Following Claim (USD): $0.02 $0.01818097208550007

5b. 1 Claim(s):

Total gas cost: 1 Claim(s) (USD): $0.02 ($0.01528439912257054)

Next Claim Reward: 1 Claim(s) (WEI): 0.000063506280451512 WETH (63506280451512 wei)
Next Claim Reward: 1 Claim(s) (USD): $0.19 ($0.1943892062141412)

Net profit = (Gross Profit - Gas Cost [Avg])
$0.18 = ($0.19 - $0.02) $0.17910480709157067 = ($0.1943892062141412 - $0.01528439912257054)


5b. 2 Claim(s):

Total gas cost: 2 Claim(s) (USD): $0.03 ($0.03346537120807061)

Claim Reward: 1 Claim(s) (WEI): 0.000063506280451512 WETH (63506280451512 wei)
Claim Reward: 1 Claim(s) (USD): $0.19 ($0.1943892062141412)

Next Claim Reward: 2 Claim(s) (WEI): 0.000126934565418258 WETH (126934565418258 wei)
Next Claim Reward: 2 Claim(s) (USD): $0.39 ($0.38853967257036354)

Net profit = (Gross Profit - Gas Cost [Avg])
$0.36 = ($0.39 - $0.03) $0.3550743013622929 = ($0.38853967257036354 - $0.03346537120807061)


5b. 3 Claim(s):

Total gas cost: 3 Claim(s) (USD): $0.05 ($0.05164634329357068)

Claim Reward: 2 Claim(s) (WEI): 0.000126934565418258 WETH (126934565418258 wei)
Claim Reward: 2 Claim(s) (USD): $0.39 ($0.38853967257036354)

Next Claim Reward: 3 Claim(s) (WEI): 0.0001902849506907 WETH (190284950690700 wei)
Next Claim Reward: 3 Claim(s) (USD): $0.58 ($0.5824516922779645)

Net profit = (Gross Profit - Gas Cost [Avg])
$0.53 = ($0.58 - $0.05) $0.5308053489843938 = ($0.5824516922779645 - $0.05164634329357068)


5b. 4 Claim(s):

Total gas cost: 4 Claim(s) (USD): $0.07 ($0.06982731537907075)

Claim Reward: 3 Claim(s) (WEI): 0.0001902849506907 WETH (190284950690700 wei)
Claim Reward: 3 Claim(s) (USD): $0.58 ($0.5824516922779645)

Next Claim Reward: 4 Claim(s) (WEI): 0.000253557531941644 WETH (253557531941644 wei)
Next Claim Reward: 4 Claim(s) (USD): $0.78 ($0.7761255581861027)

Net profit = (Gross Profit - Gas Cost [Avg])
$0.71 = ($0.78 - $0.07) $0.706298242807032 = ($0.7761255581861027 - $0.06982731537907075)


5b. 5 Claim(s):

Total gas cost: 5 Claim(s) (USD): $0.09 ($0.08800828746457082)

Claim Reward: 4 Claim(s) (WEI): 0.000253557531941644 WETH (253557531941644 wei)
Claim Reward: 4 Claim(s) (USD): $0.78 ($0.7761255581861027)

Next Claim Reward: 5 Claim(s) (WEI): 0.000316752404726405 WETH (316752404726405 wei)
Next Claim Reward: 5 Claim(s) (USD): $0.97 ($0.9695615627843038)

Net profit = (Gross Profit - Gas Cost [Avg])
$0.88 = ($0.97 - $0.09) $0.881553275319733 = ($0.9695615627843038 - $0.08800828746457082)


5b. 6 Claim(s):

Total gas cost: 6 Claim(s) (USD): $0.11 ($0.10618925955007089)

Claim Reward: 5 Claim(s) (WEI): 0.000316752404726405 WETH (316752404726405 wei)
Claim Reward: 5 Claim(s) (USD): $0.97 ($0.9695615627843038)

Next Claim Reward: 6 Claim(s) (WEI): 0.000379869664482936 WETH (379869664482936 wei)
Next Claim Reward: 6 Claim(s) (USD): $1.16 ($1.1627599982028547)

Net profit = (Gross Profit - Gas Cost [Avg])
$1.06 = ($1.16 - $0.11) $1.0565707386527838 = ($1.1627599982028547 - $0.10618925955007089)


5b. 7 Claim(s):

Total gas cost: 7 Claim(s) (USD): $0.12 ($0.12437023163557095)

Claim Reward: 6 Claim(s) (WEI): 0.000379869664482936 WETH (379869664482936 wei)
Claim Reward: 6 Claim(s) (USD): $1.16 ($1.1627599982028547)

Next Claim Reward: 7 Claim(s) (WEI): 0.000442909406531984 WETH (442909406531984 wei)
Next Claim Reward: 7 Claim(s) (USD): $1.36 ($1.355721156213281)

Net profit = (Gross Profit - Gas Cost [Avg])
$1.23 = ($1.36 - $0.12) $1.23135092457771 = ($1.355721156213281 - $0.12437023163557095)


5b. 8 Claim(s):

Total gas cost: 8 Claim(s) (USD): $0.14 ($0.14255120372107102)

Claim Reward: 7 Claim(s) (WEI): 0.000442909406531984 WETH (442909406531984 wei)
Claim Reward: 7 Claim(s) (USD): $1.36 ($1.355721156213281)

Next Claim Reward: 8 Claim(s) (WEI): 0.000505871726077208 WETH (505871726077208 wei)
Next Claim Reward: 8 Claim(s) (USD): $1.55 ($1.548445328228709)

Net profit = (Gross Profit - Gas Cost [Avg])
$1.41 = ($1.55 - $0.14) $1.405894124507638 = ($1.548445328228709 - $0.14255120372107102)


5b. 9 Claim(s):

Total gas cost: 9 Claim(s) (USD): $0.16 ($0.1607321758065711)

Claim Reward: 8 Claim(s) (WEI): 0.000505871726077208 WETH (505871726077208 wei)
Claim Reward: 8 Claim(s) (USD): $1.55 ($1.548445328228709)

Next Claim Reward: 9 Claim(s) (WEI): 0.000568756718205372 WETH (568756718205372 wei)
Next Claim Reward: 9 Claim(s) (USD): $1.74 ($1.740932805304455)

Net profit = (Gross Profit - Gas Cost [Avg])
$1.58 = ($1.74 - $0.16) $1.5802006294978839 = ($1.740932805304455 - $0.1607321758065711)


5b. 10 Claim(s):

Total gas cost: 10 Claim(s) (USD): $0.18 ($0.17891314789207116)

Claim Reward: 9 Claim(s) (WEI): 0.000568756718205372 WETH (568756718205372 wei)
Claim Reward: 9 Claim(s) (USD): $1.74 ($1.740932805304455)

Next Claim Reward: 10 Claim(s) (WEI): 0.00063156447788644 WETH (631564477886440 wei)
Next Claim Reward: 10 Claim(s) (USD): $1.93 ($1.9331838781383177)

Net profit = (Gross Profit - Gas Cost [Avg])
$1.75 = ($1.93 - $0.18) $1.7542707302462466 = ($1.9331838781383177 - $0.17891314789207116)


5b. 11 Claim(s):

Total gas cost: 11 Claim(s) (USD): $0.2 ($0.19709411997757123)

Claim Reward: 10 Claim(s) (WEI): 0.00063156447788644 WETH (631564477886440 wei)
Claim Reward: 10 Claim(s) (USD): $1.93 ($1.9331838781383177)

Next Claim Reward: 11 Claim(s) (WEI): 0.000694295099973728 WETH (694295099973728 wei)
Next Claim Reward: 11 Claim(s) (USD): $2.13 ($2.125198837071043)

Net profit = (Gross Profit - Gas Cost [Avg])
$1.93 = ($2.13 - $0.2) $1.9281047170934715 = ($2.125198837071043 - $0.19709411997757123)


5b. 12 Claim(s):

Total gas cost: 12 Claim(s) (USD): $0.22 ($0.2152750920630713)

Claim Reward: 11 Claim(s) (WEI): 0.000694295099973728 WETH (694295099973728 wei)
Claim Reward: 11 Claim(s) (USD): $2.13 ($2.125198837071043)

Next Claim Reward: 12 Claim(s) (WEI): 0.000756948679204092 WETH (756948679204092 wei)
Next Claim Reward: 12 Claim(s) (USD): $2.32 ($2.3169779720868973)

Net profit = (Gross Profit - Gas Cost [Avg])
$2.1 = ($2.32 - $0.22) $2.1017028800238258 = ($2.3169779720868973 - $0.2152750920630713)


5b. 13 Claim(s):

Total gas cost: 13 Claim(s) (USD): $0.23 ($0.23345606414857137)

Claim Reward: 12 Claim(s) (WEI): 0.000756948679204092 WETH (756948679204092 wei)
Claim Reward: 12 Claim(s) (USD): $2.32 ($2.3169779720868973)

Next Claim Reward: 13 Claim(s) (WEI): 0.000819525310197997 WETH (819525310197997 wei)
Next Claim Reward: 13 Claim(s) (USD): $2.51 ($2.508521572813884)

Net profit = (Gross Profit - Gas Cost [Avg])
$2.28 = ($2.51 - $0.23) $2.2750655086653127 = ($2.508521572813884 - $0.23345606414857137)


5b. 14 Claim(s):

Total gas cost: 14 Claim(s) (USD): $0.25 ($0.2516370362340714)

Claim Reward: 13 Claim(s) (WEI): 0.000819525310197997 WETH (819525310197997 wei)
Claim Reward: 13 Claim(s) (USD): $2.51 ($2.508521572813884)

Next Claim Reward: 14 Claim(s) (WEI): 0.00088202508745974 WETH (882025087459740 wei)
Next Claim Reward: 14 Claim(s) (USD): $2.7 ($2.699829928524419)

Net profit = (Gross Profit - Gas Cost [Avg])
$2.45 = ($2.7 - $0.25) $2.4481928922903475 = ($2.699829928524419 - $0.2516370362340714)


5b. 15 Claim(s):

Total gas cost: 15 Claim(s) (USD): $0.27 ($0.2698180083195715)

Claim Reward: 14 Claim(s) (WEI): 0.00088202508745974 WETH (882025087459740 wei)
Claim Reward: 14 Claim(s) (USD): $2.7 ($2.699829928524419)

Next Claim Reward: 15 Claim(s) (WEI): 0.000944448105377505 WETH (944448105377505 wei)
Next Claim Reward: 15 Claim(s) (USD): $2.89 ($2.8909033281355048)

Net profit = (Gross Profit - Gas Cost [Avg])
$2.62 = ($2.89 - $0.27) $2.621085319815933 = ($2.8909033281355048 - $0.2698180083195715)


5b. 16 Claim(s):

Total gas cost: 16 Claim(s) (USD): $0.29 ($0.28799898040507155)

Claim Reward: 15 Claim(s) (WEI): 0.000944448105377505 WETH (944448105377505 wei)
Claim Reward: 15 Claim(s) (USD): $2.89 ($2.8909033281355048)

Next Claim Reward: 16 Claim(s) (WEI): 0.001006794458223584 WETH (1006794458223584 wei)
Next Claim Reward: 16 Claim(s) (USD): $3.08 ($3.0817420602094048)

Net profit = (Gross Profit - Gas Cost [Avg])
$2.79 = ($3.08 - $0.29) $2.793743079804333 = ($3.0817420602094048 - $0.28799898040507155)


5b. 17 Claim(s):

Total gas cost: 17 Claim(s) (USD): $0.31 ($0.3061799524905716)

Claim Reward: 16 Claim(s) (WEI): 0.001006794458223584 WETH (1006794458223584 wei)
Claim Reward: 16 Claim(s) (USD): $3.08 ($3.0817420602094048)

Next Claim Reward: 17 Claim(s) (WEI): 0.001069064240154498 WETH (1069064240154498 wei)
Next Claim Reward: 17 Claim(s) (USD): $3.27 ($3.272346412954014)

Net profit = (Gross Profit - Gas Cost [Avg])
$2.97 = ($3.27 - $0.31) $2.9661664604634423 = ($3.272346412954014 - $0.3061799524905716)


5b. 18 Claim(s):

Total gas cost: 18 Claim(s) (USD): $0.32 ($0.3243609245760717)

Claim Reward: 17 Claim(s) (WEI): 0.001069064240154498 WETH (1069064240154498 wei)
Claim Reward: 17 Claim(s) (USD): $3.27 ($3.272346412954014)

Next Claim Reward: 18 Claim(s) (WEI): 0.001131257545211106 WETH (1131257545211106 wei)
Next Claim Reward: 18 Claim(s) (USD): $3.46 ($3.4627166742231905)

Net profit = (Gross Profit - Gas Cost [Avg])
$3.14 = ($3.46 - $0.32) $3.138355749647119 = ($3.4627166742231905 - $0.3243609245760717)


5b. 19 Claim(s):

Total gas cost: 19 Claim(s) (USD): $0.34 ($0.34254189666157175)

Claim Reward: 18 Claim(s) (WEI): 0.001131257545211106 WETH (1131257545211106 wei)
Claim Reward: 18 Claim(s) (USD): $3.46 ($3.4627166742231905)

Next Claim Reward: 19 Claim(s) (WEI): 0.001193374467318778 WETH (1193374467318778 wei)
Next Claim Reward: 19 Claim(s) (USD): $3.65 ($3.6528531315172894)

Net profit = (Gross Profit - Gas Cost [Avg])
$3.31 = ($3.65 - $0.34) $3.3103112348557175 = ($3.6528531315172894 - $0.34254189666157175)


5b. 20 Claim(s):

Total gas cost: 20 Claim(s) (USD): $0.36 ($0.3607228687470718)

Claim Reward: 19 Claim(s) (WEI): 0.001193374467318778 WETH (1193374467318778 wei)
Claim Reward: 19 Claim(s) (USD): $3.65 ($3.6528531315172894)

Next Claim Reward: 20 Claim(s) (WEI): 0.00125541510028752 WETH (1255415100287520 wei)
Next Claim Reward: 20 Claim(s) (USD): $3.84 ($3.8427560719835427)

Net profit = (Gross Profit - Gas Cost [Avg])
$3.48 = ($3.84 - $0.36) $3.4820332032364707 = ($3.8427560719835427 - $0.3607228687470718)


5b. 21 Claim(s):

Total gas cost: 21 Claim(s) (USD): $0.38 ($0.3789038408325719)

Claim Reward: 20 Claim(s) (WEI): 0.00125541510028752 WETH (1255415100287520 wei)
Claim Reward: 20 Claim(s) (USD): $3.84 ($3.8427560719835427)

Next Claim Reward: 21 Claim(s) (WEI): 0.001317379537812156 WETH (1317379537812156 wei)
Next Claim Reward: 21 Claim(s) (USD): $4.03 ($4.032425782416614)

Net profit = (Gross Profit - Gas Cost [Avg])
$3.65 = ($4.03 - $0.38) $3.6535219415840423 = ($4.032425782416614 - $0.3789038408325719)


5b. 22 Claim(s):

Total gas cost: 22 Claim(s) (USD): $0.4 ($0.39708481291807196)

Claim Reward: 21 Claim(s) (WEI): 0.001317379537812156 WETH (1317379537812156 wei)
Claim Reward: 21 Claim(s) (USD): $4.03 ($4.032425782416614)

Next Claim Reward: 22 Claim(s) (WEI): 0.00137926787347239 WETH (1379267873472390 wei)
Next Claim Reward: 22 Claim(s) (USD): $4.22 ($4.221862549258795)

Net profit = (Gross Profit - Gas Cost [Avg])
$3.82 = ($4.22 - $0.4) $3.8247777363407227 = ($4.221862549258795 - $0.39708481291807196)


5b. 23 Claim(s):

Total gas cost: 23 Claim(s) (USD): $0.42 ($0.41526578500357203)

Claim Reward: 22 Claim(s) (WEI): 0.00137926787347239 WETH (1379267873472390 wei)
Claim Reward: 22 Claim(s) (USD): $4.22 ($4.221862549258795)

Next Claim Reward: 23 Claim(s) (WEI): 0.001441080200733028 WETH (1441080200733028 wei)
Next Claim Reward: 23 Claim(s) (USD): $4.41 ($4.411066658600678)

Net profit = (Gross Profit - Gas Cost [Avg])
$4 = ($4.41 - $0.42) $3.995800873597106 = ($4.411066658600678 - $0.41526578500357203)


5b. 24 Claim(s):

Total gas cost: 24 Claim(s) (USD): $0.43 ($0.4334467570890721)

Claim Reward: 23 Claim(s) (WEI): 0.001441080200733028 WETH (1441080200733028 wei)
Claim Reward: 23 Claim(s) (USD): $4.41 ($4.411066658600678)

Next Claim Reward: 24 Claim(s) (WEI): 0.001502816612944104 WETH (1502816612944104 wei)
Next Claim Reward: 24 Claim(s) (USD): $4.6 ($4.600038396181545)

Net profit = (Gross Profit - Gas Cost [Avg])
$4.17 = ($4.6 - $0.43) $4.166591639092473 = ($4.600038396181545 - $0.4334467570890721)


5b. 25 Claim(s):

Total gas cost: 25 Claim(s) (USD): $0.45 ($0.45162772917457217)

Claim Reward: 24 Claim(s) (WEI): 0.001502816612944104 WETH (1502816612944104 wei)
Claim Reward: 24 Claim(s) (USD): $4.6 ($4.600038396181545)

Next Claim Reward: 25 Claim(s) (WEI): 0.00156447720334095 WETH (1564477203340950 wei)
Next Claim Reward: 25 Claim(s) (USD): $4.79 ($4.788778047389583)

Net profit = (Gross Profit - Gas Cost [Avg])
$4.34 = ($4.79 - $0.45) $4.33715031821501 = ($4.788778047389583 - $0.45162772917457217)


5b. 26 Claim(s):

Total gas cost: 26 Claim(s) (USD): $0.47 ($0.46980870126007224)

Claim Reward: 25 Claim(s) (WEI): 0.00156447720334095 WETH (1564477203340950 wei)
Claim Reward: 25 Claim(s) (USD): $4.79 ($4.788778047389583)

Next Claim Reward: 26 Claim(s) (WEI): 0.00162606206504443 WETH (1626062065044430 wei)
Next Claim Reward: 26 Claim(s) (USD): $4.98 ($4.977285897262597)

Net profit = (Gross Profit - Gas Cost [Avg])
$4.51 = ($4.98 - $0.47) $4.507477196002524 = ($4.977285897262597 - $0.46980870126007224)


5b. 27 Claim(s):

Total gas cost: 27 Claim(s) (USD): $0.49 ($0.4879896733455723)

Claim Reward: 26 Claim(s) (WEI): 0.00162606206504443 WETH (1626062065044430 wei)
Claim Reward: 26 Claim(s) (USD): $4.98 ($4.977285897262597)

Next Claim Reward: 27 Claim(s) (WEI): 0.001687571291061036 WETH (1687571291061036 wei)
Next Claim Reward: 27 Claim(s) (USD): $5.17 ($5.165562230488306)

Net profit = (Gross Profit - Gas Cost [Avg])
$4.68 = ($5.17 - $0.49) $4.677572557142734 = ($5.165562230488306 - $0.4879896733455723)


5b. 28 Claim(s):

Total gas cost: 28 Claim(s) (USD): $0.51 ($0.5061706454310724)

Claim Reward: 27 Claim(s) (WEI): 0.001687571291061036 WETH (1687571291061036 wei)
Claim Reward: 27 Claim(s) (USD): $5.17 ($5.165562230488306)

Next Claim Reward: 28 Claim(s) (WEI): 0.001749004974283028 WETH (1749004974283028 wei)
Next Claim Reward: 28 Claim(s) (USD): $5.35 ($5.353607331404773)

Net profit = (Gross Profit - Gas Cost [Avg])
$4.85 = ($5.35 - $0.51) $4.847436685973701 = ($5.353607331404773 - $0.5061706454310724)


5b. 29 Claim(s):

Total gas cost: 29 Claim(s) (USD): $0.52 ($0.5243516175165724)

Claim Reward: 28 Claim(s) (WEI): 0.001749004974283028 WETH (1749004974283028 wei)
Claim Reward: 28 Claim(s) (USD): $5.35 ($5.353607331404773)

Next Claim Reward: 29 Claim(s) (WEI): 0.001810363207488603 WETH (1810363207488603 wei)
Next Claim Reward: 29 Claim(s) (USD): $5.54 ($5.541421484000919)

Net profit = (Gross Profit - Gas Cost [Avg])
$5.02 = ($5.54 - $0.52) $5.017069866484347 = ($5.541421484000919 - $0.5243516175165724)


5b. 30 Claim(s):

Total gas cost: 30 Claim(s) (USD): $0.54 ($0.5425325896020725)

Claim Reward: 29 Claim(s) (WEI): 0.001810363207488603 WETH (1810363207488603 wei)
Claim Reward: 29 Claim(s) (USD): $5.54 ($5.541421484000919)

Next Claim Reward: 30 Claim(s) (WEI): 0.00187164608334198 WETH (1871646083341980 wei)
Next Claim Reward: 30 Claim(s) (USD): $5.73 ($5.729004971916783)

Net profit = (Gross Profit - Gas Cost [Avg])
$5.19 = ($5.73 - $0.54) $5.186472382314711 = ($5.729004971916783 - $0.5425325896020725)

******************
5c. Profit/Loss (USD):

Net profit = (Gross Profit - Gas Cost [Max])
$5 = ($5.54 - $0.54) $4.9988888943988465 = ($5.541421484000919 - $0.5425325896020725)

Submitting transaction to claim 29 prize(s):

0x33335296c9b020ca3252e4953c11decfdce816b8-0xC677713b432c00E2fD10D92530700e8B60158e6F-4-158
0x33335296c9b020ca3252e4953c11decfdce816b8-0x79a3C789c0a65BFd8089aAC5DE91D83d15B6cE43-4-244
0x33335296c9b020ca3252e4953c11decfdce816b8-0xFfFf7897d64d4435ccD85a04Ce57f16D4E3a76DA-4-92
0x33335296c9b020ca3252e4953c11decfdce816b8-0x05B6631419AE273ffF021a39b824FDbcEB33f513-4-217
0x33335296c9b020ca3252e4953c11decfdce816b8-0x1d59D91A628A57D0EdEAC4401B3f2E3016b54CdF-4-49
0x33335296c9b020ca3252e4953c11decfdce816b8-0x9f2DB05078B4BEDF86396DF7Bd0E349eC1e7d7be-4-78
0x33335296c9b020ca3252e4953c11decfdce816b8-0xa58a1E54c2925992841F6Bd0891575D39c5cBFCa-4-57
0x33335296c9b020ca3252e4953c11decfdce816b8-0xAda0d6b2176a757a9cF1AE2354Aa53FA593c7B85-4-160
0x33335296c9b020ca3252e4953c11decfdce816b8-0x3fa38819e12f0bAA7907cea24ce024984f36a6fd-4-120
0x33335296c9b020ca3252e4953c11decfdce816b8-0x7adC635682b267Fc73669ce3D62a19C40343dd72-4-134
0x33335296c9b020ca3252e4953c11decfdce816b8-0xb1C3ed1455407D7296C0d587230eE6F34493EcdF-4-166
0x33335296c9b020ca3252e4953c11decfdce816b8-0x5f2f168472c6C778126d7f9957c82D1952b18f26-4-25
0x33335296c9b020ca3252e4953c11decfdce816b8-0x0CE4f0099CBad154f4a75F95407fBd1faeAf5fdE-4-141
0x33335296c9b020ca3252e4953c11decfdce816b8-0x56Df59007Df59162850Ab895fD41196a50f26C52-4-196
0x33335296c9b020ca3252e4953c11decfdce816b8-0x74f04f6c6978053E5f92498B84af0C23343Ec042-4-170
0x33335296c9b020ca3252e4953c11decfdce816b8-0x5149B2FB50bD2F0207FA6809023A569806bbAfa4-4-200
0x33335296c9b020ca3252e4953c11decfdce816b8-0xD874969ba9133f112AEdDc49b69865B418183206-4-89
0x33335296c9b020ca3252e4953c11decfdce816b8-0x4F5462Df122d085f311118BFb967586B29DDeC34-4-10
0x33335296c9b020ca3252e4953c11decfdce816b8-0x0Ebb987a69A90318a63755997337fE97D18Fe28e-4-67
0x33335296c9b020ca3252e4953c11decfdce816b8-0xf3bE3fee491517FcCA36a4E9e591D9590b799287-4-196
0x33335296c9b020ca3252e4953c11decfdce816b8-0x702fd945E84eFBe209fDE572658D79F66979CdaE-4-66
0x33335296c9b020ca3252e4953c11decfdce816b8-0xb4a5E5d33bADC6fdb9172AEeFBf2770246a6a623-4-71
0x33335296c9b020ca3252e4953c11decfdce816b8-0xcF7AFd27842E50b89FeAba75afb1C938e8F3b445-4-2
0x33335296c9b020ca3252e4953c11decfdce816b8-0xe99e307Ba69174d025c9A8969Dd992F7f5ef60fa-4-165
0x33335296c9b020ca3252e4953c11decfdce816b8-0x94197FE52470e141cA834dE31A5FFDA2D0C09F3d-4-61
0x33335296c9b020ca3252e4953c11decfdce816b8-0xD980d696e7dAF7b6c6a6e42eEa71FD2b2F31D276-4-1
0x33335296c9b020ca3252e4953c11decfdce816b8-0xb3AD04ee11Acf60df652785CBE9f95E9c63a6447-4-34
0x33335296c9b020ca3252e4953c11decfdce816b8-0xC0850f2C53D58205356E058A89fd88F303d15C82-4-236
0x33335296c9b020ca3252e4953c11decfdce816b8-0x493e92fE2D682cA2703217847343B938211ea97E-4-217



Execute Claim Transaction for Tier #4



Transaction sent! ✔
Transaction hash: 0x3179dff4964b5cfde1e14f8b36290cbdbbd0ebe1e0a0c7c669ece04604539a66
Waiting on transaction to be confirmed ...
Tx confirmed !




******************
Processing:
Vault:     0x7fad91a4a29109303188d8758f1a9d60ce988349
Tier:      #4
# prizes:  136

5a. Calculating # of profitable claims ...

Native (Gas) Token ETH Market Rate (USD): $3073.91

Estimated gas limit (wei) (1 prize claim): 0.000000000000218301 ETH (218301 wei)
Estimated gas limit (wei) (2 prize claims): 0.000000000000328249 ETH (328249 wei)

Gas Cost: First Claim (wei): 0.000000000000218301 ETH (218301 wei)
Gas Cost: Each Following Claim (wei): 0.000000000000109948 ETH (109948 wei)

Gas Cost: First Claim (USD): $0.02 $0.015281475923058015
Gas Cost: Each Following Claim (USD): $0.02 $0.018284002518176072

5b. 1 Claim(s):

Total gas cost: 1 Claim(s) (USD): $0.02 ($0.015281475923058015)

Next Claim Reward: 1 Claim(s) (WEI): 0.000061734894861455 WETH (61734894861455 wei)
Next Claim Reward: 1 Claim(s) (USD): $0.19 ($0.18896709305773843)

Net profit = (Gross Profit - Gas Cost [Avg])
$0.17 = ($0.19 - $0.02) $0.17368561713468042 = ($0.18896709305773843 - $0.015281475923058015)


5b. 2 Claim(s):

Total gas cost: 2 Claim(s) (USD): $0.03 ($0.03356547844123409)

Claim Reward: 1 Claim(s) (WEI): 0.000061734894861455 WETH (61734894861455 wei)
Claim Reward: 1 Claim(s) (USD): $0.19 ($0.18896709305773843)

Next Claim Reward: 2 Claim(s) (WEI): 0.000123393969772232 WETH (123393969772232 wei)
Next Claim Reward: 2 Claim(s) (USD): $0.38 ($0.3777021054468767)

Net profit = (Gross Profit - Gas Cost [Avg])
$0.34 = ($0.38 - $0.03) $0.3441366270056426 = ($0.3777021054468767 - $0.03356547844123409)


5b. 3 Claim(s):

Total gas cost: 3 Claim(s) (USD): $0.05 ($0.05184948095941016)

Claim Reward: 2 Claim(s) (WEI): 0.000123393969772232 WETH (123393969772232 wei)
Claim Reward: 2 Claim(s) (USD): $0.38 ($0.3777021054468767)

Next Claim Reward: 3 Claim(s) (WEI): 0.000184977317850897 WETH (184977317850897 wei)
Next Claim Reward: 3 Claim(s) (USD): $0.57 ($0.5662053221981868)

Net profit = (Gross Profit - Gas Cost [Avg])
$0.51 = ($0.57 - $0.05) $0.5143558412387766 = ($0.5662053221981868 - $0.05184948095941016)


5b. 4 Claim(s):

Total gas cost: 4 Claim(s) (USD): $0.07 ($0.07013348347758623)

Claim Reward: 3 Claim(s) (WEI): 0.000184977317850897 WETH (184977317850897 wei)
Claim Reward: 3 Claim(s) (USD): $0.57 ($0.5662053221981868)

Next Claim Reward: 4 Claim(s) (WEI): 0.000246485032101652 WETH (246485032101652 wei)
Next Claim Reward: 4 Claim(s) (USD): $0.75 ($0.7544770279923784)

Net profit = (Gross Profit - Gas Cost [Avg])
$0.68 = ($0.75 - $0.07) $0.6843435445147922 = ($0.7544770279923784 - $0.07013348347758623)


5b. 5 Claim(s):

Total gas cost: 5 Claim(s) (USD): $0.09 ($0.0884174859957623)

Claim Reward: 4 Claim(s) (WEI): 0.000246485032101652 WETH (246485032101652 wei)
Claim Reward: 4 Claim(s) (USD): $0.75 ($0.7544770279923784)

Next Claim Reward: 5 Claim(s) (WEI): 0.00030791720541448 WETH (307917205414480 wei)
Next Claim Reward: 5 Claim(s) (USD): $0.94 ($0.9425175071605433)

Net profit = (Gross Profit - Gas Cost [Avg])
$0.85 = ($0.94 - $0.09) $0.854100021164781 = ($0.9425175071605433 - $0.0884174859957623)


5b. 6 Claim(s):

Total gas cost: 6 Claim(s) (USD): $0.11 ($0.10670148851393838)

Claim Reward: 5 Claim(s) (WEI): 0.00030791720541448 WETH (307917205414480 wei)
Claim Reward: 5 Claim(s) (USD): $0.94 ($0.9425175071605433)

Next Claim Reward: 6 Claim(s) (WEI): 0.000369273930565278 WETH (369273930565278 wei)
Next Claim Reward: 6 Claim(s) (USD): $1.13 ($1.1303270436845625)

Net profit = (Gross Profit - Gas Cost [Avg])
$1.02 = ($1.13 - $0.11) $1.0236255551706241 = ($1.1303270436845625 - $0.10670148851393838)


5b. 7 Claim(s):

Total gas cost: 7 Claim(s) (USD): $0.12 ($0.12498549103211445)

Claim Reward: 6 Claim(s) (WEI): 0.000369273930565278 WETH (369273930565278 wei)
Claim Reward: 6 Claim(s) (USD): $1.13 ($1.1303270436845625)

Next Claim Reward: 7 Claim(s) (WEI): 0.000430555300215992 WETH (430555300215992 wei)
Next Claim Reward: 7 Claim(s) (USD): $1.32 ($1.3179059211975195)

Net profit = (Gross Profit - Gas Cost [Avg])
$1.19 = ($1.32 - $0.12) $1.192920430165405 = ($1.3179059211975195 - $0.12498549103211445)


5b. 8 Claim(s):

Total gas cost: 8 Claim(s) (USD): $0.14 ($0.1432694935502905)

Claim Reward: 7 Claim(s) (WEI): 0.000430555300215992 WETH (430555300215992 wei)
Claim Reward: 7 Claim(s) (USD): $1.32 ($1.3179059211975195)

Next Claim Reward: 8 Claim(s) (WEI): 0.000491761406914776 WETH (491761406914776 wei)
Next Claim Reward: 8 Claim(s) (USD): $1.51 ($1.5052544229841862)

Net profit = (Gross Profit - Gas Cost [Avg])
$1.36 = ($1.51 - $0.14) $1.3619849294338957 = ($1.5052544229841862 - $0.1432694935502905)


5b. 9 Claim(s):

Total gas cost: 9 Claim(s) (USD): $0.16 ($0.16155349606846658)

Claim Reward: 8 Claim(s) (WEI): 0.000491761406914776 WETH (491761406914776 wei)
Claim Reward: 8 Claim(s) (USD): $1.51 ($1.5052544229841862)

Next Claim Reward: 9 Claim(s) (WEI): 0.000552892343096115 WETH (552892343096115 wei)
Next Claim Reward: 9 Claim(s) (USD): $1.69 ($1.6923728319814004)

Net profit = (Gross Profit - Gas Cost [Avg])
$1.53 = ($1.69 - $0.16) $1.5308193359129338 = ($1.6923728319814004 - $0.16155349606846658)


5b. 10 Claim(s):

Total gas cost: 10 Claim(s) (USD): $0.18 ($0.17983749858664266)

Claim Reward: 9 Claim(s) (WEI): 0.000552892343096115 WETH (552892343096115 wei)
Claim Reward: 9 Claim(s) (USD): $1.69 ($1.6923728319814004)

Next Claim Reward: 10 Claim(s) (WEI): 0.00061394820108097 WETH (613948201080970 wei)
Next Claim Reward: 10 Claim(s) (USD): $1.88 ($1.8792614307785092)

Net profit = (Gross Profit - Gas Cost [Avg])
$1.7 = ($1.88 - $0.18) $1.6994239321918665 = ($1.8792614307785092 - $0.17983749858664266)


5b. 11 Claim(s):

Total gas cost: 11 Claim(s) (USD): $0.2 ($0.19812150110481874)

Claim Reward: 10 Claim(s) (WEI): 0.00061394820108097 WETH (613948201080970 wei)
Claim Reward: 10 Claim(s) (USD): $1.88 ($1.8792614307785092)

Next Claim Reward: 11 Claim(s) (WEI): 0.000674929073076918 WETH (674929073076918 wei)
Next Claim Reward: 11 Claim(s) (USD): $2.07 ($2.0659205016177973)

Net profit = (Gross Profit - Gas Cost [Avg])
$1.87 = ($2.07 - $0.2) $1.8677990005129785 = ($2.0659205016177973 - $0.19812150110481874)


5b. 12 Claim(s):

Total gas cost: 12 Claim(s) (USD): $0.22 ($0.2164055036229948)

Claim Reward: 11 Claim(s) (WEI): 0.000674929073076918 WETH (674929073076918 wei)
Claim Reward: 11 Claim(s) (USD): $2.07 ($2.0659205016177973)

Next Claim Reward: 12 Claim(s) (WEI): 0.000735835051178304 WETH (735835051178304 wei)
Next Claim Reward: 12 Claim(s) (USD): $2.25 ($2.252350326394953)

Net profit = (Gross Profit - Gas Cost [Avg])
$2.04 = ($2.25 - $0.22) $2.0359448227719583 = ($2.252350326394953 - $0.2164055036229948)


5b. 13 Claim(s):

Total gas cost: 13 Claim(s) (USD): $0.23 ($0.23468950614117087)

Claim Reward: 12 Claim(s) (WEI): 0.000735835051178304 WETH (735835051178304 wei)
Claim Reward: 12 Claim(s) (USD): $2.25 ($2.252350326394953)

Next Claim Reward: 13 Claim(s) (WEI): 0.000796666227366347 WETH (796666227366347 wei)
Next Claim Reward: 13 Claim(s) (USD): $2.44 ($2.438551186659392)

Net profit = (Gross Profit - Gas Cost [Avg])
$2.2 = ($2.44 - $0.23) $2.203861680518221 = ($2.438551186659392 - $0.23468950614117087)


5b. 14 Claim(s):

Total gas cost: 14 Claim(s) (USD): $0.25 ($0.252973508659347)

Claim Reward: 13 Claim(s) (WEI): 0.000796666227366347 WETH (796666227366347 wei)
Claim Reward: 13 Claim(s) (USD): $2.44 ($2.438551186659392)

Next Claim Reward: 14 Claim(s) (WEI): 0.000857422693509312 WETH (857422693509312 wei)
Next Claim Reward: 14 Claim(s) (USD): $2.62 ($2.6245233636147836)

Net profit = (Gross Profit - Gas Cost [Avg])
$2.37 = ($2.62 - $0.25) $2.3715498549554366 = ($2.6245233636147836 - $0.252973508659347)


5b. 15 Claim(s):

Total gas cost: 15 Claim(s) (USD): $0.27 ($0.271257511177523)

Claim Reward: 14 Claim(s) (WEI): 0.000857422693509312 WETH (857422693509312 wei)
Claim Reward: 14 Claim(s) (USD): $2.62 ($2.6245233636147836)

Next Claim Reward: 15 Claim(s) (WEI): 0.00091810454136261 WETH (918104541362610 wei)
Next Claim Reward: 15 Claim(s) (USD): $2.81 ($2.8102671381193574)

Net profit = (Gross Profit - Gas Cost [Avg])
$2.54 = ($2.81 - $0.27) $2.5390096269418345 = ($2.8102671381193574 - $0.271257511177523)


5b. 16 Claim(s):

Total gas cost: 16 Claim(s) (USD): $0.29 ($0.2895415136956991)

Claim Reward: 15 Claim(s) (WEI): 0.00091810454136261 WETH (918104541362610 wei)
Claim Reward: 15 Claim(s) (USD): $2.81 ($2.8102671381193574)

Next Claim Reward: 16 Claim(s) (WEI): 0.000978711862569024 WETH (978711862569024 wei)
Next Claim Reward: 16 Claim(s) (USD): $3 ($2.995782790686596)

Net profit = (Gross Profit - Gas Cost [Avg])
$2.71 = ($3 - $0.29) $2.706241276990897 = ($2.995782790686596 - $0.2895415136956991)


5b. 17 Claim(s):

Total gas cost: 17 Claim(s) (USD): $0.31 ($0.30782551621387516)

Claim Reward: 16 Claim(s) (WEI): 0.000978711862569024 WETH (978711862569024 wei)
Claim Reward: 16 Claim(s) (USD): $3 ($2.995782790686596)

Next Claim Reward: 17 Claim(s) (WEI): 0.001039244748658699 WETH (1039244748658699 wei)
Next Claim Reward: 17 Claim(s) (USD): $3.18 ($3.1810706014852017)

Net profit = (Gross Profit - Gas Cost [Avg])
$2.87 = ($3.18 - $0.31) $2.8732450852713267 = ($3.1810706014852017 - $0.30782551621387516)


5b. 18 Claim(s):

Total gas cost: 18 Claim(s) (USD): $0.33 ($0.32610951873205124)

Claim Reward: 17 Claim(s) (WEI): 0.001039244748658699 WETH (1039244748658699 wei)
Claim Reward: 17 Claim(s) (USD): $3.18 ($3.1810706014852017)

Next Claim Reward: 18 Claim(s) (WEI): 0.001099703291049432 WETH (1099703291049432 wei)
Next Claim Reward: 18 Claim(s) (USD): $3.37 ($3.366130850339987)

Net profit = (Gross Profit - Gas Cost [Avg])
$3.04 = ($3.37 - $0.33) $3.0400213316079356 = ($3.366130850339987 - $0.32610951873205124)


5b. 19 Claim(s):

Total gas cost: 19 Claim(s) (USD): $0.34 ($0.3443935212502273)

Claim Reward: 18 Claim(s) (WEI): 0.001099703291049432 WETH (1099703291049432 wei)
Claim Reward: 18 Claim(s) (USD): $3.37 ($3.366130850339987)

Next Claim Reward: 19 Claim(s) (WEI): 0.001160087581046737 WETH (1160087581046737 wei)
Next Claim Reward: 19 Claim(s) (USD): $3.55 ($3.5509638167320716)

Net profit = (Gross Profit - Gas Cost [Avg])
$3.21 = ($3.55 - $0.34) $3.2065702954818445 = ($3.5509638167320716 - $0.3443935212502273)


5b. 20 Claim(s):

Total gas cost: 20 Claim(s) (USD): $0.36 ($0.3626775237684034)

Claim Reward: 19 Claim(s) (WEI): 0.001160087581046737 WETH (1160087581046737 wei)
Claim Reward: 19 Claim(s) (USD): $3.55 ($3.5509638167320716)

Next Claim Reward: 20 Claim(s) (WEI): 0.00122039770984398 WETH (1220397709843980 wei)
Next Claim Reward: 20 Claim(s) (USD): $3.74 ($3.7355697797992975)

Net profit = (Gross Profit - Gas Cost [Avg])
$3.37 = ($3.74 - $0.36) $3.372892256030894 = ($3.7355697797992975 - $0.3626775237684034)


5b. 21 Claim(s):

Total gas cost: 21 Claim(s) (USD): $0.38 ($0.3809615262865795)

Claim Reward: 20 Claim(s) (WEI): 0.00122039770984398 WETH (1220397709843980 wei)
Claim Reward: 20 Claim(s) (USD): $3.74 ($3.7355697797992975)

Next Claim Reward: 21 Claim(s) (WEI): 0.001280633768522493 WETH (1280633768522493 wei)
Next Claim Reward: 21 Claim(s) (USD): $3.92 ($3.919949018336575)

Net profit = (Gross Profit - Gas Cost [Avg])
$3.54 = ($3.92 - $0.38) $3.5389874920499955 = ($3.919949018336575 - $0.3809615262865795)


5b. 22 Claim(s):

Total gas cost: 22 Claim(s) (USD): $0.4 ($0.3992455288047555)

Claim Reward: 21 Claim(s) (WEI): 0.001280633768522493 WETH (1280633768522493 wei)
Claim Reward: 21 Claim(s) (USD): $3.92 ($3.919949018336575)

Next Claim Reward: 22 Claim(s) (WEI): 0.001340795848051814 WETH (1340795848051814 wei)
Next Claim Reward: 22 Claim(s) (USD): $4.1 ($4.10410181079662)

Net profit = (Gross Profit - Gas Cost [Avg])
$3.7 = ($4.1 - $0.4) $3.7048562819918645 = ($4.10410181079662 - $0.3992455288047555)


5b. 23 Claim(s):

Total gas cost: 23 Claim(s) (USD): $0.42 ($0.4175295313229316)

Claim Reward: 22 Claim(s) (WEI): 0.001340795848051814 WETH (1340795848051814 wei)
Claim Reward: 22 Claim(s) (USD): $4.1 ($4.10410181079662)

Next Claim Reward: 23 Claim(s) (WEI): 0.001400884039289704 WETH (1400884039289704 wei)
Next Claim Reward: 23 Claim(s) (USD): $4.29 ($4.288028435290006)

Net profit = (Gross Profit - Gas Cost [Avg])
$3.87 = ($4.29 - $0.42) $3.870498903967075 = ($4.288028435290006 - $0.4175295313229316)


5b. 24 Claim(s):

Total gas cost: 24 Claim(s) (USD): $0.44 ($0.43581353384110766)

Claim Reward: 23 Claim(s) (WEI): 0.001400884039289704 WETH (1400884039289704 wei)
Claim Reward: 23 Claim(s) (USD): $4.29 ($4.288028435290006)

Next Claim Reward: 24 Claim(s) (WEI): 0.001460898432982368 WETH (1460898432982368 wei)
Next Claim Reward: 24 Claim(s) (USD): $4.47 ($4.471729169585841)

Net profit = (Gross Profit - Gas Cost [Avg])
$4.04 = ($4.47 - $0.44) $4.035915635744733 = ($4.471729169585841 - $0.43581353384110766)


5b. 25 Claim(s):

Total gas cost: 25 Claim(s) (USD): $0.45 ($0.45409753635928374)

Claim Reward: 24 Claim(s) (WEI): 0.001460898432982368 WETH (1460898432982368 wei)
Claim Reward: 24 Claim(s) (USD): $4.47 ($4.471729169585841)

Next Claim Reward: 25 Claim(s) (WEI): 0.001520839119764525 WETH (1520839119764525 wei)
Next Claim Reward: 25 Claim(s) (USD): $4.66 ($4.655204291111976)

Net profit = (Gross Profit - Gas Cost [Avg])
$4.2 = ($4.66 - $0.45) $4.201106754752692 = ($4.655204291111976 - $0.45409753635928374)


5b. 26 Claim(s):

Total gas cost: 26 Claim(s) (USD): $0.47 ($0.4723815388774598)

Claim Reward: 25 Claim(s) (WEI): 0.001520839119764525 WETH (1520839119764525 wei)
Claim Reward: 25 Claim(s) (USD): $4.66 ($4.655204291111976)

Next Claim Reward: 26 Claim(s) (WEI): 0.001580706190159642 WETH (1580706190159642 wei)
Next Claim Reward: 26 Claim(s) (USD): $4.84 ($4.838454076955729)

Net profit = (Gross Profit - Gas Cost [Avg])
$4.37 = ($4.84 - $0.47) $4.36607253807827 = ($4.838454076955729 - $0.4723815388774598)


5b. 27 Claim(s):

Total gas cost: 27 Claim(s) (USD): $0.49 ($0.4906655413956359)

Claim Reward: 26 Claim(s) (WEI): 0.001580706190159642 WETH (1580706190159642 wei)
Claim Reward: 26 Claim(s) (USD): $4.84 ($4.838454076955729)

Next Claim Reward: 27 Claim(s) (WEI): 0.001640499734579922 WETH (1640499734579922 wei)
Next Claim Reward: 27 Claim(s) (USD): $5.02 ($5.021478803863845)

Net profit = (Gross Profit - Gas Cost [Avg])
$4.53 = ($5.02 - $0.49) $4.530813262468209 = ($5.021478803863845 - $0.4906655413956359)


5b. 28 Claim(s):

Total gas cost: 28 Claim(s) (USD): $0.51 ($0.508949543913812)

Claim Reward: 27 Claim(s) (WEI): 0.001640499734579922 WETH (1640499734579922 wei)
Claim Reward: 27 Claim(s) (USD): $5.02 ($5.021478803863845)

Next Claim Reward: 28 Claim(s) (WEI): 0.00170021984332662 WETH (1700219843326620 wei)
Next Claim Reward: 28 Claim(s) (USD): $5.2 ($5.204278748243463)

Net profit = (Gross Profit - Gas Cost [Avg])
$4.7 = ($5.2 - $0.51) $4.695329204329651 = ($5.204278748243463 - $0.508949543913812)


5b. 29 Claim(s):

Total gas cost: 29 Claim(s) (USD): $0.53 ($0.527233546431988)

Claim Reward: 28 Claim(s) (WEI): 0.00170021984332662 WETH (1700219843326620 wei)
Claim Reward: 28 Claim(s) (USD): $5.2 ($5.204278748243463)

Next Claim Reward: 29 Claim(s) (WEI): 0.001759866606590024 WETH (1759866606590024 wei)
Next Claim Reward: 29 Claim(s) (USD): $5.39 ($5.386854186162058)

Net profit = (Gross Profit - Gas Cost [Avg])
$4.86 = ($5.39 - $0.53) $4.859620639730069 = ($5.386854186162058 - $0.527233546431988)


5b. 30 Claim(s):

Total gas cost: 30 Claim(s) (USD): $0.55 ($0.5455175489501641)

Claim Reward: 29 Claim(s) (WEI): 0.001759866606590024 WETH (1759866606590024 wei)
Claim Reward: 29 Claim(s) (USD): $5.39 ($5.386854186162058)

Next Claim Reward: 30 Claim(s) (WEI): 0.00181944011444967 WETH (1819440114449670 wei)
Next Claim Reward: 30 Claim(s) (USD): $5.57 ($5.569205393348099)

Net profit = (Gross Profit - Gas Cost [Avg])
$5.02 = ($5.57 - $0.55) $5.023687844397935 = ($5.569205393348099 - $0.5455175489501641)

******************
5c. Profit/Loss (USD):

Net profit = (Gross Profit - Gas Cost [Max])
$4.84 = ($5.39 - $0.55) $4.841336637211894 = ($5.386854186162058 - $0.5455175489501641)

Submitting transaction to claim 29 prize(s):

0x7fad91a4a29109303188d8758f1a9d60ce988349-0x261ea74801481c9aA744F22dc67b78Ce0908e9f2-4-232
0x7fad91a4a29109303188d8758f1a9d60ce988349-0x9f1eA2F72A28Dc4F5e2a8cD5d7630f67AC653aba-4-209
0x7fad91a4a29109303188d8758f1a9d60ce988349-0xc897b75C234F339E705beCD69040d3e327964730-4-250
0x7fad91a4a29109303188d8758f1a9d60ce988349-0x38E4fA4b46ae9F302db15cD24c410A13FD588862-4-230
0x7fad91a4a29109303188d8758f1a9d60ce988349-0x26E1346a8152c98E8423049570c3cf8Ba2DC318B-4-66
0x7fad91a4a29109303188d8758f1a9d60ce988349-0x66aB5692c1807500f4Baf80619bDe1729655bdb9-4-39
0x7fad91a4a29109303188d8758f1a9d60ce988349-0x668DD6E695b6fC24bF04AB2Fe28BC8eCecEcfA73-4-242
0x7fad91a4a29109303188d8758f1a9d60ce988349-0x1E68E59C2f85D2932Dd7a2665316Cd73de435D79-4-29
0x7fad91a4a29109303188d8758f1a9d60ce988349-0x807748B87486EA9FB5F1B85D1Da1695c69F3b2D9-4-67
0x7fad91a4a29109303188d8758f1a9d60ce988349-0x03695980F40836470FD9640e046F63d32400bdEC-4-73
0x7fad91a4a29109303188d8758f1a9d60ce988349-0x0c2C6d58C95E5268db8932Ed0B71E0F4828737EF-4-144
0x7fad91a4a29109303188d8758f1a9d60ce988349-0xf8BB312207fdFb776699d03268f84954976209E8-4-25
0x7fad91a4a29109303188d8758f1a9d60ce988349-0x08779ebD887ef9E377560CbacFC9ca9611F76E82-4-91
0x7fad91a4a29109303188d8758f1a9d60ce988349-0x55d40Da62079a4b557D00375Ee20D96b909F6770-4-237
0x7fad91a4a29109303188d8758f1a9d60ce988349-0x2A353267A36eE7875f172Ed92dBb22f39E63F6bd-4-181
0x7fad91a4a29109303188d8758f1a9d60ce988349-0x1eA0eF92F3eEf433F6A3c94442103c486064958D-4-59
0x7fad91a4a29109303188d8758f1a9d60ce988349-0x3005d2a06f232004515934426F94f8A7F0974Eb6-4-147
0x7fad91a4a29109303188d8758f1a9d60ce988349-0x3cB7bAB2357418bE17C44bddbcb87AAef9d4595d-4-187
0x7fad91a4a29109303188d8758f1a9d60ce988349-0x83EE58591d3E9A9ceEBDA6b77608BD6c4677AcF7-4-199
0x7fad91a4a29109303188d8758f1a9d60ce988349-0x83EE58591d3E9A9ceEBDA6b77608BD6c4677AcF7-4-235
0x7fad91a4a29109303188d8758f1a9d60ce988349-0x9c0c66BB36a50a2b25D7Bf4Fc257bc50ded10FAA-4-47
0x7fad91a4a29109303188d8758f1a9d60ce988349-0xE81da592F64d1E474c69b8B99693027b8F069E41-4-151
0x7fad91a4a29109303188d8758f1a9d60ce988349-0xE4B8bc6333C42A6c63666E3174178af6DFdC5c85-4-11
0x7fad91a4a29109303188d8758f1a9d60ce988349-0x1D0dcBaCef436A1924fE8A2aCa7706dB4b441AA2-4-159
0x7fad91a4a29109303188d8758f1a9d60ce988349-0xC989D170f816504a5C94A453F87C3c9f11567d2B-4-131
0x7fad91a4a29109303188d8758f1a9d60ce988349-0xAfE71D952160cFbF9a66dE97261CB2e472f5ba2B-4-244
0x7fad91a4a29109303188d8758f1a9d60ce988349-0x58A02e8E3EC28cdD81A91617Cd0f3CEbebA8A2dB-4-94
0x7fad91a4a29109303188d8758f1a9d60ce988349-0xe4aDd5DF0327b0259A115C22ec98EA5C37C19aeE-4-101
0x7fad91a4a29109303188d8758f1a9d60ce988349-0xd07468a7699ab341966c0141328f3358DCC0Fabc-4-253



Execute Claim Transaction for Tier #4



Transaction sent! ✔
Transaction hash: 0xa39901e19f99edc8b5b6f886f8012d4cf8a837fb4a0422a798ba7da0302bdcdc
Waiting on transaction to be confirmed ...
Tx confirmed !




******************
Processing:
Vault:     0x33335296c9b020ca3252e4953c11decfdce816b8
Tier:      #5 (Canary tier)
# prizes:  392

5a. Calculating # of profitable claims ...

Native (Gas) Token ETH Market Rate (USD): $3073.91

Estimated gas limit (wei) (1 prize claim): 0.000000000000185397 ETH (185397 wei)
Estimated gas limit (wei) (2 prize claims): 0.000000000000266108 ETH (266108 wei)

Gas Cost: First Claim (wei): 0.000000000000185397 ETH (185397 wei)
Gas Cost: Each Following Claim (wei): 0.000000000000080711 ETH (80711 wei)

Gas Cost: First Claim (USD): $0.01 $0.013556952060960354
Gas Cost: Each Following Claim (USD): $0.02 $0.016244600392669447

5b. 1 Claim(s):

Total gas cost: 1 Claim(s) (USD): $0.01 ($0.013556952060960354)

Next Claim Reward: 1 Claim(s) (WEI): 0.000012501607899857 WETH (12501607899857 wei)
Next Claim Reward: 1 Claim(s) (USD): $0.04 ($0.03826672919238462)

Net profit = (Gross Profit - Gas Cost [Avg])
$0.02 = ($0.04 - $0.01) $0.02470977713142427 = ($0.03826672919238462 - $0.013556952060960354)

******************
5c. Profit/Loss (USD):

Net profit = (Gross Profit - Gas Cost [Max])
$-0.01 = ($0 - $0.01) $-0.013556952060960354 = ($0 - $0.013556952060960354)

Claiming tier #5 (Canary tier) currently not profitable.
Not profitable to claim for Draw #23, Tier: #5 (Canary tier)




******************
Processing:
Vault:     0x75b2f4b3ec5adf7077f928992524cc547e74f768
Tier:      #5 (Canary tier)
# prizes:  50

Tier #5 (Canary tier) not profitable, skipping ...





******************
Processing:
Vault:     0x7fad91a4a29109303188d8758f1a9d60ce988349
Tier:      #5 (Canary tier)
# prizes:  577

Tier #5 (Canary tier) not profitable, skipping ...





******************
Processing:
Vault:     0x33335296c9b020ca3252e4953c11decfdce816b8
Tier:      #6 (Canary tier)
# prizes:  1596

Tier #6 (Canary tier) not profitable, skipping ...





******************
Processing:
Vault:     0x75b2f4b3ec5adf7077f928992524cc547e74f768
Tier:      #6 (Canary tier)
# prizes:  225

Tier #6 (Canary tier) not profitable, skipping ...





******************
Processing:
Vault:     0x7fad91a4a29109303188d8758f1a9d60ce988349
Tier:      #6 (Canary tier)
# prizes:  2392

Tier #6 (Canary tier) not profitable, skipping ...

