Operating on: 11155420 - Optimism Sepolia

Config - REWARD_RECIPIENT not provided, setting swap recipient to relayer address: 0x06003274c3a7926c04cA8d6903cc691fE8f3CEC2
Config - MIN_PROFIT_THRESHOLD_USD: -0.1

Starting ...
Getting prize pool info ...
Getting prize context ...

******************
1. Prize token: WETH

┌────────────┬──────────────────────────────────────────────┬──────────┬─────────────────┬────────┬──────────────┐
│ (index)    │ address                                      │ decimals │ name            │ symbol │ assetRateUsd │
├────────────┼──────────────────────────────────────────────┼──────────┼─────────────────┼────────┼──────────────┤
│ prizeToken │ '0xC355F97a3Aa2808Acb536E555764b8FB26fB4b37' │ 18       │ 'Wrapped Ether' │ 'WETH' │ 3246.5566    │
└────────────┴──────────────────────────────────────────────┴──────────┴─────────────────┴────────┴──────────────┘
┌─────────┬──────────┬───────────────────────────────┐
│ (index) │ numTiers │ tiersRangeArray               │
├─────────┼──────────┼───────────────────────────────┤
│ tiers   │ 6        │ [ 0, 1, 2, ... 3 more items ] │
└─────────┴──────────┴───────────────────────────────┘
Draw ID: 5
Prize Token WETH MarketRate USD:  $3246.5566

******************
Getting prize vaults ...
Found 6 prize vaults.

190 prizes already claimed for draw #5.
1136 prizes remaining to be claimed...




******************
Processing:
Vault:     0x33335296c9b020ca3252e4953c11decfdce816b8
Tier:      #3
# prizes:  8

5a. Calculating # of profitable claims ...

Native (Gas) Token ETH Market Rate (USD): $3242.22

Estimated gas limit (wei) (1 prize claim): 0.000000000000218907 ETH (218907 wei)
Estimated gas limit (wei) (2 prize claims): 0.000000000000320644 ETH (320644 wei)

Gas Cost: First Claim (wei): 0.000000000000218907 ETH (218907 wei)
Gas Cost: Each Following Claim (wei): 0.000000000000101737 ETH (101737 wei)

Gas Cost: First Claim (USD): $0.02 $0.018740619415147413
Gas Cost: Each Following Claim (USD): $0.02 $0.022477230004040675

5b. 1 Claim(s):

Total gas cost: 1 Claim(s) (USD): $0.02 ($0.018740619415147413)

Next Claim Reward: 1 Claim(s) (WEI): 0.00005175715903498 WETH (51757159034980 wei)
Next Claim Reward: 1 Claim(s) (USD): $0.17 ($0.16803254626226394)

Net profit = (Gross Profit - Gas Cost [Avg])
$0.15 = ($0.17 - $0.02) $0.14929192684711654 = ($0.16803254626226394 - $0.018740619415147413)


5b. 2 Claim(s):

Total gas cost: 2 Claim(s) (USD): $0.04 ($0.04121784941918809)

Claim Reward: 1 Claim(s) (WEI): 0.00005175715903498 WETH (51757159034980 wei)
Claim Reward: 1 Claim(s) (USD): $0.17 ($0.16803254626226394)

Next Claim Reward: 2 Claim(s) (WEI): 0.000103267789033548 WETH (103267789033548 wei)
Next Claim Reward: 2 Claim(s) (USD): $0.34 ($0.3352647220542729)

Net profit = (Gross Profit - Gas Cost [Avg])
$0.29 = ($0.34 - $0.04) $0.2940468726350848 = ($0.3352647220542729 - $0.04121784941918809)


5b. 3 Claim(s):

Total gas cost: 3 Claim(s) (USD): $0.06 ($0.06369507942322876)

Claim Reward: 2 Claim(s) (WEI): 0.000103267789033548 WETH (103267789033548 wei)
Claim Reward: 2 Claim(s) (USD): $0.34 ($0.3352647220542729)

Next Claim Reward: 3 Claim(s) (WEI): 0.000154533064259649 WETH (154533064259649 wei)
Next Claim Reward: 3 Claim(s) (USD): $0.5 ($0.5017003396903875)

Net profit = (Gross Profit - Gas Cost [Avg])
$0.44 = ($0.5 - $0.06) $0.43800526026715875 = ($0.5017003396903875 - $0.06369507942322876)


5b. 4 Claim(s):

Total gas cost: 4 Claim(s) (USD): $0.09 ($0.08617230942726944)

Claim Reward: 3 Claim(s) (WEI): 0.000154533064259649 WETH (154533064259649 wei)
Claim Reward: 3 Claim(s) (USD): $0.5 ($0.5017003396903875)

Next Claim Reward: 4 Claim(s) (WEI): 0.000205554153383992 WETH (205554153383992 wei)
Next Claim Reward: 4 Claim(s) (USD): $0.67 ($0.6673431933262115)

Net profit = (Gross Profit - Gas Cost [Avg])
$0.58 = ($0.67 - $0.09) $0.581170883898942 = ($0.6673431933262115 - $0.08617230942726944)


5b. 5 Claim(s):

Total gas cost: 5 Claim(s) (USD): $0.11 ($0.10864953943131012)

Claim Reward: 4 Claim(s) (WEI): 0.000205554153383992 WETH (205554153383992 wei)
Claim Reward: 4 Claim(s) (USD): $0.67 ($0.6673431933262115)

Next Claim Reward: 5 Claim(s) (WEI): 0.000256332219510685 WETH (256332219510685 wei)
Next Claim Reward: 5 Claim(s) (USD): $0.83 ($0.832197059045063)

Net profit = (Gross Profit - Gas Cost [Avg])
$0.72 = ($0.83 - $0.11) $0.7235475196137529 = ($0.832197059045063 - $0.10864953943131012)


5b. 6 Claim(s):

Total gas cost: 6 Claim(s) (USD): $0.13 ($0.1311267694353508)

Claim Reward: 5 Claim(s) (WEI): 0.000256332219510685 WETH (256332219510685 wei)
Claim Reward: 5 Claim(s) (USD): $0.83 ($0.832197059045063)

Next Claim Reward: 6 Claim(s) (WEI): 0.000306868420203756 WETH (306868420203756 wei)
Next Claim Reward: 6 Claim(s) (USD): $1 ($0.9962656949440772)

Net profit = (Gross Profit - Gas Cost [Avg])
$0.87 = ($1 - $0.13) $0.8651389255087265 = ($0.9962656949440772 - $0.1311267694353508)


5b. 7 Claim(s):

Total gas cost: 7 Claim(s) (USD): $0.15 ($0.15360399943939146)

Claim Reward: 6 Claim(s) (WEI): 0.000306868420203756 WETH (306868420203756 wei)
Claim Reward: 6 Claim(s) (USD): $1 ($0.9962656949440772)

Next Claim Reward: 7 Claim(s) (WEI): 0.000357163907513539 WETH (357163907513539 wei)
Next Claim Reward: 7 Claim(s) (USD): $1.16 ($1.1595528412198697)

Net profit = (Gross Profit - Gas Cost [Avg])
$1.01 = ($1.16 - $0.15) $1.0059488417804783 = ($1.1595528412198697 - $0.15360399943939146)


5b. 8 Claim(s):

Total gas cost: 8 Claim(s) (USD): $0.18 ($0.17608122944343213)

Claim Reward: 7 Claim(s) (WEI): 0.000357163907513539 WETH (357163907513539 wei)
Claim Reward: 7 Claim(s) (USD): $1.16 ($1.1595528412198697)

Next Claim Reward: 8 Claim(s) (WEI): 0.000407219828002936 WETH (407219828002936 wei)
Next Claim Reward: 8 Claim(s) (USD): $1.32 ($1.3220622202537968)

Net profit = (Gross Profit - Gas Cost [Avg])
$1.15 = ($1.32 - $0.18) $1.1459809908103646 = ($1.3220622202537968 - $0.17608122944343213)


******************
5c. Profit/Loss (USD):

Net profit = (Gross Profit - Gas Cost [Max])
$1.15 = ($1.32 - $0.18) $1.1459809908103646 = ($1.3220622202537968 - $0.17608122944343213)

Submitting transaction to claim 8 prize(s):

0x33335296c9b020ca3252e4953c11decfdce816b8-0x32044179864E9ebd5286b44d5Bc0A2bFf191B337-3-7
0x33335296c9b020ca3252e4953c11decfdce816b8-0xc2Abf9ED0f0ad2c490CfF40d5faEe6F4938Ab002-3-31
0x33335296c9b020ca3252e4953c11decfdce816b8-0xa93aB918716E6BfFFE0a74091846De5e7eDEd9ed-3-14
0x33335296c9b020ca3252e4953c11decfdce816b8-0x5F28a75372B8E906049645EC721e748E1CE88466-3-28
0x33335296c9b020ca3252e4953c11decfdce816b8-0xB3A0f72fD43aaA8dF10127cb8B25bDD84BC56957-3-58
0x33335296c9b020ca3252e4953c11decfdce816b8-0x71346D881e192f21Cec153a8f449878838baDAd9-3-25
0x33335296c9b020ca3252e4953c11decfdce816b8-0xD896CF9982Faa28c3F2D0c01b8f2AB597c8fa8Fd-3-56
0x33335296c9b020ca3252e4953c11decfdce816b8-0xC3D6702D1b5596f054810fC916C717A8770Ce747-3-1



Execute Claim Transaction for Tier #3



Transaction sent! ✔
Transaction hash: 0x7de74bb2bf09c53b57d454116c20c039791bffcc9c4b8528a43dc0ee1aca32fa
Waiting on transaction to be confirmed ...
Tx confirmed !




******************
Processing:
Vault:     0x33335296c9b020ca3252e4953c11decfdce816b8
Tier:      #4 (Canary tier)
# prizes:  99

5a. Calculating # of profitable claims ...

Native (Gas) Token ETH Market Rate (USD): $3242.22

Estimated gas limit (wei) (1 prize claim): 0.000000000000168402 ETH (168402 wei)
Estimated gas limit (wei) (2 prize claims): 0.000000000000241285 ETH (241285 wei)

Gas Cost: First Claim (wei): 0.000000000000168402 ETH (168402 wei)
Gas Cost: Each Following Claim (wei): 0.000000000000072883 ETH (72883 wei)

Gas Cost: First Claim (USD): $0.02 $0.019298811620539456
Gas Cost: Each Following Claim (USD): $0.02 $0.02327047322973193

5b. 1 Claim(s):

Total gas cost: 1 Claim(s) (USD): $0.02 ($0.019298811620539456)

Next Claim Reward: 1 Claim(s) (WEI): 0.000020778170984667 WETH (20778170984667 wei)
Next Claim Reward: 1 Claim(s) (USD): $0.07 ($0.06745750814619915)

Net profit = (Gross Profit - Gas Cost [Avg])
$0.05 = ($0.07 - $0.02) $0.0481586965256597 = ($0.06745750814619915 - $0.019298811620539456)


5b. 2 Claim(s):

Total gas cost: 2 Claim(s) (USD): $0.04 ($0.04256928485027139)

Claim Reward: 1 Claim(s) (WEI): 0.000020778170984667 WETH (20778170984667 wei)
Claim Reward: 1 Claim(s) (USD): $0.07 ($0.06745750814619915)

Next Claim Reward: 2 Claim(s) (WEI): 0.000041556341969334 WETH (41556341969334 wei)
Next Claim Reward: 2 Claim(s) (USD): $0.13 ($0.1349150162923983)

Net profit = (Gross Profit - Gas Cost [Avg])
$0.09 = ($0.13 - $0.04) $0.0923457314421269 = ($0.1349150162923983 - $0.04256928485027139)


5b. 3 Claim(s):

Total gas cost: 3 Claim(s) (USD): $0.07 ($0.06583975808000332)

Claim Reward: 2 Claim(s) (WEI): 0.000041556341969334 WETH (41556341969334 wei)
Claim Reward: 2 Claim(s) (USD): $0.13 ($0.1349150162923983)

Next Claim Reward: 3 Claim(s) (WEI): 0.000062334512954001 WETH (62334512954001 wei)
Next Claim Reward: 3 Claim(s) (USD): $0.2 ($0.20237252443859743)

Net profit = (Gross Profit - Gas Cost [Avg])
$0.14 = ($0.2 - $0.07) $0.13653276635859413 = ($0.20237252443859743 - $0.06583975808000332)


5b. 4 Claim(s):

Total gas cost: 4 Claim(s) (USD): $0.09 ($0.08911023130973525)

Claim Reward: 3 Claim(s) (WEI): 0.000062334512954001 WETH (62334512954001 wei)
Claim Reward: 3 Claim(s) (USD): $0.2 ($0.20237252443859743)

Next Claim Reward: 4 Claim(s) (WEI): 0.000083112683938668 WETH (83112683938668 wei)
Next Claim Reward: 4 Claim(s) (USD): $0.27 ($0.2698300325847966)

Net profit = (Gross Profit - Gas Cost [Avg])
$0.18 = ($0.27 - $0.09) $0.18071980127506135 = ($0.2698300325847966 - $0.08911023130973525)


5b. 5 Claim(s):

Total gas cost: 5 Claim(s) (USD): $0.11 ($0.11238070453946718)

Claim Reward: 4 Claim(s) (WEI): 0.000083112683938668 WETH (83112683938668 wei)
Claim Reward: 4 Claim(s) (USD): $0.27 ($0.2698300325847966)

Next Claim Reward: 5 Claim(s) (WEI): 0.000103890854923335 WETH (103890854923335 wei)
Next Claim Reward: 5 Claim(s) (USD): $0.34 ($0.33728754073099576)

Net profit = (Gross Profit - Gas Cost [Avg])
$0.22 = ($0.34 - $0.11) $0.22490683619152857 = ($0.33728754073099576 - $0.11238070453946718)


5b. 6 Claim(s):

Total gas cost: 6 Claim(s) (USD): $0.14 ($0.1356511777691991)

Claim Reward: 5 Claim(s) (WEI): 0.000103890854923335 WETH (103890854923335 wei)
Claim Reward: 5 Claim(s) (USD): $0.34 ($0.33728754073099576)

Next Claim Reward: 6 Claim(s) (WEI): 0.000124669025908002 WETH (124669025908002 wei)
Next Claim Reward: 6 Claim(s) (USD): $0.4 ($0.40474504887719487)

Net profit = (Gross Profit - Gas Cost [Avg])
$0.27 = ($0.4 - $0.14) $0.26909387110799576 = ($0.40474504887719487 - $0.1356511777691991)


5b. 7 Claim(s):

Total gas cost: 7 Claim(s) (USD): $0.16 ($0.15892165099893105)

Claim Reward: 6 Claim(s) (WEI): 0.000124669025908002 WETH (124669025908002 wei)
Claim Reward: 6 Claim(s) (USD): $0.4 ($0.40474504887719487)

Next Claim Reward: 7 Claim(s) (WEI): 0.000145447196892669 WETH (145447196892669 wei)
Next Claim Reward: 7 Claim(s) (USD): $0.47 ($0.472202557023394)

Net profit = (Gross Profit - Gas Cost [Avg])
$0.31 = ($0.47 - $0.16) $0.3132809060244629 = ($0.472202557023394 - $0.15892165099893105)


5b. 8 Claim(s):

Total gas cost: 8 Claim(s) (USD): $0.18 ($0.18219212422866296)

Claim Reward: 7 Claim(s) (WEI): 0.000145447196892669 WETH (145447196892669 wei)
Claim Reward: 7 Claim(s) (USD): $0.47 ($0.472202557023394)

Next Claim Reward: 8 Claim(s) (WEI): 0.000166225367877336 WETH (166225367877336 wei)
Next Claim Reward: 8 Claim(s) (USD): $0.54 ($0.5396600651695932)

Net profit = (Gross Profit - Gas Cost [Avg])
$0.36 = ($0.54 - $0.18) $0.35746794094093026 = ($0.5396600651695932 - $0.18219212422866296)


5b. 9 Claim(s):

Total gas cost: 9 Claim(s) (USD): $0.21 ($0.2054625974583949)

Claim Reward: 8 Claim(s) (WEI): 0.000166225367877336 WETH (166225367877336 wei)
Claim Reward: 8 Claim(s) (USD): $0.54 ($0.5396600651695932)

Next Claim Reward: 9 Claim(s) (WEI): 0.000187003538862003 WETH (187003538862003 wei)
Next Claim Reward: 9 Claim(s) (USD): $0.61 ($0.6071175733157923)

Net profit = (Gross Profit - Gas Cost [Avg])
$0.4 = ($0.61 - $0.21) $0.4016549758573974 = ($0.6071175733157923 - $0.2054625974583949)


5b. 10 Claim(s):

Total gas cost: 10 Claim(s) (USD): $0.23 ($0.22873307068812684)

Claim Reward: 9 Claim(s) (WEI): 0.000187003538862003 WETH (187003538862003 wei)
Claim Reward: 9 Claim(s) (USD): $0.61 ($0.6071175733157923)

Next Claim Reward: 10 Claim(s) (WEI): 0.00020778170984667 WETH (207781709846670 wei)
Next Claim Reward: 10 Claim(s) (USD): $0.67 ($0.6745750814619915)

Net profit = (Gross Profit - Gas Cost [Avg])
$0.45 = ($0.67 - $0.23) $0.44584201077386465 = ($0.6745750814619915 - $0.22873307068812684)


5b. 11 Claim(s):

Total gas cost: 11 Claim(s) (USD): $0.25 ($0.2520035439178588)

Claim Reward: 10 Claim(s) (WEI): 0.00020778170984667 WETH (207781709846670 wei)
Claim Reward: 10 Claim(s) (USD): $0.67 ($0.6745750814619915)

Next Claim Reward: 11 Claim(s) (WEI): 0.000228559880831337 WETH (228559880831337 wei)
Next Claim Reward: 11 Claim(s) (USD): $0.74 ($0.7420325896081905)

Net profit = (Gross Profit - Gas Cost [Avg])
$0.49 = ($0.74 - $0.25) $0.49002904569033173 = ($0.7420325896081905 - $0.2520035439178588)


5b. 12 Claim(s):

Total gas cost: 12 Claim(s) (USD): $0.28 ($0.2752740171475907)

Claim Reward: 11 Claim(s) (WEI): 0.000228559880831337 WETH (228559880831337 wei)
Claim Reward: 11 Claim(s) (USD): $0.74 ($0.7420325896081905)

Next Claim Reward: 12 Claim(s) (WEI): 0.000249338051816004 WETH (249338051816004 wei)
Next Claim Reward: 12 Claim(s) (USD): $0.81 ($0.8094900977543897)

Net profit = (Gross Profit - Gas Cost [Avg])
$0.53 = ($0.81 - $0.28) $0.534216080606799 = ($0.8094900977543897 - $0.2752740171475907)


5b. 13 Claim(s):

Total gas cost: 13 Claim(s) (USD): $0.3 ($0.29854449037732267)

Claim Reward: 12 Claim(s) (WEI): 0.000249338051816004 WETH (249338051816004 wei)
Claim Reward: 12 Claim(s) (USD): $0.81 ($0.8094900977543897)

Next Claim Reward: 13 Claim(s) (WEI): 0.000270116222800671 WETH (270116222800671 wei)
Next Claim Reward: 13 Claim(s) (USD): $0.88 ($0.876947605900589)

Net profit = (Gross Profit - Gas Cost [Avg])
$0.58 = ($0.88 - $0.3) $0.5784031155232663 = ($0.876947605900589 - $0.29854449037732267)


5b. 14 Claim(s):

Total gas cost: 14 Claim(s) (USD): $0.32 ($0.3218149636070546)

Claim Reward: 13 Claim(s) (WEI): 0.000270116222800671 WETH (270116222800671 wei)
Claim Reward: 13 Claim(s) (USD): $0.88 ($0.876947605900589)

Next Claim Reward: 14 Claim(s) (WEI): 0.000290894393785338 WETH (290894393785338 wei)
Next Claim Reward: 14 Claim(s) (USD): $0.94 ($0.944405114046788)

Net profit = (Gross Profit - Gas Cost [Avg])
$0.62 = ($0.94 - $0.32) $0.6225901504397333 = ($0.944405114046788 - $0.3218149636070546)


5b. 15 Claim(s):

Total gas cost: 15 Claim(s) (USD): $0.35 ($0.3450854368367865)

Claim Reward: 14 Claim(s) (WEI): 0.000290894393785338 WETH (290894393785338 wei)
Claim Reward: 14 Claim(s) (USD): $0.94 ($0.944405114046788)

Next Claim Reward: 15 Claim(s) (WEI): 0.000311672564770005 WETH (311672564770005 wei)
Next Claim Reward: 15 Claim(s) (USD): $1.01 ($1.0118626221929872)

Net profit = (Gross Profit - Gas Cost [Avg])
$0.67 = ($1.01 - $0.35) $0.6667771853562007 = ($1.0118626221929872 - $0.3450854368367865)


5b. 16 Claim(s):

Total gas cost: 16 Claim(s) (USD): $0.37 ($0.36835591006651847)

Claim Reward: 15 Claim(s) (WEI): 0.000311672564770005 WETH (311672564770005 wei)
Claim Reward: 15 Claim(s) (USD): $1.01 ($1.0118626221929872)

Next Claim Reward: 16 Claim(s) (WEI): 0.000332450735754672 WETH (332450735754672 wei)
Next Claim Reward: 16 Claim(s) (USD): $1.08 ($1.0793201303391864)

Net profit = (Gross Profit - Gas Cost [Avg])
$0.71 = ($1.08 - $0.37) $0.7109642202726679 = ($1.0793201303391864 - $0.36835591006651847)


5b. 17 Claim(s):

Total gas cost: 17 Claim(s) (USD): $0.39 ($0.3916263832962504)

Claim Reward: 16 Claim(s) (WEI): 0.000332450735754672 WETH (332450735754672 wei)
Claim Reward: 16 Claim(s) (USD): $1.08 ($1.0793201303391864)

Next Claim Reward: 17 Claim(s) (WEI): 0.000353228906739339 WETH (353228906739339 wei)
Next Claim Reward: 17 Claim(s) (USD): $1.15 ($1.1467776384853856)

Net profit = (Gross Profit - Gas Cost [Avg])
$0.76 = ($1.15 - $0.39) $0.7551512551891353 = ($1.1467776384853856 - $0.3916263832962504)


5b. 18 Claim(s):

Total gas cost: 18 Claim(s) (USD): $0.41 ($0.4148968565259823)

Claim Reward: 17 Claim(s) (WEI): 0.000353228906739339 WETH (353228906739339 wei)
Claim Reward: 17 Claim(s) (USD): $1.15 ($1.1467776384853856)

Next Claim Reward: 18 Claim(s) (WEI): 0.000374007077724006 WETH (374007077724006 wei)
Next Claim Reward: 18 Claim(s) (USD): $1.21 ($1.2142351466315846)

Net profit = (Gross Profit - Gas Cost [Avg])
$0.8 = ($1.21 - $0.41) $0.7993382901056023 = ($1.2142351466315846 - $0.4148968565259823)


5b. 19 Claim(s):

Total gas cost: 19 Claim(s) (USD): $0.44 ($0.43816732975571426)

Claim Reward: 18 Claim(s) (WEI): 0.000374007077724006 WETH (374007077724006 wei)
Claim Reward: 18 Claim(s) (USD): $1.21 ($1.2142351466315846)

Next Claim Reward: 19 Claim(s) (WEI): 0.000394785248708673 WETH (394785248708673 wei)
Next Claim Reward: 19 Claim(s) (USD): $1.28 ($1.2816926547777838)

Net profit = (Gross Profit - Gas Cost [Avg])
$0.84 = ($1.28 - $0.44) $0.8435253250220696 = ($1.2816926547777838 - $0.43816732975571426)


5b. 20 Claim(s):

Total gas cost: 20 Claim(s) (USD): $0.46 ($0.4614378029854462)

Claim Reward: 19 Claim(s) (WEI): 0.000394785248708673 WETH (394785248708673 wei)
Claim Reward: 19 Claim(s) (USD): $1.28 ($1.2816926547777838)

Next Claim Reward: 20 Claim(s) (WEI): 0.00041556341969334 WETH (415563419693340 wei)
Next Claim Reward: 20 Claim(s) (USD): $1.35 ($1.349150162923983)

Net profit = (Gross Profit - Gas Cost [Avg])
$0.89 = ($1.35 - $0.46) $0.8877123599385368 = ($1.349150162923983 - $0.4614378029854462)


5b. 21 Claim(s):

Total gas cost: 21 Claim(s) (USD): $0.48 ($0.4847082762151781)

Claim Reward: 20 Claim(s) (WEI): 0.00041556341969334 WETH (415563419693340 wei)
Claim Reward: 20 Claim(s) (USD): $1.35 ($1.349150162923983)

Next Claim Reward: 21 Claim(s) (WEI): 0.000436341590678007 WETH (436341590678007 wei)
Next Claim Reward: 21 Claim(s) (USD): $1.42 ($1.416607671070182)

Net profit = (Gross Profit - Gas Cost [Avg])
$0.93 = ($1.42 - $0.48) $0.931899394855004 = ($1.416607671070182 - $0.4847082762151781)


5b. 22 Claim(s):

Total gas cost: 22 Claim(s) (USD): $0.51 ($0.5079787494449101)

Claim Reward: 21 Claim(s) (WEI): 0.000436341590678007 WETH (436341590678007 wei)
Claim Reward: 21 Claim(s) (USD): $1.42 ($1.416607671070182)

Next Claim Reward: 22 Claim(s) (WEI): 0.000457119761662674 WETH (457119761662674 wei)
Next Claim Reward: 22 Claim(s) (USD): $1.48 ($1.484065179216381)

Net profit = (Gross Profit - Gas Cost [Avg])
$0.98 = ($1.48 - $0.51) $0.976086429771471 = ($1.484065179216381 - $0.5079787494449101)


5b. 23 Claim(s):

Total gas cost: 23 Claim(s) (USD): $0.53 ($0.5312492226746419)

Claim Reward: 22 Claim(s) (WEI): 0.000457119761662674 WETH (457119761662674 wei)
Claim Reward: 22 Claim(s) (USD): $1.48 ($1.484065179216381)

Next Claim Reward: 23 Claim(s) (WEI): 0.000477897932647341 WETH (477897932647341 wei)
Next Claim Reward: 23 Claim(s) (USD): $1.55 ($1.5515226873625803)

Net profit = (Gross Profit - Gas Cost [Avg])
$1.02 = ($1.55 - $0.53) $1.0202734646879383 = ($1.5515226873625803 - $0.5312492226746419)


5b. 24 Claim(s):

Total gas cost: 24 Claim(s) (USD): $0.55 ($0.5545196959043739)

Claim Reward: 23 Claim(s) (WEI): 0.000477897932647341 WETH (477897932647341 wei)
Claim Reward: 23 Claim(s) (USD): $1.55 ($1.5515226873625803)

Next Claim Reward: 24 Claim(s) (WEI): 0.000498676103632008 WETH (498676103632008 wei)
Next Claim Reward: 24 Claim(s) (USD): $1.62 ($1.6189801955087795)

Net profit = (Gross Profit - Gas Cost [Avg])
$1.06 = ($1.62 - $0.55) $1.0644604996044056 = ($1.6189801955087795 - $0.5545196959043739)


5b. 25 Claim(s):

Total gas cost: 25 Claim(s) (USD): $0.58 ($0.5777901691341059)

Claim Reward: 24 Claim(s) (WEI): 0.000498676103632008 WETH (498676103632008 wei)
Claim Reward: 24 Claim(s) (USD): $1.62 ($1.6189801955087795)

Next Claim Reward: 25 Claim(s) (WEI): 0.000519454274616675 WETH (519454274616675 wei)
Next Claim Reward: 25 Claim(s) (USD): $1.69 ($1.6864377036549787)

Net profit = (Gross Profit - Gas Cost [Avg])
$1.11 = ($1.69 - $0.58) $1.1086475345208728 = ($1.6864377036549787 - $0.5777901691341059)


5b. 26 Claim(s):

Total gas cost: 26 Claim(s) (USD): $0.6 ($0.6010606423638377)

Claim Reward: 25 Claim(s) (WEI): 0.000519454274616675 WETH (519454274616675 wei)
Claim Reward: 25 Claim(s) (USD): $1.69 ($1.6864377036549787)

Next Claim Reward: 26 Claim(s) (WEI): 0.000540232445601342 WETH (540232445601342 wei)
Next Claim Reward: 26 Claim(s) (USD): $1.75 ($1.753895211801178)

Net profit = (Gross Profit - Gas Cost [Avg])
$1.15 = ($1.75 - $0.6) $1.1528345694373403 = ($1.753895211801178 - $0.6010606423638377)


5b. 27 Claim(s):

Total gas cost: 27 Claim(s) (USD): $0.62 ($0.6243311155935697)

Claim Reward: 26 Claim(s) (WEI): 0.000540232445601342 WETH (540232445601342 wei)
Claim Reward: 26 Claim(s) (USD): $1.75 ($1.753895211801178)

Next Claim Reward: 27 Claim(s) (WEI): 0.000561010616586009 WETH (561010616586009 wei)
Next Claim Reward: 27 Claim(s) (USD): $1.82 ($1.8213527199473771)

Net profit = (Gross Profit - Gas Cost [Avg])
$1.2 = ($1.82 - $0.62) $1.1970216043538073 = ($1.8213527199473771 - $0.6243311155935697)


5b. 28 Claim(s):

Total gas cost: 28 Claim(s) (USD): $0.65 ($0.6476015888233017)

Claim Reward: 27 Claim(s) (WEI): 0.000561010616586009 WETH (561010616586009 wei)
Claim Reward: 27 Claim(s) (USD): $1.82 ($1.8213527199473771)

Next Claim Reward: 28 Claim(s) (WEI): 0.000581788787570676 WETH (581788787570676 wei)
Next Claim Reward: 28 Claim(s) (USD): $1.89 ($1.888810228093576)

Net profit = (Gross Profit - Gas Cost [Avg])
$1.24 = ($1.89 - $0.65) $1.2412086392702744 = ($1.888810228093576 - $0.6476015888233017)


5b. 29 Claim(s):

Total gas cost: 29 Claim(s) (USD): $0.67 ($0.6708720620530335)

Claim Reward: 28 Claim(s) (WEI): 0.000581788787570676 WETH (581788787570676 wei)
Claim Reward: 28 Claim(s) (USD): $1.89 ($1.888810228093576)

Next Claim Reward: 29 Claim(s) (WEI): 0.000602566958555343 WETH (602566958555343 wei)
Next Claim Reward: 29 Claim(s) (USD): $1.96 ($1.9562677362397751)

Net profit = (Gross Profit - Gas Cost [Avg])
$1.29 = ($1.96 - $0.67) $1.2853956741867416 = ($1.9562677362397751 - $0.6708720620530335)


5b. 30 Claim(s):

Total gas cost: 30 Claim(s) (USD): $0.69 ($0.6941425352827655)

Claim Reward: 29 Claim(s) (WEI): 0.000602566958555343 WETH (602566958555343 wei)
Claim Reward: 29 Claim(s) (USD): $1.96 ($1.9562677362397751)

Next Claim Reward: 30 Claim(s) (WEI): 0.00062334512954001 WETH (623345129540010 wei)
Next Claim Reward: 30 Claim(s) (USD): $2.02 ($2.0237252443859743)

Net profit = (Gross Profit - Gas Cost [Avg])
$1.33 = ($2.02 - $0.69) $1.3295827091032089 = ($2.0237252443859743 - $0.6941425352827655)

******************
5c. Profit/Loss (USD):

Net profit = (Gross Profit - Gas Cost [Max])
$1.26 = ($1.96 - $0.69) $1.2621252009570096 = ($1.9562677362397751 - $0.6941425352827655)

Submitting transaction to claim 29 prize(s):

0x33335296c9b020ca3252e4953c11decfdce816b8-0x54c902A277b03Ba09490970707978c5b87dCd96E-4-31
0x33335296c9b020ca3252e4953c11decfdce816b8-0x0B347ED6a6CcD39D574D0935F0e4075e4199c316-4-105
0x33335296c9b020ca3252e4953c11decfdce816b8-0x9bA43f54De24C05f843420d170954A1311D8cB14-4-148
0x33335296c9b020ca3252e4953c11decfdce816b8-0x64EBE8c71E93F09bcce890DDeF0A734e40DD80d3-4-151
0x33335296c9b020ca3252e4953c11decfdce816b8-0xa2B6b5f216094c0cCdAF2944A9130BF819c80E5a-4-155
0x33335296c9b020ca3252e4953c11decfdce816b8-0x9ED8cb2aa333f2066671d60B68a595822750a45A-4-22
0x33335296c9b020ca3252e4953c11decfdce816b8-0x9ED8cb2aa333f2066671d60B68a595822750a45A-4-215
0x33335296c9b020ca3252e4953c11decfdce816b8-0x9ad6Cbf9c719C3bAF564b9fD5Ff399485C27d433-4-215
0x33335296c9b020ca3252e4953c11decfdce816b8-0xcE034f5187A13dAA3D9e258e502688c37cAa2591-4-222
0x33335296c9b020ca3252e4953c11decfdce816b8-0xA84De351BbdBB080cA411c912EC02c590721243A-4-44
0x33335296c9b020ca3252e4953c11decfdce816b8-0x86AB2437478A101F2C65f1abeD350f8B495e7d01-4-200
0x33335296c9b020ca3252e4953c11decfdce816b8-0x1Bc24cc357bddEB77cCA1355B5A9f159c1c21F59-4-45
0x33335296c9b020ca3252e4953c11decfdce816b8-0x4E2C4c6b2B2287cDCa67d24Dec93F40EEFD54bBe-4-153
0x33335296c9b020ca3252e4953c11decfdce816b8-0xC1135f980EE11E8eEd595D3e7df1b4350767e5d8-4-204
0x33335296c9b020ca3252e4953c11decfdce816b8-0x4DFb8217AA8649f1aD600210784C2130c5E5273c-4-75
0x33335296c9b020ca3252e4953c11decfdce816b8-0x4DFb8217AA8649f1aD600210784C2130c5E5273c-4-239
0x33335296c9b020ca3252e4953c11decfdce816b8-0x298B60F3388CBdb17937D51554773B480C2D2bA2-4-20
0x33335296c9b020ca3252e4953c11decfdce816b8-0x781DD0d1c4075812B860c3bdc2657BF7dB5477aD-4-200
0x33335296c9b020ca3252e4953c11decfdce816b8-0xC23Edad03eD4eeC01b4F613349e50F247A3aFC6D-4-59
0x33335296c9b020ca3252e4953c11decfdce816b8-0x68b8acDac8f25ce6eEA2bfFAcCe17AE0d22426c4-4-255
0x33335296c9b020ca3252e4953c11decfdce816b8-0xddb2F8C03C985676A03a029EA89A866795FF50b2-4-102
0x33335296c9b020ca3252e4953c11decfdce816b8-0x6eEe0dE9FE18B0A05D6520466aAf0Fe41d1851C0-4-157
0x33335296c9b020ca3252e4953c11decfdce816b8-0x3caEF326ae68265DFD49A9465c5f419BBaC5c631-4-203
0x33335296c9b020ca3252e4953c11decfdce816b8-0xbB7F375f675d455C6AD174DbA69011A38203990d-4-12
0x33335296c9b020ca3252e4953c11decfdce816b8-0x82BBC9954D673B37b6dEF925F1D57a046777438F-4-90
0x33335296c9b020ca3252e4953c11decfdce816b8-0xDB661bcc16E247659174175aE2833c2eA558caB8-4-98
0x33335296c9b020ca3252e4953c11decfdce816b8-0x3f6093335F136fADF0ECdE6223224B841f2409a7-4-88
0x33335296c9b020ca3252e4953c11decfdce816b8-0x57512cB3079220868a615dD310dA6e51d1E744C6-4-166
0x33335296c9b020ca3252e4953c11decfdce816b8-0xc246a950371Ae6Ba92333f76399C5d8ab8a3F042-4-127



Execute Claim Transaction for Tier #4 (Canary tier)


