Operating on: 11155420 - Optimism Sepolia

Config - REWARD_RECIPIENT not provided, setting swap recipient to relayer address: 0x06003274c3a7926c04cA8d6903cc691fE8f3CEC2
Config - MIN_PROFIT_THRESHOLD_USD: -0.3

Starting ...
Getting prize pool info ...
Getting prize context ...

******************
1. Prize token: WETH

┌────────────┬──────────────────────────────────────────────┬──────────┬─────────────────┬────────┬──────────────┐
│ (index)    │ address                                      │ decimals │ name            │ symbol │ assetRateUsd │
├────────────┼──────────────────────────────────────────────┼──────────┼─────────────────┼────────┼──────────────┤
│ prizeToken │ '0xC355F97a3Aa2808Acb536E555764b8FB26fB4b37' │ 18       │ 'Wrapped Ether' │ 'WETH' │ 3233.386     │
└────────────┴──────────────────────────────────────────────┴──────────┴─────────────────┴────────┴──────────────┘
┌─────────┬──────────┬───────────────────────────────┐
│ (index) │ numTiers │ tiersRangeArray               │
├─────────┼──────────┼───────────────────────────────┤
│ tiers   │ 7        │ [ 0, 1, 2, ... 4 more items ] │
└─────────┴──────────┴───────────────────────────────┘
Draw ID: 16
Prize Token WETH MarketRate USD:  $3233.386

******************
Getting prize vaults ...
Found 6 prize vaults.

560 prizes already claimed for draw #16.
4892 prizes remaining to be claimed...




******************
Processing:
Vault:     0x33335296c9b020ca3252e4953c11decfdce816b8
Tier:      #4
# prizes:  13

5a. Calculating # of profitable claims ...

Native (Gas) Token ETH Market Rate (USD): $3223.9

Estimated gas limit (wei) (1 prize claim): 0.000000000000213651 ETH (213651 wei)
Estimated gas limit (wei) (2 prize claims): 0.00000000000030373 ETH (303730 wei)

Gas Cost: First Claim (wei): 0.000000000000213651 ETH (213651 wei)
Gas Cost: Each Following Claim (wei): 0.000000000000090079 ETH (90079 wei)

Gas Cost: First Claim (USD): $0.01 $0.013856987626007124
Gas Cost: Each Following Claim (USD): $0.02 $0.016464901771210565

5b. 1 Claim(s):

Total gas cost: 1 Claim(s) (USD): $0.01 ($0.013856987626007124)

Next Claim Reward: 1 Claim(s) (WEI): 0.000127820986569467 WETH (127820986569467 wei)
Next Claim Reward: 1 Claim(s) (USD): $0.41 ($0.41329458847990264)

Net profit = (Gross Profit - Gas Cost [Avg])
$0.4 = ($0.41 - $0.01) $0.3994376008538955 = ($0.41329458847990264 - $0.013856987626007124)


5b. 2 Claim(s):

Total gas cost: 2 Claim(s) (USD): $0.03 ($0.030321889397217687)

Claim Reward: 1 Claim(s) (WEI): 0.000127820986569467 WETH (127820986569467 wei)
Claim Reward: 1 Claim(s) (USD): $0.41 ($0.41329458847990264)

Next Claim Reward: 2 Claim(s) (WEI): 0.000255485573471586 WETH (255485573471586 wei)
Next Claim Reward: 2 Claim(s) (USD): $0.83 ($0.8260834764649975)

Net profit = (Gross Profit - Gas Cost [Avg])
$0.8 = ($0.83 - $0.03) $0.7957615870677798 = ($0.8260834764649975 - $0.030321889397217687)


5b. 3 Claim(s):

Total gas cost: 3 Claim(s) (USD): $0.05 ($0.04678679116842825)

Claim Reward: 2 Claim(s) (WEI): 0.000255485573471586 WETH (255485573471586 wei)
Claim Reward: 2 Claim(s) (USD): $0.83 ($0.8260834764649975)

Next Claim Reward: 3 Claim(s) (WEI): 0.000382993952074431 WETH (382993952074431 wei)
Next Claim Reward: 3 Claim(s) (USD): $1.24 ($1.2383672827221361)

Net profit = (Gross Profit - Gas Cost [Avg])
$1.19 = ($1.24 - $0.05) $1.1915804915537078 = ($1.2383672827221361 - $0.04678679116842825)


5b. 4 Claim(s):

Total gas cost: 4 Claim(s) (USD): $0.06 ($0.06325169293963882)

Claim Reward: 3 Claim(s) (WEI): 0.000382993952074431 WETH (382993952074431 wei)
Claim Reward: 3 Claim(s) (USD): $1.24 ($1.2383672827221361)

Next Claim Reward: 4 Claim(s) (WEI): 0.00051034631351192 WETH (510346313511920 wei)
Next Claim Reward: 4 Claim(s) (USD): $1.65 ($1.650146625261053)

Net profit = (Gross Profit - Gas Cost [Avg])
$1.59 = ($1.65 - $0.06) $1.5868949323214143 = ($1.650146625261053 - $0.06325169293963882)


5b. 5 Claim(s):

Total gas cost: 5 Claim(s) (USD): $0.08 ($0.07971659471084938)

Claim Reward: 4 Claim(s) (WEI): 0.00051034631351192 WETH (510346313511920 wei)
Claim Reward: 4 Claim(s) (USD): $1.65 ($1.650146625261053)

Next Claim Reward: 5 Claim(s) (WEI): 0.000637542848684105 WETH (637542848684105 wei)
Next Claim Reward: 5 Claim(s) (USD): $2.06 ($2.0614221213353034)

Net profit = (Gross Profit - Gas Cost [Avg])
$1.98 = ($2.06 - $0.08) $1.981705526624454 = ($2.0614221213353034 - $0.07971659471084938)


5b. 6 Claim(s):

Total gas cost: 6 Claim(s) (USD): $0.1 ($0.09618149648205995)

Claim Reward: 5 Claim(s) (WEI): 0.000637542848684105 WETH (637542848684105 wei)
Claim Reward: 5 Claim(s) (USD): $2.06 ($2.0614221213353034)

Next Claim Reward: 6 Claim(s) (WEI): 0.000764583748257456 WETH (764583748257456 wei)
Next Claim Reward: 6 Claim(s) (USD): $2.47 ($2.4721943874431824)

Net profit = (Gross Profit - Gas Cost [Avg])
$2.38 = ($2.47 - $0.1) $2.3760128909611224 = ($2.4721943874431824 - $0.09618149648205995)


5b. 7 Claim(s):

Total gas cost: 7 Claim(s) (USD): $0.11 ($0.11264639825327051)

Claim Reward: 6 Claim(s) (WEI): 0.000764583748257456 WETH (764583748257456 wei)
Claim Reward: 6 Claim(s) (USD): $2.47 ($2.4721943874431824)

Next Claim Reward: 7 Claim(s) (WEI): 0.000891469202665139 WETH (891469202665139 wei)
Next Claim Reward: 7 Claim(s) (USD): $2.88 ($2.882464039328623)

Net profit = (Gross Profit - Gas Cost [Avg])
$2.77 = ($2.88 - $0.11) $2.7698176410753526 = ($2.882464039328623 - $0.11264639825327051)


5b. 8 Claim(s):

Total gas cost: 8 Claim(s) (USD): $0.13 ($0.12911130002448107)

Claim Reward: 7 Claim(s) (WEI): 0.000891469202665139 WETH (891469202665139 wei)
Claim Reward: 7 Claim(s) (USD): $2.88 ($2.882464039328623)

Next Claim Reward: 8 Claim(s) (WEI): 0.001018199402107312 WETH (1018199402107312 wei)
Next Claim Reward: 8 Claim(s) (USD): $3.29 ($3.2922316919821535)

Net profit = (Gross Profit - Gas Cost [Avg])
$3.16 = ($3.29 - $0.13) $3.1631203919576723 = ($3.2922316919821535 - $0.12911130002448107)


5b. 9 Claim(s):

Total gas cost: 9 Claim(s) (USD): $0.15 ($0.14557620179569164)

Claim Reward: 8 Claim(s) (WEI): 0.001018199402107312 WETH (1018199402107312 wei)
Claim Reward: 8 Claim(s) (USD): $3.29 ($3.2922316919821535)

Next Claim Reward: 9 Claim(s) (WEI): 0.001144774536551424 WETH (1144774536551424 wei)
Next Claim Reward: 9 Claim(s) (USD): $3.7 ($3.7014979596418627)

Net profit = (Gross Profit - Gas Cost [Avg])
$3.56 = ($3.7 - $0.15) $3.5559217578461713 = ($3.7014979596418627 - $0.14557620179569164)


5b. 10 Claim(s):

Total gas cost: 10 Claim(s) (USD): $0.16 ($0.1620411035669022)

Claim Reward: 9 Claim(s) (WEI): 0.001144774536551424 WETH (1144774536551424 wei)
Claim Reward: 9 Claim(s) (USD): $3.7 ($3.7014979596418627)

Next Claim Reward: 10 Claim(s) (WEI): 0.00127119479573246 WETH (1271194795732460 wei)
Next Claim Reward: 10 Claim(s) (USD): $4.11 ($4.110263455794196)

Net profit = (Gross Profit - Gas Cost [Avg])
$3.95 = ($4.11 - $0.16) $3.948222352227294 = ($4.110263455794196 - $0.1620411035669022)


5b. 11 Claim(s):

Total gas cost: 11 Claim(s) (USD): $0.18 ($0.17850600533811278)

Claim Reward: 10 Claim(s) (WEI): 0.00127119479573246 WETH (1271194795732460 wei)
Claim Reward: 10 Claim(s) (USD): $4.11 ($4.110263455794196)

Next Claim Reward: 11 Claim(s) (WEI): 0.001397460369153255 WETH (1397460369153255 wei)
Next Claim Reward: 11 Claim(s) (USD): $4.52 ($4.5185287931749665)

Net profit = (Gross Profit - Gas Cost [Avg])
$4.34 = ($4.52 - $0.18) $4.340022787836854 = ($4.5185287931749665 - $0.17850600533811278)


5b. 12 Claim(s):

Total gas cost: 12 Claim(s) (USD): $0.19 ($0.19497090710932333)

Claim Reward: 11 Claim(s) (WEI): 0.001397460369153255 WETH (1397460369153255 wei)
Claim Reward: 11 Claim(s) (USD): $4.52 ($4.5185287931749665)

Next Claim Reward: 12 Claim(s) (WEI): 0.001523571446084772 WETH (1523571446084772 wei)
Next Claim Reward: 12 Claim(s) (USD): $4.93 ($4.9262945837702565)

Net profit = (Gross Profit - Gas Cost [Avg])
$4.73 = ($4.93 - $0.19) $4.731323676660933 = ($4.9262945837702565 - $0.19497090710932333)


5b. 13 Claim(s):

Total gas cost: 13 Claim(s) (USD): $0.21 ($0.2114358088805339)

Claim Reward: 12 Claim(s) (WEI): 0.001523571446084772 WETH (1523571446084772 wei)
Claim Reward: 12 Claim(s) (USD): $4.93 ($4.9262945837702565)

Next Claim Reward: 13 Claim(s) (WEI): 0.0016495282155664 WETH (1649528215566400 wei)
Next Claim Reward: 13 Claim(s) (USD): $5.33 ($5.333561438817379)

Net profit = (Gross Profit - Gas Cost [Avg])
$5.12 = ($5.33 - $0.21) $5.122125629936845 = ($5.333561438817379 - $0.2114358088805339)


******************
5c. Profit/Loss (USD):

Net profit = (Gross Profit - Gas Cost [Max])
$5.12 = ($5.33 - $0.21) $5.122125629936845 = ($5.333561438817379 - $0.2114358088805339)

Submitting transaction to claim 13 prize(s):

0x33335296c9b020ca3252e4953c11decfdce816b8-0xEA70C5b4EA3Dfe22f12Af83A72d393Aa6508bf80-4-124
0x33335296c9b020ca3252e4953c11decfdce816b8-0x0B81c9247b4075e1168F759c29888f466f4453AF-4-8
0x33335296c9b020ca3252e4953c11decfdce816b8-0x9F4F4568886d746768D00361354F3A711112186d-4-40
0x33335296c9b020ca3252e4953c11decfdce816b8-0x11FA91B915D8A4dd73dAB2b651658a5A7dcAaa88-4-156
0x33335296c9b020ca3252e4953c11decfdce816b8-0x0fCA5c1C17C2c2644962Ecf5d41C0caEfd4Ad6df-4-141
0x33335296c9b020ca3252e4953c11decfdce816b8-0xD43DB92287d583Feaab7F5cadF08Da4865d2CdCB-4-134
0x33335296c9b020ca3252e4953c11decfdce816b8-0x1e812Edc2C0b835a39e7b19BBb4Fa74A3B829A5B-4-170
0x33335296c9b020ca3252e4953c11decfdce816b8-0x28514501627f2cD4b9C27A2be66DE85364F9ddC1-4-231
0x33335296c9b020ca3252e4953c11decfdce816b8-0xDcA091e62C0279D9598Db1da937D1E4a1D10B69e-4-31
0x33335296c9b020ca3252e4953c11decfdce816b8-0x2E2b66113BF7c53a31345F843761E82bD1bA838c-4-89
0x33335296c9b020ca3252e4953c11decfdce816b8-0xd99b626a75886790136Ec14B350608F366e8c098-4-187
0x33335296c9b020ca3252e4953c11decfdce816b8-0xA0839BE164117a44E0331D4054cc8993Aa9a3183-4-99
0x33335296c9b020ca3252e4953c11decfdce816b8-0x130E2b478A6D110E29FB3Bc94a3D0bC7F608C1CB-4-240



Execute Claim Transaction for Tier #4



Transaction sent! ✔
Transaction hash: 0x8d5d38a4a9f534e9c16889e194077cd669a32d74c71f5b2e348f780cd32307b3
Waiting on transaction to be confirmed ...
Tx confirmed !




******************
Processing:
Vault:     0x7fad91a4a29109303188d8758f1a9d60ce988349
Tier:      #4
# prizes:  86

5a. Calculating # of profitable claims ...

Native (Gas) Token ETH Market Rate (USD): $3223.9

Estimated gas limit (wei) (1 prize claim): 0.000000000000213651 ETH (213651 wei)
Estimated gas limit (wei) (2 prize claims): 0.00000000000030373 ETH (303730 wei)

Gas Cost: First Claim (wei): 0.000000000000213651 ETH (213651 wei)
Gas Cost: Each Following Claim (wei): 0.000000000000090079 ETH (90079 wei)

Gas Cost: First Claim (USD): $0.01 $0.013856987626007124
Gas Cost: Each Following Claim (USD): $0.02 $0.016464901771210565

5b. 1 Claim(s):

Total gas cost: 1 Claim(s) (USD): $0.01 ($0.013856987626007124)

Next Claim Reward: 1 Claim(s) (WEI): 0.000127658334897441 WETH (127658334897441 wei)
Next Claim Reward: 1 Claim(s) (USD): $0.41 ($0.4127686728406972)

Net profit = (Gross Profit - Gas Cost [Avg])
$0.4 = ($0.41 - $0.01) $0.39891168521469006 = ($0.4127686728406972 - $0.013856987626007124)


5b. 2 Claim(s):

Total gas cost: 2 Claim(s) (USD): $0.03 ($0.030321889397217687)

Claim Reward: 1 Claim(s) (WEI): 0.000127658334897441 WETH (127658334897441 wei)
Claim Reward: 1 Claim(s) (USD): $0.41 ($0.4127686728406972)

Next Claim Reward: 2 Claim(s) (WEI): 0.000255160469145458 WETH (255160469145458 wei)
Next Claim Reward: 2 Claim(s) (USD): $0.83 ($0.8250322886883558)

Net profit = (Gross Profit - Gas Cost [Avg])
$0.79 = ($0.83 - $0.03) $0.7947103992911381 = ($0.8250322886883558 - $0.030321889397217687)


5b. 3 Claim(s):

Total gas cost: 3 Claim(s) (USD): $0.05 ($0.04678679116842825)

Claim Reward: 2 Claim(s) (WEI): 0.000255160469145458 WETH (255160469145458 wei)
Claim Reward: 2 Claim(s) (USD): $0.83 ($0.8250322886883558)

Next Claim Reward: 3 Claim(s) (WEI): 0.000382506593868612 WETH (382506593868612 wei)
Next Claim Reward: 3 Claim(s) (USD): $1.24 ($1.236791465522456)

Net profit = (Gross Profit - Gas Cost [Avg])
$1.19 = ($1.24 - $0.05) $1.1900046743540276 = ($1.236791465522456 - $0.04678679116842825)


5b. 4 Claim(s):

Total gas cost: 4 Claim(s) (USD): $0.06 ($0.06325169293963882)

Claim Reward: 3 Claim(s) (WEI): 0.000382506593868612 WETH (382506593868612 wei)
Claim Reward: 3 Claim(s) (USD): $1.24 ($1.236791465522456)

Next Claim Reward: 4 Claim(s) (WEI): 0.0005096968999576 WETH (509696899957600 wei)
Next Claim Reward: 4 Claim(s) (USD): $1.65 ($1.6480468205663044)

Net profit = (Gross Profit - Gas Cost [Avg])
$1.58 = ($1.65 - $0.06) $1.5847951276266656 = ($1.6480468205663044 - $0.06325169293963882)


5b. 5 Claim(s):

Total gas cost: 5 Claim(s) (USD): $0.08 ($0.07971659471084938)

Claim Reward: 4 Claim(s) (WEI): 0.0005096968999576 WETH (509696899957600 wei)
Claim Reward: 4 Claim(s) (USD): $1.65 ($1.6480468205663044)

Next Claim Reward: 5 Claim(s) (WEI): 0.000636731578069555 WETH (636731578069555 wei)
Next Claim Reward: 5 Claim(s) (USD): $2.06 ($2.0587989702880063)

Net profit = (Gross Profit - Gas Cost [Avg])
$1.98 = ($2.06 - $0.08) $1.979082375577157 = ($2.0587989702880063 - $0.07971659471084938)


5b. 6 Claim(s):

Total gas cost: 6 Claim(s) (USD): $0.1 ($0.09618149648205995)

Claim Reward: 5 Claim(s) (WEI): 0.000636731578069555 WETH (636731578069555 wei)
Claim Reward: 5 Claim(s) (USD): $2.06 ($2.0587989702880063)

Next Claim Reward: 6 Claim(s) (WEI): 0.000763610818628328 WETH (763610818628328 wei)
Next Claim Reward: 6 Claim(s) (USD): $2.47 ($2.4690485304013747)

Net profit = (Gross Profit - Gas Cost [Avg])
$2.37 = ($2.47 - $0.1) $2.3728670339193147 = ($2.4690485304013747 - $0.09618149648205995)


5b. 7 Claim(s):

Total gas cost: 7 Claim(s) (USD): $0.11 ($0.11264639825327051)

Claim Reward: 6 Claim(s) (WEI): 0.000763610818628328 WETH (763610818628328 wei)
Claim Reward: 6 Claim(s) (USD): $2.47 ($2.4690485304013747)

Next Claim Reward: 7 Claim(s) (WEI): 0.000890334811824759 WETH (890334811824759 wei)
Next Claim Reward: 7 Claim(s) (USD): $2.88 ($2.8787961158668103)

Net profit = (Gross Profit - Gas Cost [Avg])
$2.77 = ($2.88 - $0.11) $2.7661497176135397 = ($2.8787961158668103 - $0.11264639825327051)


5b. 8 Claim(s):

Total gas cost: 8 Claim(s) (USD): $0.13 ($0.12911130002448107)

Claim Reward: 7 Claim(s) (WEI): 0.000890334811824759 WETH (890334811824759 wei)
Claim Reward: 7 Claim(s) (USD): $2.88 ($2.8787961158668103)

Next Claim Reward: 8 Claim(s) (WEI): 0.001016903747616976 WETH (1016903747616976 wei)
Next Claim Reward: 8 Claim(s) (USD): $3.29 ($3.288042340892263)

Net profit = (Gross Profit - Gas Cost [Avg])
$3.16 = ($3.29 - $0.13) $3.158931040867782 = ($3.288042340892263 - $0.12911130002448107)


5b. 9 Claim(s):

Total gas cost: 9 Claim(s) (USD): $0.15 ($0.14557620179569164)

Claim Reward: 8 Claim(s) (WEI): 0.001016903747616976 WETH (1016903747616976 wei)
Claim Reward: 8 Claim(s) (USD): $3.29 ($3.288042340892263)

Next Claim Reward: 9 Claim(s) (WEI): 0.001143317815730694 WETH (1143317815730694 wei)
Next Claim Reward: 9 Claim(s) (USD): $3.7 ($3.6967878189342054)

Net profit = (Gross Profit - Gas Cost [Avg])
$3.55 = ($3.7 - $0.15) $3.551211617138514 = ($3.6967878189342054 - $0.14557620179569164)


5b. 10 Claim(s):

Total gas cost: 10 Claim(s) (USD): $0.16 ($0.1620411035669022)

Claim Reward: 9 Claim(s) (WEI): 0.001143317815730694 WETH (1143317815730694 wei)
Claim Reward: 9 Claim(s) (USD): $3.7 ($3.6967878189342054)

Next Claim Reward: 10 Claim(s) (WEI): 0.00126957720565946 WETH (1269577205659460 wei)
Next Claim Reward: 10 Claim(s) (USD): $4.11 ($4.105033162698419)

Net profit = (Gross Profit - Gas Cost [Avg])
$3.94 = ($4.11 - $0.16) $3.942992059131517 = ($4.105033162698419 - $0.1620411035669022)


5b. 11 Claim(s):

Total gas cost: 11 Claim(s) (USD): $0.18 ($0.17850600533811278)

Claim Reward: 10 Claim(s) (WEI): 0.00126957720565946 WETH (1269577205659460 wei)
Claim Reward: 10 Claim(s) (USD): $4.11 ($4.105033162698419)

Next Claim Reward: 11 Claim(s) (WEI): 0.001395682106664967 WETH (1395682106664967 wei)
Next Claim Reward: 11 Claim(s) (USD): $4.51 ($4.512778984141011)

Net profit = (Gross Profit - Gas Cost [Avg])
$4.33 = ($4.51 - $0.18) $4.334272978802899 = ($4.512778984141011 - $0.17850600533811278)


5b. 12 Claim(s):

Total gas cost: 12 Claim(s) (USD): $0.19 ($0.19497090710932333)

Claim Reward: 11 Claim(s) (WEI): 0.001395682106664967 WETH (1395682106664967 wei)
Claim Reward: 11 Claim(s) (USD): $4.51 ($4.512778984141011)

Next Claim Reward: 12 Claim(s) (WEI): 0.001521632707777344 WETH (1521632707777344 wei)
Next Claim Reward: 12 Claim(s) (USD): $4.92 ($4.920025894469355)

Net profit = (Gross Profit - Gas Cost [Avg])
$4.73 = ($4.92 - $0.19) $4.725054987360032 = ($4.920025894469355 - $0.19497090710932333)


5b. 13 Claim(s):

Total gas cost: 13 Claim(s) (USD): $0.21 ($0.2114358088805339)

Claim Reward: 12 Claim(s) (WEI): 0.001521632707777344 WETH (1521632707777344 wei)
Claim Reward: 12 Claim(s) (USD): $4.92 ($4.920025894469355)

Next Claim Reward: 13 Claim(s) (WEI): 0.001647429197795407 WETH (1647429197795407 wei)
Next Claim Reward: 13 Claim(s) (USD): $5.33 ($5.326774504142899)

Net profit = (Gross Profit - Gas Cost [Avg])
$5.12 = ($5.33 - $0.21) $5.115338695262365 = ($5.326774504142899 - $0.2114358088805339)


5b. 14 Claim(s):

Total gas cost: 14 Claim(s) (USD): $0.23 ($0.22790071065174447)

Claim Reward: 13 Claim(s) (WEI): 0.001647429197795407 WETH (1647429197795407 wei)
Claim Reward: 13 Claim(s) (USD): $5.33 ($5.326774504142899)

Next Claim Reward: 14 Claim(s) (WEI): 0.001773071765286976 WETH (1773071765286976 wei)
Next Claim Reward: 14 Claim(s) (USD): $5.73 ($5.733025422874194)

Net profit = (Gross Profit - Gas Cost [Avg])
$5.51 = ($5.73 - $0.23) $5.505124712222449 = ($5.733025422874194 - $0.22790071065174447)


5b. 15 Claim(s):

Total gas cost: 15 Claim(s) (USD): $0.24 ($0.24436561242295501)

Claim Reward: 14 Claim(s) (WEI): 0.001773071765286976 WETH (1773071765286976 wei)
Claim Reward: 14 Claim(s) (USD): $5.73 ($5.733025422874194)

Next Claim Reward: 15 Claim(s) (WEI): 0.00189856059858912 WETH (1898560598589120 wei)
Next Claim Reward: 15 Claim(s) (USD): $6.14 ($6.13877925962968)

Net profit = (Gross Profit - Gas Cost [Avg])
$5.89 = ($6.14 - $0.24) $5.894413647206725 = ($6.13877925962968 - $0.24436561242295501)


5b. 16 Claim(s):

Total gas cost: 16 Claim(s) (USD): $0.26 ($0.2608305141941656)

Claim Reward: 15 Claim(s) (WEI): 0.00189856059858912 WETH (1898560598589120 wei)
Claim Reward: 15 Claim(s) (USD): $6.14 ($6.13877925962968)

Next Claim Reward: 16 Claim(s) (WEI): 0.002023895885808496 WETH (2023895885808496 wei)
Next Claim Reward: 16 Claim(s) (USD): $6.54 ($6.54403662263079)

Net profit = (Gross Profit - Gas Cost [Avg])
$6.28 = ($6.54 - $0.26) $6.283206108436624 = ($6.54403662263079 - $0.2608305141941656)


5b. 17 Claim(s):

Total gas cost: 17 Claim(s) (USD): $0.28 ($0.27729541596537616)

Claim Reward: 16 Claim(s) (WEI): 0.002023895885808496 WETH (2023895885808496 wei)
Claim Reward: 16 Claim(s) (USD): $6.54 ($6.54403662263079)

Next Claim Reward: 17 Claim(s) (WEI): 0.002149077814821576 WETH (2149077814821576 wei)
Next Claim Reward: 17 Claim(s) (USD): $6.95 ($6.948798119354677)

Net profit = (Gross Profit - Gas Cost [Avg])
$6.67 = ($6.95 - $0.28) $6.671502703389301 = ($6.948798119354677 - $0.27729541596537616)


5b. 18 Claim(s):

Total gas cost: 18 Claim(s) (USD): $0.29 ($0.29376031773658673)

Claim Reward: 17 Claim(s) (WEI): 0.002149077814821576 WETH (2149077814821576 wei)
Claim Reward: 17 Claim(s) (USD): $6.95 ($6.948798119354677)

Next Claim Reward: 18 Claim(s) (WEI): 0.00227410657327494 WETH (2274106573274940 wei)
Next Claim Reward: 18 Claim(s) (USD): $7.35 ($7.353064356535165)

Net profit = (Gross Profit - Gas Cost [Avg])
$7.06 = ($7.35 - $0.29) $7.059304038798578 = ($7.353064356535165 - $0.29376031773658673)


5b. 19 Claim(s):

Total gas cost: 19 Claim(s) (USD): $0.31 ($0.3102252195077973)

Claim Reward: 18 Claim(s) (WEI): 0.00227410657327494 WETH (2274106573274940 wei)
Claim Reward: 18 Claim(s) (USD): $7.35 ($7.353064356535165)

Next Claim Reward: 19 Claim(s) (WEI): 0.002398982348585594 WETH (2398982348585594 wei)
Next Claim Reward: 19 Claim(s) (USD): $7.76 ($7.756835940163779)

Net profit = (Gross Profit - Gas Cost [Avg])
$7.45 = ($7.76 - $0.31) $7.446610720655982 = ($7.756835940163779 - $0.3102252195077973)


5b. 20 Claim(s):

Total gas cost: 20 Claim(s) (USD): $0.33 ($0.3266901212790079)

Claim Reward: 19 Claim(s) (WEI): 0.002398982348585594 WETH (2398982348585594 wei)
Claim Reward: 19 Claim(s) (USD): $7.76 ($7.756835940163779)

Next Claim Reward: 20 Claim(s) (WEI): 0.00252370532794118 WETH (2523705327941180 wei)
Next Claim Reward: 20 Claim(s) (USD): $8.16 ($8.160113475490421)

Net profit = (Gross Profit - Gas Cost [Avg])
$7.83 = ($8.16 - $0.33) $7.833423354211414 = ($8.160113475490421 - $0.3266901212790079)


5b. 21 Claim(s):

Total gas cost: 21 Claim(s) (USD): $0.34 ($0.34315502305021844)

Claim Reward: 20 Claim(s) (WEI): 0.00252370532794118 WETH (2523705327941180 wei)
Claim Reward: 20 Claim(s) (USD): $8.16 ($8.160113475490421)

Next Claim Reward: 21 Claim(s) (WEI): 0.002648275698300351 WETH (2648275698300351 wei)
Next Claim Reward: 21 Claim(s) (USD): $8.56 ($8.562897567024578)

Net profit = (Gross Profit - Gas Cost [Avg])
$8.22 = ($8.56 - $0.34) $8.219742543974359 = ($8.562897567024578 - $0.34315502305021844)


5b. 22 Claim(s):

Total gas cost: 22 Claim(s) (USD): $0.36 ($0.35961992482142896)

Claim Reward: 21 Claim(s) (WEI): 0.002648275698300351 WETH (2648275698300351 wei)
Claim Reward: 21 Claim(s) (USD): $8.56 ($8.562897567024578)

Next Claim Reward: 22 Claim(s) (WEI): 0.002772693646392978 WETH (2772693646392978 wei)
Next Claim Reward: 22 Claim(s) (USD): $8.97 ($8.965188818536005)

Net profit = (Gross Profit - Gas Cost [Avg])
$8.61 = ($8.97 - $0.36) $8.605568893714576 = ($8.965188818536005 - $0.35961992482142896)


5b. 23 Claim(s):

Total gas cost: 23 Claim(s) (USD): $0.38 ($0.37608482659263953)

Claim Reward: 22 Claim(s) (WEI): 0.002772693646392978 WETH (2772693646392978 wei)
Claim Reward: 22 Claim(s) (USD): $8.97 ($8.965188818536005)

Next Claim Reward: 23 Claim(s) (WEI): 0.002896959358720448 WETH (2896959358720448 wei)
Next Claim Reward: 23 Claim(s) (USD): $9.37 ($9.366987833055674)

Net profit = (Gross Profit - Gas Cost [Avg])
$8.99 = ($9.37 - $0.38) $8.990903006463034 = ($9.366987833055674 - $0.37608482659263953)


5b. 24 Claim(s):

Total gas cost: 24 Claim(s) (USD): $0.39 ($0.3925497283638501)

Claim Reward: 23 Claim(s) (WEI): 0.002896959358720448 WETH (2896959358720448 wei)
Claim Reward: 23 Claim(s) (USD): $9.37 ($9.366987833055674)

Next Claim Reward: 24 Claim(s) (WEI): 0.003021073021555944 WETH (3021073021555944 wei)
Next Claim Reward: 24 Claim(s) (USD): $9.77 ($9.768295212876687)

Net profit = (Gross Profit - Gas Cost [Avg])
$9.38 = ($9.77 - $0.39) $9.375745484512837 = ($9.768295212876687 - $0.3925497283638501)


5b. 25 Claim(s):

Total gas cost: 25 Claim(s) (USD): $0.41 ($0.4090146301350607)

Claim Reward: 24 Claim(s) (WEI): 0.003021073021555944 WETH (3021073021555944 wei)
Claim Reward: 24 Claim(s) (USD): $9.77 ($9.768295212876687)

Next Claim Reward: 25 Claim(s) (WEI): 0.00314503482094475 WETH (3145034820944750 wei)
Next Claim Reward: 25 Claim(s) (USD): $10.17 ($10.16911155955526)

Net profit = (Gross Profit - Gas Cost [Avg])
$9.76 = ($10.17 - $0.41) $9.760096929420198 = ($10.16911155955526 - $0.4090146301350607)


5b. 26 Claim(s):

Total gas cost: 26 Claim(s) (USD): $0.43 ($0.42547953190627125)

Claim Reward: 25 Claim(s) (WEI): 0.00314503482094475 WETH (3145034820944750 wei)
Claim Reward: 25 Claim(s) (USD): $10.17 ($10.16911155955526)

Next Claim Reward: 26 Claim(s) (WEI): 0.003268844942704484 WETH (3268844942704484 wei)
Next Claim Reward: 26 Claim(s) (USD): $10.57 ($10.56943747391148)

Net profit = (Gross Profit - Gas Cost [Avg])
$10.14 = ($10.57 - $0.43) $10.143957942005208 = ($10.56943747391148 - $0.42547953190627125)


5b. 27 Claim(s):

Total gas cost: 27 Claim(s) (USD): $0.44 ($0.4419444336774818)

Claim Reward: 26 Claim(s) (WEI): 0.003268844942704484 WETH (3268844942704484 wei)
Claim Reward: 26 Claim(s) (USD): $10.57 ($10.56943747391148)

Next Claim Reward: 27 Claim(s) (WEI): 0.0033925035724254 WETH (3392503572425400 wei)
Next Claim Reward: 27 Claim(s) (USD): $10.97 ($10.969273556030274)

Net profit = (Gross Profit - Gas Cost [Avg])
$10.53 = ($10.97 - $0.44) $10.527329122352793 = ($10.969273556030274 - $0.4419444336774818)


5b. 28 Claim(s):

Total gas cost: 28 Claim(s) (USD): $0.46 ($0.4584093354486924)

Claim Reward: 27 Claim(s) (WEI): 0.0033925035724254 WETH (3392503572425400 wei)
Claim Reward: 27 Claim(s) (USD): $10.97 ($10.969273556030274)

Next Claim Reward: 28 Claim(s) (WEI): 0.003516010895470724 WETH (3516010895470724 wei)
Next Claim Reward: 28 Claim(s) (USD): $11.37 ($11.368620405262503)

Net profit = (Gross Profit - Gas Cost [Avg])
$10.91 = ($11.37 - $0.46) $10.91021106981381 = ($11.368620405262503 - $0.4584093354486924)


5b. 29 Claim(s):

Total gas cost: 29 Claim(s) (USD): $0.47 ($0.4748742372199029)

Claim Reward: 28 Claim(s) (WEI): 0.003516010895470724 WETH (3516010895470724 wei)
Claim Reward: 28 Claim(s) (USD): $11.37 ($11.368620405262503)

Next Claim Reward: 29 Claim(s) (WEI): 0.00363936709697677 WETH (3639367096976770 wei)
Next Claim Reward: 29 Claim(s) (USD): $11.77 ($11.767478620225331)

Net profit = (Gross Profit - Gas Cost [Avg])
$11.29 = ($11.77 - $0.47) $11.292604383005429 = ($11.767478620225331 - $0.4748742372199029)


5b. 30 Claim(s):

Total gas cost: 30 Claim(s) (USD): $0.49 ($0.4913391389911135)

Claim Reward: 29 Claim(s) (WEI): 0.00363936709697677 WETH (3639367096976770 wei)
Claim Reward: 29 Claim(s) (USD): $11.77 ($11.767478620225331)

Next Claim Reward: 30 Claim(s) (WEI): 0.00376257236185341 WETH (3762572361853410 wei)
Next Claim Reward: 30 Claim(s) (USD): $12.17 ($12.16584879880375)

Net profit = (Gross Profit - Gas Cost [Avg])
$11.67 = ($12.17 - $0.49) $11.674509659812637 = ($12.16584879880375 - $0.4913391389911135)

******************
5c. Profit/Loss (USD):

Net profit = (Gross Profit - Gas Cost [Max])
$11.28 = ($11.77 - $0.49) $11.276139481234217 = ($11.767478620225331 - $0.4913391389911135)

Submitting transaction to claim 29 prize(s):

0x7fad91a4a29109303188d8758f1a9d60ce988349-0x1A88d28e56d7b2c96F922e0c32Aa2360Fd5644bE-4-127
0x7fad91a4a29109303188d8758f1a9d60ce988349-0x4145406b6A41Ee234a93b1A0062BA4142004b033-4-183
0x7fad91a4a29109303188d8758f1a9d60ce988349-0x231Cd4dCaceB073851CE02Bd782E2A94cD650ed3-4-63
0x7fad91a4a29109303188d8758f1a9d60ce988349-0xa08891Ed7c99c7fe95F89d87366b6FBB1F9fF74B-4-14
0x7fad91a4a29109303188d8758f1a9d60ce988349-0x6877E2b79840B4fa483f543178dc5EEFCed0928e-4-169
0x7fad91a4a29109303188d8758f1a9d60ce988349-0xCB2BA0cebEAD604a01E0D3e4789C063dc4812c7D-4-67
0x7fad91a4a29109303188d8758f1a9d60ce988349-0x5c15fFF59C730Bd3a6d694D885e72929695B9bed-4-110
0x7fad91a4a29109303188d8758f1a9d60ce988349-0xD2411AC1Bbd53505Deb0Aa68B9C230109F81B95F-4-13
0x7fad91a4a29109303188d8758f1a9d60ce988349-0x64AF2Ea40eABAD22Aa08A3EE80317390b9e00CfF-4-255
0x7fad91a4a29109303188d8758f1a9d60ce988349-0x5a0C4864561C09CF4Bd8d203e9679A205FEcA451-4-165
0x7fad91a4a29109303188d8758f1a9d60ce988349-0x1D0dcBaCef436A1924fE8A2aCa7706dB4b441AA2-4-237
0x7fad91a4a29109303188d8758f1a9d60ce988349-0xC27dF3574b067e5Ffba23768A8065210D7766Bd0-4-12
0x7fad91a4a29109303188d8758f1a9d60ce988349-0x05491513D60F0A0020646F84D6537F19aF963Aa8-4-59
0x7fad91a4a29109303188d8758f1a9d60ce988349-0xa9F63CCd4C9BD8D80Bf933dF963CbF9CFffA8CbA-4-141
0x7fad91a4a29109303188d8758f1a9d60ce988349-0x4198654c46A97cAadB061D8Ef8d03bF03b6c716A-4-33
0x7fad91a4a29109303188d8758f1a9d60ce988349-0x5E1cCAFc937497305Cd914979ed4C7eA8C3dF553-4-166
0x7fad91a4a29109303188d8758f1a9d60ce988349-0x30FAb18c9854197F99B877789544A74DC3B0AD40-4-152
0x7fad91a4a29109303188d8758f1a9d60ce988349-0x326e262c7347622a149F543eF7242375b385AF2F-4-131
0x7fad91a4a29109303188d8758f1a9d60ce988349-0x38fA85Bd9A5A87D56E6A7db6f8F769637eEa84F6-4-97
0x7fad91a4a29109303188d8758f1a9d60ce988349-0xe6AaA94f6276C3C4dB1d968BCfe58D408e8c1a2d-4-7
0x7fad91a4a29109303188d8758f1a9d60ce988349-0x45AF1e5222818ECF24ba6E02633697A187Be7264-4-159
0x7fad91a4a29109303188d8758f1a9d60ce988349-0x45AF1e5222818ECF24ba6E02633697A187Be7264-4-166
0x7fad91a4a29109303188d8758f1a9d60ce988349-0x217edFB33EcfC2BB0Fc1E1B6f9a5Ea253a58f784-4-81
0x7fad91a4a29109303188d8758f1a9d60ce988349-0xb9329Ae1Dc02Cc9fd7ceC4A41116dAeCd74fe8B5-4-67
0x7fad91a4a29109303188d8758f1a9d60ce988349-0x75d83F436284a2837fc0b809d59eF98061Ac2BEA-4-237
0x7fad91a4a29109303188d8758f1a9d60ce988349-0x63d6E54231bA6B9A7C92B6fd00f1AbD77d82f9cF-4-52
0x7fad91a4a29109303188d8758f1a9d60ce988349-0x9EA9f5fB64e674b90b3B54ffcAE7BeD19cd84CED-4-114
0x7fad91a4a29109303188d8758f1a9d60ce988349-0xbEB1d345463756639C1C101A2B262F49718a07F7-4-29
0x7fad91a4a29109303188d8758f1a9d60ce988349-0xE9fB3332d2DD965AA579a088377b2aE7AFD9C8D6-4-142



Execute Claim Transaction for Tier #4



Transaction sent! ✔
Transaction hash: 0xfe89b43aa32a2e05add78b52d617d89228d1cb030f26963215c9926b46e14dd1
Waiting on transaction to be confirmed ...
Tx confirmed !




******************
Processing:
Vault:     0x33335296c9b020ca3252e4953c11decfdce816b8
Tier:      #5 (Canary tier)
# prizes:  316

5a. Calculating # of profitable claims ...

Native (Gas) Token ETH Market Rate (USD): $3223.9

Estimated gas limit (wei) (1 prize claim): 0.000000000000175277 ETH (175277 wei)
Estimated gas limit (wei) (2 prize claims): 0.000000000000252711 ETH (252711 wei)

Gas Cost: First Claim (wei): 0.000000000000175277 ETH (175277 wei)
Gas Cost: Each Following Claim (wei): 0.000000000000077434 ETH (77434 wei)

Gas Cost: First Claim (USD): $0.01 $0.012783034312361701
Gas Cost: Each Following Claim (USD): $0.02 $0.015289153277379878

5b. 1 Claim(s):

Total gas cost: 1 Claim(s) (USD): $0.01 ($0.012783034312361701)

Next Claim Reward: 1 Claim(s) (WEI): 0.00001019815274992 WETH (10198152749920 wei)
Next Claim Reward: 1 Claim(s) (USD): $0.03 ($0.03297456432745283)

Net profit = (Gross Profit - Gas Cost [Avg])
$0.02 = ($0.03 - $0.01) $0.020191530015091125 = ($0.03297456432745283 - $0.012783034312361701)


5b. 2 Claim(s):

Total gas cost: 2 Claim(s) (USD): $0.03 ($0.02807218758974158)

Claim Reward: 1 Claim(s) (WEI): 0.00001019815274992 WETH (10198152749920 wei)
Claim Reward: 1 Claim(s) (USD): $0.03 ($0.03297456432745283)

Next Claim Reward: 2 Claim(s) (WEI): 0.00002039630549984 WETH (20396305499840 wei)
Next Claim Reward: 2 Claim(s) (USD): $0.07 ($0.06594912865490565)

Net profit = (Gross Profit - Gas Cost [Avg])
$0.04 = ($0.07 - $0.03) $0.03787694106516407 = ($0.06594912865490565 - $0.02807218758974158)


5b. 3 Claim(s):

Total gas cost: 3 Claim(s) (USD): $0.04 ($0.043361340867121456)

Claim Reward: 2 Claim(s) (WEI): 0.00002039630549984 WETH (20396305499840 wei)
Claim Reward: 2 Claim(s) (USD): $0.07 ($0.06594912865490565)

Next Claim Reward: 3 Claim(s) (WEI): 0.00003059445824976 WETH (30594458249760 wei)
Next Claim Reward: 3 Claim(s) (USD): $0.1 ($0.0989236929823585)

Net profit = (Gross Profit - Gas Cost [Avg])
$0.06 = ($0.1 - $0.04) $0.05556235211523704 = ($0.0989236929823585 - $0.043361340867121456)


5b. 4 Claim(s):

Total gas cost: 4 Claim(s) (USD): $0.06 ($0.05865049414450134)

Claim Reward: 3 Claim(s) (WEI): 0.00003059445824976 WETH (30594458249760 wei)
Claim Reward: 3 Claim(s) (USD): $0.1 ($0.0989236929823585)

Next Claim Reward: 4 Claim(s) (WEI): 0.00004079261099968 WETH (40792610999680 wei)
Next Claim Reward: 4 Claim(s) (USD): $0.13 ($0.1318982573098113)

Net profit = (Gross Profit - Gas Cost [Avg])
$0.07 = ($0.13 - $0.06) $0.07324776316530997 = ($0.1318982573098113 - $0.05865049414450134)


5b. 5 Claim(s):

Total gas cost: 5 Claim(s) (USD): $0.07 ($0.07393964742188121)

Claim Reward: 4 Claim(s) (WEI): 0.00004079261099968 WETH (40792610999680 wei)
Claim Reward: 4 Claim(s) (USD): $0.13 ($0.1318982573098113)

Next Claim Reward: 5 Claim(s) (WEI): 0.0000509907637496 WETH (50990763749600 wei)
Next Claim Reward: 5 Claim(s) (USD): $0.16 ($0.16487282163726413)

Net profit = (Gross Profit - Gas Cost [Avg])
$0.09 = ($0.16 - $0.07) $0.09093317421538293 = ($0.16487282163726413 - $0.07393964742188121)


5b. 6 Claim(s):

Total gas cost: 6 Claim(s) (USD): $0.09 ($0.08922880069926109)

Claim Reward: 5 Claim(s) (WEI): 0.0000509907637496 WETH (50990763749600 wei)
Claim Reward: 5 Claim(s) (USD): $0.16 ($0.16487282163726413)

Next Claim Reward: 6 Claim(s) (WEI): 0.00006118891649952 WETH (61188916499520 wei)
Next Claim Reward: 6 Claim(s) (USD): $0.2 ($0.197847385964717)

Net profit = (Gross Profit - Gas Cost [Avg])
$0.11 = ($0.2 - $0.09) $0.1086185852654559 = ($0.197847385964717 - $0.08922880069926109)


5b. 7 Claim(s):

Total gas cost: 7 Claim(s) (USD): $0.1 ($0.10451795397664097)

Claim Reward: 6 Claim(s) (WEI): 0.00006118891649952 WETH (61188916499520 wei)
Claim Reward: 6 Claim(s) (USD): $0.2 ($0.197847385964717)

Next Claim Reward: 7 Claim(s) (WEI): 0.00007138706924944 WETH (71387069249440 wei)
Next Claim Reward: 7 Claim(s) (USD): $0.23 ($0.23082195029216981)

Net profit = (Gross Profit - Gas Cost [Avg])
$0.13 = ($0.23 - $0.1) $0.12630399631552885 = ($0.23082195029216981 - $0.10451795397664097)


5b. 8 Claim(s):

Total gas cost: 8 Claim(s) (USD): $0.12 ($0.11980710725402084)

Claim Reward: 7 Claim(s) (WEI): 0.00007138706924944 WETH (71387069249440 wei)
Claim Reward: 7 Claim(s) (USD): $0.23 ($0.23082195029216981)

Next Claim Reward: 8 Claim(s) (WEI): 0.00008158522199936 WETH (81585221999360 wei)
Next Claim Reward: 8 Claim(s) (USD): $0.26 ($0.2637965146196226)

Net profit = (Gross Profit - Gas Cost [Avg])
$0.14 = ($0.26 - $0.12) $0.14398940736560178 = ($0.2637965146196226 - $0.11980710725402084)


5b. 9 Claim(s):

Total gas cost: 9 Claim(s) (USD): $0.14 ($0.13509626053140072)

Claim Reward: 8 Claim(s) (WEI): 0.00008158522199936 WETH (81585221999360 wei)
Claim Reward: 8 Claim(s) (USD): $0.26 ($0.2637965146196226)

Next Claim Reward: 9 Claim(s) (WEI): 0.00009178337474928 WETH (91783374749280 wei)
Next Claim Reward: 9 Claim(s) (USD): $0.3 ($0.29677107894707544)

Net profit = (Gross Profit - Gas Cost [Avg])
$0.16 = ($0.3 - $0.14) $0.16167481841567471 = ($0.29677107894707544 - $0.13509626053140072)


5b. 10 Claim(s):

Total gas cost: 10 Claim(s) (USD): $0.15 ($0.1503854138087806)

Claim Reward: 9 Claim(s) (WEI): 0.00009178337474928 WETH (91783374749280 wei)
Claim Reward: 9 Claim(s) (USD): $0.3 ($0.29677107894707544)

Next Claim Reward: 10 Claim(s) (WEI): 0.0001019815274992 WETH (101981527499200 wei)
Next Claim Reward: 10 Claim(s) (USD): $0.33 ($0.32974564327452827)

Net profit = (Gross Profit - Gas Cost [Avg])
$0.18 = ($0.33 - $0.15) $0.17936022946574767 = ($0.32974564327452827 - $0.1503854138087806)


5b. 11 Claim(s):

Total gas cost: 11 Claim(s) (USD): $0.17 ($0.16567456708616046)

Claim Reward: 10 Claim(s) (WEI): 0.0001019815274992 WETH (101981527499200 wei)
Claim Reward: 10 Claim(s) (USD): $0.33 ($0.32974564327452827)

Next Claim Reward: 11 Claim(s) (WEI): 0.00011217968024912 WETH (112179680249120 wei)
Next Claim Reward: 11 Claim(s) (USD): $0.36 ($0.3627202076019811)

Net profit = (Gross Profit - Gas Cost [Avg])
$0.2 = ($0.36 - $0.17) $0.19704564051582063 = ($0.3627202076019811 - $0.16567456708616046)


5b. 12 Claim(s):

Total gas cost: 12 Claim(s) (USD): $0.18 ($0.18096372036354033)

Claim Reward: 11 Claim(s) (WEI): 0.00011217968024912 WETH (112179680249120 wei)
Claim Reward: 11 Claim(s) (USD): $0.36 ($0.3627202076019811)

Next Claim Reward: 12 Claim(s) (WEI): 0.00012237783299904 WETH (122377832999040 wei)
Next Claim Reward: 12 Claim(s) (USD): $0.4 ($0.395694771929434)

Net profit = (Gross Profit - Gas Cost [Avg])
$0.21 = ($0.4 - $0.18) $0.21473105156589364 = ($0.395694771929434 - $0.18096372036354033)


5b. 13 Claim(s):

Total gas cost: 13 Claim(s) (USD): $0.2 ($0.19625287364092023)

Claim Reward: 12 Claim(s) (WEI): 0.00012237783299904 WETH (122377832999040 wei)
Claim Reward: 12 Claim(s) (USD): $0.4 ($0.395694771929434)

Next Claim Reward: 13 Claim(s) (WEI): 0.00013257598574896 WETH (132575985748960 wei)
Next Claim Reward: 13 Claim(s) (USD): $0.43 ($0.4286693362568868)

Net profit = (Gross Profit - Gas Cost [Avg])
$0.23 = ($0.43 - $0.2) $0.23241646261596657 = ($0.4286693362568868 - $0.19625287364092023)


5b. 14 Claim(s):

Total gas cost: 14 Claim(s) (USD): $0.21 ($0.2115420269183001)

Claim Reward: 13 Claim(s) (WEI): 0.00013257598574896 WETH (132575985748960 wei)
Claim Reward: 13 Claim(s) (USD): $0.43 ($0.4286693362568868)

Next Claim Reward: 14 Claim(s) (WEI): 0.00014277413849888 WETH (142774138498880 wei)
Next Claim Reward: 14 Claim(s) (USD): $0.46 ($0.46164390058433963)

Net profit = (Gross Profit - Gas Cost [Avg])
$0.25 = ($0.46 - $0.21) $0.25010187366603953 = ($0.46164390058433963 - $0.2115420269183001)


5b. 15 Claim(s):

Total gas cost: 15 Claim(s) (USD): $0.23 ($0.22683118019567997)

Claim Reward: 14 Claim(s) (WEI): 0.00014277413849888 WETH (142774138498880 wei)
Claim Reward: 14 Claim(s) (USD): $0.46 ($0.46164390058433963)

Next Claim Reward: 15 Claim(s) (WEI): 0.0001529722912488 WETH (152972291248800 wei)
Next Claim Reward: 15 Claim(s) (USD): $0.49 ($0.49461846491179245)

Net profit = (Gross Profit - Gas Cost [Avg])
$0.27 = ($0.49 - $0.23) $0.26778728471611246 = ($0.49461846491179245 - $0.22683118019567997)


5b. 16 Claim(s):

Total gas cost: 16 Claim(s) (USD): $0.24 ($0.24212033347305986)

Claim Reward: 15 Claim(s) (WEI): 0.0001529722912488 WETH (152972291248800 wei)
Claim Reward: 15 Claim(s) (USD): $0.49 ($0.49461846491179245)

Next Claim Reward: 16 Claim(s) (WEI): 0.00016317044399872 WETH (163170443998720 wei)
Next Claim Reward: 16 Claim(s) (USD): $0.53 ($0.5275930292392452)

Net profit = (Gross Profit - Gas Cost [Avg])
$0.29 = ($0.53 - $0.24) $0.2854726957661854 = ($0.5275930292392452 - $0.24212033347305986)


5b. 17 Claim(s):

Total gas cost: 17 Claim(s) (USD): $0.26 ($0.25740948675043973)

Claim Reward: 16 Claim(s) (WEI): 0.00016317044399872 WETH (163170443998720 wei)
Claim Reward: 16 Claim(s) (USD): $0.53 ($0.5275930292392452)

Next Claim Reward: 17 Claim(s) (WEI): 0.00017336859674864 WETH (173368596748640 wei)
Next Claim Reward: 17 Claim(s) (USD): $0.56 ($0.560567593566698)

Net profit = (Gross Profit - Gas Cost [Avg])
$0.3 = ($0.56 - $0.26) $0.3031581068162583 = ($0.560567593566698 - $0.25740948675043973)


5b. 18 Claim(s):

Total gas cost: 18 Claim(s) (USD): $0.27 ($0.2726986400278196)

Claim Reward: 17 Claim(s) (WEI): 0.00017336859674864 WETH (173368596748640 wei)
Claim Reward: 17 Claim(s) (USD): $0.56 ($0.560567593566698)

Next Claim Reward: 18 Claim(s) (WEI): 0.00018356674949856 WETH (183566749498560 wei)
Next Claim Reward: 18 Claim(s) (USD): $0.59 ($0.5935421578941509)

Net profit = (Gross Profit - Gas Cost [Avg])
$0.32 = ($0.59 - $0.27) $0.32084351786633125 = ($0.5935421578941509 - $0.2726986400278196)


5b. 19 Claim(s):

Total gas cost: 19 Claim(s) (USD): $0.29 ($0.2879877933051995)

Claim Reward: 18 Claim(s) (WEI): 0.00018356674949856 WETH (183566749498560 wei)
Claim Reward: 18 Claim(s) (USD): $0.59 ($0.5935421578941509)

Next Claim Reward: 19 Claim(s) (WEI): 0.00019376490224848 WETH (193764902248480 wei)
Next Claim Reward: 19 Claim(s) (USD): $0.63 ($0.6265167222216037)

Net profit = (Gross Profit - Gas Cost [Avg])
$0.34 = ($0.63 - $0.29) $0.3385289289164042 = ($0.6265167222216037 - $0.2879877933051995)


5b. 20 Claim(s):

Total gas cost: 20 Claim(s) (USD): $0.3 ($0.30327694658257937)

Claim Reward: 19 Claim(s) (WEI): 0.00019376490224848 WETH (193764902248480 wei)
Claim Reward: 19 Claim(s) (USD): $0.63 ($0.6265167222216037)

Next Claim Reward: 20 Claim(s) (WEI): 0.0002039630549984 WETH (203963054998400 wei)
Next Claim Reward: 20 Claim(s) (USD): $0.66 ($0.6594912865490565)

Net profit = (Gross Profit - Gas Cost [Avg])
$0.36 = ($0.66 - $0.3) $0.35621433996647717 = ($0.6594912865490565 - $0.30327694658257937)


5b. 21 Claim(s):

Total gas cost: 21 Claim(s) (USD): $0.32 ($0.31856609985995926)

Claim Reward: 20 Claim(s) (WEI): 0.0002039630549984 WETH (203963054998400 wei)
Claim Reward: 20 Claim(s) (USD): $0.66 ($0.6594912865490565)

Next Claim Reward: 21 Claim(s) (WEI): 0.00021416120774832 WETH (214161207748320 wei)
Next Claim Reward: 21 Claim(s) (USD): $0.69 ($0.6924658508765094)

Net profit = (Gross Profit - Gas Cost [Avg])
$0.37 = ($0.69 - $0.32) $0.3738997510165501 = ($0.6924658508765094 - $0.31856609985995926)


5b. 22 Claim(s):

Total gas cost: 22 Claim(s) (USD): $0.33 ($0.33385525313733916)

Claim Reward: 21 Claim(s) (WEI): 0.00021416120774832 WETH (214161207748320 wei)
Claim Reward: 21 Claim(s) (USD): $0.69 ($0.6924658508765094)

Next Claim Reward: 22 Claim(s) (WEI): 0.00022435936049824 WETH (224359360498240 wei)
Next Claim Reward: 22 Claim(s) (USD): $0.73 ($0.7254404152039622)

Net profit = (Gross Profit - Gas Cost [Avg])
$0.39 = ($0.73 - $0.33) $0.391585162066623 = ($0.7254404152039622 - $0.33385525313733916)


5b. 23 Claim(s):

Total gas cost: 23 Claim(s) (USD): $0.35 ($0.349144406414719)

Claim Reward: 22 Claim(s) (WEI): 0.00022435936049824 WETH (224359360498240 wei)
Claim Reward: 22 Claim(s) (USD): $0.73 ($0.7254404152039622)

Next Claim Reward: 23 Claim(s) (WEI): 0.00023455751324816 WETH (234557513248160 wei)
Next Claim Reward: 23 Claim(s) (USD): $0.76 ($0.758414979531415)

Net profit = (Gross Profit - Gas Cost [Avg])
$0.41 = ($0.76 - $0.35) $0.409270573116696 = ($0.758414979531415 - $0.349144406414719)


5b. 24 Claim(s):

Total gas cost: 24 Claim(s) (USD): $0.36 ($0.3644335596920989)

Claim Reward: 23 Claim(s) (WEI): 0.00023455751324816 WETH (234557513248160 wei)
Claim Reward: 23 Claim(s) (USD): $0.76 ($0.758414979531415)

Next Claim Reward: 24 Claim(s) (WEI): 0.00024475566599808 WETH (244755665998080 wei)
Next Claim Reward: 24 Claim(s) (USD): $0.79 ($0.791389543858868)

Net profit = (Gross Profit - Gas Cost [Avg])
$0.43 = ($0.79 - $0.36) $0.42695598416676905 = ($0.791389543858868 - $0.3644335596920989)


5b. 25 Claim(s):

Total gas cost: 25 Claim(s) (USD): $0.38 ($0.3797227129694788)

Claim Reward: 24 Claim(s) (WEI): 0.00024475566599808 WETH (244755665998080 wei)
Claim Reward: 24 Claim(s) (USD): $0.79 ($0.791389543858868)

Next Claim Reward: 25 Claim(s) (WEI): 0.000254953818748 WETH (254953818748000 wei)
Next Claim Reward: 25 Claim(s) (USD): $0.82 ($0.8243641081863207)

Net profit = (Gross Profit - Gas Cost [Avg])
$0.44 = ($0.82 - $0.38) $0.4446413952168419 = ($0.8243641081863207 - $0.3797227129694788)


5b. 26 Claim(s):

Total gas cost: 26 Claim(s) (USD): $0.4 ($0.39501186624685863)

Claim Reward: 25 Claim(s) (WEI): 0.000254953818748 WETH (254953818748000 wei)
Claim Reward: 25 Claim(s) (USD): $0.82 ($0.8243641081863207)

Next Claim Reward: 26 Claim(s) (WEI): 0.00026515197149792 WETH (265151971497920 wei)
Next Claim Reward: 26 Claim(s) (USD): $0.86 ($0.8573386725137736)

Net profit = (Gross Profit - Gas Cost [Avg])
$0.46 = ($0.86 - $0.4) $0.46232680626691497 = ($0.8573386725137736 - $0.39501186624685863)


5b. 27 Claim(s):

Total gas cost: 27 Claim(s) (USD): $0.41 ($0.41030101952423853)

Claim Reward: 26 Claim(s) (WEI): 0.00026515197149792 WETH (265151971497920 wei)
Claim Reward: 26 Claim(s) (USD): $0.86 ($0.8573386725137736)

Next Claim Reward: 27 Claim(s) (WEI): 0.00027535012424784 WETH (275350124247840 wei)
Next Claim Reward: 27 Claim(s) (USD): $0.89 ($0.8903132368412263)

Net profit = (Gross Profit - Gas Cost [Avg])
$0.48 = ($0.89 - $0.41) $0.4800122173169878 = ($0.8903132368412263 - $0.41030101952423853)


5b. 28 Claim(s):

Total gas cost: 28 Claim(s) (USD): $0.43 ($0.4255901728016184)

Claim Reward: 27 Claim(s) (WEI): 0.00027535012424784 WETH (275350124247840 wei)
Claim Reward: 27 Claim(s) (USD): $0.89 ($0.8903132368412263)

Next Claim Reward: 28 Claim(s) (WEI): 0.00028554827699776 WETH (285548276997760 wei)
Next Claim Reward: 28 Claim(s) (USD): $0.92 ($0.9232878011686793)

Net profit = (Gross Profit - Gas Cost [Avg])
$0.5 = ($0.92 - $0.43) $0.49769762836706083 = ($0.9232878011686793 - $0.4255901728016184)


5b. 29 Claim(s):

Total gas cost: 29 Claim(s) (USD): $0.44 ($0.44087932607899827)

Claim Reward: 28 Claim(s) (WEI): 0.00028554827699776 WETH (285548276997760 wei)
Claim Reward: 28 Claim(s) (USD): $0.92 ($0.9232878011686793)

Next Claim Reward: 29 Claim(s) (WEI): 0.00029574642974768 WETH (295746429747680 wei)
Next Claim Reward: 29 Claim(s) (USD): $0.96 ($0.956262365496132)

Net profit = (Gross Profit - Gas Cost [Avg])
$0.52 = ($0.96 - $0.44) $0.5153830394171337 = ($0.956262365496132 - $0.44087932607899827)


5b. 30 Claim(s):

Total gas cost: 30 Claim(s) (USD): $0.46 ($0.45616847935637816)

Claim Reward: 29 Claim(s) (WEI): 0.00029574642974768 WETH (295746429747680 wei)
Claim Reward: 29 Claim(s) (USD): $0.96 ($0.956262365496132)

Next Claim Reward: 30 Claim(s) (WEI): 0.0003059445824976 WETH (305944582497600 wei)
Next Claim Reward: 30 Claim(s) (USD): $0.99 ($0.9892369298235849)

Net profit = (Gross Profit - Gas Cost [Avg])
$0.53 = ($0.99 - $0.46) $0.5330684504672067 = ($0.9892369298235849 - $0.45616847935637816)

******************
5c. Profit/Loss (USD):

Net profit = (Gross Profit - Gas Cost [Max])
$0.5 = ($0.96 - $0.46) $0.5000938861397538 = ($0.956262365496132 - $0.45616847935637816)

Submitting transaction to claim 29 prize(s):

0x33335296c9b020ca3252e4953c11decfdce816b8-0x9F843ed8eb476aE43a3C538De81C15d782232D3e-5-604
0x33335296c9b020ca3252e4953c11decfdce816b8-0xdab2212c9b3e02421fce30434dFA56d63771801a-5-316
0x33335296c9b020ca3252e4953c11decfdce816b8-0xE6725CC179Ee266107EEdD4B447cDA426c414F46-5-522
0x33335296c9b020ca3252e4953c11decfdce816b8-0xe466eBB920f8a8c6f0C1A174DD7BfE273446B3A9-5-759
0x33335296c9b020ca3252e4953c11decfdce816b8-0xbEFA2EC574D7a8B4C77b602B141474209cC0B5F4-5-848
0x33335296c9b020ca3252e4953c11decfdce816b8-0x3Cb60586F8189f772931593EB2020AB981D75aA0-5-813
0x33335296c9b020ca3252e4953c11decfdce816b8-0xb3f86a05F5296454B0Be18d147BB7A9681394D3a-5-87
0x33335296c9b020ca3252e4953c11decfdce816b8-0x3f0219aADC6E5DBF620F34db0C9Edb59884FEb22-5-114
0x33335296c9b020ca3252e4953c11decfdce816b8-0x493e92fE2D682cA2703217847343B938211ea97E-5-637
0x33335296c9b020ca3252e4953c11decfdce816b8-0x42c2c712C2f4EBf86431FA45d4a29fB45d34A493-5-630
0x33335296c9b020ca3252e4953c11decfdce816b8-0xe6539AC7cC851f5f91dA1B9698a2a0cb21D6fa7f-5-995
0x33335296c9b020ca3252e4953c11decfdce816b8-0x98209d12De322F3FBd1D92bE9E9a0D41184112AF-5-761
0x33335296c9b020ca3252e4953c11decfdce816b8-0xa94738B64b7a3DeD3543105837156C6D59Dea18E-5-603
0x33335296c9b020ca3252e4953c11decfdce816b8-0xB5745503C544B6a8981eb05adB22962e6357d03D-5-475
0x33335296c9b020ca3252e4953c11decfdce816b8-0x10c48c425a8a9220db90CDe655b8FE9E1faC75dC-5-307
0x33335296c9b020ca3252e4953c11decfdce816b8-0x8f1E117af3aa8B81009BB528089C55330d7fd627-5-874
0x33335296c9b020ca3252e4953c11decfdce816b8-0x22952E1dB9ADE16488A2C3ea8bc5314a3B14D38d-5-584
0x33335296c9b020ca3252e4953c11decfdce816b8-0xdbF558d8B9515ee1A0e9E9b990B44F731Df46FDf-5-333
0x33335296c9b020ca3252e4953c11decfdce816b8-0x5c3D9ccE570FF5ecFb7986E09e8B1B8fa1F85093-5-360
0x33335296c9b020ca3252e4953c11decfdce816b8-0x48843476302e01b9429D0cd63ED6D35c248400AD-5-709
0x33335296c9b020ca3252e4953c11decfdce816b8-0x8E7350DF2973d792FAE829795c6A3d8b9FF9Eacc-5-820
0x33335296c9b020ca3252e4953c11decfdce816b8-0x7A80e317BD5f99c333BFEf52E68D029ddd550B41-5-524
0x33335296c9b020ca3252e4953c11decfdce816b8-0x86249835B46951A460D99850C19DEc2c216f7cF6-5-211
0x33335296c9b020ca3252e4953c11decfdce816b8-0x782f60b99eD452382ac2cbFb23AB587650270C90-5-44
0x33335296c9b020ca3252e4953c11decfdce816b8-0x782f60b99eD452382ac2cbFb23AB587650270C90-5-722
0x33335296c9b020ca3252e4953c11decfdce816b8-0x4452136363459E8723caE1A03379662f4Ccf3560-5-223
0x33335296c9b020ca3252e4953c11decfdce816b8-0x0F70d155835890F634ba74497675229EB62E3eF5-5-757
0x33335296c9b020ca3252e4953c11decfdce816b8-0x688Bc818e45b845ed1f03557d948828c0A04e24d-5-204
0x33335296c9b020ca3252e4953c11decfdce816b8-0x4C7aa9c56c7C525a6344a092e29c8a6C8E84a6ED-5-404



Execute Claim Transaction for Tier #5 (Canary tier)



Transaction sent! ✔
Transaction hash: 0x509b716efa68476fa00f8f5c8fe35677162a517ac480b90b1328e7b48111c52f
Waiting on transaction to be confirmed ...
Tx confirmed !




******************
Processing:
Vault:     0x7fad91a4a29109303188d8758f1a9d60ce988349
Tier:      #5 (Canary tier)
# prizes:  499

5a. Calculating # of profitable claims ...

Native (Gas) Token ETH Market Rate (USD): $3223.9

Estimated gas limit (wei) (1 prize claim): 0.000000000000175277 ETH (175277 wei)
Estimated gas limit (wei) (2 prize claims): 0.000000000000252711 ETH (252711 wei)

Gas Cost: First Claim (wei): 0.000000000000175277 ETH (175277 wei)
Gas Cost: Each Following Claim (wei): 0.000000000000077434 ETH (77434 wei)

Gas Cost: First Claim (USD): $0.01 $0.014301510870082279
Gas Cost: Each Following Claim (USD): $0.02 $0.017158313272203827

5b. 1 Claim(s):

Total gas cost: 1 Claim(s) (USD): $0.01 ($0.014301510870082279)

Next Claim Reward: 1 Claim(s) (WEI): 0.00001019815274992 WETH (10198152749920 wei)
Next Claim Reward: 1 Claim(s) (USD): $0.03 ($0.03297456432745283)

Net profit = (Gross Profit - Gas Cost [Avg])
$0.02 = ($0.03 - $0.01) $0.018673053457370546 = ($0.03297456432745283 - $0.014301510870082279)


5b. 2 Claim(s):

Total gas cost: 2 Claim(s) (USD): $0.03 ($0.031459824142286104)

Claim Reward: 1 Claim(s) (WEI): 0.00001019815274992 WETH (10198152749920 wei)
Claim Reward: 1 Claim(s) (USD): $0.03 ($0.03297456432745283)

Next Claim Reward: 2 Claim(s) (WEI): 0.00002039630549984 WETH (20396305499840 wei)
Next Claim Reward: 2 Claim(s) (USD): $0.07 ($0.06594912865490565)

Net profit = (Gross Profit - Gas Cost [Avg])
$0.03 = ($0.07 - $0.03) $0.03448930451261955 = ($0.06594912865490565 - $0.031459824142286104)


5b. 3 Claim(s):

Total gas cost: 3 Claim(s) (USD): $0.05 ($0.048618137414489934)

Claim Reward: 2 Claim(s) (WEI): 0.00002039630549984 WETH (20396305499840 wei)
Claim Reward: 2 Claim(s) (USD): $0.07 ($0.06594912865490565)

Next Claim Reward: 3 Claim(s) (WEI): 0.00003059445824976 WETH (30594458249760 wei)
Next Claim Reward: 3 Claim(s) (USD): $0.1 ($0.0989236929823585)

Net profit = (Gross Profit - Gas Cost [Avg])
$0.05 = ($0.1 - $0.05) $0.05030555556786856 = ($0.0989236929823585 - $0.048618137414489934)


5b. 4 Claim(s):

Total gas cost: 4 Claim(s) (USD): $0.07 ($0.06577645068669376)

Claim Reward: 3 Claim(s) (WEI): 0.00003059445824976 WETH (30594458249760 wei)
Claim Reward: 3 Claim(s) (USD): $0.1 ($0.0989236929823585)

Next Claim Reward: 4 Claim(s) (WEI): 0.00004079261099968 WETH (40792610999680 wei)
Next Claim Reward: 4 Claim(s) (USD): $0.13 ($0.1318982573098113)

Net profit = (Gross Profit - Gas Cost [Avg])
$0.07 = ($0.13 - $0.07) $0.06612180662311755 = ($0.1318982573098113 - $0.06577645068669376)


5b. 5 Claim(s):

Total gas cost: 5 Claim(s) (USD): $0.08 ($0.08293476395889758)

Claim Reward: 4 Claim(s) (WEI): 0.00004079261099968 WETH (40792610999680 wei)
Claim Reward: 4 Claim(s) (USD): $0.13 ($0.1318982573098113)

Next Claim Reward: 5 Claim(s) (WEI): 0.0000509907637496 WETH (50990763749600 wei)
Next Claim Reward: 5 Claim(s) (USD): $0.16 ($0.16487282163726413)

Net profit = (Gross Profit - Gas Cost [Avg])
$0.08 = ($0.16 - $0.08) $0.08193805767836655 = ($0.16487282163726413 - $0.08293476395889758)


5b. 6 Claim(s):

Total gas cost: 6 Claim(s) (USD): $0.1 ($0.1000930772311014)

Claim Reward: 5 Claim(s) (WEI): 0.0000509907637496 WETH (50990763749600 wei)
Claim Reward: 5 Claim(s) (USD): $0.16 ($0.16487282163726413)

Next Claim Reward: 6 Claim(s) (WEI): 0.00006118891649952 WETH (61188916499520 wei)
Next Claim Reward: 6 Claim(s) (USD): $0.2 ($0.197847385964717)

Net profit = (Gross Profit - Gas Cost [Avg])
$0.1 = ($0.2 - $0.1) $0.09775430873361558 = ($0.197847385964717 - $0.1000930772311014)


5b. 7 Claim(s):

Total gas cost: 7 Claim(s) (USD): $0.12 ($0.11725139050330524)

Claim Reward: 6 Claim(s) (WEI): 0.00006118891649952 WETH (61188916499520 wei)
Claim Reward: 6 Claim(s) (USD): $0.2 ($0.197847385964717)

Next Claim Reward: 7 Claim(s) (WEI): 0.00007138706924944 WETH (71387069249440 wei)
Next Claim Reward: 7 Claim(s) (USD): $0.23 ($0.23082195029216981)

Net profit = (Gross Profit - Gas Cost [Avg])
$0.11 = ($0.23 - $0.12) $0.11357055978886457 = ($0.23082195029216981 - $0.11725139050330524)


5b. 8 Claim(s):

Total gas cost: 8 Claim(s) (USD): $0.13 ($0.13440970377550907)

Claim Reward: 7 Claim(s) (WEI): 0.00007138706924944 WETH (71387069249440 wei)
Claim Reward: 7 Claim(s) (USD): $0.23 ($0.23082195029216981)

Next Claim Reward: 8 Claim(s) (WEI): 0.00008158522199936 WETH (81585221999360 wei)
Next Claim Reward: 8 Claim(s) (USD): $0.26 ($0.2637965146196226)

Net profit = (Gross Profit - Gas Cost [Avg])
$0.13 = ($0.26 - $0.13) $0.12938681084411355 = ($0.2637965146196226 - $0.13440970377550907)


5b. 9 Claim(s):

Total gas cost: 9 Claim(s) (USD): $0.15 ($0.1515680170477129)

Claim Reward: 8 Claim(s) (WEI): 0.00008158522199936 WETH (81585221999360 wei)
Claim Reward: 8 Claim(s) (USD): $0.26 ($0.2637965146196226)

Next Claim Reward: 9 Claim(s) (WEI): 0.00009178337474928 WETH (91783374749280 wei)
Next Claim Reward: 9 Claim(s) (USD): $0.3 ($0.29677107894707544)

Net profit = (Gross Profit - Gas Cost [Avg])
$0.15 = ($0.3 - $0.15) $0.14520306189936255 = ($0.29677107894707544 - $0.1515680170477129)


5b. 10 Claim(s):

Total gas cost: 10 Claim(s) (USD): $0.17 ($0.1687263303199167)

Claim Reward: 9 Claim(s) (WEI): 0.00009178337474928 WETH (91783374749280 wei)
Claim Reward: 9 Claim(s) (USD): $0.3 ($0.29677107894707544)

Next Claim Reward: 10 Claim(s) (WEI): 0.0001019815274992 WETH (101981527499200 wei)
Next Claim Reward: 10 Claim(s) (USD): $0.33 ($0.32974564327452827)

Net profit = (Gross Profit - Gas Cost [Avg])
$0.16 = ($0.33 - $0.17) $0.16101931295461155 = ($0.32974564327452827 - $0.1687263303199167)


5b. 11 Claim(s):

Total gas cost: 11 Claim(s) (USD): $0.19 ($0.18588464359212054)

Claim Reward: 10 Claim(s) (WEI): 0.0001019815274992 WETH (101981527499200 wei)
Claim Reward: 10 Claim(s) (USD): $0.33 ($0.32974564327452827)

Next Claim Reward: 11 Claim(s) (WEI): 0.00011217968024912 WETH (112179680249120 wei)
Next Claim Reward: 11 Claim(s) (USD): $0.36 ($0.3627202076019811)

Net profit = (Gross Profit - Gas Cost [Avg])
$0.18 = ($0.36 - $0.19) $0.17683556400986056 = ($0.3627202076019811 - $0.18588464359212054)


5b. 12 Claim(s):

Total gas cost: 12 Claim(s) (USD): $0.2 ($0.20304295686432436)

Claim Reward: 11 Claim(s) (WEI): 0.00011217968024912 WETH (112179680249120 wei)
Claim Reward: 11 Claim(s) (USD): $0.36 ($0.3627202076019811)

Next Claim Reward: 12 Claim(s) (WEI): 0.00012237783299904 WETH (122377832999040 wei)
Next Claim Reward: 12 Claim(s) (USD): $0.4 ($0.395694771929434)

Net profit = (Gross Profit - Gas Cost [Avg])
$0.19 = ($0.4 - $0.2) $0.19265181506510962 = ($0.395694771929434 - $0.20304295686432436)


5b. 13 Claim(s):

Total gas cost: 13 Claim(s) (USD): $0.22 ($0.2202012701365282)

Claim Reward: 12 Claim(s) (WEI): 0.00012237783299904 WETH (122377832999040 wei)
Claim Reward: 12 Claim(s) (USD): $0.4 ($0.395694771929434)

Next Claim Reward: 13 Claim(s) (WEI): 0.00013257598574896 WETH (132575985748960 wei)
Next Claim Reward: 13 Claim(s) (USD): $0.43 ($0.4286693362568868)

Net profit = (Gross Profit - Gas Cost [Avg])
$0.21 = ($0.43 - $0.22) $0.2084680661203586 = ($0.4286693362568868 - $0.2202012701365282)


5b. 14 Claim(s):

Total gas cost: 14 Claim(s) (USD): $0.24 ($0.23735958340873203)

Claim Reward: 13 Claim(s) (WEI): 0.00013257598574896 WETH (132575985748960 wei)
Claim Reward: 13 Claim(s) (USD): $0.43 ($0.4286693362568868)

Next Claim Reward: 14 Claim(s) (WEI): 0.00014277413849888 WETH (142774138498880 wei)
Next Claim Reward: 14 Claim(s) (USD): $0.46 ($0.46164390058433963)

Net profit = (Gross Profit - Gas Cost [Avg])
$0.22 = ($0.46 - $0.24) $0.2242843171756076 = ($0.46164390058433963 - $0.23735958340873203)


5b. 15 Claim(s):

Total gas cost: 15 Claim(s) (USD): $0.25 ($0.2545178966809359)

Claim Reward: 14 Claim(s) (WEI): 0.00014277413849888 WETH (142774138498880 wei)
Claim Reward: 14 Claim(s) (USD): $0.46 ($0.46164390058433963)

Next Claim Reward: 15 Claim(s) (WEI): 0.0001529722912488 WETH (152972291248800 wei)
Next Claim Reward: 15 Claim(s) (USD): $0.49 ($0.49461846491179245)

Net profit = (Gross Profit - Gas Cost [Avg])
$0.24 = ($0.49 - $0.25) $0.24010056823085657 = ($0.49461846491179245 - $0.2545178966809359)


5b. 16 Claim(s):

Total gas cost: 16 Claim(s) (USD): $0.27 ($0.2716762099531397)

Claim Reward: 15 Claim(s) (WEI): 0.0001529722912488 WETH (152972291248800 wei)
Claim Reward: 15 Claim(s) (USD): $0.49 ($0.49461846491179245)

Next Claim Reward: 16 Claim(s) (WEI): 0.00016317044399872 WETH (163170443998720 wei)
Next Claim Reward: 16 Claim(s) (USD): $0.53 ($0.5275930292392452)

Net profit = (Gross Profit - Gas Cost [Avg])
$0.26 = ($0.53 - $0.27) $0.25591681928610555 = ($0.5275930292392452 - $0.2716762099531397)


5b. 17 Claim(s):

Total gas cost: 17 Claim(s) (USD): $0.29 ($0.28883452322534353)

Claim Reward: 16 Claim(s) (WEI): 0.00016317044399872 WETH (163170443998720 wei)
Claim Reward: 16 Claim(s) (USD): $0.53 ($0.5275930292392452)

Next Claim Reward: 17 Claim(s) (WEI): 0.00017336859674864 WETH (173368596748640 wei)
Next Claim Reward: 17 Claim(s) (USD): $0.56 ($0.560567593566698)

Net profit = (Gross Profit - Gas Cost [Avg])
$0.27 = ($0.56 - $0.29) $0.2717330703413545 = ($0.560567593566698 - $0.28883452322534353)


5b. 18 Claim(s):

Total gas cost: 18 Claim(s) (USD): $0.31 ($0.3059928364975474)

Claim Reward: 17 Claim(s) (WEI): 0.00017336859674864 WETH (173368596748640 wei)
Claim Reward: 17 Claim(s) (USD): $0.56 ($0.560567593566698)

Next Claim Reward: 18 Claim(s) (WEI): 0.00018356674949856 WETH (183566749498560 wei)
Next Claim Reward: 18 Claim(s) (USD): $0.59 ($0.5935421578941509)

Net profit = (Gross Profit - Gas Cost [Avg])
$0.29 = ($0.59 - $0.31) $0.2875493213966035 = ($0.5935421578941509 - $0.3059928364975474)


5b. 19 Claim(s):

Total gas cost: 19 Claim(s) (USD): $0.32 ($0.3231511497697512)

Claim Reward: 18 Claim(s) (WEI): 0.00018356674949856 WETH (183566749498560 wei)
Claim Reward: 18 Claim(s) (USD): $0.59 ($0.5935421578941509)

Next Claim Reward: 19 Claim(s) (WEI): 0.00019376490224848 WETH (193764902248480 wei)
Next Claim Reward: 19 Claim(s) (USD): $0.63 ($0.6265167222216037)

Net profit = (Gross Profit - Gas Cost [Avg])
$0.3 = ($0.63 - $0.32) $0.3033655724518525 = ($0.6265167222216037 - $0.3231511497697512)


5b. 20 Claim(s):

Total gas cost: 20 Claim(s) (USD): $0.34 ($0.34030946304195503)

Claim Reward: 19 Claim(s) (WEI): 0.00019376490224848 WETH (193764902248480 wei)
Claim Reward: 19 Claim(s) (USD): $0.63 ($0.6265167222216037)

Next Claim Reward: 20 Claim(s) (WEI): 0.0002039630549984 WETH (203963054998400 wei)
Next Claim Reward: 20 Claim(s) (USD): $0.66 ($0.6594912865490565)

Net profit = (Gross Profit - Gas Cost [Avg])
$0.32 = ($0.66 - $0.34) $0.3191818235071015 = ($0.6594912865490565 - $0.34030946304195503)


5b. 21 Claim(s):

Total gas cost: 21 Claim(s) (USD): $0.36 ($0.3574677763141588)

Claim Reward: 20 Claim(s) (WEI): 0.0002039630549984 WETH (203963054998400 wei)
Claim Reward: 20 Claim(s) (USD): $0.66 ($0.6594912865490565)

Next Claim Reward: 21 Claim(s) (WEI): 0.00021416120774832 WETH (214161207748320 wei)
Next Claim Reward: 21 Claim(s) (USD): $0.69 ($0.6924658508765094)

Net profit = (Gross Profit - Gas Cost [Avg])
$0.33 = ($0.69 - $0.36) $0.33499807456235053 = ($0.6924658508765094 - $0.3574677763141588)


5b. 22 Claim(s):

Total gas cost: 22 Claim(s) (USD): $0.37 ($0.3746260895863627)

Claim Reward: 21 Claim(s) (WEI): 0.00021416120774832 WETH (214161207748320 wei)
Claim Reward: 21 Claim(s) (USD): $0.69 ($0.6924658508765094)

Next Claim Reward: 22 Claim(s) (WEI): 0.00022435936049824 WETH (224359360498240 wei)
Next Claim Reward: 22 Claim(s) (USD): $0.73 ($0.7254404152039622)

Net profit = (Gross Profit - Gas Cost [Avg])
$0.35 = ($0.73 - $0.37) $0.3508143256175995 = ($0.7254404152039622 - $0.3746260895863627)


5b. 23 Claim(s):

Total gas cost: 23 Claim(s) (USD): $0.39 ($0.39178440285856647)

Claim Reward: 22 Claim(s) (WEI): 0.00022435936049824 WETH (224359360498240 wei)
Claim Reward: 22 Claim(s) (USD): $0.73 ($0.7254404152039622)

Next Claim Reward: 23 Claim(s) (WEI): 0.00023455751324816 WETH (234557513248160 wei)
Next Claim Reward: 23 Claim(s) (USD): $0.76 ($0.758414979531415)

Net profit = (Gross Profit - Gas Cost [Avg])
$0.37 = ($0.76 - $0.39) $0.36663057667284854 = ($0.758414979531415 - $0.39178440285856647)


5b. 24 Claim(s):

Total gas cost: 24 Claim(s) (USD): $0.41 ($0.4089427161307703)

Claim Reward: 23 Claim(s) (WEI): 0.00023455751324816 WETH (234557513248160 wei)
Claim Reward: 23 Claim(s) (USD): $0.76 ($0.758414979531415)

Next Claim Reward: 24 Claim(s) (WEI): 0.00024475566599808 WETH (244755665998080 wei)
Next Claim Reward: 24 Claim(s) (USD): $0.79 ($0.791389543858868)

Net profit = (Gross Profit - Gas Cost [Avg])
$0.38 = ($0.79 - $0.41) $0.3824468277280976 = ($0.791389543858868 - $0.4089427161307703)


5b. 25 Claim(s):

Total gas cost: 25 Claim(s) (USD): $0.43 ($0.4261010294029742)

Claim Reward: 24 Claim(s) (WEI): 0.00024475566599808 WETH (244755665998080 wei)
Claim Reward: 24 Claim(s) (USD): $0.79 ($0.791389543858868)

Next Claim Reward: 25 Claim(s) (WEI): 0.000254953818748 WETH (254953818748000 wei)
Next Claim Reward: 25 Claim(s) (USD): $0.82 ($0.8243641081863207)

Net profit = (Gross Profit - Gas Cost [Avg])
$0.4 = ($0.82 - $0.43) $0.3982630787833465 = ($0.8243641081863207 - $0.4261010294029742)


5b. 26 Claim(s):

Total gas cost: 26 Claim(s) (USD): $0.44 ($0.44325934267517797)

Claim Reward: 25 Claim(s) (WEI): 0.000254953818748 WETH (254953818748000 wei)
Claim Reward: 25 Claim(s) (USD): $0.82 ($0.8243641081863207)

Next Claim Reward: 26 Claim(s) (WEI): 0.00026515197149792 WETH (265151971497920 wei)
Next Claim Reward: 26 Claim(s) (USD): $0.86 ($0.8573386725137736)

Net profit = (Gross Profit - Gas Cost [Avg])
$0.41 = ($0.86 - $0.44) $0.41407932983859563 = ($0.8573386725137736 - $0.44325934267517797)


5b. 27 Claim(s):

Total gas cost: 27 Claim(s) (USD): $0.46 ($0.4604176559473818)

Claim Reward: 26 Claim(s) (WEI): 0.00026515197149792 WETH (265151971497920 wei)
Claim Reward: 26 Claim(s) (USD): $0.86 ($0.8573386725137736)

Next Claim Reward: 27 Claim(s) (WEI): 0.00027535012424784 WETH (275350124247840 wei)
Next Claim Reward: 27 Claim(s) (USD): $0.89 ($0.8903132368412263)

Net profit = (Gross Profit - Gas Cost [Avg])
$0.43 = ($0.89 - $0.46) $0.4298955808938445 = ($0.8903132368412263 - $0.4604176559473818)


5b. 28 Claim(s):

Total gas cost: 28 Claim(s) (USD): $0.48 ($0.4775759692195856)

Claim Reward: 27 Claim(s) (WEI): 0.00027535012424784 WETH (275350124247840 wei)
Claim Reward: 27 Claim(s) (USD): $0.89 ($0.8903132368412263)

Next Claim Reward: 28 Claim(s) (WEI): 0.00028554827699776 WETH (285548276997760 wei)
Next Claim Reward: 28 Claim(s) (USD): $0.92 ($0.9232878011686793)

Net profit = (Gross Profit - Gas Cost [Avg])
$0.45 = ($0.92 - $0.48) $0.44571183194909364 = ($0.9232878011686793 - $0.4775759692195856)


5b. 29 Claim(s):

Total gas cost: 29 Claim(s) (USD): $0.49 ($0.49473428249178947)

Claim Reward: 28 Claim(s) (WEI): 0.00028554827699776 WETH (285548276997760 wei)
Claim Reward: 28 Claim(s) (USD): $0.92 ($0.9232878011686793)

Next Claim Reward: 29 Claim(s) (WEI): 0.00029574642974768 WETH (295746429747680 wei)
Next Claim Reward: 29 Claim(s) (USD): $0.96 ($0.956262365496132)

Net profit = (Gross Profit - Gas Cost [Avg])
$0.46 = ($0.96 - $0.49) $0.4615280830043425 = ($0.956262365496132 - $0.49473428249178947)


5b. 30 Claim(s):

Total gas cost: 30 Claim(s) (USD): $0.51 ($0.5118925957639933)

Claim Reward: 29 Claim(s) (WEI): 0.00029574642974768 WETH (295746429747680 wei)
Claim Reward: 29 Claim(s) (USD): $0.96 ($0.956262365496132)

Next Claim Reward: 30 Claim(s) (WEI): 0.0003059445824976 WETH (305944582497600 wei)
Next Claim Reward: 30 Claim(s) (USD): $0.99 ($0.9892369298235849)

Net profit = (Gross Profit - Gas Cost [Avg])
$0.48 = ($0.99 - $0.51) $0.47734433405959165 = ($0.9892369298235849 - $0.5118925957639933)

******************
5c. Profit/Loss (USD):

Net profit = (Gross Profit - Gas Cost [Max])
$0.44 = ($0.96 - $0.51) $0.4443697697321387 = ($0.956262365496132 - $0.5118925957639933)

Submitting transaction to claim 29 prize(s):

0x7fad91a4a29109303188d8758f1a9d60ce988349-0x66B1629Eb0e9F2296a3073CB7025613f4fae85cf-5-731
0x7fad91a4a29109303188d8758f1a9d60ce988349-0x6e5eF2D476Fdb074B42E613FFd78957283c69265-5-900
0x7fad91a4a29109303188d8758f1a9d60ce988349-0xa44dCE6d213e30c3cC39c5f43D439935b3b06992-5-312
0x7fad91a4a29109303188d8758f1a9d60ce988349-0xb856f42E0610f63B206E87aaB8De981d91eAFeDd-5-841
0x7fad91a4a29109303188d8758f1a9d60ce988349-0x8Ee9d6d67fe64D4A874371d5c9bCF7D1cf7E107e-5-671
0x7fad91a4a29109303188d8758f1a9d60ce988349-0xf67c1d53AeC6CD8945C468b25EeCE6ecaFc855B7-5-129
0x7fad91a4a29109303188d8758f1a9d60ce988349-0x18F21088c1C90d64900E82C7Afdea66D4651a4C7-5-301
0x7fad91a4a29109303188d8758f1a9d60ce988349-0x1E62a3352ca74EF1C2fd729e7d233538806a60f7-5-705
0x7fad91a4a29109303188d8758f1a9d60ce988349-0x47e863c9CE2e65D268376B58ef31D771B222392B-5-981
0x7fad91a4a29109303188d8758f1a9d60ce988349-0x280471B4AC7921b463218CD123A08B4Ce7863962-5-805
0x7fad91a4a29109303188d8758f1a9d60ce988349-0xECfE3CF3D3dB309aAdB169302e30A1c1A8ef8669-5-25
0x7fad91a4a29109303188d8758f1a9d60ce988349-0x1eD675cC7faFaFF72FB5688B267C8bCDCa8A6724-5-786
0x7fad91a4a29109303188d8758f1a9d60ce988349-0x355Ba2488Bd99Dc56f382265E25D3cb37C33eBE9-5-734
0x7fad91a4a29109303188d8758f1a9d60ce988349-0xE13aB1cDb1B1ca9618548107bE71b71452488bb2-5-866
0x7fad91a4a29109303188d8758f1a9d60ce988349-0x1B24211eE5b0285B6a82F0047A49f8c4cAEb780a-5-295
0x7fad91a4a29109303188d8758f1a9d60ce988349-0x2C86b0c321f327A0B0897A3D38D89890be5a1fcc-5-408
0x7fad91a4a29109303188d8758f1a9d60ce988349-0x2111A4665253fA1Cc4B1cfdabD2050262287C829-5-360
0x7fad91a4a29109303188d8758f1a9d60ce988349-0xD4137cBAD693C43288EFCea13943692333692ec6-5-975
0x7fad91a4a29109303188d8758f1a9d60ce988349-0x64F925f9B12788da3cc8CB5375ba23fF6e7821A9-5-722
0x7fad91a4a29109303188d8758f1a9d60ce988349-0x4162c605eD26Ae542F38CD6B083b5CFb4FB14C6d-5-900
0x7fad91a4a29109303188d8758f1a9d60ce988349-0xC931772b729154CD8EBd31D4445FF4DEd825c6d9-5-850
0x7fad91a4a29109303188d8758f1a9d60ce988349-0x55093e5fb82c1E03a5e920C89BD90C3D3EaaAdcC-5-346
0x7fad91a4a29109303188d8758f1a9d60ce988349-0x54f786E84468C36EEc0920e5Dfd54e17Ffa078a2-5-951
0x7fad91a4a29109303188d8758f1a9d60ce988349-0x03d5177759e2e1EC127Bd1dE00A5e1Fba7dB79b4-5-759
0x7fad91a4a29109303188d8758f1a9d60ce988349-0x2C3a390E9af36BFCad395348bCe3C646979d66a4-5-651
0x7fad91a4a29109303188d8758f1a9d60ce988349-0x1cf7d7Cea368d84fe2CDB6556558b0548cA83726-5-766
0x7fad91a4a29109303188d8758f1a9d60ce988349-0x0aaC3D72D62a79331D60FeFAC55cB1DCB62A2669-5-622
0x7fad91a4a29109303188d8758f1a9d60ce988349-0x144Dc88eA62d34B20B87b08DF703a7CED6f341aF-5-229
0x7fad91a4a29109303188d8758f1a9d60ce988349-0xb2C46882565925d4001d891AdD745cd128dF14e0-5-200



Execute Claim Transaction for Tier #5 (Canary tier)



Transaction sent! ✔
Transaction hash: 0x497c4e491375fdfe9d003cf969e8c6bf568ca0751e8b2f56c8671f35ed85ad0a
Waiting on transaction to be confirmed ...
Tx confirmed !




******************
Processing:
Vault:     0x33335296c9b020ca3252e4953c11decfdce816b8
Tier:      #6 (Canary tier)
# prizes:  1570

5a. Calculating # of profitable claims ...

Native (Gas) Token ETH Market Rate (USD): $3223.9

Estimated gas limit (wei) (1 prize claim): 0.000000000000175277 ETH (175277 wei)
Estimated gas limit (wei) (2 prize claims): 0.000000000000252711 ETH (252711 wei)

Gas Cost: First Claim (wei): 0.000000000000175277 ETH (175277 wei)
Gas Cost: Each Following Claim (wei): 0.000000000000077434 ETH (77434 wei)

Gas Cost: First Claim (USD): $0.01 $0.014301510870082279
Gas Cost: Each Following Claim (USD): $0.02 $0.017158313272203827

5b. 1 Claim(s):

Total gas cost: 1 Claim(s) (USD): $0.01 ($0.014301510870082279)

Next Claim Reward: 1 Claim(s) (WEI): 0.00000254953818748 WETH (2549538187480 wei)
Next Claim Reward: 1 Claim(s) (USD): $0.01 ($0.008243641081863207)

Net profit = (Gross Profit - Gas Cost [Avg])
$-0.01 = ($0.01 - $0.01) $-0.006057869788219072 = ($0.008243641081863207 - $0.014301510870082279)

******************
5c. Profit/Loss (USD):

Net profit = (Gross Profit - Gas Cost [Max])
$-0.01 = ($0 - $0.01) $-0.014301510870082279 = ($0 - $0.014301510870082279)

Claiming tier #6 (Canary tier) currently not profitable.
Not profitable to claim for Draw #16, Tier: #6 (Canary tier)




******************
Processing:
Vault:     0x75b2f4b3ec5adf7077f928992524cc547e74f768
Tier:      #6 (Canary tier)
# prizes:  185

Tier #6 (Canary tier) not profitable, skipping ...





******************
Processing:
Vault:     0x7fad91a4a29109303188d8758f1a9d60ce988349
Tier:      #6 (Canary tier)
# prizes:  2223

Tier #6 (Canary tier) not profitable, skipping ...

