Operating on: 11155420 - Optimism Sepolia
Config - MIN_PROFIT_THRESHOLD_USD: -0.1

Starting ...
Getting prize pool info ...
Getting prize context ...

******************
1. Prize token: WETH

┌────────────┬──────────────────────────────────────────────┬──────────┬─────────────────┬────────┬──────────────┐
│ (index)    │ address                                      │ decimals │ name            │ symbol │ assetRateUsd │
├────────────┼──────────────────────────────────────────────┼──────────┼─────────────────┼────────┼──────────────┤
│ prizeToken │ '0x3749e4DA7558BeD9b0819dE7f8C7eFc271Db004e' │ 18       │ 'Wrapped Ether' │ 'WETH' │ 3528.0662    │
└────────────┴──────────────────────────────────────────────┴──────────┴─────────────────┴────────┴──────────────┘
┌─────────┬──────────┬──────────────────────────────┐
│ (index) │ numTiers │ tiersRangeArray              │
├─────────┼──────────┼──────────────────────────────┤
│ tiers   │ 4        │ [ 0, 1, 2, ... 1 more item ] │
└─────────┴──────────┴──────────────────────────────┘
Draw ID: 20
Prize Token WETH MarketRate USD:  $3528.0662

******************
Getting prize vaults ...
Found 6 prize vaults.

48 prizes already claimed for draw #20.
28 prizes remaining to be claimed...




******************
Processing:
Vault:     0x75ca27bb45d689c18f350592e036ee4e10a68d06
Tier:      #3 (Canary tier)
# prizes:  5

5a. Calculating # of profitable claims ...

Native (Gas) Token ETH Market Rate (USD): $3520.53

Estimated gas limit (wei) (1 prize claim): 0.000000000000192194 ETH (192194 wei)
Estimated gas limit (wei) (2 prize claims): 0.000000000000279679 ETH (279679 wei)

Gas Cost: First Claim (wei): 0.000000000000192194 ETH (192194 wei)
Gas Cost: Each Following Claim (wei): 0.000000000000087485 ETH (87485 wei)

Gas Cost: First Claim (USD): $1 $0.9983374271385363
Gas Cost: Each Following Claim (USD): $1.22 $1.2249677091851798

5b. 1 Claim(s):

Total gas cost: 1 Claim(s) (USD): $1 ($0.9983374271385363)

Next Claim Reward: 1 Claim(s) (WEI): 0.000211212185956229 WETH (211212185956229 wei)
Next Claim Reward: 1 Claim(s) (USD): $0.75 ($0.7451705743002862)

Net profit = (Gross Profit - Gas Cost [Avg])
$-0.25 = ($0.75 - $1) $-0.25316685283825013 = ($0.7451705743002862 - $0.9983374271385363)

******************
5c. Profit/Loss (USD):

Net profit = (Gross Profit - Gas Cost [Max])
$-1 = ($0 - $1) $-0.9983374271385363 = ($0 - $0.9983374271385363)

Claiming tier #3 (Canary tier) currently not profitable.
Not profitable to claim for Draw #20, Tier: #3 (Canary tier)




******************
Processing:
Vault:     0xa18d434e584b24b364b506cf2b5cc0cef6be5d5c
Tier:      #3 (Canary tier)
# prizes:  23

Tier #3 (Canary tier) not profitable, skipping ...

