Operating on: 11155420 - Optimism Sepolia

Config - REWARD_RECIPIENT not provided, setting swap recipient to relayer address: 0x06003274c3a7926c04cA8d6903cc691fE8f3CEC2
Config - MIN_PROFIT_THRESHOLD_USD: -0.1

Starting ...
Getting prize pool info ...
Getting prize context ...

******************
1. Prize token: WETH

┌────────────┬──────────────────────────────────────────────┬──────────┬─────────────────┬────────┬──────────────┐
│ (index)    │ address                                      │ decimals │ name            │ symbol │ assetRateUsd │
├────────────┼──────────────────────────────────────────────┼──────────┼─────────────────┼────────┼──────────────┤
│ prizeToken │ '0xC355F97a3Aa2808Acb536E555764b8FB26fB4b37' │ 18       │ 'Wrapped Ether' │ 'WETH' │ 3238.0798    │
└────────────┴──────────────────────────────────────────────┴──────────┴─────────────────┴────────┴──────────────┘
┌─────────┬──────────┬───────────────────────────────┐
│ (index) │ numTiers │ tiersRangeArray               │
├─────────┼──────────┼───────────────────────────────┤
│ tiers   │ 6        │ [ 0, 1, 2, ... 3 more items ] │
└─────────┴──────────┴───────────────────────────────┘
Draw ID: 5
Prize Token WETH MarketRate USD:  $3238.0798

******************
Getting prize vaults ...
Found 6 prize vaults.

198 prizes already claimed for draw #5.
1128 prizes remaining to be claimed...




******************
Processing:
Vault:     0x33335296c9b020ca3252e4953c11decfdce816b8
Tier:      #4 (Canary tier)
# prizes:  99

5a. Calculating # of profitable claims ...

Native (Gas) Token ETH Market Rate (USD): $3237.06

Estimated gas limit (wei) (1 prize claim): 0.000000000000168402 ETH (168402 wei)
Estimated gas limit (wei) (2 prize claims): 0.000000000000241285 ETH (241285 wei)

Gas Cost: First Claim (wei): 0.000000000000168402 ETH (168402 wei)
Gas Cost: Each Following Claim (wei): 0.000000000000072883 ETH (72883 wei)

Gas Cost: First Claim (USD): $0.02 $0.02424133830509757
Gas Cost: Each Following Claim (USD): $0.03 $0.029342122107824317

5b. 1 Claim(s):

Total gas cost: 1 Claim(s) (USD): $0.02 ($0.02424133830509757)

Next Claim Reward: 1 Claim(s) (WEI): 0.000020778170984667 WETH (20778170984667 wei)
Next Claim Reward: 1 Claim(s) (USD): $0.07 ($0.06728137574639632)

Net profit = (Gross Profit - Gas Cost [Avg])
$0.04 = ($0.07 - $0.02) $0.04304003744129875 = ($0.06728137574639632 - $0.02424133830509757)


5b. 2 Claim(s):

Total gas cost: 2 Claim(s) (USD): $0.05 ($0.05358346041292189)

Claim Reward: 1 Claim(s) (WEI): 0.000020778170984667 WETH (20778170984667 wei)
Claim Reward: 1 Claim(s) (USD): $0.07 ($0.06728137574639632)

Next Claim Reward: 2 Claim(s) (WEI): 0.000041556341969334 WETH (41556341969334 wei)
Next Claim Reward: 2 Claim(s) (USD): $0.13 ($0.13456275149279265)

Net profit = (Gross Profit - Gas Cost [Avg])
$0.08 = ($0.13 - $0.05) $0.08097929107987076 = ($0.13456275149279265 - $0.05358346041292189)


5b. 3 Claim(s):

Total gas cost: 3 Claim(s) (USD): $0.08 ($0.08292558252074621)

Claim Reward: 2 Claim(s) (WEI): 0.000041556341969334 WETH (41556341969334 wei)
Claim Reward: 2 Claim(s) (USD): $0.13 ($0.13456275149279265)

Next Claim Reward: 3 Claim(s) (WEI): 0.000062334512954001 WETH (62334512954001 wei)
Next Claim Reward: 3 Claim(s) (USD): $0.2 ($0.20184412723918896)

Net profit = (Gross Profit - Gas Cost [Avg])
$0.12 = ($0.2 - $0.08) $0.11891854471844275 = ($0.20184412723918896 - $0.08292558252074621)


5b. 4 Claim(s):

Total gas cost: 4 Claim(s) (USD): $0.11 ($0.11226770462857052)

Claim Reward: 3 Claim(s) (WEI): 0.000062334512954001 WETH (62334512954001 wei)
Claim Reward: 3 Claim(s) (USD): $0.2 ($0.20184412723918896)

Next Claim Reward: 4 Claim(s) (WEI): 0.000083112683938668 WETH (83112683938668 wei)
Next Claim Reward: 4 Claim(s) (USD): $0.27 ($0.2691255029855853)

Net profit = (Gross Profit - Gas Cost [Avg])
$0.16 = ($0.27 - $0.11) $0.15685779835701477 = ($0.2691255029855853 - $0.11226770462857052)


5b. 5 Claim(s):

Total gas cost: 5 Claim(s) (USD): $0.14 ($0.14160982673639483)

Claim Reward: 4 Claim(s) (WEI): 0.000083112683938668 WETH (83112683938668 wei)
Claim Reward: 4 Claim(s) (USD): $0.27 ($0.2691255029855853)

Next Claim Reward: 5 Claim(s) (WEI): 0.000103890854923335 WETH (103890854923335 wei)
Next Claim Reward: 5 Claim(s) (USD): $0.34 ($0.3364068787319816)

Net profit = (Gross Profit - Gas Cost [Avg])
$0.19 = ($0.34 - $0.14) $0.19479705199558678 = ($0.3364068787319816 - $0.14160982673639483)


5b. 6 Claim(s):

Total gas cost: 6 Claim(s) (USD): $0.17 ($0.17095194884421916)

Claim Reward: 5 Claim(s) (WEI): 0.000103890854923335 WETH (103890854923335 wei)
Claim Reward: 5 Claim(s) (USD): $0.34 ($0.3364068787319816)

Next Claim Reward: 6 Claim(s) (WEI): 0.000124669025908002 WETH (124669025908002 wei)
Next Claim Reward: 6 Claim(s) (USD): $0.4 ($0.4036882544783779)

Net profit = (Gross Profit - Gas Cost [Avg])
$0.23 = ($0.4 - $0.17) $0.23273630563415876 = ($0.4036882544783779 - $0.17095194884421916)


5b. 7 Claim(s):

Total gas cost: 7 Claim(s) (USD): $0.2 ($0.20029407095204346)

Claim Reward: 6 Claim(s) (WEI): 0.000124669025908002 WETH (124669025908002 wei)
Claim Reward: 6 Claim(s) (USD): $0.4 ($0.4036882544783779)

Next Claim Reward: 7 Claim(s) (WEI): 0.000145447196892669 WETH (145447196892669 wei)
Next Claim Reward: 7 Claim(s) (USD): $0.47 ($0.4709696302247742)

Net profit = (Gross Profit - Gas Cost [Avg])
$0.27 = ($0.47 - $0.2) $0.2706755592727308 = ($0.4709696302247742 - $0.20029407095204346)


5b. 8 Claim(s):

Total gas cost: 8 Claim(s) (USD): $0.23 ($0.22963619305986777)

Claim Reward: 7 Claim(s) (WEI): 0.000145447196892669 WETH (145447196892669 wei)
Claim Reward: 7 Claim(s) (USD): $0.47 ($0.4709696302247742)

Next Claim Reward: 8 Claim(s) (WEI): 0.000166225367877336 WETH (166225367877336 wei)
Next Claim Reward: 8 Claim(s) (USD): $0.54 ($0.5382510059711706)

Net profit = (Gross Profit - Gas Cost [Avg])
$0.31 = ($0.54 - $0.23) $0.3086148129113028 = ($0.5382510059711706 - $0.22963619305986777)


5b. 9 Claim(s):

Total gas cost: 9 Claim(s) (USD): $0.26 ($0.2589783151676921)

Claim Reward: 8 Claim(s) (WEI): 0.000166225367877336 WETH (166225367877336 wei)
Claim Reward: 8 Claim(s) (USD): $0.54 ($0.5382510059711706)

Next Claim Reward: 9 Claim(s) (WEI): 0.000187003538862003 WETH (187003538862003 wei)
Next Claim Reward: 9 Claim(s) (USD): $0.61 ($0.6055323817175668)

Net profit = (Gross Profit - Gas Cost [Avg])
$0.35 = ($0.61 - $0.26) $0.34655406654987475 = ($0.6055323817175668 - $0.2589783151676921)


5b. 10 Claim(s):

Total gas cost: 10 Claim(s) (USD): $0.29 ($0.28832043727551643)

Claim Reward: 9 Claim(s) (WEI): 0.000187003538862003 WETH (187003538862003 wei)
Claim Reward: 9 Claim(s) (USD): $0.61 ($0.6055323817175668)

Next Claim Reward: 10 Claim(s) (WEI): 0.00020778170984667 WETH (207781709846670 wei)
Next Claim Reward: 10 Claim(s) (USD): $0.67 ($0.6728137574639632)

Net profit = (Gross Profit - Gas Cost [Avg])
$0.38 = ($0.67 - $0.29) $0.3844933201884468 = ($0.6728137574639632 - $0.28832043727551643)


5b. 11 Claim(s):

Total gas cost: 11 Claim(s) (USD): $0.32 ($0.31766255938334076)

Claim Reward: 10 Claim(s) (WEI): 0.00020778170984667 WETH (207781709846670 wei)
Claim Reward: 10 Claim(s) (USD): $0.67 ($0.6728137574639632)

Next Claim Reward: 11 Claim(s) (WEI): 0.000228559880831337 WETH (228559880831337 wei)
Next Claim Reward: 11 Claim(s) (USD): $0.74 ($0.7400951332103595)

Net profit = (Gross Profit - Gas Cost [Avg])
$0.42 = ($0.74 - $0.32) $0.4224325738270187 = ($0.7400951332103595 - $0.31766255938334076)


5b. 12 Claim(s):

Total gas cost: 12 Claim(s) (USD): $0.35 ($0.34700468149116503)

Claim Reward: 11 Claim(s) (WEI): 0.000228559880831337 WETH (228559880831337 wei)
Claim Reward: 11 Claim(s) (USD): $0.74 ($0.7400951332103595)

Next Claim Reward: 12 Claim(s) (WEI): 0.000249338051816004 WETH (249338051816004 wei)
Next Claim Reward: 12 Claim(s) (USD): $0.81 ($0.8073765089567558)

Net profit = (Gross Profit - Gas Cost [Avg])
$0.46 = ($0.81 - $0.35) $0.4603718274655908 = ($0.8073765089567558 - $0.34700468149116503)


5b. 13 Claim(s):

Total gas cost: 13 Claim(s) (USD): $0.38 ($0.37634680359898937)

Claim Reward: 12 Claim(s) (WEI): 0.000249338051816004 WETH (249338051816004 wei)
Claim Reward: 12 Claim(s) (USD): $0.81 ($0.8073765089567558)

Next Claim Reward: 13 Claim(s) (WEI): 0.000270116222800671 WETH (270116222800671 wei)
Next Claim Reward: 13 Claim(s) (USD): $0.87 ($0.8746578847031522)

Net profit = (Gross Profit - Gas Cost [Avg])
$0.5 = ($0.87 - $0.38) $0.49831108110416283 = ($0.8746578847031522 - $0.37634680359898937)


5b. 14 Claim(s):

Total gas cost: 14 Claim(s) (USD): $0.41 ($0.4056889257068137)

Claim Reward: 13 Claim(s) (WEI): 0.000270116222800671 WETH (270116222800671 wei)
Claim Reward: 13 Claim(s) (USD): $0.87 ($0.8746578847031522)

Next Claim Reward: 14 Claim(s) (WEI): 0.000290894393785338 WETH (290894393785338 wei)
Next Claim Reward: 14 Claim(s) (USD): $0.94 ($0.9419392604495485)

Net profit = (Gross Profit - Gas Cost [Avg])
$0.54 = ($0.94 - $0.41) $0.5362503347427348 = ($0.9419392604495485 - $0.4056889257068137)


5b. 15 Claim(s):

Total gas cost: 15 Claim(s) (USD): $0.44 ($0.43503104781463797)

Claim Reward: 14 Claim(s) (WEI): 0.000290894393785338 WETH (290894393785338 wei)
Claim Reward: 14 Claim(s) (USD): $0.94 ($0.9419392604495485)

Next Claim Reward: 15 Claim(s) (WEI): 0.000311672564770005 WETH (311672564770005 wei)
Next Claim Reward: 15 Claim(s) (USD): $1.01 ($1.0092206361959448)

Net profit = (Gross Profit - Gas Cost [Avg])
$0.57 = ($1.01 - $0.44) $0.5741895883813068 = ($1.0092206361959448 - $0.43503104781463797)


5b. 16 Claim(s):

Total gas cost: 16 Claim(s) (USD): $0.46 ($0.4643731699224623)

Claim Reward: 15 Claim(s) (WEI): 0.000311672564770005 WETH (311672564770005 wei)
Claim Reward: 15 Claim(s) (USD): $1.01 ($1.0092206361959448)

Next Claim Reward: 16 Claim(s) (WEI): 0.000332450735754672 WETH (332450735754672 wei)
Next Claim Reward: 16 Claim(s) (USD): $1.08 ($1.0765020119423412)

Net profit = (Gross Profit - Gas Cost [Avg])
$0.61 = ($1.08 - $0.46) $0.6121288420198789 = ($1.0765020119423412 - $0.4643731699224623)


5b. 17 Claim(s):

Total gas cost: 17 Claim(s) (USD): $0.49 ($0.49371529203028663)

Claim Reward: 16 Claim(s) (WEI): 0.000332450735754672 WETH (332450735754672 wei)
Claim Reward: 16 Claim(s) (USD): $1.08 ($1.0765020119423412)

Next Claim Reward: 17 Claim(s) (WEI): 0.000353228906739339 WETH (353228906739339 wei)
Next Claim Reward: 17 Claim(s) (USD): $1.14 ($1.1437833876887376)

Net profit = (Gross Profit - Gas Cost [Avg])
$0.65 = ($1.14 - $0.49) $0.6500680956584509 = ($1.1437833876887376 - $0.49371529203028663)


5b. 18 Claim(s):

Total gas cost: 18 Claim(s) (USD): $0.52 ($0.523057414138111)

Claim Reward: 17 Claim(s) (WEI): 0.000353228906739339 WETH (353228906739339 wei)
Claim Reward: 17 Claim(s) (USD): $1.14 ($1.1437833876887376)

Next Claim Reward: 18 Claim(s) (WEI): 0.000374007077724006 WETH (374007077724006 wei)
Next Claim Reward: 18 Claim(s) (USD): $1.21 ($1.2110647634351337)

Net profit = (Gross Profit - Gas Cost [Avg])
$0.69 = ($1.21 - $0.52) $0.6880073492970227 = ($1.2110647634351337 - $0.523057414138111)


5b. 19 Claim(s):

Total gas cost: 19 Claim(s) (USD): $0.55 ($0.5523995362459353)

Claim Reward: 18 Claim(s) (WEI): 0.000374007077724006 WETH (374007077724006 wei)
Claim Reward: 18 Claim(s) (USD): $1.21 ($1.2110647634351337)

Next Claim Reward: 19 Claim(s) (WEI): 0.000394785248708673 WETH (394785248708673 wei)
Next Claim Reward: 19 Claim(s) (USD): $1.28 ($1.27834613918153)

Net profit = (Gross Profit - Gas Cost [Avg])
$0.73 = ($1.28 - $0.55) $0.7259466029355948 = ($1.27834613918153 - $0.5523995362459353)


5b. 20 Claim(s):

Total gas cost: 20 Claim(s) (USD): $0.58 ($0.5817416583537596)

Claim Reward: 19 Claim(s) (WEI): 0.000394785248708673 WETH (394785248708673 wei)
Claim Reward: 19 Claim(s) (USD): $1.28 ($1.27834613918153)

Next Claim Reward: 20 Claim(s) (WEI): 0.00041556341969334 WETH (415563419693340 wei)
Next Claim Reward: 20 Claim(s) (USD): $1.35 ($1.3456275149279264)

Net profit = (Gross Profit - Gas Cost [Avg])
$0.76 = ($1.35 - $0.58) $0.7638858565741669 = ($1.3456275149279264 - $0.5817416583537596)


5b. 21 Claim(s):

Total gas cost: 21 Claim(s) (USD): $0.61 ($0.611083780461584)

Claim Reward: 20 Claim(s) (WEI): 0.00041556341969334 WETH (415563419693340 wei)
Claim Reward: 20 Claim(s) (USD): $1.35 ($1.3456275149279264)

Next Claim Reward: 21 Claim(s) (WEI): 0.000436341590678007 WETH (436341590678007 wei)
Next Claim Reward: 21 Claim(s) (USD): $1.41 ($1.4129088906743228)

Net profit = (Gross Profit - Gas Cost [Avg])
$0.8 = ($1.41 - $0.61) $0.8018251102127388 = ($1.4129088906743228 - $0.611083780461584)


5b. 22 Claim(s):

Total gas cost: 22 Claim(s) (USD): $0.64 ($0.6404259025694082)

Claim Reward: 21 Claim(s) (WEI): 0.000436341590678007 WETH (436341590678007 wei)
Claim Reward: 21 Claim(s) (USD): $1.41 ($1.4129088906743228)

Next Claim Reward: 22 Claim(s) (WEI): 0.000457119761662674 WETH (457119761662674 wei)
Next Claim Reward: 22 Claim(s) (USD): $1.48 ($1.480190266420719)

Net profit = (Gross Profit - Gas Cost [Avg])
$0.84 = ($1.48 - $0.64) $0.8397643638513107 = ($1.480190266420719 - $0.6404259025694082)


5b. 23 Claim(s):

Total gas cost: 23 Claim(s) (USD): $0.67 ($0.6697680246772325)

Claim Reward: 22 Claim(s) (WEI): 0.000457119761662674 WETH (457119761662674 wei)
Claim Reward: 22 Claim(s) (USD): $1.48 ($1.480190266420719)

Next Claim Reward: 23 Claim(s) (WEI): 0.000477897932647341 WETH (477897932647341 wei)
Next Claim Reward: 23 Claim(s) (USD): $1.55 ($1.5474716421671153)

Net profit = (Gross Profit - Gas Cost [Avg])
$0.88 = ($1.55 - $0.67) $0.8777036174898828 = ($1.5474716421671153 - $0.6697680246772325)


5b. 24 Claim(s):

Total gas cost: 24 Claim(s) (USD): $0.7 ($0.6991101467850569)

Claim Reward: 23 Claim(s) (WEI): 0.000477897932647341 WETH (477897932647341 wei)
Claim Reward: 23 Claim(s) (USD): $1.55 ($1.5474716421671153)

Next Claim Reward: 24 Claim(s) (WEI): 0.000498676103632008 WETH (498676103632008 wei)
Next Claim Reward: 24 Claim(s) (USD): $1.61 ($1.6147530179135117)

Net profit = (Gross Profit - Gas Cost [Avg])
$0.92 = ($1.61 - $0.7) $0.9156428711284548 = ($1.6147530179135117 - $0.6991101467850569)


5b. 25 Claim(s):

Total gas cost: 25 Claim(s) (USD): $0.73 ($0.7284522688928812)

Claim Reward: 24 Claim(s) (WEI): 0.000498676103632008 WETH (498676103632008 wei)
Claim Reward: 24 Claim(s) (USD): $1.61 ($1.6147530179135117)

Next Claim Reward: 25 Claim(s) (WEI): 0.000519454274616675 WETH (519454274616675 wei)
Next Claim Reward: 25 Claim(s) (USD): $1.68 ($1.682034393659908)

Net profit = (Gross Profit - Gas Cost [Avg])
$0.95 = ($1.68 - $0.73) $0.9535821247670269 = ($1.682034393659908 - $0.7284522688928812)


5b. 26 Claim(s):

Total gas cost: 26 Claim(s) (USD): $0.76 ($0.7577943910007054)

Claim Reward: 25 Claim(s) (WEI): 0.000519454274616675 WETH (519454274616675 wei)
Claim Reward: 25 Claim(s) (USD): $1.68 ($1.682034393659908)

Next Claim Reward: 26 Claim(s) (WEI): 0.000540232445601342 WETH (540232445601342 wei)
Next Claim Reward: 26 Claim(s) (USD): $1.75 ($1.7493157694063044)

Net profit = (Gross Profit - Gas Cost [Avg])
$0.99 = ($1.75 - $0.76) $0.991521378405599 = ($1.7493157694063044 - $0.7577943910007054)


5b. 27 Claim(s):

Total gas cost: 27 Claim(s) (USD): $0.79 ($0.7871365131085298)

Claim Reward: 26 Claim(s) (WEI): 0.000540232445601342 WETH (540232445601342 wei)
Claim Reward: 26 Claim(s) (USD): $1.75 ($1.7493157694063044)

Next Claim Reward: 27 Claim(s) (WEI): 0.000561010616586009 WETH (561010616586009 wei)
Next Claim Reward: 27 Claim(s) (USD): $1.82 ($1.8165971451527008)

Net profit = (Gross Profit - Gas Cost [Avg])
$1.03 = ($1.82 - $0.79) $1.029460632044171 = ($1.8165971451527008 - $0.7871365131085298)


5b. 28 Claim(s):

Total gas cost: 28 Claim(s) (USD): $0.82 ($0.8164786352163541)

Claim Reward: 27 Claim(s) (WEI): 0.000561010616586009 WETH (561010616586009 wei)
Claim Reward: 27 Claim(s) (USD): $1.82 ($1.8165971451527008)

Next Claim Reward: 28 Claim(s) (WEI): 0.000581788787570676 WETH (581788787570676 wei)
Next Claim Reward: 28 Claim(s) (USD): $1.88 ($1.883878520899097)

Net profit = (Gross Profit - Gas Cost [Avg])
$1.07 = ($1.88 - $0.82) $1.0673998856827427 = ($1.883878520899097 - $0.8164786352163541)


5b. 29 Claim(s):

Total gas cost: 29 Claim(s) (USD): $0.85 ($0.8458207573241784)

Claim Reward: 28 Claim(s) (WEI): 0.000581788787570676 WETH (581788787570676 wei)
Claim Reward: 28 Claim(s) (USD): $1.88 ($1.883878520899097)

Next Claim Reward: 29 Claim(s) (WEI): 0.000602566958555343 WETH (602566958555343 wei)
Next Claim Reward: 29 Claim(s) (USD): $1.95 ($1.9511598966454933)

Net profit = (Gross Profit - Gas Cost [Avg])
$1.11 = ($1.95 - $0.85) $1.1053391393213148 = ($1.9511598966454933 - $0.8458207573241784)


5b. 30 Claim(s):

Total gas cost: 30 Claim(s) (USD): $0.88 ($0.8751628794320028)

Claim Reward: 29 Claim(s) (WEI): 0.000602566958555343 WETH (602566958555343 wei)
Claim Reward: 29 Claim(s) (USD): $1.95 ($1.9511598966454933)

Next Claim Reward: 30 Claim(s) (WEI): 0.00062334512954001 WETH (623345129540010 wei)
Next Claim Reward: 30 Claim(s) (USD): $2.02 ($2.0184412723918896)

Net profit = (Gross Profit - Gas Cost [Avg])
$1.14 = ($2.02 - $0.88) $1.1432783929598869 = ($2.0184412723918896 - $0.8751628794320028)

******************
5c. Profit/Loss (USD):

Net profit = (Gross Profit - Gas Cost [Max])
$1.08 = ($1.95 - $0.88) $1.0759970172134905 = ($1.9511598966454933 - $0.8751628794320028)

Submitting transaction to claim 29 prize(s):

0x33335296c9b020ca3252e4953c11decfdce816b8-0x54c902A277b03Ba09490970707978c5b87dCd96E-4-31
0x33335296c9b020ca3252e4953c11decfdce816b8-0x0B347ED6a6CcD39D574D0935F0e4075e4199c316-4-105
0x33335296c9b020ca3252e4953c11decfdce816b8-0x9bA43f54De24C05f843420d170954A1311D8cB14-4-148
0x33335296c9b020ca3252e4953c11decfdce816b8-0x64EBE8c71E93F09bcce890DDeF0A734e40DD80d3-4-151
0x33335296c9b020ca3252e4953c11decfdce816b8-0xa2B6b5f216094c0cCdAF2944A9130BF819c80E5a-4-155
0x33335296c9b020ca3252e4953c11decfdce816b8-0x9ED8cb2aa333f2066671d60B68a595822750a45A-4-22
0x33335296c9b020ca3252e4953c11decfdce816b8-0x9ED8cb2aa333f2066671d60B68a595822750a45A-4-215
0x33335296c9b020ca3252e4953c11decfdce816b8-0x9ad6Cbf9c719C3bAF564b9fD5Ff399485C27d433-4-215
0x33335296c9b020ca3252e4953c11decfdce816b8-0xcE034f5187A13dAA3D9e258e502688c37cAa2591-4-222
0x33335296c9b020ca3252e4953c11decfdce816b8-0xA84De351BbdBB080cA411c912EC02c590721243A-4-44
0x33335296c9b020ca3252e4953c11decfdce816b8-0x86AB2437478A101F2C65f1abeD350f8B495e7d01-4-200
0x33335296c9b020ca3252e4953c11decfdce816b8-0x1Bc24cc357bddEB77cCA1355B5A9f159c1c21F59-4-45
0x33335296c9b020ca3252e4953c11decfdce816b8-0x4E2C4c6b2B2287cDCa67d24Dec93F40EEFD54bBe-4-153
0x33335296c9b020ca3252e4953c11decfdce816b8-0xC1135f980EE11E8eEd595D3e7df1b4350767e5d8-4-204
0x33335296c9b020ca3252e4953c11decfdce816b8-0x4DFb8217AA8649f1aD600210784C2130c5E5273c-4-75
0x33335296c9b020ca3252e4953c11decfdce816b8-0x4DFb8217AA8649f1aD600210784C2130c5E5273c-4-239
0x33335296c9b020ca3252e4953c11decfdce816b8-0x298B60F3388CBdb17937D51554773B480C2D2bA2-4-20
0x33335296c9b020ca3252e4953c11decfdce816b8-0x781DD0d1c4075812B860c3bdc2657BF7dB5477aD-4-200
0x33335296c9b020ca3252e4953c11decfdce816b8-0xC23Edad03eD4eeC01b4F613349e50F247A3aFC6D-4-59
0x33335296c9b020ca3252e4953c11decfdce816b8-0x68b8acDac8f25ce6eEA2bfFAcCe17AE0d22426c4-4-255
0x33335296c9b020ca3252e4953c11decfdce816b8-0xddb2F8C03C985676A03a029EA89A866795FF50b2-4-102
0x33335296c9b020ca3252e4953c11decfdce816b8-0x6eEe0dE9FE18B0A05D6520466aAf0Fe41d1851C0-4-157
0x33335296c9b020ca3252e4953c11decfdce816b8-0x3caEF326ae68265DFD49A9465c5f419BBaC5c631-4-203
0x33335296c9b020ca3252e4953c11decfdce816b8-0xbB7F375f675d455C6AD174DbA69011A38203990d-4-12
0x33335296c9b020ca3252e4953c11decfdce816b8-0x82BBC9954D673B37b6dEF925F1D57a046777438F-4-90
0x33335296c9b020ca3252e4953c11decfdce816b8-0xDB661bcc16E247659174175aE2833c2eA558caB8-4-98
0x33335296c9b020ca3252e4953c11decfdce816b8-0x3f6093335F136fADF0ECdE6223224B841f2409a7-4-88
0x33335296c9b020ca3252e4953c11decfdce816b8-0x57512cB3079220868a615dD310dA6e51d1E744C6-4-166
0x33335296c9b020ca3252e4953c11decfdce816b8-0xc246a950371Ae6Ba92333f76399C5d8ab8a3F042-4-127



Execute Claim Transaction for Tier #4 (Canary tier)


