Operating on: 11155420 - Optimism Sepolia
Config - MIN_PROFIT_THRESHOLD_USD: -0.1

Starting ...
Getting prize pool info ...
Getting prize context ...

******************
1. Prize token: WETH

┌────────────┬──────────────────────────────────────────────┬──────────┬─────────────────┬────────┬──────────────┐
│ (index)    │ address                                      │ decimals │ name            │ symbol │ assetRateUsd │
├────────────┼──────────────────────────────────────────────┼──────────┼─────────────────┼────────┼──────────────┤
│ prizeToken │ '0x28Dae98474c0EeDF4Ee74Da5300Dd89dE5466E62' │ 18       │ 'Wrapped Ether' │ 'WETH' │ 3528.7217    │
└────────────┴──────────────────────────────────────────────┴──────────┴─────────────────┴────────┴──────────────┘
┌─────────┬──────────┬──────────────────────────────┐
│ (index) │ numTiers │ tiersRangeArray              │
├─────────┼──────────┼──────────────────────────────┤
│ tiers   │ 4        │ [ 0, 1, 2, ... 1 more item ] │
└─────────┴──────────┴──────────────────────────────┘
Draw ID: 12
Prize Token WETH MarketRate USD:  $3528.7217

******************
Getting prize vaults ...
Found 6 prize vaults.

No claimed prizes for draw #12.
78 prizes remaining to be claimed...




******************
Processing:
Vault:     0x887db83c6b90b8c6d3a0729e1299c6153220649e
Tier:      #1
# prizes:  1

5a. Calculating # of profitable claims ...

Native (Gas) Token ETH Market Rate (USD): $3546.51

Estimated gas limit (wei) (1 prize claim): 0.000000000000245059 ETH (245059 wei)

Gas Cost: First Claim (wei): 0.000000000000245059 ETH (245059 wei)

Gas Cost: First Claim (USD): $0.79 $0.7937978315051308

5b. 1 Claim(s):

Total gas cost: 1 Claim(s) (USD): $0.79 ($0.7937978315051308)

Next Claim Reward: 1 Claim(s) (WEI): 0.000690673425718606 WETH (690673425718606 wei)
Next Claim Reward: 1 Claim(s) (USD): $2.44 ($2.4371943049465834)

Net profit = (Gross Profit - Gas Cost [Avg])
$1.64 = ($2.44 - $0.79) $1.6433964734414526 = ($2.4371943049465834 - $0.7937978315051308)


******************
5c. Profit/Loss (USD):

Net profit = (Gross Profit - Gas Cost [Max])
$1.64 = ($2.44 - $0.79) $1.6433964734414526 = ($2.4371943049465834 - $0.7937978315051308)

Claiming tier #1 currently not profitable.

Execute Claim Transaction for Tier #1



Transaction sent! ✔
Transaction hash: 0x61bbe6130f63bfc0b005939e80c4c7faa5166a4317cb6c21e2302f07bb55fff8
Waiting on transaction to be confirmed ...
Tx confirmed !




******************
Processing:
Vault:     0xe0462dc45922ca4d8d50748504b1d383349a25df
Tier:      #1
# prizes:  2

5a. Calculating # of profitable claims ...

Native (Gas) Token ETH Market Rate (USD): $3546.51

Estimated gas limit (wei) (1 prize claim): 0.00000000000022448 ETH (224480 wei)
Estimated gas limit (wei) (2 prize claims): 0.000000000000331749 ETH (331749 wei)

Gas Cost: First Claim (wei): 0.00000000000022448 ETH (224480 wei)
Gas Cost: Each Following Claim (wei): 0.000000000000107269 ETH (107269 wei)

Gas Cost: First Claim (USD): $0.89 $0.8928408930017468
Gas Cost: Each Following Claim (USD): $1.1 $1.0953931464587032

5b. 1 Claim(s):

Total gas cost: 1 Claim(s) (USD): $0.89 ($0.8928408930017468)

Next Claim Reward: 1 Claim(s) (WEI): 0.000690673425718606 WETH (690673425718606 wei)
Next Claim Reward: 1 Claim(s) (USD): $2.44 ($2.4371943049465834)

Net profit = (Gross Profit - Gas Cost [Avg])
$1.54 = ($2.44 - $0.89) $1.5443534119448366 = ($2.4371943049465834 - $0.8928408930017468)


5b. 2 Claim(s):

Total gas cost: 2 Claim(s) (USD): $1.99 ($1.98823403946045)

Claim Reward: 1 Claim(s) (WEI): 0.000690673425718606 WETH (690673425718606 wei)
Claim Reward: 1 Claim(s) (USD): $2.44 ($2.4371943049465834)

Next Claim Reward: 2 Claim(s) (WEI): 0.001381346851437212 WETH (1381346851437212 wei)
Next Claim Reward: 2 Claim(s) (USD): $4.87 ($4.874388609893167)

Net profit = (Gross Profit - Gas Cost [Avg])
$2.89 = ($4.87 - $1.99) $2.8861545704327165 = ($4.874388609893167 - $1.98823403946045)


******************
5c. Profit/Loss (USD):

Net profit = (Gross Profit - Gas Cost [Max])
$2.89 = ($4.87 - $1.99) $2.8861545704327165 = ($4.874388609893167 - $1.98823403946045)

Submitting transaction to claim 2 prize(s):

0xe0462dc45922ca4d8d50748504b1d383349a25df-0x19df0835141cb93A9Ae38E83858E0652F83fFAc7-1-2
0xe0462dc45922ca4d8d50748504b1d383349a25df-0xb1c0920563B0c1c10b37fb3746335565b4562c6E-1-3



Execute Claim Transaction for Tier #1



Transaction sent! ✔
Transaction hash: 0xa643a16cb618a409125406842cf1d86ec32fbce715c47df9f7c56b0eccaeac90
Waiting on transaction to be confirmed ...
Tx confirmed !




******************
Processing:
Vault:     0x887db83c6b90b8c6d3a0729e1299c6153220649e
Tier:      #2 (Canary tier)
# prizes:  9

5a. Calculating # of profitable claims ...

Native (Gas) Token ETH Market Rate (USD): $3546.51

Estimated gas limit (wei) (1 prize claim): 0.000000000000175252 ETH (175252 wei)
Estimated gas limit (wei) (2 prize claims): 0.000000000000256187 ETH (256187 wei)

Gas Cost: First Claim (wei): 0.000000000000175252 ETH (175252 wei)
Gas Cost: Each Following Claim (wei): 0.000000000000080935 ETH (80935 wei)

Gas Cost: First Claim (USD): $0.89 $0.8926662614113932
Gas Cost: Each Following Claim (USD): $1.1 $1.0952997291291273

5b. 1 Claim(s):

Total gas cost: 1 Claim(s) (USD): $0.89 ($0.8926662614113932)

Next Claim Reward: 1 Claim(s) (WEI): 0.000050550468022066 WETH (50550468022066 wei)
Next Claim Reward: 1 Claim(s) (USD): $0.18 ($0.17837853345462037)

Net profit = (Gross Profit - Gas Cost [Avg])
$-0.71 = ($0.18 - $0.89) $-0.7142877279567728 = ($0.17837853345462037 - $0.8926662614113932)

******************
5c. Profit/Loss (USD):

Net profit = (Gross Profit - Gas Cost [Max])
$-0.89 = ($0 - $0.89) $-0.8926662614113932 = ($0 - $0.8926662614113932)

Claiming tier #2 (Canary tier) currently not profitable.
Not profitable to claim for Draw #12, Tier: #2 (Canary tier)




******************
Processing:
Vault:     0xe0462dc45922ca4d8d50748504b1d383349a25df
Tier:      #2 (Canary tier)
# prizes:  8

Tier #2 (Canary tier) not profitable, skipping ...





******************
Processing:
Vault:     0x887db83c6b90b8c6d3a0729e1299c6153220649e
Tier:      #3 (Canary tier)
# prizes:  31

Tier #3 (Canary tier) not profitable, skipping ...





******************
Processing:
Vault:     0xc1f6251c8b8ca9ea535dd297cb9cbfe49efa6bb0
Tier:      #3 (Canary tier)
# prizes:  2

Tier #3 (Canary tier) not profitable, skipping ...





******************
Processing:
Vault:     0xe0462dc45922ca4d8d50748504b1d383349a25df
Tier:      #3 (Canary tier)
# prizes:  25

Tier #3 (Canary tier) not profitable, skipping ...

