Operating on: 11155420 - Optimism Sepolia

Config - REWARD_RECIPIENT not provided, setting swap recipient to relayer address: 0x06003274c3a7926c04cA8d6903cc691fE8f3CEC2
Config - MIN_PROFIT_THRESHOLD_USD: -0.1

Starting ...
Getting prize pool info ...
Getting prize context ...

******************
1. Prize token: WETH

┌────────────┬──────────────────────────────────────────────┬──────────┬─────────────────┬────────┬──────────────┐
│ (index)    │ address                                      │ decimals │ name            │ symbol │ assetRateUsd │
├────────────┼──────────────────────────────────────────────┼──────────┼─────────────────┼────────┼──────────────┤
│ prizeToken │ '0x058C8222f77978f4e3Fa3aC1914cd541A1F882Cc' │ 18       │ 'Wrapped Ether' │ 'WETH' │ 3537.1858    │
└────────────┴──────────────────────────────────────────────┴──────────┴─────────────────┴────────┴──────────────┘
┌─────────┬──────────┬───────────────────────────────┐
│ (index) │ numTiers │ tiersRangeArray               │
├─────────┼──────────┼───────────────────────────────┤
│ tiers   │ 5        │ [ 0, 1, 2, ... 2 more items ] │
└─────────┴──────────┴───────────────────────────────┘
Draw ID: 3
Prize Token WETH MarketRate USD:  $3537.1858

******************
Getting prize vaults ...
Found 6 prize vaults.

14 prizes already claimed for draw #3.
327 prizes remaining to be claimed...




******************
Processing:
Vault:     0x52b0ac5c447dd84c37b85c2fc36a5b23bb4c9868
Tier:      #3 (Canary tier)
# prizes:  4

5a. Calculating # of profitable claims ...

Native (Gas) Token ETH Market Rate (USD): $3536.79

Estimated gas limit (wei) (1 prize claim): 0.000000000000160857 ETH (160857 wei)
Estimated gas limit (wei) (2 prize claims): 0.000000000000233167 ETH (233167 wei)

Gas Cost: First Claim (wei): 0.000000000000160857 ETH (160857 wei)
Gas Cost: Each Following Claim (wei): 0.00000000000007231 ETH (72310 wei)

Gas Cost: First Claim (USD): $0.17 $0.17101031118714244
Gas Cost: Each Following Claim (USD): $0.21 $0.20961058761014145

5b. 1 Claim(s):

Total gas cost: 1 Claim(s) (USD): $0.17 ($0.17101031118714244)

Next Claim Reward: 1 Claim(s) (WEI): 0.000038708673336076 WETH (38708673336076 wei)
Next Claim Reward: 1 Claim(s) (USD): $0.14 ($0.13691976966120667)

Net profit = (Gross Profit - Gas Cost [Avg])
$-0.03 = ($0.14 - $0.17) $-0.03409054152593577 = ($0.13691976966120667 - $0.17101031118714244)

******************
5c. Profit/Loss (USD):

Net profit = (Gross Profit - Gas Cost [Max])
$-0.17 = ($0 - $0.17) $-0.17101031118714244 = ($0 - $0.17101031118714244)

Claiming tier #3 (Canary tier) currently not profitable.
Not profitable to claim for Draw #3, Tier: #3 (Canary tier)




******************
Processing:
Vault:     0x80436148e5fab18b58a33b24f79977d6934ff0e4
Tier:      #3 (Canary tier)
# prizes:  32

Tier #3 (Canary tier) not profitable, skipping ...





******************
Processing:
Vault:     0xea47f7735eaf6b1e6502c21f50f65e84f7daa824
Tier:      #3 (Canary tier)
# prizes:  40

Tier #3 (Canary tier) not profitable, skipping ...





******************
Processing:
Vault:     0x52b0ac5c447dd84c37b85c2fc36a5b23bb4c9868
Tier:      #4 (Canary tier)
# prizes:  14

Tier #4 (Canary tier) not profitable, skipping ...





******************
Processing:
Vault:     0x80436148e5fab18b58a33b24f79977d6934ff0e4
Tier:      #4 (Canary tier)
# prizes:  106

Tier #4 (Canary tier) not profitable, skipping ...





******************
Processing:
Vault:     0xea47f7735eaf6b1e6502c21f50f65e84f7daa824
Tier:      #4 (Canary tier)
# prizes:  131

Tier #4 (Canary tier) not profitable, skipping ...

