Operating on: 11155420 - Optimism Sepolia

Config - REWARD_RECIPIENT not provided, setting swap recipient to relayer address: 0x06003274c3a7926c04cA8d6903cc691fE8f3CEC2
Config - MIN_PROFIT_THRESHOLD_USD: -0.1

Starting ...
Getting prize pool info ...
Getting prize context ...

******************
1. Prize token: WETH

┌────────────┬──────────────────────────────────────────────┬──────────┬─────────────────┬────────┬──────────────┐
│ (index)    │ address                                      │ decimals │ name            │ symbol │ assetRateUsd │
├────────────┼──────────────────────────────────────────────┼──────────┼─────────────────┼────────┼──────────────┤
│ prizeToken │ '0xC355F97a3Aa2808Acb536E555764b8FB26fB4b37' │ 18       │ 'Wrapped Ether' │ 'WETH' │ 3290.3306    │
└────────────┴──────────────────────────────────────────────┴──────────┴─────────────────┴────────┴──────────────┘
┌─────────┬──────────┬───────────────────────────────┐
│ (index) │ numTiers │ tiersRangeArray               │
├─────────┼──────────┼───────────────────────────────┤
│ tiers   │ 6        │ [ 0, 1, 2, ... 3 more items ] │
└─────────┴──────────┴───────────────────────────────┘
Draw ID: 4
Prize Token WETH MarketRate USD:  $3290.3306

******************
Getting prize vaults ...
Found 6 prize vaults.

266 prizes already claimed for draw #4.
1045 prizes remaining to be claimed...




******************
Processing:
Vault:     0x7fad91a4a29109303188d8758f1a9d60ce988349
Tier:      #4 (Canary tier)
# prizes:  59

5a. Calculating # of profitable claims ...

Native (Gas) Token ETH Market Rate (USD): $3289.85

Estimated gas limit (wei) (1 prize claim): 0.000000000000168402 ETH (168402 wei)
Estimated gas limit (wei) (2 prize claims): 0.000000000000241285 ETH (241285 wei)

Gas Cost: First Claim (wei): 0.000000000000168402 ETH (168402 wei)
Gas Cost: Each Following Claim (wei): 0.000000000000072883 ETH (72883 wei)

Gas Cost: First Claim (USD): $0.03 $0.03484348849450494
Gas Cost: Each Following Claim (USD): $0.04 $0.0423577806350468

5b. 1 Claim(s):

Total gas cost: 1 Claim(s) (USD): $0.03 ($0.03484348849450494)

Next Claim Reward: 1 Claim(s) (WEI): 0.000016714959829826 WETH (16714959829826 wei)
Next Claim Reward: 1 Claim(s) (USD): $0.05 ($0.05499774380584728)

Net profit = (Gross Profit - Gas Cost [Avg])
$0.02 = ($0.05 - $0.03) $0.020154255311342337 = ($0.05499774380584728 - $0.03484348849450494)


5b. 2 Claim(s):

Total gas cost: 2 Claim(s) (USD): $0.08 ($0.07720126912955175)

Claim Reward: 1 Claim(s) (WEI): 0.000016714959829826 WETH (16714959829826 wei)
Claim Reward: 1 Claim(s) (USD): $0.05 ($0.05499774380584728)

Next Claim Reward: 2 Claim(s) (WEI): 0.000033429919659652 WETH (33429919659652 wei)
Next Claim Reward: 2 Claim(s) (USD): $0.11 ($0.10999548761169456)

Net profit = (Gross Profit - Gas Cost [Avg])
$0.03 = ($0.11 - $0.08) $0.03279421848214281 = ($0.10999548761169456 - $0.07720126912955175)


5b. 3 Claim(s):

Total gas cost: 3 Claim(s) (USD): $0.12 ($0.11955904976459854)

Claim Reward: 2 Claim(s) (WEI): 0.000033429919659652 WETH (33429919659652 wei)
Claim Reward: 2 Claim(s) (USD): $0.11 ($0.10999548761169456)

Next Claim Reward: 3 Claim(s) (WEI): 0.000050144879489478 WETH (50144879489478 wei)
Next Claim Reward: 3 Claim(s) (USD): $0.16 ($0.16499323141754185)

Net profit = (Gross Profit - Gas Cost [Avg])
$0.05 = ($0.16 - $0.12) $0.045434181652943315 = ($0.16499323141754185 - $0.11955904976459854)


5b. 4 Claim(s):

Total gas cost: 4 Claim(s) (USD): $0.16 ($0.16191683039964533)

Claim Reward: 3 Claim(s) (WEI): 0.000050144879489478 WETH (50144879489478 wei)
Claim Reward: 3 Claim(s) (USD): $0.16 ($0.16499323141754185)

Next Claim Reward: 4 Claim(s) (WEI): 0.000066859839319304 WETH (66859839319304 wei)
Next Claim Reward: 4 Claim(s) (USD): $0.22 ($0.21999097522338912)

Net profit = (Gross Profit - Gas Cost [Avg])
$0.06 = ($0.22 - $0.16) $0.05807414482374379 = ($0.21999097522338912 - $0.16191683039964533)


5b. 5 Claim(s):

Total gas cost: 5 Claim(s) (USD): $0.2 ($0.20427461103469213)

Claim Reward: 4 Claim(s) (WEI): 0.000066859839319304 WETH (66859839319304 wei)
Claim Reward: 4 Claim(s) (USD): $0.22 ($0.21999097522338912)

Next Claim Reward: 5 Claim(s) (WEI): 0.00008357479914913 WETH (83574799149130 wei)
Next Claim Reward: 5 Claim(s) (USD): $0.27 ($0.2749887190292364)

Net profit = (Gross Profit - Gas Cost [Avg])
$0.07 = ($0.27 - $0.2) $0.07071410799454425 = ($0.2749887190292364 - $0.20427461103469213)


5b. 6 Claim(s):

Total gas cost: 6 Claim(s) (USD): $0.25 ($0.24663239166973894)

Claim Reward: 5 Claim(s) (WEI): 0.00008357479914913 WETH (83574799149130 wei)
Claim Reward: 5 Claim(s) (USD): $0.27 ($0.2749887190292364)

Next Claim Reward: 6 Claim(s) (WEI): 0.000100289758978956 WETH (100289758978956 wei)
Next Claim Reward: 6 Claim(s) (USD): $0.33 ($0.3299864628350837)

Net profit = (Gross Profit - Gas Cost [Avg])
$0.08 = ($0.33 - $0.25) $0.08335407116534477 = ($0.3299864628350837 - $0.24663239166973894)


5b. 7 Claim(s):

Total gas cost: 7 Claim(s) (USD): $0.29 ($0.28899017230478574)

Claim Reward: 6 Claim(s) (WEI): 0.000100289758978956 WETH (100289758978956 wei)
Claim Reward: 6 Claim(s) (USD): $0.33 ($0.3299864628350837)

Next Claim Reward: 7 Claim(s) (WEI): 0.000117004718808782 WETH (117004718808782 wei)
Next Claim Reward: 7 Claim(s) (USD): $0.38 ($0.3849842066409309)

Net profit = (Gross Profit - Gas Cost [Avg])
$0.1 = ($0.38 - $0.29) $0.09599403433614517 = ($0.3849842066409309 - $0.28899017230478574)


5b. 8 Claim(s):

Total gas cost: 8 Claim(s) (USD): $0.33 ($0.33134795293983255)

Claim Reward: 7 Claim(s) (WEI): 0.000117004718808782 WETH (117004718808782 wei)
Claim Reward: 7 Claim(s) (USD): $0.38 ($0.3849842066409309)

Next Claim Reward: 8 Claim(s) (WEI): 0.000133719678638608 WETH (133719678638608 wei)
Next Claim Reward: 8 Claim(s) (USD): $0.44 ($0.43998195044677824)

Net profit = (Gross Profit - Gas Cost [Avg])
$0.11 = ($0.44 - $0.33) $0.10863399750694569 = ($0.43998195044677824 - $0.33134795293983255)


5b. 9 Claim(s):

Total gas cost: 9 Claim(s) (USD): $0.37 ($0.37370573357487935)

Claim Reward: 8 Claim(s) (WEI): 0.000133719678638608 WETH (133719678638608 wei)
Claim Reward: 8 Claim(s) (USD): $0.44 ($0.43998195044677824)

Next Claim Reward: 9 Claim(s) (WEI): 0.000150434638468434 WETH (150434638468434 wei)
Next Claim Reward: 9 Claim(s) (USD): $0.49 ($0.4949796942526255)

Net profit = (Gross Profit - Gas Cost [Avg])
$0.12 = ($0.49 - $0.37) $0.12127396067774615 = ($0.4949796942526255 - $0.37370573357487935)


5b. 10 Claim(s):

Total gas cost: 10 Claim(s) (USD): $0.42 ($0.41606351420992616)

Claim Reward: 9 Claim(s) (WEI): 0.000150434638468434 WETH (150434638468434 wei)
Claim Reward: 9 Claim(s) (USD): $0.49 ($0.4949796942526255)

Next Claim Reward: 10 Claim(s) (WEI): 0.00016714959829826 WETH (167149598298260 wei)
Next Claim Reward: 10 Claim(s) (USD): $0.55 ($0.5499774380584728)

Net profit = (Gross Profit - Gas Cost [Avg])
$0.13 = ($0.55 - $0.42) $0.1339139238485466 = ($0.5499774380584728 - $0.41606351420992616)


5b. 11 Claim(s):

Total gas cost: 11 Claim(s) (USD): $0.46 ($0.45842129484497296)

Claim Reward: 10 Claim(s) (WEI): 0.00016714959829826 WETH (167149598298260 wei)
Claim Reward: 10 Claim(s) (USD): $0.55 ($0.5499774380584728)

Next Claim Reward: 11 Claim(s) (WEI): 0.000183864558128086 WETH (183864558128086 wei)
Next Claim Reward: 11 Claim(s) (USD): $0.6 ($0.6049751818643201)

Net profit = (Gross Profit - Gas Cost [Avg])
$0.15 = ($0.6 - $0.46) $0.14655388701934713 = ($0.6049751818643201 - $0.45842129484497296)


5b. 12 Claim(s):

Total gas cost: 12 Claim(s) (USD): $0.5 ($0.5007790754800198)

Claim Reward: 11 Claim(s) (WEI): 0.000183864558128086 WETH (183864558128086 wei)
Claim Reward: 11 Claim(s) (USD): $0.6 ($0.6049751818643201)

Next Claim Reward: 12 Claim(s) (WEI): 0.000200579517957912 WETH (200579517957912 wei)
Next Claim Reward: 12 Claim(s) (USD): $0.66 ($0.6599729256701674)

Net profit = (Gross Profit - Gas Cost [Avg])
$0.16 = ($0.66 - $0.5) $0.15919385019014765 = ($0.6599729256701674 - $0.5007790754800198)


5b. 13 Claim(s):

Total gas cost: 13 Claim(s) (USD): $0.54 ($0.5431368561150665)

Claim Reward: 12 Claim(s) (WEI): 0.000200579517957912 WETH (200579517957912 wei)
Claim Reward: 12 Claim(s) (USD): $0.66 ($0.6599729256701674)

Next Claim Reward: 13 Claim(s) (WEI): 0.000217294477787738 WETH (217294477787738 wei)
Next Claim Reward: 13 Claim(s) (USD): $0.71 ($0.7149706694760146)

Net profit = (Gross Profit - Gas Cost [Avg])
$0.17 = ($0.71 - $0.54) $0.17183381336094816 = ($0.7149706694760146 - $0.5431368561150665)


5b. 14 Claim(s):

Total gas cost: 14 Claim(s) (USD): $0.59 ($0.5854946367501133)

Claim Reward: 13 Claim(s) (WEI): 0.000217294477787738 WETH (217294477787738 wei)
Claim Reward: 13 Claim(s) (USD): $0.71 ($0.7149706694760146)

Next Claim Reward: 14 Claim(s) (WEI): 0.000234009437617564 WETH (234009437617564 wei)
Next Claim Reward: 14 Claim(s) (USD): $0.77 ($0.7699684132818618)

Net profit = (Gross Profit - Gas Cost [Avg])
$0.18 = ($0.77 - $0.59) $0.18447377653174857 = ($0.7699684132818618 - $0.5854946367501133)


5b. 15 Claim(s):

Total gas cost: 15 Claim(s) (USD): $0.63 ($0.6278524173851601)

Claim Reward: 14 Claim(s) (WEI): 0.000234009437617564 WETH (234009437617564 wei)
Claim Reward: 14 Claim(s) (USD): $0.77 ($0.7699684132818618)

Next Claim Reward: 15 Claim(s) (WEI): 0.00025072439744739 WETH (250724397447390 wei)
Next Claim Reward: 15 Claim(s) (USD): $0.82 ($0.8249661570877092)

Net profit = (Gross Profit - Gas Cost [Avg])
$0.2 = ($0.82 - $0.63) $0.19711373970254908 = ($0.8249661570877092 - $0.6278524173851601)


5b. 16 Claim(s):

Total gas cost: 16 Claim(s) (USD): $0.67 ($0.6702101980202069)

Claim Reward: 15 Claim(s) (WEI): 0.00025072439744739 WETH (250724397447390 wei)
Claim Reward: 15 Claim(s) (USD): $0.82 ($0.8249661570877092)

Next Claim Reward: 16 Claim(s) (WEI): 0.000267439357277216 WETH (267439357277216 wei)
Next Claim Reward: 16 Claim(s) (USD): $0.88 ($0.8799639008935565)

Net profit = (Gross Profit - Gas Cost [Avg])
$0.21 = ($0.88 - $0.67) $0.2097537028733496 = ($0.8799639008935565 - $0.6702101980202069)


5b. 17 Claim(s):

Total gas cost: 17 Claim(s) (USD): $0.71 ($0.7125679786552537)

Claim Reward: 16 Claim(s) (WEI): 0.000267439357277216 WETH (267439357277216 wei)
Claim Reward: 16 Claim(s) (USD): $0.88 ($0.8799639008935565)

Next Claim Reward: 17 Claim(s) (WEI): 0.000284154317107042 WETH (284154317107042 wei)
Next Claim Reward: 17 Claim(s) (USD): $0.93 ($0.9349616446994038)

Net profit = (Gross Profit - Gas Cost [Avg])
$0.22 = ($0.93 - $0.71) $0.22239366604415012 = ($0.9349616446994038 - $0.7125679786552537)


5b. 18 Claim(s):

Total gas cost: 18 Claim(s) (USD): $0.75 ($0.7549257592903005)

Claim Reward: 17 Claim(s) (WEI): 0.000284154317107042 WETH (284154317107042 wei)
Claim Reward: 17 Claim(s) (USD): $0.93 ($0.9349616446994038)

Next Claim Reward: 18 Claim(s) (WEI): 0.000300869276936868 WETH (300869276936868 wei)
Next Claim Reward: 18 Claim(s) (USD): $0.99 ($0.989959388505251)

Net profit = (Gross Profit - Gas Cost [Avg])
$0.24 = ($0.99 - $0.75) $0.23503362921495052 = ($0.989959388505251 - $0.7549257592903005)


5b. 19 Claim(s):

Total gas cost: 19 Claim(s) (USD): $0.8 ($0.7972835399253473)

Claim Reward: 18 Claim(s) (WEI): 0.000300869276936868 WETH (300869276936868 wei)
Claim Reward: 18 Claim(s) (USD): $0.99 ($0.989959388505251)

Next Claim Reward: 19 Claim(s) (WEI): 0.000317584236766694 WETH (317584236766694 wei)
Next Claim Reward: 19 Claim(s) (USD): $1.04 ($1.0449571323110982)

Net profit = (Gross Profit - Gas Cost [Avg])
$0.25 = ($1.04 - $0.8) $0.24767359238575093 = ($1.0449571323110982 - $0.7972835399253473)


5b. 20 Claim(s):

Total gas cost: 20 Claim(s) (USD): $0.84 ($0.8396413205603941)

Claim Reward: 19 Claim(s) (WEI): 0.000317584236766694 WETH (317584236766694 wei)
Claim Reward: 19 Claim(s) (USD): $1.04 ($1.0449571323110982)

Next Claim Reward: 20 Claim(s) (WEI): 0.00033429919659652 WETH (334299196596520 wei)
Next Claim Reward: 20 Claim(s) (USD): $1.1 ($1.0999548761169455)

Net profit = (Gross Profit - Gas Cost [Avg])
$0.26 = ($1.1 - $0.84) $0.26031355555655145 = ($1.0999548761169455 - $0.8396413205603941)


5b. 21 Claim(s):

Total gas cost: 21 Claim(s) (USD): $0.88 ($0.8819991011954409)

Claim Reward: 20 Claim(s) (WEI): 0.00033429919659652 WETH (334299196596520 wei)
Claim Reward: 20 Claim(s) (USD): $1.1 ($1.0999548761169455)

Next Claim Reward: 21 Claim(s) (WEI): 0.000351014156426346 WETH (351014156426346 wei)
Next Claim Reward: 21 Claim(s) (USD): $1.15 ($1.1549526199227929)

Net profit = (Gross Profit - Gas Cost [Avg])
$0.27 = ($1.15 - $0.88) $0.27295351872735196 = ($1.1549526199227929 - $0.8819991011954409)


5b. 22 Claim(s):

Total gas cost: 22 Claim(s) (USD): $0.92 ($0.9243568818304877)

Claim Reward: 21 Claim(s) (WEI): 0.000351014156426346 WETH (351014156426346 wei)
Claim Reward: 21 Claim(s) (USD): $1.15 ($1.1549526199227929)

Next Claim Reward: 22 Claim(s) (WEI): 0.000367729116256172 WETH (367729116256172 wei)
Next Claim Reward: 22 Claim(s) (USD): $1.21 ($1.2099503637286402)

Net profit = (Gross Profit - Gas Cost [Avg])
$0.29 = ($1.21 - $0.92) $0.2855934818981525 = ($1.2099503637286402 - $0.9243568818304877)


5b. 23 Claim(s):

Total gas cost: 23 Claim(s) (USD): $0.97 ($0.9667146624655345)

Claim Reward: 22 Claim(s) (WEI): 0.000367729116256172 WETH (367729116256172 wei)
Claim Reward: 22 Claim(s) (USD): $1.21 ($1.2099503637286402)

Next Claim Reward: 23 Claim(s) (WEI): 0.000384444076085998 WETH (384444076085998 wei)
Next Claim Reward: 23 Claim(s) (USD): $1.26 ($1.2649481075344875)

Net profit = (Gross Profit - Gas Cost [Avg])
$0.3 = ($1.26 - $0.97) $0.298233445068953 = ($1.2649481075344875 - $0.9667146624655345)


5b. 24 Claim(s):

Total gas cost: 24 Claim(s) (USD): $1.01 ($1.0090724431005813)

Claim Reward: 23 Claim(s) (WEI): 0.000384444076085998 WETH (384444076085998 wei)
Claim Reward: 23 Claim(s) (USD): $1.26 ($1.2649481075344875)

Next Claim Reward: 24 Claim(s) (WEI): 0.000401159035915824 WETH (401159035915824 wei)
Next Claim Reward: 24 Claim(s) (USD): $1.32 ($1.3199458513403348)

Net profit = (Gross Profit - Gas Cost [Avg])
$0.31 = ($1.32 - $1.01) $0.3108734082397535 = ($1.3199458513403348 - $1.0090724431005813)


5b. 25 Claim(s):

Total gas cost: 25 Claim(s) (USD): $1.05 ($1.0514302237356281)

Claim Reward: 24 Claim(s) (WEI): 0.000401159035915824 WETH (401159035915824 wei)
Claim Reward: 24 Claim(s) (USD): $1.32 ($1.3199458513403348)

Next Claim Reward: 25 Claim(s) (WEI): 0.00041787399574565 WETH (417873995745650 wei)
Next Claim Reward: 25 Claim(s) (USD): $1.37 ($1.374943595146182)

Net profit = (Gross Profit - Gas Cost [Avg])
$0.32 = ($1.37 - $1.05) $0.3235133714105538 = ($1.374943595146182 - $1.0514302237356281)


5b. 26 Claim(s):

Total gas cost: 26 Claim(s) (USD): $1.09 ($1.093788004370675)

Claim Reward: 25 Claim(s) (WEI): 0.00041787399574565 WETH (417873995745650 wei)
Claim Reward: 25 Claim(s) (USD): $1.37 ($1.374943595146182)

Next Claim Reward: 26 Claim(s) (WEI): 0.000434588955575476 WETH (434588955575476 wei)
Next Claim Reward: 26 Claim(s) (USD): $1.43 ($1.4299413389520292)

Net profit = (Gross Profit - Gas Cost [Avg])
$0.34 = ($1.43 - $1.09) $0.3361533345813543 = ($1.4299413389520292 - $1.093788004370675)


5b. 27 Claim(s):

Total gas cost: 27 Claim(s) (USD): $1.14 ($1.1361457850057217)

Claim Reward: 26 Claim(s) (WEI): 0.000434588955575476 WETH (434588955575476 wei)
Claim Reward: 26 Claim(s) (USD): $1.43 ($1.4299413389520292)

Next Claim Reward: 27 Claim(s) (WEI): 0.000451303915405302 WETH (451303915405302 wei)
Next Claim Reward: 27 Claim(s) (USD): $1.48 ($1.4849390827578763)

Net profit = (Gross Profit - Gas Cost [Avg])
$0.35 = ($1.48 - $1.14) $0.3487932977521546 = ($1.4849390827578763 - $1.1361457850057217)


5b. 28 Claim(s):

Total gas cost: 28 Claim(s) (USD): $1.18 ($1.1785035656407685)

Claim Reward: 27 Claim(s) (WEI): 0.000451303915405302 WETH (451303915405302 wei)
Claim Reward: 27 Claim(s) (USD): $1.48 ($1.4849390827578763)

Next Claim Reward: 28 Claim(s) (WEI): 0.000468018875235128 WETH (468018875235128 wei)
Next Claim Reward: 28 Claim(s) (USD): $1.54 ($1.5399368265637237)

Net profit = (Gross Profit - Gas Cost [Avg])
$0.36 = ($1.54 - $1.18) $0.36143326092295514 = ($1.5399368265637237 - $1.1785035656407685)


5b. 29 Claim(s):

Total gas cost: 29 Claim(s) (USD): $1.22 ($1.2208613462758153)

Claim Reward: 28 Claim(s) (WEI): 0.000468018875235128 WETH (468018875235128 wei)
Claim Reward: 28 Claim(s) (USD): $1.54 ($1.5399368265637237)

Next Claim Reward: 29 Claim(s) (WEI): 0.000484733835064954 WETH (484733835064954 wei)
Next Claim Reward: 29 Claim(s) (USD): $1.59 ($1.594934570369571)

Net profit = (Gross Profit - Gas Cost [Avg])
$0.37 = ($1.59 - $1.22) $0.37407322409375565 = ($1.594934570369571 - $1.2208613462758153)


5b. 30 Claim(s):

Total gas cost: 30 Claim(s) (USD): $1.26 ($1.2632191269108621)

Claim Reward: 29 Claim(s) (WEI): 0.000484733835064954 WETH (484733835064954 wei)
Claim Reward: 29 Claim(s) (USD): $1.59 ($1.594934570369571)

Next Claim Reward: 30 Claim(s) (WEI): 0.00050144879489478 WETH (501448794894780 wei)
Next Claim Reward: 30 Claim(s) (USD): $1.65 ($1.6499323141754183)

Net profit = (Gross Profit - Gas Cost [Avg])
$0.39 = ($1.65 - $1.26) $0.38671318726455617 = ($1.6499323141754183 - $1.2632191269108621)

******************
5c. Profit/Loss (USD):

Net profit = (Gross Profit - Gas Cost [Max])
$0.33 = ($1.59 - $1.26) $0.33171544345870885 = ($1.594934570369571 - $1.2632191269108621)

Submitting transaction to claim 29 prize(s):

0x7fad91a4a29109303188d8758f1a9d60ce988349-0x618b39477B4067537F396D166Cd5A2334614eb95-4-158
0x7fad91a4a29109303188d8758f1a9d60ce988349-0x0aff8DbC3dcf5E5c9369c5979916F359e8D34D76-4-19
0x7fad91a4a29109303188d8758f1a9d60ce988349-0xfc8DCc62FCEA84dF07316bA44ECe7d5F417836BC-4-37
0x7fad91a4a29109303188d8758f1a9d60ce988349-0xB2a8A1DCa57E1ed2E0d0f8F476928129f333d6C1-4-155
0x7fad91a4a29109303188d8758f1a9d60ce988349-0x18F852864fcbE670D396BB9d58b29551Fcca9805-4-169
0x7fad91a4a29109303188d8758f1a9d60ce988349-0x5B84d796ad4E118C76aBB4529c565713EF1b5e5D-4-56
0x7fad91a4a29109303188d8758f1a9d60ce988349-0x67dD4D9af77287a796d847b8bc4ce7ba50618769-4-97
0x7fad91a4a29109303188d8758f1a9d60ce988349-0x02A21BaA84b6793E20f99D688C06FBaD075E207f-4-81
0x7fad91a4a29109303188d8758f1a9d60ce988349-0xC28c5bC95a0dB1967982e5172ecAe0307fDF8969-4-77
0x7fad91a4a29109303188d8758f1a9d60ce988349-0x7Ddc90284F7E16F4134e882bA1631ffb5dB7429f-4-253
0x7fad91a4a29109303188d8758f1a9d60ce988349-0xa102497597Fa18ffb080a7e87cc687fd42Fe371d-4-234
0x7fad91a4a29109303188d8758f1a9d60ce988349-0xFcc49580F32E4094A3f00510667c96041304E2ac-4-167
0x7fad91a4a29109303188d8758f1a9d60ce988349-0x1Aea841CCF7A7baa5B2908Cdc6C6870109462C1a-4-31
0x7fad91a4a29109303188d8758f1a9d60ce988349-0xEe832B6FC85693c1bEf5B388159A9619840dbBec-4-95
0x7fad91a4a29109303188d8758f1a9d60ce988349-0xDf957EFD3B6A7F832EffF3C3177BD28C0310d1E9-4-214
0x7fad91a4a29109303188d8758f1a9d60ce988349-0xC534121A2C7a2c8d986DBd12a5DE9a1dfFb921D1-4-245
0x7fad91a4a29109303188d8758f1a9d60ce988349-0xf708F64F23d9e5ddaFA97Dd74e496f7BBe060CF3-4-183
0x7fad91a4a29109303188d8758f1a9d60ce988349-0x3B91F359F874F23d8ac664FB38bfbC30B2811b54-4-61
0x7fad91a4a29109303188d8758f1a9d60ce988349-0x40969D996b98112AA8fE46868178c40e40EA47C5-4-207
0x7fad91a4a29109303188d8758f1a9d60ce988349-0x2C4ebf8A095775be2bC81a8c44269E12c4d6e586-4-21
0x7fad91a4a29109303188d8758f1a9d60ce988349-0x60936DB5cebE8032161823fBca2A8Cf88dab0165-4-233
0x7fad91a4a29109303188d8758f1a9d60ce988349-0x72bFa718EA474f118208fF8d17b5f05AcD3943e7-4-177
0x7fad91a4a29109303188d8758f1a9d60ce988349-0xd185f9452578f2fec3Aa263741044a03BFb121a2-4-209
0x7fad91a4a29109303188d8758f1a9d60ce988349-0xFa3cAE021C8E4A597d287bbEff3b365b8a1F8Bc1-4-206
0x7fad91a4a29109303188d8758f1a9d60ce988349-0x4fBcBf4021A49e322ca57938B605e76EeF2c2a1C-4-89
0x7fad91a4a29109303188d8758f1a9d60ce988349-0x13D150Dae2608f23dA2D56A0818290A13a9C9b98-4-119
0x7fad91a4a29109303188d8758f1a9d60ce988349-0x1FA5dB8cCD060FCD608F7309b7357a6A89357B9c-4-29
0x7fad91a4a29109303188d8758f1a9d60ce988349-0xD75C1F5Baa34954191c567b56B3Ec781a1A443c4-4-31
0x7fad91a4a29109303188d8758f1a9d60ce988349-0xC5DD84985F989f0B4454b14ca287F142B69ff041-4-135



Execute Claim Transaction for Tier #4 (Canary tier)



Transaction sent! ✔
Transaction hash: 0xb9a7dc11e3d68f6fd9a574c78d7cd8529e23b7656a5d98eff61726b5c08fbac5
Waiting on transaction to be confirmed ...
Tx confirmed !




******************
Processing:
Vault:     0x33335296c9b020ca3252e4953c11decfdce816b8
Tier:      #5 (Canary tier)
# prizes:  296

5a. Calculating # of profitable claims ...

Native (Gas) Token ETH Market Rate (USD): $3289.85

Estimated gas limit (wei) (1 prize claim): 0.000000000000169353 ETH (169353 wei)
Estimated gas limit (wei) (2 prize claims): 0.000000000000245994 ETH (245994 wei)

Gas Cost: First Claim (wei): 0.000000000000169353 ETH (169353 wei)
Gas Cost: Each Following Claim (wei): 0.000000000000076641 ETH (76641 wei)

Gas Cost: First Claim (USD): $0.03 $0.0349640471479557
Gas Cost: Each Following Claim (USD): $0.04 $0.04260500544224736

5b. 1 Claim(s):

Total gas cost: 1 Claim(s) (USD): $0.03 ($0.0349640471479557)

Next Claim Reward: 1 Claim(s) (WEI): 0.000004178739957456 WETH (4178739957456 wei)
Next Claim Reward: 1 Claim(s) (USD): $0.01 ($0.013749435951460174)

Net profit = (Gross Profit - Gas Cost [Avg])
$-0.02 = ($0.01 - $0.03) $-0.02121461119649553 = ($0.013749435951460174 - $0.0349640471479557)

******************
5c. Profit/Loss (USD):

Net profit = (Gross Profit - Gas Cost [Max])
$-0.03 = ($0 - $0.03) $-0.0349640471479557 = ($0 - $0.0349640471479557)

Claiming tier #5 (Canary tier) currently not profitable.
Not profitable to claim for Draw #4, Tier: #5 (Canary tier)




******************
Processing:
Vault:     0x75b2f4b3ec5adf7077f928992524cc547e74f768
Tier:      #5 (Canary tier)
# prizes:  41

Tier #5 (Canary tier) not profitable, skipping ...





******************
Processing:
Vault:     0x7fad91a4a29109303188d8758f1a9d60ce988349
Tier:      #5 (Canary tier)
# prizes:  649

Tier #5 (Canary tier) not profitable, skipping ...

