Operating on: 11155420 - Optimism Sepolia
Config - MIN_PROFIT_THRESHOLD_USD: -0.1

Starting ...
Getting prize pool info ...
Getting prize context ...

******************
1. Prize token: WETH

┌────────────┬──────────────────────────────────────────────┬──────────┬─────────────────┬────────┬──────────────┐
│ (index)    │ address                                      │ decimals │ name            │ symbol │ assetRateUsd │
├────────────┼──────────────────────────────────────────────┼──────────┼─────────────────┼────────┼──────────────┤
│ prizeToken │ '0x28Dae98474c0EeDF4Ee74Da5300Dd89dE5466E62' │ 18       │ 'Wrapped Ether' │ 'WETH' │ 3564.8337    │
└────────────┴──────────────────────────────────────────────┴──────────┴─────────────────┴────────┴──────────────┘
┌─────────┬──────────┬──────────────────────────────┐
│ (index) │ numTiers │ tiersRangeArray              │
├─────────┼──────────┼──────────────────────────────┤
│ tiers   │ 4        │ [ 0, 1, 2, ... 1 more item ] │
└─────────┴──────────┴──────────────────────────────┘
Draw ID: 14
Prize Token WETH MarketRate USD:  $3564.8337

******************
Getting prize vaults ...
Found 6 prize vaults.

5 prizes already claimed for draw #14.
72 prizes remaining to be claimed...




******************
Processing:
Vault:     0x887db83c6b90b8c6d3a0729e1299c6153220649e
Tier:      #2 (Canary tier)
# prizes:  3

5a. Calculating # of profitable claims ...

Native (Gas) Token ETH Market Rate (USD): $3563.85

Estimated gas limit (wei) (1 prize claim): 0.000000000000175238 ETH (175238 wei)
Estimated gas limit (wei) (2 prize claims): 0.000000000000255644 ETH (255644 wei)

Gas Cost: First Claim (wei): 0.000000000000175238 ETH (175238 wei)
Gas Cost: Each Following Claim (wei): 0.000000000000080406 ETH (80406 wei)

Gas Cost: First Claim (USD): $1.23 $1.22781386386493
Gas Cost: Each Following Claim (USD): $1.51 $1.506699744447442

5b. 1 Claim(s):

Total gas cost: 1 Claim(s) (USD): $1.23 ($1.22781386386493)

Next Claim Reward: 1 Claim(s) (WEI): 0.000086187168941488 WETH (86187168941488 wei)
Next Claim Reward: 1 Claim(s) (USD): $0.31 ($0.3072429243502098)

Net profit = (Gross Profit - Gas Cost [Avg])
$-0.92 = ($0.31 - $1.23) $-0.9205709395147204 = ($0.3072429243502098 - $1.22781386386493)

******************
5c. Profit/Loss (USD):

Net profit = (Gross Profit - Gas Cost [Max])
$-1.23 = ($0 - $1.23) $-1.22781386386493 = ($0 - $1.22781386386493)

Claiming tier #2 (Canary tier) currently not profitable.
Not profitable to claim for Draw #14, Tier: #2 (Canary tier)




******************
Processing:
Vault:     0xc1f6251c8b8ca9ea535dd297cb9cbfe49efa6bb0
Tier:      #2 (Canary tier)
# prizes:  1

Tier #2 (Canary tier) not profitable, skipping ...





******************
Processing:
Vault:     0xe0462dc45922ca4d8d50748504b1d383349a25df
Tier:      #2 (Canary tier)
# prizes:  3

Tier #2 (Canary tier) not profitable, skipping ...





******************
Processing:
Vault:     0x887db83c6b90b8c6d3a0729e1299c6153220649e
Tier:      #3 (Canary tier)
# prizes:  28

Tier #3 (Canary tier) not profitable, skipping ...





******************
Processing:
Vault:     0xc1f6251c8b8ca9ea535dd297cb9cbfe49efa6bb0
Tier:      #3 (Canary tier)
# prizes:  7

Tier #3 (Canary tier) not profitable, skipping ...





******************
Processing:
Vault:     0xe0462dc45922ca4d8d50748504b1d383349a25df
Tier:      #3 (Canary tier)
# prizes:  30

Tier #3 (Canary tier) not profitable, skipping ...

