Operating on: 11155420 - Optimism Sepolia
Config - MIN_PROFIT_THRESHOLD_USD: -0.1

Starting ...
Getting prize pool info ...
Getting prize context ...

******************
1. Prize token: WETH

┌────────────┬──────────────────────────────────────────────┬──────────┬─────────────────┬────────┬──────────────┐
│ (index)    │ address                                      │ decimals │ name            │ symbol │ assetRateUsd │
├────────────┼──────────────────────────────────────────────┼──────────┼─────────────────┼────────┼──────────────┤
│ prizeToken │ '0x28Dae98474c0EeDF4Ee74Da5300Dd89dE5466E62' │ 18       │ 'Wrapped Ether' │ 'WETH' │ 3508.5872    │
└────────────┴──────────────────────────────────────────────┴──────────┴─────────────────┴────────┴──────────────┘
┌─────────┬──────────┬──────────────────────────────┐
│ (index) │ numTiers │ tiersRangeArray              │
├─────────┼──────────┼──────────────────────────────┤
│ tiers   │ 4        │ [ 0, 1, 2, ... 1 more item ] │
└─────────┴──────────┴──────────────────────────────┘
Draw ID: 22
Prize Token WETH MarketRate USD:  $3508.5872

******************
Getting prize vaults ...
Found 6 prize vaults.

74 prizes already claimed for draw #22.
2 prizes remaining to be claimed...




******************
Processing:
Vault:     0x887db83c6b90b8c6d3a0729e1299c6153220649e
Tier:      #3 (Canary tier)
# prizes:  2

5a. Calculating # of profitable claims ...

Native (Gas) Token ETH Market Rate (USD): $3510.73

Estimated gas limit (wei) (1 prize claim): 0.00000000000019094 ETH (190940 wei)
Estimated gas limit (wei) (2 prize claims): 0.00000000000027717 ETH (277170 wei)

Gas Cost: First Claim (wei): 0.00000000000019094 ETH (190940 wei)
Gas Cost: Each Following Claim (wei): 0.00000000000008623 ETH (86230 wei)

Gas Cost: First Claim (USD): $0.79 $0.785599321396445
Gas Cost: Each Following Claim (USD): $0.96 $0.9638274822651325

5b. 1 Claim(s):

Total gas cost: 1 Claim(s) (USD): $0.79 ($0.785599321396445)

Next Claim Reward: 1 Claim(s) (WEI): 0.000054231558182335 WETH (54231558182335 wei)
Next Claim Reward: 1 Claim(s) (USD): $0.19 ($0.19027615087459585)

Net profit = (Gross Profit - Gas Cost [Avg])
$-0.6 = ($0.19 - $0.79) $-0.5953231705218491 = ($0.19027615087459585 - $0.785599321396445)

******************
5c. Profit/Loss (USD):

Net profit = (Gross Profit - Gas Cost [Max])
$-0.79 = ($0 - $0.79) $-0.785599321396445 = ($0 - $0.785599321396445)

Claiming tier #3 (Canary tier) currently not profitable.
Not profitable to claim for Draw #22, Tier: #3 (Canary tier)
