Operating on: 11155420 - Optimism Sepolia

Config - REWARD_RECIPIENT not provided, setting swap recipient to relayer address: 0x06003274c3a7926c04cA8d6903cc691fE8f3CEC2
Config - MIN_PROFIT_THRESHOLD_USD: -0.1

Starting ...
Getting prize pool info ...
Getting prize context ...

******************
1. Prize token: WETH

┌────────────┬──────────────────────────────────────────────┬──────────┬─────────────────┬────────┬──────────────┐
│ (index)    │ address                                      │ decimals │ name            │ symbol │ assetRateUsd │
├────────────┼──────────────────────────────────────────────┼──────────┼─────────────────┼────────┼──────────────┤
│ prizeToken │ '0x058C8222f77978f4e3Fa3aC1914cd541A1F882Cc' │ 18       │ 'Wrapped Ether' │ 'WETH' │ 3531.915     │
└────────────┴──────────────────────────────────────────────┴──────────┴─────────────────┴────────┴──────────────┘
┌─────────┬──────────┬───────────────────────────────┐
│ (index) │ numTiers │ tiersRangeArray               │
├─────────┼──────────┼───────────────────────────────┤
│ tiers   │ 5        │ [ 0, 1, 2, ... 2 more items ] │
└─────────┴──────────┴───────────────────────────────┘
Draw ID: 3
Prize Token WETH MarketRate USD:  $3531.915

******************
Getting prize vaults ...
Found 6 prize vaults.

No claimed prizes for draw #3.
341 prizes remaining to be claimed...




******************
Processing:
Vault:     0x52b0ac5c447dd84c37b85c2fc36a5b23bb4c9868
Tier:      #2
# prizes:  2

5a. Calculating # of profitable claims ...

Native (Gas) Token ETH Market Rate (USD): $3536.02

Estimated gas limit (wei) (1 prize claim): 0.000000000000231249 ETH (231249 wei)
Estimated gas limit (wei) (2 prize claims): 0.000000000000335859 ETH (335859 wei)

Gas Cost: First Claim (wei): 0.000000000000231249 ETH (231249 wei)
Gas Cost: Each Following Claim (wei): 0.00000000000010461 ETH (104610 wei)

Gas Cost: First Claim (USD): $1.42 $1.4206125498100297
Gas Cost: Each Following Claim (USD): $1.74 $1.744318666932795

5b. 1 Claim(s):

Total gas cost: 1 Claim(s) (USD): $1.42 ($1.4206125498100297)

Next Claim Reward: 1 Claim(s) (WEI): 0.000032357933551362 WETH (32357933551362 wei)
Next Claim Reward: 1 Claim(s) (USD): $0.11 ($0.11428547087905873)

Net profit = (Gross Profit - Gas Cost [Avg])
$-1.31 = ($0.11 - $1.42) $-1.3063270789309709 = ($0.11428547087905873 - $1.4206125498100297)

******************
5c. Profit/Loss (USD):

Net profit = (Gross Profit - Gas Cost [Max])
$-1.42 = ($0 - $1.42) $-1.4206125498100297 = ($0 - $1.4206125498100297)

Claiming tier #2 currently not profitable.
Not profitable to claim for Draw #3, Tier: #2
Not profitable to claim any more tiers yet for Draw #3
