Operating on: 11155420 - Optimism Sepolia
Config - MIN_PROFIT_THRESHOLD_USD: -0.1

Starting ...
Getting prize pool info ...
Getting prize context ...

******************
1. Prize token: WETH

┌────────────┬──────────────────────────────────────────────┬──────────┬─────────────────┬────────┬──────────────┐
│ (index)    │ address                                      │ decimals │ name            │ symbol │ assetRateUsd │
├────────────┼──────────────────────────────────────────────┼──────────┼─────────────────┼────────┼──────────────┤
│ prizeToken │ '0x3749e4DA7558BeD9b0819dE7f8C7eFc271Db004e' │ 18       │ 'Wrapped Ether' │ 'WETH' │ 3488.8162    │
└────────────┴──────────────────────────────────────────────┴──────────┴─────────────────┴────────┴──────────────┘
┌─────────┬──────────┬───────────────────────────────┐
│ (index) │ numTiers │ tiersRangeArray               │
├─────────┼──────────┼───────────────────────────────┤
│ tiers   │ 6        │ [ 0, 1, 2, ... 3 more items ] │
└─────────┴──────────┴───────────────────────────────┘
Draw ID: 13
Prize Token WETH MarketRate USD:  $3488.8162

******************
Getting prize vaults ...
Found 6 prize vaults.

298 prizes already claimed for draw #13.
1067 prizes remaining to be claimed...




******************
Processing:
Vault:     0xa18d434e584b24b364b506cf2b5cc0cef6be5d5c
Tier:      #4 (Canary tier)
# prizes:  46

5a. Calculating # of profitable claims ...

Native (Gas) Token ETH Market Rate (USD): $3485.17

Estimated gas limit (wei) (1 prize claim): 0.000000000000183073 ETH (183073 wei)
Estimated gas limit (wei) (2 prize claims): 0.000000000000265479 ETH (265479 wei)

Gas Cost: First Claim (wei): 0.000000000000183073 ETH (183073 wei)
Gas Cost: Each Following Claim (wei): 0.000000000000082406 ETH (82406 wei)

Gas Cost: First Claim (USD): $0.43 $0.43157087593913435
Gas Cost: Each Following Claim (USD): $0.53 $0.5296064013126114

5b. 1 Claim(s):

Total gas cost: 1 Claim(s) (USD): $0.43 ($0.43157087593913435)

Next Claim Reward: 1 Claim(s) (WEI): 0.000013469217039811 WETH (13469217039811 wei)
Next Claim Reward: 1 Claim(s) (USD): $0.05 ($0.046991622609808666)

Net profit = (Gross Profit - Gas Cost [Avg])
$-0.38 = ($0.05 - $0.43) $-0.3845792533293257 = ($0.046991622609808666 - $0.43157087593913435)

******************
5c. Profit/Loss (USD):

Net profit = (Gross Profit - Gas Cost [Max])
$-0.43 = ($0 - $0.43) $-0.43157087593913435 = ($0 - $0.43157087593913435)

Claiming tier #4 (Canary tier) currently not profitable.
Not profitable to claim for Draw #13, Tier: #4 (Canary tier)




******************
Processing:
Vault:     0x75ca27bb45d689c18f350592e036ee4e10a68d06
Tier:      #5 (Canary tier)
# prizes:  369

Tier #5 (Canary tier) not profitable, skipping ...





******************
Processing:
Vault:     0x798a13b071a8aac2d55109a53a2ba4230444619d
Tier:      #5 (Canary tier)
# prizes:  82

Tier #5 (Canary tier) not profitable, skipping ...





******************
Processing:
Vault:     0xa18d434e584b24b364b506cf2b5cc0cef6be5d5c
Tier:      #5 (Canary tier)
# prizes:  570

Tier #5 (Canary tier) not profitable, skipping ...

