Operating on: 11155420 - Optimism Sepolia
Config - MIN_PROFIT_THRESHOLD_USD: -0.1

Starting ...
Getting prize pool info ...
Getting prize context ...

******************
1. Prize token: WETH

┌────────────┬──────────────────────────────────────────────┬──────────┬─────────────────┬────────┬──────────────┐
│ (index)    │ address                                      │ decimals │ name            │ symbol │ assetRateUsd │
├────────────┼──────────────────────────────────────────────┼──────────┼─────────────────┼────────┼──────────────┤
│ prizeToken │ '0x28Dae98474c0EeDF4Ee74Da5300Dd89dE5466E62' │ 18       │ 'Wrapped Ether' │ 'WETH' │ 3528.075     │
└────────────┴──────────────────────────────────────────────┴──────────┴─────────────────┴────────┴──────────────┘
┌─────────┬──────────┬──────────────────────────────┐
│ (index) │ numTiers │ tiersRangeArray              │
├─────────┼──────────┼──────────────────────────────┤
│ tiers   │ 4        │ [ 0, 1, 2, ... 1 more item ] │
└─────────┴──────────┴──────────────────────────────┘
Draw ID: 11
Prize Token WETH MarketRate USD:  $3528.075

******************
Getting prize vaults ...
Found 6 prize vaults.

4 prizes already claimed for draw #11.
86 prizes remaining to be claimed...




******************
Processing:
Vault:     0x887db83c6b90b8c6d3a0729e1299c6153220649e
Tier:      #2 (Canary tier)
# prizes:  6

5a. Calculating # of profitable claims ...

Native (Gas) Token ETH Market Rate (USD): $3534.91

Estimated gas limit (wei) (1 prize claim): 0.000000000000173524 ETH (173524 wei)
Estimated gas limit (wei) (2 prize claims): 0.000000000000254434 ETH (254434 wei)

Gas Cost: First Claim (wei): 0.000000000000173524 ETH (173524 wei)
Gas Cost: Each Following Claim (wei): 0.00000000000008091 ETH (80910 wei)

Gas Cost: First Claim (USD): $1.17 $1.1709739411494355
Gas Cost: Each Following Claim (USD): $1.44 $1.4369400816939117

5b. 1 Claim(s):

Total gas cost: 1 Claim(s) (USD): $1.17 ($1.1709739411494355)

Next Claim Reward: 1 Claim(s) (WEI): 0.00002882271539625 WETH (28822715396250 wei)
Next Claim Reward: 1 Claim(s) (USD): $0.1 ($0.10168870162162472)

Net profit = (Gross Profit - Gas Cost [Avg])
$-1.07 = ($0.1 - $1.17) $-1.0692852395278107 = ($0.10168870162162472 - $1.1709739411494355)

******************
5c. Profit/Loss (USD):

Net profit = (Gross Profit - Gas Cost [Max])
$-1.17 = ($0 - $1.17) $-1.1709739411494355 = ($0 - $1.1709739411494355)

Claiming tier #2 (Canary tier) currently not profitable.
Not profitable to claim for Draw #11, Tier: #2 (Canary tier)




******************
Processing:
Vault:     0xe0462dc45922ca4d8d50748504b1d383349a25df
Tier:      #2 (Canary tier)
# prizes:  5

Tier #2 (Canary tier) not profitable, skipping ...





******************
Processing:
Vault:     0x887db83c6b90b8c6d3a0729e1299c6153220649e
Tier:      #3 (Canary tier)
# prizes:  28

Tier #3 (Canary tier) not profitable, skipping ...





******************
Processing:
Vault:     0xc1f6251c8b8ca9ea535dd297cb9cbfe49efa6bb0
Tier:      #3 (Canary tier)
# prizes:  4

Tier #3 (Canary tier) not profitable, skipping ...





******************
Processing:
Vault:     0xe0462dc45922ca4d8d50748504b1d383349a25df
Tier:      #3 (Canary tier)
# prizes:  43

Tier #3 (Canary tier) not profitable, skipping ...

