Operating on: 11155420 - Optimism Sepolia

Config - REWARD_RECIPIENT not provided, setting swap recipient to relayer address: 0x06003274c3a7926c04cA8d6903cc691fE8f3CEC2
Config - MIN_PROFIT_THRESHOLD_USD: -0.1

Starting ...
Getting prize pool info ...
Getting prize context ...

******************
1. Prize token: WETH

┌────────────┬──────────────────────────────────────────────┬──────────┬─────────────────┬────────┬──────────────┐
│ (index)    │ address                                      │ decimals │ name            │ symbol │ assetRateUsd │
├────────────┼──────────────────────────────────────────────┼──────────┼─────────────────┼────────┼──────────────┤
│ prizeToken │ '0xC355F97a3Aa2808Acb536E555764b8FB26fB4b37' │ 18       │ 'Wrapped Ether' │ 'WETH' │ 3257.8848    │
└────────────┴──────────────────────────────────────────────┴──────────┴─────────────────┴────────┴──────────────┘
┌─────────┬──────────┬───────────────────────────────┐
│ (index) │ numTiers │ tiersRangeArray               │
├─────────┼──────────┼───────────────────────────────┤
│ tiers   │ 6        │ [ 0, 1, 2, ... 3 more items ] │
└─────────┴──────────┴───────────────────────────────┘
Draw ID: 3
Prize Token WETH MarketRate USD:  $3257.8848

******************
Getting prize vaults ...
Found 6 prize vaults.

194 prizes already claimed for draw #3.
1230 prizes remaining to be claimed...




******************
Processing:
Vault:     0x33335296c9b020ca3252e4953c11decfdce816b8
Tier:      #4 (Canary tier)
# prizes:  49

5a. Calculating # of profitable claims ...

Native (Gas) Token ETH Market Rate (USD): $3257.49

Estimated gas limit (wei) (1 prize claim): 0.000000000000171996 ETH (171996 wei)
Estimated gas limit (wei) (2 prize claims): 0.000000000000251239 ETH (251239 wei)

Gas Cost: First Claim (wei): 0.000000000000171996 ETH (171996 wei)
Gas Cost: Each Following Claim (wei): 0.000000000000079243 ETH (79243 wei)

Gas Cost: First Claim (USD): $0.02 $0.01666318868790071
Gas Cost: Each Following Claim (USD): $0.02 $0.0200374025983566

5b. 1 Claim(s):

Total gas cost: 1 Claim(s) (USD): $0.02 ($0.01666318868790071)

Next Claim Reward: 1 Claim(s) (WEI): 0.000009192422107344 WETH (9192422107344 wei)
Next Claim Reward: 1 Claim(s) (USD): $0.03 ($0.029947852258699982)

Net profit = (Gross Profit - Gas Cost [Avg])
$0.01 = ($0.03 - $0.02) $0.013284663570799271 = ($0.029947852258699982 - $0.01666318868790071)


5b. 2 Claim(s):

Total gas cost: 2 Claim(s) (USD): $0.04 ($0.036700591286257314)

Claim Reward: 1 Claim(s) (WEI): 0.000009192422107344 WETH (9192422107344 wei)
Claim Reward: 1 Claim(s) (USD): $0.03 ($0.029947852258699982)

Next Claim Reward: 2 Claim(s) (WEI): 0.000018384844214688 WETH (18384844214688 wei)
Next Claim Reward: 2 Claim(s) (USD): $0.06 ($0.059895704517399964)

Net profit = (Gross Profit - Gas Cost [Avg])
$0.02 = ($0.06 - $0.04) $0.02319511323114265 = ($0.059895704517399964 - $0.036700591286257314)


5b. 3 Claim(s):

Total gas cost: 3 Claim(s) (USD): $0.06 ($0.05673799388461391)

Claim Reward: 2 Claim(s) (WEI): 0.000018384844214688 WETH (18384844214688 wei)
Claim Reward: 2 Claim(s) (USD): $0.06 ($0.059895704517399964)

Next Claim Reward: 3 Claim(s) (WEI): 0.000027577266322032 WETH (27577266322032 wei)
Next Claim Reward: 3 Claim(s) (USD): $0.09 ($0.08984355677609995)

Net profit = (Gross Profit - Gas Cost [Avg])
$0.03 = ($0.09 - $0.06) $0.03310556289148604 = ($0.08984355677609995 - $0.05673799388461391)


5b. 4 Claim(s):

Total gas cost: 4 Claim(s) (USD): $0.08 ($0.07677539648297052)

Claim Reward: 3 Claim(s) (WEI): 0.000027577266322032 WETH (27577266322032 wei)
Claim Reward: 3 Claim(s) (USD): $0.09 ($0.08984355677609995)

Next Claim Reward: 4 Claim(s) (WEI): 0.000036769688429376 WETH (36769688429376 wei)
Next Claim Reward: 4 Claim(s) (USD): $0.12 ($0.11979140903479993)

Net profit = (Gross Profit - Gas Cost [Avg])
$0.04 = ($0.12 - $0.08) $0.04301601255182941 = ($0.11979140903479993 - $0.07677539648297052)


5b. 5 Claim(s):

Total gas cost: 5 Claim(s) (USD): $0.1 ($0.09681279908132712)

Claim Reward: 4 Claim(s) (WEI): 0.000036769688429376 WETH (36769688429376 wei)
Claim Reward: 4 Claim(s) (USD): $0.12 ($0.11979140903479993)

Next Claim Reward: 5 Claim(s) (WEI): 0.00004596211053672 WETH (45962110536720 wei)
Next Claim Reward: 5 Claim(s) (USD): $0.15 ($0.14973926129349993)

Net profit = (Gross Profit - Gas Cost [Avg])
$0.05 = ($0.15 - $0.1) $0.052926462212172815 = ($0.14973926129349993 - $0.09681279908132712)


5b. 6 Claim(s):

Total gas cost: 6 Claim(s) (USD): $0.12 ($0.11685020167968371)

Claim Reward: 5 Claim(s) (WEI): 0.00004596211053672 WETH (45962110536720 wei)
Claim Reward: 5 Claim(s) (USD): $0.15 ($0.14973926129349993)

Next Claim Reward: 6 Claim(s) (WEI): 0.000055154532644064 WETH (55154532644064 wei)
Next Claim Reward: 6 Claim(s) (USD): $0.18 ($0.1796871135521999)

Net profit = (Gross Profit - Gas Cost [Avg])
$0.06 = ($0.18 - $0.12) $0.0628369118725162 = ($0.1796871135521999 - $0.11685020167968371)


5b. 7 Claim(s):

Total gas cost: 7 Claim(s) (USD): $0.14 ($0.1368876042780403)

Claim Reward: 6 Claim(s) (WEI): 0.000055154532644064 WETH (55154532644064 wei)
Claim Reward: 6 Claim(s) (USD): $0.18 ($0.1796871135521999)

Next Claim Reward: 7 Claim(s) (WEI): 0.000064346954751408 WETH (64346954751408 wei)
Next Claim Reward: 7 Claim(s) (USD): $0.21 ($0.2096349658108999)

Net profit = (Gross Profit - Gas Cost [Avg])
$0.07 = ($0.21 - $0.14) $0.0727473615328596 = ($0.2096349658108999 - $0.1368876042780403)


5b. 8 Claim(s):

Total gas cost: 8 Claim(s) (USD): $0.16 ($0.1569250068763969)

Claim Reward: 7 Claim(s) (WEI): 0.000064346954751408 WETH (64346954751408 wei)
Claim Reward: 7 Claim(s) (USD): $0.21 ($0.2096349658108999)

Next Claim Reward: 8 Claim(s) (WEI): 0.000073539376858752 WETH (73539376858752 wei)
Next Claim Reward: 8 Claim(s) (USD): $0.24 ($0.23958281806959986)

Net profit = (Gross Profit - Gas Cost [Avg])
$0.08 = ($0.24 - $0.16) $0.08265781119320295 = ($0.23958281806959986 - $0.1569250068763969)


5b. 9 Claim(s):

Total gas cost: 9 Claim(s) (USD): $0.18 ($0.1769624094747535)

Claim Reward: 8 Claim(s) (WEI): 0.000073539376858752 WETH (73539376858752 wei)
Claim Reward: 8 Claim(s) (USD): $0.24 ($0.23958281806959986)

Next Claim Reward: 9 Claim(s) (WEI): 0.000082731798966096 WETH (82731798966096 wei)
Next Claim Reward: 9 Claim(s) (USD): $0.27 ($0.26953067032829986)

Net profit = (Gross Profit - Gas Cost [Avg])
$0.09 = ($0.27 - $0.18) $0.09256826085354636 = ($0.26953067032829986 - $0.1769624094747535)


5b. 10 Claim(s):

Total gas cost: 10 Claim(s) (USD): $0.2 ($0.1969998120731101)

Claim Reward: 9 Claim(s) (WEI): 0.000082731798966096 WETH (82731798966096 wei)
Claim Reward: 9 Claim(s) (USD): $0.27 ($0.26953067032829986)

Next Claim Reward: 10 Claim(s) (WEI): 0.00009192422107344 WETH (91924221073440 wei)
Next Claim Reward: 10 Claim(s) (USD): $0.3 ($0.29947852258699986)

Net profit = (Gross Profit - Gas Cost [Avg])
$0.1 = ($0.3 - $0.2) $0.10247871051388976 = ($0.29947852258699986 - $0.1969998120731101)


5b. 11 Claim(s):

Total gas cost: 11 Claim(s) (USD): $0.22 ($0.2170372146714667)

Claim Reward: 10 Claim(s) (WEI): 0.00009192422107344 WETH (91924221073440 wei)
Claim Reward: 10 Claim(s) (USD): $0.3 ($0.29947852258699986)

Next Claim Reward: 11 Claim(s) (WEI): 0.000101116643180784 WETH (101116643180784 wei)
Next Claim Reward: 11 Claim(s) (USD): $0.33 ($0.3294263748456998)

Net profit = (Gross Profit - Gas Cost [Avg])
$0.11 = ($0.33 - $0.22) $0.11238916017423312 = ($0.3294263748456998 - $0.2170372146714667)


5b. 12 Claim(s):

Total gas cost: 12 Claim(s) (USD): $0.24 ($0.2370746172698233)

Claim Reward: 11 Claim(s) (WEI): 0.000101116643180784 WETH (101116643180784 wei)
Claim Reward: 11 Claim(s) (USD): $0.33 ($0.3294263748456998)

Next Claim Reward: 12 Claim(s) (WEI): 0.000110309065288128 WETH (110309065288128 wei)
Next Claim Reward: 12 Claim(s) (USD): $0.36 ($0.3593742271043998)

Net profit = (Gross Profit - Gas Cost [Avg])
$0.12 = ($0.36 - $0.24) $0.12229960983457652 = ($0.3593742271043998 - $0.2370746172698233)


5b. 13 Claim(s):

Total gas cost: 13 Claim(s) (USD): $0.26 ($0.25711201986817994)

Claim Reward: 12 Claim(s) (WEI): 0.000110309065288128 WETH (110309065288128 wei)
Claim Reward: 12 Claim(s) (USD): $0.36 ($0.3593742271043998)

Next Claim Reward: 13 Claim(s) (WEI): 0.000119501487395472 WETH (119501487395472 wei)
Next Claim Reward: 13 Claim(s) (USD): $0.39 ($0.38932207936309976)

Net profit = (Gross Profit - Gas Cost [Avg])
$0.13 = ($0.39 - $0.26) $0.13221005949491982 = ($0.38932207936309976 - $0.25711201986817994)


5b. 14 Claim(s):

Total gas cost: 14 Claim(s) (USD): $0.28 ($0.2771494224665365)

Claim Reward: 13 Claim(s) (WEI): 0.000119501487395472 WETH (119501487395472 wei)
Claim Reward: 13 Claim(s) (USD): $0.39 ($0.38932207936309976)

Next Claim Reward: 14 Claim(s) (WEI): 0.000128693909502816 WETH (128693909502816 wei)
Next Claim Reward: 14 Claim(s) (USD): $0.42 ($0.4192699316217998)

Net profit = (Gross Profit - Gas Cost [Avg])
$0.14 = ($0.42 - $0.28) $0.1421205091552633 = ($0.4192699316217998 - $0.2771494224665365)


5b. 15 Claim(s):

Total gas cost: 15 Claim(s) (USD): $0.3 ($0.29718682506489313)

Claim Reward: 14 Claim(s) (WEI): 0.000128693909502816 WETH (128693909502816 wei)
Claim Reward: 14 Claim(s) (USD): $0.42 ($0.4192699316217998)

Next Claim Reward: 15 Claim(s) (WEI): 0.00013788633161016 WETH (137886331610160 wei)
Next Claim Reward: 15 Claim(s) (USD): $0.45 ($0.44921778388049977)

Net profit = (Gross Profit - Gas Cost [Avg])
$0.15 = ($0.45 - $0.3) $0.15203095881560663 = ($0.44921778388049977 - $0.29718682506489313)


5b. 16 Claim(s):

Total gas cost: 16 Claim(s) (USD): $0.32 ($0.3172242276632497)

Claim Reward: 15 Claim(s) (WEI): 0.00013788633161016 WETH (137886331610160 wei)
Claim Reward: 15 Claim(s) (USD): $0.45 ($0.44921778388049977)

Next Claim Reward: 16 Claim(s) (WEI): 0.000147078753717504 WETH (147078753717504 wei)
Next Claim Reward: 16 Claim(s) (USD): $0.48 ($0.4791656361391997)

Net profit = (Gross Profit - Gas Cost [Avg])
$0.16 = ($0.48 - $0.32) $0.16194140847595 = ($0.4791656361391997 - $0.3172242276632497)


5b. 17 Claim(s):

Total gas cost: 17 Claim(s) (USD): $0.34 ($0.3372616302616063)

Claim Reward: 16 Claim(s) (WEI): 0.000147078753717504 WETH (147078753717504 wei)
Claim Reward: 16 Claim(s) (USD): $0.48 ($0.4791656361391997)

Next Claim Reward: 17 Claim(s) (WEI): 0.000156271175824848 WETH (156271175824848 wei)
Next Claim Reward: 17 Claim(s) (USD): $0.51 ($0.5091134883978997)

Net profit = (Gross Profit - Gas Cost [Avg])
$0.17 = ($0.51 - $0.34) $0.1718518581362934 = ($0.5091134883978997 - $0.3372616302616063)


5b. 18 Claim(s):

Total gas cost: 18 Claim(s) (USD): $0.36 ($0.35729903285996295)

Claim Reward: 17 Claim(s) (WEI): 0.000156271175824848 WETH (156271175824848 wei)
Claim Reward: 17 Claim(s) (USD): $0.51 ($0.5091134883978997)

Next Claim Reward: 18 Claim(s) (WEI): 0.000165463597932192 WETH (165463597932192 wei)
Next Claim Reward: 18 Claim(s) (USD): $0.54 ($0.5390613406565997)

Net profit = (Gross Profit - Gas Cost [Avg])
$0.18 = ($0.54 - $0.36) $0.18176230779663677 = ($0.5390613406565997 - $0.35729903285996295)


5b. 19 Claim(s):

Total gas cost: 19 Claim(s) (USD): $0.38 ($0.3773364354583195)

Claim Reward: 18 Claim(s) (WEI): 0.000165463597932192 WETH (165463597932192 wei)
Claim Reward: 18 Claim(s) (USD): $0.54 ($0.5390613406565997)

Next Claim Reward: 19 Claim(s) (WEI): 0.000174656020039536 WETH (174656020039536 wei)
Next Claim Reward: 19 Claim(s) (USD): $0.57 ($0.5690091929152997)

Net profit = (Gross Profit - Gas Cost [Avg])
$0.19 = ($0.57 - $0.38) $0.1916727574569802 = ($0.5690091929152997 - $0.3773364354583195)


5b. 20 Claim(s):

Total gas cost: 20 Claim(s) (USD): $0.4 ($0.39737383805667614)

Claim Reward: 19 Claim(s) (WEI): 0.000174656020039536 WETH (174656020039536 wei)
Claim Reward: 19 Claim(s) (USD): $0.57 ($0.5690091929152997)

Next Claim Reward: 20 Claim(s) (WEI): 0.00018384844214688 WETH (183848442146880 wei)
Next Claim Reward: 20 Claim(s) (USD): $0.6 ($0.5989570451739997)

Net profit = (Gross Profit - Gas Cost [Avg])
$0.2 = ($0.6 - $0.4) $0.20158320711732358 = ($0.5989570451739997 - $0.39737383805667614)


5b. 21 Claim(s):

Total gas cost: 21 Claim(s) (USD): $0.42 ($0.4174112406550327)

Claim Reward: 20 Claim(s) (WEI): 0.00018384844214688 WETH (183848442146880 wei)
Claim Reward: 20 Claim(s) (USD): $0.6 ($0.5989570451739997)

Next Claim Reward: 21 Claim(s) (WEI): 0.000193040864254224 WETH (193040864254224 wei)
Next Claim Reward: 21 Claim(s) (USD): $0.63 ($0.6289048974326996)

Net profit = (Gross Profit - Gas Cost [Avg])
$0.21 = ($0.63 - $0.42) $0.2114936567776669 = ($0.6289048974326996 - $0.4174112406550327)


5b. 22 Claim(s):

Total gas cost: 22 Claim(s) (USD): $0.44 ($0.43744864325338934)

Claim Reward: 21 Claim(s) (WEI): 0.000193040864254224 WETH (193040864254224 wei)
Claim Reward: 21 Claim(s) (USD): $0.63 ($0.6289048974326996)

Next Claim Reward: 22 Claim(s) (WEI): 0.000202233286361568 WETH (202233286361568 wei)
Next Claim Reward: 22 Claim(s) (USD): $0.66 ($0.6588527496913996)

Net profit = (Gross Profit - Gas Cost [Avg])
$0.22 = ($0.66 - $0.44) $0.22140410643801028 = ($0.6588527496913996 - $0.43744864325338934)


5b. 23 Claim(s):

Total gas cost: 23 Claim(s) (USD): $0.46 ($0.4574860458517459)

Claim Reward: 22 Claim(s) (WEI): 0.000202233286361568 WETH (202233286361568 wei)
Claim Reward: 22 Claim(s) (USD): $0.66 ($0.6588527496913996)

Next Claim Reward: 23 Claim(s) (WEI): 0.000211425708468912 WETH (211425708468912 wei)
Next Claim Reward: 23 Claim(s) (USD): $0.69 ($0.6888006019500996)

Net profit = (Gross Profit - Gas Cost [Avg])
$0.23 = ($0.69 - $0.46) $0.23131455609835372 = ($0.6888006019500996 - $0.4574860458517459)


5b. 24 Claim(s):

Total gas cost: 24 Claim(s) (USD): $0.48 ($0.47752344845010253)

Claim Reward: 23 Claim(s) (WEI): 0.000211425708468912 WETH (211425708468912 wei)
Claim Reward: 23 Claim(s) (USD): $0.69 ($0.6888006019500996)

Next Claim Reward: 24 Claim(s) (WEI): 0.000220618130576256 WETH (220618130576256 wei)
Next Claim Reward: 24 Claim(s) (USD): $0.72 ($0.7187484542087996)

Net profit = (Gross Profit - Gas Cost [Avg])
$0.24 = ($0.72 - $0.48) $0.2412250057586971 = ($0.7187484542087996 - $0.47752344845010253)


5b. 25 Claim(s):

Total gas cost: 25 Claim(s) (USD): $0.5 ($0.49756085104845915)

Claim Reward: 24 Claim(s) (WEI): 0.000220618130576256 WETH (220618130576256 wei)
Claim Reward: 24 Claim(s) (USD): $0.72 ($0.7187484542087996)

Next Claim Reward: 25 Claim(s) (WEI): 0.0002298105526836 WETH (229810552683600 wei)
Next Claim Reward: 25 Claim(s) (USD): $0.75 ($0.7486963064674996)

Net profit = (Gross Profit - Gas Cost [Avg])
$0.25 = ($0.75 - $0.5) $0.2511354554190405 = ($0.7486963064674996 - $0.49756085104845915)


5b. 26 Claim(s):

Total gas cost: 26 Claim(s) (USD): $0.52 ($0.5175982536468158)

Claim Reward: 25 Claim(s) (WEI): 0.0002298105526836 WETH (229810552683600 wei)
Claim Reward: 25 Claim(s) (USD): $0.75 ($0.7486963064674996)

Next Claim Reward: 26 Claim(s) (WEI): 0.000239002974790944 WETH (239002974790944 wei)
Next Claim Reward: 26 Claim(s) (USD): $0.78 ($0.7786441587261995)

Net profit = (Gross Profit - Gas Cost [Avg])
$0.26 = ($0.78 - $0.52) $0.26104590507938374 = ($0.7786441587261995 - $0.5175982536468158)


5b. 27 Claim(s):

Total gas cost: 27 Claim(s) (USD): $0.54 ($0.5376356562451723)

Claim Reward: 26 Claim(s) (WEI): 0.000239002974790944 WETH (239002974790944 wei)
Claim Reward: 26 Claim(s) (USD): $0.78 ($0.7786441587261995)

Next Claim Reward: 27 Claim(s) (WEI): 0.000248195396898288 WETH (248195396898288 wei)
Next Claim Reward: 27 Claim(s) (USD): $0.81 ($0.8085920109848995)

Net profit = (Gross Profit - Gas Cost [Avg])
$0.27 = ($0.81 - $0.54) $0.27095635473972723 = ($0.8085920109848995 - $0.5376356562451723)


5b. 28 Claim(s):

Total gas cost: 28 Claim(s) (USD): $0.56 ($0.5576730588435289)

Claim Reward: 27 Claim(s) (WEI): 0.000248195396898288 WETH (248195396898288 wei)
Claim Reward: 27 Claim(s) (USD): $0.81 ($0.8085920109848995)

Next Claim Reward: 28 Claim(s) (WEI): 0.000257387819005632 WETH (257387819005632 wei)
Next Claim Reward: 28 Claim(s) (USD): $0.84 ($0.8385398632435996)

Net profit = (Gross Profit - Gas Cost [Avg])
$0.28 = ($0.84 - $0.56) $0.2808668044000707 = ($0.8385398632435996 - $0.5576730588435289)


5b. 29 Claim(s):

Total gas cost: 29 Claim(s) (USD): $0.58 ($0.5777104614418855)

Claim Reward: 28 Claim(s) (WEI): 0.000257387819005632 WETH (257387819005632 wei)
Claim Reward: 28 Claim(s) (USD): $0.84 ($0.8385398632435996)

Next Claim Reward: 29 Claim(s) (WEI): 0.000266580241112976 WETH (266580241112976 wei)
Next Claim Reward: 29 Claim(s) (USD): $0.87 ($0.8684877155022995)

Net profit = (Gross Profit - Gas Cost [Avg])
$0.29 = ($0.87 - $0.58) $0.290777254060414 = ($0.8684877155022995 - $0.5777104614418855)


5b. 30 Claim(s):

Total gas cost: 30 Claim(s) (USD): $0.6 ($0.5977478640402422)

Claim Reward: 29 Claim(s) (WEI): 0.000266580241112976 WETH (266580241112976 wei)
Claim Reward: 29 Claim(s) (USD): $0.87 ($0.8684877155022995)

Next Claim Reward: 30 Claim(s) (WEI): 0.00027577266322032 WETH (275772663220320 wei)
Next Claim Reward: 30 Claim(s) (USD): $0.9 ($0.8984355677609995)

Net profit = (Gross Profit - Gas Cost [Avg])
$0.3 = ($0.9 - $0.6) $0.30068770372075737 = ($0.8984355677609995 - $0.5977478640402422)

******************
5c. Profit/Loss (USD):

Net profit = (Gross Profit - Gas Cost [Max])
$0.27 = ($0.87 - $0.6) $0.27073985146205737 = ($0.8684877155022995 - $0.5977478640402422)

Submitting transaction to claim 29 prize(s):

0x33335296c9b020ca3252e4953c11decfdce816b8-0xE8225512299c4E1d76544637BeAf535E64e4c360-4-210
0x33335296c9b020ca3252e4953c11decfdce816b8-0xc8FDd2A4C95E4B2a9ef181358287011dCf7CF0F8-4-65
0x33335296c9b020ca3252e4953c11decfdce816b8-0x30f0e9618C7D30348cDA68cB231C82b779Ed325D-4-228
0x33335296c9b020ca3252e4953c11decfdce816b8-0x32FCC256010a3DCf8f758b8F804041ba15AE3d87-4-104
0x33335296c9b020ca3252e4953c11decfdce816b8-0x6eF114bD1eAcfC5aCD05556D535Fc465Ecb933cc-4-146
0x33335296c9b020ca3252e4953c11decfdce816b8-0xd1a0266b4D7B44aD749023A11FDcF664e8a5cB17-4-96
0x33335296c9b020ca3252e4953c11decfdce816b8-0x4C7aa9c56c7C525a6344a092e29c8a6C8E84a6ED-4-89
0x33335296c9b020ca3252e4953c11decfdce816b8-0xD23c96d6A6B115613E9e6bE38850977A1c15F536-4-150
0x33335296c9b020ca3252e4953c11decfdce816b8-0xe39b635daf0a2CC59F4Db6B04b24Cf5534b2c83F-4-222
0x33335296c9b020ca3252e4953c11decfdce816b8-0xB1b3Ff4b3D9a338925f50D321bA70E64c4683f75-4-6
0x33335296c9b020ca3252e4953c11decfdce816b8-0x1028681614352254D252B01896D7B0e3CAB179a9-4-106
0x33335296c9b020ca3252e4953c11decfdce816b8-0x8f018ad2a090B0A19bB2f302dab87e150513091e-4-58
0x33335296c9b020ca3252e4953c11decfdce816b8-0xc001f5D39df16F152D69AAE36C10E1E4497f26BB-4-183
0x33335296c9b020ca3252e4953c11decfdce816b8-0x7EFFcB9707a32453985c40F49BE9D58c7046B659-4-95
0x33335296c9b020ca3252e4953c11decfdce816b8-0x49Bb83Bfa0b663f6d431e3afA0473CE55A5c6Eba-4-39
0x33335296c9b020ca3252e4953c11decfdce816b8-0x713D09c6e62EE941716C7c14C1f3016F93CDAe8f-4-63
0x33335296c9b020ca3252e4953c11decfdce816b8-0xD707f5CE40Ea55214C403e15E5e0c48C7da3B253-4-24
0x33335296c9b020ca3252e4953c11decfdce816b8-0x0eE747B134Ed3231A0Eb3d3E1075FbD28A07499b-4-2
0x33335296c9b020ca3252e4953c11decfdce816b8-0xc6F19Ee79Fcd4761af77F6a4a57410279e0A7921-4-149
0x33335296c9b020ca3252e4953c11decfdce816b8-0x5d1D3E14e856f49E30e6eF30656819071A3E6D40-4-207
0x33335296c9b020ca3252e4953c11decfdce816b8-0x33C5B1170df0D409496885067B0701E69C524d54-4-133
0x33335296c9b020ca3252e4953c11decfdce816b8-0x86F2d186f9a12e45784546df5B206881C822aa88-4-224
0x33335296c9b020ca3252e4953c11decfdce816b8-0x4E211cf7347133645caF571E018765997A741b22-4-57
0x33335296c9b020ca3252e4953c11decfdce816b8-0x8295308d8c51b902e33BBEB19bDda8C07638E461-4-49
0x33335296c9b020ca3252e4953c11decfdce816b8-0x88E72f931B120704e832891C2Df2A1C2F92FD9cc-4-68
0x33335296c9b020ca3252e4953c11decfdce816b8-0x8F753fa0b520D014C75a9a1F91EcC795d43c5280-4-226
0x33335296c9b020ca3252e4953c11decfdce816b8-0x05B6631419AE273ffF021a39b824FDbcEB33f513-4-183
0x33335296c9b020ca3252e4953c11decfdce816b8-0xdd1f87486A19d6be6d57b1710CBdA810798acE07-4-98
0x33335296c9b020ca3252e4953c11decfdce816b8-0x07e0082114bE6750C2a56dd392B79BE8DEC66157-4-224



Execute Claim Transaction for Tier #4 (Canary tier)



Transaction sent! ✔
Transaction hash: 0x725b6a91279d5486da4516fa54a901713d3517d2c1017396fbe0493e159a3523
Waiting on transaction to be confirmed ...
Tx confirmed !




******************
Processing:
Vault:     0x7fad91a4a29109303188d8758f1a9d60ce988349
Tier:      #4 (Canary tier)
# prizes:  96

5a. Calculating # of profitable claims ...

Native (Gas) Token ETH Market Rate (USD): $3257.49

Estimated gas limit (wei) (1 prize claim): 0.000000000000171996 ETH (171996 wei)
Estimated gas limit (wei) (2 prize claims): 0.000000000000251239 ETH (251239 wei)

Gas Cost: First Claim (wei): 0.000000000000171996 ETH (171996 wei)
Gas Cost: Each Following Claim (wei): 0.000000000000079243 ETH (79243 wei)

Gas Cost: First Claim (USD): $0.02 $0.015447142177490795
Gas Cost: Each Following Claim (USD): $0.02 $0.018543719898358058

5b. 1 Claim(s):

Total gas cost: 1 Claim(s) (USD): $0.02 ($0.015447142177490795)

Next Claim Reward: 1 Claim(s) (WEI): 0.000009192422107344 WETH (9192422107344 wei)
Next Claim Reward: 1 Claim(s) (USD): $0.03 ($0.029947852258699982)

Net profit = (Gross Profit - Gas Cost [Avg])
$0.01 = ($0.03 - $0.02) $0.014500710081209187 = ($0.029947852258699982 - $0.015447142177490795)


5b. 2 Claim(s):

Total gas cost: 2 Claim(s) (USD): $0.03 ($0.03399086207584885)

Claim Reward: 1 Claim(s) (WEI): 0.000009192422107344 WETH (9192422107344 wei)
Claim Reward: 1 Claim(s) (USD): $0.03 ($0.029947852258699982)

Next Claim Reward: 2 Claim(s) (WEI): 0.000018384844214688 WETH (18384844214688 wei)
Next Claim Reward: 2 Claim(s) (USD): $0.06 ($0.059895704517399964)

Net profit = (Gross Profit - Gas Cost [Avg])
$0.03 = ($0.06 - $0.03) $0.025904842441551112 = ($0.059895704517399964 - $0.03399086207584885)


5b. 3 Claim(s):

Total gas cost: 3 Claim(s) (USD): $0.05 ($0.05253458197420691)

Claim Reward: 2 Claim(s) (WEI): 0.000018384844214688 WETH (18384844214688 wei)
Claim Reward: 2 Claim(s) (USD): $0.06 ($0.059895704517399964)

Next Claim Reward: 3 Claim(s) (WEI): 0.000027577266322032 WETH (27577266322032 wei)
Next Claim Reward: 3 Claim(s) (USD): $0.09 ($0.08984355677609995)

Net profit = (Gross Profit - Gas Cost [Avg])
$0.04 = ($0.09 - $0.05) $0.03730897480189304 = ($0.08984355677609995 - $0.05253458197420691)


5b. 4 Claim(s):

Total gas cost: 4 Claim(s) (USD): $0.07 ($0.07107830187256498)

Claim Reward: 3 Claim(s) (WEI): 0.000027577266322032 WETH (27577266322032 wei)
Claim Reward: 3 Claim(s) (USD): $0.09 ($0.08984355677609995)

Next Claim Reward: 4 Claim(s) (WEI): 0.000036769688429376 WETH (36769688429376 wei)
Next Claim Reward: 4 Claim(s) (USD): $0.12 ($0.11979140903479993)

Net profit = (Gross Profit - Gas Cost [Avg])
$0.05 = ($0.12 - $0.07) $0.04871310716223495 = ($0.11979140903479993 - $0.07107830187256498)


5b. 5 Claim(s):

Total gas cost: 5 Claim(s) (USD): $0.09 ($0.08962202177092303)

Claim Reward: 4 Claim(s) (WEI): 0.000036769688429376 WETH (36769688429376 wei)
Claim Reward: 4 Claim(s) (USD): $0.12 ($0.11979140903479993)

Next Claim Reward: 5 Claim(s) (WEI): 0.00004596211053672 WETH (45962110536720 wei)
Next Claim Reward: 5 Claim(s) (USD): $0.15 ($0.14973926129349993)

Net profit = (Gross Profit - Gas Cost [Avg])
$0.06 = ($0.15 - $0.09) $0.0601172395225769 = ($0.14973926129349993 - $0.08962202177092303)


5b. 6 Claim(s):

Total gas cost: 6 Claim(s) (USD): $0.11 ($0.10816574166928108)

Claim Reward: 5 Claim(s) (WEI): 0.00004596211053672 WETH (45962110536720 wei)
Claim Reward: 5 Claim(s) (USD): $0.15 ($0.14973926129349993)

Next Claim Reward: 6 Claim(s) (WEI): 0.000055154532644064 WETH (55154532644064 wei)
Next Claim Reward: 6 Claim(s) (USD): $0.18 ($0.1796871135521999)

Net profit = (Gross Profit - Gas Cost [Avg])
$0.07 = ($0.18 - $0.11) $0.07152137188291882 = ($0.1796871135521999 - $0.10816574166928108)


5b. 7 Claim(s):

Total gas cost: 7 Claim(s) (USD): $0.13 ($0.12670946156763915)

Claim Reward: 6 Claim(s) (WEI): 0.000055154532644064 WETH (55154532644064 wei)
Claim Reward: 6 Claim(s) (USD): $0.18 ($0.1796871135521999)

Next Claim Reward: 7 Claim(s) (WEI): 0.000064346954751408 WETH (64346954751408 wei)
Next Claim Reward: 7 Claim(s) (USD): $0.21 ($0.2096349658108999)

Net profit = (Gross Profit - Gas Cost [Avg])
$0.08 = ($0.21 - $0.13) $0.08292550424326076 = ($0.2096349658108999 - $0.12670946156763915)


5b. 8 Claim(s):

Total gas cost: 8 Claim(s) (USD): $0.15 ($0.1452531814659972)

Claim Reward: 7 Claim(s) (WEI): 0.000064346954751408 WETH (64346954751408 wei)
Claim Reward: 7 Claim(s) (USD): $0.21 ($0.2096349658108999)

Next Claim Reward: 8 Claim(s) (WEI): 0.000073539376858752 WETH (73539376858752 wei)
Next Claim Reward: 8 Claim(s) (USD): $0.24 ($0.23958281806959986)

Net profit = (Gross Profit - Gas Cost [Avg])
$0.09 = ($0.24 - $0.15) $0.09432963660360266 = ($0.23958281806959986 - $0.1452531814659972)


5b. 9 Claim(s):

Total gas cost: 9 Claim(s) (USD): $0.16 ($0.16379690136435526)

Claim Reward: 8 Claim(s) (WEI): 0.000073539376858752 WETH (73539376858752 wei)
Claim Reward: 8 Claim(s) (USD): $0.24 ($0.23958281806959986)

Next Claim Reward: 9 Claim(s) (WEI): 0.000082731798966096 WETH (82731798966096 wei)
Next Claim Reward: 9 Claim(s) (USD): $0.27 ($0.26953067032829986)

Net profit = (Gross Profit - Gas Cost [Avg])
$0.11 = ($0.27 - $0.16) $0.1057337689639446 = ($0.26953067032829986 - $0.16379690136435526)


5b. 10 Claim(s):

Total gas cost: 10 Claim(s) (USD): $0.18 ($0.18234062126271333)

Claim Reward: 9 Claim(s) (WEI): 0.000082731798966096 WETH (82731798966096 wei)
Claim Reward: 9 Claim(s) (USD): $0.27 ($0.26953067032829986)

Next Claim Reward: 10 Claim(s) (WEI): 0.00009192422107344 WETH (91924221073440 wei)
Next Claim Reward: 10 Claim(s) (USD): $0.3 ($0.29947852258699986)

Net profit = (Gross Profit - Gas Cost [Avg])
$0.12 = ($0.3 - $0.18) $0.11713790132428653 = ($0.29947852258699986 - $0.18234062126271333)


5b. 11 Claim(s):

Total gas cost: 11 Claim(s) (USD): $0.2 ($0.20088434116107137)

Claim Reward: 10 Claim(s) (WEI): 0.00009192422107344 WETH (91924221073440 wei)
Claim Reward: 10 Claim(s) (USD): $0.3 ($0.29947852258699986)

Next Claim Reward: 11 Claim(s) (WEI): 0.000101116643180784 WETH (101116643180784 wei)
Next Claim Reward: 11 Claim(s) (USD): $0.33 ($0.3294263748456998)

Net profit = (Gross Profit - Gas Cost [Avg])
$0.13 = ($0.33 - $0.2) $0.12854203368462844 = ($0.3294263748456998 - $0.20088434116107137)


5b. 12 Claim(s):

Total gas cost: 12 Claim(s) (USD): $0.22 ($0.21942806105942944)

Claim Reward: 11 Claim(s) (WEI): 0.000101116643180784 WETH (101116643180784 wei)
Claim Reward: 11 Claim(s) (USD): $0.33 ($0.3294263748456998)

Next Claim Reward: 12 Claim(s) (WEI): 0.000110309065288128 WETH (110309065288128 wei)
Next Claim Reward: 12 Claim(s) (USD): $0.36 ($0.3593742271043998)

Net profit = (Gross Profit - Gas Cost [Avg])
$0.14 = ($0.36 - $0.22) $0.13994616604497037 = ($0.3593742271043998 - $0.21942806105942944)


5b. 13 Claim(s):

Total gas cost: 13 Claim(s) (USD): $0.24 ($0.2379717809577875)

Claim Reward: 12 Claim(s) (WEI): 0.000110309065288128 WETH (110309065288128 wei)
Claim Reward: 12 Claim(s) (USD): $0.36 ($0.3593742271043998)

Next Claim Reward: 13 Claim(s) (WEI): 0.000119501487395472 WETH (119501487395472 wei)
Next Claim Reward: 13 Claim(s) (USD): $0.39 ($0.38932207936309976)

Net profit = (Gross Profit - Gas Cost [Avg])
$0.15 = ($0.39 - $0.24) $0.15135029840531225 = ($0.38932207936309976 - $0.2379717809577875)


5b. 14 Claim(s):

Total gas cost: 14 Claim(s) (USD): $0.26 ($0.25651550085614555)

Claim Reward: 13 Claim(s) (WEI): 0.000119501487395472 WETH (119501487395472 wei)
Claim Reward: 13 Claim(s) (USD): $0.39 ($0.38932207936309976)

Next Claim Reward: 14 Claim(s) (WEI): 0.000128693909502816 WETH (128693909502816 wei)
Next Claim Reward: 14 Claim(s) (USD): $0.42 ($0.4192699316217998)

Net profit = (Gross Profit - Gas Cost [Avg])
$0.16 = ($0.42 - $0.26) $0.16275443076565427 = ($0.4192699316217998 - $0.25651550085614555)


5b. 15 Claim(s):

Total gas cost: 15 Claim(s) (USD): $0.28 ($0.27505922075450356)

Claim Reward: 14 Claim(s) (WEI): 0.000128693909502816 WETH (128693909502816 wei)
Claim Reward: 14 Claim(s) (USD): $0.42 ($0.4192699316217998)

Next Claim Reward: 15 Claim(s) (WEI): 0.00013788633161016 WETH (137886331610160 wei)
Next Claim Reward: 15 Claim(s) (USD): $0.45 ($0.44921778388049977)

Net profit = (Gross Profit - Gas Cost [Avg])
$0.17 = ($0.45 - $0.28) $0.1741585631259962 = ($0.44921778388049977 - $0.27505922075450356)


5b. 16 Claim(s):

Total gas cost: 16 Claim(s) (USD): $0.29 ($0.29360294065286163)

Claim Reward: 15 Claim(s) (WEI): 0.00013788633161016 WETH (137886331610160 wei)
Claim Reward: 15 Claim(s) (USD): $0.45 ($0.44921778388049977)

Next Claim Reward: 16 Claim(s) (WEI): 0.000147078753717504 WETH (147078753717504 wei)
Next Claim Reward: 16 Claim(s) (USD): $0.48 ($0.4791656361391997)

Net profit = (Gross Profit - Gas Cost [Avg])
$0.19 = ($0.48 - $0.29) $0.18556269548633808 = ($0.4791656361391997 - $0.29360294065286163)


5b. 17 Claim(s):

Total gas cost: 17 Claim(s) (USD): $0.31 ($0.3121466605512197)

Claim Reward: 16 Claim(s) (WEI): 0.000147078753717504 WETH (147078753717504 wei)
Claim Reward: 16 Claim(s) (USD): $0.48 ($0.4791656361391997)

Next Claim Reward: 17 Claim(s) (WEI): 0.000156271175824848 WETH (156271175824848 wei)
Next Claim Reward: 17 Claim(s) (USD): $0.51 ($0.5091134883978997)

Net profit = (Gross Profit - Gas Cost [Avg])
$0.2 = ($0.51 - $0.31) $0.19696682784668001 = ($0.5091134883978997 - $0.3121466605512197)


5b. 18 Claim(s):

Total gas cost: 18 Claim(s) (USD): $0.33 ($0.33069038044957777)

Claim Reward: 17 Claim(s) (WEI): 0.000156271175824848 WETH (156271175824848 wei)
Claim Reward: 17 Claim(s) (USD): $0.51 ($0.5091134883978997)

Next Claim Reward: 18 Claim(s) (WEI): 0.000165463597932192 WETH (165463597932192 wei)
Next Claim Reward: 18 Claim(s) (USD): $0.54 ($0.5390613406565997)

Net profit = (Gross Profit - Gas Cost [Avg])
$0.21 = ($0.54 - $0.33) $0.20837096020702195 = ($0.5390613406565997 - $0.33069038044957777)


5b. 19 Claim(s):

Total gas cost: 19 Claim(s) (USD): $0.35 ($0.34923410034793584)

Claim Reward: 18 Claim(s) (WEI): 0.000165463597932192 WETH (165463597932192 wei)
Claim Reward: 18 Claim(s) (USD): $0.54 ($0.5390613406565997)

Next Claim Reward: 19 Claim(s) (WEI): 0.000174656020039536 WETH (174656020039536 wei)
Next Claim Reward: 19 Claim(s) (USD): $0.57 ($0.5690091929152997)

Net profit = (Gross Profit - Gas Cost [Avg])
$0.22 = ($0.57 - $0.35) $0.21977509256736388 = ($0.5690091929152997 - $0.34923410034793584)


5b. 20 Claim(s):

Total gas cost: 20 Claim(s) (USD): $0.37 ($0.36777782024629385)

Claim Reward: 19 Claim(s) (WEI): 0.000174656020039536 WETH (174656020039536 wei)
Claim Reward: 19 Claim(s) (USD): $0.57 ($0.5690091929152997)

Next Claim Reward: 20 Claim(s) (WEI): 0.00018384844214688 WETH (183848442146880 wei)
Next Claim Reward: 20 Claim(s) (USD): $0.6 ($0.5989570451739997)

Net profit = (Gross Profit - Gas Cost [Avg])
$0.23 = ($0.6 - $0.37) $0.23117922492770587 = ($0.5989570451739997 - $0.36777782024629385)


5b. 21 Claim(s):

Total gas cost: 21 Claim(s) (USD): $0.39 ($0.3863215401446519)

Claim Reward: 20 Claim(s) (WEI): 0.00018384844214688 WETH (183848442146880 wei)
Claim Reward: 20 Claim(s) (USD): $0.6 ($0.5989570451739997)

Next Claim Reward: 21 Claim(s) (WEI): 0.000193040864254224 WETH (193040864254224 wei)
Next Claim Reward: 21 Claim(s) (USD): $0.63 ($0.6289048974326996)

Net profit = (Gross Profit - Gas Cost [Avg])
$0.24 = ($0.63 - $0.39) $0.2425833572880477 = ($0.6289048974326996 - $0.3863215401446519)


5b. 22 Claim(s):

Total gas cost: 22 Claim(s) (USD): $0.4 ($0.40486526004301)

Claim Reward: 21 Claim(s) (WEI): 0.000193040864254224 WETH (193040864254224 wei)
Claim Reward: 21 Claim(s) (USD): $0.63 ($0.6289048974326996)

Next Claim Reward: 22 Claim(s) (WEI): 0.000202233286361568 WETH (202233286361568 wei)
Next Claim Reward: 22 Claim(s) (USD): $0.66 ($0.6588527496913996)

Net profit = (Gross Profit - Gas Cost [Avg])
$0.25 = ($0.66 - $0.4) $0.25398748964838963 = ($0.6588527496913996 - $0.40486526004301)


5b. 23 Claim(s):

Total gas cost: 23 Claim(s) (USD): $0.42 ($0.42340897994136806)

Claim Reward: 22 Claim(s) (WEI): 0.000202233286361568 WETH (202233286361568 wei)
Claim Reward: 22 Claim(s) (USD): $0.66 ($0.6588527496913996)

Next Claim Reward: 23 Claim(s) (WEI): 0.000211425708468912 WETH (211425708468912 wei)
Next Claim Reward: 23 Claim(s) (USD): $0.69 ($0.6888006019500996)

Net profit = (Gross Profit - Gas Cost [Avg])
$0.27 = ($0.69 - $0.42) $0.26539162200873156 = ($0.6888006019500996 - $0.42340897994136806)


5b. 24 Claim(s):

Total gas cost: 24 Claim(s) (USD): $0.44 ($0.4419526998397261)

Claim Reward: 23 Claim(s) (WEI): 0.000211425708468912 WETH (211425708468912 wei)
Claim Reward: 23 Claim(s) (USD): $0.69 ($0.6888006019500996)

Next Claim Reward: 24 Claim(s) (WEI): 0.000220618130576256 WETH (220618130576256 wei)
Next Claim Reward: 24 Claim(s) (USD): $0.72 ($0.7187484542087996)

Net profit = (Gross Profit - Gas Cost [Avg])
$0.28 = ($0.72 - $0.44) $0.2767957543690735 = ($0.7187484542087996 - $0.4419526998397261)


5b. 25 Claim(s):

Total gas cost: 25 Claim(s) (USD): $0.46 ($0.4604964197380842)

Claim Reward: 24 Claim(s) (WEI): 0.000220618130576256 WETH (220618130576256 wei)
Claim Reward: 24 Claim(s) (USD): $0.72 ($0.7187484542087996)

Next Claim Reward: 25 Claim(s) (WEI): 0.0002298105526836 WETH (229810552683600 wei)
Next Claim Reward: 25 Claim(s) (USD): $0.75 ($0.7486963064674996)

Net profit = (Gross Profit - Gas Cost [Avg])
$0.29 = ($0.75 - $0.46) $0.28819988672941543 = ($0.7486963064674996 - $0.4604964197380842)


5b. 26 Claim(s):

Total gas cost: 26 Claim(s) (USD): $0.48 ($0.4790401396364422)

Claim Reward: 25 Claim(s) (WEI): 0.0002298105526836 WETH (229810552683600 wei)
Claim Reward: 25 Claim(s) (USD): $0.75 ($0.7486963064674996)

Next Claim Reward: 26 Claim(s) (WEI): 0.000239002974790944 WETH (239002974790944 wei)
Next Claim Reward: 26 Claim(s) (USD): $0.78 ($0.7786441587261995)

Net profit = (Gross Profit - Gas Cost [Avg])
$0.3 = ($0.78 - $0.48) $0.2996040190897573 = ($0.7786441587261995 - $0.4790401396364422)


5b. 27 Claim(s):

Total gas cost: 27 Claim(s) (USD): $0.5 ($0.4975838595348003)

Claim Reward: 26 Claim(s) (WEI): 0.000239002974790944 WETH (239002974790944 wei)
Claim Reward: 26 Claim(s) (USD): $0.78 ($0.7786441587261995)

Next Claim Reward: 27 Claim(s) (WEI): 0.000248195396898288 WETH (248195396898288 wei)
Next Claim Reward: 27 Claim(s) (USD): $0.81 ($0.8085920109848995)

Net profit = (Gross Profit - Gas Cost [Avg])
$0.31 = ($0.81 - $0.5) $0.31100815145009925 = ($0.8085920109848995 - $0.4975838595348003)


5b. 28 Claim(s):

Total gas cost: 28 Claim(s) (USD): $0.52 ($0.5161275794331583)

Claim Reward: 27 Claim(s) (WEI): 0.000248195396898288 WETH (248195396898288 wei)
Claim Reward: 27 Claim(s) (USD): $0.81 ($0.8085920109848995)

Next Claim Reward: 28 Claim(s) (WEI): 0.000257387819005632 WETH (257387819005632 wei)
Next Claim Reward: 28 Claim(s) (USD): $0.84 ($0.8385398632435996)

Net profit = (Gross Profit - Gas Cost [Avg])
$0.32 = ($0.84 - $0.52) $0.3224122838104413 = ($0.8385398632435996 - $0.5161275794331583)


5b. 29 Claim(s):

Total gas cost: 29 Claim(s) (USD): $0.53 ($0.5346712993315164)

Claim Reward: 28 Claim(s) (WEI): 0.000257387819005632 WETH (257387819005632 wei)
Claim Reward: 28 Claim(s) (USD): $0.84 ($0.8385398632435996)

Next Claim Reward: 29 Claim(s) (WEI): 0.000266580241112976 WETH (266580241112976 wei)
Next Claim Reward: 29 Claim(s) (USD): $0.87 ($0.8684877155022995)

Net profit = (Gross Profit - Gas Cost [Avg])
$0.33 = ($0.87 - $0.53) $0.33381641617078317 = ($0.8684877155022995 - $0.5346712993315164)


5b. 30 Claim(s):

Total gas cost: 30 Claim(s) (USD): $0.55 ($0.5532150192298745)

Claim Reward: 29 Claim(s) (WEI): 0.000266580241112976 WETH (266580241112976 wei)
Claim Reward: 29 Claim(s) (USD): $0.87 ($0.8684877155022995)

Next Claim Reward: 30 Claim(s) (WEI): 0.00027577266322032 WETH (275772663220320 wei)
Next Claim Reward: 30 Claim(s) (USD): $0.9 ($0.8984355677609995)

Net profit = (Gross Profit - Gas Cost [Avg])
$0.35 = ($0.9 - $0.55) $0.34522054853112505 = ($0.8984355677609995 - $0.5532150192298745)

******************
5c. Profit/Loss (USD):

Net profit = (Gross Profit - Gas Cost [Max])
$0.32 = ($0.87 - $0.55) $0.31527269627242505 = ($0.8684877155022995 - $0.5532150192298745)

Submitting transaction to claim 29 prize(s):

0x7fad91a4a29109303188d8758f1a9d60ce988349-0xC5Cf56B17816ceEB75177E1a460F0b8498671C9A-4-219
0x7fad91a4a29109303188d8758f1a9d60ce988349-0x0a3620C2b8C175DbfAd76B4BA21d6bB4967D7cBd-4-35
0x7fad91a4a29109303188d8758f1a9d60ce988349-0x0a3620C2b8C175DbfAd76B4BA21d6bB4967D7cBd-4-55
0x7fad91a4a29109303188d8758f1a9d60ce988349-0x9935d4B7E49122f5A64269E9ed770A8C944Aff02-4-27
0x7fad91a4a29109303188d8758f1a9d60ce988349-0xC04fcc1E3317B468C2a33fd509aE77C17AEE49E4-4-181
0x7fad91a4a29109303188d8758f1a9d60ce988349-0x88C6f627a7913B892B6881bba5315b8DaD8D3b02-4-127
0x7fad91a4a29109303188d8758f1a9d60ce988349-0x6Ad86960D680710B523Ee6830636da8E609330fb-4-79
0x7fad91a4a29109303188d8758f1a9d60ce988349-0xA8c6a77fc11E8FD277bc9Ef305161551665D355f-4-59
0x7fad91a4a29109303188d8758f1a9d60ce988349-0x881a13ac02E6cd722D6feD3048153E908A941b58-4-118
0x7fad91a4a29109303188d8758f1a9d60ce988349-0x8685C8CDA9C57F72CED34B8FBA69BA7B03Fa3683-4-54
0x7fad91a4a29109303188d8758f1a9d60ce988349-0xc1d1D9bABC71A3b6eceaA6aFE569edaB510a434a-4-120
0x7fad91a4a29109303188d8758f1a9d60ce988349-0xc1d1D9bABC71A3b6eceaA6aFE569edaB510a434a-4-155
0x7fad91a4a29109303188d8758f1a9d60ce988349-0xe181D72DDDd35865913fbF679C83E105701C73D1-4-230
0x7fad91a4a29109303188d8758f1a9d60ce988349-0x6889870B7B03942575b45B5709E30f186DB2CcC7-4-229
0x7fad91a4a29109303188d8758f1a9d60ce988349-0x559527b59Db5E7e37A46395586CdF946b9562cdA-4-199
0x7fad91a4a29109303188d8758f1a9d60ce988349-0xf54bAf7C42f22CC2DF1039D5553e396615425BA8-4-27
0x7fad91a4a29109303188d8758f1a9d60ce988349-0xa0fb56aA414D92c3d7616C43AAc736a2F22934ff-4-159
0x7fad91a4a29109303188d8758f1a9d60ce988349-0x588BA545F244f8C3C6F0716518eebd63720C7Cf8-4-125
0x7fad91a4a29109303188d8758f1a9d60ce988349-0xEAd1362d28Ac8Ae8488f4c0fad15603cAe6C840c-4-21
0x7fad91a4a29109303188d8758f1a9d60ce988349-0xCa7359b83374d997930BA3ca8A24741a2190e432-4-205
0x7fad91a4a29109303188d8758f1a9d60ce988349-0xe9D68F33A395e943C61F536A67098d7969C01b7E-4-128
0x7fad91a4a29109303188d8758f1a9d60ce988349-0x44914EAcBeF88F2E1E584DC4930BD3039024f72B-4-232
0x7fad91a4a29109303188d8758f1a9d60ce988349-0x91ab0847141729CBfE9507561Abc2D3404878F0c-4-14
0x7fad91a4a29109303188d8758f1a9d60ce988349-0x260bB9fd3f3341915E17830d4Cf822C2933B3Edc-4-139
0x7fad91a4a29109303188d8758f1a9d60ce988349-0xC989D170f816504a5C94A453F87C3c9f11567d2B-4-111
0x7fad91a4a29109303188d8758f1a9d60ce988349-0x03f5612AF1262cEB45842b30EF7DE44c87E6e77F-4-193
0x7fad91a4a29109303188d8758f1a9d60ce988349-0x5Af625Fc4e588fB471D80f17B625A7ba3FB9eABf-4-68
0x7fad91a4a29109303188d8758f1a9d60ce988349-0xa26153E88E989645b46e16888F356A62d725DFef-4-52
0x7fad91a4a29109303188d8758f1a9d60ce988349-0xaFA0103EEd5f5538Bb6B04d4f939D4A0899EB80e-4-37



Execute Claim Transaction for Tier #4 (Canary tier)



Transaction sent! ✔
Transaction hash: 0xf86ec2bc7422569d12c65837c43e5b1ce55519ed13903762d4694a5220a93710
Waiting on transaction to be confirmed ...
Tx confirmed !




******************
Processing:
Vault:     0x33335296c9b020ca3252e4953c11decfdce816b8
Tier:      #5 (Canary tier)
# prizes:  422

5a. Calculating # of profitable claims ...

Native (Gas) Token ETH Market Rate (USD): $3257.49

Estimated gas limit (wei) (1 prize claim): 0.000000000000172008 ETH (172008 wei)
Estimated gas limit (wei) (2 prize claims): 0.000000000000251264 ETH (251264 wei)

Gas Cost: First Claim (wei): 0.000000000000172008 ETH (172008 wei)
Gas Cost: Each Following Claim (wei): 0.000000000000079256 ETH (79256 wei)

Gas Cost: First Claim (USD): $0.01 $0.013838423411817458
Gas Cost: Each Following Claim (USD): $0.02 $0.016602678956462946

5b. 1 Claim(s):

Total gas cost: 1 Claim(s) (USD): $0.01 ($0.013838423411817458)

Next Claim Reward: 1 Claim(s) (WEI): 0.000002298105526836 WETH (2298105526836 wei)
Next Claim Reward: 1 Claim(s) (USD): $0.01 ($0.0074869630646749955)

Net profit = (Gross Profit - Gas Cost [Avg])
$-0.01 = ($0.01 - $0.01) $-0.006351460347142462 = ($0.0074869630646749955 - $0.013838423411817458)

******************
5c. Profit/Loss (USD):

Net profit = (Gross Profit - Gas Cost [Max])
$-0.01 = ($0 - $0.01) $-0.013838423411817458 = ($0 - $0.013838423411817458)

Claiming tier #5 (Canary tier) currently not profitable.
Not profitable to claim for Draw #3, Tier: #5 (Canary tier)




******************
Processing:
Vault:     0x75b2f4b3ec5adf7077f928992524cc547e74f768
Tier:      #5 (Canary tier)
# prizes:  74

Tier #5 (Canary tier) not profitable, skipping ...





******************
Processing:
Vault:     0x7fad91a4a29109303188d8758f1a9d60ce988349
Tier:      #5 (Canary tier)
# prizes:  589

Tier #5 (Canary tier) not profitable, skipping ...

