Operating on: 10 - Optimism

Config - REWARD_RECIPIENT not provided, setting swap recipient to relayer address: 0xf9A3856b5368f60f2837c797A993F46C6ea7117d
Config - MIN_PROFIT_THRESHOLD_USD: 0.05

Starting ...
Getting prize pool info ...
Getting prize context ...

******************
1. Prize token: WETH

┌────────────┬──────────────────────────────────────────────┬──────────┬─────────────────┬────────┬──────────────┐
│ (index)    │ address                                      │ decimals │ name            │ symbol │ assetRateUsd │
├────────────┼──────────────────────────────────────────────┼──────────┼─────────────────┼────────┼──────────────┤
│ prizeToken │ '0x4200000000000000000000000000000000000006' │ 18       │ 'Wrapped Ether' │ 'WETH' │ 3216.6892    │
└────────────┴──────────────────────────────────────────────┴──────────┴─────────────────┴────────┴──────────────┘
┌─────────┬──────────┬───────────────────────────────┐
│ (index) │ numTiers │ tiersRangeArray               │
├─────────┼──────────┼───────────────────────────────┤
│ tiers   │ 6        │ [ 0, 1, 2, ... 3 more items ] │
└─────────┴──────────┴───────────────────────────────┘
Draw ID: 4
Prize Token WETH MarketRate USD:  $3216.6892

******************
Getting prize vaults ...
Found 13 prize vaults.

No claimed prizes for draw #4.
1407 prizes remaining to be claimed...




******************
Processing:
Vault:     0x03d3ce84279cb6f54f5e6074ff0f8319d830dafe
Tier:      #2
# prizes:  1

5a. Calculating # of profitable claims ...

Native (Gas) Token ETH Market Rate (USD): $3216.58

Estimated gas limit (wei) (1 prize claim): 0.000000000000290379 ETH (290379 wei)

Gas Cost: First Claim (wei): 0.000000000000290379 ETH (290379 wei)

Gas Cost: First Claim (USD): $0.06 $0.05736127724201631

5b. 1 Claim(s):

Total gas cost: 1 Claim(s) (USD): $0.06 ($0.05736127724201631)

Next Claim Reward: 1 Claim(s) (WEI): 0.000000759827461028 WETH (759827461028 wei)
Next Claim Reward: 1 Claim(s) (USD): $0 ($0.0024441287877521884)

Net profit = (Gross Profit - Gas Cost [Avg])
$-0.05 = ($0 - $0.06) $-0.054917148454264125 = ($0.0024441287877521884 - $0.05736127724201631)

******************
5c. Profit/Loss (USD):

Net profit = (Gross Profit - Gas Cost [Max])
$-0.06 = ($0 - $0.06) $-0.05736127724201631 = ($0 - $0.05736127724201631)

Claiming tier #2 currently not profitable.
Not profitable to claim for Draw #4, Tier: #2
Not profitable to claim any more tiers yet for Draw #4
