Operating on: 11155420 - Optimism Sepolia
Config - MIN_PROFIT_THRESHOLD_USD: -0.1

Starting ...
Getting prize pool info ...
Getting prize context ...

******************
1. Prize token: WETH

┌────────────┬──────────────────────────────────────────────┬──────────┬─────────────────┬────────┬──────────────┐
│ (index)    │ address                                      │ decimals │ name            │ symbol │ assetRateUsd │
├────────────┼──────────────────────────────────────────────┼──────────┼─────────────────┼────────┼──────────────┤
│ prizeToken │ '0x3749e4DA7558BeD9b0819dE7f8C7eFc271Db004e' │ 18       │ 'Wrapped Ether' │ 'WETH' │ 3469.095     │
└────────────┴──────────────────────────────────────────────┴──────────┴─────────────────┴────────┴──────────────┘
┌─────────┬──────────┬───────────────────────────────┐
│ (index) │ numTiers │ tiersRangeArray               │
├─────────┼──────────┼───────────────────────────────┤
│ tiers   │ 5        │ [ 0, 1, 2, ... 2 more items ] │
└─────────┴──────────┴───────────────────────────────┘
Draw ID: 19
Prize Token WETH MarketRate USD:  $3469.095

******************
Getting prize vaults ...
Found 6 prize vaults.

18 prizes already claimed for draw #19.
316 prizes remaining to be claimed...




******************
Processing:
Vault:     0x75ca27bb45d689c18f350592e036ee4e10a68d06
Tier:      #3 (Canary tier)
# prizes:  20

5a. Calculating # of profitable claims ...

Native (Gas) Token ETH Market Rate (USD): $3468.69

Estimated gas limit (wei) (1 prize claim): 0.000000000000189693 ETH (189693 wei)
Estimated gas limit (wei) (2 prize claims): 0.000000000000274676 ETH (274676 wei)

Gas Cost: First Claim (wei): 0.000000000000189693 ETH (189693 wei)
Gas Cost: Each Following Claim (wei): 0.000000000000084983 ETH (84983 wei)

Gas Cost: First Claim (USD): $1.1 $1.1048789349839783
Gas Cost: Each Following Claim (USD): $1.36 $1.3557604106928152

5b. 1 Claim(s):

Total gas cost: 1 Claim(s) (USD): $1.1 ($1.1048789349839783)

Next Claim Reward: 1 Claim(s) (WEI): 0.000106349968190605 WETH (106349968190605 wei)
Next Claim Reward: 1 Claim(s) (USD): $0.37 ($0.3689381429001868)

Net profit = (Gross Profit - Gas Cost [Avg])
$-0.74 = ($0.37 - $1.1) $-0.7359407920837915 = ($0.3689381429001868 - $1.1048789349839783)

******************
5c. Profit/Loss (USD):

Net profit = (Gross Profit - Gas Cost [Max])
$-1.1 = ($0 - $1.1) $-1.1048789349839783 = ($0 - $1.1048789349839783)

Claiming tier #3 (Canary tier) currently not profitable.
Not profitable to claim for Draw #19, Tier: #3 (Canary tier)




******************
Processing:
Vault:     0x798a13b071a8aac2d55109a53a2ba4230444619d
Tier:      #3 (Canary tier)
# prizes:  6

Tier #3 (Canary tier) not profitable, skipping ...





******************
Processing:
Vault:     0xa18d434e584b24b364b506cf2b5cc0cef6be5d5c
Tier:      #3 (Canary tier)
# prizes:  40

Tier #3 (Canary tier) not profitable, skipping ...





******************
Processing:
Vault:     0x75ca27bb45d689c18f350592e036ee4e10a68d06
Tier:      #4 (Canary tier)
# prizes:  103

Tier #4 (Canary tier) not profitable, skipping ...





******************
Processing:
Vault:     0x798a13b071a8aac2d55109a53a2ba4230444619d
Tier:      #4 (Canary tier)
# prizes:  17

Tier #4 (Canary tier) not profitable, skipping ...





******************
Processing:
Vault:     0xa18d434e584b24b364b506cf2b5cc0cef6be5d5c
Tier:      #4 (Canary tier)
# prizes:  130

Tier #4 (Canary tier) not profitable, skipping ...

