Operating on: 11155420 - Optimism Sepolia

Config - REWARD_RECIPIENT not provided, setting swap recipient to relayer address: 0x06003274c3a7926c04cA8d6903cc691fE8f3CEC2
Config - MIN_PROFIT_THRESHOLD_USD: -0.3

Starting ...
Getting prize pool info ...
Getting prize context ...

******************
1. Prize token: WETH

┌────────────┬──────────────────────────────────────────────┬──────────┬─────────────────┬────────┬──────────────┐
│ (index)    │ address                                      │ decimals │ name            │ symbol │ assetRateUsd │
├────────────┼──────────────────────────────────────────────┼──────────┼─────────────────┼────────┼──────────────┤
│ prizeToken │ '0xC355F97a3Aa2808Acb536E555764b8FB26fB4b37' │ 18       │ 'Wrapped Ether' │ 'WETH' │ 3193.3423    │
└────────────┴──────────────────────────────────────────────┴──────────┴─────────────────┴────────┴──────────────┘
┌─────────┬──────────┬───────────────────────────────┐
│ (index) │ numTiers │ tiersRangeArray               │
├─────────┼──────────┼───────────────────────────────┤
│ tiers   │ 7        │ [ 0, 1, 2, ... 4 more items ] │
└─────────┴──────────┴───────────────────────────────┘
Draw ID: 16
Prize Token WETH MarketRate USD:  $3193.3423

******************
Getting prize vaults ...
Found 6 prize vaults.

1380 prizes already claimed for draw #16.
4072 prizes remaining to be claimed...




******************
Processing:
Vault:     0x33335296c9b020ca3252e4953c11decfdce816b8
Tier:      #5 (Canary tier)
# prizes:  91

5a. Calculating # of profitable claims ...

Native (Gas) Token ETH Market Rate (USD): $3190.27

Estimated gas limit (wei) (1 prize claim): 0.00000000000018363 ETH (183630 wei)
Estimated gas limit (wei) (2 prize claims): 0.000000000000269429 ETH (269429 wei)

Gas Cost: First Claim (wei): 0.00000000000018363 ETH (183630 wei)
Gas Cost: Each Following Claim (wei): 0.000000000000085799 ETH (85799 wei)

Gas Cost: First Claim (USD): $0.01 $0.014814597758418188
Gas Cost: Each Following Claim (USD): $0.02 $0.01779968352950706

5b. 1 Claim(s):

Total gas cost: 1 Claim(s) (USD): $0.01 ($0.014814597758418188)

Next Claim Reward: 1 Claim(s) (WEI): 0.00001019815274992 WETH (10198152749920 wei)
Next Claim Reward: 1 Claim(s) (USD): $0.03 ($0.032566192558180856)

Net profit = (Gross Profit - Gas Cost [Avg])
$0.02 = ($0.03 - $0.01) $0.01775159479976267 = ($0.032566192558180856 - $0.014814597758418188)


5b. 2 Claim(s):

Total gas cost: 2 Claim(s) (USD): $0.03 ($0.03261428128792525)

Claim Reward: 1 Claim(s) (WEI): 0.00001019815274992 WETH (10198152749920 wei)
Claim Reward: 1 Claim(s) (USD): $0.03 ($0.032566192558180856)

Next Claim Reward: 2 Claim(s) (WEI): 0.00002039630549984 WETH (20396305499840 wei)
Next Claim Reward: 2 Claim(s) (USD): $0.07 ($0.06513238511636171)

Net profit = (Gross Profit - Gas Cost [Avg])
$0.03 = ($0.07 - $0.03) $0.032518103828436465 = ($0.06513238511636171 - $0.03261428128792525)


5b. 3 Claim(s):

Total gas cost: 3 Claim(s) (USD): $0.05 ($0.05041396481743231)

Claim Reward: 2 Claim(s) (WEI): 0.00002039630549984 WETH (20396305499840 wei)
Claim Reward: 2 Claim(s) (USD): $0.07 ($0.06513238511636171)

Next Claim Reward: 3 Claim(s) (WEI): 0.00003059445824976 WETH (30594458249760 wei)
Next Claim Reward: 3 Claim(s) (USD): $0.1 ($0.09769857767454257)

Net profit = (Gross Profit - Gas Cost [Avg])
$0.05 = ($0.1 - $0.05) $0.04728461285711026 = ($0.09769857767454257 - $0.05041396481743231)


5b. 4 Claim(s):

Total gas cost: 4 Claim(s) (USD): $0.07 ($0.06821364834693937)

Claim Reward: 3 Claim(s) (WEI): 0.00003059445824976 WETH (30594458249760 wei)
Claim Reward: 3 Claim(s) (USD): $0.1 ($0.09769857767454257)

Next Claim Reward: 4 Claim(s) (WEI): 0.00004079261099968 WETH (40792610999680 wei)
Next Claim Reward: 4 Claim(s) (USD): $0.13 ($0.13026477023272343)

Net profit = (Gross Profit - Gas Cost [Avg])
$0.06 = ($0.13 - $0.07) $0.06205112188578406 = ($0.13026477023272343 - $0.06821364834693937)


5b. 5 Claim(s):

Total gas cost: 5 Claim(s) (USD): $0.09 ($0.08601333187644643)

Claim Reward: 4 Claim(s) (WEI): 0.00004079261099968 WETH (40792610999680 wei)
Claim Reward: 4 Claim(s) (USD): $0.13 ($0.13026477023272343)

Next Claim Reward: 5 Claim(s) (WEI): 0.0000509907637496 WETH (50990763749600 wei)
Next Claim Reward: 5 Claim(s) (USD): $0.16 ($0.16283096279090428)

Net profit = (Gross Profit - Gas Cost [Avg])
$0.08 = ($0.16 - $0.09) $0.07681763091445785 = ($0.16283096279090428 - $0.08601333187644643)


5b. 6 Claim(s):

Total gas cost: 6 Claim(s) (USD): $0.1 ($0.10381301540595349)

Claim Reward: 5 Claim(s) (WEI): 0.0000509907637496 WETH (50990763749600 wei)
Claim Reward: 5 Claim(s) (USD): $0.16 ($0.16283096279090428)

Next Claim Reward: 6 Claim(s) (WEI): 0.00006118891649952 WETH (61188916499520 wei)
Next Claim Reward: 6 Claim(s) (USD): $0.2 ($0.19539715534908514)

Net profit = (Gross Profit - Gas Cost [Avg])
$0.09 = ($0.2 - $0.1) $0.09158413994313165 = ($0.19539715534908514 - $0.10381301540595349)


5b. 7 Claim(s):

Total gas cost: 7 Claim(s) (USD): $0.12 ($0.12161269893546055)

Claim Reward: 6 Claim(s) (WEI): 0.00006118891649952 WETH (61188916499520 wei)
Claim Reward: 6 Claim(s) (USD): $0.2 ($0.19539715534908514)

Next Claim Reward: 7 Claim(s) (WEI): 0.00007138706924944 WETH (71387069249440 wei)
Next Claim Reward: 7 Claim(s) (USD): $0.23 ($0.227963347907266)

Net profit = (Gross Profit - Gas Cost [Avg])
$0.11 = ($0.23 - $0.12) $0.10635064897180545 = ($0.227963347907266 - $0.12161269893546055)


5b. 8 Claim(s):

Total gas cost: 8 Claim(s) (USD): $0.14 ($0.13941238246496762)

Claim Reward: 7 Claim(s) (WEI): 0.00007138706924944 WETH (71387069249440 wei)
Claim Reward: 7 Claim(s) (USD): $0.23 ($0.227963347907266)

Next Claim Reward: 8 Claim(s) (WEI): 0.00008158522199936 WETH (81585221999360 wei)
Next Claim Reward: 8 Claim(s) (USD): $0.26 ($0.26052954046544685)

Net profit = (Gross Profit - Gas Cost [Avg])
$0.12 = ($0.26 - $0.14) $0.12111715800047923 = ($0.26052954046544685 - $0.13941238246496762)


5b. 9 Claim(s):

Total gas cost: 9 Claim(s) (USD): $0.16 ($0.15721206599447468)

Claim Reward: 8 Claim(s) (WEI): 0.00008158522199936 WETH (81585221999360 wei)
Claim Reward: 8 Claim(s) (USD): $0.26 ($0.26052954046544685)

Next Claim Reward: 9 Claim(s) (WEI): 0.00009178337474928 WETH (91783374749280 wei)
Next Claim Reward: 9 Claim(s) (USD): $0.29 ($0.2930957330236277)

Net profit = (Gross Profit - Gas Cost [Avg])
$0.14 = ($0.29 - $0.16) $0.135883667029153 = ($0.2930957330236277 - $0.15721206599447468)


5b. 10 Claim(s):

Total gas cost: 10 Claim(s) (USD): $0.18 ($0.17501174952398174)

Claim Reward: 9 Claim(s) (WEI): 0.00009178337474928 WETH (91783374749280 wei)
Claim Reward: 9 Claim(s) (USD): $0.29 ($0.2930957330236277)

Next Claim Reward: 10 Claim(s) (WEI): 0.0001019815274992 WETH (101981527499200 wei)
Next Claim Reward: 10 Claim(s) (USD): $0.33 ($0.32566192558180856)

Net profit = (Gross Profit - Gas Cost [Avg])
$0.15 = ($0.33 - $0.18) $0.15065017605782682 = ($0.32566192558180856 - $0.17501174952398174)


5b. 11 Claim(s):

Total gas cost: 11 Claim(s) (USD): $0.19 ($0.1928114330534888)

Claim Reward: 10 Claim(s) (WEI): 0.0001019815274992 WETH (101981527499200 wei)
Claim Reward: 10 Claim(s) (USD): $0.33 ($0.32566192558180856)

Next Claim Reward: 11 Claim(s) (WEI): 0.00011217968024912 WETH (112179680249120 wei)
Next Claim Reward: 11 Claim(s) (USD): $0.36 ($0.3582281181399894)

Net profit = (Gross Profit - Gas Cost [Avg])
$0.17 = ($0.36 - $0.19) $0.1654166850865006 = ($0.3582281181399894 - $0.1928114330534888)


5b. 12 Claim(s):

Total gas cost: 12 Claim(s) (USD): $0.21 ($0.21061111658299586)

Claim Reward: 11 Claim(s) (WEI): 0.00011217968024912 WETH (112179680249120 wei)
Claim Reward: 11 Claim(s) (USD): $0.36 ($0.3582281181399894)

Next Claim Reward: 12 Claim(s) (WEI): 0.00012237783299904 WETH (122377832999040 wei)
Next Claim Reward: 12 Claim(s) (USD): $0.39 ($0.3907943106981703)

Net profit = (Gross Profit - Gas Cost [Avg])
$0.18 = ($0.39 - $0.21) $0.18018319411517442 = ($0.3907943106981703 - $0.21061111658299586)


5b. 13 Claim(s):

Total gas cost: 13 Claim(s) (USD): $0.23 ($0.22841080011250292)

Claim Reward: 12 Claim(s) (WEI): 0.00012237783299904 WETH (122377832999040 wei)
Claim Reward: 12 Claim(s) (USD): $0.39 ($0.3907943106981703)

Next Claim Reward: 13 Claim(s) (WEI): 0.00013257598574896 WETH (132575985748960 wei)
Next Claim Reward: 13 Claim(s) (USD): $0.42 ($0.42336050325635116)

Net profit = (Gross Profit - Gas Cost [Avg])
$0.19 = ($0.42 - $0.23) $0.19494970314384824 = ($0.42336050325635116 - $0.22841080011250292)


5b. 14 Claim(s):

Total gas cost: 14 Claim(s) (USD): $0.25 ($0.24621048364200998)

Claim Reward: 13 Claim(s) (WEI): 0.00013257598574896 WETH (132575985748960 wei)
Claim Reward: 13 Claim(s) (USD): $0.42 ($0.42336050325635116)

Next Claim Reward: 14 Claim(s) (WEI): 0.00014277413849888 WETH (142774138498880 wei)
Next Claim Reward: 14 Claim(s) (USD): $0.46 ($0.455926695814532)

Net profit = (Gross Profit - Gas Cost [Avg])
$0.21 = ($0.46 - $0.25) $0.209716212172522 = ($0.455926695814532 - $0.24621048364200998)


5b. 15 Claim(s):

Total gas cost: 15 Claim(s) (USD): $0.26 ($0.26401016717151704)

Claim Reward: 14 Claim(s) (WEI): 0.00014277413849888 WETH (142774138498880 wei)
Claim Reward: 14 Claim(s) (USD): $0.46 ($0.455926695814532)

Next Claim Reward: 15 Claim(s) (WEI): 0.0001529722912488 WETH (152972291248800 wei)
Next Claim Reward: 15 Claim(s) (USD): $0.49 ($0.4884928883727129)

Net profit = (Gross Profit - Gas Cost [Avg])
$0.22 = ($0.49 - $0.26) $0.22448272120119583 = ($0.4884928883727129 - $0.26401016717151704)


5b. 16 Claim(s):

Total gas cost: 16 Claim(s) (USD): $0.28 ($0.2818098507010241)

Claim Reward: 15 Claim(s) (WEI): 0.0001529722912488 WETH (152972291248800 wei)
Claim Reward: 15 Claim(s) (USD): $0.49 ($0.4884928883727129)

Next Claim Reward: 16 Claim(s) (WEI): 0.00016317044399872 WETH (163170443998720 wei)
Next Claim Reward: 16 Claim(s) (USD): $0.52 ($0.5210590809308937)

Net profit = (Gross Profit - Gas Cost [Avg])
$0.24 = ($0.52 - $0.28) $0.2392492302298696 = ($0.5210590809308937 - $0.2818098507010241)


5b. 17 Claim(s):

Total gas cost: 17 Claim(s) (USD): $0.3 ($0.29960953423053116)

Claim Reward: 16 Claim(s) (WEI): 0.00016317044399872 WETH (163170443998720 wei)
Claim Reward: 16 Claim(s) (USD): $0.52 ($0.5210590809308937)

Next Claim Reward: 17 Claim(s) (WEI): 0.00017336859674864 WETH (173368596748640 wei)
Next Claim Reward: 17 Claim(s) (USD): $0.55 ($0.5536252734890745)

Net profit = (Gross Profit - Gas Cost [Avg])
$0.25 = ($0.55 - $0.3) $0.25401573925854337 = ($0.5536252734890745 - $0.29960953423053116)


5b. 18 Claim(s):

Total gas cost: 18 Claim(s) (USD): $0.32 ($0.3174092177600382)

Claim Reward: 17 Claim(s) (WEI): 0.00017336859674864 WETH (173368596748640 wei)
Claim Reward: 17 Claim(s) (USD): $0.55 ($0.5536252734890745)

Next Claim Reward: 18 Claim(s) (WEI): 0.00018356674949856 WETH (183566749498560 wei)
Next Claim Reward: 18 Claim(s) (USD): $0.59 ($0.5861914660472554)

Net profit = (Gross Profit - Gas Cost [Avg])
$0.27 = ($0.59 - $0.32) $0.26878224828721714 = ($0.5861914660472554 - $0.3174092177600382)


5b. 19 Claim(s):

Total gas cost: 19 Claim(s) (USD): $0.34 ($0.3352089012895453)

Claim Reward: 18 Claim(s) (WEI): 0.00018356674949856 WETH (183566749498560 wei)
Claim Reward: 18 Claim(s) (USD): $0.59 ($0.5861914660472554)

Next Claim Reward: 19 Claim(s) (WEI): 0.00019376490224848 WETH (193764902248480 wei)
Next Claim Reward: 19 Claim(s) (USD): $0.62 ($0.6187576586054363)

Net profit = (Gross Profit - Gas Cost [Avg])
$0.28 = ($0.62 - $0.34) $0.283548757315891 = ($0.6187576586054363 - $0.3352089012895453)


5b. 20 Claim(s):

Total gas cost: 20 Claim(s) (USD): $0.35 ($0.35300858481905234)

Claim Reward: 19 Claim(s) (WEI): 0.00019376490224848 WETH (193764902248480 wei)
Claim Reward: 19 Claim(s) (USD): $0.62 ($0.6187576586054363)

Next Claim Reward: 20 Claim(s) (WEI): 0.0002039630549984 WETH (203963054998400 wei)
Next Claim Reward: 20 Claim(s) (USD): $0.65 ($0.6513238511636171)

Net profit = (Gross Profit - Gas Cost [Avg])
$0.3 = ($0.65 - $0.35) $0.2983152663445648 = ($0.6513238511636171 - $0.35300858481905234)


5b. 21 Claim(s):

Total gas cost: 21 Claim(s) (USD): $0.37 ($0.3708082683485594)

Claim Reward: 20 Claim(s) (WEI): 0.0002039630549984 WETH (203963054998400 wei)
Claim Reward: 20 Claim(s) (USD): $0.65 ($0.6513238511636171)

Next Claim Reward: 21 Claim(s) (WEI): 0.00021416120774832 WETH (214161207748320 wei)
Next Claim Reward: 21 Claim(s) (USD): $0.68 ($0.683890043721798)

Net profit = (Gross Profit - Gas Cost [Avg])
$0.31 = ($0.68 - $0.37) $0.31308177537323856 = ($0.683890043721798 - $0.3708082683485594)


5b. 22 Claim(s):

Total gas cost: 22 Claim(s) (USD): $0.39 ($0.38860795187806646)

Claim Reward: 21 Claim(s) (WEI): 0.00021416120774832 WETH (214161207748320 wei)
Claim Reward: 21 Claim(s) (USD): $0.68 ($0.683890043721798)

Next Claim Reward: 22 Claim(s) (WEI): 0.00022435936049824 WETH (224359360498240 wei)
Next Claim Reward: 22 Claim(s) (USD): $0.72 ($0.7164562362799788)

Net profit = (Gross Profit - Gas Cost [Avg])
$0.33 = ($0.72 - $0.39) $0.3278482844019123 = ($0.7164562362799788 - $0.38860795187806646)


5b. 23 Claim(s):

Total gas cost: 23 Claim(s) (USD): $0.41 ($0.4064076354075735)

Claim Reward: 22 Claim(s) (WEI): 0.00022435936049824 WETH (224359360498240 wei)
Claim Reward: 22 Claim(s) (USD): $0.72 ($0.7164562362799788)

Next Claim Reward: 23 Claim(s) (WEI): 0.00023455751324816 WETH (234557513248160 wei)
Next Claim Reward: 23 Claim(s) (USD): $0.75 ($0.7490224288381596)

Net profit = (Gross Profit - Gas Cost [Avg])
$0.34 = ($0.75 - $0.41) $0.3426147934305861 = ($0.7490224288381596 - $0.4064076354075735)


5b. 24 Claim(s):

Total gas cost: 24 Claim(s) (USD): $0.42 ($0.4242073189370806)

Claim Reward: 23 Claim(s) (WEI): 0.00023455751324816 WETH (234557513248160 wei)
Claim Reward: 23 Claim(s) (USD): $0.75 ($0.7490224288381596)

Next Claim Reward: 24 Claim(s) (WEI): 0.00024475566599808 WETH (244755665998080 wei)
Next Claim Reward: 24 Claim(s) (USD): $0.78 ($0.7815886213963406)

Net profit = (Gross Profit - Gas Cost [Avg])
$0.36 = ($0.78 - $0.42) $0.35738130245926 = ($0.7815886213963406 - $0.4242073189370806)


5b. 25 Claim(s):

Total gas cost: 25 Claim(s) (USD): $0.44 ($0.44200700246658764)

Claim Reward: 24 Claim(s) (WEI): 0.00024475566599808 WETH (244755665998080 wei)
Claim Reward: 24 Claim(s) (USD): $0.78 ($0.7815886213963406)

Next Claim Reward: 25 Claim(s) (WEI): 0.000254953818748 WETH (254953818748000 wei)
Next Claim Reward: 25 Claim(s) (USD): $0.81 ($0.8141548139545214)

Net profit = (Gross Profit - Gas Cost [Avg])
$0.37 = ($0.81 - $0.44) $0.37214781148793374 = ($0.8141548139545214 - $0.44200700246658764)


5b. 26 Claim(s):

Total gas cost: 26 Claim(s) (USD): $0.46 ($0.4598066859960947)

Claim Reward: 25 Claim(s) (WEI): 0.000254953818748 WETH (254953818748000 wei)
Claim Reward: 25 Claim(s) (USD): $0.81 ($0.8141548139545214)

Next Claim Reward: 26 Claim(s) (WEI): 0.00026515197149792 WETH (265151971497920 wei)
Next Claim Reward: 26 Claim(s) (USD): $0.85 ($0.8467210065127023)

Net profit = (Gross Profit - Gas Cost [Avg])
$0.39 = ($0.85 - $0.46) $0.3869143205166076 = ($0.8467210065127023 - $0.4598066859960947)


5b. 27 Claim(s):

Total gas cost: 27 Claim(s) (USD): $0.48 ($0.47760636952560176)

Claim Reward: 26 Claim(s) (WEI): 0.00026515197149792 WETH (265151971497920 wei)
Claim Reward: 26 Claim(s) (USD): $0.85 ($0.8467210065127023)

Next Claim Reward: 27 Claim(s) (WEI): 0.00027535012424784 WETH (275350124247840 wei)
Next Claim Reward: 27 Claim(s) (USD): $0.88 ($0.879287199070883)

Net profit = (Gross Profit - Gas Cost [Avg])
$0.4 = ($0.88 - $0.48) $0.4016808295452813 = ($0.879287199070883 - $0.47760636952560176)


5b. 28 Claim(s):

Total gas cost: 28 Claim(s) (USD): $0.5 ($0.4954060530551088)

Claim Reward: 27 Claim(s) (WEI): 0.00027535012424784 WETH (275350124247840 wei)
Claim Reward: 27 Claim(s) (USD): $0.88 ($0.879287199070883)

Next Claim Reward: 28 Claim(s) (WEI): 0.00028554827699776 WETH (285548276997760 wei)
Next Claim Reward: 28 Claim(s) (USD): $0.91 ($0.911853391629064)

Net profit = (Gross Profit - Gas Cost [Avg])
$0.42 = ($0.91 - $0.5) $0.41644733857395516 = ($0.911853391629064 - $0.4954060530551088)


5b. 29 Claim(s):

Total gas cost: 29 Claim(s) (USD): $0.51 ($0.5132057365846159)

Claim Reward: 28 Claim(s) (WEI): 0.00028554827699776 WETH (285548276997760 wei)
Claim Reward: 28 Claim(s) (USD): $0.91 ($0.911853391629064)

Next Claim Reward: 29 Claim(s) (WEI): 0.00029574642974768 WETH (295746429747680 wei)
Next Claim Reward: 29 Claim(s) (USD): $0.94 ($0.9444195841872448)

Net profit = (Gross Profit - Gas Cost [Avg])
$0.43 = ($0.94 - $0.51) $0.43121384760262893 = ($0.9444195841872448 - $0.5132057365846159)


5b. 30 Claim(s):

Total gas cost: 30 Claim(s) (USD): $0.53 ($0.531005420114123)

Claim Reward: 29 Claim(s) (WEI): 0.00029574642974768 WETH (295746429747680 wei)
Claim Reward: 29 Claim(s) (USD): $0.94 ($0.9444195841872448)

Next Claim Reward: 30 Claim(s) (WEI): 0.0003059445824976 WETH (305944582497600 wei)
Next Claim Reward: 30 Claim(s) (USD): $0.98 ($0.9769857767454257)

Net profit = (Gross Profit - Gas Cost [Avg])
$0.45 = ($0.98 - $0.53) $0.44598035663130275 = ($0.9769857767454257 - $0.531005420114123)

******************
5c. Profit/Loss (USD):

Net profit = (Gross Profit - Gas Cost [Max])
$0.41 = ($0.94 - $0.53) $0.4134141640731218 = ($0.9444195841872448 - $0.531005420114123)

Submitting transaction to claim 29 prize(s):

0x33335296c9b020ca3252e4953c11decfdce816b8-0x86C8Eb94762EC2d082Ce33e26932646B2f59ED9A-5-250
0x33335296c9b020ca3252e4953c11decfdce816b8-0x75621C47f0442eE669E54E90eFD6012D42f85C97-5-416
0x33335296c9b020ca3252e4953c11decfdce816b8-0xc8a15BA1b8BeFd6D72aA82519104Ff5d7b946382-5-562
0x33335296c9b020ca3252e4953c11decfdce816b8-0x7c2845b8Bf6c64A683261F5dC9AF9e3FB0aBde80-5-155
0x33335296c9b020ca3252e4953c11decfdce816b8-0xC350eE353Eed4065D66F5D378ac04995E16e944b-5-337
0x33335296c9b020ca3252e4953c11decfdce816b8-0xC350eE353Eed4065D66F5D378ac04995E16e944b-5-629
0x33335296c9b020ca3252e4953c11decfdce816b8-0x7C4Be02738c1017D569a8295bc1Fa7d926F363Eb-5-846
0x33335296c9b020ca3252e4953c11decfdce816b8-0xFcf340Fd53852C7C01268A52AF17d4Dd2045E8Da-5-720
0x33335296c9b020ca3252e4953c11decfdce816b8-0x1D2063aBcc4d339F5dcb1C7a3510936107a151c8-5-194
0x33335296c9b020ca3252e4953c11decfdce816b8-0x68602b5Cd3eB87bdc2375D0958C7789dAEeceC1b-5-637
0x33335296c9b020ca3252e4953c11decfdce816b8-0xa32aDdc2fdDF812bAE0fd97b0444337556431c34-5-810
0x33335296c9b020ca3252e4953c11decfdce816b8-0x27FaC8378617D18EC6698F036bEc04F3224a1B47-5-257
0x33335296c9b020ca3252e4953c11decfdce816b8-0x27FaC8378617D18EC6698F036bEc04F3224a1B47-5-817
0x33335296c9b020ca3252e4953c11decfdce816b8-0x5787205FD00beE2FcC4e39F039916798c38b36cf-5-935
0x33335296c9b020ca3252e4953c11decfdce816b8-0x285CFf1e0543aCe88fCD50DC63c4894Ab3459eAa-5-967
0x33335296c9b020ca3252e4953c11decfdce816b8-0x5302EbB2704C4d42e3b77eF22bC5eC71a8812d62-5-856
0x33335296c9b020ca3252e4953c11decfdce816b8-0xd1d6987bE79611a48F34795CEAB834c04AC1aF91-5-988
0x33335296c9b020ca3252e4953c11decfdce816b8-0xA3F7f99b6669f21985710642039cc86118386cfA-5-293
0x33335296c9b020ca3252e4953c11decfdce816b8-0x0b57E29b50BEc5D1E35F8D3418beE53E759d22AD-5-3
0x33335296c9b020ca3252e4953c11decfdce816b8-0x0b57E29b50BEc5D1E35F8D3418beE53E759d22AD-5-556
0x33335296c9b020ca3252e4953c11decfdce816b8-0xeC8412614d757bE80bc120131fc29bd4fB96741E-5-182
0x33335296c9b020ca3252e4953c11decfdce816b8-0x302FA6f70fE27d604AA58550b2De9c2614bBa7D2-5-901
0x33335296c9b020ca3252e4953c11decfdce816b8-0xecF22a33151D41AA1e4f336d6629AaF32F49258F-5-28
0x33335296c9b020ca3252e4953c11decfdce816b8-0xd18977c31026bB3D6119E8e369e2500d3aF07293-5-60
0x33335296c9b020ca3252e4953c11decfdce816b8-0x1d2d4D7E114a15A45312B644a0cd79533213581e-5-824
0x33335296c9b020ca3252e4953c11decfdce816b8-0x78edC2C47dd9097808c887Fc1997E5342cf14C22-5-250
0x33335296c9b020ca3252e4953c11decfdce816b8-0x72688103D64fc23Ea091F74dA3219dd4909dD868-5-851
0x33335296c9b020ca3252e4953c11decfdce816b8-0x0786Ec0f754EdecC5Bd38d2Ed593D42b5fCFF88f-5-46
0x33335296c9b020ca3252e4953c11decfdce816b8-0xb414583ffcd8F95B2e706A71732e6e5fe98a950b-5-203



Execute Claim Transaction for Tier #5 (Canary tier)



Transaction sent! ✔
Transaction hash: 0x4d4727438188bdd76e3f37af55e043984b5740a69d581c2d09a25716df57d35b
Waiting on transaction to be confirmed ...
Tx confirmed !




******************
Processing:
Vault:     0x7fad91a4a29109303188d8758f1a9d60ce988349
Tier:      #5 (Canary tier)
# prizes:  254

5a. Calculating # of profitable claims ...

Native (Gas) Token ETH Market Rate (USD): $3190.27

Estimated gas limit (wei) (1 prize claim): 0.000000000000183642 ETH (183642 wei)
Estimated gas limit (wei) (2 prize claims): 0.000000000000269429 ETH (269429 wei)

Gas Cost: First Claim (wei): 0.000000000000183642 ETH (183642 wei)
Gas Cost: Each Following Claim (wei): 0.000000000000085787 ETH (85787 wei)

Gas Cost: First Claim (USD): $0.02 $0.01542002008918523
Gas Cost: Each Following Claim (USD): $0.02 $0.01848295774987317

5b. 1 Claim(s):

Total gas cost: 1 Claim(s) (USD): $0.02 ($0.01542002008918523)

Next Claim Reward: 1 Claim(s) (WEI): 0.00001019815274992 WETH (10198152749920 wei)
Next Claim Reward: 1 Claim(s) (USD): $0.03 ($0.032566192558180856)

Net profit = (Gross Profit - Gas Cost [Avg])
$0.02 = ($0.03 - $0.02) $0.017146172468995628 = ($0.032566192558180856 - $0.01542002008918523)


5b. 2 Claim(s):

Total gas cost: 2 Claim(s) (USD): $0.03 ($0.0339029778390584)

Claim Reward: 1 Claim(s) (WEI): 0.00001019815274992 WETH (10198152749920 wei)
Claim Reward: 1 Claim(s) (USD): $0.03 ($0.032566192558180856)

Next Claim Reward: 2 Claim(s) (WEI): 0.00002039630549984 WETH (20396305499840 wei)
Next Claim Reward: 2 Claim(s) (USD): $0.07 ($0.06513238511636171)

Net profit = (Gross Profit - Gas Cost [Avg])
$0.03 = ($0.07 - $0.03) $0.031229407277303313 = ($0.06513238511636171 - $0.0339029778390584)


5b. 3 Claim(s):

Total gas cost: 3 Claim(s) (USD): $0.05 ($0.052385935588931565)

Claim Reward: 2 Claim(s) (WEI): 0.00002039630549984 WETH (20396305499840 wei)
Claim Reward: 2 Claim(s) (USD): $0.07 ($0.06513238511636171)

Next Claim Reward: 3 Claim(s) (WEI): 0.00003059445824976 WETH (30594458249760 wei)
Next Claim Reward: 3 Claim(s) (USD): $0.1 ($0.09769857767454257)

Net profit = (Gross Profit - Gas Cost [Avg])
$0.05 = ($0.1 - $0.05) $0.045312642085611005 = ($0.09769857767454257 - $0.052385935588931565)


5b. 4 Claim(s):

Total gas cost: 4 Claim(s) (USD): $0.07 ($0.07086889333880474)

Claim Reward: 3 Claim(s) (WEI): 0.00003059445824976 WETH (30594458249760 wei)
Claim Reward: 3 Claim(s) (USD): $0.1 ($0.09769857767454257)

Next Claim Reward: 4 Claim(s) (WEI): 0.00004079261099968 WETH (40792610999680 wei)
Next Claim Reward: 4 Claim(s) (USD): $0.13 ($0.13026477023272343)

Net profit = (Gross Profit - Gas Cost [Avg])
$0.06 = ($0.13 - $0.07) $0.05939587689391869 = ($0.13026477023272343 - $0.07086889333880474)


5b. 5 Claim(s):

Total gas cost: 5 Claim(s) (USD): $0.09 ($0.08935185108867791)

Claim Reward: 4 Claim(s) (WEI): 0.00004079261099968 WETH (40792610999680 wei)
Claim Reward: 4 Claim(s) (USD): $0.13 ($0.13026477023272343)

Next Claim Reward: 5 Claim(s) (WEI): 0.0000509907637496 WETH (50990763749600 wei)
Next Claim Reward: 5 Claim(s) (USD): $0.16 ($0.16283096279090428)

Net profit = (Gross Profit - Gas Cost [Avg])
$0.07 = ($0.16 - $0.09) $0.07347911170222637 = ($0.16283096279090428 - $0.08935185108867791)


5b. 6 Claim(s):

Total gas cost: 6 Claim(s) (USD): $0.11 ($0.10783480883855108)

Claim Reward: 5 Claim(s) (WEI): 0.0000509907637496 WETH (50990763749600 wei)
Claim Reward: 5 Claim(s) (USD): $0.16 ($0.16283096279090428)

Next Claim Reward: 6 Claim(s) (WEI): 0.00006118891649952 WETH (61188916499520 wei)
Next Claim Reward: 6 Claim(s) (USD): $0.2 ($0.19539715534908514)

Net profit = (Gross Profit - Gas Cost [Avg])
$0.09 = ($0.2 - $0.11) $0.08756234651053406 = ($0.19539715534908514 - $0.10783480883855108)


5b. 7 Claim(s):

Total gas cost: 7 Claim(s) (USD): $0.13 ($0.12631776658842422)

Claim Reward: 6 Claim(s) (WEI): 0.00006118891649952 WETH (61188916499520 wei)
Claim Reward: 6 Claim(s) (USD): $0.2 ($0.19539715534908514)

Next Claim Reward: 7 Claim(s) (WEI): 0.00007138706924944 WETH (71387069249440 wei)
Next Claim Reward: 7 Claim(s) (USD): $0.23 ($0.227963347907266)

Net profit = (Gross Profit - Gas Cost [Avg])
$0.1 = ($0.23 - $0.13) $0.10164558131884177 = ($0.227963347907266 - $0.12631776658842422)


5b. 8 Claim(s):

Total gas cost: 8 Claim(s) (USD): $0.14 ($0.1448007243382974)

Claim Reward: 7 Claim(s) (WEI): 0.00007138706924944 WETH (71387069249440 wei)
Claim Reward: 7 Claim(s) (USD): $0.23 ($0.227963347907266)

Next Claim Reward: 8 Claim(s) (WEI): 0.00008158522199936 WETH (81585221999360 wei)
Next Claim Reward: 8 Claim(s) (USD): $0.26 ($0.26052954046544685)

Net profit = (Gross Profit - Gas Cost [Avg])
$0.12 = ($0.26 - $0.14) $0.11572881612714944 = ($0.26052954046544685 - $0.1448007243382974)


5b. 9 Claim(s):

Total gas cost: 9 Claim(s) (USD): $0.16 ($0.16328368208817057)

Claim Reward: 8 Claim(s) (WEI): 0.00008158522199936 WETH (81585221999360 wei)
Claim Reward: 8 Claim(s) (USD): $0.26 ($0.26052954046544685)

Next Claim Reward: 9 Claim(s) (WEI): 0.00009178337474928 WETH (91783374749280 wei)
Next Claim Reward: 9 Claim(s) (USD): $0.29 ($0.2930957330236277)

Net profit = (Gross Profit - Gas Cost [Avg])
$0.13 = ($0.29 - $0.16) $0.1298120509354571 = ($0.2930957330236277 - $0.16328368208817057)


5b. 10 Claim(s):

Total gas cost: 10 Claim(s) (USD): $0.18 ($0.18176663983804373)

Claim Reward: 9 Claim(s) (WEI): 0.00009178337474928 WETH (91783374749280 wei)
Claim Reward: 9 Claim(s) (USD): $0.29 ($0.2930957330236277)

Next Claim Reward: 10 Claim(s) (WEI): 0.0001019815274992 WETH (101981527499200 wei)
Next Claim Reward: 10 Claim(s) (USD): $0.33 ($0.32566192558180856)

Net profit = (Gross Profit - Gas Cost [Avg])
$0.14 = ($0.33 - $0.18) $0.14389528574376484 = ($0.32566192558180856 - $0.18176663983804373)


5b. 11 Claim(s):

Total gas cost: 11 Claim(s) (USD): $0.2 ($0.2002495975879169)

Claim Reward: 10 Claim(s) (WEI): 0.0001019815274992 WETH (101981527499200 wei)
Claim Reward: 10 Claim(s) (USD): $0.33 ($0.32566192558180856)

Next Claim Reward: 11 Claim(s) (WEI): 0.00011217968024912 WETH (112179680249120 wei)
Next Claim Reward: 11 Claim(s) (USD): $0.36 ($0.3582281181399894)

Net profit = (Gross Profit - Gas Cost [Avg])
$0.16 = ($0.36 - $0.2) $0.15797852055207248 = ($0.3582281181399894 - $0.2002495975879169)


5b. 12 Claim(s):

Total gas cost: 12 Claim(s) (USD): $0.22 ($0.21873255533779007)

Claim Reward: 11 Claim(s) (WEI): 0.00011217968024912 WETH (112179680249120 wei)
Claim Reward: 11 Claim(s) (USD): $0.36 ($0.3582281181399894)

Next Claim Reward: 12 Claim(s) (WEI): 0.00012237783299904 WETH (122377832999040 wei)
Next Claim Reward: 12 Claim(s) (USD): $0.39 ($0.3907943106981703)

Net profit = (Gross Profit - Gas Cost [Avg])
$0.17 = ($0.39 - $0.22) $0.1720617553603802 = ($0.3907943106981703 - $0.21873255533779007)


5b. 13 Claim(s):

Total gas cost: 13 Claim(s) (USD): $0.24 ($0.23721551308766323)

Claim Reward: 12 Claim(s) (WEI): 0.00012237783299904 WETH (122377832999040 wei)
Claim Reward: 12 Claim(s) (USD): $0.39 ($0.3907943106981703)

Next Claim Reward: 13 Claim(s) (WEI): 0.00013257598574896 WETH (132575985748960 wei)
Next Claim Reward: 13 Claim(s) (USD): $0.42 ($0.42336050325635116)

Net profit = (Gross Profit - Gas Cost [Avg])
$0.19 = ($0.42 - $0.24) $0.18614499016868793 = ($0.42336050325635116 - $0.23721551308766323)


5b. 14 Claim(s):

Total gas cost: 14 Claim(s) (USD): $0.26 ($0.25569847083753644)

Claim Reward: 13 Claim(s) (WEI): 0.00013257598574896 WETH (132575985748960 wei)
Claim Reward: 13 Claim(s) (USD): $0.42 ($0.42336050325635116)

Next Claim Reward: 14 Claim(s) (WEI): 0.00014277413849888 WETH (142774138498880 wei)
Next Claim Reward: 14 Claim(s) (USD): $0.46 ($0.455926695814532)

Net profit = (Gross Profit - Gas Cost [Avg])
$0.2 = ($0.46 - $0.26) $0.20022822497699555 = ($0.455926695814532 - $0.25569847083753644)


5b. 15 Claim(s):

Total gas cost: 15 Claim(s) (USD): $0.27 ($0.2741814285874096)

Claim Reward: 14 Claim(s) (WEI): 0.00014277413849888 WETH (142774138498880 wei)
Claim Reward: 14 Claim(s) (USD): $0.46 ($0.455926695814532)

Next Claim Reward: 15 Claim(s) (WEI): 0.0001529722912488 WETH (152972291248800 wei)
Next Claim Reward: 15 Claim(s) (USD): $0.49 ($0.4884928883727129)

Net profit = (Gross Profit - Gas Cost [Avg])
$0.21 = ($0.49 - $0.27) $0.21431145978530325 = ($0.4884928883727129 - $0.2741814285874096)


5b. 16 Claim(s):

Total gas cost: 16 Claim(s) (USD): $0.29 ($0.29266438633728276)

Claim Reward: 15 Claim(s) (WEI): 0.0001529722912488 WETH (152972291248800 wei)
Claim Reward: 15 Claim(s) (USD): $0.49 ($0.4884928883727129)

Next Claim Reward: 16 Claim(s) (WEI): 0.00016317044399872 WETH (163170443998720 wei)
Next Claim Reward: 16 Claim(s) (USD): $0.52 ($0.5210590809308937)

Net profit = (Gross Profit - Gas Cost [Avg])
$0.23 = ($0.52 - $0.29) $0.22839469459361095 = ($0.5210590809308937 - $0.29266438633728276)


5b. 17 Claim(s):

Total gas cost: 17 Claim(s) (USD): $0.31 ($0.31114734408715594)

Claim Reward: 16 Claim(s) (WEI): 0.00016317044399872 WETH (163170443998720 wei)
Claim Reward: 16 Claim(s) (USD): $0.52 ($0.5210590809308937)

Next Claim Reward: 17 Claim(s) (WEI): 0.00017336859674864 WETH (173368596748640 wei)
Next Claim Reward: 17 Claim(s) (USD): $0.55 ($0.5536252734890745)

Net profit = (Gross Profit - Gas Cost [Avg])
$0.24 = ($0.55 - $0.31) $0.2424779294019186 = ($0.5536252734890745 - $0.31114734408715594)


5b. 18 Claim(s):

Total gas cost: 18 Claim(s) (USD): $0.33 ($0.3296303018370291)

Claim Reward: 17 Claim(s) (WEI): 0.00017336859674864 WETH (173368596748640 wei)
Claim Reward: 17 Claim(s) (USD): $0.55 ($0.5536252734890745)

Next Claim Reward: 18 Claim(s) (WEI): 0.00018356674949856 WETH (183566749498560 wei)
Next Claim Reward: 18 Claim(s) (USD): $0.59 ($0.5861914660472554)

Net profit = (Gross Profit - Gas Cost [Avg])
$0.26 = ($0.59 - $0.33) $0.25656116421022623 = ($0.5861914660472554 - $0.3296303018370291)


5b. 19 Claim(s):

Total gas cost: 19 Claim(s) (USD): $0.35 ($0.34811325958690226)

Claim Reward: 18 Claim(s) (WEI): 0.00018356674949856 WETH (183566749498560 wei)
Claim Reward: 18 Claim(s) (USD): $0.59 ($0.5861914660472554)

Next Claim Reward: 19 Claim(s) (WEI): 0.00019376490224848 WETH (193764902248480 wei)
Next Claim Reward: 19 Claim(s) (USD): $0.62 ($0.6187576586054363)

Net profit = (Gross Profit - Gas Cost [Avg])
$0.27 = ($0.62 - $0.35) $0.27064439901853404 = ($0.6187576586054363 - $0.34811325958690226)


5b. 20 Claim(s):

Total gas cost: 20 Claim(s) (USD): $0.37 ($0.36659621733677544)

Claim Reward: 19 Claim(s) (WEI): 0.00019376490224848 WETH (193764902248480 wei)
Claim Reward: 19 Claim(s) (USD): $0.62 ($0.6187576586054363)

Next Claim Reward: 20 Claim(s) (WEI): 0.0002039630549984 WETH (203963054998400 wei)
Next Claim Reward: 20 Claim(s) (USD): $0.65 ($0.6513238511636171)

Net profit = (Gross Profit - Gas Cost [Avg])
$0.28 = ($0.65 - $0.37) $0.2847276338268417 = ($0.6513238511636171 - $0.36659621733677544)


5b. 21 Claim(s):

Total gas cost: 21 Claim(s) (USD): $0.39 ($0.38507917508664863)

Claim Reward: 20 Claim(s) (WEI): 0.0002039630549984 WETH (203963054998400 wei)
Claim Reward: 20 Claim(s) (USD): $0.65 ($0.6513238511636171)

Next Claim Reward: 21 Claim(s) (WEI): 0.00021416120774832 WETH (214161207748320 wei)
Next Claim Reward: 21 Claim(s) (USD): $0.68 ($0.683890043721798)

Net profit = (Gross Profit - Gas Cost [Avg])
$0.3 = ($0.68 - $0.39) $0.29881086863514933 = ($0.683890043721798 - $0.38507917508664863)


5b. 22 Claim(s):

Total gas cost: 22 Claim(s) (USD): $0.4 ($0.40356213283652176)

Claim Reward: 21 Claim(s) (WEI): 0.00021416120774832 WETH (214161207748320 wei)
Claim Reward: 21 Claim(s) (USD): $0.68 ($0.683890043721798)

Next Claim Reward: 22 Claim(s) (WEI): 0.00022435936049824 WETH (224359360498240 wei)
Next Claim Reward: 22 Claim(s) (USD): $0.72 ($0.7164562362799788)

Net profit = (Gross Profit - Gas Cost [Avg])
$0.31 = ($0.72 - $0.4) $0.31289410344345703 = ($0.7164562362799788 - $0.40356213283652176)


5b. 23 Claim(s):

Total gas cost: 23 Claim(s) (USD): $0.42 ($0.42204509058639494)

Claim Reward: 22 Claim(s) (WEI): 0.00022435936049824 WETH (224359360498240 wei)
Claim Reward: 22 Claim(s) (USD): $0.72 ($0.7164562362799788)

Next Claim Reward: 23 Claim(s) (WEI): 0.00023455751324816 WETH (234557513248160 wei)
Next Claim Reward: 23 Claim(s) (USD): $0.75 ($0.7490224288381596)

Net profit = (Gross Profit - Gas Cost [Avg])
$0.33 = ($0.75 - $0.42) $0.32697733825176467 = ($0.7490224288381596 - $0.42204509058639494)


5b. 24 Claim(s):

Total gas cost: 24 Claim(s) (USD): $0.44 ($0.44052804833626813)

Claim Reward: 23 Claim(s) (WEI): 0.00023455751324816 WETH (234557513248160 wei)
Claim Reward: 23 Claim(s) (USD): $0.75 ($0.7490224288381596)

Next Claim Reward: 24 Claim(s) (WEI): 0.00024475566599808 WETH (244755665998080 wei)
Next Claim Reward: 24 Claim(s) (USD): $0.78 ($0.7815886213963406)

Net profit = (Gross Profit - Gas Cost [Avg])
$0.34 = ($0.78 - $0.44) $0.3410605730600724 = ($0.7815886213963406 - $0.44052804833626813)


5b. 25 Claim(s):

Total gas cost: 25 Claim(s) (USD): $0.46 ($0.45901100608614126)

Claim Reward: 24 Claim(s) (WEI): 0.00024475566599808 WETH (244755665998080 wei)
Claim Reward: 24 Claim(s) (USD): $0.78 ($0.7815886213963406)

Next Claim Reward: 25 Claim(s) (WEI): 0.000254953818748 WETH (254953818748000 wei)
Next Claim Reward: 25 Claim(s) (USD): $0.81 ($0.8141548139545214)

Net profit = (Gross Profit - Gas Cost [Avg])
$0.36 = ($0.81 - $0.46) $0.3551438078683801 = ($0.8141548139545214 - $0.45901100608614126)


5b. 26 Claim(s):

Total gas cost: 26 Claim(s) (USD): $0.48 ($0.47749396383601445)

Claim Reward: 25 Claim(s) (WEI): 0.000254953818748 WETH (254953818748000 wei)
Claim Reward: 25 Claim(s) (USD): $0.81 ($0.8141548139545214)

Next Claim Reward: 26 Claim(s) (WEI): 0.00026515197149792 WETH (265151971497920 wei)
Next Claim Reward: 26 Claim(s) (USD): $0.85 ($0.8467210065127023)

Net profit = (Gross Profit - Gas Cost [Avg])
$0.37 = ($0.85 - $0.48) $0.3692270426766879 = ($0.8467210065127023 - $0.47749396383601445)


5b. 27 Claim(s):

Total gas cost: 27 Claim(s) (USD): $0.5 ($0.49597692158588763)

Claim Reward: 26 Claim(s) (WEI): 0.00026515197149792 WETH (265151971497920 wei)
Claim Reward: 26 Claim(s) (USD): $0.85 ($0.8467210065127023)

Next Claim Reward: 27 Claim(s) (WEI): 0.00027535012424784 WETH (275350124247840 wei)
Next Claim Reward: 27 Claim(s) (USD): $0.88 ($0.879287199070883)

Net profit = (Gross Profit - Gas Cost [Avg])
$0.38 = ($0.88 - $0.5) $0.3833102774849954 = ($0.879287199070883 - $0.49597692158588763)


5b. 28 Claim(s):

Total gas cost: 28 Claim(s) (USD): $0.51 ($0.5144598793357608)

Claim Reward: 27 Claim(s) (WEI): 0.00027535012424784 WETH (275350124247840 wei)
Claim Reward: 27 Claim(s) (USD): $0.88 ($0.879287199070883)

Next Claim Reward: 28 Claim(s) (WEI): 0.00028554827699776 WETH (285548276997760 wei)
Next Claim Reward: 28 Claim(s) (USD): $0.91 ($0.911853391629064)

Net profit = (Gross Profit - Gas Cost [Avg])
$0.4 = ($0.91 - $0.51) $0.3973935122933032 = ($0.911853391629064 - $0.5144598793357608)


5b. 29 Claim(s):

Total gas cost: 29 Claim(s) (USD): $0.53 ($0.532942837085634)

Claim Reward: 28 Claim(s) (WEI): 0.00028554827699776 WETH (285548276997760 wei)
Claim Reward: 28 Claim(s) (USD): $0.91 ($0.911853391629064)

Next Claim Reward: 29 Claim(s) (WEI): 0.00029574642974768 WETH (295746429747680 wei)
Next Claim Reward: 29 Claim(s) (USD): $0.94 ($0.9444195841872448)

Net profit = (Gross Profit - Gas Cost [Avg])
$0.41 = ($0.94 - $0.53) $0.41147674710161086 = ($0.9444195841872448 - $0.532942837085634)


5b. 30 Claim(s):

Total gas cost: 30 Claim(s) (USD): $0.55 ($0.551425794835507)

Claim Reward: 29 Claim(s) (WEI): 0.00029574642974768 WETH (295746429747680 wei)
Claim Reward: 29 Claim(s) (USD): $0.94 ($0.9444195841872448)

Next Claim Reward: 30 Claim(s) (WEI): 0.0003059445824976 WETH (305944582497600 wei)
Next Claim Reward: 30 Claim(s) (USD): $0.98 ($0.9769857767454257)

Net profit = (Gross Profit - Gas Cost [Avg])
$0.43 = ($0.98 - $0.55) $0.4255599819099187 = ($0.9769857767454257 - $0.551425794835507)

******************
5c. Profit/Loss (USD):

Net profit = (Gross Profit - Gas Cost [Max])
$0.39 = ($0.94 - $0.55) $0.3929937893517378 = ($0.9444195841872448 - $0.551425794835507)

Submitting transaction to claim 29 prize(s):

0x7fad91a4a29109303188d8758f1a9d60ce988349-0x02A21BaA84b6793E20f99D688C06FBaD075E207f-5-313
0x7fad91a4a29109303188d8758f1a9d60ce988349-0xFe7B013c9EB65BEf0779270ACeBAa08FF792E337-5-25
0x7fad91a4a29109303188d8758f1a9d60ce988349-0x6a35D5bCc2954eE27cD2D022224D1C10D6fB2576-5-135
0x7fad91a4a29109303188d8758f1a9d60ce988349-0xB4A94D00A060a9f5A3947b5346Ad3B71Ed07Acd2-5-771
0x7fad91a4a29109303188d8758f1a9d60ce988349-0x8F2F7846d5dB8117B580DB2a5cCA31491933ecF3-5-393
0x7fad91a4a29109303188d8758f1a9d60ce988349-0xa0fb56aA414D92c3d7616C43AAc736a2F22934ff-5-742
0x7fad91a4a29109303188d8758f1a9d60ce988349-0x5c19E1703244Df9b6BE780d101E94601829ccF03-5-353
0x7fad91a4a29109303188d8758f1a9d60ce988349-0xBbBb50f92736a8cED9B21157dd1aA814C3DCC607-5-404
0x7fad91a4a29109303188d8758f1a9d60ce988349-0xBbBb50f92736a8cED9B21157dd1aA814C3DCC607-5-1012
0x7fad91a4a29109303188d8758f1a9d60ce988349-0x6aD5d436Fa984B60e379288Be22337186537A248-5-19
0x7fad91a4a29109303188d8758f1a9d60ce988349-0x6aD5d436Fa984B60e379288Be22337186537A248-5-879
0x7fad91a4a29109303188d8758f1a9d60ce988349-0x5f87441d9A82fA1bd508ed92DF688EF2A71883cC-5-220
0x7fad91a4a29109303188d8758f1a9d60ce988349-0xfA8CACdEf620B3e8dbE7E7A5690d0a9914f739D1-5-691
0x7fad91a4a29109303188d8758f1a9d60ce988349-0x45d018AcFf7949b7042F100fB6e7180593777D2A-5-395
0x7fad91a4a29109303188d8758f1a9d60ce988349-0x47F7cD420F5Bf54ac838b744383e0A844872Dc8E-5-203
0x7fad91a4a29109303188d8758f1a9d60ce988349-0x7Af912DBe3Cbc13D11a8b33B461A5c88f9ac9228-5-454
0x7fad91a4a29109303188d8758f1a9d60ce988349-0x61dF239Dc810e5Cdc218Cc08A638d43e667273EF-5-627
0x7fad91a4a29109303188d8758f1a9d60ce988349-0x2bC7432e3461414c81Fc9Ee523AEeCcdee2c5382-5-20
0x7fad91a4a29109303188d8758f1a9d60ce988349-0x2bC7432e3461414c81Fc9Ee523AEeCcdee2c5382-5-130
0x7fad91a4a29109303188d8758f1a9d60ce988349-0x2bC7432e3461414c81Fc9Ee523AEeCcdee2c5382-5-899
0x7fad91a4a29109303188d8758f1a9d60ce988349-0xED32049e5E2e9984B9f5F1f15A341af00dE45AfC-5-466
0x7fad91a4a29109303188d8758f1a9d60ce988349-0xDf957EFD3B6A7F832EffF3C3177BD28C0310d1E9-5-626
0x7fad91a4a29109303188d8758f1a9d60ce988349-0xDf957EFD3B6A7F832EffF3C3177BD28C0310d1E9-5-742
0x7fad91a4a29109303188d8758f1a9d60ce988349-0x6675C503B7FeafC2F2FB41e9bB0A40027f9d4962-5-66
0x7fad91a4a29109303188d8758f1a9d60ce988349-0x1691528C245c20dE42aA02d3b66839a95AAa6ED5-5-752
0x7fad91a4a29109303188d8758f1a9d60ce988349-0x1691528C245c20dE42aA02d3b66839a95AAa6ED5-5-845
0x7fad91a4a29109303188d8758f1a9d60ce988349-0xf85Bc039816b5E97c35326F279fEb28aE007F914-5-899
0x7fad91a4a29109303188d8758f1a9d60ce988349-0x11852e678178c960ac67AAD4275Ac58315f16A36-5-857
0x7fad91a4a29109303188d8758f1a9d60ce988349-0x11852e678178c960ac67AAD4275Ac58315f16A36-5-924



Execute Claim Transaction for Tier #5 (Canary tier)



Transaction sent! ✔
Transaction hash: 0xb68ec97475a4d1abf0d6a14351be61b13de6aee50c913ce6c2af6873861346bb
Waiting on transaction to be confirmed ...
Tx confirmed !




******************
Processing:
Vault:     0x33335296c9b020ca3252e4953c11decfdce816b8
Tier:      #6 (Canary tier)
# prizes:  1486

5a. Calculating # of profitable claims ...

Native (Gas) Token ETH Market Rate (USD): $3190.27

Estimated gas limit (wei) (1 prize claim): 0.000000000000183642 ETH (183642 wei)
Estimated gas limit (wei) (2 prize claims): 0.000000000000269429 ETH (269429 wei)

Gas Cost: First Claim (wei): 0.000000000000183642 ETH (183642 wei)
Gas Cost: Each Following Claim (wei): 0.000000000000085787 ETH (85787 wei)

Gas Cost: First Claim (USD): $0.02 $0.01541278385686085
Gas Cost: Each Following Claim (USD): $0.02 $0.01847407504830343

5b. 1 Claim(s):

Total gas cost: 1 Claim(s) (USD): $0.02 ($0.01541278385686085)

Next Claim Reward: 1 Claim(s) (WEI): 0.00000254953818748 WETH (2549538187480 wei)
Next Claim Reward: 1 Claim(s) (USD): $0.01 ($0.008141548139545214)

Net profit = (Gross Profit - Gas Cost [Avg])
$-0.01 = ($0.01 - $0.02) $-0.007271235717315637 = ($0.008141548139545214 - $0.01541278385686085)

******************
5c. Profit/Loss (USD):

Net profit = (Gross Profit - Gas Cost [Max])
$-0.02 = ($0 - $0.02) $-0.01541278385686085 = ($0 - $0.01541278385686085)

Claiming tier #6 (Canary tier) currently not profitable.
Not profitable to claim for Draw #16, Tier: #6 (Canary tier)




******************
Processing:
Vault:     0x75b2f4b3ec5adf7077f928992524cc547e74f768
Tier:      #6 (Canary tier)
# prizes:  124

Tier #6 (Canary tier) not profitable, skipping ...





******************
Processing:
Vault:     0x7fad91a4a29109303188d8758f1a9d60ce988349
Tier:      #6 (Canary tier)
# prizes:  2117

Tier #6 (Canary tier) not profitable, skipping ...

