Operating on: 11155420 - Optimism Sepolia

Config - REWARD_RECIPIENT not provided, setting swap recipient to relayer address: 0x06003274c3a7926c04cA8d6903cc691fE8f3CEC2
Config - MIN_PROFIT_THRESHOLD_USD: 0.05

Starting ...
Getting prize pool info ...
Getting prize context ...

******************
1. Prize token: WETH

┌────────────┬──────────────────────────────────────────────┬──────────┬─────────────────┬────────┬──────────────┐
│ (index)    │ address                                      │ decimals │ name            │ symbol │ assetRateUsd │
├────────────┼──────────────────────────────────────────────┼──────────┼─────────────────┼────────┼──────────────┤
│ prizeToken │ '0xC355F97a3Aa2808Acb536E555764b8FB26fB4b37' │ 18       │ 'Wrapped Ether' │ 'WETH' │ 3092.408     │
└────────────┴──────────────────────────────────────────────┴──────────┴─────────────────┴────────┴──────────────┘
┌─────────┬──────────┬───────────────────────────────┐
│ (index) │ numTiers │ tiersRangeArray               │
├─────────┼──────────┼───────────────────────────────┤
│ tiers   │ 7        │ [ 0, 1, 2, ... 4 more items ] │
└─────────┴──────────┴───────────────────────────────┘
Draw ID: 25
Prize Token WETH MarketRate USD:  $3092.408

******************
Getting prize vaults ...
Found 6 prize vaults.

1461 prizes already claimed for draw #25.
3972 prizes remaining to be claimed...




******************
Processing:
Vault:     0x33335296c9b020ca3252e4953c11decfdce816b8
Tier:      #5 (Canary tier)
# prizes:  148

5a. Calculating # of profitable claims ...

Native (Gas) Token ETH Market Rate (USD): $3095.32

Estimated gas limit (wei) (1 prize claim): 0.000000000000197808 ETH (197808 wei)
Estimated gas limit (wei) (2 prize claims): 0.000000000000280838 ETH (280838 wei)

Gas Cost: First Claim (wei): 0.000000000000197808 ETH (197808 wei)
Gas Cost: Each Following Claim (wei): 0.00000000000008303 ETH (83030 wei)

Gas Cost: First Claim (USD): $0.01 $0.012276562482410274
Gas Cost: Each Following Claim (USD): $0.01 $0.014614961924362572

5b. 1 Claim(s):

Total gas cost: 1 Claim(s) (USD): $0.01 ($0.012276562482410274)

Next Claim Reward: 1 Claim(s) (WEI): 0.000012858441976775 WETH (12858441976775 wei)
Next Claim Reward: 1 Claim(s) (USD): $0.04 ($0.039763548836514825)

Net profit = (Gross Profit - Gas Cost [Avg])
$0.03 = ($0.04 - $0.01) $0.02748698635410455 = ($0.039763548836514825 - $0.012276562482410274)

******************
5c. Profit/Loss (USD):

Net profit = (Gross Profit - Gas Cost [Max])
$-0.01 = ($0 - $0.01) $-0.012276562482410274 = ($0 - $0.012276562482410274)

Claiming tier #5 (Canary tier) currently not profitable.
Not profitable to claim for Draw #25, Tier: #5 (Canary tier)




******************
Processing:
Vault:     0x7fad91a4a29109303188d8758f1a9d60ce988349
Tier:      #5 (Canary tier)
# prizes:  308

Tier #5 (Canary tier) not profitable, skipping ...





******************
Processing:
Vault:     0x33335296c9b020ca3252e4953c11decfdce816b8
Tier:      #6 (Canary tier)
# prizes:  1295

Tier #6 (Canary tier) not profitable, skipping ...





******************
Processing:
Vault:     0x7fad91a4a29109303188d8758f1a9d60ce988349
Tier:      #6 (Canary tier)
# prizes:  2221

Tier #6 (Canary tier) not profitable, skipping ...

