Operating on: 11155420 - Optimism Sepolia

Config - REWARD_RECIPIENT not provided, setting swap recipient to relayer address: 0x06003274c3a7926c04cA8d6903cc691fE8f3CEC2
Config - MIN_PROFIT_THRESHOLD_USD: -0.3

Starting ...
Getting prize pool info ...
Getting prize context ...

******************
1. Prize token: WETH

┌────────────┬──────────────────────────────────────────────┬──────────┬─────────────────┬────────┬──────────────┐
│ (index)    │ address                                      │ decimals │ name            │ symbol │ assetRateUsd │
├────────────┼──────────────────────────────────────────────┼──────────┼─────────────────┼────────┼──────────────┤
│ prizeToken │ '0xC355F97a3Aa2808Acb536E555764b8FB26fB4b37' │ 18       │ 'Wrapped Ether' │ 'WETH' │ 3261.4277    │
└────────────┴──────────────────────────────────────────────┴──────────┴─────────────────┴────────┴──────────────┘
┌─────────┬──────────┬───────────────────────────────┐
│ (index) │ numTiers │ tiersRangeArray               │
├─────────┼──────────┼───────────────────────────────┤
│ tiers   │ 7        │ [ 0, 1, 2, ... 4 more items ] │
└─────────┴──────────┴───────────────────────────────┘
Draw ID: 15
Prize Token WETH MarketRate USD:  $3261.4277

******************
Getting prize vaults ...
Found 6 prize vaults.

416 prizes already claimed for draw #15.
4901 prizes remaining to be claimed...




******************
Processing:
Vault:     0x7fad91a4a29109303188d8758f1a9d60ce988349
Tier:      #4
# prizes:  25

5a. Calculating # of profitable claims ...

Native (Gas) Token ETH Market Rate (USD): $3257.86

Estimated gas limit (wei) (1 prize claim): 0.000000000000230877 ETH (230877 wei)
Estimated gas limit (wei) (2 prize claims): 0.000000000000338181 ETH (338181 wei)

Gas Cost: First Claim (wei): 0.000000000000230877 ETH (230877 wei)
Gas Cost: Each Following Claim (wei): 0.000000000000107304 ETH (107304 wei)

Gas Cost: First Claim (USD): $0.03 $0.02986422133522183
Gas Cost: Each Following Claim (USD): $0.04 $0.03610808129250209

5b. 1 Claim(s):

Total gas cost: 1 Claim(s) (USD): $0.03 ($0.02986422133522183)

Next Claim Reward: 1 Claim(s) (WEI): 0.000141948399218127 WETH (141948399218127 wei)
Next Claim Reward: 1 Claim(s) (USD): $0.46 ($0.4629544411806578)

Net profit = (Gross Profit - Gas Cost [Avg])
$0.43 = ($0.46 - $0.03) $0.433090219845436 = ($0.4629544411806578 - $0.02986422133522183)


5b. 2 Claim(s):

Total gas cost: 2 Claim(s) (USD): $0.07 ($0.06597230262772392)

Claim Reward: 1 Claim(s) (WEI): 0.000141948399218127 WETH (141948399218127 wei)
Claim Reward: 1 Claim(s) (USD): $0.46 ($0.4629544411806578)

Next Claim Reward: 2 Claim(s) (WEI): 0.000283896798436254 WETH (283896798436254 wei)
Next Claim Reward: 2 Claim(s) (USD): $0.93 ($0.9259088823613156)

Net profit = (Gross Profit - Gas Cost [Avg])
$0.86 = ($0.93 - $0.07) $0.8599365797335917 = ($0.9259088823613156 - $0.06597230262772392)


5b. 3 Claim(s):

Total gas cost: 3 Claim(s) (USD): $0.1 ($0.10208038392022602)

Claim Reward: 2 Claim(s) (WEI): 0.000283896798436254 WETH (283896798436254 wei)
Claim Reward: 2 Claim(s) (USD): $0.93 ($0.9259088823613156)

Next Claim Reward: 3 Claim(s) (WEI): 0.000425845197654381 WETH (425845197654381 wei)
Next Claim Reward: 3 Claim(s) (USD): $1.39 ($1.3888633235419732)

Net profit = (Gross Profit - Gas Cost [Avg])
$1.29 = ($1.39 - $0.1) $1.2867829396217472 = ($1.3888633235419732 - $0.10208038392022602)


5b. 4 Claim(s):

Total gas cost: 4 Claim(s) (USD): $0.14 ($0.1381884652127281)

Claim Reward: 3 Claim(s) (WEI): 0.000425845197654381 WETH (425845197654381 wei)
Claim Reward: 3 Claim(s) (USD): $1.39 ($1.3888633235419732)

Next Claim Reward: 4 Claim(s) (WEI): 0.000567793596872508 WETH (567793596872508 wei)
Next Claim Reward: 4 Claim(s) (USD): $1.85 ($1.8518177647226313)

Net profit = (Gross Profit - Gas Cost [Avg])
$1.71 = ($1.85 - $0.14) $1.7136292995099032 = ($1.8518177647226313 - $0.1381884652127281)


5b. 5 Claim(s):

Total gas cost: 5 Claim(s) (USD): $0.17 ($0.1742965465052302)

Claim Reward: 4 Claim(s) (WEI): 0.000567793596872508 WETH (567793596872508 wei)
Claim Reward: 4 Claim(s) (USD): $1.85 ($1.8518177647226313)

Next Claim Reward: 5 Claim(s) (WEI): 0.000709741996090635 WETH (709741996090635 wei)
Next Claim Reward: 5 Claim(s) (USD): $2.31 ($2.3147722059032887)

Net profit = (Gross Profit - Gas Cost [Avg])
$2.14 = ($2.31 - $0.17) $2.1404756593980583 = ($2.3147722059032887 - $0.1742965465052302)


5b. 6 Claim(s):

Total gas cost: 6 Claim(s) (USD): $0.21 ($0.21040462779773228)

Claim Reward: 5 Claim(s) (WEI): 0.000709741996090635 WETH (709741996090635 wei)
Claim Reward: 5 Claim(s) (USD): $2.31 ($2.3147722059032887)

Next Claim Reward: 6 Claim(s) (WEI): 0.000851690395308762 WETH (851690395308762 wei)
Next Claim Reward: 6 Claim(s) (USD): $2.78 ($2.7777266470839463)

Net profit = (Gross Profit - Gas Cost [Avg])
$2.57 = ($2.78 - $0.21) $2.5673220192862143 = ($2.7777266470839463 - $0.21040462779773228)


5b. 7 Claim(s):

Total gas cost: 7 Claim(s) (USD): $0.25 ($0.24651270909023437)

Claim Reward: 6 Claim(s) (WEI): 0.000851690395308762 WETH (851690395308762 wei)
Claim Reward: 6 Claim(s) (USD): $2.78 ($2.7777266470839463)

Next Claim Reward: 7 Claim(s) (WEI): 0.000993638794526889 WETH (993638794526889 wei)
Next Claim Reward: 7 Claim(s) (USD): $3.24 ($3.2406810882646044)

Net profit = (Gross Profit - Gas Cost [Avg])
$2.99 = ($3.24 - $0.25) $2.9941683791743703 = ($3.2406810882646044 - $0.24651270909023437)


5b. 8 Claim(s):

Total gas cost: 8 Claim(s) (USD): $0.28 ($0.28262079038273646)

Claim Reward: 7 Claim(s) (WEI): 0.000993638794526889 WETH (993638794526889 wei)
Claim Reward: 7 Claim(s) (USD): $3.24 ($3.2406810882646044)

Next Claim Reward: 8 Claim(s) (WEI): 0.001135587193745016 WETH (1135587193745016 wei)
Next Claim Reward: 8 Claim(s) (USD): $3.7 ($3.7036355294452625)

Net profit = (Gross Profit - Gas Cost [Avg])
$3.42 = ($3.7 - $0.28) $3.4210147390625263 = ($3.7036355294452625 - $0.28262079038273646)


5b. 9 Claim(s):

Total gas cost: 9 Claim(s) (USD): $0.32 ($0.31872887167523856)

Claim Reward: 8 Claim(s) (WEI): 0.001135587193745016 WETH (1135587193745016 wei)
Claim Reward: 8 Claim(s) (USD): $3.7 ($3.7036355294452625)

Next Claim Reward: 9 Claim(s) (WEI): 0.001277535592963143 WETH (1277535592963143 wei)
Next Claim Reward: 9 Claim(s) (USD): $4.17 ($4.16658997062592)

Net profit = (Gross Profit - Gas Cost [Avg])
$3.85 = ($4.17 - $0.32) $3.8478610989506814 = ($4.16658997062592 - $0.31872887167523856)


5b. 10 Claim(s):

Total gas cost: 10 Claim(s) (USD): $0.35 ($0.35483695296774065)

Claim Reward: 9 Claim(s) (WEI): 0.001277535592963143 WETH (1277535592963143 wei)
Claim Reward: 9 Claim(s) (USD): $4.17 ($4.16658997062592)

Next Claim Reward: 10 Claim(s) (WEI): 0.00141948399218127 WETH (1419483992181270 wei)
Next Claim Reward: 10 Claim(s) (USD): $4.63 ($4.629544411806577)

Net profit = (Gross Profit - Gas Cost [Avg])
$4.27 = ($4.63 - $0.35) $4.2747074588388365 = ($4.629544411806577 - $0.35483695296774065)


5b. 11 Claim(s):

Total gas cost: 11 Claim(s) (USD): $0.39 ($0.39094503426024274)

Claim Reward: 10 Claim(s) (WEI): 0.00141948399218127 WETH (1419483992181270 wei)
Claim Reward: 10 Claim(s) (USD): $4.63 ($4.629544411806577)

Next Claim Reward: 11 Claim(s) (WEI): 0.001561432391399397 WETH (1561432391399397 wei)
Next Claim Reward: 11 Claim(s) (USD): $5.09 ($5.0924988529872355)

Net profit = (Gross Profit - Gas Cost [Avg])
$4.7 = ($5.09 - $0.39) $4.7015538187269925 = ($5.0924988529872355 - $0.39094503426024274)


5b. 12 Claim(s):

Total gas cost: 12 Claim(s) (USD): $0.43 ($0.42705311555274483)

Claim Reward: 11 Claim(s) (WEI): 0.001561432391399397 WETH (1561432391399397 wei)
Claim Reward: 11 Claim(s) (USD): $5.09 ($5.0924988529872355)

Next Claim Reward: 12 Claim(s) (WEI): 0.001703380790617524 WETH (1703380790617524 wei)
Next Claim Reward: 12 Claim(s) (USD): $5.56 ($5.555453294167893)

Net profit = (Gross Profit - Gas Cost [Avg])
$5.13 = ($5.56 - $0.43) $5.128400178615148 = ($5.555453294167893 - $0.42705311555274483)


5b. 13 Claim(s):

Total gas cost: 13 Claim(s) (USD): $0.46 ($0.4631611968452469)

Claim Reward: 12 Claim(s) (WEI): 0.001703380790617524 WETH (1703380790617524 wei)
Claim Reward: 12 Claim(s) (USD): $5.56 ($5.555453294167893)

Next Claim Reward: 13 Claim(s) (WEI): 0.001845329189835651 WETH (1845329189835651 wei)
Next Claim Reward: 13 Claim(s) (USD): $6.02 ($6.018407735348551)

Net profit = (Gross Profit - Gas Cost [Avg])
$5.56 = ($6.02 - $0.46) $5.555246538503304 = ($6.018407735348551 - $0.4631611968452469)


5b. 14 Claim(s):

Total gas cost: 14 Claim(s) (USD): $0.5 ($0.499269278137749)

Claim Reward: 13 Claim(s) (WEI): 0.001845329189835651 WETH (1845329189835651 wei)
Claim Reward: 13 Claim(s) (USD): $6.02 ($6.018407735348551)

Next Claim Reward: 14 Claim(s) (WEI): 0.001987277589053778 WETH (1987277589053778 wei)
Next Claim Reward: 14 Claim(s) (USD): $6.48 ($6.481362176529209)

Net profit = (Gross Profit - Gas Cost [Avg])
$5.98 = ($6.48 - $0.5) $5.98209289839146 = ($6.481362176529209 - $0.499269278137749)


5b. 15 Claim(s):

Total gas cost: 15 Claim(s) (USD): $0.54 ($0.5353773594302511)

Claim Reward: 14 Claim(s) (WEI): 0.001987277589053778 WETH (1987277589053778 wei)
Claim Reward: 14 Claim(s) (USD): $6.48 ($6.481362176529209)

Next Claim Reward: 15 Claim(s) (WEI): 0.002129225988271905 WETH (2129225988271905 wei)
Next Claim Reward: 15 Claim(s) (USD): $6.94 ($6.944316617709867)

Net profit = (Gross Profit - Gas Cost [Avg])
$6.41 = ($6.94 - $0.54) $6.408939258279616 = ($6.944316617709867 - $0.5353773594302511)


5b. 16 Claim(s):

Total gas cost: 16 Claim(s) (USD): $0.57 ($0.5714854407227532)

Claim Reward: 15 Claim(s) (WEI): 0.002129225988271905 WETH (2129225988271905 wei)
Claim Reward: 15 Claim(s) (USD): $6.94 ($6.944316617709867)

Next Claim Reward: 16 Claim(s) (WEI): 0.002271174387490032 WETH (2271174387490032 wei)
Next Claim Reward: 16 Claim(s) (USD): $7.41 ($7.407271058890525)

Net profit = (Gross Profit - Gas Cost [Avg])
$6.84 = ($7.41 - $0.57) $6.835785618167772 = ($7.407271058890525 - $0.5714854407227532)


5b. 17 Claim(s):

Total gas cost: 17 Claim(s) (USD): $0.61 ($0.6075935220152553)

Claim Reward: 16 Claim(s) (WEI): 0.002271174387490032 WETH (2271174387490032 wei)
Claim Reward: 16 Claim(s) (USD): $7.41 ($7.407271058890525)

Next Claim Reward: 17 Claim(s) (WEI): 0.002413122786708159 WETH (2413122786708159 wei)
Next Claim Reward: 17 Claim(s) (USD): $7.87 ($7.870225500071181)

Net profit = (Gross Profit - Gas Cost [Avg])
$7.26 = ($7.87 - $0.61) $7.262631978055926 = ($7.870225500071181 - $0.6075935220152553)


5b. 18 Claim(s):

Total gas cost: 18 Claim(s) (USD): $0.64 ($0.6437016033077574)

Claim Reward: 17 Claim(s) (WEI): 0.002413122786708159 WETH (2413122786708159 wei)
Claim Reward: 17 Claim(s) (USD): $7.87 ($7.870225500071181)

Next Claim Reward: 18 Claim(s) (WEI): 0.002555071185926286 WETH (2555071185926286 wei)
Next Claim Reward: 18 Claim(s) (USD): $8.33 ($8.33317994125184)

Net profit = (Gross Profit - Gas Cost [Avg])
$7.69 = ($8.33 - $0.64) $7.689478337944083 = ($8.33317994125184 - $0.6437016033077574)


5b. 19 Claim(s):

Total gas cost: 19 Claim(s) (USD): $0.68 ($0.6798096846002595)

Claim Reward: 18 Claim(s) (WEI): 0.002555071185926286 WETH (2555071185926286 wei)
Claim Reward: 18 Claim(s) (USD): $8.33 ($8.33317994125184)

Next Claim Reward: 19 Claim(s) (WEI): 0.002697019585144413 WETH (2697019585144413 wei)
Next Claim Reward: 19 Claim(s) (USD): $8.8 ($8.796134382432498)

Net profit = (Gross Profit - Gas Cost [Avg])
$8.12 = ($8.8 - $0.68) $8.116324697832239 = ($8.796134382432498 - $0.6798096846002595)


5b. 20 Claim(s):

Total gas cost: 20 Claim(s) (USD): $0.72 ($0.7159177658927616)

Claim Reward: 19 Claim(s) (WEI): 0.002697019585144413 WETH (2697019585144413 wei)
Claim Reward: 19 Claim(s) (USD): $8.8 ($8.796134382432498)

Next Claim Reward: 20 Claim(s) (WEI): 0.00283896798436254 WETH (2838967984362540 wei)
Next Claim Reward: 20 Claim(s) (USD): $9.26 ($9.259088823613155)

Net profit = (Gross Profit - Gas Cost [Avg])
$8.54 = ($9.26 - $0.72) $8.543171057720393 = ($9.259088823613155 - $0.7159177658927616)


5b. 21 Claim(s):

Total gas cost: 21 Claim(s) (USD): $0.75 ($0.7520258471852637)

Claim Reward: 20 Claim(s) (WEI): 0.00283896798436254 WETH (2838967984362540 wei)
Claim Reward: 20 Claim(s) (USD): $9.26 ($9.259088823613155)

Next Claim Reward: 21 Claim(s) (WEI): 0.002980916383580667 WETH (2980916383580667 wei)
Next Claim Reward: 21 Claim(s) (USD): $9.72 ($9.722043264793813)

Net profit = (Gross Profit - Gas Cost [Avg])
$8.97 = ($9.72 - $0.75) $8.970017417608549 = ($9.722043264793813 - $0.7520258471852637)


5b. 22 Claim(s):

Total gas cost: 22 Claim(s) (USD): $0.79 ($0.7881339284777658)

Claim Reward: 21 Claim(s) (WEI): 0.002980916383580667 WETH (2980916383580667 wei)
Claim Reward: 21 Claim(s) (USD): $9.72 ($9.722043264793813)

Next Claim Reward: 22 Claim(s) (WEI): 0.003122864782798794 WETH (3122864782798794 wei)
Next Claim Reward: 22 Claim(s) (USD): $10.18 ($10.184997705974471)

Net profit = (Gross Profit - Gas Cost [Avg])
$9.4 = ($10.18 - $0.79) $9.396863777496705 = ($10.184997705974471 - $0.7881339284777658)


5b. 23 Claim(s):

Total gas cost: 23 Claim(s) (USD): $0.82 ($0.8242420097702678)

Claim Reward: 22 Claim(s) (WEI): 0.003122864782798794 WETH (3122864782798794 wei)
Claim Reward: 22 Claim(s) (USD): $10.18 ($10.184997705974471)

Next Claim Reward: 23 Claim(s) (WEI): 0.003264813182016921 WETH (3264813182016921 wei)
Next Claim Reward: 23 Claim(s) (USD): $10.65 ($10.647952147155129)

Net profit = (Gross Profit - Gas Cost [Avg])
$9.82 = ($10.65 - $0.82) $9.823710137384861 = ($10.647952147155129 - $0.8242420097702678)


5b. 24 Claim(s):

Total gas cost: 24 Claim(s) (USD): $0.86 ($0.8603500910627699)

Claim Reward: 23 Claim(s) (WEI): 0.003264813182016921 WETH (3264813182016921 wei)
Claim Reward: 23 Claim(s) (USD): $10.65 ($10.647952147155129)

Next Claim Reward: 24 Claim(s) (WEI): 0.003406761581235048 WETH (3406761581235048 wei)
Next Claim Reward: 24 Claim(s) (USD): $11.11 ($11.110906588335785)

Net profit = (Gross Profit - Gas Cost [Avg])
$10.25 = ($11.11 - $0.86) $10.250556497273015 = ($11.110906588335785 - $0.8603500910627699)


5b. 25 Claim(s):

Total gas cost: 25 Claim(s) (USD): $0.9 ($0.896458172355272)

Claim Reward: 24 Claim(s) (WEI): 0.003406761581235048 WETH (3406761581235048 wei)
Claim Reward: 24 Claim(s) (USD): $11.11 ($11.110906588335785)

Next Claim Reward: 25 Claim(s) (WEI): 0.003548709980453175 WETH (3548709980453175 wei)
Next Claim Reward: 25 Claim(s) (USD): $11.57 ($11.573861029516443)

Net profit = (Gross Profit - Gas Cost [Avg])
$10.68 = ($11.57 - $0.9) $10.677402857161171 = ($11.573861029516443 - $0.896458172355272)


******************
5c. Profit/Loss (USD):

Net profit = (Gross Profit - Gas Cost [Max])
$10.68 = ($11.57 - $0.9) $10.677402857161171 = ($11.573861029516443 - $0.896458172355272)

Submitting transaction to claim 25 prize(s):

0x7fad91a4a29109303188d8758f1a9d60ce988349-0x55A79411AB01a3D35bA533CFa261D9688D7fF05C-4-215
0x7fad91a4a29109303188d8758f1a9d60ce988349-0x2328E11654dfF95361409c4a12aDe38D0e15651F-4-240
0x7fad91a4a29109303188d8758f1a9d60ce988349-0x0D51bE5Bb7D89c931B9f867c8b838756314909D1-4-43
0x7fad91a4a29109303188d8758f1a9d60ce988349-0x8eFE9efA79FB0BF6bbEf69eb45B18b3C871F6D73-4-147
0x7fad91a4a29109303188d8758f1a9d60ce988349-0xF4193a78d79e53C57016EE559EEA320B5A5688E0-4-233
0x7fad91a4a29109303188d8758f1a9d60ce988349-0x9e58FDe8088509Ce9B2CDde8619c3e0825bAEf8D-4-10
0x7fad91a4a29109303188d8758f1a9d60ce988349-0x55968467aF3C0109e18c2891Ac82bEa2a9Be6A4a-4-164
0x7fad91a4a29109303188d8758f1a9d60ce988349-0xdD73D0F52c8d884a04AD36772285DA62d8B57661-4-121
0x7fad91a4a29109303188d8758f1a9d60ce988349-0x297368d872bdE98b59678b219C27Cc5970237f92-4-238
0x7fad91a4a29109303188d8758f1a9d60ce988349-0x2CC95b98938616510E28287C94847c15e8C1D220-4-81
0x7fad91a4a29109303188d8758f1a9d60ce988349-0x45545e477E4a9D84eA30982d51441548Ee15e361-4-110
0x7fad91a4a29109303188d8758f1a9d60ce988349-0x98fa0b12518F46714Ab40730E5614e11E53c921F-4-25
0x7fad91a4a29109303188d8758f1a9d60ce988349-0x70382a82190B6bA3Fea9689B495823CD86cb1F0D-4-195
0x7fad91a4a29109303188d8758f1a9d60ce988349-0xB3B2E770f6e0781a38cB9922bB68567B8168c512-4-123
0x7fad91a4a29109303188d8758f1a9d60ce988349-0x36BCA8b80Fd99518F2B437669f411c57c2BCD280-4-203
0x7fad91a4a29109303188d8758f1a9d60ce988349-0x4Fc5eb75cA71F8f02a9756553bF43688B3b46914-4-55
0x7fad91a4a29109303188d8758f1a9d60ce988349-0x6d1a098780664ae98F3406CCa64f89338f387822-4-35
0x7fad91a4a29109303188d8758f1a9d60ce988349-0x0167DCc490F980E6A95D32CF8bbf865dDF61FD12-4-46
0x7fad91a4a29109303188d8758f1a9d60ce988349-0x81a9A979a1F63d4cAA61CcB439942Cd5542dBC34-4-217
0x7fad91a4a29109303188d8758f1a9d60ce988349-0x5f87441d9A82fA1bd508ed92DF688EF2A71883cC-4-193
0x7fad91a4a29109303188d8758f1a9d60ce988349-0x566705Daa7DC130Ee61fa4F8f5f47F4BaF2501dE-4-43
0x7fad91a4a29109303188d8758f1a9d60ce988349-0xA693D7a96EeEd520b5Db0032A64d9E3447829450-4-12
0x7fad91a4a29109303188d8758f1a9d60ce988349-0x6c18820DDcaFD2Cec6B6f1314cfEbF5C1F98C2B3-4-218
0x7fad91a4a29109303188d8758f1a9d60ce988349-0xec83611FD2e52Ae457D7B548D9a4B94A4Fb73927-4-49
0x7fad91a4a29109303188d8758f1a9d60ce988349-0x570fC5634311B147C2154eC54a7A7c00b68FDDB5-4-98



Execute Claim Transaction for Tier #4



Transaction sent! ✔
Transaction hash: 0x3e063d4c3596e44b8c35fe08c3a0cd0adc947386bf2660bcc06a25e25b38871d
Waiting on transaction to be confirmed ...
Tx confirmed !




******************
Processing:
Vault:     0x33335296c9b020ca3252e4953c11decfdce816b8
Tier:      #5 (Canary tier)
# prizes:  299

5a. Calculating # of profitable claims ...

Native (Gas) Token ETH Market Rate (USD): $3257.86

Estimated gas limit (wei) (1 prize claim): 0.000000000000180759 ETH (180759 wei)
Estimated gas limit (wei) (2 prize claims): 0.000000000000258837 ETH (258837 wei)

Gas Cost: First Claim (wei): 0.000000000000180759 ETH (180759 wei)
Gas Cost: Each Following Claim (wei): 0.000000000000078078 ETH (78078 wei)

Gas Cost: First Claim (USD): $0.03 $0.0334468964379459
Gas Cost: Each Following Claim (USD): $0.04 $0.040700625930018094

5b. 1 Claim(s):

Total gas cost: 1 Claim(s) (USD): $0.03 ($0.0334468964379459)

Next Claim Reward: 1 Claim(s) (WEI): 0.000009829282910655 WETH (9829282910655 wei)
Next Claim Reward: 1 Claim(s) (USD): $0.03 ($0.03205749555594684)

Net profit = (Gross Profit - Gas Cost [Avg])
$0 = ($0.03 - $0.03) $-0.001389400881999056 = ($0.03205749555594684 - $0.0334468964379459)

******************
5c. Profit/Loss (USD):

Net profit = (Gross Profit - Gas Cost [Max])
$-0.03 = ($0 - $0.03) $-0.0334468964379459 = ($0 - $0.0334468964379459)

Claiming tier #5 (Canary tier) currently not profitable.
Not profitable to claim for Draw #15, Tier: #5 (Canary tier)




******************
Processing:
Vault:     0x7fad91a4a29109303188d8758f1a9d60ce988349
Tier:      #5 (Canary tier)
# prizes:  451

Tier #5 (Canary tier) not profitable, skipping ...





******************
Processing:
Vault:     0x33335296c9b020ca3252e4953c11decfdce816b8
Tier:      #6 (Canary tier)
# prizes:  1641

Tier #6 (Canary tier) not profitable, skipping ...





******************
Processing:
Vault:     0x75b2f4b3ec5adf7077f928992524cc547e74f768
Tier:      #6 (Canary tier)
# prizes:  206

Tier #6 (Canary tier) not profitable, skipping ...





******************
Processing:
Vault:     0x7fad91a4a29109303188d8758f1a9d60ce988349
Tier:      #6 (Canary tier)
# prizes:  2279

Tier #6 (Canary tier) not profitable, skipping ...

