Operating on: 11155420 - Optimism Sepolia

Config - REWARD_RECIPIENT not provided, setting swap recipient to relayer address: 0x06003274c3a7926c04cA8d6903cc691fE8f3CEC2
Config - MIN_PROFIT_THRESHOLD_USD: -0.3

Starting ...
Getting prize pool info ...
Getting prize context ...

******************
1. Prize token: WETH

┌────────────┬──────────────────────────────────────────────┬──────────┬─────────────────┬────────┬──────────────┐
│ (index)    │ address                                      │ decimals │ name            │ symbol │ assetRateUsd │
├────────────┼──────────────────────────────────────────────┼──────────┼─────────────────┼────────┼──────────────┤
│ prizeToken │ '0xC355F97a3Aa2808Acb536E555764b8FB26fB4b37' │ 18       │ 'Wrapped Ether' │ 'WETH' │ 2999.571     │
└────────────┴──────────────────────────────────────────────┴──────────┴─────────────────┴────────┴──────────────┘
┌─────────┬──────────┬───────────────────────────────┐
│ (index) │ numTiers │ tiersRangeArray               │
├─────────┼──────────┼───────────────────────────────┤
│ tiers   │ 5        │ [ 0, 1, 2, ... 2 more items ] │
└─────────┴──────────┴───────────────────────────────┘
Draw ID: 7
Prize Token WETH MarketRate USD:  $2999.571

******************
Getting prize vaults ...
Found 6 prize vaults.

270 prizes already claimed for draw #7.
63 prizes remaining to be claimed...




******************
Processing:
Vault:     0x7fad91a4a29109303188d8758f1a9d60ce988349
Tier:      #4 (Canary tier)
# prizes:  63

5a. Calculating # of profitable claims ...

Native (Gas) Token ETH Market Rate (USD): $3004.57

Estimated gas limit (wei) (1 prize claim): 0.000000000000180288 ETH (180288 wei)
Estimated gas limit (wei) (2 prize claims): 0.000000000000263941 ETH (263941 wei)

Gas Cost: First Claim (wei): 0.000000000000180288 ETH (180288 wei)
Gas Cost: Each Following Claim (wei): 0.000000000000083653 ETH (83653 wei)

Gas Cost: First Claim (USD): $0.02 $0.017250894700299446
Gas Cost: Each Following Claim (USD): $0.02 $0.02077533113903319

5b. 1 Claim(s):

Total gas cost: 1 Claim(s) (USD): $0.02 ($0.017250894700299446)

Next Claim Reward: 1 Claim(s) (WEI): 0.000037845033327406 WETH (37845033327406 wei)
Next Claim Reward: 1 Claim(s) (USD): $0.11 ($0.11351886446292055)

Net profit = (Gross Profit - Gas Cost [Avg])
$0.1 = ($0.11 - $0.02) $0.0962679697626211 = ($0.11351886446292055 - $0.017250894700299446)


5b. 2 Claim(s):

Total gas cost: 2 Claim(s) (USD): $0.04 ($0.038026225839332635)

Claim Reward: 1 Claim(s) (WEI): 0.000037845033327406 WETH (37845033327406 wei)
Claim Reward: 1 Claim(s) (USD): $0.11 ($0.11351886446292055)

Next Claim Reward: 2 Claim(s) (WEI): 0.000075690066654812 WETH (75690066654812 wei)
Next Claim Reward: 2 Claim(s) (USD): $0.23 ($0.2270377289258411)

Net profit = (Gross Profit - Gas Cost [Avg])
$0.19 = ($0.23 - $0.04) $0.18901150308650846 = ($0.2270377289258411 - $0.038026225839332635)


5b. 3 Claim(s):

Total gas cost: 3 Claim(s) (USD): $0.06 ($0.058801556978365824)

Claim Reward: 2 Claim(s) (WEI): 0.000075690066654812 WETH (75690066654812 wei)
Claim Reward: 2 Claim(s) (USD): $0.23 ($0.2270377289258411)

Next Claim Reward: 3 Claim(s) (WEI): 0.000113535099982218 WETH (113535099982218 wei)
Next Claim Reward: 3 Claim(s) (USD): $0.34 ($0.3405565933887616)

Net profit = (Gross Profit - Gas Cost [Avg])
$0.28 = ($0.34 - $0.06) $0.2817550364103958 = ($0.3405565933887616 - $0.058801556978365824)


5b. 4 Claim(s):

Total gas cost: 4 Claim(s) (USD): $0.08 ($0.07957688811739902)

Claim Reward: 3 Claim(s) (WEI): 0.000113535099982218 WETH (113535099982218 wei)
Claim Reward: 3 Claim(s) (USD): $0.34 ($0.3405565933887616)

Next Claim Reward: 4 Claim(s) (WEI): 0.000151380133309624 WETH (151380133309624 wei)
Next Claim Reward: 4 Claim(s) (USD): $0.45 ($0.4540754578516822)

Net profit = (Gross Profit - Gas Cost [Avg])
$0.37 = ($0.45 - $0.08) $0.3744985697342832 = ($0.4540754578516822 - $0.07957688811739902)


5b. 5 Claim(s):

Total gas cost: 5 Claim(s) (USD): $0.1 ($0.1003522192564322)

Claim Reward: 4 Claim(s) (WEI): 0.000151380133309624 WETH (151380133309624 wei)
Claim Reward: 4 Claim(s) (USD): $0.45 ($0.4540754578516822)

Next Claim Reward: 5 Claim(s) (WEI): 0.00018922516663703 WETH (189225166637030 wei)
Next Claim Reward: 5 Claim(s) (USD): $0.57 ($0.5675943223146027)

Net profit = (Gross Profit - Gas Cost [Avg])
$0.47 = ($0.57 - $0.1) $0.4672421030581705 = ($0.5675943223146027 - $0.1003522192564322)


5b. 6 Claim(s):

Total gas cost: 6 Claim(s) (USD): $0.12 ($0.12112755039546538)

Claim Reward: 5 Claim(s) (WEI): 0.00018922516663703 WETH (189225166637030 wei)
Claim Reward: 5 Claim(s) (USD): $0.57 ($0.5675943223146027)

Next Claim Reward: 6 Claim(s) (WEI): 0.000227070199964436 WETH (227070199964436 wei)
Next Claim Reward: 6 Claim(s) (USD): $0.68 ($0.6811131867775232)

Net profit = (Gross Profit - Gas Cost [Avg])
$0.56 = ($0.68 - $0.12) $0.5599856363820578 = ($0.6811131867775232 - $0.12112755039546538)


5b. 7 Claim(s):

Total gas cost: 7 Claim(s) (USD): $0.14 ($0.1419028815344986)

Claim Reward: 6 Claim(s) (WEI): 0.000227070199964436 WETH (227070199964436 wei)
Claim Reward: 6 Claim(s) (USD): $0.68 ($0.6811131867775232)

Next Claim Reward: 7 Claim(s) (WEI): 0.000264915233291842 WETH (264915233291842 wei)
Next Claim Reward: 7 Claim(s) (USD): $0.79 ($0.7946320512404438)

Net profit = (Gross Profit - Gas Cost [Avg])
$0.65 = ($0.79 - $0.14) $0.6527291697059452 = ($0.7946320512404438 - $0.1419028815344986)


5b. 8 Claim(s):

Total gas cost: 8 Claim(s) (USD): $0.16 ($0.16267821267353177)

Claim Reward: 7 Claim(s) (WEI): 0.000264915233291842 WETH (264915233291842 wei)
Claim Reward: 7 Claim(s) (USD): $0.79 ($0.7946320512404438)

Next Claim Reward: 8 Claim(s) (WEI): 0.000302760266619248 WETH (302760266619248 wei)
Next Claim Reward: 8 Claim(s) (USD): $0.91 ($0.9081509157033644)

Net profit = (Gross Profit - Gas Cost [Avg])
$0.75 = ($0.91 - $0.16) $0.7454727030298326 = ($0.9081509157033644 - $0.16267821267353177)


5b. 9 Claim(s):

Total gas cost: 9 Claim(s) (USD): $0.18 ($0.18345354381256496)

Claim Reward: 8 Claim(s) (WEI): 0.000302760266619248 WETH (302760266619248 wei)
Claim Reward: 8 Claim(s) (USD): $0.91 ($0.9081509157033644)

Next Claim Reward: 9 Claim(s) (WEI): 0.000340605299946654 WETH (340605299946654 wei)
Next Claim Reward: 9 Claim(s) (USD): $1.02 ($1.0216697801662848)

Net profit = (Gross Profit - Gas Cost [Avg])
$0.84 = ($1.02 - $0.18) $0.8382162363537199 = ($1.0216697801662848 - $0.18345354381256496)


5b. 10 Claim(s):

Total gas cost: 10 Claim(s) (USD): $0.2 ($0.20422887495159814)

Claim Reward: 9 Claim(s) (WEI): 0.000340605299946654 WETH (340605299946654 wei)
Claim Reward: 9 Claim(s) (USD): $1.02 ($1.0216697801662848)

Next Claim Reward: 10 Claim(s) (WEI): 0.00037845033327406 WETH (378450333274060 wei)
Next Claim Reward: 10 Claim(s) (USD): $1.14 ($1.1351886446292054)

Net profit = (Gross Profit - Gas Cost [Avg])
$0.93 = ($1.14 - $0.2) $0.9309597696776073 = ($1.1351886446292054 - $0.20422887495159814)


5b. 11 Claim(s):

Total gas cost: 11 Claim(s) (USD): $0.23 ($0.22500420609063132)

Claim Reward: 10 Claim(s) (WEI): 0.00037845033327406 WETH (378450333274060 wei)
Claim Reward: 10 Claim(s) (USD): $1.14 ($1.1351886446292054)

Next Claim Reward: 11 Claim(s) (WEI): 0.000416295366601466 WETH (416295366601466 wei)
Next Claim Reward: 11 Claim(s) (USD): $1.25 ($1.248707509092126)

Net profit = (Gross Profit - Gas Cost [Avg])
$1.02 = ($1.25 - $0.23) $1.0237033030014948 = ($1.248707509092126 - $0.22500420609063132)


5b. 12 Claim(s):

Total gas cost: 12 Claim(s) (USD): $0.25 ($0.24577953722966453)

Claim Reward: 11 Claim(s) (WEI): 0.000416295366601466 WETH (416295366601466 wei)
Claim Reward: 11 Claim(s) (USD): $1.25 ($1.248707509092126)

Next Claim Reward: 12 Claim(s) (WEI): 0.000454140399928872 WETH (454140399928872 wei)
Next Claim Reward: 12 Claim(s) (USD): $1.36 ($1.3622263735550464)

Net profit = (Gross Profit - Gas Cost [Avg])
$1.12 = ($1.36 - $0.25) $1.1164468363253819 = ($1.3622263735550464 - $0.24577953722966453)


5b. 13 Claim(s):

Total gas cost: 13 Claim(s) (USD): $0.27 ($0.2665548683686977)

Claim Reward: 12 Claim(s) (WEI): 0.000454140399928872 WETH (454140399928872 wei)
Claim Reward: 12 Claim(s) (USD): $1.36 ($1.3622263735550464)

Next Claim Reward: 13 Claim(s) (WEI): 0.000491985433256278 WETH (491985433256278 wei)
Next Claim Reward: 13 Claim(s) (USD): $1.48 ($1.475745238017967)

Net profit = (Gross Profit - Gas Cost [Avg])
$1.21 = ($1.48 - $0.27) $1.2091903696492694 = ($1.475745238017967 - $0.2665548683686977)


5b. 14 Claim(s):

Total gas cost: 14 Claim(s) (USD): $0.29 ($0.2873301995077309)

Claim Reward: 13 Claim(s) (WEI): 0.000491985433256278 WETH (491985433256278 wei)
Claim Reward: 13 Claim(s) (USD): $1.48 ($1.475745238017967)

Next Claim Reward: 14 Claim(s) (WEI): 0.000529830466583684 WETH (529830466583684 wei)
Next Claim Reward: 14 Claim(s) (USD): $1.59 ($1.5892641024808876)

Net profit = (Gross Profit - Gas Cost [Avg])
$1.3 = ($1.59 - $0.29) $1.3019339029731567 = ($1.5892641024808876 - $0.2873301995077309)


5b. 15 Claim(s):

Total gas cost: 15 Claim(s) (USD): $0.31 ($0.3081055306467641)

Claim Reward: 14 Claim(s) (WEI): 0.000529830466583684 WETH (529830466583684 wei)
Claim Reward: 14 Claim(s) (USD): $1.59 ($1.5892641024808876)

Next Claim Reward: 15 Claim(s) (WEI): 0.00056767549991109 WETH (567675499911090 wei)
Next Claim Reward: 15 Claim(s) (USD): $1.7 ($1.702782966943808)

Net profit = (Gross Profit - Gas Cost [Avg])
$1.39 = ($1.7 - $0.31) $1.3946774362970438 = ($1.702782966943808 - $0.3081055306467641)


5b. 16 Claim(s):

Total gas cost: 16 Claim(s) (USD): $0.33 ($0.3288808617857973)

Claim Reward: 15 Claim(s) (WEI): 0.00056767549991109 WETH (567675499911090 wei)
Claim Reward: 15 Claim(s) (USD): $1.7 ($1.702782966943808)

Next Claim Reward: 16 Claim(s) (WEI): 0.000605520533238496 WETH (605520533238496 wei)
Next Claim Reward: 16 Claim(s) (USD): $1.82 ($1.8163018314067287)

Net profit = (Gross Profit - Gas Cost [Avg])
$1.49 = ($1.82 - $0.33) $1.4874209696209315 = ($1.8163018314067287 - $0.3288808617857973)


5b. 17 Claim(s):

Total gas cost: 17 Claim(s) (USD): $0.35 ($0.34965619292483047)

Claim Reward: 16 Claim(s) (WEI): 0.000605520533238496 WETH (605520533238496 wei)
Claim Reward: 16 Claim(s) (USD): $1.82 ($1.8163018314067287)

Next Claim Reward: 17 Claim(s) (WEI): 0.000643365566565902 WETH (643365566565902 wei)
Next Claim Reward: 17 Claim(s) (USD): $1.93 ($1.929820695869649)

Net profit = (Gross Profit - Gas Cost [Avg])
$1.58 = ($1.93 - $0.35) $1.5801645029448186 = ($1.929820695869649 - $0.34965619292483047)


5b. 18 Claim(s):

Total gas cost: 18 Claim(s) (USD): $0.37 ($0.37043152406386365)

Claim Reward: 17 Claim(s) (WEI): 0.000643365566565902 WETH (643365566565902 wei)
Claim Reward: 17 Claim(s) (USD): $1.93 ($1.929820695869649)

Next Claim Reward: 18 Claim(s) (WEI): 0.000681210599893308 WETH (681210599893308 wei)
Next Claim Reward: 18 Claim(s) (USD): $2.04 ($2.0433395603325697)

Net profit = (Gross Profit - Gas Cost [Avg])
$1.67 = ($2.04 - $0.37) $1.672908036268706 = ($2.0433395603325697 - $0.37043152406386365)


5b. 19 Claim(s):

Total gas cost: 19 Claim(s) (USD): $0.39 ($0.39120685520289683)

Claim Reward: 18 Claim(s) (WEI): 0.000681210599893308 WETH (681210599893308 wei)
Claim Reward: 18 Claim(s) (USD): $2.04 ($2.0433395603325697)

Next Claim Reward: 19 Claim(s) (WEI): 0.000719055633220714 WETH (719055633220714 wei)
Next Claim Reward: 19 Claim(s) (USD): $2.16 ($2.15685842479549)

Net profit = (Gross Profit - Gas Cost [Avg])
$1.77 = ($2.16 - $0.39) $1.7656515695925932 = ($2.15685842479549 - $0.39120685520289683)


5b. 20 Claim(s):

Total gas cost: 20 Claim(s) (USD): $0.41 ($0.41198218634193)

Claim Reward: 19 Claim(s) (WEI): 0.000719055633220714 WETH (719055633220714 wei)
Claim Reward: 19 Claim(s) (USD): $2.16 ($2.15685842479549)

Next Claim Reward: 20 Claim(s) (WEI): 0.00075690066654812 WETH (756900666548120 wei)
Next Claim Reward: 20 Claim(s) (USD): $2.27 ($2.270377289258411)

Net profit = (Gross Profit - Gas Cost [Avg])
$1.86 = ($2.27 - $0.41) $1.858395102916481 = ($2.270377289258411 - $0.41198218634193)


5b. 21 Claim(s):

Total gas cost: 21 Claim(s) (USD): $0.43 ($0.4327575174809632)

Claim Reward: 20 Claim(s) (WEI): 0.00075690066654812 WETH (756900666548120 wei)
Claim Reward: 20 Claim(s) (USD): $2.27 ($2.270377289258411)

Next Claim Reward: 21 Claim(s) (WEI): 0.000794745699875526 WETH (794745699875526 wei)
Next Claim Reward: 21 Claim(s) (USD): $2.38 ($2.3838961537213317)

Net profit = (Gross Profit - Gas Cost [Avg])
$1.95 = ($2.38 - $0.43) $1.9511386362403684 = ($2.3838961537213317 - $0.4327575174809632)


5b. 22 Claim(s):

Total gas cost: 22 Claim(s) (USD): $0.45 ($0.45353284861999643)

Claim Reward: 21 Claim(s) (WEI): 0.000794745699875526 WETH (794745699875526 wei)
Claim Reward: 21 Claim(s) (USD): $2.38 ($2.3838961537213317)

Next Claim Reward: 22 Claim(s) (WEI): 0.000832590733202932 WETH (832590733202932 wei)
Next Claim Reward: 22 Claim(s) (USD): $2.5 ($2.497415018184252)

Net profit = (Gross Profit - Gas Cost [Avg])
$2.04 = ($2.5 - $0.45) $2.0438821695642555 = ($2.497415018184252 - $0.45353284861999643)


5b. 23 Claim(s):

Total gas cost: 23 Claim(s) (USD): $0.47 ($0.4743081797590296)

Claim Reward: 22 Claim(s) (WEI): 0.000832590733202932 WETH (832590733202932 wei)
Claim Reward: 22 Claim(s) (USD): $2.5 ($2.497415018184252)

Next Claim Reward: 23 Claim(s) (WEI): 0.000870435766530338 WETH (870435766530338 wei)
Next Claim Reward: 23 Claim(s) (USD): $2.61 ($2.6109338826471724)

Net profit = (Gross Profit - Gas Cost [Avg])
$2.14 = ($2.61 - $0.47) $2.136625702888143 = ($2.6109338826471724 - $0.4743081797590296)


5b. 24 Claim(s):

Total gas cost: 24 Claim(s) (USD): $0.5 ($0.4950835108980628)

Claim Reward: 23 Claim(s) (WEI): 0.000870435766530338 WETH (870435766530338 wei)
Claim Reward: 23 Claim(s) (USD): $2.61 ($2.6109338826471724)

Next Claim Reward: 24 Claim(s) (WEI): 0.000908280799857744 WETH (908280799857744 wei)
Next Claim Reward: 24 Claim(s) (USD): $2.72 ($2.7244527471100928)

Net profit = (Gross Profit - Gas Cost [Avg])
$2.23 = ($2.72 - $0.5) $2.22936923621203 = ($2.7244527471100928 - $0.4950835108980628)


5b. 25 Claim(s):

Total gas cost: 25 Claim(s) (USD): $0.52 ($0.515858842037096)

Claim Reward: 24 Claim(s) (WEI): 0.000908280799857744 WETH (908280799857744 wei)
Claim Reward: 24 Claim(s) (USD): $2.72 ($2.7244527471100928)

Next Claim Reward: 25 Claim(s) (WEI): 0.00094612583318515 WETH (946125833185150 wei)
Next Claim Reward: 25 Claim(s) (USD): $2.84 ($2.8379716115730136)

Net profit = (Gross Profit - Gas Cost [Avg])
$2.32 = ($2.84 - $0.52) $2.3221127695359174 = ($2.8379716115730136 - $0.515858842037096)


5b. 26 Claim(s):

Total gas cost: 26 Claim(s) (USD): $0.54 ($0.5366341731761293)

Claim Reward: 25 Claim(s) (WEI): 0.00094612583318515 WETH (946125833185150 wei)
Claim Reward: 25 Claim(s) (USD): $2.84 ($2.8379716115730136)

Next Claim Reward: 26 Claim(s) (WEI): 0.000983970866512556 WETH (983970866512556 wei)
Next Claim Reward: 26 Claim(s) (USD): $2.95 ($2.951490476035934)

Net profit = (Gross Profit - Gas Cost [Avg])
$2.41 = ($2.95 - $0.54) $2.4148563028598047 = ($2.951490476035934 - $0.5366341731761293)


5b. 27 Claim(s):

Total gas cost: 27 Claim(s) (USD): $0.56 ($0.5574095043151623)

Claim Reward: 26 Claim(s) (WEI): 0.000983970866512556 WETH (983970866512556 wei)
Claim Reward: 26 Claim(s) (USD): $2.95 ($2.951490476035934)

Next Claim Reward: 27 Claim(s) (WEI): 0.001021815899839962 WETH (1021815899839962 wei)
Next Claim Reward: 27 Claim(s) (USD): $3.07 ($3.0650093404988548)

Net profit = (Gross Profit - Gas Cost [Avg])
$2.51 = ($3.07 - $0.56) $2.5075998361836924 = ($3.0650093404988548 - $0.5574095043151623)


5b. 28 Claim(s):

Total gas cost: 28 Claim(s) (USD): $0.58 ($0.5781848354541956)

Claim Reward: 27 Claim(s) (WEI): 0.001021815899839962 WETH (1021815899839962 wei)
Claim Reward: 27 Claim(s) (USD): $3.07 ($3.0650093404988548)

Next Claim Reward: 28 Claim(s) (WEI): 0.001059660933167368 WETH (1059660933167368 wei)
Next Claim Reward: 28 Claim(s) (USD): $3.18 ($3.178528204961775)

Net profit = (Gross Profit - Gas Cost [Avg])
$2.6 = ($3.18 - $0.58) $2.6003433695075797 = ($3.178528204961775 - $0.5781848354541956)


5b. 29 Claim(s):

Total gas cost: 29 Claim(s) (USD): $0.6 ($0.5989601665932287)

Claim Reward: 28 Claim(s) (WEI): 0.001059660933167368 WETH (1059660933167368 wei)
Claim Reward: 28 Claim(s) (USD): $3.18 ($3.178528204961775)

Next Claim Reward: 29 Claim(s) (WEI): 0.001097505966494774 WETH (1097505966494774 wei)
Next Claim Reward: 29 Claim(s) (USD): $3.29 ($3.292047069424696)

Net profit = (Gross Profit - Gas Cost [Avg])
$2.69 = ($3.29 - $0.6) $2.6930869028314675 = ($3.292047069424696 - $0.5989601665932287)


5b. 30 Claim(s):

Total gas cost: 30 Claim(s) (USD): $0.62 ($0.619735497732262)

Claim Reward: 29 Claim(s) (WEI): 0.001097505966494774 WETH (1097505966494774 wei)
Claim Reward: 29 Claim(s) (USD): $3.29 ($3.292047069424696)

Next Claim Reward: 30 Claim(s) (WEI): 0.00113535099982218 WETH (1135350999822180 wei)
Next Claim Reward: 30 Claim(s) (USD): $3.41 ($3.405565933887616)

Net profit = (Gross Profit - Gas Cost [Avg])
$2.79 = ($3.41 - $0.62) $2.785830436155354 = ($3.405565933887616 - $0.619735497732262)

******************
5c. Profit/Loss (USD):

Net profit = (Gross Profit - Gas Cost [Max])
$2.67 = ($3.29 - $0.62) $2.672311571692434 = ($3.292047069424696 - $0.619735497732262)

Submitting transaction to claim 29 prize(s):

0x7fad91a4a29109303188d8758f1a9d60ce988349-0xE8ee291371AD11a077866B81c1362b1c9eBB12E7-4-67
0x7fad91a4a29109303188d8758f1a9d60ce988349-0xcF57B096B1D6b98c1B6FA8DB2008291c12374289-4-32
0x7fad91a4a29109303188d8758f1a9d60ce988349-0xB3C865428e296a8395581b11C6504eC47881e016-4-77
0x7fad91a4a29109303188d8758f1a9d60ce988349-0x732152255217eA28f5bbC87b78bbe375Cc5c6d4c-4-97
0x7fad91a4a29109303188d8758f1a9d60ce988349-0x7a0b8B6b6072e378Ac1d8785cA235E0e47453CdA-4-183
0x7fad91a4a29109303188d8758f1a9d60ce988349-0x8F5B2126Eefb2608EDcaCF55d37cc172342A2221-4-10
0x7fad91a4a29109303188d8758f1a9d60ce988349-0x701264B534866BcE21976872D8383fe5b7964809-4-124
0x7fad91a4a29109303188d8758f1a9d60ce988349-0x6187f1767664d6e0083dF41Ff05FC1320c239e14-4-1
0x7fad91a4a29109303188d8758f1a9d60ce988349-0xA83400E2a524589aEE428B3EC2FE789606dDc093-4-97
0x7fad91a4a29109303188d8758f1a9d60ce988349-0x96531E0FeC7E4Ce56F205a82Bec7D2442fa5D247-4-161
0x7fad91a4a29109303188d8758f1a9d60ce988349-0xe10019D22dc8D3349DAa8E90A2d74C6907aE465b-4-174
0x7fad91a4a29109303188d8758f1a9d60ce988349-0xB2a13F773338eb14805931E942E4eAa28fB47919-4-197
0x7fad91a4a29109303188d8758f1a9d60ce988349-0xaf26D1A90915eD68FbD7A1fBC346940E722c9ED4-4-200
0x7fad91a4a29109303188d8758f1a9d60ce988349-0x0EE6a74899bE4809dFa6DC94AD7907f4C8d852F4-4-79
0x7fad91a4a29109303188d8758f1a9d60ce988349-0x464299EE9636250B49a3f7F716991904BB02baC8-4-97
0x7fad91a4a29109303188d8758f1a9d60ce988349-0xD90C1510D4Cdb8c9c20d83814cF35D7787262914-4-157
0x7fad91a4a29109303188d8758f1a9d60ce988349-0xe59Af35db1eBf52587233e09f6F190CE1F72957E-4-189
0x7fad91a4a29109303188d8758f1a9d60ce988349-0x22776b5cE29d8d56b1322626Bf5db19fcb127013-4-215
0x7fad91a4a29109303188d8758f1a9d60ce988349-0xCA595a8ac2efA84e8E6C1a7A5156068679Cf7Cf7-4-99
0x7fad91a4a29109303188d8758f1a9d60ce988349-0xe2c565B5a73A0F5088091ef886126F20dD11ab8f-4-208
0x7fad91a4a29109303188d8758f1a9d60ce988349-0xfAD869e678dB685AE15f18cB6dfbCAf5D48B76e6-4-68
0x7fad91a4a29109303188d8758f1a9d60ce988349-0xa102497597Fa18ffb080a7e87cc687fd42Fe371d-4-219
0x7fad91a4a29109303188d8758f1a9d60ce988349-0xF672b6E27d6c9358bca84E930Fe629275fB2E90C-4-91
0x7fad91a4a29109303188d8758f1a9d60ce988349-0x34d0Da6c23326BC95C503730534c8231A82db83D-4-16
0x7fad91a4a29109303188d8758f1a9d60ce988349-0xBbBb50f92736a8cED9B21157dd1aA814C3DCC607-4-150
0x7fad91a4a29109303188d8758f1a9d60ce988349-0x5f87441d9A82fA1bd508ed92DF688EF2A71883cC-4-196
0x7fad91a4a29109303188d8758f1a9d60ce988349-0x6ca5Af8D75f947fdCF89FaCf0Cb11E5b5B2373F5-4-7
0x7fad91a4a29109303188d8758f1a9d60ce988349-0x1b8D51D46a96494dE4042A83cf731899CB327aAC-4-165
0x7fad91a4a29109303188d8758f1a9d60ce988349-0xEAd1362d28Ac8Ae8488f4c0fad15603cAe6C840c-4-91



Execute Claim Transaction for Tier #4 (Canary tier)



Transaction sent! ✔
Transaction hash: 0xbb3591b0efd95524c1a907ee7b7659916910a3a201fd49e96994acca57b2461e
Waiting on transaction to be confirmed ...
Tx confirmed !
