Operating on: 11155420 - Optimism Sepolia

Config - REWARD_RECIPIENT not provided, setting swap recipient to relayer address: 0x06003274c3a7926c04cA8d6903cc691fE8f3CEC2
Config - MIN_PROFIT_THRESHOLD_USD: 0.05

Starting ...
Getting prize pool info ...
Getting prize context ...

******************
1. Prize token: WETH

┌────────────┬──────────────────────────────────────────────┬──────────┬─────────────────┬────────┬──────────────┐
│ (index)    │ address                                      │ decimals │ name            │ symbol │ assetRateUsd │
├────────────┼──────────────────────────────────────────────┼──────────┼─────────────────┼────────┼──────────────┤
│ prizeToken │ '0xC355F97a3Aa2808Acb536E555764b8FB26fB4b37' │ 18       │ 'Wrapped Ether' │ 'WETH' │ 3093.6147    │
└────────────┴──────────────────────────────────────────────┴──────────┴─────────────────┴────────┴──────────────┘
┌─────────┬──────────┬───────────────────────────────┐
│ (index) │ numTiers │ tiersRangeArray               │
├─────────┼──────────┼───────────────────────────────┤
│ tiers   │ 7        │ [ 0, 1, 2, ... 4 more items ] │
└─────────┴──────────┴───────────────────────────────┘
Draw ID: 21
Prize Token WETH MarketRate USD:  $3093.6147

******************
Getting prize vaults ...
Found 6 prize vaults.

No claimed prizes for draw #21.
5482 prizes remaining to be claimed...




******************
Processing:
Vault:     0x33335296c9b020ca3252e4953c11decfdce816b8
Tier:      #3
# prizes:  3

5a. Calculating # of profitable claims ...

Native (Gas) Token ETH Market Rate (USD): $3091.87

Estimated gas limit (wei) (1 prize claim): 0.000000000000264965 ETH (264965 wei)
Estimated gas limit (wei) (2 prize claims): 0.000000000000374799 ETH (374799 wei)

Gas Cost: First Claim (wei): 0.000000000000264965 ETH (264965 wei)
Gas Cost: Each Following Claim (wei): 0.000000000000109834 ETH (109834 wei)

Gas Cost: First Claim (USD): $0.01 $0.014665687433289387
Gas Cost: Each Following Claim (USD): $0.02 $0.017299745877849482

5b. 1 Claim(s):

Total gas cost: 1 Claim(s) (USD): $0.01 ($0.014665687433289387)

Next Claim Reward: 1 Claim(s) (WEI): 0.000057083952766185 WETH (57083952766185 wei)
Next Claim Reward: 1 Claim(s) (USD): $0.18 ($0.17659575541157557)

Net profit = (Gross Profit - Gas Cost [Avg])
$0.16 = ($0.18 - $0.01) $0.16193006797828619 = ($0.17659575541157557 - $0.014665687433289387)


5b. 2 Claim(s):

Total gas cost: 2 Claim(s) (USD): $0.03 ($0.031965433311138866)

Claim Reward: 1 Claim(s) (WEI): 0.000057083952766185 WETH (57083952766185 wei)
Claim Reward: 1 Claim(s) (USD): $0.18 ($0.17659575541157557)

Next Claim Reward: 2 Claim(s) (WEI): 0.00011410022978803 WETH (114100229788030 wei)
Next Claim Reward: 2 Claim(s) (USD): $0.35 ($0.3529821481456275)

Net profit = (Gross Profit - Gas Cost [Avg])
$0.32 = ($0.35 - $0.03) $0.3210167148344886 = ($0.3529821481456275 - $0.031965433311138866)


5b. 3 Claim(s):

Total gas cost: 3 Claim(s) (USD): $0.05 ($0.04926517918898835)

Claim Reward: 2 Claim(s) (WEI): 0.00011410022978803 WETH (114100229788030 wei)
Claim Reward: 2 Claim(s) (USD): $0.35 ($0.3529821481456275)

Next Claim Reward: 3 Claim(s) (WEI): 0.000171048911298351 WETH (171048911298351 wei)
Next Claim Reward: 3 Claim(s) (USD): $0.53 ($0.5291594264115748)

Net profit = (Gross Profit - Gas Cost [Avg])
$0.48 = ($0.53 - $0.05) $0.4798942472225864 = ($0.5291594264115748 - $0.04926517918898835)


******************
5c. Profit/Loss (USD):

Net profit = (Gross Profit - Gas Cost [Max])
$0.48 = ($0.53 - $0.05) $0.4798942472225864 = ($0.5291594264115748 - $0.04926517918898835)

Submitting transaction to claim 3 prize(s):

0x33335296c9b020ca3252e4953c11decfdce816b8-0x87968CB4018c2C18e232B5f21b83eb8656536544-3-21
0x33335296c9b020ca3252e4953c11decfdce816b8-0x854500EDF8a78620e61107C29510Bcb279aF99DB-3-19
0x33335296c9b020ca3252e4953c11decfdce816b8-0xA7cc77cbAb3942b924ccf822B3e1c08BBEa46aC7-3-60



Execute Claim Transaction for Tier #3



Transaction sent! ✔
Transaction hash: 0x9147e27610d1de4639eb2a756ac5e24e707b6367ac666d9fd9dc641ba3e0cf79
Waiting on transaction to be confirmed ...
Tx confirmed !




******************
Processing:
Vault:     0x75b2f4b3ec5adf7077f928992524cc547e74f768
Tier:      #3
# prizes:  1

5a. Calculating # of profitable claims ...

Native (Gas) Token ETH Market Rate (USD): $3091.87

Estimated gas limit (wei) (1 prize claim): 0.000000000000230554 ETH (230554 wei)

Gas Cost: First Claim (wei): 0.000000000000230554 ETH (230554 wei)

Gas Cost: First Claim (USD): $0.01 $0.014559266283346068

5b. 1 Claim(s):

Total gas cost: 1 Claim(s) (USD): $0.01 ($0.014559266283346068)

Next Claim Reward: 1 Claim(s) (WEI): 0.000057286103219008 WETH (57286103219008 wei)
Next Claim Reward: 1 Claim(s) (USD): $0.18 ($0.17722113102404047)

Net profit = (Gross Profit - Gas Cost [Avg])
$0.16 = ($0.18 - $0.01) $0.1626618647406944 = ($0.17722113102404047 - $0.014559266283346068)


******************
5c. Profit/Loss (USD):

Net profit = (Gross Profit - Gas Cost [Max])
$0.16 = ($0.18 - $0.01) $0.1626618647406944 = ($0.17722113102404047 - $0.014559266283346068)

Claiming tier #3 currently not profitable.

Execute Claim Transaction for Tier #3



Transaction sent! ✔
Transaction hash: 0x31f6859cdcc3b23dcb0c9b4cb7f36d40fba7f9a5430ad243612bb6d46519f667
Waiting on transaction to be confirmed ...
Tx confirmed !




******************
Processing:
Vault:     0x7fad91a4a29109303188d8758f1a9d60ce988349
Tier:      #3
# prizes:  9

5a. Calculating # of profitable claims ...

Native (Gas) Token ETH Market Rate (USD): $3091.87

Estimated gas limit (wei) (1 prize claim): 0.000000000000243565 ETH (243565 wei)
Estimated gas limit (wei) (2 prize claims): 0.000000000000353411 ETH (353411 wei)

Gas Cost: First Claim (wei): 0.000000000000243565 ETH (243565 wei)
Gas Cost: Each Following Claim (wei): 0.000000000000109846 ETH (109846 wei)

Gas Cost: First Claim (USD): $0.02 $0.016294516223620773
Gas Cost: Each Following Claim (USD): $0.02 $0.019429202037313995

5b. 1 Claim(s):

Total gas cost: 1 Claim(s) (USD): $0.02 ($0.016294516223620773)

Next Claim Reward: 1 Claim(s) (WEI): 0.000057830278474615 WETH (57830278474615 wei)
Next Claim Reward: 1 Claim(s) (USD): $0.18 ($0.17890459959416255)

Net profit = (Gross Profit - Gas Cost [Avg])
$0.16 = ($0.18 - $0.02) $0.16261008337054178 = ($0.17890459959416255 - $0.016294516223620773)


5b. 2 Claim(s):

Total gas cost: 2 Claim(s) (USD): $0.04 ($0.03572371826093477)

Claim Reward: 1 Claim(s) (WEI): 0.000057830278474615 WETH (57830278474615 wei)
Claim Reward: 1 Claim(s) (USD): $0.18 ($0.17890459959416255)

Next Claim Reward: 2 Claim(s) (WEI): 0.000115591996400222 WETH (115591996400222 wei)
Next Claim Reward: 2 Claim(s) (USD): $0.36 ($0.35759709926607386)

Net profit = (Gross Profit - Gas Cost [Avg])
$0.32 = ($0.36 - $0.04) $0.32187338100513907 = ($0.35759709926607386 - $0.03572371826093477)


5b. 3 Claim(s):

Total gas cost: 3 Claim(s) (USD): $0.06 ($0.05515292029824877)

Claim Reward: 2 Claim(s) (WEI): 0.000115591996400222 WETH (115591996400222 wei)
Claim Reward: 2 Claim(s) (USD): $0.36 ($0.35759709926607386)

Next Claim Reward: 3 Claim(s) (WEI): 0.000173285235058617 WETH (173285235058617 wei)
Next Claim Reward: 3 Claim(s) (USD): $0.54 ($0.5360777504702929)

Net profit = (Gross Profit - Gas Cost [Avg])
$0.48 = ($0.54 - $0.06) $0.4809248301720442 = ($0.5360777504702929 - $0.05515292029824877)


5b. 4 Claim(s):

Total gas cost: 4 Claim(s) (USD): $0.07 ($0.07458212233556276)

Claim Reward: 3 Claim(s) (WEI): 0.000173285235058617 WETH (173285235058617 wei)
Claim Reward: 3 Claim(s) (USD): $0.54 ($0.5360777504702929)

Next Claim Reward: 4 Claim(s) (WEI): 0.000230910075635236 WETH (230910075635236 wei)
Next Claim Reward: 4 Claim(s) (USD): $0.71 ($0.7143468043632779)

Net profit = (Gross Profit - Gas Cost [Avg])
$0.64 = ($0.71 - $0.07) $0.6397646820277152 = ($0.7143468043632779 - $0.07458212233556276)


5b. 5 Claim(s):

Total gas cost: 5 Claim(s) (USD): $0.09 ($0.09401132437287675)

Claim Reward: 4 Claim(s) (WEI): 0.000230910075635236 WETH (230910075635236 wei)
Claim Reward: 4 Claim(s) (USD): $0.71 ($0.7143468043632779)

Next Claim Reward: 5 Claim(s) (WEI): 0.000288466599219255 WETH (288466599219255 wei)
Next Claim Reward: 5 Claim(s) (USD): $0.89 ($0.8924045118036958)

Net profit = (Gross Profit - Gas Cost [Avg])
$0.8 = ($0.89 - $0.09) $0.7983931874308191 = ($0.8924045118036958 - $0.09401132437287675)


5b. 6 Claim(s):

Total gas cost: 6 Claim(s) (USD): $0.11 ($0.11344052641019074)

Claim Reward: 5 Claim(s) (WEI): 0.000288466599219255 WETH (288466599219255 wei)
Claim Reward: 5 Claim(s) (USD): $0.89 ($0.8924045118036958)

Next Claim Reward: 6 Claim(s) (WEI): 0.000345954886803726 WETH (345954886803726 wei)
Next Claim Reward: 6 Claim(s) (USD): $1.07 ($1.0702511233528427)

Net profit = (Gross Profit - Gas Cost [Avg])
$0.96 = ($1.07 - $0.11) $0.9568105969426519 = ($1.0702511233528427 - $0.11344052641019074)


5b. 7 Claim(s):

Total gas cost: 7 Claim(s) (USD): $0.13 ($0.13286972844750475)

Claim Reward: 6 Claim(s) (WEI): 0.000345954886803726 WETH (345954886803726 wei)
Claim Reward: 6 Claim(s) (USD): $1.07 ($1.0702511233528427)

Next Claim Reward: 7 Claim(s) (WEI): 0.000403375019285679 WETH (403375019285679 wei)
Next Claim Reward: 7 Claim(s) (USD): $1.25 ($1.2478868892749602)

Net profit = (Gross Profit - Gas Cost [Avg])
$1.12 = ($1.25 - $0.13) $1.1150171608274555 = ($1.2478868892749602 - $0.13286972844750475)


5b. 8 Claim(s):

Total gas cost: 8 Claim(s) (USD): $0.15 ($0.15229893048481874)

Claim Reward: 7 Claim(s) (WEI): 0.000403375019285679 WETH (403375019285679 wei)
Claim Reward: 7 Claim(s) (USD): $1.25 ($1.2478868892749602)

Next Claim Reward: 8 Claim(s) (WEI): 0.000460727077466224 WETH (460727077466224 wei)
Next Claim Reward: 8 Claim(s) (USD): $1.43 ($1.4253120595375492)

Net profit = (Gross Profit - Gas Cost [Avg])
$1.27 = ($1.43 - $0.15) $1.2730131290527305 = ($1.4253120595375492 - $0.15229893048481874)


5b. 9 Claim(s):

Total gas cost: 9 Claim(s) (USD): $0.17 ($0.17172813252213273)

Claim Reward: 8 Claim(s) (WEI): 0.000460727077466224 WETH (460727077466224 wei)
Claim Reward: 8 Claim(s) (USD): $1.43 ($1.4253120595375492)

Next Claim Reward: 9 Claim(s) (WEI): 0.000518011142050701 WETH (518011142050701 wei)
Next Claim Reward: 9 Claim(s) (USD): $1.6 ($1.602526883811837)

Net profit = (Gross Profit - Gas Cost [Avg])
$1.43 = ($1.6 - $0.17) $1.4307987512897042 = ($1.602526883811837 - $0.17172813252213273)


******************
5c. Profit/Loss (USD):

Net profit = (Gross Profit - Gas Cost [Max])
$1.43 = ($1.6 - $0.17) $1.4307987512897042 = ($1.602526883811837 - $0.17172813252213273)

Submitting transaction to claim 9 prize(s):

0x7fad91a4a29109303188d8758f1a9d60ce988349-0xf76EB31Bae3D6F5Eaa7f760e63886569bA414790-3-50
0x7fad91a4a29109303188d8758f1a9d60ce988349-0x90aED9c54Adf3789181E0F023DB59C7bCe42980A-3-29
0x7fad91a4a29109303188d8758f1a9d60ce988349-0x6A8Cdc1c147a2e6656F195f10AD8FC1276a698AC-3-11
0x7fad91a4a29109303188d8758f1a9d60ce988349-0xAFa96aac9d03Da7bc390779Ad7F1f92bfC1a8064-3-31
0x7fad91a4a29109303188d8758f1a9d60ce988349-0x4B7D7dea8C7791dC021D0bA5DDd73adE0e650C83-3-3
0x7fad91a4a29109303188d8758f1a9d60ce988349-0x9b9788057A42e5a2df58Ac669Ba41219F023E74D-3-52
0x7fad91a4a29109303188d8758f1a9d60ce988349-0xF0945bc1c6c71fb77de14D6dc95f3B8F2d9e8b20-3-17
0x7fad91a4a29109303188d8758f1a9d60ce988349-0x56cc9Dc330E7Cfa606d4698bccD46878dee182fd-3-46
0x7fad91a4a29109303188d8758f1a9d60ce988349-0x5d592abe2D0A52d9F61f60A448Bff37B058Ec5D0-3-55



Execute Claim Transaction for Tier #3



Transaction sent! ✔
Transaction hash: 0x145704515e3cb750dd38997acf46312fd1ca4c1a8c3579a7e7074867735edc4b
Waiting on transaction to be confirmed ...
Tx confirmed !




******************
Processing:
Vault:     0x33335296c9b020ca3252e4953c11decfdce816b8
Tier:      #4
# prizes:  105

5a. Calculating # of profitable claims ...

Native (Gas) Token ETH Market Rate (USD): $3091.87

Estimated gas limit (wei) (1 prize claim): 0.000000000000237084 ETH (237084 wei)
Estimated gas limit (wei) (2 prize claims): 0.000000000000344347 ETH (344347 wei)

Gas Cost: First Claim (wei): 0.000000000000237084 ETH (237084 wei)
Gas Cost: Each Following Claim (wei): 0.000000000000107263 ETH (107263 wei)

Gas Cost: First Claim (USD): $0.02 $0.016274472764471585
Gas Cost: Each Following Claim (USD): $0.02 $0.019421213724556345

5b. 1 Claim(s):

Total gas cost: 1 Claim(s) (USD): $0.02 ($0.016274472764471585)

Next Claim Reward: 1 Claim(s) (WEI): 0.000057623473442412 WETH (57623473442412 wei)
Next Claim Reward: 1 Claim(s) (USD): $0.18 ($0.17826482450650535)

Net profit = (Gross Profit - Gas Cost [Avg])
$0.16 = ($0.18 - $0.02) $0.16199035174203377 = ($0.17826482450650535 - $0.016274472764471585)


5b. 2 Claim(s):

Total gas cost: 2 Claim(s) (USD): $0.04 ($0.035695686489027934)

Claim Reward: 1 Claim(s) (WEI): 0.000057623473442412 WETH (57623473442412 wei)
Claim Reward: 1 Claim(s) (USD): $0.18 ($0.17826482450650535)

Next Claim Reward: 2 Claim(s) (WEI): 0.00011517863151303 WETH (115178631513030 wei)
Next Claim Reward: 2 Claim(s) (USD): $0.36 ($0.3563183075745928)

Net profit = (Gross Profit - Gas Cost [Avg])
$0.32 = ($0.36 - $0.04) $0.3206226210855649 = ($0.3563183075745928 - $0.035695686489027934)


5b. 3 Claim(s):

Total gas cost: 3 Claim(s) (USD): $0.06 ($0.05511690021358427)

Claim Reward: 2 Claim(s) (WEI): 0.00011517863151303 WETH (115178631513030 wei)
Claim Reward: 2 Claim(s) (USD): $0.36 ($0.3563183075745928)

Next Claim Reward: 3 Claim(s) (WEI): 0.00017266555520298 WETH (172665555202980 wei)
Next Claim Reward: 3 Claim(s) (USD): $0.53 ($0.5341606997596005)

Net profit = (Gross Profit - Gas Cost [Avg])
$0.48 = ($0.53 - $0.06) $0.47904379954601617 = ($0.5341606997596005 - $0.05511690021358427)


5b. 4 Claim(s):

Total gas cost: 4 Claim(s) (USD): $0.07 ($0.07453811393814062)

Claim Reward: 3 Claim(s) (WEI): 0.00017266555520298 WETH (172665555202980 wei)
Claim Reward: 3 Claim(s) (USD): $0.53 ($0.5341606997596005)

Next Claim Reward: 4 Claim(s) (WEI): 0.000230084325407372 WETH (230084325407372 wei)
Next Claim Reward: 4 Claim(s) (USD): $0.71 ($0.7117922513198295)

Net profit = (Gross Profit - Gas Cost [Avg])
$0.64 = ($0.71 - $0.07) $0.6372541373816889 = ($0.7117922513198295 - $0.07453811393814062)


5b. 5 Claim(s):

Total gas cost: 5 Claim(s) (USD): $0.09 ($0.09395932766269696)

Claim Reward: 4 Claim(s) (WEI): 0.000230084325407372 WETH (230084325407372 wei)
Claim Reward: 4 Claim(s) (USD): $0.71 ($0.7117922513198295)

Next Claim Reward: 5 Claim(s) (WEI): 0.000287435022925405 WETH (287435022925405 wei)
Next Claim Reward: 5 Claim(s) (USD): $0.89 ($0.88921321221687)

Net profit = (Gross Profit - Gas Cost [Avg])
$0.8 = ($0.89 - $0.09) $0.795253884554173 = ($0.88921321221687 - $0.09395932766269696)


5b. 6 Claim(s):

Total gas cost: 6 Claim(s) (USD): $0.11 ($0.11338054138725331)

Claim Reward: 5 Claim(s) (WEI): 0.000287435022925405 WETH (287435022925405 wei)
Claim Reward: 5 Claim(s) (USD): $0.89 ($0.88921321221687)

Next Claim Reward: 6 Claim(s) (WEI): 0.000344717728460496 WETH (344717728460496 wei)
Next Claim Reward: 6 Claim(s) (USD): $1.07 ($1.066423832115999)

Net profit = (Gross Profit - Gas Cost [Avg])
$0.95 = ($1.07 - $0.11) $0.9530432907287456 = ($1.066423832115999 - $0.11338054138725331)


5b. 7 Claim(s):

Total gas cost: 7 Claim(s) (USD): $0.13 ($0.13280175511180967)

Claim Reward: 6 Claim(s) (WEI): 0.000344717728460496 WETH (344717728460496 wei)
Claim Reward: 6 Claim(s) (USD): $1.07 ($1.066423832115999)

Next Claim Reward: 7 Claim(s) (WEI): 0.00040193252262037 WETH (401932522620370 wei)
Next Claim Reward: 7 Claim(s) (USD): $1.24 ($1.2434243603864592)

Net profit = (Gross Profit - Gas Cost [Avg])
$1.11 = ($1.24 - $0.13) $1.1106226052746495 = ($1.2434243603864592 - $0.13280175511180967)


5b. 8 Claim(s):

Total gas cost: 8 Claim(s) (USD): $0.15 ($0.152222968836366)

Claim Reward: 7 Claim(s) (WEI): 0.00040193252262037 WETH (401932522620370 wei)
Claim Reward: 7 Claim(s) (USD): $1.24 ($1.2434243603864592)

Next Claim Reward: 8 Claim(s) (WEI): 0.000459079485917208 WETH (459079485917208 wei)
Next Claim Reward: 8 Claim(s) (USD): $1.42 ($1.4202150461019176)

Net profit = (Gross Profit - Gas Cost [Avg])
$1.27 = ($1.42 - $0.15) $1.2679920772655517 = ($1.4202150461019176 - $0.152222968836366)


5b. 9 Claim(s):

Total gas cost: 9 Claim(s) (USD): $0.17 ($0.17164418256092234)

Claim Reward: 8 Claim(s) (WEI): 0.000459079485917208 WETH (459079485917208 wei)
Claim Reward: 8 Claim(s) (USD): $1.42 ($1.4202150461019176)

Next Claim Reward: 9 Claim(s) (WEI): 0.000516158698767714 WETH (516158698767714 wei)
Next Claim Reward: 9 Claim(s) (USD): $1.6 ($1.5967961380406719)

Net profit = (Gross Profit - Gas Cost [Avg])
$1.43 = ($1.6 - $0.17) $1.4251519554797496 = ($1.5967961380406719 - $0.17164418256092234)


5b. 10 Claim(s):

Total gas cost: 10 Claim(s) (USD): $0.19 ($0.1910653962854787)

Claim Reward: 9 Claim(s) (WEI): 0.000516158698767714 WETH (516158698767714 wei)
Claim Reward: 9 Claim(s) (USD): $1.6 ($1.5967961380406719)

Next Claim Reward: 10 Claim(s) (WEI): 0.00057317024149328 WETH (573170241493280 wei)
Next Claim Reward: 10 Claim(s) (USD): $1.77 ($1.7731678846861612)

Net profit = (Gross Profit - Gas Cost [Avg])
$1.58 = ($1.77 - $0.19) $1.5821024884006825 = ($1.7731678846861612 - $0.1910653962854787)


5b. 11 Claim(s):

Total gas cost: 11 Claim(s) (USD): $0.21 ($0.21048661001003505)

Claim Reward: 10 Claim(s) (WEI): 0.00057317024149328 WETH (573170241493280 wei)
Claim Reward: 10 Claim(s) (USD): $1.77 ($1.7731678846861612)

Next Claim Reward: 11 Claim(s) (WEI): 0.000630114194320061 WETH (630114194320061 wei)
Next Claim Reward: 11 Claim(s) (USD): $1.95 ($1.9493305342271972)

Net profit = (Gross Profit - Gas Cost [Avg])
$1.74 = ($1.95 - $0.21) $1.738843924217162 = ($1.9493305342271972 - $0.21048661001003505)


5b. 12 Claim(s):

Total gas cost: 12 Claim(s) (USD): $0.23 ($0.22990782373459137)

Claim Reward: 11 Claim(s) (WEI): 0.000630114194320061 WETH (630114194320061 wei)
Claim Reward: 11 Claim(s) (USD): $1.95 ($1.9493305342271972)

Next Claim Reward: 12 Claim(s) (WEI): 0.000686990637379092 WETH (686990637379092 wei)
Next Claim Reward: 12 Claim(s) (USD): $2.13 ($2.1252843345583283)

Net profit = (Gross Profit - Gas Cost [Avg])
$1.9 = ($2.13 - $0.23) $1.895376510823737 = ($2.1252843345583283 - $0.22990782373459137)


5b. 13 Claim(s):

Total gas cost: 13 Claim(s) (USD): $0.25 ($0.24932903745914772)

Claim Reward: 12 Claim(s) (WEI): 0.000686990637379092 WETH (686990637379092 wei)
Claim Reward: 12 Claim(s) (USD): $2.13 ($2.1252843345583283)

Next Claim Reward: 13 Claim(s) (WEI): 0.000743799650706424 WETH (743799650706424 wei)
Next Claim Reward: 13 Claim(s) (USD): $2.3 ($2.301029533280259)

Net profit = (Gross Profit - Gas Cost [Avg])
$2.05 = ($2.3 - $0.25) $2.051700495821111 = ($2.301029533280259 - $0.24932903745914772)


5b. 14 Claim(s):

Total gas cost: 14 Claim(s) (USD): $0.27 ($0.26875025118370405)

Claim Reward: 13 Claim(s) (WEI): 0.000743799650706424 WETH (743799650706424 wei)
Claim Reward: 13 Claim(s) (USD): $2.3 ($2.301029533280259)

Next Claim Reward: 14 Claim(s) (WEI): 0.000800541314243202 WETH (800541314243202 wei)
Next Claim Reward: 14 Claim(s) (USD): $2.48 ($2.476566377700089)

Net profit = (Gross Profit - Gas Cost [Avg])
$2.21 = ($2.48 - $0.27) $2.207816126516385 = ($2.476566377700089 - $0.26875025118370405)


5b. 15 Claim(s):

Total gas cost: 15 Claim(s) (USD): $0.29 ($0.2881714649082604)

Claim Reward: 14 Claim(s) (WEI): 0.000800541314243202 WETH (800541314243202 wei)
Claim Reward: 14 Claim(s) (USD): $2.48 ($2.476566377700089)

Next Claim Reward: 15 Claim(s) (WEI): 0.00085721570783583 WETH (857215707835830 wei)
Next Claim Reward: 15 Claim(s) (USD): $2.65 ($2.651895114831829)

Net profit = (Gross Profit - Gas Cost [Avg])
$2.36 = ($2.65 - $0.29) $2.3637236499235685 = ($2.651895114831829 - $0.2881714649082604)


5b. 16 Claim(s):

Total gas cost: 16 Claim(s) (USD): $0.31 ($0.30759267863281675)

Claim Reward: 15 Claim(s) (WEI): 0.00085721570783583 WETH (857215707835830 wei)
Claim Reward: 15 Claim(s) (USD): $2.65 ($2.651895114831829)

Next Claim Reward: 16 Claim(s) (WEI): 0.000913822911236032 WETH (913822911236032 wei)
Next Claim Reward: 16 Claim(s) (USD): $2.83 ($2.8270159913965838)

Net profit = (Gross Profit - Gas Cost [Avg])
$2.52 = ($2.83 - $0.31) $2.519423312763767 = ($2.8270159913965838 - $0.30759267863281675)


5b. 17 Claim(s):

Total gas cost: 17 Claim(s) (USD): $0.33 ($0.3270138923573731)

Claim Reward: 16 Claim(s) (WEI): 0.000913822911236032 WETH (913822911236032 wei)
Claim Reward: 16 Claim(s) (USD): $2.83 ($2.8270159913965838)

Next Claim Reward: 17 Claim(s) (WEI): 0.000970363004100957 WETH (970363004100957 wei)
Next Claim Reward: 17 Claim(s) (USD): $3 ($3.001929253822881)

Net profit = (Gross Profit - Gas Cost [Avg])
$2.67 = ($3 - $0.33) $2.6749153614655077 = ($3.001929253822881 - $0.3270138923573731)


5b. 18 Claim(s):

Total gas cost: 18 Claim(s) (USD): $0.35 ($0.34643510608192946)

Claim Reward: 17 Claim(s) (WEI): 0.000970363004100957 WETH (970363004100957 wei)
Claim Reward: 17 Claim(s) (USD): $3 ($3.001929253822881)

Next Claim Reward: 18 Claim(s) (WEI): 0.001026836065993356 WETH (1026836065993356 wei)
Next Claim Reward: 18 Claim(s) (USD): $3.18 ($3.176635148247216)

Net profit = (Gross Profit - Gas Cost [Avg])
$2.83 = ($3.18 - $0.35) $2.8302000421652864 = ($3.176635148247216 - $0.34643510608192946)


5b. 19 Claim(s):

Total gas cost: 19 Claim(s) (USD): $0.37 ($0.3658563198064858)

Claim Reward: 18 Claim(s) (WEI): 0.001026836065993356 WETH (1026836065993356 wei)
Claim Reward: 18 Claim(s) (USD): $3.18 ($3.176635148247216)

Next Claim Reward: 19 Claim(s) (WEI): 0.00108324217638165 WETH (1083242176381650 wei)
Next Claim Reward: 19 Claim(s) (USD): $3.35 ($3.3511339205142656)

Net profit = (Gross Profit - Gas Cost [Avg])
$2.99 = ($3.35 - $0.37) $2.98527760070778 = ($3.3511339205142656 - $0.3658563198064858)


5b. 20 Claim(s):

Total gas cost: 20 Claim(s) (USD): $0.39 ($0.38527753353104216)

Claim Reward: 19 Claim(s) (WEI): 0.00108324217638165 WETH (1083242176381650 wei)
Claim Reward: 19 Claim(s) (USD): $3.35 ($3.3511339205142656)

Next Claim Reward: 20 Claim(s) (WEI): 0.00113958141464 WETH (1139581414640000 wei)
Next Claim Reward: 20 Claim(s) (USD): $3.53 ($3.5254258161770995)

Net profit = (Gross Profit - Gas Cost [Avg])
$3.14 = ($3.53 - $0.39) $3.140148282646057 = ($3.5254258161770995 - $0.38527753353104216)


5b. 21 Claim(s):

Total gas cost: 21 Claim(s) (USD): $0.4 ($0.4046987472555985)

Claim Reward: 20 Claim(s) (WEI): 0.00113958141464 WETH (1139581414640000 wei)
Claim Reward: 20 Claim(s) (USD): $3.53 ($3.5254258161770995)

Next Claim Reward: 21 Claim(s) (WEI): 0.001195853860048533 WETH (1195853860048533 wei)
Next Claim Reward: 21 Claim(s) (USD): $3.7 ($3.6995110804978846)

Net profit = (Gross Profit - Gas Cost [Avg])
$3.29 = ($3.7 - $0.4) $3.294812333242286 = ($3.6995110804978846 - $0.4046987472555985)


5b. 22 Claim(s):

Total gas cost: 22 Claim(s) (USD): $0.42 ($0.4241199609801548)

Claim Reward: 21 Claim(s) (WEI): 0.001195853860048533 WETH (1195853860048533 wei)
Claim Reward: 21 Claim(s) (USD): $3.7 ($3.6995110804978846)

Next Claim Reward: 22 Claim(s) (WEI): 0.00125205959179334 WETH (1252059591793340 wei)
Next Claim Reward: 22 Claim(s) (USD): $3.87 ($3.873389958447876)

Net profit = (Gross Profit - Gas Cost [Avg])
$3.45 = ($3.87 - $0.42) $3.4492699974677214 = ($3.873389958447876 - $0.4241199609801548)


5b. 23 Claim(s):

Total gas cost: 23 Claim(s) (USD): $0.44 ($0.44354117470471116)

Claim Reward: 22 Claim(s) (WEI): 0.00125205959179334 WETH (1252059591793340 wei)
Claim Reward: 22 Claim(s) (USD): $3.87 ($3.873389958447876)

Next Claim Reward: 23 Claim(s) (WEI): 0.001308198688966668 WETH (1308198688966668 wei)
Next Claim Reward: 23 Claim(s) (USD): $4.05 ($4.047062694708012)

Net profit = (Gross Profit - Gas Cost [Avg])
$3.6 = ($4.05 - $0.44) $3.603521520003301 = ($4.047062694708012 - $0.44354117470471116)


5b. 24 Claim(s):

Total gas cost: 24 Claim(s) (USD): $0.46 ($0.4629623884292675)

Claim Reward: 23 Claim(s) (WEI): 0.001308198688966668 WETH (1308198688966668 wei)
Claim Reward: 23 Claim(s) (USD): $4.05 ($4.047062694708012)

Next Claim Reward: 24 Claim(s) (WEI): 0.00136427123056692 WETH (1364271230566920 wei)
Next Claim Reward: 24 Claim(s) (USD): $4.22 ($4.220529533668913)

Net profit = (Gross Profit - Gas Cost [Avg])
$3.76 = ($4.22 - $0.46) $3.757567145239645 = ($4.220529533668913 - $0.4629623884292675)


5b. 25 Claim(s):

Total gas cost: 25 Claim(s) (USD): $0.48 ($0.48238360215382386)

Claim Reward: 24 Claim(s) (WEI): 0.00136427123056692 WETH (1364271230566920 wei)
Claim Reward: 24 Claim(s) (USD): $4.22 ($4.220529533668913)

Next Claim Reward: 25 Claim(s) (WEI): 0.00142027729549895 WETH (1420277295498950 wei)
Next Claim Reward: 25 Claim(s) (USD): $4.39 ($4.393790719431795)

Net profit = (Gross Profit - Gas Cost [Avg])
$3.91 = ($4.39 - $0.48) $3.9114071172779714 = ($4.393790719431795 - $0.48238360215382386)


5b. 26 Claim(s):

Total gas cost: 26 Claim(s) (USD): $0.5 ($0.5018048158783802)

Claim Reward: 25 Claim(s) (WEI): 0.00142027729549895 WETH (1420277295498950 wei)
Claim Reward: 25 Claim(s) (USD): $4.39 ($4.393790719431795)

Next Claim Reward: 26 Claim(s) (WEI): 0.001476216962574016 WETH (1476216962574016 wei)
Next Claim Reward: 26 Claim(s) (USD): $4.57 ($4.566846495808326)

Net profit = (Gross Profit - Gas Cost [Avg])
$4.07 = ($4.57 - $0.5) $4.065041679929946 = ($4.566846495808326 - $0.5018048158783802)


5b. 27 Claim(s):

Total gas cost: 27 Claim(s) (USD): $0.52 ($0.5212260296029365)

Claim Reward: 26 Claim(s) (WEI): 0.001476216962574016 WETH (1476216962574016 wei)
Claim Reward: 26 Claim(s) (USD): $4.57 ($4.566846495808326)

Next Claim Reward: 27 Claim(s) (WEI): 0.001532090310509907 WETH (1532090310509907 wei)
Next Claim Reward: 27 Claim(s) (USD): $4.74 ($4.739697106321013)

Net profit = (Gross Profit - Gas Cost [Avg])
$4.22 = ($4.74 - $0.52) $4.218471076718076 = ($4.739697106321013 - $0.5212260296029365)


5b. 28 Claim(s):

Total gas cost: 28 Claim(s) (USD): $0.54 ($0.5406472433274929)

Claim Reward: 27 Claim(s) (WEI): 0.001532090310509907 WETH (1532090310509907 wei)
Claim Reward: 27 Claim(s) (USD): $4.74 ($4.739697106321013)

Next Claim Reward: 28 Claim(s) (WEI): 0.001587897417931104 WETH (1587897417931104 wei)
Next Claim Reward: 28 Claim(s) (USD): $4.91 ($4.912342794203707)

Net profit = (Gross Profit - Gas Cost [Avg])
$4.37 = ($4.91 - $0.54) $4.371695550876214 = ($4.912342794203707 - $0.5406472433274929)


5b. 29 Claim(s):

Total gas cost: 29 Claim(s) (USD): $0.56 ($0.5600684570520492)

Claim Reward: 28 Claim(s) (WEI): 0.001587897417931104 WETH (1587897417931104 wei)
Claim Reward: 28 Claim(s) (USD): $4.91 ($4.912342794203707)

Next Claim Reward: 29 Claim(s) (WEI): 0.001643638363368953 WETH (1643638363368953 wei)
Next Claim Reward: 29 Claim(s) (USD): $5.08 ($5.084783802402135)

Net profit = (Gross Profit - Gas Cost [Avg])
$4.52 = ($5.08 - $0.56) $4.524715345350086 = ($5.084783802402135 - $0.5600684570520492)


5b. 30 Claim(s):

Total gas cost: 30 Claim(s) (USD): $0.58 ($0.5794896707766056)

Claim Reward: 29 Claim(s) (WEI): 0.001643638363368953 WETH (1643638363368953 wei)
Claim Reward: 29 Claim(s) (USD): $5.08 ($5.084783802402135)

Next Claim Reward: 30 Claim(s) (WEI): 0.00169931322526161 WETH (1699313225261610 wei)
Next Claim Reward: 30 Claim(s) (USD): $5.26 ($5.257020373573728)

Net profit = (Gross Profit - Gas Cost [Avg])
$4.68 = ($5.26 - $0.58) $4.677530702797123 = ($5.257020373573728 - $0.5794896707766056)

******************
5c. Profit/Loss (USD):

Net profit = (Gross Profit - Gas Cost [Max])
$4.51 = ($5.08 - $0.58) $4.505294131625529 = ($5.084783802402135 - $0.5794896707766056)

Submitting transaction to claim 29 prize(s):

0x33335296c9b020ca3252e4953c11decfdce816b8-0x5149B2FB50bD2F0207FA6809023A569806bbAfa4-4-204
0x33335296c9b020ca3252e4953c11decfdce816b8-0xddb2F8C03C985676A03a029EA89A866795FF50b2-4-186
0x33335296c9b020ca3252e4953c11decfdce816b8-0x8B624F9132c83E2899C1F036a449192625A3b974-4-157
0x33335296c9b020ca3252e4953c11decfdce816b8-0x091F039b4cAe3e3C49E234B130220870Beb961dC-4-122
0x33335296c9b020ca3252e4953c11decfdce816b8-0xb449D4723Db404e2d838B0371056B48536a1F4e2-4-250
0x33335296c9b020ca3252e4953c11decfdce816b8-0xAab658B36Acf5e7D4fa2244B5a535F67Ed3A6670-4-136
0x33335296c9b020ca3252e4953c11decfdce816b8-0x30794e93502138AB9bc8eEc436C1b8A33518acBD-4-252
0x33335296c9b020ca3252e4953c11decfdce816b8-0x0913bD6c6871D92Bad1D01F885c0ab0999485694-4-165
0x33335296c9b020ca3252e4953c11decfdce816b8-0xE77Cba0a4f8629E67cBb0B83008A894830e943bf-4-182
0x33335296c9b020ca3252e4953c11decfdce816b8-0x00c8E3d348C522695190a847F64a7a563Dc57a28-4-192
0x33335296c9b020ca3252e4953c11decfdce816b8-0x329135a6dD3f4a90Ea9CcAB659b69331C2581C86-4-55
0x33335296c9b020ca3252e4953c11decfdce816b8-0x562Aef76c7E32Db7Cda24Ce4F3D6CB0A18595D9D-4-117
0x33335296c9b020ca3252e4953c11decfdce816b8-0x8ff52E10Af596E8bBEb2C33f12bf82654C082682-4-66
0x33335296c9b020ca3252e4953c11decfdce816b8-0x295783DF530C34fd02031cf1928fe4e468783Bf3-4-247
0x33335296c9b020ca3252e4953c11decfdce816b8-0x0Ef512D52F3A5E1B9db02f5C40203247e3cF807c-4-244
0x33335296c9b020ca3252e4953c11decfdce816b8-0xa1ad0A3ccFA4d6B6F750FD9Be9DF27ca73d4bC1A-4-103
0x33335296c9b020ca3252e4953c11decfdce816b8-0x93d1a2132855E2e8C16AAAf64E7bfec0E43A6754-4-102
0x33335296c9b020ca3252e4953c11decfdce816b8-0x93d1a2132855E2e8C16AAAf64E7bfec0E43A6754-4-242
0x33335296c9b020ca3252e4953c11decfdce816b8-0xD874969ba9133f112AEdDc49b69865B418183206-4-245
0x33335296c9b020ca3252e4953c11decfdce816b8-0x6dE2b5CeB3d0c16A50E56011F4D82d7Fb888266D-4-73
0x33335296c9b020ca3252e4953c11decfdce816b8-0xC23Edad03eD4eeC01b4F613349e50F247A3aFC6D-4-166
0x33335296c9b020ca3252e4953c11decfdce816b8-0x4F5462Df122d085f311118BFb967586B29DDeC34-4-239
0x33335296c9b020ca3252e4953c11decfdce816b8-0xA9236dCAC4CEceE5eAffB07972D9cC5a319452A4-4-50
0x33335296c9b020ca3252e4953c11decfdce816b8-0x0DD75203Fa7Ac397A7A8976421Cc6ad889F4E578-4-74
0x33335296c9b020ca3252e4953c11decfdce816b8-0x3F6F6b8C4151c9dAc57c19536e2Da2C2Dcc88791-4-68
0x33335296c9b020ca3252e4953c11decfdce816b8-0x3A30C865110b7ab2fC520701c904949752B76021-4-93
0x33335296c9b020ca3252e4953c11decfdce816b8-0x3b485D19dFcFb9D23b337008b497696B37210ebe-4-229
0x33335296c9b020ca3252e4953c11decfdce816b8-0x89FD50aA51e7d506B22Ab22267302A46fbEbBBE3-4-234
0x33335296c9b020ca3252e4953c11decfdce816b8-0x374254E4c4eBFC0C88A9973572da6EE5BCFEe1D4-4-155



Execute Claim Transaction for Tier #4



Transaction sent! ✔
Transaction hash: 0x97d42309b5fb315918db5c10075d7ce9c546b7c78261add175791f221dd801ad
Waiting on transaction to be confirmed ...
Tx confirmed !




******************
Processing:
Vault:     0x75b2f4b3ec5adf7077f928992524cc547e74f768
Tier:      #4
# prizes:  12

5a. Calculating # of profitable claims ...

Native (Gas) Token ETH Market Rate (USD): $3091.87

Estimated gas limit (wei) (1 prize claim): 0.000000000000221047 ETH (221047 wei)
Estimated gas limit (wei) (2 prize claims): 0.000000000000322846 ETH (322846 wei)

Gas Cost: First Claim (wei): 0.000000000000221047 ETH (221047 wei)
Gas Cost: Each Following Claim (wei): 0.000000000000101799 ETH (101799 wei)

Gas Cost: First Claim (USD): $0.02 $0.01622487595003315
Gas Cost: Each Following Claim (USD): $0.02 $0.019404315489593968

5b. 1 Claim(s):

Total gas cost: 1 Claim(s) (USD): $0.02 ($0.01622487595003315)

Next Claim Reward: 1 Claim(s) (WEI): 0.000056270442846933 WETH (56270442846933 wei)
Next Claim Reward: 1 Claim(s) (USD): $0.17 ($0.17407906916678179)

Net profit = (Gross Profit - Gas Cost [Avg])
$0.16 = ($0.17 - $0.02) $0.15785419321674865 = ($0.17407906916678179 - $0.01622487595003315)


5b. 2 Claim(s):

Total gas cost: 2 Claim(s) (USD): $0.04 ($0.03562919143962712)

Claim Reward: 1 Claim(s) (WEI): 0.000056270442846933 WETH (56270442846933 wei)
Claim Reward: 1 Claim(s) (USD): $0.17 ($0.17407906916678179)

Next Claim Reward: 2 Claim(s) (WEI): 0.000112474174404274 WETH (112474174404274 wei)
Next Claim Reward: 2 Claim(s) (USD): $0.35 ($0.34795175930742583)

Net profit = (Gross Profit - Gas Cost [Avg])
$0.31 = ($0.35 - $0.04) $0.3123225678677987 = ($0.34795175930742583 - $0.03562919143962712)


5b. 3 Claim(s):

Total gas cost: 3 Claim(s) (USD): $0.06 ($0.055033506929221085)

Claim Reward: 2 Claim(s) (WEI): 0.000112474174404274 WETH (112474174404274 wei)
Claim Reward: 2 Claim(s) (USD): $0.35 ($0.34795175930742583)

Next Claim Reward: 3 Claim(s) (WEI): 0.000168611273761434 WETH (168611273761434 wei)
Next Claim Reward: 3 Claim(s) (USD): $0.52 ($0.5216183150940965)

Net profit = (Gross Profit - Gas Cost [Avg])
$0.47 = ($0.52 - $0.06) $0.4665848081648754 = ($0.5216183150940965 - $0.055033506929221085)


5b. 4 Claim(s):

Total gas cost: 4 Claim(s) (USD): $0.07 ($0.07443782241881505)

Claim Reward: 3 Claim(s) (WEI): 0.000168611273761434 WETH (168611273761434 wei)
Claim Reward: 3 Claim(s) (USD): $0.52 ($0.5216183150940965)

Next Claim Reward: 4 Claim(s) (WEI): 0.00022468181991406 WETH (224681819914060 wei)
Next Claim Reward: 4 Claim(s) (USD): $0.7 ($0.6950789809088888)

Net profit = (Gross Profit - Gas Cost [Avg])
$0.62 = ($0.7 - $0.07) $0.6206411584900737 = ($0.6950789809088888 - $0.07443782241881505)


5b. 5 Claim(s):

Total gas cost: 5 Claim(s) (USD): $0.09 ($0.09384213790840902)

Claim Reward: 4 Claim(s) (WEI): 0.00022468181991406 WETH (224681819914060 wei)
Claim Reward: 4 Claim(s) (USD): $0.7 ($0.6950789809088888)

Next Claim Reward: 5 Claim(s) (WEI): 0.000280685891764145 WETH (280685891764145 wei)
Next Claim Reward: 5 Claim(s) (USD): $0.87 ($0.8683340008441679)

Net profit = (Gross Profit - Gas Cost [Avg])
$0.77 = ($0.87 - $0.09) $0.7744918629357589 = ($0.8683340008441679 - $0.09384213790840902)


5b. 6 Claim(s):

Total gas cost: 6 Claim(s) (USD): $0.11 ($0.11324645339800299)

Claim Reward: 5 Claim(s) (WEI): 0.000280685891764145 WETH (280685891764145 wei)
Claim Reward: 5 Claim(s) (USD): $0.87 ($0.8683340008441679)

Next Claim Reward: 6 Claim(s) (WEI): 0.000336623568120144 WETH (336623568120144 wei)
Next Claim Reward: 6 Claim(s) (USD): $1.04 ($1.0413836187029288)

Net profit = (Gross Profit - Gas Cost [Avg])
$0.93 = ($1.04 - $0.11) $0.9281371653049258 = ($1.0413836187029288 - $0.11324645339800299)


5b. 7 Claim(s):

Total gas cost: 7 Claim(s) (USD): $0.13 ($0.13265076888759697)

Claim Reward: 6 Claim(s) (WEI): 0.000336623568120144 WETH (336623568120144 wei)
Claim Reward: 6 Claim(s) (USD): $1.04 ($1.0413836187029288)

Next Claim Reward: 7 Claim(s) (WEI): 0.000392494927697068 WETH (392494927697068 wei)
Next Claim Reward: 7 Claim(s) (USD): $1.21 ($1.2142280779990868)

Net profit = (Gross Profit - Gas Cost [Avg])
$1.08 = ($1.21 - $0.13) $1.08157730911149 = ($1.2142280779990868 - $0.13265076888759697)


5b. 8 Claim(s):

Total gas cost: 8 Claim(s) (USD): $0.15 ($0.1520550843771909)

Claim Reward: 7 Claim(s) (WEI): 0.000392494927697068 WETH (392494927697068 wei)
Claim Reward: 7 Claim(s) (USD): $1.21 ($1.2142280779990868)

Next Claim Reward: 8 Claim(s) (WEI): 0.000448300049116624 WETH (448300049116624 wei)
Next Claim Reward: 8 Claim(s) (USD): $1.39 ($1.3868676219579101)

Net profit = (Gross Profit - Gas Cost [Avg])
$1.23 = ($1.39 - $0.15) $1.2348125375807193 = ($1.3868676219579101 - $0.1520550843771909)


5b. 9 Claim(s):

Total gas cost: 9 Claim(s) (USD): $0.17 ($0.17145939986678488)

Claim Reward: 8 Claim(s) (WEI): 0.000448300049116624 WETH (448300049116624 wei)
Claim Reward: 8 Claim(s) (USD): $1.39 ($1.3868676219579101)

Next Claim Reward: 9 Claim(s) (WEI): 0.000504039010907295 WETH (504039010907295 wei)
Next Claim Reward: 9 Claim(s) (USD): $1.56 ($1.5593024935162683)

Net profit = (Gross Profit - Gas Cost [Avg])
$1.39 = ($1.56 - $0.17) $1.3878430936494834 = ($1.5593024935162683 - $0.17145939986678488)


5b. 10 Claim(s):

Total gas cost: 10 Claim(s) (USD): $0.19 ($0.19086371535637886)

Claim Reward: 9 Claim(s) (WEI): 0.000504039010907295 WETH (504039010907295 wei)
Claim Reward: 9 Claim(s) (USD): $1.56 ($1.5593024935162683)

Next Claim Reward: 10 Claim(s) (WEI): 0.00055971189150448 WETH (559711891504480 wei)
Next Claim Reward: 10 Claim(s) (USD): $1.73 ($1.7315329353230644)

Net profit = (Gross Profit - Gas Cost [Avg])
$1.54 = ($1.73 - $0.19) $1.5406692199666856 = ($1.7315329353230644 - $0.19086371535637886)


5b. 11 Claim(s):

Total gas cost: 11 Claim(s) (USD): $0.21 ($0.21026803084597284)

Claim Reward: 10 Claim(s) (WEI): 0.00055971189150448 WETH (559711891504480 wei)
Claim Reward: 10 Claim(s) (USD): $1.73 ($1.7315329353230644)

Next Claim Reward: 11 Claim(s) (WEI): 0.000615318769250581 WETH (615318769250581 wei)
Next Claim Reward: 11 Claim(s) (USD): $1.9 ($1.9035591897395054)

Net profit = (Gross Profit - Gas Cost [Avg])
$1.69 = ($1.9 - $0.21) $1.6932911588935327 = ($1.9035591897395054 - $0.21026803084597284)


5b. 12 Claim(s):

Total gas cost: 12 Claim(s) (USD): $0.23 ($0.22967234633556677)

Claim Reward: 11 Claim(s) (WEI): 0.000615318769250581 WETH (615318769250581 wei)
Claim Reward: 11 Claim(s) (USD): $1.9 ($1.9035591897395054)

Next Claim Reward: 12 Claim(s) (WEI): 0.000670859722395108 WETH (670859722395108 wei)
Next Claim Reward: 12 Claim(s) (USD): $2.08 ($2.0753814988394255)

Net profit = (Gross Profit - Gas Cost [Avg])
$1.85 = ($2.08 - $0.23) $1.8457091525038587 = ($2.0753814988394255 - $0.22967234633556677)


******************
5c. Profit/Loss (USD):

Net profit = (Gross Profit - Gas Cost [Max])
$1.85 = ($2.08 - $0.23) $1.8457091525038587 = ($2.0753814988394255 - $0.22967234633556677)

Submitting transaction to claim 12 prize(s):

0x75b2f4b3ec5adf7077f928992524cc547e74f768-0x444a63321F3c90d446023077B6e278ADdA561F1B-4-163
0x75b2f4b3ec5adf7077f928992524cc547e74f768-0x9Fe4B97eF60668d6064B5b9C4B4e6613aFB2D608-4-75
0x75b2f4b3ec5adf7077f928992524cc547e74f768-0x2b3472c27e08C3ce35B7242Fe4ce91587404dF2e-4-149
0x75b2f4b3ec5adf7077f928992524cc547e74f768-0xA9084580b8244a8eCB6bF06CE056373440cbcbe5-4-57
0x75b2f4b3ec5adf7077f928992524cc547e74f768-0x2f6B67f7B670f61603a4858E8030bF22939F7DBB-4-58
0x75b2f4b3ec5adf7077f928992524cc547e74f768-0x4723a34888630c93016722558daa161aa56e9B4f-4-132
0x75b2f4b3ec5adf7077f928992524cc547e74f768-0x15E9Bc2BEBcCF1FFB4b955655A7666F509e66DBE-4-71
0x75b2f4b3ec5adf7077f928992524cc547e74f768-0xaE34FCBb86dbEABaDAc41BfBF7d599dCEEb3f650-4-189
0x75b2f4b3ec5adf7077f928992524cc547e74f768-0xd2785e6e2bc8Aa22BE48B1491D616159f5139c32-4-212
0x75b2f4b3ec5adf7077f928992524cc547e74f768-0x6e830CAa0900633Ab7a8160dA2eF04cddB83EaeB-4-157
0x75b2f4b3ec5adf7077f928992524cc547e74f768-0xD397B3c4550617fE788B9F1c67bFfE69e1C45649-4-206
0x75b2f4b3ec5adf7077f928992524cc547e74f768-0x6F8FcB9F256d48815A4014DdDA32e598903f0a68-4-58



Execute Claim Transaction for Tier #4



Transaction sent! ✔
Transaction hash: 0x05ca2e80c809258a241c0a4e0a81781eb8df080c1a75829e9744d884d2871c45
Waiting on transaction to be confirmed ...
Tx confirmed !




******************
Processing:
Vault:     0x7fad91a4a29109303188d8758f1a9d60ce988349
Tier:      #4
# prizes:  149

5a. Calculating # of profitable claims ...

Native (Gas) Token ETH Market Rate (USD): $3091.87

Estimated gas limit (wei) (1 prize claim): 0.000000000000213601 ETH (213601 wei)
Estimated gas limit (wei) (2 prize claims): 0.000000000000320865 ETH (320865 wei)

Gas Cost: First Claim (wei): 0.000000000000213601 ETH (213601 wei)
Gas Cost: Each Following Claim (wei): 0.000000000000107264 ETH (107264 wei)

Gas Cost: First Claim (USD): $0.02 $0.015684842023493562
Gas Cost: Each Following Claim (USD): $0.02 $0.01878617284278615

5b. 1 Claim(s):

Total gas cost: 1 Claim(s) (USD): $0.02 ($0.015684842023493562)

Next Claim Reward: 1 Claim(s) (WEI): 0.000055870034043596 WETH (55870034043596 wei)
Next Claim Reward: 1 Claim(s) (USD): $0.17 ($0.17284035860676902)

Net profit = (Gross Profit - Gas Cost [Avg])
$0.16 = ($0.17 - $0.02) $0.15715551658327545 = ($0.17284035860676902 - $0.015684842023493562)


5b. 2 Claim(s):

Total gas cost: 2 Claim(s) (USD): $0.03 ($0.03447101486627971)

Claim Reward: 1 Claim(s) (WEI): 0.000055870034043596 WETH (55870034043596 wei)
Claim Reward: 1 Claim(s) (USD): $0.17 ($0.17284035860676902)

Next Claim Reward: 2 Claim(s) (WEI): 0.000111673831501304 WETH (111673831501304 wei)
Next Claim Reward: 2 Claim(s) (USD): $0.35 ($0.34547580673775713)

Net profit = (Gross Profit - Gas Cost [Avg])
$0.31 = ($0.35 - $0.03) $0.31100479187147745 = ($0.34547580673775713 - $0.03447101486627971)


5b. 3 Claim(s):

Total gas cost: 3 Claim(s) (USD): $0.05 ($0.05325718770906586)

Claim Reward: 2 Claim(s) (WEI): 0.000111673831501304 WETH (111673831501304 wei)
Claim Reward: 2 Claim(s) (USD): $0.35 ($0.34547580673775713)

Next Claim Reward: 3 Claim(s) (WEI): 0.000167411470899753 WETH (167411470899753 wei)
Next Claim Reward: 3 Claim(s) (USD): $0.52 ($0.5179065873240981)

Net profit = (Gross Profit - Gas Cost [Avg])
$0.46 = ($0.52 - $0.05) $0.46464939961503227 = ($0.5179065873240981 - $0.05325718770906586)


5b. 4 Claim(s):

Total gas cost: 4 Claim(s) (USD): $0.07 ($0.07204336055185201)

Claim Reward: 3 Claim(s) (WEI): 0.000167411470899753 WETH (167411470899753 wei)
Claim Reward: 3 Claim(s) (USD): $0.52 ($0.5179065873240981)

Next Claim Reward: 4 Claim(s) (WEI): 0.000223083030672468 WETH (223083030672468 wei)
Next Claim Reward: 4 Claim(s) (USD): $0.69 ($0.6901329430088978)

Net profit = (Gross Profit - Gas Cost [Avg])
$0.62 = ($0.69 - $0.07) $0.6180895824570458 = ($0.6901329430088978 - $0.07204336055185201)


5b. 5 Claim(s):

Total gas cost: 5 Claim(s) (USD): $0.09 ($0.09082953339463816)

Claim Reward: 4 Claim(s) (WEI): 0.000223083030672468 WETH (223083030672468 wei)
Claim Reward: 4 Claim(s) (USD): $0.69 ($0.6901329430088978)

Next Claim Reward: 5 Claim(s) (WEI): 0.000278688589159995 WETH (278688589159995 wei)
Next Claim Reward: 5 Claim(s) (USD): $0.86 ($0.8621551161476213)

Net profit = (Gross Profit - Gas Cost [Avg])
$0.77 = ($0.86 - $0.09) $0.7713255827529831 = ($0.8621551161476213 - $0.09082953339463816)


5b. 6 Claim(s):

Total gas cost: 6 Claim(s) (USD): $0.11 ($0.10961570623742431)

Claim Reward: 5 Claim(s) (WEI): 0.000278688589159995 WETH (278688589159995 wei)
Claim Reward: 5 Claim(s) (USD): $0.86 ($0.8621551161476213)

Next Claim Reward: 6 Claim(s) (WEI): 0.000334228224610002 WETH (334228224610002 wei)
Next Claim Reward: 6 Claim(s) (USD): $1.03 ($1.033973348808404)

Net profit = (Gross Profit - Gas Cost [Avg])
$0.92 = ($1.03 - $0.11) $0.9243576425709796 = ($1.033973348808404 - $0.10961570623742431)


5b. 7 Claim(s):

Total gas cost: 7 Claim(s) (USD): $0.13 ($0.12840187908021047)

Claim Reward: 6 Claim(s) (WEI): 0.000334228224610002 WETH (334228224610002 wei)
Claim Reward: 6 Claim(s) (USD): $1.03 ($1.033973348808404)

Next Claim Reward: 7 Claim(s) (WEI): 0.000389702015177391 WETH (389702015177391 wei)
Next Claim Reward: 7 Claim(s) (USD): $1.21 ($1.2055878827723998)

Net profit = (Gross Profit - Gas Cost [Avg])
$1.08 = ($1.21 - $0.13) $1.0771860036921894 = ($1.2055878827723998 - $0.12840187908021047)


5b. 8 Claim(s):

Total gas cost: 8 Claim(s) (USD): $0.15 ($0.1471880519229966)

Claim Reward: 7 Claim(s) (WEI): 0.000389702015177391 WETH (389702015177391 wei)
Claim Reward: 7 Claim(s) (USD): $1.21 ($1.2055878827723998)

Next Claim Reward: 8 Claim(s) (WEI): 0.0004451100389244 WETH (445110038924400 wei)
Next Claim Reward: 8 Claim(s) (USD): $1.38 ($1.3769989595340961)

Net profit = (Gross Profit - Gas Cost [Avg])
$1.23 = ($1.38 - $0.15) $1.2298109076110995 = ($1.3769989595340961 - $0.1471880519229966)


5b. 9 Claim(s):

Total gas cost: 9 Claim(s) (USD): $0.17 ($0.16597422476578277)

Claim Reward: 8 Claim(s) (WEI): 0.0004451100389244 WETH (445110038924400 wei)
Claim Reward: 8 Claim(s) (USD): $1.38 ($1.3769989595340961)

Next Claim Reward: 9 Claim(s) (WEI): 0.000500452373820726 WETH (500452373820726 wei)
Next Claim Reward: 9 Claim(s) (USD): $1.55 ($1.548206820301693)

Net profit = (Gross Profit - Gas Cost [Avg])
$1.38 = ($1.55 - $0.17) $1.3822325955359103 = ($1.548206820301693 - $0.16597422476578277)


5b. 10 Claim(s):

Total gas cost: 10 Claim(s) (USD): $0.18 ($0.18476039760856894)

Claim Reward: 9 Claim(s) (WEI): 0.000500452373820726 WETH (500452373820726 wei)
Claim Reward: 9 Claim(s) (USD): $1.55 ($1.548206820301693)

Next Claim Reward: 10 Claim(s) (WEI): 0.00055572909774364 WETH (555729097743640 wei)
Next Claim Reward: 10 Claim(s) (USD): $1.72 ($1.7192117059974616)

Net profit = (Gross Profit - Gas Cost [Avg])
$1.53 = ($1.72 - $0.18) $1.5344513083888927 = ($1.7192117059974616 - $0.18476039760856894)


5b. 11 Claim(s):

Total gas cost: 11 Claim(s) (USD): $0.2 ($0.20354657045135507)

Claim Reward: 10 Claim(s) (WEI): 0.00055572909774364 WETH (555729097743640 wei)
Claim Reward: 10 Claim(s) (USD): $1.72 ($1.7192117059974616)

Next Claim Reward: 11 Claim(s) (WEI): 0.000610940288478058 WETH (610940288478058 wei)
Next Claim Reward: 11 Claim(s) (USD): $1.89 ($1.8900138572579608)

Net profit = (Gross Profit - Gas Cost [Avg])
$1.69 = ($1.89 - $0.2) $1.6864672868066057 = ($1.8900138572579608 - $0.20354657045135507)


5b. 12 Claim(s):

Total gas cost: 12 Claim(s) (USD): $0.22 ($0.2223327432941412)

Claim Reward: 11 Claim(s) (WEI): 0.000610940288478058 WETH (610940288478058 wei)
Claim Reward: 11 Claim(s) (USD): $1.89 ($1.8900138572579608)

Next Claim Reward: 12 Claim(s) (WEI): 0.000666086023716708 WETH (666086023716708 wei)
Next Claim Reward: 12 Claim(s) (USD): $2.06 ($2.0606135144345568)

Net profit = (Gross Profit - Gas Cost [Avg])
$1.84 = ($2.06 - $0.22) $1.8382807711404157 = ($2.0606135144345568 - $0.2223327432941412)


5b. 13 Claim(s):

Total gas cost: 13 Claim(s) (USD): $0.24 ($0.24111891613692737)

Claim Reward: 12 Claim(s) (WEI): 0.000666086023716708 WETH (666086023716708 wei)
Claim Reward: 12 Claim(s) (USD): $2.06 ($2.0606135144345568)

Next Claim Reward: 13 Claim(s) (WEI): 0.000721166381060203 WETH (721166381060203 wei)
Next Claim Reward: 13 Claim(s) (USD): $2.23 ($2.2310109175936454)

Net profit = (Gross Profit - Gas Cost [Avg])
$1.99 = ($2.23 - $0.24) $1.989892001456718 = ($2.2310109175936454 - $0.24111891613692737)


5b. 14 Claim(s):

Total gas cost: 14 Claim(s) (USD): $0.26 ($0.25990508897971354)

Claim Reward: 13 Claim(s) (WEI): 0.000721166381060203 WETH (721166381060203 wei)
Claim Reward: 13 Claim(s) (USD): $2.23 ($2.2310109175936454)

Next Claim Reward: 14 Claim(s) (WEI): 0.000776181438017132 WETH (776181438017132 wei)
Next Claim Reward: 14 Claim(s) (USD): $2.4 ($2.4012063065169387)

Net profit = (Gross Profit - Gas Cost [Avg])
$2.14 = ($2.4 - $0.26) $2.141301217537225 = ($2.4012063065169387 - $0.25990508897971354)


5b. 15 Claim(s):

Total gas cost: 15 Claim(s) (USD): $0.28 ($0.27869126182249965)

Claim Reward: 14 Claim(s) (WEI): 0.000776181438017132 WETH (776181438017132 wei)
Claim Reward: 14 Claim(s) (USD): $2.4 ($2.4012063065169387)

Next Claim Reward: 15 Claim(s) (WEI): 0.000831131272004235 WETH (831131272004235 wei)
Next Claim Reward: 15 Claim(s) (USD): $2.57 ($2.571199920702)

Net profit = (Gross Profit - Gas Cost [Avg])
$2.29 = ($2.57 - $0.28) $2.2925086588795005 = ($2.571199920702 - $0.27869126182249965)


5b. 16 Claim(s):

Total gas cost: 16 Claim(s) (USD): $0.3 ($0.2974774346652858)

Claim Reward: 15 Claim(s) (WEI): 0.000831131272004235 WETH (831131272004235 wei)
Claim Reward: 15 Claim(s) (USD): $2.57 ($2.571199920702)

Next Claim Reward: 16 Claim(s) (WEI): 0.000886015960346432 WETH (886015960346432 wei)
Next Claim Reward: 16 Claim(s) (USD): $2.74 ($2.7409919993623393)

Net profit = (Gross Profit - Gas Cost [Avg])
$2.44 = ($2.74 - $0.3) $2.4435145646970535 = ($2.7409919993623393 - $0.2974774346652858)


5b. 17 Claim(s):

Total gas cost: 17 Claim(s) (USD): $0.32 ($0.316263607508072)

Claim Reward: 16 Claim(s) (WEI): 0.000886015960346432 WETH (886015960346432 wei)
Claim Reward: 16 Claim(s) (USD): $2.74 ($2.7409919993623393)

Next Claim Reward: 17 Claim(s) (WEI): 0.000940835580276986 WETH (940835580276986 wei)
Next Claim Reward: 17 Claim(s) (USD): $2.91 ($2.910582781427914)

Net profit = (Gross Profit - Gas Cost [Avg])
$2.59 = ($2.91 - $0.32) $2.594319173919842 = ($2.910582781427914 - $0.316263607508072)


5b. 18 Claim(s):

Total gas cost: 18 Claim(s) (USD): $0.34 ($0.33504978035085814)

Claim Reward: 17 Claim(s) (WEI): 0.000940835580276986 WETH (940835580276986 wei)
Claim Reward: 17 Claim(s) (USD): $2.91 ($2.910582781427914)

Next Claim Reward: 18 Claim(s) (WEI): 0.000995590208937618 WETH (995590208937618 wei)
Next Claim Reward: 18 Claim(s) (USD): $3.08 ($3.0799725055454865)

Net profit = (Gross Profit - Gas Cost [Avg])
$2.74 = ($3.08 - $0.34) $2.744922725194628 = ($3.0799725055454865 - $0.33504978035085814)


5b. 19 Claim(s):

Total gas cost: 19 Claim(s) (USD): $0.35 ($0.3538359531936443)

Claim Reward: 18 Claim(s) (WEI): 0.000995590208937618 WETH (995590208937618 wei)
Claim Reward: 18 Claim(s) (USD): $3.08 ($3.0799725055454865)

Next Claim Reward: 19 Claim(s) (WEI): 0.001050279923378546 WETH (1050279923378546 wei)
Next Claim Reward: 19 Claim(s) (USD): $3.25 ($3.249161410078744)

Net profit = (Gross Profit - Gas Cost [Avg])
$2.9 = ($3.25 - $0.35) $2.8953254568850997 = ($3.249161410078744 - $0.3538359531936443)


5b. 20 Claim(s):

Total gas cost: 20 Claim(s) (USD): $0.37 ($0.3726221260364304)

Claim Reward: 19 Claim(s) (WEI): 0.001050279923378546 WETH (1050279923378546 wei)
Claim Reward: 19 Claim(s) (USD): $3.25 ($3.249161410078744)

Next Claim Reward: 20 Claim(s) (WEI): 0.00110490480055868 WETH (1104904800558680 wei)
Next Claim Reward: 20 Claim(s) (USD): $3.42 ($3.418149733108901)

Net profit = (Gross Profit - Gas Cost [Avg])
$3.05 = ($3.42 - $0.37) $3.0455276070724704 = ($3.418149733108901 - $0.3726221260364304)


5b. 21 Claim(s):

Total gas cost: 21 Claim(s) (USD): $0.39 ($0.3914082988792166)

Claim Reward: 20 Claim(s) (WEI): 0.00110490480055868 WETH (1104904800558680 wei)
Claim Reward: 20 Claim(s) (USD): $3.42 ($3.418149733108901)

Next Claim Reward: 21 Claim(s) (WEI): 0.0011594649173457 WETH (1159464917345700 wei)
Next Claim Reward: 21 Claim(s) (USD): $3.59 ($3.586937712434943)

Net profit = (Gross Profit - Gas Cost [Avg])
$3.2 = ($3.59 - $0.39) $3.195529413555726 = ($3.586937712434943 - $0.3914082988792166)


5b. 22 Claim(s):

Total gas cost: 22 Claim(s) (USD): $0.41 ($0.41019447172200274)

Claim Reward: 21 Claim(s) (WEI): 0.0011594649173457 WETH (1159464917345700 wei)
Claim Reward: 21 Claim(s) (USD): $3.59 ($3.586937712434943)

Next Claim Reward: 22 Claim(s) (WEI): 0.0012139603505161 WETH (1213960350516100 wei)
Next Claim Reward: 22 Claim(s) (USD): $3.76 ($3.7555255855737593)

Net profit = (Gross Profit - Gas Cost [Avg])
$3.35 = ($3.76 - $0.41) $3.3453311138517563 = ($3.7555255855737593 - $0.41019447172200274)


5b. 23 Claim(s):

Total gas cost: 23 Claim(s) (USD): $0.43 ($0.42898064456478885)

Claim Reward: 22 Claim(s) (WEI): 0.0012139603505161 WETH (1213960350516100 wei)
Claim Reward: 22 Claim(s) (USD): $3.76 ($3.7555255855737593)

Next Claim Reward: 23 Claim(s) (WEI): 0.001268391176755421 WETH (1268391176755421 wei)
Next Claim Reward: 23 Claim(s) (USD): $3.92 ($3.9239135897608692)

Net profit = (Gross Profit - Gas Cost [Avg])
$3.49 = ($3.92 - $0.43) $3.4949329451960804 = ($3.9239135897608692 - $0.42898064456478885)


5b. 24 Claim(s):

Total gas cost: 24 Claim(s) (USD): $0.45 ($0.447766817407575)

Claim Reward: 23 Claim(s) (WEI): 0.001268391176755421 WETH (1268391176755421 wei)
Claim Reward: 23 Claim(s) (USD): $3.92 ($3.9239135897608692)

Next Claim Reward: 24 Claim(s) (WEI): 0.001322757472658232 WETH (1322757472658232 wei)
Next Claim Reward: 24 Claim(s) (USD): $4.09 ($4.0921019619503545)

Net profit = (Gross Profit - Gas Cost [Avg])
$3.64 = ($4.09 - $0.45) $3.6443351445427794 = ($4.0921019619503545 - $0.447766817407575)


5b. 25 Claim(s):

Total gas cost: 25 Claim(s) (USD): $0.47 ($0.4665529902503612)

Claim Reward: 24 Claim(s) (WEI): 0.001322757472658232 WETH (1322757472658232 wei)
Claim Reward: 24 Claim(s) (USD): $4.09 ($4.0921019619503545)

Next Claim Reward: 25 Claim(s) (WEI): 0.001377059314728325 WETH (1377059314728325 wei)
Next Claim Reward: 25 Claim(s) (USD): $4.26 ($4.260090938815472)

Net profit = (Gross Profit - Gas Cost [Avg])
$3.79 = ($4.26 - $0.47) $3.793537948565111 = ($4.260090938815472 - $0.4665529902503612)


5b. 26 Claim(s):

Total gas cost: 26 Claim(s) (USD): $0.49 ($0.48533916309314734)

Claim Reward: 25 Claim(s) (WEI): 0.001377059314728325 WETH (1377059314728325 wei)
Claim Reward: 25 Claim(s) (USD): $4.26 ($4.260090938815472)

Next Claim Reward: 26 Claim(s) (WEI): 0.001431296779378804 WETH (1431296779378804 wei)
Next Claim Reward: 26 Claim(s) (USD): $4.43 ($4.427880756748925)

Net profit = (Gross Profit - Gas Cost [Avg])
$3.94 = ($4.43 - $0.49) $3.9425415936557777 = ($4.427880756748925 - $0.48533916309314734)


5b. 27 Claim(s):

Total gas cost: 27 Claim(s) (USD): $0.5 ($0.5041253359359334)

Claim Reward: 26 Claim(s) (WEI): 0.001431296779378804 WETH (1431296779378804 wei)
Claim Reward: 26 Claim(s) (USD): $4.43 ($4.427880756748925)

Next Claim Reward: 27 Claim(s) (WEI): 0.001485469942932168 WETH (1485469942932168 wei)
Next Claim Reward: 27 Claim(s) (USD): $4.6 ($4.595471651863116)

Net profit = (Gross Profit - Gas Cost [Avg])
$4.09 = ($4.6 - $0.5) $4.091346315927183 = ($4.595471651863116 - $0.5041253359359334)


5b. 28 Claim(s):

Total gas cost: 28 Claim(s) (USD): $0.52 ($0.5229115087787196)

Claim Reward: 27 Claim(s) (WEI): 0.001485469942932168 WETH (1485469942932168 wei)
Claim Reward: 27 Claim(s) (USD): $4.6 ($4.595471651863116)

Next Claim Reward: 28 Claim(s) (WEI): 0.001539578881620388 WETH (1539578881620388 wei)
Next Claim Reward: 28 Claim(s) (USD): $4.76 ($4.762863859990392)

Net profit = (Gross Profit - Gas Cost [Avg])
$4.24 = ($4.76 - $0.52) $4.239952351211673 = ($4.762863859990392 - $0.5229115087787196)


5b. 29 Claim(s):

Total gas cost: 29 Claim(s) (USD): $0.54 ($0.5416976816215057)

Claim Reward: 28 Claim(s) (WEI): 0.001539578881620388 WETH (1539578881620388 wei)
Claim Reward: 28 Claim(s) (USD): $4.76 ($4.762863859990392)

Next Claim Reward: 29 Claim(s) (WEI): 0.001593623671585123 WETH (1593623671585123 wei)
Next Claim Reward: 29 Claim(s) (USD): $4.93 ($4.930057616683709)

Net profit = (Gross Profit - Gas Cost [Avg])
$4.39 = ($4.93 - $0.54) $4.388359935062203 = ($4.930057616683709 - $0.5416976816215057)


5b. 30 Claim(s):

Total gas cost: 30 Claim(s) (USD): $0.56 ($0.5604838544642918)

Claim Reward: 29 Claim(s) (WEI): 0.001593623671585123 WETH (1593623671585123 wei)
Claim Reward: 29 Claim(s) (USD): $4.93 ($4.930057616683709)

Next Claim Reward: 30 Claim(s) (WEI): 0.00164760438887778 WETH (1647604388877780 wei)
Next Claim Reward: 30 Claim(s) (USD): $5.1 ($5.097053157216817)

Net profit = (Gross Profit - Gas Cost [Avg])
$4.54 = ($5.1 - $0.56) $4.536569302752525 = ($5.097053157216817 - $0.5604838544642918)

******************
5c. Profit/Loss (USD):

Net profit = (Gross Profit - Gas Cost [Max])
$4.37 = ($4.93 - $0.56) $4.369573762219417 = ($4.930057616683709 - $0.5604838544642918)

Submitting transaction to claim 29 prize(s):

0x7fad91a4a29109303188d8758f1a9d60ce988349-0x1BB75cEb3A5EF4F9C9c119351Dd925560117f4f6-4-132
0x7fad91a4a29109303188d8758f1a9d60ce988349-0x49593761A24B0d1578f4Fa34FcDfD544F5E6a776-4-78
0x7fad91a4a29109303188d8758f1a9d60ce988349-0x76B12f4F6c777907Ba8068D01F3b10efe35cE207-4-181
0x7fad91a4a29109303188d8758f1a9d60ce988349-0x7C3668dfF158112A68bF64b10eAd4eA95cC012eE-4-55
0x7fad91a4a29109303188d8758f1a9d60ce988349-0xDCCD1A2b9b55C93308C599F4c8210B29fFf4F228-4-11
0x7fad91a4a29109303188d8758f1a9d60ce988349-0xb24dCd8B69B1a4Ad0546F918EFA21f8e0Fd80661-4-64
0x7fad91a4a29109303188d8758f1a9d60ce988349-0xd8FAFA5ebA03Bcb51fa4309c97f40b9EFC0CA5EC-4-84
0x7fad91a4a29109303188d8758f1a9d60ce988349-0xdb76a083432fc40208768C657D7c96C80a7f5f71-4-14
0x7fad91a4a29109303188d8758f1a9d60ce988349-0x1eD675cC7faFaFF72FB5688B267C8bCDCa8A6724-4-191
0x7fad91a4a29109303188d8758f1a9d60ce988349-0xE13aB1cDb1B1ca9618548107bE71b71452488bb2-4-221
0x7fad91a4a29109303188d8758f1a9d60ce988349-0xdE92f3B196Ff98a63FeA038B1d9320868C2C9bd1-4-239
0x7fad91a4a29109303188d8758f1a9d60ce988349-0x38E4fA4b46ae9F302db15cD24c410A13FD588862-4-190
0x7fad91a4a29109303188d8758f1a9d60ce988349-0x474191eb43c2a8bc556cF9238F83193b56CF9215-4-244
0x7fad91a4a29109303188d8758f1a9d60ce988349-0x056723c491667204c5d0179D4f2dd03127160d53-4-253
0x7fad91a4a29109303188d8758f1a9d60ce988349-0x03d5177759e2e1EC127Bd1dE00A5e1Fba7dB79b4-4-253
0x7fad91a4a29109303188d8758f1a9d60ce988349-0x2C3a390E9af36BFCad395348bCe3C646979d66a4-4-192
0x7fad91a4a29109303188d8758f1a9d60ce988349-0xd75dcD61D7eD4d5dba0973Cbfb800084f1c685A3-4-219
0x7fad91a4a29109303188d8758f1a9d60ce988349-0xa8A3Ed452a8920EE7846F3DdA6fAeD403134E5B8-4-32
0x7fad91a4a29109303188d8758f1a9d60ce988349-0xFD6009646AD074D9dCc4A2019f144e9949ceDd91-4-167
0x7fad91a4a29109303188d8758f1a9d60ce988349-0xbFf3De1b178E036A8877A3258294D4161126D70c-4-237
0x7fad91a4a29109303188d8758f1a9d60ce988349-0x275F30C7eEa995ec92450138e8f8e77be2E6ffDd-4-227
0x7fad91a4a29109303188d8758f1a9d60ce988349-0x5D384cBBd9dE20c23781dd06375f1b4d21Bf3770-4-216
0x7fad91a4a29109303188d8758f1a9d60ce988349-0xAa71e34118325fE4B00eFe099Cd9F70EE35b2567-4-108
0x7fad91a4a29109303188d8758f1a9d60ce988349-0xc4403b6e7854707949e0942e092b2Bc263DeA713-4-69
0x7fad91a4a29109303188d8758f1a9d60ce988349-0x231A64267C4b3E6dD238aC37B29da630B9978040-4-116
0x7fad91a4a29109303188d8758f1a9d60ce988349-0xF03db644fe01BE9163aF430d251cf9834D5e3Db8-4-28
0x7fad91a4a29109303188d8758f1a9d60ce988349-0xFDF35F562bD06Cc1CF7844587f323db1b2ceD731-4-50
0x7fad91a4a29109303188d8758f1a9d60ce988349-0x4Fbc918c96B04a27388B7e1249Bf4Dd4073A0B11-4-219
0x7fad91a4a29109303188d8758f1a9d60ce988349-0x515beb3FFD0aE161F08A34A6D10Bd5ecb65fFD30-4-195



Execute Claim Transaction for Tier #4



Transaction sent! ✔
Transaction hash: 0xc278246fd7d762e777fde15f3c9de908a7e869da4db638fea9069cb125e9068b
Waiting on transaction to be confirmed ...
Tx confirmed !




******************
Processing:
Vault:     0x33335296c9b020ca3252e4953c11decfdce816b8
Tier:      #5 (Canary tier)
# prizes:  386

5a. Calculating # of profitable claims ...

Native (Gas) Token ETH Market Rate (USD): $3091.87

Estimated gas limit (wei) (1 prize claim): 0.000000000000175227 ETH (175227 wei)
Estimated gas limit (wei) (2 prize claims): 0.00000000000025261 ETH (252610 wei)

Gas Cost: First Claim (wei): 0.000000000000175227 ETH (175227 wei)
Gas Cost: Each Following Claim (wei): 0.000000000000077383 ETH (77383 wei)

Gas Cost: First Claim (USD): $0.02 $0.015617617612744194
Gas Cost: Each Following Claim (USD): $0.02 $0.01879666720906167

5b. 1 Claim(s):

Total gas cost: 1 Claim(s) (USD): $0.02 ($0.015617617612744194)

Next Claim Reward: 1 Claim(s) (WEI): 0.000012210207247144 WETH (12210207247144 wei)
Next Claim Reward: 1 Claim(s) (USD): $0.04 ($0.03777367662981121)

Net profit = (Gross Profit - Gas Cost [Avg])
$0.02 = ($0.04 - $0.02) $0.022156059017067013 = ($0.03777367662981121 - $0.015617617612744194)

******************
5c. Profit/Loss (USD):

Net profit = (Gross Profit - Gas Cost [Max])
$-0.02 = ($0 - $0.02) $-0.015617617612744194 = ($0 - $0.015617617612744194)

Claiming tier #5 (Canary tier) currently not profitable.
Not profitable to claim for Draw #21, Tier: #5 (Canary tier)




******************
Processing:
Vault:     0x75b2f4b3ec5adf7077f928992524cc547e74f768
Tier:      #5 (Canary tier)
# prizes:  72

Tier #5 (Canary tier) not profitable, skipping ...





******************
Processing:
Vault:     0x7fad91a4a29109303188d8758f1a9d60ce988349
Tier:      #5 (Canary tier)
# prizes:  588

Tier #5 (Canary tier) not profitable, skipping ...





******************
Processing:
Vault:     0x33335296c9b020ca3252e4953c11decfdce816b8
Tier:      #6 (Canary tier)
# prizes:  1638

Tier #6 (Canary tier) not profitable, skipping ...





******************
Processing:
Vault:     0x75b2f4b3ec5adf7077f928992524cc547e74f768
Tier:      #6 (Canary tier)
# prizes:  234

Tier #6 (Canary tier) not profitable, skipping ...





******************
Processing:
Vault:     0x7fad91a4a29109303188d8758f1a9d60ce988349
Tier:      #6 (Canary tier)
# prizes:  2285

Tier #6 (Canary tier) not profitable, skipping ...

