Operating on: 11155420 - Optimism Sepolia
Config - MIN_PROFIT_THRESHOLD_USD: -0.1

Starting ...
Getting prize pool info ...
Getting prize context ...

******************
1. Prize token: WETH

┌────────────┬──────────────────────────────────────────────┬──────────┬─────────────────┬────────┬──────────────┐
│ (index)    │ address                                      │ decimals │ name            │ symbol │ assetRateUsd │
├────────────┼──────────────────────────────────────────────┼──────────┼─────────────────┼────────┼──────────────┤
│ prizeToken │ '0x3749e4DA7558BeD9b0819dE7f8C7eFc271Db004e' │ 18       │ 'Wrapped Ether' │ 'WETH' │ 3518.691     │
└────────────┴──────────────────────────────────────────────┴──────────┴─────────────────┴────────┴──────────────┘
┌─────────┬──────────┬───────────────────────────────┐
│ (index) │ numTiers │ tiersRangeArray               │
├─────────┼──────────┼───────────────────────────────┤
│ tiers   │ 6        │ [ 0, 1, 2, ... 3 more items ] │
└─────────┴──────────┴───────────────────────────────┘
Draw ID: 13
Prize Token WETH MarketRate USD:  $3518.691

******************
Getting prize vaults ...
Found 6 prize vaults.

No claimed prizes for draw #13.
1365 prizes remaining to be claimed...




******************
Processing:
Vault:     0xa18d434e584b24b364b506cf2b5cc0cef6be5d5c
Tier:      #2
# prizes:  1

5a. Calculating # of profitable claims ...

Native (Gas) Token ETH Market Rate (USD): $3526.06

Estimated gas limit (wei) (1 prize claim): 0.000000000000219738 ETH (219738 wei)

Gas Cost: First Claim (wei): 0.000000000000219738 ETH (219738 wei)

Gas Cost: First Claim (USD): $0.02 $0.021169386282936516

5b. 1 Claim(s):

Total gas cost: 1 Claim(s) (USD): $0.02 ($0.021169386282936516)

Next Claim Reward: 1 Claim(s) (WEI): 0.003260554984538245 WETH (3260554984538245 wei)
Next Claim Reward: 1 Claim(s) (USD): $11.47 ($11.47288547909986)

Net profit = (Gross Profit - Gas Cost [Avg])
$11.45 = ($11.47 - $0.02) $11.451716092816923 = ($11.47288547909986 - $0.021169386282936516)


******************
5c. Profit/Loss (USD):

Net profit = (Gross Profit - Gas Cost [Max])
$11.45 = ($11.47 - $0.02) $11.451716092816923 = ($11.47288547909986 - $0.021169386282936516)

Claiming tier #2 currently not profitable.

Execute Claim Transaction for Tier #2



Transaction sent! ✔
Transaction hash: 0x89833c0cd8110b0c04ac9974e1b88cb68f6ae6a637bfbde21ed897843fa2b29d
Waiting on transaction to be confirmed ...
Tx confirmed !




******************
Processing:
Vault:     0x75ca27bb45d689c18f350592e036ee4e10a68d06
Tier:      #3
# prizes:  26

5a. Calculating # of profitable claims ...

Native (Gas) Token ETH Market Rate (USD): $3526.06

Estimated gas limit (wei) (1 prize claim): 0.000000000000221294 ETH (221294 wei)
Estimated gas limit (wei) (2 prize claims): 0.000000000000329825 ETH (329825 wei)

Gas Cost: First Claim (wei): 0.000000000000221294 ETH (221294 wei)
Gas Cost: Each Following Claim (wei): 0.000000000000108531 ETH (108531 wei)

Gas Cost: First Claim (USD): $0.02 $0.019634727556435385
Gas Cost: Each Following Claim (USD): $0.02 $0.023477068820282405

5b. 1 Claim(s):

Total gas cost: 1 Claim(s) (USD): $0.02 ($0.019634727556435385)

Next Claim Reward: 1 Claim(s) (WEI): 0.000475909884448317 WETH (475909884448317 wei)
Next Claim Reward: 1 Claim(s) (USD): $1.67 ($1.6745798272193329)

Net profit = (Gross Profit - Gas Cost [Avg])
$1.65 = ($1.67 - $0.02) $1.6549450996628974 = ($1.6745798272193329 - $0.019634727556435385)


5b. 2 Claim(s):

Total gas cost: 2 Claim(s) (USD): $0.04 ($0.04311179637671779)

Claim Reward: 1 Claim(s) (WEI): 0.000475909884448317 WETH (475909884448317 wei)
Claim Reward: 1 Claim(s) (USD): $1.67 ($1.6745798272193329)

Next Claim Reward: 2 Claim(s) (WEI): 0.000951819768896634 WETH (951819768896634 wei)
Next Claim Reward: 2 Claim(s) (USD): $3.35 ($3.3491596544386657)

Net profit = (Gross Profit - Gas Cost [Avg])
$3.31 = ($3.35 - $0.04) $3.306047858061948 = ($3.3491596544386657 - $0.04311179637671779)


5b. 3 Claim(s):

Total gas cost: 3 Claim(s) (USD): $0.07 ($0.06658886519700019)

Claim Reward: 2 Claim(s) (WEI): 0.000951819768896634 WETH (951819768896634 wei)
Claim Reward: 2 Claim(s) (USD): $3.35 ($3.3491596544386657)

Next Claim Reward: 3 Claim(s) (WEI): 0.001427729653344951 WETH (1427729653344951 wei)
Next Claim Reward: 3 Claim(s) (USD): $5.02 ($5.023739481657999)

Net profit = (Gross Profit - Gas Cost [Avg])
$4.96 = ($5.02 - $0.07) $4.957150616460998 = ($5.023739481657999 - $0.06658886519700019)


5b. 4 Claim(s):

Total gas cost: 4 Claim(s) (USD): $0.09 ($0.0900659340172826)

Claim Reward: 3 Claim(s) (WEI): 0.001427729653344951 WETH (1427729653344951 wei)
Claim Reward: 3 Claim(s) (USD): $5.02 ($5.023739481657999)

Next Claim Reward: 4 Claim(s) (WEI): 0.001903639537793268 WETH (1903639537793268 wei)
Next Claim Reward: 4 Claim(s) (USD): $6.7 ($6.698319308877331)

Net profit = (Gross Profit - Gas Cost [Avg])
$6.61 = ($6.7 - $0.09) $6.608253374860049 = ($6.698319308877331 - $0.0900659340172826)


5b. 5 Claim(s):

Total gas cost: 5 Claim(s) (USD): $0.11 ($0.11354300283756501)

Claim Reward: 4 Claim(s) (WEI): 0.001903639537793268 WETH (1903639537793268 wei)
Claim Reward: 4 Claim(s) (USD): $6.7 ($6.698319308877331)

Next Claim Reward: 5 Claim(s) (WEI): 0.002379549422241585 WETH (2379549422241585 wei)
Next Claim Reward: 5 Claim(s) (USD): $8.37 ($8.372899136096665)

Net profit = (Gross Profit - Gas Cost [Avg])
$8.26 = ($8.37 - $0.11) $8.2593561332591 = ($8.372899136096665 - $0.11354300283756501)


5b. 6 Claim(s):

Total gas cost: 6 Claim(s) (USD): $0.14 ($0.1370200716578474)

Claim Reward: 5 Claim(s) (WEI): 0.002379549422241585 WETH (2379549422241585 wei)
Claim Reward: 5 Claim(s) (USD): $8.37 ($8.372899136096665)

Next Claim Reward: 6 Claim(s) (WEI): 0.002855459306689902 WETH (2855459306689902 wei)
Next Claim Reward: 6 Claim(s) (USD): $10.05 ($10.047478963315998)

Net profit = (Gross Profit - Gas Cost [Avg])
$9.91 = ($10.05 - $0.14) $9.91045889165815 = ($10.047478963315998 - $0.1370200716578474)


5b. 7 Claim(s):

Total gas cost: 7 Claim(s) (USD): $0.16 ($0.16049714047812982)

Claim Reward: 6 Claim(s) (WEI): 0.002855459306689902 WETH (2855459306689902 wei)
Claim Reward: 6 Claim(s) (USD): $10.05 ($10.047478963315998)

Next Claim Reward: 7 Claim(s) (WEI): 0.003331369191138219 WETH (3331369191138219 wei)
Next Claim Reward: 7 Claim(s) (USD): $11.72 ($11.72205879053533)

Net profit = (Gross Profit - Gas Cost [Avg])
$11.56 = ($11.72 - $0.16) $11.5615616500572 = ($11.72205879053533 - $0.16049714047812982)


5b. 8 Claim(s):

Total gas cost: 8 Claim(s) (USD): $0.18 ($0.1839742092984122)

Claim Reward: 7 Claim(s) (WEI): 0.003331369191138219 WETH (3331369191138219 wei)
Claim Reward: 7 Claim(s) (USD): $11.72 ($11.72205879053533)

Next Claim Reward: 8 Claim(s) (WEI): 0.003807279075586536 WETH (3807279075586536 wei)
Next Claim Reward: 8 Claim(s) (USD): $13.4 ($13.396638617754663)

Net profit = (Gross Profit - Gas Cost [Avg])
$13.21 = ($13.4 - $0.18) $13.21266440845625 = ($13.396638617754663 - $0.1839742092984122)


5b. 9 Claim(s):

Total gas cost: 9 Claim(s) (USD): $0.21 ($0.20745127811869463)

Claim Reward: 8 Claim(s) (WEI): 0.003807279075586536 WETH (3807279075586536 wei)
Claim Reward: 8 Claim(s) (USD): $13.4 ($13.396638617754663)

Next Claim Reward: 9 Claim(s) (WEI): 0.004283188960034853 WETH (4283188960034853 wei)
Next Claim Reward: 9 Claim(s) (USD): $15.07 ($15.071218444973997)

Net profit = (Gross Profit - Gas Cost [Avg])
$14.86 = ($15.07 - $0.21) $14.863767166855302 = ($15.071218444973997 - $0.20745127811869463)


5b. 10 Claim(s):

Total gas cost: 10 Claim(s) (USD): $0.23 ($0.23092834693897704)

Claim Reward: 9 Claim(s) (WEI): 0.004283188960034853 WETH (4283188960034853 wei)
Claim Reward: 9 Claim(s) (USD): $15.07 ($15.071218444973997)

Next Claim Reward: 10 Claim(s) (WEI): 0.00475909884448317 WETH (4759098844483170 wei)
Next Claim Reward: 10 Claim(s) (USD): $16.75 ($16.74579827219333)

Net profit = (Gross Profit - Gas Cost [Avg])
$16.51 = ($16.75 - $0.23) $16.514869925254352 = ($16.74579827219333 - $0.23092834693897704)


5b. 11 Claim(s):

Total gas cost: 11 Claim(s) (USD): $0.25 ($0.2544054157592594)

Claim Reward: 10 Claim(s) (WEI): 0.00475909884448317 WETH (4759098844483170 wei)
Claim Reward: 10 Claim(s) (USD): $16.75 ($16.74579827219333)

Next Claim Reward: 11 Claim(s) (WEI): 0.005235008728931487 WETH (5235008728931487 wei)
Next Claim Reward: 11 Claim(s) (USD): $18.42 ($18.420378099412662)

Net profit = (Gross Profit - Gas Cost [Avg])
$18.17 = ($18.42 - $0.25) $18.165972683653404 = ($18.420378099412662 - $0.2544054157592594)


5b. 12 Claim(s):

Total gas cost: 12 Claim(s) (USD): $0.28 ($0.2778824845795418)

Claim Reward: 11 Claim(s) (WEI): 0.005235008728931487 WETH (5235008728931487 wei)
Claim Reward: 11 Claim(s) (USD): $18.42 ($18.420378099412662)

Next Claim Reward: 12 Claim(s) (WEI): 0.005710918613379804 WETH (5710918613379804 wei)
Next Claim Reward: 12 Claim(s) (USD): $20.09 ($20.094957926631995)

Net profit = (Gross Profit - Gas Cost [Avg])
$19.82 = ($20.09 - $0.28) $19.817075442052452 = ($20.094957926631995 - $0.2778824845795418)


5b. 13 Claim(s):

Total gas cost: 13 Claim(s) (USD): $0.3 ($0.30135955339982423)

Claim Reward: 12 Claim(s) (WEI): 0.005710918613379804 WETH (5710918613379804 wei)
Claim Reward: 12 Claim(s) (USD): $20.09 ($20.094957926631995)

Next Claim Reward: 13 Claim(s) (WEI): 0.006186828497828121 WETH (6186828497828121 wei)
Next Claim Reward: 13 Claim(s) (USD): $21.77 ($21.769537753851328)

Net profit = (Gross Profit - Gas Cost [Avg])
$21.47 = ($21.77 - $0.3) $21.468178200451504 = ($21.769537753851328 - $0.30135955339982423)


5b. 14 Claim(s):

Total gas cost: 14 Claim(s) (USD): $0.32 ($0.3248366222201066)

Claim Reward: 13 Claim(s) (WEI): 0.006186828497828121 WETH (6186828497828121 wei)
Claim Reward: 13 Claim(s) (USD): $21.77 ($21.769537753851328)

Next Claim Reward: 14 Claim(s) (WEI): 0.006662738382276438 WETH (6662738382276438 wei)
Next Claim Reward: 14 Claim(s) (USD): $23.44 ($23.44411758107066)

Net profit = (Gross Profit - Gas Cost [Avg])
$23.12 = ($23.44 - $0.32) $23.119280958850553 = ($23.44411758107066 - $0.3248366222201066)


5b. 15 Claim(s):

Total gas cost: 15 Claim(s) (USD): $0.35 ($0.348313691040389)

Claim Reward: 14 Claim(s) (WEI): 0.006662738382276438 WETH (6662738382276438 wei)
Claim Reward: 14 Claim(s) (USD): $23.44 ($23.44411758107066)

Next Claim Reward: 15 Claim(s) (WEI): 0.007138648266724755 WETH (7138648266724755 wei)
Next Claim Reward: 15 Claim(s) (USD): $25.12 ($25.118697408289993)

Net profit = (Gross Profit - Gas Cost [Avg])
$24.77 = ($25.12 - $0.35) $24.770383717249604 = ($25.118697408289993 - $0.348313691040389)


5b. 16 Claim(s):

Total gas cost: 16 Claim(s) (USD): $0.37 ($0.37179075986067145)

Claim Reward: 15 Claim(s) (WEI): 0.007138648266724755 WETH (7138648266724755 wei)
Claim Reward: 15 Claim(s) (USD): $25.12 ($25.118697408289993)

Next Claim Reward: 16 Claim(s) (WEI): 0.007614558151173072 WETH (7614558151173072 wei)
Next Claim Reward: 16 Claim(s) (USD): $26.79 ($26.793277235509326)

Net profit = (Gross Profit - Gas Cost [Avg])
$26.42 = ($26.79 - $0.37) $26.421486475648653 = ($26.793277235509326 - $0.37179075986067145)


5b. 17 Claim(s):

Total gas cost: 17 Claim(s) (USD): $0.4 ($0.39526782868095384)

Claim Reward: 16 Claim(s) (WEI): 0.007614558151173072 WETH (7614558151173072 wei)
Claim Reward: 16 Claim(s) (USD): $26.79 ($26.793277235509326)

Next Claim Reward: 17 Claim(s) (WEI): 0.008090468035621389 WETH (8090468035621389 wei)
Next Claim Reward: 17 Claim(s) (USD): $28.47 ($28.467857062728662)

Net profit = (Gross Profit - Gas Cost [Avg])
$28.07 = ($28.47 - $0.4) $28.072589234047708 = ($28.467857062728662 - $0.39526782868095384)


5b. 18 Claim(s):

Total gas cost: 18 Claim(s) (USD): $0.42 ($0.4187448975012362)

Claim Reward: 17 Claim(s) (WEI): 0.008090468035621389 WETH (8090468035621389 wei)
Claim Reward: 17 Claim(s) (USD): $28.47 ($28.467857062728662)

Next Claim Reward: 18 Claim(s) (WEI): 0.008566377920069706 WETH (8566377920069706 wei)
Next Claim Reward: 18 Claim(s) (USD): $30.14 ($30.142436889947994)

Net profit = (Gross Profit - Gas Cost [Avg])
$29.72 = ($30.14 - $0.42) $29.72369199244676 = ($30.142436889947994 - $0.4187448975012362)


5b. 19 Claim(s):

Total gas cost: 19 Claim(s) (USD): $0.44 ($0.44222196632151867)

Claim Reward: 18 Claim(s) (WEI): 0.008566377920069706 WETH (8566377920069706 wei)
Claim Reward: 18 Claim(s) (USD): $30.14 ($30.142436889947994)

Next Claim Reward: 19 Claim(s) (WEI): 0.009042287804518023 WETH (9042287804518023 wei)
Next Claim Reward: 19 Claim(s) (USD): $31.82 ($31.817016717167323)

Net profit = (Gross Profit - Gas Cost [Avg])
$31.37 = ($31.82 - $0.44) $31.374794750845805 = ($31.817016717167323 - $0.44222196632151867)


5b. 20 Claim(s):

Total gas cost: 20 Claim(s) (USD): $0.47 ($0.46569903514180105)

Claim Reward: 19 Claim(s) (WEI): 0.009042287804518023 WETH (9042287804518023 wei)
Claim Reward: 19 Claim(s) (USD): $31.82 ($31.817016717167323)

Next Claim Reward: 20 Claim(s) (WEI): 0.00951819768896634 WETH (9518197688966340 wei)
Next Claim Reward: 20 Claim(s) (USD): $33.49 ($33.49159654438666)

Net profit = (Gross Profit - Gas Cost [Avg])
$33.03 = ($33.49 - $0.47) $33.02589750924486 = ($33.49159654438666 - $0.46569903514180105)


5b. 21 Claim(s):

Total gas cost: 21 Claim(s) (USD): $0.49 ($0.48917610396208344)

Claim Reward: 20 Claim(s) (WEI): 0.00951819768896634 WETH (9518197688966340 wei)
Claim Reward: 20 Claim(s) (USD): $33.49 ($33.49159654438666)

Next Claim Reward: 21 Claim(s) (WEI): 0.009994107573414657 WETH (9994107573414657 wei)
Next Claim Reward: 21 Claim(s) (USD): $35.17 ($35.166176371605985)

Net profit = (Gross Profit - Gas Cost [Avg])
$34.68 = ($35.17 - $0.49) $34.677000267643905 = ($35.166176371605985 - $0.48917610396208344)


5b. 22 Claim(s):

Total gas cost: 22 Claim(s) (USD): $0.51 ($0.5126531727823659)

Claim Reward: 21 Claim(s) (WEI): 0.009994107573414657 WETH (9994107573414657 wei)
Claim Reward: 21 Claim(s) (USD): $35.17 ($35.166176371605985)

Next Claim Reward: 22 Claim(s) (WEI): 0.010470017457862974 WETH (10470017457862974 wei)
Next Claim Reward: 22 Claim(s) (USD): $36.84 ($36.840756198825325)

Net profit = (Gross Profit - Gas Cost [Avg])
$36.33 = ($36.84 - $0.51) $36.32810302604296 = ($36.840756198825325 - $0.5126531727823659)


5b. 23 Claim(s):

Total gas cost: 23 Claim(s) (USD): $0.54 ($0.5361302416026482)

Claim Reward: 22 Claim(s) (WEI): 0.010470017457862974 WETH (10470017457862974 wei)
Claim Reward: 22 Claim(s) (USD): $36.84 ($36.840756198825325)

Next Claim Reward: 23 Claim(s) (WEI): 0.010945927342311291 WETH (10945927342311291 wei)
Next Claim Reward: 23 Claim(s) (USD): $38.52 ($38.51533602604466)

Net profit = (Gross Profit - Gas Cost [Avg])
$37.98 = ($38.52 - $0.54) $37.97920578444201 = ($38.51533602604466 - $0.5361302416026482)


5b. 24 Claim(s):

Total gas cost: 24 Claim(s) (USD): $0.56 ($0.5596073104229307)

Claim Reward: 23 Claim(s) (WEI): 0.010945927342311291 WETH (10945927342311291 wei)
Claim Reward: 23 Claim(s) (USD): $38.52 ($38.51533602604466)

Next Claim Reward: 24 Claim(s) (WEI): 0.011421837226759608 WETH (11421837226759608 wei)
Next Claim Reward: 24 Claim(s) (USD): $40.19 ($40.18991585326399)

Net profit = (Gross Profit - Gas Cost [Avg])
$39.63 = ($40.19 - $0.56) $39.63030854284106 = ($40.18991585326399 - $0.5596073104229307)


5b. 25 Claim(s):

Total gas cost: 25 Claim(s) (USD): $0.58 ($0.5830843792432131)

Claim Reward: 24 Claim(s) (WEI): 0.011421837226759608 WETH (11421837226759608 wei)
Claim Reward: 24 Claim(s) (USD): $40.19 ($40.18991585326399)

Next Claim Reward: 25 Claim(s) (WEI): 0.011897747111207925 WETH (11897747111207925 wei)
Next Claim Reward: 25 Claim(s) (USD): $41.86 ($41.86449568048332)

Net profit = (Gross Profit - Gas Cost [Avg])
$41.28 = ($41.86 - $0.58) $41.28141130124011 = ($41.86449568048332 - $0.5830843792432131)


5b. 26 Claim(s):

Total gas cost: 26 Claim(s) (USD): $0.61 ($0.6065614480634954)

Claim Reward: 25 Claim(s) (WEI): 0.011897747111207925 WETH (11897747111207925 wei)
Claim Reward: 25 Claim(s) (USD): $41.86 ($41.86449568048332)

Next Claim Reward: 26 Claim(s) (WEI): 0.012373656995656242 WETH (12373656995656242 wei)
Next Claim Reward: 26 Claim(s) (USD): $43.54 ($43.539075507702655)

Net profit = (Gross Profit - Gas Cost [Avg])
$42.93 = ($43.54 - $0.61) $42.93251405963916 = ($43.539075507702655 - $0.6065614480634954)


******************
5c. Profit/Loss (USD):

Net profit = (Gross Profit - Gas Cost [Max])
$42.93 = ($43.54 - $0.61) $42.93251405963916 = ($43.539075507702655 - $0.6065614480634954)

Submitting transaction to claim 26 prize(s):

0x75ca27bb45d689c18f350592e036ee4e10a68d06-0x5158d4264ef3F15faEac405e00F9b08365AdF439-3-48
0x75ca27bb45d689c18f350592e036ee4e10a68d06-0x09161f35eE07C26c1397C6C95A008C45978eb2A8-3-2
0x75ca27bb45d689c18f350592e036ee4e10a68d06-0x2F7A14b340581D9Bd8c47d47d8d164bE527A8d48-3-62
0x75ca27bb45d689c18f350592e036ee4e10a68d06-0x2981A997697Be1fd9E9b6b709AD196a9aFfC3de8-3-44
0x75ca27bb45d689c18f350592e036ee4e10a68d06-0xeBcb3f537332bCd4e1B72C826E0455DE21a9f0a6-3-57
0x75ca27bb45d689c18f350592e036ee4e10a68d06-0xC8BCe8966531c8740B9E7ff07d0796f8DCaC76a0-3-60
0x75ca27bb45d689c18f350592e036ee4e10a68d06-0xEAaD0e49b8B0d982dCDbf25D79eD7CC33862F872-3-47
0x75ca27bb45d689c18f350592e036ee4e10a68d06-0xBA355d90285177308542e2F03bdA666dd85919BA-3-63
0x75ca27bb45d689c18f350592e036ee4e10a68d06-0xA84351A5A01115751F0C625c4bD9E0997d72F6F5-3-47
0x75ca27bb45d689c18f350592e036ee4e10a68d06-0x3d70982eE61ad11aE88a705b15a633ea03f6BCda-3-34
0x75ca27bb45d689c18f350592e036ee4e10a68d06-0x05a7e4A7d6Dd8C196EcadA4401F1eD0100237833-3-25
0x75ca27bb45d689c18f350592e036ee4e10a68d06-0x140b41f10540Ede4639aC96171B76F2Fd30d439E-3-34
0x75ca27bb45d689c18f350592e036ee4e10a68d06-0xc72366223B8a6b69DC90fE4fbEaf3e96Af269638-3-14
0x75ca27bb45d689c18f350592e036ee4e10a68d06-0x2121CBfBb1d1299D3E6215F4a740dC6D3c309595-3-54
0x75ca27bb45d689c18f350592e036ee4e10a68d06-0xE3539F6566096186711e759ED5761ea40d861CA1-3-0
0x75ca27bb45d689c18f350592e036ee4e10a68d06-0x765F62a20E3aC86DdE08f340BDAB71456C685C5e-3-35
0x75ca27bb45d689c18f350592e036ee4e10a68d06-0xE5C76BbD4FFAefc9769cCdBFF77a0b01d4D8878A-3-34
0x75ca27bb45d689c18f350592e036ee4e10a68d06-0xBaf39b2D8fDD16156e7B9654964FB2b07D76d01B-3-60
0x75ca27bb45d689c18f350592e036ee4e10a68d06-0x94E6123C5445363e92bB0603E5c2ef2Aa8de65b9-3-7
0x75ca27bb45d689c18f350592e036ee4e10a68d06-0x73c905d70A1B36198FCe33E4AEe56cF96dA9a820-3-29
0x75ca27bb45d689c18f350592e036ee4e10a68d06-0x62f2b3DaFbAc16a8AD6B5E80f6bEDB42D9eEb1B2-3-4
0x75ca27bb45d689c18f350592e036ee4e10a68d06-0x3c9227003795db725279083DcE677E9e0dD7e0b9-3-2
0x75ca27bb45d689c18f350592e036ee4e10a68d06-0x77f2192da08fe263dB613b787C697B4d114819d1-3-34
0x75ca27bb45d689c18f350592e036ee4e10a68d06-0x42A4F3B99C55E9E73fa57771404fEdD0448c1811-3-5
0x75ca27bb45d689c18f350592e036ee4e10a68d06-0xA96ea90b60a20416D1c793034714b89cdf973908-3-18
0x75ca27bb45d689c18f350592e036ee4e10a68d06-0xAf0796c114E9749D7fa875646e3f8ccf74eDa1Ea-3-15



Execute Claim Transaction for Tier #3



Transaction sent! ✔
Transaction hash: 0x7a02cdf7083d4f5dc264c01201b2f7e11161a74eb088a375cb03a2a00f97bdcf
Waiting on transaction to be confirmed ...
Tx confirmed !




******************
Processing:
Vault:     0x798a13b071a8aac2d55109a53a2ba4230444619d
Tier:      #3
# prizes:  5

5a. Calculating # of profitable claims ...

Native (Gas) Token ETH Market Rate (USD): $3526.06

Estimated gas limit (wei) (1 prize claim): 0.000000000000216217 ETH (216217 wei)
Estimated gas limit (wei) (2 prize claims): 0.000000000000315033 ETH (315033 wei)

Gas Cost: First Claim (wei): 0.000000000000216217 ETH (216217 wei)
Gas Cost: Each Following Claim (wei): 0.000000000000098816 ETH (98816 wei)

Gas Cost: First Claim (USD): $0.02 $0.01968139053650779
Gas Cost: Each Following Claim (USD): $0.02 $0.02357194311084465

5b. 1 Claim(s):

Total gas cost: 1 Claim(s) (USD): $0.02 ($0.01968139053650779)

Next Claim Reward: 1 Claim(s) (WEI): 0.000475909884448317 WETH (475909884448317 wei)
Next Claim Reward: 1 Claim(s) (USD): $1.67 ($1.6745798272193329)

Net profit = (Gross Profit - Gas Cost [Avg])
$1.65 = ($1.67 - $0.02) $1.654898436682825 = ($1.6745798272193329 - $0.01968139053650779)


5b. 2 Claim(s):

Total gas cost: 2 Claim(s) (USD): $0.04 ($0.04325333364735244)

Claim Reward: 1 Claim(s) (WEI): 0.000475909884448317 WETH (475909884448317 wei)
Claim Reward: 1 Claim(s) (USD): $1.67 ($1.6745798272193329)

Next Claim Reward: 2 Claim(s) (WEI): 0.000951819768896634 WETH (951819768896634 wei)
Next Claim Reward: 2 Claim(s) (USD): $3.35 ($3.3491596544386657)

Net profit = (Gross Profit - Gas Cost [Avg])
$3.31 = ($3.35 - $0.04) $3.3059063207913133 = ($3.3491596544386657 - $0.04325333364735244)


5b. 3 Claim(s):

Total gas cost: 3 Claim(s) (USD): $0.07 ($0.06682527675819709)

Claim Reward: 2 Claim(s) (WEI): 0.000951819768896634 WETH (951819768896634 wei)
Claim Reward: 2 Claim(s) (USD): $3.35 ($3.3491596544386657)

Next Claim Reward: 3 Claim(s) (WEI): 0.001427729653344951 WETH (1427729653344951 wei)
Next Claim Reward: 3 Claim(s) (USD): $5.02 ($5.023739481657999)

Net profit = (Gross Profit - Gas Cost [Avg])
$4.96 = ($5.02 - $0.07) $4.956914204899801 = ($5.023739481657999 - $0.06682527675819709)


5b. 4 Claim(s):

Total gas cost: 4 Claim(s) (USD): $0.09 ($0.09039721986904174)

Claim Reward: 3 Claim(s) (WEI): 0.001427729653344951 WETH (1427729653344951 wei)
Claim Reward: 3 Claim(s) (USD): $5.02 ($5.023739481657999)

Next Claim Reward: 4 Claim(s) (WEI): 0.001903639537793268 WETH (1903639537793268 wei)
Next Claim Reward: 4 Claim(s) (USD): $6.7 ($6.698319308877331)

Net profit = (Gross Profit - Gas Cost [Avg])
$6.61 = ($6.7 - $0.09) $6.60792208900829 = ($6.698319308877331 - $0.09039721986904174)


5b. 5 Claim(s):

Total gas cost: 5 Claim(s) (USD): $0.11 ($0.1139691629798864)

Claim Reward: 4 Claim(s) (WEI): 0.001903639537793268 WETH (1903639537793268 wei)
Claim Reward: 4 Claim(s) (USD): $6.7 ($6.698319308877331)

Next Claim Reward: 5 Claim(s) (WEI): 0.002379549422241585 WETH (2379549422241585 wei)
Next Claim Reward: 5 Claim(s) (USD): $8.37 ($8.372899136096665)

Net profit = (Gross Profit - Gas Cost [Avg])
$8.26 = ($8.37 - $0.11) $8.258929973116778 = ($8.372899136096665 - $0.1139691629798864)


******************
5c. Profit/Loss (USD):

Net profit = (Gross Profit - Gas Cost [Max])
$8.26 = ($8.37 - $0.11) $8.258929973116778 = ($8.372899136096665 - $0.1139691629798864)

Submitting transaction to claim 5 prize(s):

0x798a13b071a8aac2d55109a53a2ba4230444619d-0x257d67D812DaBe5FAC8d19080994533E8A89954F-3-8
0x798a13b071a8aac2d55109a53a2ba4230444619d-0x38115B4f2ff4201Aadb02C6499EcC0435372DbDF-3-60
0x798a13b071a8aac2d55109a53a2ba4230444619d-0xF50891A398F74aa7ed3D5121ACf1425227B7Af65-3-49
0x798a13b071a8aac2d55109a53a2ba4230444619d-0xd2b0dF9F97143531b0301a4683358Cf316e07479-3-62
0x798a13b071a8aac2d55109a53a2ba4230444619d-0x0c849e96D0bcfa35E41DA4B2785d53Fcac616393-3-25



Execute Claim Transaction for Tier #3



Transaction sent! ✔
Transaction hash: 0xdcac001f987bf4668592d70383d3ed080ee12a4ec4b8e986b8235dcec4cfc201
Waiting on transaction to be confirmed ...
Tx confirmed !




******************
Processing:
Vault:     0xa18d434e584b24b364b506cf2b5cc0cef6be5d5c
Tier:      #3
# prizes:  27

5a. Calculating # of profitable claims ...

Native (Gas) Token ETH Market Rate (USD): $3526.06

Estimated gas limit (wei) (1 prize claim): 0.000000000000234377 ETH (234377 wei)
Estimated gas limit (wei) (2 prize claims): 0.00000000000034292 ETH (342920 wei)

Gas Cost: First Claim (wei): 0.000000000000234377 ETH (234377 wei)
Gas Cost: Each Following Claim (wei): 0.000000000000108543 ETH (108543 wei)

Gas Cost: First Claim (USD): $0.02 $0.017643355598662827
Gas Cost: Each Following Claim (USD): $0.02 $0.021025875467196965

5b. 1 Claim(s):

Total gas cost: 1 Claim(s) (USD): $0.02 ($0.017643355598662827)

Next Claim Reward: 1 Claim(s) (WEI): 0.000475909884448317 WETH (475909884448317 wei)
Next Claim Reward: 1 Claim(s) (USD): $1.67 ($1.6745798272193329)

Net profit = (Gross Profit - Gas Cost [Avg])
$1.66 = ($1.67 - $0.02) $1.65693647162067 = ($1.6745798272193329 - $0.017643355598662827)


5b. 2 Claim(s):

Total gas cost: 2 Claim(s) (USD): $0.04 ($0.03866923106585979)

Claim Reward: 1 Claim(s) (WEI): 0.000475909884448317 WETH (475909884448317 wei)
Claim Reward: 1 Claim(s) (USD): $1.67 ($1.6745798272193329)

Next Claim Reward: 2 Claim(s) (WEI): 0.000951819768896634 WETH (951819768896634 wei)
Next Claim Reward: 2 Claim(s) (USD): $3.35 ($3.3491596544386657)

Net profit = (Gross Profit - Gas Cost [Avg])
$3.31 = ($3.35 - $0.04) $3.310490423372806 = ($3.3491596544386657 - $0.03866923106585979)


5b. 3 Claim(s):

Total gas cost: 3 Claim(s) (USD): $0.06 ($0.059695106533056756)

Claim Reward: 2 Claim(s) (WEI): 0.000951819768896634 WETH (951819768896634 wei)
Claim Reward: 2 Claim(s) (USD): $3.35 ($3.3491596544386657)

Next Claim Reward: 3 Claim(s) (WEI): 0.001427729653344951 WETH (1427729653344951 wei)
Next Claim Reward: 3 Claim(s) (USD): $5.02 ($5.023739481657999)

Net profit = (Gross Profit - Gas Cost [Avg])
$4.96 = ($5.02 - $0.06) $4.964044375124942 = ($5.023739481657999 - $0.059695106533056756)


5b. 4 Claim(s):

Total gas cost: 4 Claim(s) (USD): $0.08 ($0.08072098200025372)

Claim Reward: 3 Claim(s) (WEI): 0.001427729653344951 WETH (1427729653344951 wei)
Claim Reward: 3 Claim(s) (USD): $5.02 ($5.023739481657999)

Next Claim Reward: 4 Claim(s) (WEI): 0.001903639537793268 WETH (1903639537793268 wei)
Next Claim Reward: 4 Claim(s) (USD): $6.7 ($6.698319308877331)

Net profit = (Gross Profit - Gas Cost [Avg])
$6.62 = ($6.7 - $0.08) $6.6175983268770775 = ($6.698319308877331 - $0.08072098200025372)


5b. 5 Claim(s):

Total gas cost: 5 Claim(s) (USD): $0.1 ($0.10174685746745069)

Claim Reward: 4 Claim(s) (WEI): 0.001903639537793268 WETH (1903639537793268 wei)
Claim Reward: 4 Claim(s) (USD): $6.7 ($6.698319308877331)

Next Claim Reward: 5 Claim(s) (WEI): 0.002379549422241585 WETH (2379549422241585 wei)
Next Claim Reward: 5 Claim(s) (USD): $8.37 ($8.372899136096665)

Net profit = (Gross Profit - Gas Cost [Avg])
$8.27 = ($8.37 - $0.1) $8.271152278629215 = ($8.372899136096665 - $0.10174685746745069)


5b. 6 Claim(s):

Total gas cost: 6 Claim(s) (USD): $0.12 ($0.12277273293464765)

Claim Reward: 5 Claim(s) (WEI): 0.002379549422241585 WETH (2379549422241585 wei)
Claim Reward: 5 Claim(s) (USD): $8.37 ($8.372899136096665)

Next Claim Reward: 6 Claim(s) (WEI): 0.002855459306689902 WETH (2855459306689902 wei)
Next Claim Reward: 6 Claim(s) (USD): $10.05 ($10.047478963315998)

Net profit = (Gross Profit - Gas Cost [Avg])
$9.92 = ($10.05 - $0.12) $9.92470623038135 = ($10.047478963315998 - $0.12277273293464765)


5b. 7 Claim(s):

Total gas cost: 7 Claim(s) (USD): $0.14 ($0.1437986084018446)

Claim Reward: 6 Claim(s) (WEI): 0.002855459306689902 WETH (2855459306689902 wei)
Claim Reward: 6 Claim(s) (USD): $10.05 ($10.047478963315998)

Next Claim Reward: 7 Claim(s) (WEI): 0.003331369191138219 WETH (3331369191138219 wei)
Next Claim Reward: 7 Claim(s) (USD): $11.72 ($11.72205879053533)

Net profit = (Gross Profit - Gas Cost [Avg])
$11.58 = ($11.72 - $0.14) $11.578260182133485 = ($11.72205879053533 - $0.1437986084018446)


5b. 8 Claim(s):

Total gas cost: 8 Claim(s) (USD): $0.16 ($0.16482448386904158)

Claim Reward: 7 Claim(s) (WEI): 0.003331369191138219 WETH (3331369191138219 wei)
Claim Reward: 7 Claim(s) (USD): $11.72 ($11.72205879053533)

Next Claim Reward: 8 Claim(s) (WEI): 0.003807279075586536 WETH (3807279075586536 wei)
Next Claim Reward: 8 Claim(s) (USD): $13.4 ($13.396638617754663)

Net profit = (Gross Profit - Gas Cost [Avg])
$13.23 = ($13.4 - $0.16) $13.23181413388562 = ($13.396638617754663 - $0.16482448386904158)


5b. 9 Claim(s):

Total gas cost: 9 Claim(s) (USD): $0.19 ($0.18585035933623856)

Claim Reward: 8 Claim(s) (WEI): 0.003807279075586536 WETH (3807279075586536 wei)
Claim Reward: 8 Claim(s) (USD): $13.4 ($13.396638617754663)

Next Claim Reward: 9 Claim(s) (WEI): 0.004283188960034853 WETH (4283188960034853 wei)
Next Claim Reward: 9 Claim(s) (USD): $15.07 ($15.071218444973997)

Net profit = (Gross Profit - Gas Cost [Avg])
$14.89 = ($15.07 - $0.19) $14.885368085637758 = ($15.071218444973997 - $0.18585035933623856)


5b. 10 Claim(s):

Total gas cost: 10 Claim(s) (USD): $0.21 ($0.20687623480343553)

Claim Reward: 9 Claim(s) (WEI): 0.004283188960034853 WETH (4283188960034853 wei)
Claim Reward: 9 Claim(s) (USD): $15.07 ($15.071218444973997)

Next Claim Reward: 10 Claim(s) (WEI): 0.00475909884448317 WETH (4759098844483170 wei)
Next Claim Reward: 10 Claim(s) (USD): $16.75 ($16.74579827219333)

Net profit = (Gross Profit - Gas Cost [Avg])
$16.54 = ($16.75 - $0.21) $16.538922037389895 = ($16.74579827219333 - $0.20687623480343553)


5b. 11 Claim(s):

Total gas cost: 11 Claim(s) (USD): $0.23 ($0.22790211027063245)

Claim Reward: 10 Claim(s) (WEI): 0.00475909884448317 WETH (4759098844483170 wei)
Claim Reward: 10 Claim(s) (USD): $16.75 ($16.74579827219333)

Next Claim Reward: 11 Claim(s) (WEI): 0.005235008728931487 WETH (5235008728931487 wei)
Next Claim Reward: 11 Claim(s) (USD): $18.42 ($18.420378099412662)

Net profit = (Gross Profit - Gas Cost [Avg])
$18.19 = ($18.42 - $0.23) $18.19247598914203 = ($18.420378099412662 - $0.22790211027063245)


5b. 12 Claim(s):

Total gas cost: 12 Claim(s) (USD): $0.25 ($0.24892798573782943)

Claim Reward: 11 Claim(s) (WEI): 0.005235008728931487 WETH (5235008728931487 wei)
Claim Reward: 11 Claim(s) (USD): $18.42 ($18.420378099412662)

Next Claim Reward: 12 Claim(s) (WEI): 0.005710918613379804 WETH (5710918613379804 wei)
Next Claim Reward: 12 Claim(s) (USD): $20.09 ($20.094957926631995)

Net profit = (Gross Profit - Gas Cost [Avg])
$19.85 = ($20.09 - $0.25) $19.846029940894166 = ($20.094957926631995 - $0.24892798573782943)


5b. 13 Claim(s):

Total gas cost: 13 Claim(s) (USD): $0.27 ($0.2699538612050264)

Claim Reward: 12 Claim(s) (WEI): 0.005710918613379804 WETH (5710918613379804 wei)
Claim Reward: 12 Claim(s) (USD): $20.09 ($20.094957926631995)

Next Claim Reward: 13 Claim(s) (WEI): 0.006186828497828121 WETH (6186828497828121 wei)
Next Claim Reward: 13 Claim(s) (USD): $21.77 ($21.769537753851328)

Net profit = (Gross Profit - Gas Cost [Avg])
$21.5 = ($21.77 - $0.27) $21.499583892646303 = ($21.769537753851328 - $0.2699538612050264)


5b. 14 Claim(s):

Total gas cost: 14 Claim(s) (USD): $0.29 ($0.2909797366722234)

Claim Reward: 13 Claim(s) (WEI): 0.006186828497828121 WETH (6186828497828121 wei)
Claim Reward: 13 Claim(s) (USD): $21.77 ($21.769537753851328)

Next Claim Reward: 14 Claim(s) (WEI): 0.006662738382276438 WETH (6662738382276438 wei)
Next Claim Reward: 14 Claim(s) (USD): $23.44 ($23.44411758107066)

Net profit = (Gross Profit - Gas Cost [Avg])
$23.15 = ($23.44 - $0.29) $23.153137844398437 = ($23.44411758107066 - $0.2909797366722234)


5b. 15 Claim(s):

Total gas cost: 15 Claim(s) (USD): $0.31 ($0.3120056121394203)

Claim Reward: 14 Claim(s) (WEI): 0.006662738382276438 WETH (6662738382276438 wei)
Claim Reward: 14 Claim(s) (USD): $23.44 ($23.44411758107066)

Next Claim Reward: 15 Claim(s) (WEI): 0.007138648266724755 WETH (7138648266724755 wei)
Next Claim Reward: 15 Claim(s) (USD): $25.12 ($25.118697408289993)

Net profit = (Gross Profit - Gas Cost [Avg])
$24.81 = ($25.12 - $0.31) $24.806691796150574 = ($25.118697408289993 - $0.3120056121394203)


5b. 16 Claim(s):

Total gas cost: 16 Claim(s) (USD): $0.33 ($0.33303148760661727)

Claim Reward: 15 Claim(s) (WEI): 0.007138648266724755 WETH (7138648266724755 wei)
Claim Reward: 15 Claim(s) (USD): $25.12 ($25.118697408289993)

Next Claim Reward: 16 Claim(s) (WEI): 0.007614558151173072 WETH (7614558151173072 wei)
Next Claim Reward: 16 Claim(s) (USD): $26.79 ($26.793277235509326)

Net profit = (Gross Profit - Gas Cost [Avg])
$26.46 = ($26.79 - $0.33) $26.460245747902707 = ($26.793277235509326 - $0.33303148760661727)


5b. 17 Claim(s):

Total gas cost: 17 Claim(s) (USD): $0.35 ($0.35405736307381425)

Claim Reward: 16 Claim(s) (WEI): 0.007614558151173072 WETH (7614558151173072 wei)
Claim Reward: 16 Claim(s) (USD): $26.79 ($26.793277235509326)

Next Claim Reward: 17 Claim(s) (WEI): 0.008090468035621389 WETH (8090468035621389 wei)
Next Claim Reward: 17 Claim(s) (USD): $28.47 ($28.467857062728662)

Net profit = (Gross Profit - Gas Cost [Avg])
$28.11 = ($28.47 - $0.35) $28.113799699654848 = ($28.467857062728662 - $0.35405736307381425)


5b. 18 Claim(s):

Total gas cost: 18 Claim(s) (USD): $0.38 ($0.3750832385410112)

Claim Reward: 17 Claim(s) (WEI): 0.008090468035621389 WETH (8090468035621389 wei)
Claim Reward: 17 Claim(s) (USD): $28.47 ($28.467857062728662)

Next Claim Reward: 18 Claim(s) (WEI): 0.008566377920069706 WETH (8566377920069706 wei)
Next Claim Reward: 18 Claim(s) (USD): $30.14 ($30.142436889947994)

Net profit = (Gross Profit - Gas Cost [Avg])
$29.77 = ($30.14 - $0.38) $29.76735365140698 = ($30.142436889947994 - $0.3750832385410112)


5b. 19 Claim(s):

Total gas cost: 19 Claim(s) (USD): $0.4 ($0.3961091140082082)

Claim Reward: 18 Claim(s) (WEI): 0.008566377920069706 WETH (8566377920069706 wei)
Claim Reward: 18 Claim(s) (USD): $30.14 ($30.142436889947994)

Next Claim Reward: 19 Claim(s) (WEI): 0.009042287804518023 WETH (9042287804518023 wei)
Next Claim Reward: 19 Claim(s) (USD): $31.82 ($31.817016717167323)

Net profit = (Gross Profit - Gas Cost [Avg])
$31.42 = ($31.82 - $0.4) $31.420907603159115 = ($31.817016717167323 - $0.3961091140082082)


5b. 20 Claim(s):

Total gas cost: 20 Claim(s) (USD): $0.42 ($0.4171349894754051)

Claim Reward: 19 Claim(s) (WEI): 0.009042287804518023 WETH (9042287804518023 wei)
Claim Reward: 19 Claim(s) (USD): $31.82 ($31.817016717167323)

Next Claim Reward: 20 Claim(s) (WEI): 0.00951819768896634 WETH (9518197688966340 wei)
Next Claim Reward: 20 Claim(s) (USD): $33.49 ($33.49159654438666)

Net profit = (Gross Profit - Gas Cost [Avg])
$33.07 = ($33.49 - $0.42) $33.07446155491125 = ($33.49159654438666 - $0.4171349894754051)


5b. 21 Claim(s):

Total gas cost: 21 Claim(s) (USD): $0.44 ($0.4381608649426021)

Claim Reward: 20 Claim(s) (WEI): 0.00951819768896634 WETH (9518197688966340 wei)
Claim Reward: 20 Claim(s) (USD): $33.49 ($33.49159654438666)

Next Claim Reward: 21 Claim(s) (WEI): 0.009994107573414657 WETH (9994107573414657 wei)
Next Claim Reward: 21 Claim(s) (USD): $35.17 ($35.166176371605985)

Net profit = (Gross Profit - Gas Cost [Avg])
$34.73 = ($35.17 - $0.44) $34.72801550666338 = ($35.166176371605985 - $0.4381608649426021)


5b. 22 Claim(s):

Total gas cost: 22 Claim(s) (USD): $0.46 ($0.45918674040979907)

Claim Reward: 21 Claim(s) (WEI): 0.009994107573414657 WETH (9994107573414657 wei)
Claim Reward: 21 Claim(s) (USD): $35.17 ($35.166176371605985)

Next Claim Reward: 22 Claim(s) (WEI): 0.010470017457862974 WETH (10470017457862974 wei)
Next Claim Reward: 22 Claim(s) (USD): $36.84 ($36.840756198825325)

Net profit = (Gross Profit - Gas Cost [Avg])
$36.38 = ($36.84 - $0.46) $36.38156945841553 = ($36.840756198825325 - $0.45918674040979907)


5b. 23 Claim(s):

Total gas cost: 23 Claim(s) (USD): $0.48 ($0.48021261587699604)

Claim Reward: 22 Claim(s) (WEI): 0.010470017457862974 WETH (10470017457862974 wei)
Claim Reward: 22 Claim(s) (USD): $36.84 ($36.840756198825325)

Next Claim Reward: 23 Claim(s) (WEI): 0.010945927342311291 WETH (10945927342311291 wei)
Next Claim Reward: 23 Claim(s) (USD): $38.52 ($38.51533602604466)

Net profit = (Gross Profit - Gas Cost [Avg])
$38.04 = ($38.52 - $0.48) $38.035123410167664 = ($38.51533602604466 - $0.48021261587699604)


5b. 24 Claim(s):

Total gas cost: 24 Claim(s) (USD): $0.5 ($0.5012384913441931)

Claim Reward: 23 Claim(s) (WEI): 0.010945927342311291 WETH (10945927342311291 wei)
Claim Reward: 23 Claim(s) (USD): $38.52 ($38.51533602604466)

Next Claim Reward: 24 Claim(s) (WEI): 0.011421837226759608 WETH (11421837226759608 wei)
Next Claim Reward: 24 Claim(s) (USD): $40.19 ($40.18991585326399)

Net profit = (Gross Profit - Gas Cost [Avg])
$39.69 = ($40.19 - $0.5) $39.688677361919794 = ($40.18991585326399 - $0.5012384913441931)


5b. 25 Claim(s):

Total gas cost: 25 Claim(s) (USD): $0.52 ($0.52226436681139)

Claim Reward: 24 Claim(s) (WEI): 0.011421837226759608 WETH (11421837226759608 wei)
Claim Reward: 24 Claim(s) (USD): $40.19 ($40.18991585326399)

Next Claim Reward: 25 Claim(s) (WEI): 0.011897747111207925 WETH (11897747111207925 wei)
Next Claim Reward: 25 Claim(s) (USD): $41.86 ($41.86449568048332)

Net profit = (Gross Profit - Gas Cost [Avg])
$41.34 = ($41.86 - $0.52) $41.34223131367193 = ($41.86449568048332 - $0.52226436681139)


5b. 26 Claim(s):

Total gas cost: 26 Claim(s) (USD): $0.54 ($0.5432902422785869)

Claim Reward: 25 Claim(s) (WEI): 0.011897747111207925 WETH (11897747111207925 wei)
Claim Reward: 25 Claim(s) (USD): $41.86 ($41.86449568048332)

Next Claim Reward: 26 Claim(s) (WEI): 0.012373656995656242 WETH (12373656995656242 wei)
Next Claim Reward: 26 Claim(s) (USD): $43.54 ($43.539075507702655)

Net profit = (Gross Profit - Gas Cost [Avg])
$43 = ($43.54 - $0.54) $42.99578526542407 = ($43.539075507702655 - $0.5432902422785869)


5b. 27 Claim(s):

Total gas cost: 27 Claim(s) (USD): $0.56 ($0.5643161177457839)

Claim Reward: 26 Claim(s) (WEI): 0.012373656995656242 WETH (12373656995656242 wei)
Claim Reward: 26 Claim(s) (USD): $43.54 ($43.539075507702655)

Next Claim Reward: 27 Claim(s) (WEI): 0.012849566880104559 WETH (12849566880104559 wei)
Next Claim Reward: 27 Claim(s) (USD): $45.21 ($45.21365533492199)

Net profit = (Gross Profit - Gas Cost [Avg])
$44.65 = ($45.21 - $0.56) $44.649339217176205 = ($45.21365533492199 - $0.5643161177457839)


******************
5c. Profit/Loss (USD):

Net profit = (Gross Profit - Gas Cost [Max])
$44.65 = ($45.21 - $0.56) $44.649339217176205 = ($45.21365533492199 - $0.5643161177457839)

Submitting transaction to claim 27 prize(s):

0xa18d434e584b24b364b506cf2b5cc0cef6be5d5c-0x40D90e8CE2E7AE4B0F4EFd163c70a91ebCd37745-3-48
0xa18d434e584b24b364b506cf2b5cc0cef6be5d5c-0xc959C58Bf9abcb86c117B6E95202330E38e752F7-3-49
0xa18d434e584b24b364b506cf2b5cc0cef6be5d5c-0x92b3F942455c298c2639193Cb849A6f02367eE5b-3-59
0xa18d434e584b24b364b506cf2b5cc0cef6be5d5c-0xff5440CA18D527c779fa30d2173E2D8D91373079-3-36
0xa18d434e584b24b364b506cf2b5cc0cef6be5d5c-0xf855F401D40cEC2C87729ADc08824772Ab956f42-3-61
0xa18d434e584b24b364b506cf2b5cc0cef6be5d5c-0xf2A8abbB737d2b57306280E03166cF7De13dD8A2-3-51
0xa18d434e584b24b364b506cf2b5cc0cef6be5d5c-0xd23026bD78Bfc37e614e6c064A0CFE4e1b1053A0-3-10
0xa18d434e584b24b364b506cf2b5cc0cef6be5d5c-0xfB361b2Dd217b706320e552BBA306c56a31484D3-3-43
0xa18d434e584b24b364b506cf2b5cc0cef6be5d5c-0xc1165c5Bc2028d7FF1c5e76844B239d108A217c4-3-49
0xa18d434e584b24b364b506cf2b5cc0cef6be5d5c-0xf3eF8c09EFBbf703ee35334587E0f27bc1Ed1E14-3-38
0xa18d434e584b24b364b506cf2b5cc0cef6be5d5c-0x7855201f5021CeAA4F16Ba0b64DBB699142f989B-3-46
0xa18d434e584b24b364b506cf2b5cc0cef6be5d5c-0xdeF78bccBAe87B597663FB1461935B874cdeb6E1-3-58
0xa18d434e584b24b364b506cf2b5cc0cef6be5d5c-0xb31f5EBCF0b255A2eeE671deBD4782ce03973497-3-39
0xa18d434e584b24b364b506cf2b5cc0cef6be5d5c-0x62eeD4FB203D222DD629a012d0426B552668F499-3-54
0xa18d434e584b24b364b506cf2b5cc0cef6be5d5c-0xE91cd70c3d6412f0C4D82B0f10615Efe79141795-3-8
0xa18d434e584b24b364b506cf2b5cc0cef6be5d5c-0x135F373d3a33105684b04910baE16AfbEA480330-3-10
0xa18d434e584b24b364b506cf2b5cc0cef6be5d5c-0x27f273487E4B573b21def81AA59e6D389D3a6B08-3-18
0xa18d434e584b24b364b506cf2b5cc0cef6be5d5c-0xDd910e78f71cfc97773d57e20f7CBee9D460c8D8-3-48
0xa18d434e584b24b364b506cf2b5cc0cef6be5d5c-0xc200dFc9d33139a1926EF0aC94446138A28aD765-3-47
0xa18d434e584b24b364b506cf2b5cc0cef6be5d5c-0xc4FF778c0739dbB45c6fc0aE179FCA69a6B64aE1-3-55
0xa18d434e584b24b364b506cf2b5cc0cef6be5d5c-0x748E26beE474884Cef9dA226F445cC1207dFdcbd-3-36
0xa18d434e584b24b364b506cf2b5cc0cef6be5d5c-0x9126C3B9195E40B644facaF3e52753159fD4Fb1e-3-57
0xa18d434e584b24b364b506cf2b5cc0cef6be5d5c-0x495FE9Ecc1af9E19F6b105b6061a889769072539-3-63
0xa18d434e584b24b364b506cf2b5cc0cef6be5d5c-0xC231543262F3D529a9B84f7Ed6584299864da52c-3-1
0xa18d434e584b24b364b506cf2b5cc0cef6be5d5c-0x009daD47694f00F731B734a92c66A634805f7e15-3-42
0xa18d434e584b24b364b506cf2b5cc0cef6be5d5c-0xDf691Ec6b4e7DC736e17F909BEe4F47Ae1014d7D-3-46
0xa18d434e584b24b364b506cf2b5cc0cef6be5d5c-0x147C8Fe2aE4d388A6a806C9BE9135b67d2e94A8D-3-3



Execute Claim Transaction for Tier #3



Transaction sent! ✔
Transaction hash: 0x1790a3019cf8bbeb20b2337e3467994086fd2a698c8d643570e72449d0298718
Waiting on transaction to be confirmed ...
Tx confirmed !




******************
Processing:
Vault:     0x75ca27bb45d689c18f350592e036ee4e10a68d06
Tier:      #4 (Canary tier)
# prizes:  90

5a. Calculating # of profitable claims ...

Native (Gas) Token ETH Market Rate (USD): $3526.06

Estimated gas limit (wei) (1 prize claim): 0.000000000000179989 ETH (179989 wei)
Estimated gas limit (wei) (2 prize claims): 0.000000000000259301 ETH (259301 wei)

Gas Cost: First Claim (wei): 0.000000000000179989 ETH (179989 wei)
Gas Cost: Each Following Claim (wei): 0.000000000000079312 ETH (79312 wei)

Gas Cost: First Claim (USD): $0.02 $0.017451531919994306
Gas Cost: Each Following Claim (USD): $0.02 $0.020922779233631478

5b. 1 Claim(s):

Total gas cost: 1 Claim(s) (USD): $0.02 ($0.017451531919994306)

Next Claim Reward: 1 Claim(s) (WEI): 0.000013469217039811 WETH (13469217039811 wei)
Next Claim Reward: 1 Claim(s) (USD): $0.05 ($0.04739401277502961)

Net profit = (Gross Profit - Gas Cost [Avg])
$0.03 = ($0.05 - $0.02) $0.029942480855035303 = ($0.04739401277502961 - $0.017451531919994306)


5b. 2 Claim(s):

Total gas cost: 2 Claim(s) (USD): $0.04 ($0.03837431115362579)

Claim Reward: 1 Claim(s) (WEI): 0.000013469217039811 WETH (13469217039811 wei)
Claim Reward: 1 Claim(s) (USD): $0.05 ($0.04739401277502961)

Next Claim Reward: 2 Claim(s) (WEI): 0.000026938434079622 WETH (26938434079622 wei)
Next Claim Reward: 2 Claim(s) (USD): $0.09 ($0.09478802555005922)

Net profit = (Gross Profit - Gas Cost [Avg])
$0.06 = ($0.09 - $0.04) $0.05641371439643343 = ($0.09478802555005922 - $0.03837431115362579)


5b. 3 Claim(s):

Total gas cost: 3 Claim(s) (USD): $0.06 ($0.059297090387257265)

Claim Reward: 2 Claim(s) (WEI): 0.000026938434079622 WETH (26938434079622 wei)
Claim Reward: 2 Claim(s) (USD): $0.09 ($0.09478802555005922)

Next Claim Reward: 3 Claim(s) (WEI): 0.000040407651119433 WETH (40407651119433 wei)
Next Claim Reward: 3 Claim(s) (USD): $0.14 ($0.14218203832508883)

Net profit = (Gross Profit - Gas Cost [Avg])
$0.08 = ($0.14 - $0.06) $0.08288494793783156 = ($0.14218203832508883 - $0.059297090387257265)


5b. 4 Claim(s):

Total gas cost: 4 Claim(s) (USD): $0.08 ($0.08021986962088874)

Claim Reward: 3 Claim(s) (WEI): 0.000040407651119433 WETH (40407651119433 wei)
Claim Reward: 3 Claim(s) (USD): $0.14 ($0.14218203832508883)

Next Claim Reward: 4 Claim(s) (WEI): 0.000053876868159244 WETH (53876868159244 wei)
Next Claim Reward: 4 Claim(s) (USD): $0.19 ($0.18957605110011844)

Net profit = (Gross Profit - Gas Cost [Avg])
$0.11 = ($0.19 - $0.08) $0.1093561814792297 = ($0.18957605110011844 - $0.08021986962088874)


5b. 5 Claim(s):

Total gas cost: 5 Claim(s) (USD): $0.1 ($0.10114264885452022)

Claim Reward: 4 Claim(s) (WEI): 0.000053876868159244 WETH (53876868159244 wei)
Claim Reward: 4 Claim(s) (USD): $0.19 ($0.18957605110011844)

Next Claim Reward: 5 Claim(s) (WEI): 0.000067346085199055 WETH (67346085199055 wei)
Next Claim Reward: 5 Claim(s) (USD): $0.24 ($0.236970063875148)

Net profit = (Gross Profit - Gas Cost [Avg])
$0.14 = ($0.24 - $0.1) $0.13582741502062778 = ($0.236970063875148 - $0.10114264885452022)


5b. 6 Claim(s):

Total gas cost: 6 Claim(s) (USD): $0.12 ($0.1220654280881517)

Claim Reward: 5 Claim(s) (WEI): 0.000067346085199055 WETH (67346085199055 wei)
Claim Reward: 5 Claim(s) (USD): $0.24 ($0.236970063875148)

Next Claim Reward: 6 Claim(s) (WEI): 0.000080815302238866 WETH (80815302238866 wei)
Next Claim Reward: 6 Claim(s) (USD): $0.28 ($0.28436407665017766)

Net profit = (Gross Profit - Gas Cost [Avg])
$0.16 = ($0.28 - $0.12) $0.16229864856202597 = ($0.28436407665017766 - $0.1220654280881517)


5b. 7 Claim(s):

Total gas cost: 7 Claim(s) (USD): $0.14 ($0.14298820732178316)

Claim Reward: 6 Claim(s) (WEI): 0.000080815302238866 WETH (80815302238866 wei)
Claim Reward: 6 Claim(s) (USD): $0.28 ($0.28436407665017766)

Next Claim Reward: 7 Claim(s) (WEI): 0.000094284519278677 WETH (94284519278677 wei)
Next Claim Reward: 7 Claim(s) (USD): $0.33 ($0.33175808942520724)

Net profit = (Gross Profit - Gas Cost [Avg])
$0.19 = ($0.33 - $0.14) $0.18876988210342407 = ($0.33175808942520724 - $0.14298820732178316)


5b. 8 Claim(s):

Total gas cost: 8 Claim(s) (USD): $0.16 ($0.16391098655541464)

Claim Reward: 7 Claim(s) (WEI): 0.000094284519278677 WETH (94284519278677 wei)
Claim Reward: 7 Claim(s) (USD): $0.33 ($0.33175808942520724)

Next Claim Reward: 8 Claim(s) (WEI): 0.000107753736318488 WETH (107753736318488 wei)
Next Claim Reward: 8 Claim(s) (USD): $0.38 ($0.3791521022002369)

Net profit = (Gross Profit - Gas Cost [Avg])
$0.22 = ($0.38 - $0.16) $0.21524111564482223 = ($0.3791521022002369 - $0.16391098655541464)


5b. 9 Claim(s):

Total gas cost: 9 Claim(s) (USD): $0.18 ($0.18483376578904612)

Claim Reward: 8 Claim(s) (WEI): 0.000107753736318488 WETH (107753736318488 wei)
Claim Reward: 8 Claim(s) (USD): $0.38 ($0.3791521022002369)

Next Claim Reward: 9 Claim(s) (WEI): 0.000121222953358299 WETH (121222953358299 wei)
Next Claim Reward: 9 Claim(s) (USD): $0.43 ($0.42654611497526645)

Net profit = (Gross Profit - Gas Cost [Avg])
$0.24 = ($0.43 - $0.18) $0.24171234918622034 = ($0.42654611497526645 - $0.18483376578904612)


5b. 10 Claim(s):

Total gas cost: 10 Claim(s) (USD): $0.21 ($0.2057565450226776)

Claim Reward: 9 Claim(s) (WEI): 0.000121222953358299 WETH (121222953358299 wei)
Claim Reward: 9 Claim(s) (USD): $0.43 ($0.42654611497526645)

Next Claim Reward: 10 Claim(s) (WEI): 0.00013469217039811 WETH (134692170398110 wei)
Next Claim Reward: 10 Claim(s) (USD): $0.47 ($0.473940127750296)

Net profit = (Gross Profit - Gas Cost [Avg])
$0.27 = ($0.47 - $0.21) $0.2681835827276184 = ($0.473940127750296 - $0.2057565450226776)


5b. 11 Claim(s):

Total gas cost: 11 Claim(s) (USD): $0.23 ($0.22667932425630907)

Claim Reward: 10 Claim(s) (WEI): 0.00013469217039811 WETH (134692170398110 wei)
Claim Reward: 10 Claim(s) (USD): $0.47 ($0.473940127750296)

Next Claim Reward: 11 Claim(s) (WEI): 0.000148161387437921 WETH (148161387437921 wei)
Next Claim Reward: 11 Claim(s) (USD): $0.52 ($0.5213341405253257)

Net profit = (Gross Profit - Gas Cost [Avg])
$0.29 = ($0.52 - $0.23) $0.2946548162690166 = ($0.5213341405253257 - $0.22667932425630907)


5b. 12 Claim(s):

Total gas cost: 12 Claim(s) (USD): $0.25 ($0.24760210348994055)

Claim Reward: 11 Claim(s) (WEI): 0.000148161387437921 WETH (148161387437921 wei)
Claim Reward: 11 Claim(s) (USD): $0.52 ($0.5213341405253257)

Next Claim Reward: 12 Claim(s) (WEI): 0.000161630604477732 WETH (161630604477732 wei)
Next Claim Reward: 12 Claim(s) (USD): $0.57 ($0.5687281533003553)

Net profit = (Gross Profit - Gas Cost [Avg])
$0.32 = ($0.57 - $0.25) $0.32112604981041476 = ($0.5687281533003553 - $0.24760210348994055)


5b. 13 Claim(s):

Total gas cost: 13 Claim(s) (USD): $0.27 ($0.26852488272357206)

Claim Reward: 12 Claim(s) (WEI): 0.000161630604477732 WETH (161630604477732 wei)
Claim Reward: 12 Claim(s) (USD): $0.57 ($0.5687281533003553)

Next Claim Reward: 13 Claim(s) (WEI): 0.000175099821517543 WETH (175099821517543 wei)
Next Claim Reward: 13 Claim(s) (USD): $0.62 ($0.6161221660753848)

Net profit = (Gross Profit - Gas Cost [Avg])
$0.35 = ($0.62 - $0.27) $0.3475972833518128 = ($0.6161221660753848 - $0.26852488272357206)


5b. 14 Claim(s):

Total gas cost: 14 Claim(s) (USD): $0.29 ($0.28944766195720356)

Claim Reward: 13 Claim(s) (WEI): 0.000175099821517543 WETH (175099821517543 wei)
Claim Reward: 13 Claim(s) (USD): $0.62 ($0.6161221660753848)

Next Claim Reward: 14 Claim(s) (WEI): 0.000188569038557354 WETH (188569038557354 wei)
Next Claim Reward: 14 Claim(s) (USD): $0.66 ($0.6635161788504145)

Net profit = (Gross Profit - Gas Cost [Avg])
$0.37 = ($0.66 - $0.29) $0.3740685168932109 = ($0.6635161788504145 - $0.28944766195720356)


5b. 15 Claim(s):

Total gas cost: 15 Claim(s) (USD): $0.31 ($0.310370441190835)

Claim Reward: 14 Claim(s) (WEI): 0.000188569038557354 WETH (188569038557354 wei)
Claim Reward: 14 Claim(s) (USD): $0.66 ($0.6635161788504145)

Next Claim Reward: 15 Claim(s) (WEI): 0.000202038255597165 WETH (202038255597165 wei)
Next Claim Reward: 15 Claim(s) (USD): $0.71 ($0.710910191625444)

Net profit = (Gross Profit - Gas Cost [Avg])
$0.4 = ($0.71 - $0.31) $0.400539750434609 = ($0.710910191625444 - $0.310370441190835)


5b. 16 Claim(s):

Total gas cost: 16 Claim(s) (USD): $0.33 ($0.33129322042446646)

Claim Reward: 15 Claim(s) (WEI): 0.000202038255597165 WETH (202038255597165 wei)
Claim Reward: 15 Claim(s) (USD): $0.71 ($0.710910191625444)

Next Claim Reward: 16 Claim(s) (WEI): 0.000215507472636976 WETH (215507472636976 wei)
Next Claim Reward: 16 Claim(s) (USD): $0.76 ($0.7583042044004737)

Net profit = (Gross Profit - Gas Cost [Avg])
$0.43 = ($0.76 - $0.33) $0.4270109839760073 = ($0.7583042044004737 - $0.33129322042446646)


5b. 17 Claim(s):

Total gas cost: 17 Claim(s) (USD): $0.35 ($0.35221599965809797)

Claim Reward: 16 Claim(s) (WEI): 0.000215507472636976 WETH (215507472636976 wei)
Claim Reward: 16 Claim(s) (USD): $0.76 ($0.7583042044004737)

Next Claim Reward: 17 Claim(s) (WEI): 0.000228976689676787 WETH (228976689676787 wei)
Next Claim Reward: 17 Claim(s) (USD): $0.81 ($0.8056982171755033)

Net profit = (Gross Profit - Gas Cost [Avg])
$0.45 = ($0.81 - $0.35) $0.4534822175174053 = ($0.8056982171755033 - $0.35221599965809797)


5b. 18 Claim(s):

Total gas cost: 18 Claim(s) (USD): $0.37 ($0.3731387788917295)

Claim Reward: 17 Claim(s) (WEI): 0.000228976689676787 WETH (228976689676787 wei)
Claim Reward: 17 Claim(s) (USD): $0.81 ($0.8056982171755033)

Next Claim Reward: 18 Claim(s) (WEI): 0.000242445906716598 WETH (242445906716598 wei)
Next Claim Reward: 18 Claim(s) (USD): $0.85 ($0.8530922299505329)

Net profit = (Gross Profit - Gas Cost [Avg])
$0.48 = ($0.85 - $0.37) $0.47995345105880344 = ($0.8530922299505329 - $0.3731387788917295)


5b. 19 Claim(s):

Total gas cost: 19 Claim(s) (USD): $0.39 ($0.3940615581253609)

Claim Reward: 18 Claim(s) (WEI): 0.000242445906716598 WETH (242445906716598 wei)
Claim Reward: 18 Claim(s) (USD): $0.85 ($0.8530922299505329)

Next Claim Reward: 19 Claim(s) (WEI): 0.000255915123756409 WETH (255915123756409 wei)
Next Claim Reward: 19 Claim(s) (USD): $0.9 ($0.9004862427255624)

Net profit = (Gross Profit - Gas Cost [Avg])
$0.51 = ($0.9 - $0.39) $0.5064246846002015 = ($0.9004862427255624 - $0.3940615581253609)


5b. 20 Claim(s):

Total gas cost: 20 Claim(s) (USD): $0.41 ($0.4149843373589924)

Claim Reward: 19 Claim(s) (WEI): 0.000255915123756409 WETH (255915123756409 wei)
Claim Reward: 19 Claim(s) (USD): $0.9 ($0.9004862427255624)

Next Claim Reward: 20 Claim(s) (WEI): 0.00026938434079622 WETH (269384340796220 wei)
Next Claim Reward: 20 Claim(s) (USD): $0.95 ($0.947880255500592)

Net profit = (Gross Profit - Gas Cost [Avg])
$0.53 = ($0.95 - $0.41) $0.5328959181415995 = ($0.947880255500592 - $0.4149843373589924)


5b. 21 Claim(s):

Total gas cost: 21 Claim(s) (USD): $0.44 ($0.4359071165926239)

Claim Reward: 20 Claim(s) (WEI): 0.00026938434079622 WETH (269384340796220 wei)
Claim Reward: 20 Claim(s) (USD): $0.95 ($0.947880255500592)

Next Claim Reward: 21 Claim(s) (WEI): 0.000282853557836031 WETH (282853557836031 wei)
Next Claim Reward: 21 Claim(s) (USD): $1 ($0.9952742682756217)

Net profit = (Gross Profit - Gas Cost [Avg])
$0.56 = ($1 - $0.44) $0.5593671516829979 = ($0.9952742682756217 - $0.4359071165926239)


5b. 22 Claim(s):

Total gas cost: 22 Claim(s) (USD): $0.46 ($0.4568298958262554)

Claim Reward: 21 Claim(s) (WEI): 0.000282853557836031 WETH (282853557836031 wei)
Claim Reward: 21 Claim(s) (USD): $1 ($0.9952742682756217)

Next Claim Reward: 22 Claim(s) (WEI): 0.000296322774875842 WETH (296322774875842 wei)
Next Claim Reward: 22 Claim(s) (USD): $1.04 ($1.0426682810506513)

Net profit = (Gross Profit - Gas Cost [Avg])
$0.59 = ($1.04 - $0.46) $0.585838385224396 = ($1.0426682810506513 - $0.4568298958262554)


5b. 23 Claim(s):

Total gas cost: 23 Claim(s) (USD): $0.48 ($0.47775267505988683)

Claim Reward: 22 Claim(s) (WEI): 0.000296322774875842 WETH (296322774875842 wei)
Claim Reward: 22 Claim(s) (USD): $1.04 ($1.0426682810506513)

Next Claim Reward: 23 Claim(s) (WEI): 0.000309791991915653 WETH (309791991915653 wei)
Next Claim Reward: 23 Claim(s) (USD): $1.09 ($1.0900622938256808)

Net profit = (Gross Profit - Gas Cost [Avg])
$0.61 = ($1.09 - $0.48) $0.6123096187657939 = ($1.0900622938256808 - $0.47775267505988683)


5b. 24 Claim(s):

Total gas cost: 24 Claim(s) (USD): $0.5 ($0.4986754542935183)

Claim Reward: 23 Claim(s) (WEI): 0.000309791991915653 WETH (309791991915653 wei)
Claim Reward: 23 Claim(s) (USD): $1.09 ($1.0900622938256808)

Next Claim Reward: 24 Claim(s) (WEI): 0.000323261208955464 WETH (323261208955464 wei)
Next Claim Reward: 24 Claim(s) (USD): $1.14 ($1.1374563066007106)

Net profit = (Gross Profit - Gas Cost [Avg])
$0.64 = ($1.14 - $0.5) $0.6387808523071923 = ($1.1374563066007106 - $0.4986754542935183)


5b. 25 Claim(s):

Total gas cost: 25 Claim(s) (USD): $0.52 ($0.5195982335271497)

Claim Reward: 24 Claim(s) (WEI): 0.000323261208955464 WETH (323261208955464 wei)
Claim Reward: 24 Claim(s) (USD): $1.14 ($1.1374563066007106)

Next Claim Reward: 25 Claim(s) (WEI): 0.000336730425995275 WETH (336730425995275 wei)
Next Claim Reward: 25 Claim(s) (USD): $1.18 ($1.1848503193757403)

Net profit = (Gross Profit - Gas Cost [Avg])
$0.67 = ($1.18 - $0.52) $0.6652520858485905 = ($1.1848503193757403 - $0.5195982335271497)


5b. 26 Claim(s):

Total gas cost: 26 Claim(s) (USD): $0.54 ($0.5405210127607812)

Claim Reward: 25 Claim(s) (WEI): 0.000336730425995275 WETH (336730425995275 wei)
Claim Reward: 25 Claim(s) (USD): $1.18 ($1.1848503193757403)

Next Claim Reward: 26 Claim(s) (WEI): 0.000350199643035086 WETH (350199643035086 wei)
Next Claim Reward: 26 Claim(s) (USD): $1.23 ($1.2322443321507697)

Net profit = (Gross Profit - Gas Cost [Avg])
$0.69 = ($1.23 - $0.54) $0.6917233193899884 = ($1.2322443321507697 - $0.5405210127607812)


5b. 27 Claim(s):

Total gas cost: 27 Claim(s) (USD): $0.56 ($0.5614437919944127)

Claim Reward: 26 Claim(s) (WEI): 0.000350199643035086 WETH (350199643035086 wei)
Claim Reward: 26 Claim(s) (USD): $1.23 ($1.2322443321507697)

Next Claim Reward: 27 Claim(s) (WEI): 0.000363668860074897 WETH (363668860074897 wei)
Next Claim Reward: 27 Claim(s) (USD): $1.28 ($1.2796383449257993)

Net profit = (Gross Profit - Gas Cost [Avg])
$0.72 = ($1.28 - $0.56) $0.7181945529313866 = ($1.2796383449257993 - $0.5614437919944127)


5b. 28 Claim(s):

Total gas cost: 28 Claim(s) (USD): $0.58 ($0.5823665712280441)

Claim Reward: 27 Claim(s) (WEI): 0.000363668860074897 WETH (363668860074897 wei)
Claim Reward: 27 Claim(s) (USD): $1.28 ($1.2796383449257993)

Next Claim Reward: 28 Claim(s) (WEI): 0.000377138077114708 WETH (377138077114708 wei)
Next Claim Reward: 28 Claim(s) (USD): $1.33 ($1.327032357700829)

Net profit = (Gross Profit - Gas Cost [Avg])
$0.74 = ($1.33 - $0.58) $0.7446657864727848 = ($1.327032357700829 - $0.5823665712280441)


5b. 29 Claim(s):

Total gas cost: 29 Claim(s) (USD): $0.6 ($0.6032893504616756)

Claim Reward: 28 Claim(s) (WEI): 0.000377138077114708 WETH (377138077114708 wei)
Claim Reward: 28 Claim(s) (USD): $1.33 ($1.327032357700829)

Next Claim Reward: 29 Claim(s) (WEI): 0.000390607294154519 WETH (390607294154519 wei)
Next Claim Reward: 29 Claim(s) (USD): $1.37 ($1.3744263704758586)

Net profit = (Gross Profit - Gas Cost [Avg])
$0.77 = ($1.37 - $0.6) $0.7711370200141829 = ($1.3744263704758586 - $0.6032893504616756)


5b. 30 Claim(s):

Total gas cost: 30 Claim(s) (USD): $0.62 ($0.6242121296953071)

Claim Reward: 29 Claim(s) (WEI): 0.000390607294154519 WETH (390607294154519 wei)
Claim Reward: 29 Claim(s) (USD): $1.37 ($1.3744263704758586)

Next Claim Reward: 30 Claim(s) (WEI): 0.00040407651119433 WETH (404076511194330 wei)
Next Claim Reward: 30 Claim(s) (USD): $1.42 ($1.421820383250888)

Net profit = (Gross Profit - Gas Cost [Avg])
$0.8 = ($1.42 - $0.62) $0.7976082535555808 = ($1.421820383250888 - $0.6242121296953071)

******************
5c. Profit/Loss (USD):

Net profit = (Gross Profit - Gas Cost [Max])
$0.75 = ($1.37 - $0.62) $0.7502142407805514 = ($1.3744263704758586 - $0.6242121296953071)

Submitting transaction to claim 29 prize(s):

0x75ca27bb45d689c18f350592e036ee4e10a68d06-0x25BB7F9860F5140bE50C4b77CF348b1dFC35774D-4-240
0x75ca27bb45d689c18f350592e036ee4e10a68d06-0xf8291a96fb35f2fA0466ABf4C78b4c12138e4215-4-62
0x75ca27bb45d689c18f350592e036ee4e10a68d06-0x3a260Ece8Ff5fd71A6036AEFfCD9CBC26fF0114B-4-11
0x75ca27bb45d689c18f350592e036ee4e10a68d06-0x2812f0a53E2740D7124d599c92f080770D45AD42-4-58
0x75ca27bb45d689c18f350592e036ee4e10a68d06-0xfd298Caff7208AA1139791A5E9415d29b1a55f64-4-76
0x75ca27bb45d689c18f350592e036ee4e10a68d06-0xb7dFA54cCe8124BD6DDF7de959176120dE0e4171-4-1
0x75ca27bb45d689c18f350592e036ee4e10a68d06-0xF3D541F53302E91665c8C2CE0B907B98E4A5A301-4-149
0x75ca27bb45d689c18f350592e036ee4e10a68d06-0x19F9315e75f8C5244f5D3e51BE109e99cAeaE165-4-127
0x75ca27bb45d689c18f350592e036ee4e10a68d06-0x9D85BddE5da0FFB6AFc68902a8A04D4F07a8f3C6-4-212
0x75ca27bb45d689c18f350592e036ee4e10a68d06-0x4d4b15657B89eE0d117639a6799cc5eD851CdB82-4-244
0x75ca27bb45d689c18f350592e036ee4e10a68d06-0x89016BD5B7eb9fBE75e47A36914c1148582Cb550-4-147
0x75ca27bb45d689c18f350592e036ee4e10a68d06-0x24D73002c85be55222a99d483dA1CB312209D249-4-119
0x75ca27bb45d689c18f350592e036ee4e10a68d06-0xC1AC9dC48e1320611103165094111B2a5cD495ED-4-103
0x75ca27bb45d689c18f350592e036ee4e10a68d06-0x031D291B0cC1E3241483b61F07dF2A05dc9D3982-4-43
0x75ca27bb45d689c18f350592e036ee4e10a68d06-0x7ED0a26eeF1d56D2320652cE192d4C9B6467b090-4-61
0x75ca27bb45d689c18f350592e036ee4e10a68d06-0xA597b206b338f9d251806bB1EbDa72d8622bd6bf-4-223
0x75ca27bb45d689c18f350592e036ee4e10a68d06-0xA597b206b338f9d251806bB1EbDa72d8622bd6bf-4-241
0x75ca27bb45d689c18f350592e036ee4e10a68d06-0x9973C708A6dE1Ac686115A1e5fc344cAd7600835-4-183
0x75ca27bb45d689c18f350592e036ee4e10a68d06-0x09e4d0f3C14492Ba236DAec5EA8d7814446D2aCe-4-149
0x75ca27bb45d689c18f350592e036ee4e10a68d06-0xfF7E84BD0de9f196e401897De94A99e28E92f4c6-4-9
0x75ca27bb45d689c18f350592e036ee4e10a68d06-0x643BB602D0DCaB65c00b519f2CE18896d2F4730a-4-183
0x75ca27bb45d689c18f350592e036ee4e10a68d06-0x8098031657F45E1BFcB1fe3594b82CFc2F846aDa-4-58
0x75ca27bb45d689c18f350592e036ee4e10a68d06-0xD10E22A044aFb6cF3486e0756e3121Ad68b4984B-4-123
0x75ca27bb45d689c18f350592e036ee4e10a68d06-0x2F4614C2fC3ee637965FF44911A98DB0488E2A32-4-152
0x75ca27bb45d689c18f350592e036ee4e10a68d06-0x40F0a4aCc54DeB1B7c349f68BA2cB1Cc160C0e74-4-154
0x75ca27bb45d689c18f350592e036ee4e10a68d06-0x3CF8eb2189bB6B309EE511b3f257fF5Cb75D7e18-4-48
0x75ca27bb45d689c18f350592e036ee4e10a68d06-0x7E22bD12Bd86391181859dcBAbF7FbF0aB515289-4-132
0x75ca27bb45d689c18f350592e036ee4e10a68d06-0x9b5a403827dF9d9c942b7115B4141b5B871CA9e4-4-56
0x75ca27bb45d689c18f350592e036ee4e10a68d06-0xA1D000D455658627F4E2F7f3c40A7Eca01634504-4-23



Execute Claim Transaction for Tier #4 (Canary tier)



Transaction sent! ✔
Transaction hash: 0x41d02f4e38a4f97d35f78a17b1d75c98ea171edc5570ca3e581bb846489858b7
Waiting on transaction to be confirmed ...
Tx confirmed !




******************
Processing:
Vault:     0x798a13b071a8aac2d55109a53a2ba4230444619d
Tier:      #4 (Canary tier)
# prizes:  20

5a. Calculating # of profitable claims ...

Native (Gas) Token ETH Market Rate (USD): $3526.06

Estimated gas limit (wei) (1 prize claim): 0.000000000000161401 ETH (161401 wei)
Estimated gas limit (wei) (2 prize claims): 0.000000000000231413 ETH (231413 wei)

Gas Cost: First Claim (wei): 0.000000000000161401 ETH (161401 wei)
Gas Cost: Each Following Claim (wei): 0.000000000000070012 ETH (70012 wei)

Gas Cost: First Claim (USD): $0.02 $0.01875967527685353
Gas Cost: Each Following Claim (USD): $0.02 $0.02257624113379221

5b. 1 Claim(s):

Total gas cost: 1 Claim(s) (USD): $0.02 ($0.01875967527685353)

Next Claim Reward: 1 Claim(s) (WEI): 0.000013469217039811 WETH (13469217039811 wei)
Next Claim Reward: 1 Claim(s) (USD): $0.05 ($0.04739401277502961)

Net profit = (Gross Profit - Gas Cost [Avg])
$0.03 = ($0.05 - $0.02) $0.02863433749817608 = ($0.04739401277502961 - $0.01875967527685353)


5b. 2 Claim(s):

Total gas cost: 2 Claim(s) (USD): $0.04 ($0.04133591641064574)

Claim Reward: 1 Claim(s) (WEI): 0.000013469217039811 WETH (13469217039811 wei)
Claim Reward: 1 Claim(s) (USD): $0.05 ($0.04739401277502961)

Next Claim Reward: 2 Claim(s) (WEI): 0.000026938434079622 WETH (26938434079622 wei)
Next Claim Reward: 2 Claim(s) (USD): $0.09 ($0.09478802555005922)

Net profit = (Gross Profit - Gas Cost [Avg])
$0.05 = ($0.09 - $0.04) $0.05345210913941348 = ($0.09478802555005922 - $0.04133591641064574)


5b. 3 Claim(s):

Total gas cost: 3 Claim(s) (USD): $0.06 ($0.06391215754443795)

Claim Reward: 2 Claim(s) (WEI): 0.000026938434079622 WETH (26938434079622 wei)
Claim Reward: 2 Claim(s) (USD): $0.09 ($0.09478802555005922)

Next Claim Reward: 3 Claim(s) (WEI): 0.000040407651119433 WETH (40407651119433 wei)
Next Claim Reward: 3 Claim(s) (USD): $0.14 ($0.14218203832508883)

Net profit = (Gross Profit - Gas Cost [Avg])
$0.08 = ($0.14 - $0.06) $0.07826988078065088 = ($0.14218203832508883 - $0.06391215754443795)


5b. 4 Claim(s):

Total gas cost: 4 Claim(s) (USD): $0.09 ($0.08648839867823016)

Claim Reward: 3 Claim(s) (WEI): 0.000040407651119433 WETH (40407651119433 wei)
Claim Reward: 3 Claim(s) (USD): $0.14 ($0.14218203832508883)

Next Claim Reward: 4 Claim(s) (WEI): 0.000053876868159244 WETH (53876868159244 wei)
Next Claim Reward: 4 Claim(s) (USD): $0.19 ($0.18957605110011844)

Net profit = (Gross Profit - Gas Cost [Avg])
$0.1 = ($0.19 - $0.09) $0.10308765242188828 = ($0.18957605110011844 - $0.08648839867823016)


5b. 5 Claim(s):

Total gas cost: 5 Claim(s) (USD): $0.11 ($0.10906463981202237)

Claim Reward: 4 Claim(s) (WEI): 0.000053876868159244 WETH (53876868159244 wei)
Claim Reward: 4 Claim(s) (USD): $0.19 ($0.18957605110011844)

Next Claim Reward: 5 Claim(s) (WEI): 0.000067346085199055 WETH (67346085199055 wei)
Next Claim Reward: 5 Claim(s) (USD): $0.24 ($0.236970063875148)

Net profit = (Gross Profit - Gas Cost [Avg])
$0.13 = ($0.24 - $0.11) $0.1279054240631256 = ($0.236970063875148 - $0.10906463981202237)


5b. 6 Claim(s):

Total gas cost: 6 Claim(s) (USD): $0.13 ($0.13164088094581458)

Claim Reward: 5 Claim(s) (WEI): 0.000067346085199055 WETH (67346085199055 wei)
Claim Reward: 5 Claim(s) (USD): $0.24 ($0.236970063875148)

Next Claim Reward: 6 Claim(s) (WEI): 0.000080815302238866 WETH (80815302238866 wei)
Next Claim Reward: 6 Claim(s) (USD): $0.28 ($0.28436407665017766)

Net profit = (Gross Profit - Gas Cost [Avg])
$0.15 = ($0.28 - $0.13) $0.15272319570436307 = ($0.28436407665017766 - $0.13164088094581458)


5b. 7 Claim(s):

Total gas cost: 7 Claim(s) (USD): $0.15 ($0.1542171220796068)

Claim Reward: 6 Claim(s) (WEI): 0.000080815302238866 WETH (80815302238866 wei)
Claim Reward: 6 Claim(s) (USD): $0.28 ($0.28436407665017766)

Next Claim Reward: 7 Claim(s) (WEI): 0.000094284519278677 WETH (94284519278677 wei)
Next Claim Reward: 7 Claim(s) (USD): $0.33 ($0.33175808942520724)

Net profit = (Gross Profit - Gas Cost [Avg])
$0.18 = ($0.33 - $0.15) $0.17754096734560043 = ($0.33175808942520724 - $0.1542171220796068)


5b. 8 Claim(s):

Total gas cost: 8 Claim(s) (USD): $0.18 ($0.176793363213399)

Claim Reward: 7 Claim(s) (WEI): 0.000094284519278677 WETH (94284519278677 wei)
Claim Reward: 7 Claim(s) (USD): $0.33 ($0.33175808942520724)

Next Claim Reward: 8 Claim(s) (WEI): 0.000107753736318488 WETH (107753736318488 wei)
Next Claim Reward: 8 Claim(s) (USD): $0.38 ($0.3791521022002369)

Net profit = (Gross Profit - Gas Cost [Avg])
$0.2 = ($0.38 - $0.18) $0.20235873898683787 = ($0.3791521022002369 - $0.176793363213399)


5b. 9 Claim(s):

Total gas cost: 9 Claim(s) (USD): $0.2 ($0.1993696043471912)

Claim Reward: 8 Claim(s) (WEI): 0.000107753736318488 WETH (107753736318488 wei)
Claim Reward: 8 Claim(s) (USD): $0.38 ($0.3791521022002369)

Next Claim Reward: 9 Claim(s) (WEI): 0.000121222953358299 WETH (121222953358299 wei)
Next Claim Reward: 9 Claim(s) (USD): $0.43 ($0.42654611497526645)

Net profit = (Gross Profit - Gas Cost [Avg])
$0.23 = ($0.43 - $0.2) $0.22717651062807526 = ($0.42654611497526645 - $0.1993696043471912)


5b. 10 Claim(s):

Total gas cost: 10 Claim(s) (USD): $0.22 ($0.2219458454809834)

Claim Reward: 9 Claim(s) (WEI): 0.000121222953358299 WETH (121222953358299 wei)
Claim Reward: 9 Claim(s) (USD): $0.43 ($0.42654611497526645)

Next Claim Reward: 10 Claim(s) (WEI): 0.00013469217039811 WETH (134692170398110 wei)
Next Claim Reward: 10 Claim(s) (USD): $0.47 ($0.473940127750296)

Net profit = (Gross Profit - Gas Cost [Avg])
$0.25 = ($0.47 - $0.22) $0.2519942822693126 = ($0.473940127750296 - $0.2219458454809834)


5b. 11 Claim(s):

Total gas cost: 11 Claim(s) (USD): $0.24 ($0.24452208661477565)

Claim Reward: 10 Claim(s) (WEI): 0.00013469217039811 WETH (134692170398110 wei)
Claim Reward: 10 Claim(s) (USD): $0.47 ($0.473940127750296)

Next Claim Reward: 11 Claim(s) (WEI): 0.000148161387437921 WETH (148161387437921 wei)
Next Claim Reward: 11 Claim(s) (USD): $0.52 ($0.5213341405253257)

Net profit = (Gross Profit - Gas Cost [Avg])
$0.28 = ($0.52 - $0.24) $0.27681205391055 = ($0.5213341405253257 - $0.24452208661477565)


5b. 12 Claim(s):

Total gas cost: 12 Claim(s) (USD): $0.27 ($0.26709832774856784)

Claim Reward: 11 Claim(s) (WEI): 0.000148161387437921 WETH (148161387437921 wei)
Claim Reward: 11 Claim(s) (USD): $0.52 ($0.5213341405253257)

Next Claim Reward: 12 Claim(s) (WEI): 0.000161630604477732 WETH (161630604477732 wei)
Next Claim Reward: 12 Claim(s) (USD): $0.57 ($0.5687281533003553)

Net profit = (Gross Profit - Gas Cost [Avg])
$0.3 = ($0.57 - $0.27) $0.30162982555178747 = ($0.5687281533003553 - $0.26709832774856784)


5b. 13 Claim(s):

Total gas cost: 13 Claim(s) (USD): $0.29 ($0.28967456888236004)

Claim Reward: 12 Claim(s) (WEI): 0.000161630604477732 WETH (161630604477732 wei)
Claim Reward: 12 Claim(s) (USD): $0.57 ($0.5687281533003553)

Next Claim Reward: 13 Claim(s) (WEI): 0.000175099821517543 WETH (175099821517543 wei)
Next Claim Reward: 13 Claim(s) (USD): $0.62 ($0.6161221660753848)

Net profit = (Gross Profit - Gas Cost [Avg])
$0.33 = ($0.62 - $0.29) $0.3264475971930248 = ($0.6161221660753848 - $0.28967456888236004)


5b. 14 Claim(s):

Total gas cost: 14 Claim(s) (USD): $0.31 ($0.31225081001615224)

Claim Reward: 13 Claim(s) (WEI): 0.000175099821517543 WETH (175099821517543 wei)
Claim Reward: 13 Claim(s) (USD): $0.62 ($0.6161221660753848)

Next Claim Reward: 14 Claim(s) (WEI): 0.000188569038557354 WETH (188569038557354 wei)
Next Claim Reward: 14 Claim(s) (USD): $0.66 ($0.6635161788504145)

Net profit = (Gross Profit - Gas Cost [Avg])
$0.35 = ($0.66 - $0.31) $0.35126536883426224 = ($0.6635161788504145 - $0.31225081001615224)


5b. 15 Claim(s):

Total gas cost: 15 Claim(s) (USD): $0.33 ($0.3348270511499445)

Claim Reward: 14 Claim(s) (WEI): 0.000188569038557354 WETH (188569038557354 wei)
Claim Reward: 14 Claim(s) (USD): $0.66 ($0.6635161788504145)

Next Claim Reward: 15 Claim(s) (WEI): 0.000202038255597165 WETH (202038255597165 wei)
Next Claim Reward: 15 Claim(s) (USD): $0.71 ($0.710910191625444)

Net profit = (Gross Profit - Gas Cost [Avg])
$0.38 = ($0.71 - $0.33) $0.3760831404754995 = ($0.710910191625444 - $0.3348270511499445)


5b. 16 Claim(s):

Total gas cost: 16 Claim(s) (USD): $0.36 ($0.3574032922837367)

Claim Reward: 15 Claim(s) (WEI): 0.000202038255597165 WETH (202038255597165 wei)
Claim Reward: 15 Claim(s) (USD): $0.71 ($0.710910191625444)

Next Claim Reward: 16 Claim(s) (WEI): 0.000215507472636976 WETH (215507472636976 wei)
Next Claim Reward: 16 Claim(s) (USD): $0.76 ($0.7583042044004737)

Net profit = (Gross Profit - Gas Cost [Avg])
$0.4 = ($0.76 - $0.36) $0.40090091211673706 = ($0.7583042044004737 - $0.3574032922837367)


5b. 17 Claim(s):

Total gas cost: 17 Claim(s) (USD): $0.38 ($0.3799795334175289)

Claim Reward: 16 Claim(s) (WEI): 0.000215507472636976 WETH (215507472636976 wei)
Claim Reward: 16 Claim(s) (USD): $0.76 ($0.7583042044004737)

Next Claim Reward: 17 Claim(s) (WEI): 0.000228976689676787 WETH (228976689676787 wei)
Next Claim Reward: 17 Claim(s) (USD): $0.81 ($0.8056982171755033)

Net profit = (Gross Profit - Gas Cost [Avg])
$0.43 = ($0.81 - $0.38) $0.4257186837579744 = ($0.8056982171755033 - $0.3799795334175289)


5b. 18 Claim(s):

Total gas cost: 18 Claim(s) (USD): $0.4 ($0.4025557745513211)

Claim Reward: 17 Claim(s) (WEI): 0.000228976689676787 WETH (228976689676787 wei)
Claim Reward: 17 Claim(s) (USD): $0.81 ($0.8056982171755033)

Next Claim Reward: 18 Claim(s) (WEI): 0.000242445906716598 WETH (242445906716598 wei)
Next Claim Reward: 18 Claim(s) (USD): $0.85 ($0.8530922299505329)

Net profit = (Gross Profit - Gas Cost [Avg])
$0.45 = ($0.85 - $0.4) $0.45053645539921183 = ($0.8530922299505329 - $0.4025557745513211)


5b. 19 Claim(s):

Total gas cost: 19 Claim(s) (USD): $0.43 ($0.4251320156851133)

Claim Reward: 18 Claim(s) (WEI): 0.000242445906716598 WETH (242445906716598 wei)
Claim Reward: 18 Claim(s) (USD): $0.85 ($0.8530922299505329)

Next Claim Reward: 19 Claim(s) (WEI): 0.000255915123756409 WETH (255915123756409 wei)
Next Claim Reward: 19 Claim(s) (USD): $0.9 ($0.9004862427255624)

Net profit = (Gross Profit - Gas Cost [Avg])
$0.48 = ($0.9 - $0.43) $0.47535422704044916 = ($0.9004862427255624 - $0.4251320156851133)


5b. 20 Claim(s):

Total gas cost: 20 Claim(s) (USD): $0.45 ($0.4477082568189055)

Claim Reward: 19 Claim(s) (WEI): 0.000255915123756409 WETH (255915123756409 wei)
Claim Reward: 19 Claim(s) (USD): $0.9 ($0.9004862427255624)

Next Claim Reward: 20 Claim(s) (WEI): 0.00026938434079622 WETH (269384340796220 wei)
Next Claim Reward: 20 Claim(s) (USD): $0.95 ($0.947880255500592)

Net profit = (Gross Profit - Gas Cost [Avg])
$0.5 = ($0.95 - $0.45) $0.5001719986816864 = ($0.947880255500592 - $0.4477082568189055)


******************
5c. Profit/Loss (USD):

Net profit = (Gross Profit - Gas Cost [Max])
$0.5 = ($0.95 - $0.45) $0.5001719986816864 = ($0.947880255500592 - $0.4477082568189055)

Submitting transaction to claim 20 prize(s):

0x798a13b071a8aac2d55109a53a2ba4230444619d-0x9f95b9152B636767C025aD8554073F4E5919D90f-4-40
0x798a13b071a8aac2d55109a53a2ba4230444619d-0xC463D7e8078316C2A78decaA1cDE46C549833029-4-251
0x798a13b071a8aac2d55109a53a2ba4230444619d-0x4d2A713DCDF30b19d68A2eE1a123204385cC92CB-4-38
0x798a13b071a8aac2d55109a53a2ba4230444619d-0x6183d27B6EDFEb4601a30364E702cB9d3A062181-4-79
0x798a13b071a8aac2d55109a53a2ba4230444619d-0x3801094487C3c5CBea1959929bF40c1eD0D49F2D-4-119
0x798a13b071a8aac2d55109a53a2ba4230444619d-0xC937a3A538f8Ea79939F7477792F8D5F13bA303b-4-135
0x798a13b071a8aac2d55109a53a2ba4230444619d-0xc34F372f850857d1bC9dfB1d45ec259253B91C12-4-152
0x798a13b071a8aac2d55109a53a2ba4230444619d-0x80322dE85A0DCa7E96C4125E3354b2d22Ae9FadA-4-40
0x798a13b071a8aac2d55109a53a2ba4230444619d-0x2389cD6a7a09fB07b89B2CAB12E8541ACcAa1E3f-4-72
0x798a13b071a8aac2d55109a53a2ba4230444619d-0xEeCa7f31391119Da9d923f206b16d78556c4eb3e-4-236
0x798a13b071a8aac2d55109a53a2ba4230444619d-0x657004F7d8750753AEBDC6265723C03c6DF6CD33-4-146
0x798a13b071a8aac2d55109a53a2ba4230444619d-0xE68cde5c8b70b90a3866C877Dfc249AA42ebB0f0-4-174
0x798a13b071a8aac2d55109a53a2ba4230444619d-0xccC6B97A870B62AAB5BcaC575A44bCEAe3C8ddEC-4-16
0x798a13b071a8aac2d55109a53a2ba4230444619d-0x73408825b9c0568A220416AEC8bEe0d0ab37130d-4-139
0x798a13b071a8aac2d55109a53a2ba4230444619d-0x45cD8411D3072892B7B30441645B029AaC8f5E86-4-233
0x798a13b071a8aac2d55109a53a2ba4230444619d-0x37bBB9506cacF5982B0d9a50f267cdE0Dd547ba8-4-37
0x798a13b071a8aac2d55109a53a2ba4230444619d-0x21C113AaC2ad4ac42438E2ff26325f7d8EA1d84F-4-211
0x798a13b071a8aac2d55109a53a2ba4230444619d-0xE5a108FD4a335ff71D27E71d69F1107cC9afe3bE-4-192
0x798a13b071a8aac2d55109a53a2ba4230444619d-0x8FB76D083f806671fab2Bdf9Aad2cf89050D7d66-4-142
0x798a13b071a8aac2d55109a53a2ba4230444619d-0xb0F6a11A8dF52a687D41A2C50788031445643242-4-207



Execute Claim Transaction for Tier #4 (Canary tier)



Transaction sent! ✔
Transaction hash: 0x87748f75a51bb607ce81619eb2011e2b479b327be497820f63d17f0c3683702f
Waiting on transaction to be confirmed ...
Tx confirmed !




******************
Processing:
Vault:     0xa18d434e584b24b364b506cf2b5cc0cef6be5d5c
Tier:      #4 (Canary tier)
# prizes:  144

5a. Calculating # of profitable claims ...

Native (Gas) Token ETH Market Rate (USD): $3526.06

Estimated gas limit (wei) (1 prize claim): 0.000000000000179989 ETH (179989 wei)
Estimated gas limit (wei) (2 prize claims): 0.000000000000259301 ETH (259301 wei)

Gas Cost: First Claim (wei): 0.000000000000179989 ETH (179989 wei)
Gas Cost: Each Following Claim (wei): 0.000000000000079312 ETH (79312 wei)

Gas Cost: First Claim (USD): $0.02 $0.01882523419681915
Gas Cost: Each Following Claim (USD): $0.02 $0.022609041755466425

5b. 1 Claim(s):

Total gas cost: 1 Claim(s) (USD): $0.02 ($0.01882523419681915)

Next Claim Reward: 1 Claim(s) (WEI): 0.000013469217039811 WETH (13469217039811 wei)
Next Claim Reward: 1 Claim(s) (USD): $0.05 ($0.04739401277502961)

Net profit = (Gross Profit - Gas Cost [Avg])
$0.03 = ($0.05 - $0.02) $0.028568778578210458 = ($0.04739401277502961 - $0.01882523419681915)


5b. 2 Claim(s):

Total gas cost: 2 Claim(s) (USD): $0.04 ($0.041434275952285576)

Claim Reward: 1 Claim(s) (WEI): 0.000013469217039811 WETH (13469217039811 wei)
Claim Reward: 1 Claim(s) (USD): $0.05 ($0.04739401277502961)

Next Claim Reward: 2 Claim(s) (WEI): 0.000026938434079622 WETH (26938434079622 wei)
Next Claim Reward: 2 Claim(s) (USD): $0.09 ($0.09478802555005922)

Net profit = (Gross Profit - Gas Cost [Avg])
$0.05 = ($0.09 - $0.04) $0.05335374959777364 = ($0.09478802555005922 - $0.041434275952285576)


5b. 3 Claim(s):

Total gas cost: 3 Claim(s) (USD): $0.06 ($0.064043317707752)

Claim Reward: 2 Claim(s) (WEI): 0.000026938434079622 WETH (26938434079622 wei)
Claim Reward: 2 Claim(s) (USD): $0.09 ($0.09478802555005922)

Next Claim Reward: 3 Claim(s) (WEI): 0.000040407651119433 WETH (40407651119433 wei)
Next Claim Reward: 3 Claim(s) (USD): $0.14 ($0.14218203832508883)

Net profit = (Gross Profit - Gas Cost [Avg])
$0.08 = ($0.14 - $0.06) $0.07813872061733683 = ($0.14218203832508883 - $0.064043317707752)


5b. 4 Claim(s):

Total gas cost: 4 Claim(s) (USD): $0.09 ($0.08665235946321843)

Claim Reward: 3 Claim(s) (WEI): 0.000040407651119433 WETH (40407651119433 wei)
Claim Reward: 3 Claim(s) (USD): $0.14 ($0.14218203832508883)

Next Claim Reward: 4 Claim(s) (WEI): 0.000053876868159244 WETH (53876868159244 wei)
Next Claim Reward: 4 Claim(s) (USD): $0.19 ($0.18957605110011844)

Net profit = (Gross Profit - Gas Cost [Avg])
$0.1 = ($0.19 - $0.09) $0.1029236916369 = ($0.18957605110011844 - $0.08665235946321843)


5b. 5 Claim(s):

Total gas cost: 5 Claim(s) (USD): $0.11 ($0.10926140121868486)

Claim Reward: 4 Claim(s) (WEI): 0.000053876868159244 WETH (53876868159244 wei)
Claim Reward: 4 Claim(s) (USD): $0.19 ($0.18957605110011844)

Next Claim Reward: 5 Claim(s) (WEI): 0.000067346085199055 WETH (67346085199055 wei)
Next Claim Reward: 5 Claim(s) (USD): $0.24 ($0.236970063875148)

Net profit = (Gross Profit - Gas Cost [Avg])
$0.13 = ($0.24 - $0.11) $0.12770866265646313 = ($0.236970063875148 - $0.10926140121868486)


5b. 6 Claim(s):

Total gas cost: 6 Claim(s) (USD): $0.13 ($0.13187044297415126)

Claim Reward: 5 Claim(s) (WEI): 0.000067346085199055 WETH (67346085199055 wei)
Claim Reward: 5 Claim(s) (USD): $0.24 ($0.236970063875148)

Next Claim Reward: 6 Claim(s) (WEI): 0.000080815302238866 WETH (80815302238866 wei)
Next Claim Reward: 6 Claim(s) (USD): $0.28 ($0.28436407665017766)

Net profit = (Gross Profit - Gas Cost [Avg])
$0.15 = ($0.28 - $0.13) $0.1524936336760264 = ($0.28436407665017766 - $0.13187044297415126)


5b. 7 Claim(s):

Total gas cost: 7 Claim(s) (USD): $0.15 ($0.1544794847296177)

Claim Reward: 6 Claim(s) (WEI): 0.000080815302238866 WETH (80815302238866 wei)
Claim Reward: 6 Claim(s) (USD): $0.28 ($0.28436407665017766)

Next Claim Reward: 7 Claim(s) (WEI): 0.000094284519278677 WETH (94284519278677 wei)
Next Claim Reward: 7 Claim(s) (USD): $0.33 ($0.33175808942520724)

Net profit = (Gross Profit - Gas Cost [Avg])
$0.18 = ($0.33 - $0.15) $0.17727860469558954 = ($0.33175808942520724 - $0.1544794847296177)


5b. 8 Claim(s):

Total gas cost: 8 Claim(s) (USD): $0.18 ($0.1770885264850841)

Claim Reward: 7 Claim(s) (WEI): 0.000094284519278677 WETH (94284519278677 wei)
Claim Reward: 7 Claim(s) (USD): $0.33 ($0.33175808942520724)

Next Claim Reward: 8 Claim(s) (WEI): 0.000107753736318488 WETH (107753736318488 wei)
Next Claim Reward: 8 Claim(s) (USD): $0.38 ($0.3791521022002369)

Net profit = (Gross Profit - Gas Cost [Avg])
$0.2 = ($0.38 - $0.18) $0.20206357571515277 = ($0.3791521022002369 - $0.1770885264850841)


5b. 9 Claim(s):

Total gas cost: 9 Claim(s) (USD): $0.2 ($0.19969756824055054)

Claim Reward: 8 Claim(s) (WEI): 0.000107753736318488 WETH (107753736318488 wei)
Claim Reward: 8 Claim(s) (USD): $0.38 ($0.3791521022002369)

Next Claim Reward: 9 Claim(s) (WEI): 0.000121222953358299 WETH (121222953358299 wei)
Next Claim Reward: 9 Claim(s) (USD): $0.43 ($0.42654611497526645)

Net profit = (Gross Profit - Gas Cost [Avg])
$0.23 = ($0.43 - $0.2) $0.2268485467347159 = ($0.42654611497526645 - $0.19969756824055054)


5b. 10 Claim(s):

Total gas cost: 10 Claim(s) (USD): $0.22 ($0.22230660999601698)

Claim Reward: 9 Claim(s) (WEI): 0.000121222953358299 WETH (121222953358299 wei)
Claim Reward: 9 Claim(s) (USD): $0.43 ($0.42654611497526645)

Next Claim Reward: 10 Claim(s) (WEI): 0.00013469217039811 WETH (134692170398110 wei)
Next Claim Reward: 10 Claim(s) (USD): $0.47 ($0.473940127750296)

Net profit = (Gross Profit - Gas Cost [Avg])
$0.25 = ($0.47 - $0.22) $0.251633517754279 = ($0.473940127750296 - $0.22230660999601698)


5b. 11 Claim(s):

Total gas cost: 11 Claim(s) (USD): $0.24 ($0.2449156517514834)

Claim Reward: 10 Claim(s) (WEI): 0.00013469217039811 WETH (134692170398110 wei)
Claim Reward: 10 Claim(s) (USD): $0.47 ($0.473940127750296)

Next Claim Reward: 11 Claim(s) (WEI): 0.000148161387437921 WETH (148161387437921 wei)
Next Claim Reward: 11 Claim(s) (USD): $0.52 ($0.5213341405253257)

Net profit = (Gross Profit - Gas Cost [Avg])
$0.28 = ($0.52 - $0.24) $0.2764184887738423 = ($0.5213341405253257 - $0.2449156517514834)


5b. 12 Claim(s):

Total gas cost: 12 Claim(s) (USD): $0.27 ($0.26752469350694985)

Claim Reward: 11 Claim(s) (WEI): 0.000148161387437921 WETH (148161387437921 wei)
Claim Reward: 11 Claim(s) (USD): $0.52 ($0.5213341405253257)

Next Claim Reward: 12 Claim(s) (WEI): 0.000161630604477732 WETH (161630604477732 wei)
Next Claim Reward: 12 Claim(s) (USD): $0.57 ($0.5687281533003553)

Net profit = (Gross Profit - Gas Cost [Avg])
$0.3 = ($0.57 - $0.27) $0.30120345979340546 = ($0.5687281533003553 - $0.26752469350694985)


5b. 13 Claim(s):

Total gas cost: 13 Claim(s) (USD): $0.29 ($0.29013373526241626)

Claim Reward: 12 Claim(s) (WEI): 0.000161630604477732 WETH (161630604477732 wei)
Claim Reward: 12 Claim(s) (USD): $0.57 ($0.5687281533003553)

Next Claim Reward: 13 Claim(s) (WEI): 0.000175099821517543 WETH (175099821517543 wei)
Next Claim Reward: 13 Claim(s) (USD): $0.62 ($0.6161221660753848)

Net profit = (Gross Profit - Gas Cost [Avg])
$0.33 = ($0.62 - $0.29) $0.3259884308129686 = ($0.6161221660753848 - $0.29013373526241626)


5b. 14 Claim(s):

Total gas cost: 14 Claim(s) (USD): $0.31 ($0.31274277701788267)

Claim Reward: 13 Claim(s) (WEI): 0.000175099821517543 WETH (175099821517543 wei)
Claim Reward: 13 Claim(s) (USD): $0.62 ($0.6161221660753848)

Next Claim Reward: 14 Claim(s) (WEI): 0.000188569038557354 WETH (188569038557354 wei)
Next Claim Reward: 14 Claim(s) (USD): $0.66 ($0.6635161788504145)

Net profit = (Gross Profit - Gas Cost [Avg])
$0.35 = ($0.66 - $0.31) $0.3507734018325318 = ($0.6635161788504145 - $0.31274277701788267)


5b. 15 Claim(s):

Total gas cost: 15 Claim(s) (USD): $0.34 ($0.3353518187733491)

Claim Reward: 14 Claim(s) (WEI): 0.000188569038557354 WETH (188569038557354 wei)
Claim Reward: 14 Claim(s) (USD): $0.66 ($0.6635161788504145)

Next Claim Reward: 15 Claim(s) (WEI): 0.000202038255597165 WETH (202038255597165 wei)
Next Claim Reward: 15 Claim(s) (USD): $0.71 ($0.710910191625444)

Net profit = (Gross Profit - Gas Cost [Avg])
$0.38 = ($0.71 - $0.34) $0.3755583728520949 = ($0.710910191625444 - $0.3353518187733491)


5b. 16 Claim(s):

Total gas cost: 16 Claim(s) (USD): $0.36 ($0.35796086052881554)

Claim Reward: 15 Claim(s) (WEI): 0.000202038255597165 WETH (202038255597165 wei)
Claim Reward: 15 Claim(s) (USD): $0.71 ($0.710910191625444)

Next Claim Reward: 16 Claim(s) (WEI): 0.000215507472636976 WETH (215507472636976 wei)
Next Claim Reward: 16 Claim(s) (USD): $0.76 ($0.7583042044004737)

Net profit = (Gross Profit - Gas Cost [Avg])
$0.4 = ($0.76 - $0.36) $0.4003433438716582 = ($0.7583042044004737 - $0.35796086052881554)


5b. 17 Claim(s):

Total gas cost: 17 Claim(s) (USD): $0.38 ($0.38056990228428195)

Claim Reward: 16 Claim(s) (WEI): 0.000215507472636976 WETH (215507472636976 wei)
Claim Reward: 16 Claim(s) (USD): $0.76 ($0.7583042044004737)

Next Claim Reward: 17 Claim(s) (WEI): 0.000228976689676787 WETH (228976689676787 wei)
Next Claim Reward: 17 Claim(s) (USD): $0.81 ($0.8056982171755033)

Net profit = (Gross Profit - Gas Cost [Avg])
$0.43 = ($0.81 - $0.38) $0.4251283148912213 = ($0.8056982171755033 - $0.38056990228428195)


5b. 18 Claim(s):

Total gas cost: 18 Claim(s) (USD): $0.4 ($0.40317894403974835)

Claim Reward: 17 Claim(s) (WEI): 0.000228976689676787 WETH (228976689676787 wei)
Claim Reward: 17 Claim(s) (USD): $0.81 ($0.8056982171755033)

Next Claim Reward: 18 Claim(s) (WEI): 0.000242445906716598 WETH (242445906716598 wei)
Next Claim Reward: 18 Claim(s) (USD): $0.85 ($0.8530922299505329)

Net profit = (Gross Profit - Gas Cost [Avg])
$0.45 = ($0.85 - $0.4) $0.44991328591078456 = ($0.8530922299505329 - $0.40317894403974835)


5b. 19 Claim(s):

Total gas cost: 19 Claim(s) (USD): $0.43 ($0.4257879857952148)

Claim Reward: 18 Claim(s) (WEI): 0.000242445906716598 WETH (242445906716598 wei)
Claim Reward: 18 Claim(s) (USD): $0.85 ($0.8530922299505329)

Next Claim Reward: 19 Claim(s) (WEI): 0.000255915123756409 WETH (255915123756409 wei)
Next Claim Reward: 19 Claim(s) (USD): $0.9 ($0.9004862427255624)

Net profit = (Gross Profit - Gas Cost [Avg])
$0.47 = ($0.9 - $0.43) $0.4746982569303476 = ($0.9004862427255624 - $0.4257879857952148)


5b. 20 Claim(s):

Total gas cost: 20 Claim(s) (USD): $0.45 ($0.4483970275506812)

Claim Reward: 19 Claim(s) (WEI): 0.000255915123756409 WETH (255915123756409 wei)
Claim Reward: 19 Claim(s) (USD): $0.9 ($0.9004862427255624)

Next Claim Reward: 20 Claim(s) (WEI): 0.00026938434079622 WETH (269384340796220 wei)
Next Claim Reward: 20 Claim(s) (USD): $0.95 ($0.947880255500592)

Net profit = (Gross Profit - Gas Cost [Avg])
$0.5 = ($0.95 - $0.45) $0.49948322794991074 = ($0.947880255500592 - $0.4483970275506812)


5b. 21 Claim(s):

Total gas cost: 21 Claim(s) (USD): $0.47 ($0.47100606930614763)

Claim Reward: 20 Claim(s) (WEI): 0.00026938434079622 WETH (269384340796220 wei)
Claim Reward: 20 Claim(s) (USD): $0.95 ($0.947880255500592)

Next Claim Reward: 21 Claim(s) (WEI): 0.000282853557836031 WETH (282853557836031 wei)
Next Claim Reward: 21 Claim(s) (USD): $1 ($0.9952742682756217)

Net profit = (Gross Profit - Gas Cost [Avg])
$0.52 = ($1 - $0.47) $0.5242681989694741 = ($0.9952742682756217 - $0.47100606930614763)


5b. 22 Claim(s):

Total gas cost: 22 Claim(s) (USD): $0.49 ($0.4936151110616141)

Claim Reward: 21 Claim(s) (WEI): 0.000282853557836031 WETH (282853557836031 wei)
Claim Reward: 21 Claim(s) (USD): $1 ($0.9952742682756217)

Next Claim Reward: 22 Claim(s) (WEI): 0.000296322774875842 WETH (296322774875842 wei)
Next Claim Reward: 22 Claim(s) (USD): $1.04 ($1.0426682810506513)

Net profit = (Gross Profit - Gas Cost [Avg])
$0.55 = ($1.04 - $0.49) $0.5490531699890373 = ($1.0426682810506513 - $0.4936151110616141)


5b. 23 Claim(s):

Total gas cost: 23 Claim(s) (USD): $0.52 ($0.5162241528170806)

Claim Reward: 22 Claim(s) (WEI): 0.000296322774875842 WETH (296322774875842 wei)
Claim Reward: 22 Claim(s) (USD): $1.04 ($1.0426682810506513)

Next Claim Reward: 23 Claim(s) (WEI): 0.000309791991915653 WETH (309791991915653 wei)
Next Claim Reward: 23 Claim(s) (USD): $1.09 ($1.0900622938256808)

Net profit = (Gross Profit - Gas Cost [Avg])
$0.57 = ($1.09 - $0.52) $0.5738381410086002 = ($1.0900622938256808 - $0.5162241528170806)


5b. 24 Claim(s):

Total gas cost: 24 Claim(s) (USD): $0.54 ($0.538833194572547)

Claim Reward: 23 Claim(s) (WEI): 0.000309791991915653 WETH (309791991915653 wei)
Claim Reward: 23 Claim(s) (USD): $1.09 ($1.0900622938256808)

Next Claim Reward: 24 Claim(s) (WEI): 0.000323261208955464 WETH (323261208955464 wei)
Next Claim Reward: 24 Claim(s) (USD): $1.14 ($1.1374563066007106)

Net profit = (Gross Profit - Gas Cost [Avg])
$0.6 = ($1.14 - $0.54) $0.5986231120281637 = ($1.1374563066007106 - $0.538833194572547)


5b. 25 Claim(s):

Total gas cost: 25 Claim(s) (USD): $0.56 ($0.5614422363280134)

Claim Reward: 24 Claim(s) (WEI): 0.000323261208955464 WETH (323261208955464 wei)
Claim Reward: 24 Claim(s) (USD): $1.14 ($1.1374563066007106)

Next Claim Reward: 25 Claim(s) (WEI): 0.000336730425995275 WETH (336730425995275 wei)
Next Claim Reward: 25 Claim(s) (USD): $1.18 ($1.1848503193757403)

Net profit = (Gross Profit - Gas Cost [Avg])
$0.62 = ($1.18 - $0.56) $0.6234080830477269 = ($1.1848503193757403 - $0.5614422363280134)


5b. 26 Claim(s):

Total gas cost: 26 Claim(s) (USD): $0.58 ($0.5840512780834798)

Claim Reward: 25 Claim(s) (WEI): 0.000336730425995275 WETH (336730425995275 wei)
Claim Reward: 25 Claim(s) (USD): $1.18 ($1.1848503193757403)

Next Claim Reward: 26 Claim(s) (WEI): 0.000350199643035086 WETH (350199643035086 wei)
Next Claim Reward: 26 Claim(s) (USD): $1.23 ($1.2322443321507697)

Net profit = (Gross Profit - Gas Cost [Avg])
$0.65 = ($1.23 - $0.58) $0.6481930540672899 = ($1.2322443321507697 - $0.5840512780834798)


5b. 27 Claim(s):

Total gas cost: 27 Claim(s) (USD): $0.61 ($0.6066603198389462)

Claim Reward: 26 Claim(s) (WEI): 0.000350199643035086 WETH (350199643035086 wei)
Claim Reward: 26 Claim(s) (USD): $1.23 ($1.2322443321507697)

Next Claim Reward: 27 Claim(s) (WEI): 0.000363668860074897 WETH (363668860074897 wei)
Next Claim Reward: 27 Claim(s) (USD): $1.28 ($1.2796383449257993)

Net profit = (Gross Profit - Gas Cost [Avg])
$0.67 = ($1.28 - $0.61) $0.6729780250868531 = ($1.2796383449257993 - $0.6066603198389462)


5b. 28 Claim(s):

Total gas cost: 28 Claim(s) (USD): $0.63 ($0.6292693615944126)

Claim Reward: 27 Claim(s) (WEI): 0.000363668860074897 WETH (363668860074897 wei)
Claim Reward: 27 Claim(s) (USD): $1.28 ($1.2796383449257993)

Next Claim Reward: 28 Claim(s) (WEI): 0.000377138077114708 WETH (377138077114708 wei)
Next Claim Reward: 28 Claim(s) (USD): $1.33 ($1.327032357700829)

Net profit = (Gross Profit - Gas Cost [Avg])
$0.7 = ($1.33 - $0.63) $0.6977629961064163 = ($1.327032357700829 - $0.6292693615944126)


5b. 29 Claim(s):

Total gas cost: 29 Claim(s) (USD): $0.65 ($0.651878403349879)

Claim Reward: 28 Claim(s) (WEI): 0.000377138077114708 WETH (377138077114708 wei)
Claim Reward: 28 Claim(s) (USD): $1.33 ($1.327032357700829)

Next Claim Reward: 29 Claim(s) (WEI): 0.000390607294154519 WETH (390607294154519 wei)
Next Claim Reward: 29 Claim(s) (USD): $1.37 ($1.3744263704758586)

Net profit = (Gross Profit - Gas Cost [Avg])
$0.72 = ($1.37 - $0.65) $0.7225479671259796 = ($1.3744263704758586 - $0.651878403349879)


5b. 30 Claim(s):

Total gas cost: 30 Claim(s) (USD): $0.67 ($0.6744874451053455)

Claim Reward: 29 Claim(s) (WEI): 0.000390607294154519 WETH (390607294154519 wei)
Claim Reward: 29 Claim(s) (USD): $1.37 ($1.3744263704758586)

Next Claim Reward: 30 Claim(s) (WEI): 0.00040407651119433 WETH (404076511194330 wei)
Next Claim Reward: 30 Claim(s) (USD): $1.42 ($1.421820383250888)

Net profit = (Gross Profit - Gas Cost [Avg])
$0.75 = ($1.42 - $0.67) $0.7473329381455425 = ($1.421820383250888 - $0.6744874451053455)

******************
5c. Profit/Loss (USD):

Net profit = (Gross Profit - Gas Cost [Max])
$0.7 = ($1.37 - $0.67) $0.699938925370513 = ($1.3744263704758586 - $0.6744874451053455)

Submitting transaction to claim 29 prize(s):

0xa18d434e584b24b364b506cf2b5cc0cef6be5d5c-0x0a8864492DD07E5Ec15E4C300D88DA0c30FB445c-4-59
0xa18d434e584b24b364b506cf2b5cc0cef6be5d5c-0xcBd896aB160F1D6D0FE1970C032680BF6A558586-4-8
0xa18d434e584b24b364b506cf2b5cc0cef6be5d5c-0xcBd896aB160F1D6D0FE1970C032680BF6A558586-4-62
0xa18d434e584b24b364b506cf2b5cc0cef6be5d5c-0xc25a38D0D05BFFD03377365CFAEe944A89823bA6-4-17
0xa18d434e584b24b364b506cf2b5cc0cef6be5d5c-0x58F8C5e133A4b6958ba41440BEB1427E09D600E0-4-70
0xa18d434e584b24b364b506cf2b5cc0cef6be5d5c-0xE85596c01441b8deA9B2fb4b76eb1bE232b1D6FB-4-175
0xa18d434e584b24b364b506cf2b5cc0cef6be5d5c-0x40B45ff889e6D126A3563d7ddA535FCc9074d698-4-37
0xa18d434e584b24b364b506cf2b5cc0cef6be5d5c-0x06697c645fde4afe9D5FeF5A799416dD69002c41-4-119
0xa18d434e584b24b364b506cf2b5cc0cef6be5d5c-0x679119564841130A4787e5A29F0C7C9d0b8DFa44-4-8
0xa18d434e584b24b364b506cf2b5cc0cef6be5d5c-0x89639Ac85671dC1ED3A45efd2D471762c4007d06-4-38
0xa18d434e584b24b364b506cf2b5cc0cef6be5d5c-0x32CB98D2993aaDE1434872Df29509c997DBCBe9C-4-160
0xa18d434e584b24b364b506cf2b5cc0cef6be5d5c-0x125a4BB3DeCa8594513AF19EcC3bF0DFA69df18e-4-236
0xa18d434e584b24b364b506cf2b5cc0cef6be5d5c-0x90016957EeacdF9cAFb22b844aD7006d37F4567F-4-252
0xa18d434e584b24b364b506cf2b5cc0cef6be5d5c-0xB9ca7FeE3dB550f12e3F8bD8A664B6c42bd12552-4-228
0xa18d434e584b24b364b506cf2b5cc0cef6be5d5c-0xe35B349CC5B05aB3fD883dDEE68fA8Ebd6a82391-4-119
0xa18d434e584b24b364b506cf2b5cc0cef6be5d5c-0x69D8Ed3e366250800e715821DB8a34906A9E42Ce-4-137
0xa18d434e584b24b364b506cf2b5cc0cef6be5d5c-0x5a60057b9A19Ea396A03d51064834452d618C1C8-4-219
0xa18d434e584b24b364b506cf2b5cc0cef6be5d5c-0x40D90e8CE2E7AE4B0F4EFd163c70a91ebCd37745-4-183
0xa18d434e584b24b364b506cf2b5cc0cef6be5d5c-0xc3358d5d95F50739cCd9fF3450Bd13C1F71Cb02d-4-84
0xa18d434e584b24b364b506cf2b5cc0cef6be5d5c-0x1E45B439012E3d631d87A17DDCc19b4D6b1048e6-4-70
0xa18d434e584b24b364b506cf2b5cc0cef6be5d5c-0x93f2d5987C2532870C77a4d261F86A0d1FF509A7-4-145
0xa18d434e584b24b364b506cf2b5cc0cef6be5d5c-0x930Dc893EEA063Bbbf5893AC198ccD2A2E008e09-4-132
0xa18d434e584b24b364b506cf2b5cc0cef6be5d5c-0x838D114c58657a1C4d90949016e9dDF07b74Bf75-4-248
0xa18d434e584b24b364b506cf2b5cc0cef6be5d5c-0xCe8e28e84e5a8F43b8475D83F00dB6cC8fd9cecE-4-111
0xa18d434e584b24b364b506cf2b5cc0cef6be5d5c-0x7Ed6CBC7b1D278A59d9cB4bfDCd91D54C172BB9f-4-203
0xa18d434e584b24b364b506cf2b5cc0cef6be5d5c-0xB7e81748992255aC6fddacD85ffe0b08e1CB72D4-4-84
0xa18d434e584b24b364b506cf2b5cc0cef6be5d5c-0x87f8125B676DA4c491090aEf45c353034e3D46b7-4-79
0xa18d434e584b24b364b506cf2b5cc0cef6be5d5c-0x627527Fa4bC21B38a69AeDCD8F7A5dfaB19beDC0-4-116
0xa18d434e584b24b364b506cf2b5cc0cef6be5d5c-0x6e01FCd05Bd147b670326BCDCc2a8A9F631Aeeb6-4-146



Execute Claim Transaction for Tier #4 (Canary tier)



Transaction sent! ✔
Transaction hash: 0xe32027c3dd8caa166823bf2a4c41fcf7d3bff21cdd46e3f4c9ca928b9eb50250
Waiting on transaction to be confirmed ...
Tx confirmed !




******************
Processing:
Vault:     0x75ca27bb45d689c18f350592e036ee4e10a68d06
Tier:      #5 (Canary tier)
# prizes:  379

5a. Calculating # of profitable claims ...

Native (Gas) Token ETH Market Rate (USD): $3526.06

Estimated gas limit (wei) (1 prize claim): 0.000000000000174519 ETH (174519 wei)
Estimated gas limit (wei) (2 prize claims): 0.000000000000253199 ETH (253199 wei)

Gas Cost: First Claim (wei): 0.000000000000174519 ETH (174519 wei)
Gas Cost: Each Following Claim (wei): 0.00000000000007868 ETH (78680 wei)

Gas Cost: First Claim (USD): $0.02 $0.01748963321576292
Gas Cost: Each Following Claim (USD): $0.02 $0.02103533856890214

5b. 1 Claim(s):

Total gas cost: 1 Claim(s) (USD): $0.02 ($0.01748963321576292)

Next Claim Reward: 1 Claim(s) (WEI): 0.000003367304259952 WETH (3367304259952 wei)
Next Claim Reward: 1 Claim(s) (USD): $0.01 ($0.011848503193754762)

Net profit = (Gross Profit - Gas Cost [Avg])
$-0.01 = ($0.01 - $0.02) $-0.005641130022008157 = ($0.011848503193754762 - $0.01748963321576292)

******************
5c. Profit/Loss (USD):

Net profit = (Gross Profit - Gas Cost [Max])
$-0.02 = ($0 - $0.02) $-0.01748963321576292 = ($0 - $0.01748963321576292)

Claiming tier #5 (Canary tier) currently not profitable.
Not profitable to claim for Draw #13, Tier: #5 (Canary tier)




******************
Processing:
Vault:     0x798a13b071a8aac2d55109a53a2ba4230444619d
Tier:      #5 (Canary tier)
# prizes:  92

Tier #5 (Canary tier) not profitable, skipping ...





******************
Processing:
Vault:     0xa18d434e584b24b364b506cf2b5cc0cef6be5d5c
Tier:      #5 (Canary tier)
# prizes:  581

Tier #5 (Canary tier) not profitable, skipping ...

