Operating on: 11155420 - Optimism Sepolia
Config - MIN_PROFIT_THRESHOLD_USD: -0.1

Starting ...
Getting prize pool info ...
Getting prize context ...

******************
1. Prize token: WETH

┌────────────┬──────────────────────────────────────────────┬──────────┬─────────────────┬────────┬──────────────┐
│ (index)    │ address                                      │ decimals │ name            │ symbol │ assetRateUsd │
├────────────┼──────────────────────────────────────────────┼──────────┼─────────────────┼────────┼──────────────┤
│ prizeToken │ '0x28Dae98474c0EeDF4Ee74Da5300Dd89dE5466E62' │ 18       │ 'Wrapped Ether' │ 'WETH' │ 3506.6118    │
└────────────┴──────────────────────────────────────────────┴──────────┴─────────────────┴────────┴──────────────┘
┌─────────┬──────────┬──────────────────────────────┐
│ (index) │ numTiers │ tiersRangeArray              │
├─────────┼──────────┼──────────────────────────────┤
│ tiers   │ 4        │ [ 0, 1, 2, ... 1 more item ] │
└─────────┴──────────┴──────────────────────────────┘
Draw ID: 19
Prize Token WETH MarketRate USD:  $3506.6118

******************
Getting prize vaults ...
Found 6 prize vaults.

30 prizes already claimed for draw #19.
76 prizes remaining to be claimed...




******************
Processing:
Vault:     0x887db83c6b90b8c6d3a0729e1299c6153220649e
Tier:      #3 (Canary tier)
# prizes:  21

5a. Calculating # of profitable claims ...

Native (Gas) Token ETH Market Rate (USD): $3516.32

Estimated gas limit (wei) (1 prize claim): 0.000000000000185603 ETH (185603 wei)
Estimated gas limit (wei) (2 prize claims): 0.000000000000270527 ETH (270527 wei)

Gas Cost: First Claim (wei): 0.000000000000185603 ETH (185603 wei)
Gas Cost: Each Following Claim (wei): 0.000000000000084924 ETH (84924 wei)

Gas Cost: First Claim (USD): $0.92 $0.9205253721272703
Gas Cost: Each Following Claim (USD): $1.13 $1.1294710513014594

5b. 1 Claim(s):

Total gas cost: 1 Claim(s) (USD): $0.92 ($0.9205253721272703)

Next Claim Reward: 1 Claim(s) (WEI): 0.000042928292001071 WETH (42928292001071 wei)
Next Claim Reward: 1 Claim(s) (USD): $0.15 ($0.15053285528480118)

Net profit = (Gross Profit - Gas Cost [Avg])
$-0.77 = ($0.15 - $0.92) $-0.769992516842469 = ($0.15053285528480118 - $0.9205253721272703)

******************
5c. Profit/Loss (USD):

Net profit = (Gross Profit - Gas Cost [Max])
$-0.92 = ($0 - $0.92) $-0.9205253721272703 = ($0 - $0.9205253721272703)

Claiming tier #3 (Canary tier) currently not profitable.
Not profitable to claim for Draw #19, Tier: #3 (Canary tier)




******************
Processing:
Vault:     0xc1f6251c8b8ca9ea535dd297cb9cbfe49efa6bb0
Tier:      #3 (Canary tier)
# prizes:  13

Tier #3 (Canary tier) not profitable, skipping ...





******************
Processing:
Vault:     0xe0462dc45922ca4d8d50748504b1d383349a25df
Tier:      #3 (Canary tier)
# prizes:  42

Tier #3 (Canary tier) not profitable, skipping ...

