Operating on: 11155420 - Optimism Sepolia

Config - REWARD_RECIPIENT not provided, setting swap recipient to relayer address: 0x06003274c3a7926c04cA8d6903cc691fE8f3CEC2
Config - MIN_PROFIT_THRESHOLD_USD: -0.1

Starting ...
Getting prize pool info ...
Getting prize context ...

******************
1. Prize token: WETH

┌────────────┬──────────────────────────────────────────────┬──────────┬─────────────────┬────────┬──────────────┐
│ (index)    │ address                                      │ decimals │ name            │ symbol │ assetRateUsd │
├────────────┼──────────────────────────────────────────────┼──────────┼─────────────────┼────────┼──────────────┤
│ prizeToken │ '0xC355F97a3Aa2808Acb536E555764b8FB26fB4b37' │ 18       │ 'Wrapped Ether' │ 'WETH' │ 2941.5908    │
└────────────┴──────────────────────────────────────────────┴──────────┴─────────────────┴────────┴──────────────┘
┌─────────┬──────────┬───────────────────────────────┐
│ (index) │ numTiers │ tiersRangeArray               │
├─────────┼──────────┼───────────────────────────────┤
│ tiers   │ 6        │ [ 0, 1, 2, ... 3 more items ] │
└─────────┴──────────┴───────────────────────────────┘
Draw ID: 6
Prize Token WETH MarketRate USD:  $2941.5908

******************
Getting prize vaults ...
Found 6 prize vaults.

No claimed prizes for draw #6.
1400 prizes remaining to be claimed...




******************
Processing:
Vault:     0x33335296c9b020ca3252e4953c11decfdce816b8
Tier:      #2
# prizes:  1

5a. Calculating # of profitable claims ...

Native (Gas) Token ETH Market Rate (USD): $2919.73

Estimated gas limit (wei) (1 prize claim): 0.000000000000234322 ETH (234322 wei)

Gas Cost: First Claim (wei): 0.000000000000234322 ETH (234322 wei)

Gas Cost: First Claim (USD): $0.01 $0.01204922793659881

5b. 1 Claim(s):

Total gas cost: 1 Claim(s) (USD): $0.01 ($0.01204922793659881)

Next Claim Reward: 1 Claim(s) (WEI): 0.000276551054943408 WETH (276551054943408 wei)
Next Claim Reward: 1 Claim(s) (USD): $0.81 ($0.8135000389518234)

Net profit = (Gross Profit - Gas Cost [Avg])
$0.8 = ($0.81 - $0.01) $0.8014508110152246 = ($0.8135000389518234 - $0.01204922793659881)


******************
5c. Profit/Loss (USD):

Net profit = (Gross Profit - Gas Cost [Max])
$0.8 = ($0.81 - $0.01) $0.8014508110152246 = ($0.8135000389518234 - $0.01204922793659881)

Claiming tier #2 currently not profitable.

Execute Claim Transaction for Tier #2


