Operating on: 11155420 - Optimism Sepolia

Config - REWARD_RECIPIENT not provided, setting swap recipient to relayer address: 0x06003274c3a7926c04cA8d6903cc691fE8f3CEC2
Config - MIN_PROFIT_THRESHOLD_USD: -0.1

Starting ...
Getting prize pool info ...
Getting prize context ...

******************
1. Prize token: WETH

┌────────────┬──────────────────────────────────────────────┬──────────┬─────────────────┬────────┬──────────────┐
│ (index)    │ address                                      │ decimals │ name            │ symbol │ assetRateUsd │
├────────────┼──────────────────────────────────────────────┼──────────┼─────────────────┼────────┼──────────────┤
│ prizeToken │ '0xC355F97a3Aa2808Acb536E555764b8FB26fB4b37' │ 18       │ 'Wrapped Ether' │ 'WETH' │ 3212.4788    │
└────────────┴──────────────────────────────────────────────┴──────────┴─────────────────┴────────┴──────────────┘
┌─────────┬──────────┬───────────────────────────────┐
│ (index) │ numTiers │ tiersRangeArray               │
├─────────┼──────────┼───────────────────────────────┤
│ tiers   │ 6        │ [ 0, 1, 2, ... 3 more items ] │
└─────────┴──────────┴───────────────────────────────┘
Draw ID: 5
Prize Token WETH MarketRate USD:  $3212.4788

******************
Getting prize vaults ...
Found 6 prize vaults.

198 prizes already claimed for draw #5.
1128 prizes remaining to be claimed...




******************
Processing:
Vault:     0x33335296c9b020ca3252e4953c11decfdce816b8
Tier:      #4 (Canary tier)
# prizes:  99

5a. Calculating # of profitable claims ...

Native (Gas) Token ETH Market Rate (USD): $3215.89

Estimated gas limit (wei) (1 prize claim): 0.000000000000175695 ETH (175695 wei)
Estimated gas limit (wei) (2 prize claims): 0.000000000000256773 ETH (256773 wei)

Gas Cost: First Claim (wei): 0.000000000000175695 ETH (175695 wei)
Gas Cost: Each Following Claim (wei): 0.000000000000081078 ETH (81078 wei)

Gas Cost: First Claim (USD): $0.02 $0.01646228565006319
Gas Cost: Each Following Claim (USD): $0.02 $0.019787412266025536

5b. 1 Claim(s):

Total gas cost: 1 Claim(s) (USD): $0.02 ($0.01646228565006319)

Next Claim Reward: 1 Claim(s) (WEI): 0.000020778170984667 WETH (20778170984667 wei)
Next Claim Reward: 1 Claim(s) (USD): $0.07 ($0.06674943379101786)

Net profit = (Gross Profit - Gas Cost [Avg])
$0.05 = ($0.07 - $0.02) $0.05028714814095467 = ($0.06674943379101786 - $0.01646228565006319)


5b. 2 Claim(s):

Total gas cost: 2 Claim(s) (USD): $0.04 ($0.03624969791608873)

Claim Reward: 1 Claim(s) (WEI): 0.000020778170984667 WETH (20778170984667 wei)
Claim Reward: 1 Claim(s) (USD): $0.07 ($0.06674943379101786)

Next Claim Reward: 2 Claim(s) (WEI): 0.000041556341969334 WETH (41556341969334 wei)
Next Claim Reward: 2 Claim(s) (USD): $0.13 ($0.13349886758203572)

Net profit = (Gross Profit - Gas Cost [Avg])
$0.1 = ($0.13 - $0.04) $0.09724916966594699 = ($0.13349886758203572 - $0.03624969791608873)


5b. 3 Claim(s):

Total gas cost: 3 Claim(s) (USD): $0.06 ($0.05603711018211426)

Claim Reward: 2 Claim(s) (WEI): 0.000041556341969334 WETH (41556341969334 wei)
Claim Reward: 2 Claim(s) (USD): $0.13 ($0.13349886758203572)

Next Claim Reward: 3 Claim(s) (WEI): 0.000062334512954001 WETH (62334512954001 wei)
Next Claim Reward: 3 Claim(s) (USD): $0.2 ($0.20024830137305358)

Net profit = (Gross Profit - Gas Cost [Avg])
$0.14 = ($0.2 - $0.06) $0.1442111911909393 = ($0.20024830137305358 - $0.05603711018211426)


5b. 4 Claim(s):

Total gas cost: 4 Claim(s) (USD): $0.08 ($0.0758245224481398)

Claim Reward: 3 Claim(s) (WEI): 0.000062334512954001 WETH (62334512954001 wei)
Claim Reward: 3 Claim(s) (USD): $0.2 ($0.20024830137305358)

Next Claim Reward: 4 Claim(s) (WEI): 0.000083112683938668 WETH (83112683938668 wei)
Next Claim Reward: 4 Claim(s) (USD): $0.27 ($0.26699773516407144)

Net profit = (Gross Profit - Gas Cost [Avg])
$0.19 = ($0.27 - $0.08) $0.19117321271593163 = ($0.26699773516407144 - $0.0758245224481398)


5b. 5 Claim(s):

Total gas cost: 5 Claim(s) (USD): $0.1 ($0.09561193471416533)

Claim Reward: 4 Claim(s) (WEI): 0.000083112683938668 WETH (83112683938668 wei)
Claim Reward: 4 Claim(s) (USD): $0.27 ($0.26699773516407144)

Next Claim Reward: 5 Claim(s) (WEI): 0.000103890854923335 WETH (103890854923335 wei)
Next Claim Reward: 5 Claim(s) (USD): $0.33 ($0.3337471689550893)

Net profit = (Gross Profit - Gas Cost [Avg])
$0.24 = ($0.33 - $0.1) $0.23813523424092398 = ($0.3337471689550893 - $0.09561193471416533)


5b. 6 Claim(s):

Total gas cost: 6 Claim(s) (USD): $0.12 ($0.11539934698019087)

Claim Reward: 5 Claim(s) (WEI): 0.000103890854923335 WETH (103890854923335 wei)
Claim Reward: 5 Claim(s) (USD): $0.33 ($0.3337471689550893)

Next Claim Reward: 6 Claim(s) (WEI): 0.000124669025908002 WETH (124669025908002 wei)
Next Claim Reward: 6 Claim(s) (USD): $0.4 ($0.40049660274610716)

Net profit = (Gross Profit - Gas Cost [Avg])
$0.29 = ($0.4 - $0.12) $0.28509725576591627 = ($0.40049660274610716 - $0.11539934698019087)


5b. 7 Claim(s):

Total gas cost: 7 Claim(s) (USD): $0.14 ($0.1351867592462164)

Claim Reward: 6 Claim(s) (WEI): 0.000124669025908002 WETH (124669025908002 wei)
Claim Reward: 6 Claim(s) (USD): $0.4 ($0.40049660274610716)

Next Claim Reward: 7 Claim(s) (WEI): 0.000145447196892669 WETH (145447196892669 wei)
Next Claim Reward: 7 Claim(s) (USD): $0.47 ($0.467246036537125)

Net profit = (Gross Profit - Gas Cost [Avg])
$0.33 = ($0.47 - $0.14) $0.33205927729090856 = ($0.467246036537125 - $0.1351867592462164)


5b. 8 Claim(s):

Total gas cost: 8 Claim(s) (USD): $0.15 ($0.15497417151224194)

Claim Reward: 7 Claim(s) (WEI): 0.000145447196892669 WETH (145447196892669 wei)
Claim Reward: 7 Claim(s) (USD): $0.47 ($0.467246036537125)

Next Claim Reward: 8 Claim(s) (WEI): 0.000166225367877336 WETH (166225367877336 wei)
Next Claim Reward: 8 Claim(s) (USD): $0.53 ($0.5339954703281429)

Net profit = (Gross Profit - Gas Cost [Avg])
$0.38 = ($0.53 - $0.15) $0.37902129881590096 = ($0.5339954703281429 - $0.15497417151224194)


5b. 9 Claim(s):

Total gas cost: 9 Claim(s) (USD): $0.17 ($0.17476158377826748)

Claim Reward: 8 Claim(s) (WEI): 0.000166225367877336 WETH (166225367877336 wei)
Claim Reward: 8 Claim(s) (USD): $0.53 ($0.5339954703281429)

Next Claim Reward: 9 Claim(s) (WEI): 0.000187003538862003 WETH (187003538862003 wei)
Next Claim Reward: 9 Claim(s) (USD): $0.6 ($0.6007449041191607)

Net profit = (Gross Profit - Gas Cost [Avg])
$0.43 = ($0.6 - $0.17) $0.42598332034089326 = ($0.6007449041191607 - $0.17476158377826748)


5b. 10 Claim(s):

Total gas cost: 10 Claim(s) (USD): $0.19 ($0.19454899604429302)

Claim Reward: 9 Claim(s) (WEI): 0.000187003538862003 WETH (187003538862003 wei)
Claim Reward: 9 Claim(s) (USD): $0.6 ($0.6007449041191607)

Next Claim Reward: 10 Claim(s) (WEI): 0.00020778170984667 WETH (207781709846670 wei)
Next Claim Reward: 10 Claim(s) (USD): $0.67 ($0.6674943379101786)

Net profit = (Gross Profit - Gas Cost [Avg])
$0.47 = ($0.67 - $0.19) $0.47294534186588566 = ($0.6674943379101786 - $0.19454899604429302)


5b. 11 Claim(s):

Total gas cost: 11 Claim(s) (USD): $0.21 ($0.21433640831031855)

Claim Reward: 10 Claim(s) (WEI): 0.00020778170984667 WETH (207781709846670 wei)
Claim Reward: 10 Claim(s) (USD): $0.67 ($0.6674943379101786)

Next Claim Reward: 11 Claim(s) (WEI): 0.000228559880831337 WETH (228559880831337 wei)
Next Claim Reward: 11 Claim(s) (USD): $0.73 ($0.7342437717011965)

Net profit = (Gross Profit - Gas Cost [Avg])
$0.52 = ($0.73 - $0.21) $0.519907363390878 = ($0.7342437717011965 - $0.21433640831031855)


5b. 12 Claim(s):

Total gas cost: 12 Claim(s) (USD): $0.23 ($0.2341238205763441)

Claim Reward: 11 Claim(s) (WEI): 0.000228559880831337 WETH (228559880831337 wei)
Claim Reward: 11 Claim(s) (USD): $0.73 ($0.7342437717011965)

Next Claim Reward: 12 Claim(s) (WEI): 0.000249338051816004 WETH (249338051816004 wei)
Next Claim Reward: 12 Claim(s) (USD): $0.8 ($0.8009932054922143)

Net profit = (Gross Profit - Gas Cost [Avg])
$0.57 = ($0.8 - $0.23) $0.5668693849158702 = ($0.8009932054922143 - $0.2341238205763441)


5b. 13 Claim(s):

Total gas cost: 13 Claim(s) (USD): $0.25 ($0.2539112328423696)

Claim Reward: 12 Claim(s) (WEI): 0.000249338051816004 WETH (249338051816004 wei)
Claim Reward: 12 Claim(s) (USD): $0.8 ($0.8009932054922143)

Next Claim Reward: 13 Claim(s) (WEI): 0.000270116222800671 WETH (270116222800671 wei)
Next Claim Reward: 13 Claim(s) (USD): $0.87 ($0.8677426392832323)

Net profit = (Gross Profit - Gas Cost [Avg])
$0.61 = ($0.87 - $0.25) $0.6138314064408626 = ($0.8677426392832323 - $0.2539112328423696)


5b. 14 Claim(s):

Total gas cost: 14 Claim(s) (USD): $0.27 ($0.27369864510839514)

Claim Reward: 13 Claim(s) (WEI): 0.000270116222800671 WETH (270116222800671 wei)
Claim Reward: 13 Claim(s) (USD): $0.87 ($0.8677426392832323)

Next Claim Reward: 14 Claim(s) (WEI): 0.000290894393785338 WETH (290894393785338 wei)
Next Claim Reward: 14 Claim(s) (USD): $0.93 ($0.93449207307425)

Net profit = (Gross Profit - Gas Cost [Avg])
$0.66 = ($0.93 - $0.27) $0.6607934279658548 = ($0.93449207307425 - $0.27369864510839514)


5b. 15 Claim(s):

Total gas cost: 15 Claim(s) (USD): $0.29 ($0.2934860573744207)

Claim Reward: 14 Claim(s) (WEI): 0.000290894393785338 WETH (290894393785338 wei)
Claim Reward: 14 Claim(s) (USD): $0.93 ($0.93449207307425)

Next Claim Reward: 15 Claim(s) (WEI): 0.000311672564770005 WETH (311672564770005 wei)
Next Claim Reward: 15 Claim(s) (USD): $1 ($1.0012415068652678)

Net profit = (Gross Profit - Gas Cost [Avg])
$0.71 = ($1 - $0.29) $0.7077554494908471 = ($1.0012415068652678 - $0.2934860573744207)


5b. 16 Claim(s):

Total gas cost: 16 Claim(s) (USD): $0.31 ($0.3132734696404462)

Claim Reward: 15 Claim(s) (WEI): 0.000311672564770005 WETH (311672564770005 wei)
Claim Reward: 15 Claim(s) (USD): $1 ($1.0012415068652678)

Next Claim Reward: 16 Claim(s) (WEI): 0.000332450735754672 WETH (332450735754672 wei)
Next Claim Reward: 16 Claim(s) (USD): $1.07 ($1.0679909406562857)

Net profit = (Gross Profit - Gas Cost [Avg])
$0.75 = ($1.07 - $0.31) $0.7547174710158395 = ($1.0679909406562857 - $0.3132734696404462)


5b. 17 Claim(s):

Total gas cost: 17 Claim(s) (USD): $0.33 ($0.33306088190647176)

Claim Reward: 16 Claim(s) (WEI): 0.000332450735754672 WETH (332450735754672 wei)
Claim Reward: 16 Claim(s) (USD): $1.07 ($1.0679909406562857)

Next Claim Reward: 17 Claim(s) (WEI): 0.000353228906739339 WETH (353228906739339 wei)
Next Claim Reward: 17 Claim(s) (USD): $1.13 ($1.1347403744473037)

Net profit = (Gross Profit - Gas Cost [Avg])
$0.8 = ($1.13 - $0.33) $0.8016794925408319 = ($1.1347403744473037 - $0.33306088190647176)


5b. 18 Claim(s):

Total gas cost: 18 Claim(s) (USD): $0.35 ($0.3528482941724973)

Claim Reward: 17 Claim(s) (WEI): 0.000353228906739339 WETH (353228906739339 wei)
Claim Reward: 17 Claim(s) (USD): $1.13 ($1.1347403744473037)

Next Claim Reward: 18 Claim(s) (WEI): 0.000374007077724006 WETH (374007077724006 wei)
Next Claim Reward: 18 Claim(s) (USD): $1.2 ($1.2014898082383214)

Net profit = (Gross Profit - Gas Cost [Avg])
$0.85 = ($1.2 - $0.35) $0.8486415140658241 = ($1.2014898082383214 - $0.3528482941724973)


5b. 19 Claim(s):

Total gas cost: 19 Claim(s) (USD): $0.37 ($0.37263570643852284)

Claim Reward: 18 Claim(s) (WEI): 0.000374007077724006 WETH (374007077724006 wei)
Claim Reward: 18 Claim(s) (USD): $1.2 ($1.2014898082383214)

Next Claim Reward: 19 Claim(s) (WEI): 0.000394785248708673 WETH (394785248708673 wei)
Next Claim Reward: 19 Claim(s) (USD): $1.27 ($1.2682392420293394)

Net profit = (Gross Profit - Gas Cost [Avg])
$0.9 = ($1.27 - $0.37) $0.8956035355908165 = ($1.2682392420293394 - $0.37263570643852284)


5b. 20 Claim(s):

Total gas cost: 20 Claim(s) (USD): $0.39 ($0.3924231187045484)

Claim Reward: 19 Claim(s) (WEI): 0.000394785248708673 WETH (394785248708673 wei)
Claim Reward: 19 Claim(s) (USD): $1.27 ($1.2682392420293394)

Next Claim Reward: 20 Claim(s) (WEI): 0.00041556341969334 WETH (415563419693340 wei)
Next Claim Reward: 20 Claim(s) (USD): $1.33 ($1.3349886758203573)

Net profit = (Gross Profit - Gas Cost [Avg])
$0.94 = ($1.33 - $0.39) $0.9425655571158089 = ($1.3349886758203573 - $0.3924231187045484)


5b. 21 Claim(s):

Total gas cost: 21 Claim(s) (USD): $0.41 ($0.4122105309705739)

Claim Reward: 20 Claim(s) (WEI): 0.00041556341969334 WETH (415563419693340 wei)
Claim Reward: 20 Claim(s) (USD): $1.33 ($1.3349886758203573)

Next Claim Reward: 21 Claim(s) (WEI): 0.000436341590678007 WETH (436341590678007 wei)
Next Claim Reward: 21 Claim(s) (USD): $1.4 ($1.4017381096113752)

Net profit = (Gross Profit - Gas Cost [Avg])
$0.99 = ($1.4 - $0.41) $0.9895275786408013 = ($1.4017381096113752 - $0.4122105309705739)


5b. 22 Claim(s):

Total gas cost: 22 Claim(s) (USD): $0.43 ($0.43199794323659946)

Claim Reward: 21 Claim(s) (WEI): 0.000436341590678007 WETH (436341590678007 wei)
Claim Reward: 21 Claim(s) (USD): $1.4 ($1.4017381096113752)

Next Claim Reward: 22 Claim(s) (WEI): 0.000457119761662674 WETH (457119761662674 wei)
Next Claim Reward: 22 Claim(s) (USD): $1.47 ($1.468487543402393)

Net profit = (Gross Profit - Gas Cost [Avg])
$1.04 = ($1.47 - $0.43) $1.0364896001657935 = ($1.468487543402393 - $0.43199794323659946)


5b. 23 Claim(s):

Total gas cost: 23 Claim(s) (USD): $0.45 ($0.451785355502625)

Claim Reward: 22 Claim(s) (WEI): 0.000457119761662674 WETH (457119761662674 wei)
Claim Reward: 22 Claim(s) (USD): $1.47 ($1.468487543402393)

Next Claim Reward: 23 Claim(s) (WEI): 0.000477897932647341 WETH (477897932647341 wei)
Next Claim Reward: 23 Claim(s) (USD): $1.54 ($1.5352369771934107)

Net profit = (Gross Profit - Gas Cost [Avg])
$1.08 = ($1.54 - $0.45) $1.0834516216907857 = ($1.5352369771934107 - $0.451785355502625)


5b. 24 Claim(s):

Total gas cost: 24 Claim(s) (USD): $0.47 ($0.47157276776865054)

Claim Reward: 23 Claim(s) (WEI): 0.000477897932647341 WETH (477897932647341 wei)
Claim Reward: 23 Claim(s) (USD): $1.54 ($1.5352369771934107)

Next Claim Reward: 24 Claim(s) (WEI): 0.000498676103632008 WETH (498676103632008 wei)
Next Claim Reward: 24 Claim(s) (USD): $1.6 ($1.6019864109844286)

Net profit = (Gross Profit - Gas Cost [Avg])
$1.13 = ($1.6 - $0.47) $1.130413643215778 = ($1.6019864109844286 - $0.47157276776865054)


5b. 25 Claim(s):

Total gas cost: 25 Claim(s) (USD): $0.49 ($0.491360180034676)

Claim Reward: 24 Claim(s) (WEI): 0.000498676103632008 WETH (498676103632008 wei)
Claim Reward: 24 Claim(s) (USD): $1.6 ($1.6019864109844286)

Next Claim Reward: 25 Claim(s) (WEI): 0.000519454274616675 WETH (519454274616675 wei)
Next Claim Reward: 25 Claim(s) (USD): $1.67 ($1.6687358447754466)

Net profit = (Gross Profit - Gas Cost [Avg])
$1.18 = ($1.67 - $0.49) $1.1773756647407705 = ($1.6687358447754466 - $0.491360180034676)


5b. 26 Claim(s):

Total gas cost: 26 Claim(s) (USD): $0.51 ($0.5111475923007016)

Claim Reward: 25 Claim(s) (WEI): 0.000519454274616675 WETH (519454274616675 wei)
Claim Reward: 25 Claim(s) (USD): $1.67 ($1.6687358447754466)

Next Claim Reward: 26 Claim(s) (WEI): 0.000540232445601342 WETH (540232445601342 wei)
Next Claim Reward: 26 Claim(s) (USD): $1.74 ($1.7354852785664645)

Net profit = (Gross Profit - Gas Cost [Avg])
$1.22 = ($1.74 - $0.51) $1.224337686265763 = ($1.7354852785664645 - $0.5111475923007016)


5b. 27 Claim(s):

Total gas cost: 27 Claim(s) (USD): $0.53 ($0.5309350045667272)

Claim Reward: 26 Claim(s) (WEI): 0.000540232445601342 WETH (540232445601342 wei)
Claim Reward: 26 Claim(s) (USD): $1.74 ($1.7354852785664645)

Next Claim Reward: 27 Claim(s) (WEI): 0.000561010616586009 WETH (561010616586009 wei)
Next Claim Reward: 27 Claim(s) (USD): $1.8 ($1.8022347123574824)

Net profit = (Gross Profit - Gas Cost [Avg])
$1.27 = ($1.8 - $0.53) $1.2712997077907553 = ($1.8022347123574824 - $0.5309350045667272)


5b. 28 Claim(s):

Total gas cost: 28 Claim(s) (USD): $0.55 ($0.5507224168327527)

Claim Reward: 27 Claim(s) (WEI): 0.000561010616586009 WETH (561010616586009 wei)
Claim Reward: 27 Claim(s) (USD): $1.8 ($1.8022347123574824)

Next Claim Reward: 28 Claim(s) (WEI): 0.000581788787570676 WETH (581788787570676 wei)
Next Claim Reward: 28 Claim(s) (USD): $1.87 ($1.8689841461485)

Net profit = (Gross Profit - Gas Cost [Avg])
$1.32 = ($1.87 - $0.55) $1.3182617293157473 = ($1.8689841461485 - $0.5507224168327527)


5b. 29 Claim(s):

Total gas cost: 29 Claim(s) (USD): $0.57 ($0.5705098290987782)

Claim Reward: 28 Claim(s) (WEI): 0.000581788787570676 WETH (581788787570676 wei)
Claim Reward: 28 Claim(s) (USD): $1.87 ($1.8689841461485)

Next Claim Reward: 29 Claim(s) (WEI): 0.000602566958555343 WETH (602566958555343 wei)
Next Claim Reward: 29 Claim(s) (USD): $1.94 ($1.935733579939518)

Net profit = (Gross Profit - Gas Cost [Avg])
$1.37 = ($1.94 - $0.57) $1.3652237508407397 = ($1.935733579939518 - $0.5705098290987782)


5b. 30 Claim(s):

Total gas cost: 30 Claim(s) (USD): $0.59 ($0.5902972413648038)

Claim Reward: 29 Claim(s) (WEI): 0.000602566958555343 WETH (602566958555343 wei)
Claim Reward: 29 Claim(s) (USD): $1.94 ($1.935733579939518)

Next Claim Reward: 30 Claim(s) (WEI): 0.00062334512954001 WETH (623345129540010 wei)
Next Claim Reward: 30 Claim(s) (USD): $2 ($2.0024830137305356)

Net profit = (Gross Profit - Gas Cost [Avg])
$1.41 = ($2 - $0.59) $1.4121857723657318 = ($2.0024830137305356 - $0.5902972413648038)

******************
5c. Profit/Loss (USD):

Net profit = (Gross Profit - Gas Cost [Max])
$1.35 = ($1.94 - $0.59) $1.3454363385747141 = ($1.935733579939518 - $0.5902972413648038)

Submitting transaction to claim 29 prize(s):

0x33335296c9b020ca3252e4953c11decfdce816b8-0x54c902A277b03Ba09490970707978c5b87dCd96E-4-31
0x33335296c9b020ca3252e4953c11decfdce816b8-0x0B347ED6a6CcD39D574D0935F0e4075e4199c316-4-105
0x33335296c9b020ca3252e4953c11decfdce816b8-0x9bA43f54De24C05f843420d170954A1311D8cB14-4-148
0x33335296c9b020ca3252e4953c11decfdce816b8-0x64EBE8c71E93F09bcce890DDeF0A734e40DD80d3-4-151
0x33335296c9b020ca3252e4953c11decfdce816b8-0xa2B6b5f216094c0cCdAF2944A9130BF819c80E5a-4-155
0x33335296c9b020ca3252e4953c11decfdce816b8-0x9ED8cb2aa333f2066671d60B68a595822750a45A-4-22
0x33335296c9b020ca3252e4953c11decfdce816b8-0x9ED8cb2aa333f2066671d60B68a595822750a45A-4-215
0x33335296c9b020ca3252e4953c11decfdce816b8-0x9ad6Cbf9c719C3bAF564b9fD5Ff399485C27d433-4-215
0x33335296c9b020ca3252e4953c11decfdce816b8-0xcE034f5187A13dAA3D9e258e502688c37cAa2591-4-222
0x33335296c9b020ca3252e4953c11decfdce816b8-0xA84De351BbdBB080cA411c912EC02c590721243A-4-44
0x33335296c9b020ca3252e4953c11decfdce816b8-0x86AB2437478A101F2C65f1abeD350f8B495e7d01-4-200
0x33335296c9b020ca3252e4953c11decfdce816b8-0x1Bc24cc357bddEB77cCA1355B5A9f159c1c21F59-4-45
0x33335296c9b020ca3252e4953c11decfdce816b8-0x4E2C4c6b2B2287cDCa67d24Dec93F40EEFD54bBe-4-153
0x33335296c9b020ca3252e4953c11decfdce816b8-0xC1135f980EE11E8eEd595D3e7df1b4350767e5d8-4-204
0x33335296c9b020ca3252e4953c11decfdce816b8-0x4DFb8217AA8649f1aD600210784C2130c5E5273c-4-75
0x33335296c9b020ca3252e4953c11decfdce816b8-0x4DFb8217AA8649f1aD600210784C2130c5E5273c-4-239
0x33335296c9b020ca3252e4953c11decfdce816b8-0x298B60F3388CBdb17937D51554773B480C2D2bA2-4-20
0x33335296c9b020ca3252e4953c11decfdce816b8-0x781DD0d1c4075812B860c3bdc2657BF7dB5477aD-4-200
0x33335296c9b020ca3252e4953c11decfdce816b8-0xC23Edad03eD4eeC01b4F613349e50F247A3aFC6D-4-59
0x33335296c9b020ca3252e4953c11decfdce816b8-0x68b8acDac8f25ce6eEA2bfFAcCe17AE0d22426c4-4-255
0x33335296c9b020ca3252e4953c11decfdce816b8-0xddb2F8C03C985676A03a029EA89A866795FF50b2-4-102
0x33335296c9b020ca3252e4953c11decfdce816b8-0x6eEe0dE9FE18B0A05D6520466aAf0Fe41d1851C0-4-157
0x33335296c9b020ca3252e4953c11decfdce816b8-0x3caEF326ae68265DFD49A9465c5f419BBaC5c631-4-203
0x33335296c9b020ca3252e4953c11decfdce816b8-0xbB7F375f675d455C6AD174DbA69011A38203990d-4-12
0x33335296c9b020ca3252e4953c11decfdce816b8-0x82BBC9954D673B37b6dEF925F1D57a046777438F-4-90
0x33335296c9b020ca3252e4953c11decfdce816b8-0xDB661bcc16E247659174175aE2833c2eA558caB8-4-98
0x33335296c9b020ca3252e4953c11decfdce816b8-0x3f6093335F136fADF0ECdE6223224B841f2409a7-4-88
0x33335296c9b020ca3252e4953c11decfdce816b8-0x57512cB3079220868a615dD310dA6e51d1E744C6-4-166
0x33335296c9b020ca3252e4953c11decfdce816b8-0xc246a950371Ae6Ba92333f76399C5d8ab8a3F042-4-127



Execute Claim Transaction for Tier #4 (Canary tier)


