Operating on: 11155420 - Optimism Sepolia
Config - MIN_PROFIT_THRESHOLD_USD: -0.1

Starting ...
Getting prize pool info ...
Getting prize context ...

******************
1. Prize token: WETH

┌────────────┬──────────────────────────────────────────────┬──────────┬─────────────────┬────────┬──────────────┐
│ (index)    │ address                                      │ decimals │ name            │ symbol │ assetRateUsd │
├────────────┼──────────────────────────────────────────────┼──────────┼─────────────────┼────────┼──────────────┤
│ prizeToken │ '0x28Dae98474c0EeDF4Ee74Da5300Dd89dE5466E62' │ 18       │ 'Wrapped Ether' │ 'WETH' │ 3495.1753    │
└────────────┴──────────────────────────────────────────────┴──────────┴─────────────────┴────────┴──────────────┘
┌─────────┬──────────┬──────────────────────────────┐
│ (index) │ numTiers │ tiersRangeArray              │
├─────────┼──────────┼──────────────────────────────┤
│ tiers   │ 4        │ [ 0, 1, 2, ... 1 more item ] │
└─────────┴──────────┴──────────────────────────────┘
Draw ID: 19
Prize Token WETH MarketRate USD:  $3495.1753

******************
Getting prize vaults ...
Found 6 prize vaults.

26 prizes already claimed for draw #19.
80 prizes remaining to be claimed...




******************
Processing:
Vault:     0x887db83c6b90b8c6d3a0729e1299c6153220649e
Tier:      #1
# prizes:  2

5a. Calculating # of profitable claims ...

Native (Gas) Token ETH Market Rate (USD): $3492.95

Estimated gas limit (wei) (1 prize claim): 0.000000000000259125 ETH (259125 wei)
Estimated gas limit (wei) (2 prize claims): 0.000000000000373298 ETH (373298 wei)

Gas Cost: First Claim (wei): 0.000000000000259125 ETH (259125 wei)
Gas Cost: Each Following Claim (wei): 0.000000000000114173 ETH (114173 wei)

Gas Cost: First Claim (USD): $1.71 $1.7076147666156785
Gas Cost: Each Following Claim (USD): $2.1 $2.0967680156629465

5b. 1 Claim(s):

Total gas cost: 1 Claim(s) (USD): $1.71 ($1.7076147666156785)

Next Claim Reward: 1 Claim(s) (WEI): 0.000164742049549462 WETH (164742049549462 wei)
Next Claim Reward: 1 Claim(s) (USD): $0.58 ($0.5758023424566557)

Net profit = (Gross Profit - Gas Cost [Avg])
$-1.13 = ($0.58 - $1.71) $-1.1318124241590226 = ($0.5758023424566557 - $1.7076147666156785)

******************
5c. Profit/Loss (USD):

Net profit = (Gross Profit - Gas Cost [Max])
$-1.71 = ($0 - $1.71) $-1.7076147666156785 = ($0 - $1.7076147666156785)

Claiming tier #1 currently not profitable.
Not profitable to claim for Draw #19, Tier: #1
Not profitable to claim any more tiers yet for Draw #19
