Operating on: 11155420 - Optimism Sepolia

Config - REWARD_RECIPIENT not provided, setting swap recipient to relayer address: 0x06003274c3a7926c04cA8d6903cc691fE8f3CEC2
Config - MIN_PROFIT_THRESHOLD_USD: 0.05

Starting ...
Getting prize pool info ...
Getting prize context ...

******************
1. Prize token: WETH

┌────────────┬──────────────────────────────────────────────┬──────────┬─────────────────┬────────┬──────────────┐
│ (index)    │ address                                      │ decimals │ name            │ symbol │ assetRateUsd │
├────────────┼──────────────────────────────────────────────┼──────────┼─────────────────┼────────┼──────────────┤
│ prizeToken │ '0xC355F97a3Aa2808Acb536E555764b8FB26fB4b37' │ 18       │ 'Wrapped Ether' │ 'WETH' │ 3095.1003    │
└────────────┴──────────────────────────────────────────────┴──────────┴─────────────────┴────────┴──────────────┘
┌─────────┬──────────┬───────────────────────────────┐
│ (index) │ numTiers │ tiersRangeArray               │
├─────────┼──────────┼───────────────────────────────┤
│ tiers   │ 7        │ [ 0, 1, 2, ... 4 more items ] │
└─────────┴──────────┴───────────────────────────────┘
Draw ID: 24
Prize Token WETH MarketRate USD:  $3095.1003

******************
Getting prize vaults ...
Found 6 prize vaults.

384 prizes already claimed for draw #24.
4960 prizes remaining to be claimed...




******************
Processing:
Vault:     0x7fad91a4a29109303188d8758f1a9d60ce988349
Tier:      #4
# prizes:  26

5a. Calculating # of profitable claims ...

Native (Gas) Token ETH Market Rate (USD): $3093.89

Estimated gas limit (wei) (1 prize claim): 0.000000000000239952 ETH (239952 wei)
Estimated gas limit (wei) (2 prize claims): 0.00000000000033708 ETH (337080 wei)

Gas Cost: First Claim (wei): 0.000000000000239952 ETH (239952 wei)
Gas Cost: Each Following Claim (wei): 0.000000000000097128 ETH (97128 wei)

Gas Cost: First Claim (USD): $0.02 $0.015447797112361243
Gas Cost: Each Following Claim (USD): $0.02 $0.018363161304592843

5b. 1 Claim(s):

Total gas cost: 1 Claim(s) (USD): $0.02 ($0.015447797112361243)

Next Claim Reward: 1 Claim(s) (WEI): 0.00025205978687766 WETH (252059786877660 wei)
Next Claim Reward: 1 Claim(s) (USD): $0.78 ($0.7801503219829815)

Net profit = (Gross Profit - Gas Cost [Avg])
$0.76 = ($0.78 - $0.02) $0.7647025248706203 = ($0.7801503219829815 - $0.015447797112361243)


5b. 2 Claim(s):

Total gas cost: 2 Claim(s) (USD): $0.03 ($0.033810958416954084)

Claim Reward: 1 Claim(s) (WEI): 0.00025205978687766 WETH (252059786877660 wei)
Claim Reward: 1 Claim(s) (USD): $0.78 ($0.7801503219829815)

Next Claim Reward: 2 Claim(s) (WEI): 0.00050411957375532 WETH (504119573755320 wei)
Next Claim Reward: 2 Claim(s) (USD): $1.56 ($1.560300643965963)

Net profit = (Gross Profit - Gas Cost [Avg])
$1.53 = ($1.56 - $0.03) $1.5264896855490089 = ($1.560300643965963 - $0.033810958416954084)


5b. 3 Claim(s):

Total gas cost: 3 Claim(s) (USD): $0.05 ($0.05217411972154693)

Claim Reward: 2 Claim(s) (WEI): 0.00050411957375532 WETH (504119573755320 wei)
Claim Reward: 2 Claim(s) (USD): $1.56 ($1.560300643965963)

Next Claim Reward: 3 Claim(s) (WEI): 0.00075617936063298 WETH (756179360632980 wei)
Next Claim Reward: 3 Claim(s) (USD): $2.34 ($2.3404509659489445)

Net profit = (Gross Profit - Gas Cost [Avg])
$2.29 = ($2.34 - $0.05) $2.2882768462273977 = ($2.3404509659489445 - $0.05217411972154693)


5b. 4 Claim(s):

Total gas cost: 4 Claim(s) (USD): $0.07 ($0.07053728102613978)

Claim Reward: 3 Claim(s) (WEI): 0.00075617936063298 WETH (756179360632980 wei)
Claim Reward: 3 Claim(s) (USD): $2.34 ($2.3404509659489445)

Next Claim Reward: 4 Claim(s) (WEI): 0.00100823914751064 WETH (1008239147510640 wei)
Next Claim Reward: 4 Claim(s) (USD): $3.12 ($3.120601287931926)

Net profit = (Gross Profit - Gas Cost [Avg])
$3.05 = ($3.12 - $0.07) $3.050064006905786 = ($3.120601287931926 - $0.07053728102613978)


5b. 5 Claim(s):

Total gas cost: 5 Claim(s) (USD): $0.09 ($0.08890044233073262)

Claim Reward: 4 Claim(s) (WEI): 0.00100823914751064 WETH (1008239147510640 wei)
Claim Reward: 4 Claim(s) (USD): $3.12 ($3.120601287931926)

Next Claim Reward: 5 Claim(s) (WEI): 0.0012602989343883 WETH (1260298934388300 wei)
Next Claim Reward: 5 Claim(s) (USD): $3.9 ($3.9007516099149075)

Net profit = (Gross Profit - Gas Cost [Avg])
$3.81 = ($3.9 - $0.09) $3.811851167584175 = ($3.9007516099149075 - $0.08890044233073262)


5b. 6 Claim(s):

Total gas cost: 6 Claim(s) (USD): $0.11 ($0.10726360363532546)

Claim Reward: 5 Claim(s) (WEI): 0.0012602989343883 WETH (1260298934388300 wei)
Claim Reward: 5 Claim(s) (USD): $3.9 ($3.9007516099149075)

Next Claim Reward: 6 Claim(s) (WEI): 0.00151235872126596 WETH (1512358721265960 wei)
Next Claim Reward: 6 Claim(s) (USD): $4.68 ($4.680901931897889)

Net profit = (Gross Profit - Gas Cost [Avg])
$4.57 = ($4.68 - $0.11) $4.573638328262564 = ($4.680901931897889 - $0.10726360363532546)


5b. 7 Claim(s):

Total gas cost: 7 Claim(s) (USD): $0.13 ($0.1256267649399183)

Claim Reward: 6 Claim(s) (WEI): 0.00151235872126596 WETH (1512358721265960 wei)
Claim Reward: 6 Claim(s) (USD): $4.68 ($4.680901931897889)

Next Claim Reward: 7 Claim(s) (WEI): 0.00176441850814362 WETH (1764418508143620 wei)
Next Claim Reward: 7 Claim(s) (USD): $5.46 ($5.4610522538808715)

Net profit = (Gross Profit - Gas Cost [Avg])
$5.34 = ($5.46 - $0.13) $5.335425488940953 = ($5.4610522538808715 - $0.1256267649399183)


5b. 8 Claim(s):

Total gas cost: 8 Claim(s) (USD): $0.14 ($0.14398992624451115)

Claim Reward: 7 Claim(s) (WEI): 0.00176441850814362 WETH (1764418508143620 wei)
Claim Reward: 7 Claim(s) (USD): $5.46 ($5.4610522538808715)

Next Claim Reward: 8 Claim(s) (WEI): 0.00201647829502128 WETH (2016478295021280 wei)
Next Claim Reward: 8 Claim(s) (USD): $6.24 ($6.241202575863852)

Net profit = (Gross Profit - Gas Cost [Avg])
$6.1 = ($6.24 - $0.14) $6.097212649619341 = ($6.241202575863852 - $0.14398992624451115)


5b. 9 Claim(s):

Total gas cost: 9 Claim(s) (USD): $0.16 ($0.162353087549104)

Claim Reward: 8 Claim(s) (WEI): 0.00201647829502128 WETH (2016478295021280 wei)
Claim Reward: 8 Claim(s) (USD): $6.24 ($6.241202575863852)

Next Claim Reward: 9 Claim(s) (WEI): 0.00226853808189894 WETH (2268538081898940 wei)
Next Claim Reward: 9 Claim(s) (USD): $7.02 ($7.021352897846834)

Net profit = (Gross Profit - Gas Cost [Avg])
$6.86 = ($7.02 - $0.16) $6.858999810297729 = ($7.021352897846834 - $0.162353087549104)


5b. 10 Claim(s):

Total gas cost: 10 Claim(s) (USD): $0.18 ($0.18071624885369683)

Claim Reward: 9 Claim(s) (WEI): 0.00226853808189894 WETH (2268538081898940 wei)
Claim Reward: 9 Claim(s) (USD): $7.02 ($7.021352897846834)

Next Claim Reward: 10 Claim(s) (WEI): 0.0025205978687766 WETH (2520597868776600 wei)
Next Claim Reward: 10 Claim(s) (USD): $7.8 ($7.801503219829815)

Net profit = (Gross Profit - Gas Cost [Avg])
$7.62 = ($7.8 - $0.18) $7.620786970976118 = ($7.801503219829815 - $0.18071624885369683)


5b. 11 Claim(s):

Total gas cost: 11 Claim(s) (USD): $0.2 ($0.19907941015828967)

Claim Reward: 10 Claim(s) (WEI): 0.0025205978687766 WETH (2520597868776600 wei)
Claim Reward: 10 Claim(s) (USD): $7.8 ($7.801503219829815)

Next Claim Reward: 11 Claim(s) (WEI): 0.00277265765565426 WETH (2772657655654260 wei)
Next Claim Reward: 11 Claim(s) (USD): $8.58 ($8.581653541812797)

Net profit = (Gross Profit - Gas Cost [Avg])
$8.38 = ($8.58 - $0.2) $8.382574131654508 = ($8.581653541812797 - $0.19907941015828967)


5b. 12 Claim(s):

Total gas cost: 12 Claim(s) (USD): $0.22 ($0.2174425714628825)

Claim Reward: 11 Claim(s) (WEI): 0.00277265765565426 WETH (2772657655654260 wei)
Claim Reward: 11 Claim(s) (USD): $8.58 ($8.581653541812797)

Next Claim Reward: 12 Claim(s) (WEI): 0.00302471744253192 WETH (3024717442531920 wei)
Next Claim Reward: 12 Claim(s) (USD): $9.36 ($9.361803863795778)

Net profit = (Gross Profit - Gas Cost [Avg])
$9.14 = ($9.36 - $0.22) $9.144361292332896 = ($9.361803863795778 - $0.2174425714628825)


5b. 13 Claim(s):

Total gas cost: 13 Claim(s) (USD): $0.24 ($0.23580573276747538)

Claim Reward: 12 Claim(s) (WEI): 0.00302471744253192 WETH (3024717442531920 wei)
Claim Reward: 12 Claim(s) (USD): $9.36 ($9.361803863795778)

Next Claim Reward: 13 Claim(s) (WEI): 0.00327677722940958 WETH (3276777229409580 wei)
Next Claim Reward: 13 Claim(s) (USD): $10.14 ($10.14195418577876)

Net profit = (Gross Profit - Gas Cost [Avg])
$9.91 = ($10.14 - $0.24) $9.906148453011284 = ($10.14195418577876 - $0.23580573276747538)


5b. 14 Claim(s):

Total gas cost: 14 Claim(s) (USD): $0.25 ($0.2541688940720682)

Claim Reward: 13 Claim(s) (WEI): 0.00327677722940958 WETH (3276777229409580 wei)
Claim Reward: 13 Claim(s) (USD): $10.14 ($10.14195418577876)

Next Claim Reward: 14 Claim(s) (WEI): 0.00352883701628724 WETH (3528837016287240 wei)
Next Claim Reward: 14 Claim(s) (USD): $10.92 ($10.922104507761743)

Net profit = (Gross Profit - Gas Cost [Avg])
$10.67 = ($10.92 - $0.25) $10.667935613689675 = ($10.922104507761743 - $0.2541688940720682)


5b. 15 Claim(s):

Total gas cost: 15 Claim(s) (USD): $0.27 ($0.27253205537666103)

Claim Reward: 14 Claim(s) (WEI): 0.00352883701628724 WETH (3528837016287240 wei)
Claim Reward: 14 Claim(s) (USD): $10.92 ($10.922104507761743)

Next Claim Reward: 15 Claim(s) (WEI): 0.0037808968031649 WETH (3780896803164900 wei)
Next Claim Reward: 15 Claim(s) (USD): $11.7 ($11.702254829744724)

Net profit = (Gross Profit - Gas Cost [Avg])
$11.43 = ($11.7 - $0.27) $11.429722774368063 = ($11.702254829744724 - $0.27253205537666103)


5b. 16 Claim(s):

Total gas cost: 16 Claim(s) (USD): $0.29 ($0.29089521668125384)

Claim Reward: 15 Claim(s) (WEI): 0.0037808968031649 WETH (3780896803164900 wei)
Claim Reward: 15 Claim(s) (USD): $11.7 ($11.702254829744724)

Next Claim Reward: 16 Claim(s) (WEI): 0.00403295659004256 WETH (4032956590042560 wei)
Next Claim Reward: 16 Claim(s) (USD): $12.48 ($12.482405151727704)

Net profit = (Gross Profit - Gas Cost [Avg])
$12.19 = ($12.48 - $0.29) $12.19150993504645 = ($12.482405151727704 - $0.29089521668125384)


5b. 17 Claim(s):

Total gas cost: 17 Claim(s) (USD): $0.31 ($0.3092583779858467)

Claim Reward: 16 Claim(s) (WEI): 0.00403295659004256 WETH (4032956590042560 wei)
Claim Reward: 16 Claim(s) (USD): $12.48 ($12.482405151727704)

Next Claim Reward: 17 Claim(s) (WEI): 0.00428501637692022 WETH (4285016376920220 wei)
Next Claim Reward: 17 Claim(s) (USD): $13.26 ($13.262555473710686)

Net profit = (Gross Profit - Gas Cost [Avg])
$12.95 = ($13.26 - $0.31) $12.953297095724839 = ($13.262555473710686 - $0.3092583779858467)


5b. 18 Claim(s):

Total gas cost: 18 Claim(s) (USD): $0.33 ($0.3276215392904396)

Claim Reward: 17 Claim(s) (WEI): 0.00428501637692022 WETH (4285016376920220 wei)
Claim Reward: 17 Claim(s) (USD): $13.26 ($13.262555473710686)

Next Claim Reward: 18 Claim(s) (WEI): 0.00453707616379788 WETH (4537076163797880 wei)
Next Claim Reward: 18 Claim(s) (USD): $14.04 ($14.042705795693667)

Net profit = (Gross Profit - Gas Cost [Avg])
$13.72 = ($14.04 - $0.33) $13.715084256403227 = ($14.042705795693667 - $0.3276215392904396)


5b. 19 Claim(s):

Total gas cost: 19 Claim(s) (USD): $0.35 ($0.3459847005950324)

Claim Reward: 18 Claim(s) (WEI): 0.00453707616379788 WETH (4537076163797880 wei)
Claim Reward: 18 Claim(s) (USD): $14.04 ($14.042705795693667)

Next Claim Reward: 19 Claim(s) (WEI): 0.00478913595067554 WETH (4789135950675540 wei)
Next Claim Reward: 19 Claim(s) (USD): $14.82 ($14.822856117676649)

Net profit = (Gross Profit - Gas Cost [Avg])
$14.48 = ($14.82 - $0.35) $14.476871417081616 = ($14.822856117676649 - $0.3459847005950324)


5b. 20 Claim(s):

Total gas cost: 20 Claim(s) (USD): $0.36 ($0.36434786189962526)

Claim Reward: 19 Claim(s) (WEI): 0.00478913595067554 WETH (4789135950675540 wei)
Claim Reward: 19 Claim(s) (USD): $14.82 ($14.822856117676649)

Next Claim Reward: 20 Claim(s) (WEI): 0.0050411957375532 WETH (5041195737553200 wei)
Next Claim Reward: 20 Claim(s) (USD): $15.6 ($15.60300643965963)

Net profit = (Gross Profit - Gas Cost [Avg])
$15.24 = ($15.6 - $0.36) $15.238658577760004 = ($15.60300643965963 - $0.36434786189962526)


5b. 21 Claim(s):

Total gas cost: 21 Claim(s) (USD): $0.38 ($0.38271102320421807)

Claim Reward: 20 Claim(s) (WEI): 0.0050411957375532 WETH (5041195737553200 wei)
Claim Reward: 20 Claim(s) (USD): $15.6 ($15.60300643965963)

Next Claim Reward: 21 Claim(s) (WEI): 0.00529325552443086 WETH (5293255524430860 wei)
Next Claim Reward: 21 Claim(s) (USD): $16.38 ($16.383156761642613)

Net profit = (Gross Profit - Gas Cost [Avg])
$16 = ($16.38 - $0.38) $16.000445738438394 = ($16.383156761642613 - $0.38271102320421807)


5b. 22 Claim(s):

Total gas cost: 22 Claim(s) (USD): $0.4 ($0.40107418450881094)

Claim Reward: 21 Claim(s) (WEI): 0.00529325552443086 WETH (5293255524430860 wei)
Claim Reward: 21 Claim(s) (USD): $16.38 ($16.383156761642613)

Next Claim Reward: 22 Claim(s) (WEI): 0.00554531531130852 WETH (5545315311308520 wei)
Next Claim Reward: 22 Claim(s) (USD): $17.16 ($17.163307083625593)

Net profit = (Gross Profit - Gas Cost [Avg])
$16.76 = ($17.16 - $0.4) $16.762232899116782 = ($17.163307083625593 - $0.40107418450881094)


5b. 23 Claim(s):

Total gas cost: 23 Claim(s) (USD): $0.42 ($0.41943734581340375)

Claim Reward: 22 Claim(s) (WEI): 0.00554531531130852 WETH (5545315311308520 wei)
Claim Reward: 22 Claim(s) (USD): $17.16 ($17.163307083625593)

Next Claim Reward: 23 Claim(s) (WEI): 0.00579737509818618 WETH (5797375098186180 wei)
Next Claim Reward: 23 Claim(s) (USD): $17.94 ($17.943457405608576)

Net profit = (Gross Profit - Gas Cost [Avg])
$17.52 = ($17.94 - $0.42) $17.524020059795173 = ($17.943457405608576 - $0.41943734581340375)


5b. 24 Claim(s):

Total gas cost: 24 Claim(s) (USD): $0.44 ($0.4378005071179966)

Claim Reward: 23 Claim(s) (WEI): 0.00579737509818618 WETH (5797375098186180 wei)
Claim Reward: 23 Claim(s) (USD): $17.94 ($17.943457405608576)

Next Claim Reward: 24 Claim(s) (WEI): 0.00604943488506384 WETH (6049434885063840 wei)
Next Claim Reward: 24 Claim(s) (USD): $18.72 ($18.723607727591556)

Net profit = (Gross Profit - Gas Cost [Avg])
$18.29 = ($18.72 - $0.44) $18.28580722047356 = ($18.723607727591556 - $0.4378005071179966)


5b. 25 Claim(s):

Total gas cost: 25 Claim(s) (USD): $0.46 ($0.4561636684225895)

Claim Reward: 24 Claim(s) (WEI): 0.00604943488506384 WETH (6049434885063840 wei)
Claim Reward: 24 Claim(s) (USD): $18.72 ($18.723607727591556)

Next Claim Reward: 25 Claim(s) (WEI): 0.0063014946719415 WETH (6301494671941500 wei)
Next Claim Reward: 25 Claim(s) (USD): $19.5 ($19.50375804957454)

Net profit = (Gross Profit - Gas Cost [Avg])
$19.05 = ($19.5 - $0.46) $19.04759438115195 = ($19.50375804957454 - $0.4561636684225895)


5b. 26 Claim(s):

Total gas cost: 26 Claim(s) (USD): $0.47 ($0.4745268297271823)

Claim Reward: 25 Claim(s) (WEI): 0.0063014946719415 WETH (6301494671941500 wei)
Claim Reward: 25 Claim(s) (USD): $19.5 ($19.50375804957454)

Next Claim Reward: 26 Claim(s) (WEI): 0.00655355445881916 WETH (6553554458819160 wei)
Next Claim Reward: 26 Claim(s) (USD): $20.28 ($20.28390837155752)

Net profit = (Gross Profit - Gas Cost [Avg])
$19.81 = ($20.28 - $0.47) $19.809381541830337 = ($20.28390837155752 - $0.4745268297271823)


******************
5c. Profit/Loss (USD):

Net profit = (Gross Profit - Gas Cost [Max])
$19.81 = ($20.28 - $0.47) $19.809381541830337 = ($20.28390837155752 - $0.4745268297271823)

Submitting transaction to claim 26 prize(s):

0x7fad91a4a29109303188d8758f1a9d60ce988349-0x7Ba94535797aDEf2993D67E9418F57698243a9b6-4-46
0x7fad91a4a29109303188d8758f1a9d60ce988349-0x6484740E4c5bFBD8256F62ffA557eAcBF81806d0-4-175
0x7fad91a4a29109303188d8758f1a9d60ce988349-0x7D63c389807370E2B6AbEd5Bf4C27666b4CE1C5f-4-255
0x7fad91a4a29109303188d8758f1a9d60ce988349-0x97796DF819c516fA9c05F3b2ef0EA76145677900-4-106
0x7fad91a4a29109303188d8758f1a9d60ce988349-0x4257aaEb309E33a0A8C823B067e9a312321AdE79-4-246
0x7fad91a4a29109303188d8758f1a9d60ce988349-0x4e04984156D13fcee89c75588ddAc36cd8E6E486-4-211
0x7fad91a4a29109303188d8758f1a9d60ce988349-0x2dB2e3213225113dfd241c662C1676bb1591f3d8-4-45
0x7fad91a4a29109303188d8758f1a9d60ce988349-0x01fe4278C6d76BDee1c5f68b7BF5AaDa5052768f-4-3
0x7fad91a4a29109303188d8758f1a9d60ce988349-0x270c789788466351413731ee920D365c77CF8B3a-4-120
0x7fad91a4a29109303188d8758f1a9d60ce988349-0x531889a109F095123d155d1c3443523BfF512119-4-56
0x7fad91a4a29109303188d8758f1a9d60ce988349-0x8afA9C2C4BF306cBDef42Fa8c28964E8d1df036E-4-20
0x7fad91a4a29109303188d8758f1a9d60ce988349-0x594a3637221799e37E373eeEE0DF5c7697512dc6-4-240
0x7fad91a4a29109303188d8758f1a9d60ce988349-0xa27c00dc13E84564B2d407405B28e71001967Cd6-4-113
0x7fad91a4a29109303188d8758f1a9d60ce988349-0x0C76952349384EC0FD07851328dA03AF9136c27B-4-217
0x7fad91a4a29109303188d8758f1a9d60ce988349-0x449644c049252cb51C5656458c3eBE4C20a1187E-4-13
0x7fad91a4a29109303188d8758f1a9d60ce988349-0x0a319559e08aba17645B64EAD03cb43F8E88B61e-4-108
0x7fad91a4a29109303188d8758f1a9d60ce988349-0xccE4a1e089c58b96c9Eae8e51C2Cd8211A880Aa9-4-206
0x7fad91a4a29109303188d8758f1a9d60ce988349-0x3CBe8970b26340F739b48f3dB42fc605a7AB679B-4-176
0x7fad91a4a29109303188d8758f1a9d60ce988349-0x098970fef97F537DE270efdBA173f9eE2Fe6bDb0-4-167
0x7fad91a4a29109303188d8758f1a9d60ce988349-0xaD4673b283E1064577Ec9bE171b5686080B85037-4-172
0x7fad91a4a29109303188d8758f1a9d60ce988349-0x8a989d3f8e5830d653239046406b2ea67924bE4e-4-85
0x7fad91a4a29109303188d8758f1a9d60ce988349-0x5dd2912Fd23CE4E551acFcd9b9deE0F4031a47bC-4-14
0x7fad91a4a29109303188d8758f1a9d60ce988349-0xC015593ce204C7cF9E2444de13e3a385984aAcc7-4-45
0x7fad91a4a29109303188d8758f1a9d60ce988349-0xE499522d1080f8C318df9f28d17be551d52E618e-4-100
0x7fad91a4a29109303188d8758f1a9d60ce988349-0x68DB25B772cf391e769D87C390427C862a0607f4-4-201
0x7fad91a4a29109303188d8758f1a9d60ce988349-0x2b941976B0F541A2E7B3C202C519604C94B81cdF-4-149



Execute Claim Transaction for Tier #4



Transaction sent! ✔
Transaction hash: 0xa1cdd79c61180337ea842f3beae6fa53462dbf97469e7ec8ffa15d884166b17e
Waiting on transaction to be confirmed ...
Tx confirmed !




******************
Processing:
Vault:     0x33335296c9b020ca3252e4953c11decfdce816b8
Tier:      #5 (Canary tier)
# prizes:  363

5a. Calculating # of profitable claims ...

Native (Gas) Token ETH Market Rate (USD): $3093.89

Estimated gas limit (wei) (1 prize claim): 0.000000000000189823 ETH (189823 wei)
Estimated gas limit (wei) (2 prize claims): 0.00000000000027496 ETH (274960 wei)

Gas Cost: First Claim (wei): 0.000000000000189823 ETH (189823 wei)
Gas Cost: Each Following Claim (wei): 0.000000000000085137 ETH (85137 wei)

Gas Cost: First Claim (USD): $0.02 $0.015292664416961066
Gas Cost: Each Following Claim (USD): $0.02 $0.018376413480071487

5b. 1 Claim(s):

Total gas cost: 1 Claim(s) (USD): $0.02 ($0.015292664416961066)

Next Claim Reward: 1 Claim(s) (WEI): 0.000012965284525625 WETH (12965284525625 wei)
Next Claim Reward: 1 Claim(s) (USD): $0.04 ($0.040128856024847295)

Net profit = (Gross Profit - Gas Cost [Avg])
$0.02 = ($0.04 - $0.02) $0.024836191607886228 = ($0.040128856024847295 - $0.015292664416961066)

******************
5c. Profit/Loss (USD):

Net profit = (Gross Profit - Gas Cost [Max])
$-0.02 = ($0 - $0.02) $-0.015292664416961066 = ($0 - $0.015292664416961066)

Claiming tier #5 (Canary tier) currently not profitable.
Not profitable to claim for Draw #24, Tier: #5 (Canary tier)




******************
Processing:
Vault:     0x75b2f4b3ec5adf7077f928992524cc547e74f768
Tier:      #5 (Canary tier)
# prizes:  23

Tier #5 (Canary tier) not profitable, skipping ...





******************
Processing:
Vault:     0x7fad91a4a29109303188d8758f1a9d60ce988349
Tier:      #5 (Canary tier)
# prizes:  513

Tier #5 (Canary tier) not profitable, skipping ...





******************
Processing:
Vault:     0x33335296c9b020ca3252e4953c11decfdce816b8
Tier:      #6 (Canary tier)
# prizes:  1485

Tier #6 (Canary tier) not profitable, skipping ...





******************
Processing:
Vault:     0x75b2f4b3ec5adf7077f928992524cc547e74f768
Tier:      #6 (Canary tier)
# prizes:  200

Tier #6 (Canary tier) not profitable, skipping ...





******************
Processing:
Vault:     0x7fad91a4a29109303188d8758f1a9d60ce988349
Tier:      #6 (Canary tier)
# prizes:  2350

Tier #6 (Canary tier) not profitable, skipping ...

