Operating on: 11155420 - Optimism Sepolia
Config - MIN_PROFIT_THRESHOLD_USD: -0.1

Starting ...
Getting prize pool info ...
Getting prize context ...

******************
1. Prize token: WETH

┌────────────┬──────────────────────────────────────────────┬──────────┬─────────────────┬────────┬──────────────┐
│ (index)    │ address                                      │ decimals │ name            │ symbol │ assetRateUsd │
├────────────┼──────────────────────────────────────────────┼──────────┼─────────────────┼────────┼──────────────┤
│ prizeToken │ '0x3749e4DA7558BeD9b0819dE7f8C7eFc271Db004e' │ 18       │ 'Wrapped Ether' │ 'WETH' │ 3497.2192    │
└────────────┴──────────────────────────────────────────────┴──────────┴─────────────────┴────────┴──────────────┘
┌─────────┬──────────┬───────────────────────────────┐
│ (index) │ numTiers │ tiersRangeArray               │
├─────────┼──────────┼───────────────────────────────┤
│ tiers   │ 6        │ [ 0, 1, 2, ... 3 more items ] │
└─────────┴──────────┴───────────────────────────────┘
Draw ID: 14
Prize Token WETH MarketRate USD:  $3497.2192

******************
Getting prize vaults ...
Found 6 prize vaults.

61 prizes already claimed for draw #14.
1343 prizes remaining to be claimed...




******************
Processing:
Vault:     0x75ca27bb45d689c18f350592e036ee4e10a68d06
Tier:      #4 (Canary tier)
# prizes:  102

5a. Calculating # of profitable claims ...

Native (Gas) Token ETH Market Rate (USD): $3511.65

Estimated gas limit (wei) (1 prize claim): 0.000000000000179989 ETH (179989 wei)
Estimated gas limit (wei) (2 prize claims): 0.000000000000259301 ETH (259301 wei)

Gas Cost: First Claim (wei): 0.000000000000179989 ETH (179989 wei)
Gas Cost: Each Following Claim (wei): 0.000000000000079312 ETH (79312 wei)

Gas Cost: First Claim (USD): $0.25 $0.2520926659089455
Gas Cost: Each Following Claim (USD): $0.31 $0.3089541534868698

5b. 1 Claim(s):

Total gas cost: 1 Claim(s) (USD): $0.25 ($0.2520926659089455)

Next Claim Reward: 1 Claim(s) (WEI): 0.000014144889837474 WETH (14144889837474 wei)
Next Claim Reward: 1 Claim(s) (USD): $0.05 ($0.04946778032149895)

Net profit = (Gross Profit - Gas Cost [Avg])
$-0.2 = ($0.05 - $0.25) $-0.20262488558744657 = ($0.04946778032149895 - $0.2520926659089455)

******************
5c. Profit/Loss (USD):

Net profit = (Gross Profit - Gas Cost [Max])
$-0.25 = ($0 - $0.25) $-0.2520926659089455 = ($0 - $0.2520926659089455)

Claiming tier #4 (Canary tier) currently not profitable.
Not profitable to claim for Draw #14, Tier: #4 (Canary tier)




******************
Processing:
Vault:     0x798a13b071a8aac2d55109a53a2ba4230444619d
Tier:      #4 (Canary tier)
# prizes:  19

Tier #4 (Canary tier) not profitable, skipping ...





******************
Processing:
Vault:     0xa18d434e584b24b364b506cf2b5cc0cef6be5d5c
Tier:      #4 (Canary tier)
# prizes:  141

Tier #4 (Canary tier) not profitable, skipping ...





******************
Processing:
Vault:     0x75ca27bb45d689c18f350592e036ee4e10a68d06
Tier:      #5 (Canary tier)
# prizes:  428

Tier #5 (Canary tier) not profitable, skipping ...





******************
Processing:
Vault:     0x798a13b071a8aac2d55109a53a2ba4230444619d
Tier:      #5 (Canary tier)
# prizes:  66

Tier #5 (Canary tier) not profitable, skipping ...





******************
Processing:
Vault:     0xa18d434e584b24b364b506cf2b5cc0cef6be5d5c
Tier:      #5 (Canary tier)
# prizes:  587

Tier #5 (Canary tier) not profitable, skipping ...

