Operating on: 10 - Optimism

Config - REWARD_RECIPIENT not provided, setting swap recipient to relayer address: 0xf9A3856b5368f60f2837c797A993F46C6ea7117d
Config - MIN_PROFIT_THRESHOLD_USD: 0.05

Starting ...
Getting prize pool info ...
Getting prize context ...

******************
1. Prize token: WETH

┌────────────┬──────────────────────────────────────────────┬──────────┬─────────────────┬────────┬──────────────┐
│ (index)    │ address                                      │ decimals │ name            │ symbol │ assetRateUsd │
├────────────┼──────────────────────────────────────────────┼──────────┼─────────────────┼────────┼──────────────┤
│ prizeToken │ '0x4200000000000000000000000000000000000006' │ 18       │ 'Wrapped Ether' │ 'WETH' │ 3160.2625    │
└────────────┴──────────────────────────────────────────────┴──────────┴─────────────────┴────────┴──────────────┘
┌─────────┬──────────┬───────────────────────────────┐
│ (index) │ numTiers │ tiersRangeArray               │
├─────────┼──────────┼───────────────────────────────┤
│ tiers   │ 5        │ [ 0, 1, 2, ... 2 more items ] │
└─────────┴──────────┴───────────────────────────────┘
Draw ID: 2
Prize Token WETH MarketRate USD:  $3160.2625

******************
Getting prize vaults ...
Found 13 prize vaults.

333 prizes already claimed for draw #2.
4 prizes remaining to be claimed...




******************
Processing:
Vault:     0xa52e38a9147f5ea9e0c5547376c21c9e3f3e5e1f
Tier:      #4 (Canary tier)
# prizes:  4

5a. Calculating # of profitable claims ...

Native (Gas) Token ETH Market Rate (USD): $3160.25

Estimated gas limit (wei) (1 prize claim): 0.000000000000203036 ETH (203036 wei)
Estimated gas limit (wei) (2 prize claims): 0.000000000000292402 ETH (292402 wei)

Gas Cost: First Claim (wei): 0.000000000000203036 ETH (203036 wei)
Gas Cost: Each Following Claim (wei): 0.000000000000089366 ETH (89366 wei)

Gas Cost: First Claim (USD): $0.01 $0.0050522434560951145
Gas Cost: Each Following Claim (USD): $0 $0.0023360585516444083

5b. 1 Claim(s):

Total gas cost: 1 Claim(s) (USD): $0.01 ($0.0050522434560951145)

Next Claim Reward: 1 Claim(s) (WEI): 0.000017007955088404 WETH (17007955088404 wei)
Next Claim Reward: 1 Claim(s) (USD): $0.05 ($0.05374960266756734)

Net profit = (Gross Profit - Gas Cost [Avg])
$0.05 = ($0.05 - $0.01) $0.048697359211472224 = ($0.05374960266756734 - $0.0050522434560951145)

******************
5c. Profit/Loss (USD):

Net profit = (Gross Profit - Gas Cost [Max])
$-0.01 = ($0 - $0.01) $-0.0050522434560951145 = ($0 - $0.0050522434560951145)

Claiming tier #4 (Canary tier) currently not profitable.
Not profitable to claim for Draw #2, Tier: #4 (Canary tier)
