Operating on: 10 - Optimism

Config - REWARD_RECIPIENT not provided, setting swap recipient to relayer address: 0xf9A3856b5368f60f2837c797A993F46C6ea7117d
Config - MIN_PROFIT_THRESHOLD_USD: 0.05

Starting ...
Getting prize pool info ...
Getting prize context ...

******************
1. Prize token: WETH

┌────────────┬──────────────────────────────────────────────┬──────────┬─────────────────┬────────┬──────────────┐
│ (index)    │ address                                      │ decimals │ name            │ symbol │ assetRateUsd │
├────────────┼──────────────────────────────────────────────┼──────────┼─────────────────┼────────┼──────────────┤
│ prizeToken │ '0x4200000000000000000000000000000000000006' │ 18       │ 'Wrapped Ether' │ 'WETH' │ 3234.5718    │
└────────────┴──────────────────────────────────────────────┴──────────┴─────────────────┴────────┴──────────────┘
┌─────────┬──────────┬───────────────────────────────┐
│ (index) │ numTiers │ tiersRangeArray               │
├─────────┼──────────┼───────────────────────────────┤
│ tiers   │ 6        │ [ 0, 1, 2, ... 3 more items ] │
└─────────┴──────────┴───────────────────────────────┘
Draw ID: 4
Prize Token WETH MarketRate USD:  $3234.5718

******************
Getting prize vaults ...
Found 13 prize vaults.

190 prizes already claimed for draw #4.
1217 prizes remaining to be claimed...




******************
Processing:
Vault:     0x03d3ce84279cb6f54f5e6074ff0f8319d830dafe
Tier:      #4 (Canary tier)
# prizes:  106

5a. Calculating # of profitable claims ...

Native (Gas) Token ETH Market Rate (USD): $3235.5

Estimated gas limit (wei) (1 prize claim): 0.000000000000203433 ETH (203433 wei)
Estimated gas limit (wei) (2 prize claims): 0.000000000000286836 ETH (286836 wei)

Gas Cost: First Claim (wei): 0.000000000000203433 ETH (203433 wei)
Gas Cost: Each Following Claim (wei): 0.000000000000083403 ETH (83403 wei)

Gas Cost: First Claim (USD): $0.04 $0.04055307871409616
Gas Cost: Each Following Claim (USD): $0.02 $0.01684990774013684

5b. 1 Claim(s):

Total gas cost: 1 Claim(s) (USD): $0.04 ($0.04055307871409616)

Next Claim Reward: 1 Claim(s) (WEI): 0.00000149146897022 WETH (1491468970220 wei)
Next Claim Reward: 1 Claim(s) (USD): $0 ($0.004824263471648652)

Net profit = (Gross Profit - Gas Cost [Avg])
$-0.04 = ($0 - $0.04) $-0.035728815242447504 = ($0.004824263471648652 - $0.04055307871409616)

******************
5c. Profit/Loss (USD):

Net profit = (Gross Profit - Gas Cost [Max])
$-0.04 = ($0 - $0.04) $-0.04055307871409616 = ($0 - $0.04055307871409616)

Claiming tier #4 (Canary tier) currently not profitable.
Not profitable to claim for Draw #4, Tier: #4 (Canary tier)




******************
Processing:
Vault:     0x1f16d3ccf568e96019cedc8a2c79d2ca6257894e
Tier:      #4 (Canary tier)
# prizes:  5

Tier #4 (Canary tier) not profitable, skipping ...





******************
Processing:
Vault:     0x3e8dbe51da479f7e8ac46307af99ad5b4b5b41dc
Tier:      #4 (Canary tier)
# prizes:  32

Tier #4 (Canary tier) not profitable, skipping ...





******************
Processing:
Vault:     0xa52e38a9147f5ea9e0c5547376c21c9e3f3e5e1f
Tier:      #4 (Canary tier)
# prizes:  6

Tier #4 (Canary tier) not profitable, skipping ...





******************
Processing:
Vault:     0x03d3ce84279cb6f54f5e6074ff0f8319d830dafe
Tier:      #5 (Canary tier)
# prizes:  547

Tier #5 (Canary tier) not profitable, skipping ...





******************
Processing:
Vault:     0x1f16d3ccf568e96019cedc8a2c79d2ca6257894e
Tier:      #5 (Canary tier)
# prizes:  114

Tier #5 (Canary tier) not profitable, skipping ...





******************
Processing:
Vault:     0x2998c1685e308661123f64b333767266035f5020
Tier:      #5 (Canary tier)
# prizes:  56

Tier #5 (Canary tier) not profitable, skipping ...





******************
Processing:
Vault:     0x3e8dbe51da479f7e8ac46307af99ad5b4b5b41dc
Tier:      #5 (Canary tier)
# prizes:  226

Tier #5 (Canary tier) not profitable, skipping ...





******************
Processing:
Vault:     0xa52e38a9147f5ea9e0c5547376c21c9e3f3e5e1f
Tier:      #5 (Canary tier)
# prizes:  125

Tier #5 (Canary tier) not profitable, skipping ...

