Operating on: 11155420 - Optimism Sepolia

Config - REWARD_RECIPIENT not provided, setting swap recipient to relayer address: 0x06003274c3a7926c04cA8d6903cc691fE8f3CEC2
Config - MIN_PROFIT_THRESHOLD_USD: -0.1

Starting ...
Getting prize pool info ...
Getting prize context ...

******************
1. Prize token: WETH

┌────────────┬──────────────────────────────────────────────┬──────────┬─────────────────┬────────┬──────────────┐
│ (index)    │ address                                      │ decimals │ name            │ symbol │ assetRateUsd │
├────────────┼──────────────────────────────────────────────┼──────────┼─────────────────┼────────┼──────────────┤
│ prizeToken │ '0xC355F97a3Aa2808Acb536E555764b8FB26fB4b37' │ 18       │ 'Wrapped Ether' │ 'WETH' │ 3249.4775    │
└────────────┴──────────────────────────────────────────────┴──────────┴─────────────────┴────────┴──────────────┘
┌─────────┬──────────┬───────────────────────────────┐
│ (index) │ numTiers │ tiersRangeArray               │
├─────────┼──────────┼───────────────────────────────┤
│ tiers   │ 5        │ [ 0, 1, 2, ... 2 more items ] │
└─────────┴──────────┴───────────────────────────────┘
Draw ID: 2
Prize Token WETH MarketRate USD:  $3249.4775

******************
Getting prize vaults ...
Found 6 prize vaults.

141 prizes already claimed for draw #2.
207 prizes remaining to be claimed...




******************
Processing:
Vault:     0x33335296c9b020ca3252e4953c11decfdce816b8
Tier:      #3 (Canary tier)
# prizes:  1

5a. Calculating # of profitable claims ...

Native (Gas) Token ETH Market Rate (USD): $3254.86

Estimated gas limit (wei) (1 prize claim): 0.000000000000164131 ETH (164131 wei)

Gas Cost: First Claim (wei): 0.000000000000164131 ETH (164131 wei)

Gas Cost: First Claim (USD): $0.01 $0.01483637827336204

5b. 1 Claim(s):

Total gas cost: 1 Claim(s) (USD): $0.01 ($0.01483637827336204)

Next Claim Reward: 1 Claim(s) (WEI): 0.000035986118512184 WETH (35986118512184 wei)
Next Claim Reward: 1 Claim(s) (USD): $0.12 ($0.11693608241767538)

Net profit = (Gross Profit - Gas Cost [Avg])
$0.1 = ($0.12 - $0.01) $0.10209970414431334 = ($0.11693608241767538 - $0.01483637827336204)


******************
5c. Profit/Loss (USD):

Net profit = (Gross Profit - Gas Cost [Max])
$0.1 = ($0.12 - $0.01) $0.10209970414431334 = ($0.11693608241767538 - $0.01483637827336204)

Claiming tier #3 (Canary tier) currently not profitable.

Execute Claim Transaction for Tier #3 (Canary tier)



Transaction sent! ✔
Transaction hash: 0xd7291aabd42d4e8bfbb5ab231283ad8b63e2b9e3ba9c771b507119de0cc03e60
Waiting on transaction to be confirmed ...
Tx confirmed !




******************
Processing:
Vault:     0x7fad91a4a29109303188d8758f1a9d60ce988349
Tier:      #3 (Canary tier)
# prizes:  3

5a. Calculating # of profitable claims ...

Native (Gas) Token ETH Market Rate (USD): $3254.86

Estimated gas limit (wei) (1 prize claim): 0.000000000000156224 ETH (156224 wei)
Estimated gas limit (wei) (2 prize claims): 0.000000000000228351 ETH (228351 wei)

Gas Cost: First Claim (wei): 0.000000000000156224 ETH (156224 wei)
Gas Cost: Each Following Claim (wei): 0.000000000000072127 ETH (72127 wei)

Gas Cost: First Claim (USD): $0.01 $0.01481063560982518
Gas Cost: Each Following Claim (USD): $0.02 $0.017802144090604703

5b. 1 Claim(s):

Total gas cost: 1 Claim(s) (USD): $0.01 ($0.01481063560982518)

Next Claim Reward: 1 Claim(s) (WEI): 0.000035986118512184 WETH (35986118512184 wei)
Next Claim Reward: 1 Claim(s) (USD): $0.12 ($0.11693608241767538)

Net profit = (Gross Profit - Gas Cost [Avg])
$0.1 = ($0.12 - $0.01) $0.1021254468078502 = ($0.11693608241767538 - $0.01481063560982518)


5b. 2 Claim(s):

Total gas cost: 2 Claim(s) (USD): $0.03 ($0.03261277970042988)

Claim Reward: 1 Claim(s) (WEI): 0.000035986118512184 WETH (35986118512184 wei)
Claim Reward: 1 Claim(s) (USD): $0.12 ($0.11693608241767538)

Next Claim Reward: 2 Claim(s) (WEI): 0.000071972237024368 WETH (71972237024368 wei)
Next Claim Reward: 2 Claim(s) (USD): $0.23 ($0.23387216483535075)

Net profit = (Gross Profit - Gas Cost [Avg])
$0.2 = ($0.23 - $0.03) $0.20125938513492087 = ($0.23387216483535075 - $0.03261277970042988)


5b. 3 Claim(s):

Total gas cost: 3 Claim(s) (USD): $0.05 ($0.050414923791034585)

Claim Reward: 2 Claim(s) (WEI): 0.000071972237024368 WETH (71972237024368 wei)
Claim Reward: 2 Claim(s) (USD): $0.23 ($0.23387216483535075)

Next Claim Reward: 3 Claim(s) (WEI): 0.000107958355536552 WETH (107958355536552 wei)
Next Claim Reward: 3 Claim(s) (USD): $0.35 ($0.3508082472530261)

Net profit = (Gross Profit - Gas Cost [Avg])
$0.3 = ($0.35 - $0.05) $0.30039332346199155 = ($0.3508082472530261 - $0.050414923791034585)


******************
5c. Profit/Loss (USD):

Net profit = (Gross Profit - Gas Cost [Max])
$0.3 = ($0.35 - $0.05) $0.30039332346199155 = ($0.3508082472530261 - $0.050414923791034585)

Submitting transaction to claim 3 prize(s):

0x7fad91a4a29109303188d8758f1a9d60ce988349-0x42621916dfFfD3cf335F4C74d768b13E96d72ea1-3-54
0x7fad91a4a29109303188d8758f1a9d60ce988349-0x58E6bdD1E1335e267692b67521a052A12C877d4B-3-15
0x7fad91a4a29109303188d8758f1a9d60ce988349-0x03fBfB63f8Afc3ec78A13861daed5873e7698881-3-15



Execute Claim Transaction for Tier #3 (Canary tier)



Transaction sent! ✔
Transaction hash: 0x091f6b698af9bb549a46fae2945e0ea1a9f9b8fc6508c16f4509b9df0dc4b227
Waiting on transaction to be confirmed ...
Tx confirmed !




******************
Processing:
Vault:     0x33335296c9b020ca3252e4953c11decfdce816b8
Tier:      #4 (Canary tier)
# prizes:  93

5a. Calculating # of profitable claims ...

Native (Gas) Token ETH Market Rate (USD): $3254.86

Estimated gas limit (wei) (1 prize claim): 0.000000000000169656 ETH (169656 wei)
Estimated gas limit (wei) (2 prize claims): 0.000000000000243775 ETH (243775 wei)

Gas Cost: First Claim (wei): 0.000000000000169656 ETH (169656 wei)
Gas Cost: Each Following Claim (wei): 0.000000000000074119 ETH (74119 wei)

Gas Cost: First Claim (USD): $0.02 $0.016642116984767724
Gas Cost: Each Following Claim (USD): $0.02 $0.020004542830392245

5b. 1 Claim(s):

Total gas cost: 1 Claim(s) (USD): $0.02 ($0.016642116984767724)

Next Claim Reward: 1 Claim(s) (WEI): 0.000008996529628046 WETH (8996529628046 wei)
Next Claim Reward: 1 Claim(s) (USD): $0.03 ($0.029234020604418844)

Net profit = (Gross Profit - Gas Cost [Avg])
$0.01 = ($0.03 - $0.02) $0.01259190361965112 = ($0.029234020604418844 - $0.016642116984767724)


5b. 2 Claim(s):

Total gas cost: 2 Claim(s) (USD): $0.04 ($0.036646659815159965)

Claim Reward: 1 Claim(s) (WEI): 0.000008996529628046 WETH (8996529628046 wei)
Claim Reward: 1 Claim(s) (USD): $0.03 ($0.029234020604418844)

Next Claim Reward: 2 Claim(s) (WEI): 0.000017993059256092 WETH (17993059256092 wei)
Next Claim Reward: 2 Claim(s) (USD): $0.06 ($0.05846804120883769)

Net profit = (Gross Profit - Gas Cost [Avg])
$0.02 = ($0.06 - $0.04) $0.021821381393677723 = ($0.05846804120883769 - $0.036646659815159965)


5b. 3 Claim(s):

Total gas cost: 3 Claim(s) (USD): $0.06 ($0.056651202645552214)

Claim Reward: 2 Claim(s) (WEI): 0.000017993059256092 WETH (17993059256092 wei)
Claim Reward: 2 Claim(s) (USD): $0.06 ($0.05846804120883769)

Next Claim Reward: 3 Claim(s) (WEI): 0.000026989588884138 WETH (26989588884138 wei)
Next Claim Reward: 3 Claim(s) (USD): $0.09 ($0.08770206181325653)

Net profit = (Gross Profit - Gas Cost [Avg])
$0.03 = ($0.09 - $0.06) $0.031050859167704316 = ($0.08770206181325653 - $0.056651202645552214)


5b. 4 Claim(s):

Total gas cost: 4 Claim(s) (USD): $0.08 ($0.07665574547594446)

Claim Reward: 3 Claim(s) (WEI): 0.000026989588884138 WETH (26989588884138 wei)
Claim Reward: 3 Claim(s) (USD): $0.09 ($0.08770206181325653)

Next Claim Reward: 4 Claim(s) (WEI): 0.000035986118512184 WETH (35986118512184 wei)
Next Claim Reward: 4 Claim(s) (USD): $0.12 ($0.11693608241767538)

Net profit = (Gross Profit - Gas Cost [Avg])
$0.04 = ($0.12 - $0.08) $0.040280336941730915 = ($0.11693608241767538 - $0.07665574547594446)


5b. 5 Claim(s):

Total gas cost: 5 Claim(s) (USD): $0.1 ($0.0966602883063367)

Claim Reward: 4 Claim(s) (WEI): 0.000035986118512184 WETH (35986118512184 wei)
Claim Reward: 4 Claim(s) (USD): $0.12 ($0.11693608241767538)

Next Claim Reward: 5 Claim(s) (WEI): 0.00004498264814023 WETH (44982648140230 wei)
Next Claim Reward: 5 Claim(s) (USD): $0.15 ($0.14617010302209424)

Net profit = (Gross Profit - Gas Cost [Avg])
$0.05 = ($0.15 - $0.1) $0.049509814715757536 = ($0.14617010302209424 - $0.0966602883063367)


5b. 6 Claim(s):

Total gas cost: 6 Claim(s) (USD): $0.12 ($0.11666483113672894)

Claim Reward: 5 Claim(s) (WEI): 0.00004498264814023 WETH (44982648140230 wei)
Claim Reward: 5 Claim(s) (USD): $0.15 ($0.14617010302209424)

Next Claim Reward: 6 Claim(s) (WEI): 0.000053979177768276 WETH (53979177768276 wei)
Next Claim Reward: 6 Claim(s) (USD): $0.18 ($0.17540412362651306)

Net profit = (Gross Profit - Gas Cost [Avg])
$0.06 = ($0.18 - $0.12) $0.058739292489784115 = ($0.17540412362651306 - $0.11666483113672894)


5b. 7 Claim(s):

Total gas cost: 7 Claim(s) (USD): $0.14 ($0.1366693739671212)

Claim Reward: 6 Claim(s) (WEI): 0.000053979177768276 WETH (53979177768276 wei)
Claim Reward: 6 Claim(s) (USD): $0.18 ($0.17540412362651306)

Next Claim Reward: 7 Claim(s) (WEI): 0.000062975707396322 WETH (62975707396322 wei)
Next Claim Reward: 7 Claim(s) (USD): $0.2 ($0.20463814423093193)

Net profit = (Gross Profit - Gas Cost [Avg])
$0.07 = ($0.2 - $0.14) $0.06796877026381073 = ($0.20463814423093193 - $0.1366693739671212)


5b. 8 Claim(s):

Total gas cost: 8 Claim(s) (USD): $0.16 ($0.15667391679751344)

Claim Reward: 7 Claim(s) (WEI): 0.000062975707396322 WETH (62975707396322 wei)
Claim Reward: 7 Claim(s) (USD): $0.2 ($0.20463814423093193)

Next Claim Reward: 8 Claim(s) (WEI): 0.000071972237024368 WETH (71972237024368 wei)
Next Claim Reward: 8 Claim(s) (USD): $0.23 ($0.23387216483535075)

Net profit = (Gross Profit - Gas Cost [Avg])
$0.08 = ($0.23 - $0.16) $0.07719824803783731 = ($0.23387216483535075 - $0.15667391679751344)


5b. 9 Claim(s):

Total gas cost: 9 Claim(s) (USD): $0.18 ($0.17667845962790568)

Claim Reward: 8 Claim(s) (WEI): 0.000071972237024368 WETH (71972237024368 wei)
Claim Reward: 8 Claim(s) (USD): $0.23 ($0.23387216483535075)

Next Claim Reward: 9 Claim(s) (WEI): 0.000080968766652414 WETH (80968766652414 wei)
Next Claim Reward: 9 Claim(s) (USD): $0.26 ($0.2631061854397696)

Net profit = (Gross Profit - Gas Cost [Avg])
$0.09 = ($0.26 - $0.18) $0.08642772581186392 = ($0.2631061854397696 - $0.17667845962790568)


5b. 10 Claim(s):

Total gas cost: 10 Claim(s) (USD): $0.2 ($0.19668300245829792)

Claim Reward: 9 Claim(s) (WEI): 0.000080968766652414 WETH (80968766652414 wei)
Claim Reward: 9 Claim(s) (USD): $0.26 ($0.2631061854397696)

Next Claim Reward: 10 Claim(s) (WEI): 0.00008996529628046 WETH (89965296280460 wei)
Next Claim Reward: 10 Claim(s) (USD): $0.29 ($0.2923402060441885)

Net profit = (Gross Profit - Gas Cost [Avg])
$0.1 = ($0.29 - $0.2) $0.09565720358589055 = ($0.2923402060441885 - $0.19668300245829792)


5b. 11 Claim(s):

Total gas cost: 11 Claim(s) (USD): $0.22 ($0.21668754528869016)

Claim Reward: 10 Claim(s) (WEI): 0.00008996529628046 WETH (89965296280460 wei)
Claim Reward: 10 Claim(s) (USD): $0.29 ($0.2923402060441885)

Next Claim Reward: 11 Claim(s) (WEI): 0.000098961825908506 WETH (98961825908506 wei)
Next Claim Reward: 11 Claim(s) (USD): $0.32 ($0.3215742266486073)

Net profit = (Gross Profit - Gas Cost [Avg])
$0.1 = ($0.32 - $0.22) $0.10488668135991713 = ($0.3215742266486073 - $0.21668754528869016)


5b. 12 Claim(s):

Total gas cost: 12 Claim(s) (USD): $0.24 ($0.2366920881190824)

Claim Reward: 11 Claim(s) (WEI): 0.000098961825908506 WETH (98961825908506 wei)
Claim Reward: 11 Claim(s) (USD): $0.32 ($0.3215742266486073)

Next Claim Reward: 12 Claim(s) (WEI): 0.000107958355536552 WETH (107958355536552 wei)
Next Claim Reward: 12 Claim(s) (USD): $0.35 ($0.3508082472530261)

Net profit = (Gross Profit - Gas Cost [Avg])
$0.11 = ($0.35 - $0.24) $0.11411615913394371 = ($0.3508082472530261 - $0.2366920881190824)


5b. 13 Claim(s):

Total gas cost: 13 Claim(s) (USD): $0.26 ($0.2566966309494747)

Claim Reward: 12 Claim(s) (WEI): 0.000107958355536552 WETH (107958355536552 wei)
Claim Reward: 12 Claim(s) (USD): $0.35 ($0.3508082472530261)

Next Claim Reward: 13 Claim(s) (WEI): 0.000116954885164598 WETH (116954885164598 wei)
Next Claim Reward: 13 Claim(s) (USD): $0.38 ($0.380042267857445)

Net profit = (Gross Profit - Gas Cost [Avg])
$0.12 = ($0.38 - $0.26) $0.12334563690797029 = ($0.380042267857445 - $0.2566966309494747)


5b. 14 Claim(s):

Total gas cost: 14 Claim(s) (USD): $0.28 ($0.2767011737798669)

Claim Reward: 13 Claim(s) (WEI): 0.000116954885164598 WETH (116954885164598 wei)
Claim Reward: 13 Claim(s) (USD): $0.38 ($0.380042267857445)

Next Claim Reward: 14 Claim(s) (WEI): 0.000125951414792644 WETH (125951414792644 wei)
Next Claim Reward: 14 Claim(s) (USD): $0.41 ($0.40927628846186387)

Net profit = (Gross Profit - Gas Cost [Avg])
$0.13 = ($0.41 - $0.28) $0.13257511468199695 = ($0.40927628846186387 - $0.2767011737798669)


5b. 15 Claim(s):

Total gas cost: 15 Claim(s) (USD): $0.3 ($0.29670571661025913)

Claim Reward: 14 Claim(s) (WEI): 0.000125951414792644 WETH (125951414792644 wei)
Claim Reward: 14 Claim(s) (USD): $0.41 ($0.40927628846186387)

Next Claim Reward: 15 Claim(s) (WEI): 0.00013494794442069 WETH (134947944420690 wei)
Next Claim Reward: 15 Claim(s) (USD): $0.44 ($0.43851030906628263)

Net profit = (Gross Profit - Gas Cost [Avg])
$0.14 = ($0.44 - $0.3) $0.1418045924560235 = ($0.43851030906628263 - $0.29670571661025913)


5b. 16 Claim(s):

Total gas cost: 16 Claim(s) (USD): $0.32 ($0.31671025944065134)

Claim Reward: 15 Claim(s) (WEI): 0.00013494794442069 WETH (134947944420690 wei)
Claim Reward: 15 Claim(s) (USD): $0.44 ($0.43851030906628263)

Next Claim Reward: 16 Claim(s) (WEI): 0.000143944474048736 WETH (143944474048736 wei)
Next Claim Reward: 16 Claim(s) (USD): $0.47 ($0.4677443296707015)

Net profit = (Gross Profit - Gas Cost [Avg])
$0.15 = ($0.47 - $0.32) $0.15103407023005017 = ($0.4677443296707015 - $0.31671025944065134)


5b. 17 Claim(s):

Total gas cost: 17 Claim(s) (USD): $0.34 ($0.33671480227104367)

Claim Reward: 16 Claim(s) (WEI): 0.000143944474048736 WETH (143944474048736 wei)
Claim Reward: 16 Claim(s) (USD): $0.47 ($0.4677443296707015)

Next Claim Reward: 17 Claim(s) (WEI): 0.000152941003676782 WETH (152941003676782 wei)
Next Claim Reward: 17 Claim(s) (USD): $0.5 ($0.4969783502751204)

Net profit = (Gross Profit - Gas Cost [Avg])
$0.16 = ($0.5 - $0.34) $0.16026354800407672 = ($0.4969783502751204 - $0.33671480227104367)


5b. 18 Claim(s):

Total gas cost: 18 Claim(s) (USD): $0.36 ($0.3567193451014359)

Claim Reward: 17 Claim(s) (WEI): 0.000152941003676782 WETH (152941003676782 wei)
Claim Reward: 17 Claim(s) (USD): $0.5 ($0.4969783502751204)

Next Claim Reward: 18 Claim(s) (WEI): 0.000161937533304828 WETH (161937533304828 wei)
Next Claim Reward: 18 Claim(s) (USD): $0.53 ($0.5262123708795392)

Net profit = (Gross Profit - Gas Cost [Avg])
$0.17 = ($0.53 - $0.36) $0.16949302577810332 = ($0.5262123708795392 - $0.3567193451014359)


5b. 19 Claim(s):

Total gas cost: 19 Claim(s) (USD): $0.38 ($0.3767238879318281)

Claim Reward: 18 Claim(s) (WEI): 0.000161937533304828 WETH (161937533304828 wei)
Claim Reward: 18 Claim(s) (USD): $0.53 ($0.5262123708795392)

Next Claim Reward: 19 Claim(s) (WEI): 0.000170934062932874 WETH (170934062932874 wei)
Next Claim Reward: 19 Claim(s) (USD): $0.56 ($0.555446391483958)

Net profit = (Gross Profit - Gas Cost [Avg])
$0.18 = ($0.56 - $0.38) $0.17872250355212993 = ($0.555446391483958 - $0.3767238879318281)


5b. 20 Claim(s):

Total gas cost: 20 Claim(s) (USD): $0.4 ($0.3967284307622204)

Claim Reward: 19 Claim(s) (WEI): 0.000170934062932874 WETH (170934062932874 wei)
Claim Reward: 19 Claim(s) (USD): $0.56 ($0.555446391483958)

Next Claim Reward: 20 Claim(s) (WEI): 0.00017993059256092 WETH (179930592560920 wei)
Next Claim Reward: 20 Claim(s) (USD): $0.58 ($0.584680412088377)

Net profit = (Gross Profit - Gas Cost [Avg])
$0.19 = ($0.58 - $0.4) $0.18795198132615654 = ($0.584680412088377 - $0.3967284307622204)


5b. 21 Claim(s):

Total gas cost: 21 Claim(s) (USD): $0.42 ($0.41673297359261263)

Claim Reward: 20 Claim(s) (WEI): 0.00017993059256092 WETH (179930592560920 wei)
Claim Reward: 20 Claim(s) (USD): $0.58 ($0.584680412088377)

Next Claim Reward: 21 Claim(s) (WEI): 0.000188927122188966 WETH (188927122188966 wei)
Next Claim Reward: 21 Claim(s) (USD): $0.61 ($0.6139144326927958)

Net profit = (Gross Profit - Gas Cost [Avg])
$0.2 = ($0.61 - $0.42) $0.19718145910018314 = ($0.6139144326927958 - $0.41673297359261263)


5b. 22 Claim(s):

Total gas cost: 22 Claim(s) (USD): $0.44 ($0.43673751642300485)

Claim Reward: 21 Claim(s) (WEI): 0.000188927122188966 WETH (188927122188966 wei)
Claim Reward: 21 Claim(s) (USD): $0.61 ($0.6139144326927958)

Next Claim Reward: 22 Claim(s) (WEI): 0.000197923651817012 WETH (197923651817012 wei)
Next Claim Reward: 22 Claim(s) (USD): $0.64 ($0.6431484532972146)

Net profit = (Gross Profit - Gas Cost [Avg])
$0.21 = ($0.64 - $0.44) $0.20641093687420975 = ($0.6431484532972146 - $0.43673751642300485)


5b. 23 Claim(s):

Total gas cost: 23 Claim(s) (USD): $0.46 ($0.45674205925339706)

Claim Reward: 22 Claim(s) (WEI): 0.000197923651817012 WETH (197923651817012 wei)
Claim Reward: 22 Claim(s) (USD): $0.64 ($0.6431484532972146)

Next Claim Reward: 23 Claim(s) (WEI): 0.000206920181445058 WETH (206920181445058 wei)
Next Claim Reward: 23 Claim(s) (USD): $0.67 ($0.6723824739016335)

Net profit = (Gross Profit - Gas Cost [Avg])
$0.22 = ($0.67 - $0.46) $0.21564041464823647 = ($0.6723824739016335 - $0.45674205925339706)


5b. 24 Claim(s):

Total gas cost: 24 Claim(s) (USD): $0.48 ($0.4767466020837894)

Claim Reward: 23 Claim(s) (WEI): 0.000206920181445058 WETH (206920181445058 wei)
Claim Reward: 23 Claim(s) (USD): $0.67 ($0.6723824739016335)

Next Claim Reward: 24 Claim(s) (WEI): 0.000215916711073104 WETH (215916711073104 wei)
Next Claim Reward: 24 Claim(s) (USD): $0.7 ($0.7016164945060522)

Net profit = (Gross Profit - Gas Cost [Avg])
$0.22 = ($0.7 - $0.48) $0.22486989242226285 = ($0.7016164945060522 - $0.4767466020837894)


5b. 25 Claim(s):

Total gas cost: 25 Claim(s) (USD): $0.5 ($0.4967511449141816)

Claim Reward: 24 Claim(s) (WEI): 0.000215916711073104 WETH (215916711073104 wei)
Claim Reward: 24 Claim(s) (USD): $0.7 ($0.7016164945060522)

Next Claim Reward: 25 Claim(s) (WEI): 0.00022491324070115 WETH (224913240701150 wei)
Next Claim Reward: 25 Claim(s) (USD): $0.73 ($0.730850515110471)

Net profit = (Gross Profit - Gas Cost [Avg])
$0.23 = ($0.73 - $0.5) $0.23409937019628946 = ($0.730850515110471 - $0.4967511449141816)


5b. 26 Claim(s):

Total gas cost: 26 Claim(s) (USD): $0.52 ($0.5167556877445738)

Claim Reward: 25 Claim(s) (WEI): 0.00022491324070115 WETH (224913240701150 wei)
Claim Reward: 25 Claim(s) (USD): $0.73 ($0.730850515110471)

Next Claim Reward: 26 Claim(s) (WEI): 0.000233909770329196 WETH (233909770329196 wei)
Next Claim Reward: 26 Claim(s) (USD): $0.76 ($0.76008453571489)

Net profit = (Gross Profit - Gas Cost [Avg])
$0.24 = ($0.76 - $0.52) $0.24332884797031618 = ($0.76008453571489 - $0.5167556877445738)


5b. 27 Claim(s):

Total gas cost: 27 Claim(s) (USD): $0.54 ($0.536760230574966)

Claim Reward: 26 Claim(s) (WEI): 0.000233909770329196 WETH (233909770329196 wei)
Claim Reward: 26 Claim(s) (USD): $0.76 ($0.76008453571489)

Next Claim Reward: 27 Claim(s) (WEI): 0.000242906299957242 WETH (242906299957242 wei)
Next Claim Reward: 27 Claim(s) (USD): $0.79 ($0.7893185563193088)

Net profit = (Gross Profit - Gas Cost [Avg])
$0.25 = ($0.79 - $0.54) $0.2525583257443428 = ($0.7893185563193088 - $0.536760230574966)


5b. 28 Claim(s):

Total gas cost: 28 Claim(s) (USD): $0.56 ($0.5567647734053583)

Claim Reward: 27 Claim(s) (WEI): 0.000242906299957242 WETH (242906299957242 wei)
Claim Reward: 27 Claim(s) (USD): $0.79 ($0.7893185563193088)

Next Claim Reward: 28 Claim(s) (WEI): 0.000251902829585288 WETH (251902829585288 wei)
Next Claim Reward: 28 Claim(s) (USD): $0.82 ($0.8185525769237277)

Net profit = (Gross Profit - Gas Cost [Avg])
$0.26 = ($0.82 - $0.56) $0.2617878035183694 = ($0.8185525769237277 - $0.5567647734053583)


5b. 29 Claim(s):

Total gas cost: 29 Claim(s) (USD): $0.58 ($0.5767693162357506)

Claim Reward: 28 Claim(s) (WEI): 0.000251902829585288 WETH (251902829585288 wei)
Claim Reward: 28 Claim(s) (USD): $0.82 ($0.8185525769237277)

Next Claim Reward: 29 Claim(s) (WEI): 0.000260899359213334 WETH (260899359213334 wei)
Next Claim Reward: 29 Claim(s) (USD): $0.85 ($0.8477865975281464)

Net profit = (Gross Profit - Gas Cost [Avg])
$0.27 = ($0.85 - $0.58) $0.2710172812923959 = ($0.8477865975281464 - $0.5767693162357506)


5b. 30 Claim(s):

Total gas cost: 30 Claim(s) (USD): $0.6 ($0.5967738590661428)

Claim Reward: 29 Claim(s) (WEI): 0.000260899359213334 WETH (260899359213334 wei)
Claim Reward: 29 Claim(s) (USD): $0.85 ($0.8477865975281464)

Next Claim Reward: 30 Claim(s) (WEI): 0.00026989588884138 WETH (269895888841380 wei)
Next Claim Reward: 30 Claim(s) (USD): $0.88 ($0.8770206181325653)

Net profit = (Gross Profit - Gas Cost [Avg])
$0.28 = ($0.88 - $0.6) $0.2802467590664225 = ($0.8770206181325653 - $0.5967738590661428)

******************
5c. Profit/Loss (USD):

Net profit = (Gross Profit - Gas Cost [Max])
$0.25 = ($0.85 - $0.6) $0.25101273846200367 = ($0.8477865975281464 - $0.5967738590661428)

Submitting transaction to claim 29 prize(s):

0x33335296c9b020ca3252e4953c11decfdce816b8-0xc6019CF1dB855e27e08aD3ea2A90C628C2849C54-4-158
0x33335296c9b020ca3252e4953c11decfdce816b8-0x58C29bD75e583d2a3C2FEaEEc1a416101fA3ae92-4-63
0x33335296c9b020ca3252e4953c11decfdce816b8-0x8C5E5eE6a373b825435cb011F9c68f6BFAEF571d-4-171
0x33335296c9b020ca3252e4953c11decfdce816b8-0x128dF57484D3aD57B51FCA95580FA883924A2D76-4-110
0x33335296c9b020ca3252e4953c11decfdce816b8-0xea807a7B24544a010eBCe1A0d460DEb7a668998D-4-34
0x33335296c9b020ca3252e4953c11decfdce816b8-0x5DA3B2De275148dAa902CacAf9C9Db01Ff2d8455-4-217
0x33335296c9b020ca3252e4953c11decfdce816b8-0x7dE6Ddcb8DAC8672C58D7c1cce9B2B74e69B33fD-4-94
0x33335296c9b020ca3252e4953c11decfdce816b8-0x1CE72b4271E4ea381F7599B884e0f34535Aa8693-4-198
0x33335296c9b020ca3252e4953c11decfdce816b8-0x25cb5801297a502a2D4308CcfFCA1Dc2DD6385f9-4-208
0x33335296c9b020ca3252e4953c11decfdce816b8-0xa011DfDBeb0184aC706931E24538D543C240fc54-4-200
0x33335296c9b020ca3252e4953c11decfdce816b8-0x2154b47Bee709Af729FFaEeBFC7160e523ceFF2B-4-22
0x33335296c9b020ca3252e4953c11decfdce816b8-0x798E5DC1915D427397d07C3f776A59cf05FaB9aD-4-124
0x33335296c9b020ca3252e4953c11decfdce816b8-0x01b8BDA4cF0898468E82df969221C80DAF2065aB-4-225
0x33335296c9b020ca3252e4953c11decfdce816b8-0x25805cF1003A7a21e584F53787e767AB69210072-4-24
0x33335296c9b020ca3252e4953c11decfdce816b8-0x31119b8793fa2a5D97892c559b416C73d76879a6-4-167
0x33335296c9b020ca3252e4953c11decfdce816b8-0x0C7587118c6c2b9893C3f03BD1E7edE89df0b243-4-186
0x33335296c9b020ca3252e4953c11decfdce816b8-0x0F89cC98fE6D504E3A9f5A9dD743eF2bC0D74278-4-206
0x33335296c9b020ca3252e4953c11decfdce816b8-0x53C7d8A5dA1f3a70738eB9d946D8916F0F39Ee07-4-172
0x33335296c9b020ca3252e4953c11decfdce816b8-0xFDC1273E285C867e3e4CF9ed19aB91563B0E6672-4-60
0x33335296c9b020ca3252e4953c11decfdce816b8-0xA75AD66AA30e6476c52bF738b2aB93dE53277801-4-153
0x33335296c9b020ca3252e4953c11decfdce816b8-0x47c3Ba6A7DD8D2bD5C283e86AB54023d2d2F18a5-4-66
0x33335296c9b020ca3252e4953c11decfdce816b8-0xE46caF6F501251105C5Fb66E4f62E29980a9A280-4-95
0x33335296c9b020ca3252e4953c11decfdce816b8-0x4Bc4C13A5c610b410Ba2016aBf153C70d8aF003d-4-227
0x33335296c9b020ca3252e4953c11decfdce816b8-0xE589576C0686c203A407825D06E9b645A60c4F09-4-43
0x33335296c9b020ca3252e4953c11decfdce816b8-0xc0a20aA56aC631e86e37a92b369DE4346d78E801-4-230
0x33335296c9b020ca3252e4953c11decfdce816b8-0xdf3cA12aa2a07C16a9a0E5046F9078F1f5b366A3-4-235
0x33335296c9b020ca3252e4953c11decfdce816b8-0xba130d67C38A25D9E20FfE9CF0614f3F5696E33e-4-199
0x33335296c9b020ca3252e4953c11decfdce816b8-0x11c0dF3D400FB1bf78570CB92235c9805b78BF34-4-95
0x33335296c9b020ca3252e4953c11decfdce816b8-0xAa85288D3B96912ca69898f3a298A3E4b4144cDE-4-92



Execute Claim Transaction for Tier #4 (Canary tier)



Transaction sent! ✔
Transaction hash: 0x08cf66a837e5c6c80a696080eab27294f17d8a37759c9f48793368c9be691c9c
Waiting on transaction to be confirmed ...
Tx confirmed !




******************
Processing:
Vault:     0x7fad91a4a29109303188d8758f1a9d60ce988349
Tier:      #4 (Canary tier)
# prizes:  110

5a. Calculating # of profitable claims ...

Native (Gas) Token ETH Market Rate (USD): $3254.86

Estimated gas limit (wei) (1 prize claim): 0.000000000000162939 ETH (162939 wei)
Estimated gas limit (wei) (2 prize claims): 0.000000000000234477 ETH (234477 wei)

Gas Cost: First Claim (wei): 0.000000000000162939 ETH (162939 wei)
Gas Cost: Each Following Claim (wei): 0.000000000000071538 ETH (71538 wei)

Gas Cost: First Claim (USD): $0.02 $0.01662024858069828
Gas Cost: Each Following Claim (USD): $0.02 $0.019996139919732245

5b. 1 Claim(s):

Total gas cost: 1 Claim(s) (USD): $0.02 ($0.01662024858069828)

Next Claim Reward: 1 Claim(s) (WEI): 0.000008996529628046 WETH (8996529628046 wei)
Next Claim Reward: 1 Claim(s) (USD): $0.03 ($0.029234020604418844)

Net profit = (Gross Profit - Gas Cost [Avg])
$0.01 = ($0.03 - $0.02) $0.012613772023720566 = ($0.029234020604418844 - $0.01662024858069828)


5b. 2 Claim(s):

Total gas cost: 2 Claim(s) (USD): $0.04 ($0.03661638850043052)

Claim Reward: 1 Claim(s) (WEI): 0.000008996529628046 WETH (8996529628046 wei)
Claim Reward: 1 Claim(s) (USD): $0.03 ($0.029234020604418844)

Next Claim Reward: 2 Claim(s) (WEI): 0.000017993059256092 WETH (17993059256092 wei)
Next Claim Reward: 2 Claim(s) (USD): $0.06 ($0.05846804120883769)

Net profit = (Gross Profit - Gas Cost [Avg])
$0.02 = ($0.06 - $0.04) $0.021851652708407165 = ($0.05846804120883769 - $0.03661638850043052)


5b. 3 Claim(s):

Total gas cost: 3 Claim(s) (USD): $0.06 ($0.05661252842016277)

Claim Reward: 2 Claim(s) (WEI): 0.000017993059256092 WETH (17993059256092 wei)
Claim Reward: 2 Claim(s) (USD): $0.06 ($0.05846804120883769)

Next Claim Reward: 3 Claim(s) (WEI): 0.000026989588884138 WETH (26989588884138 wei)
Next Claim Reward: 3 Claim(s) (USD): $0.09 ($0.08770206181325653)

Net profit = (Gross Profit - Gas Cost [Avg])
$0.03 = ($0.09 - $0.06) $0.03108953339309376 = ($0.08770206181325653 - $0.05661252842016277)


5b. 4 Claim(s):

Total gas cost: 4 Claim(s) (USD): $0.08 ($0.07660866833989502)

Claim Reward: 3 Claim(s) (WEI): 0.000026989588884138 WETH (26989588884138 wei)
Claim Reward: 3 Claim(s) (USD): $0.09 ($0.08770206181325653)

Next Claim Reward: 4 Claim(s) (WEI): 0.000035986118512184 WETH (35986118512184 wei)
Next Claim Reward: 4 Claim(s) (USD): $0.12 ($0.11693608241767538)

Net profit = (Gross Profit - Gas Cost [Avg])
$0.04 = ($0.12 - $0.08) $0.04032741407778036 = ($0.11693608241767538 - $0.07660866833989502)


5b. 5 Claim(s):

Total gas cost: 5 Claim(s) (USD): $0.1 ($0.09660480825962725)

Claim Reward: 4 Claim(s) (WEI): 0.000035986118512184 WETH (35986118512184 wei)
Claim Reward: 4 Claim(s) (USD): $0.12 ($0.11693608241767538)

Next Claim Reward: 5 Claim(s) (WEI): 0.00004498264814023 WETH (44982648140230 wei)
Next Claim Reward: 5 Claim(s) (USD): $0.15 ($0.14617010302209424)

Net profit = (Gross Profit - Gas Cost [Avg])
$0.05 = ($0.15 - $0.1) $0.04956529476246699 = ($0.14617010302209424 - $0.09660480825962725)


5b. 6 Claim(s):

Total gas cost: 6 Claim(s) (USD): $0.12 ($0.11660094817935951)

Claim Reward: 5 Claim(s) (WEI): 0.00004498264814023 WETH (44982648140230 wei)
Claim Reward: 5 Claim(s) (USD): $0.15 ($0.14617010302209424)

Next Claim Reward: 6 Claim(s) (WEI): 0.000053979177768276 WETH (53979177768276 wei)
Next Claim Reward: 6 Claim(s) (USD): $0.18 ($0.17540412362651306)

Net profit = (Gross Profit - Gas Cost [Avg])
$0.06 = ($0.18 - $0.12) $0.05880317544715355 = ($0.17540412362651306 - $0.11660094817935951)


5b. 7 Claim(s):

Total gas cost: 7 Claim(s) (USD): $0.14 ($0.13659708809909174)

Claim Reward: 6 Claim(s) (WEI): 0.000053979177768276 WETH (53979177768276 wei)
Claim Reward: 6 Claim(s) (USD): $0.18 ($0.17540412362651306)

Next Claim Reward: 7 Claim(s) (WEI): 0.000062975707396322 WETH (62975707396322 wei)
Next Claim Reward: 7 Claim(s) (USD): $0.2 ($0.20463814423093193)

Net profit = (Gross Profit - Gas Cost [Avg])
$0.07 = ($0.2 - $0.14) $0.0680410561318402 = ($0.20463814423093193 - $0.13659708809909174)


5b. 8 Claim(s):

Total gas cost: 8 Claim(s) (USD): $0.16 ($0.15659322801882397)

Claim Reward: 7 Claim(s) (WEI): 0.000062975707396322 WETH (62975707396322 wei)
Claim Reward: 7 Claim(s) (USD): $0.2 ($0.20463814423093193)

Next Claim Reward: 8 Claim(s) (WEI): 0.000071972237024368 WETH (71972237024368 wei)
Next Claim Reward: 8 Claim(s) (USD): $0.23 ($0.23387216483535075)

Net profit = (Gross Profit - Gas Cost [Avg])
$0.08 = ($0.23 - $0.16) $0.07727893681652678 = ($0.23387216483535075 - $0.15659322801882397)


5b. 9 Claim(s):

Total gas cost: 9 Claim(s) (USD): $0.18 ($0.17658936793855623)

Claim Reward: 8 Claim(s) (WEI): 0.000071972237024368 WETH (71972237024368 wei)
Claim Reward: 8 Claim(s) (USD): $0.23 ($0.23387216483535075)

Next Claim Reward: 9 Claim(s) (WEI): 0.000080968766652414 WETH (80968766652414 wei)
Next Claim Reward: 9 Claim(s) (USD): $0.26 ($0.2631061854397696)

Net profit = (Gross Profit - Gas Cost [Avg])
$0.09 = ($0.26 - $0.18) $0.08651681750121337 = ($0.2631061854397696 - $0.17658936793855623)


5b. 10 Claim(s):

Total gas cost: 10 Claim(s) (USD): $0.2 ($0.1965855078582885)

Claim Reward: 9 Claim(s) (WEI): 0.000080968766652414 WETH (80968766652414 wei)
Claim Reward: 9 Claim(s) (USD): $0.26 ($0.2631061854397696)

Next Claim Reward: 10 Claim(s) (WEI): 0.00008996529628046 WETH (89965296280460 wei)
Next Claim Reward: 10 Claim(s) (USD): $0.29 ($0.2923402060441885)

Net profit = (Gross Profit - Gas Cost [Avg])
$0.1 = ($0.29 - $0.2) $0.09575469818589999 = ($0.2923402060441885 - $0.1965855078582885)


5b. 11 Claim(s):

Total gas cost: 11 Claim(s) (USD): $0.22 ($0.21658164777802072)

Claim Reward: 10 Claim(s) (WEI): 0.00008996529628046 WETH (89965296280460 wei)
Claim Reward: 10 Claim(s) (USD): $0.29 ($0.2923402060441885)

Next Claim Reward: 11 Claim(s) (WEI): 0.000098961825908506 WETH (98961825908506 wei)
Next Claim Reward: 11 Claim(s) (USD): $0.32 ($0.3215742266486073)

Net profit = (Gross Profit - Gas Cost [Avg])
$0.1 = ($0.32 - $0.22) $0.10499257887058658 = ($0.3215742266486073 - $0.21658164777802072)


5b. 12 Claim(s):

Total gas cost: 12 Claim(s) (USD): $0.24 ($0.23657778769775295)

Claim Reward: 11 Claim(s) (WEI): 0.000098961825908506 WETH (98961825908506 wei)
Claim Reward: 11 Claim(s) (USD): $0.32 ($0.3215742266486073)

Next Claim Reward: 12 Claim(s) (WEI): 0.000107958355536552 WETH (107958355536552 wei)
Next Claim Reward: 12 Claim(s) (USD): $0.35 ($0.3508082472530261)

Net profit = (Gross Profit - Gas Cost [Avg])
$0.11 = ($0.35 - $0.24) $0.11423045955527317 = ($0.3508082472530261 - $0.23657778769775295)


5b. 13 Claim(s):

Total gas cost: 13 Claim(s) (USD): $0.26 ($0.2565739276174852)

Claim Reward: 12 Claim(s) (WEI): 0.000107958355536552 WETH (107958355536552 wei)
Claim Reward: 12 Claim(s) (USD): $0.35 ($0.3508082472530261)

Next Claim Reward: 13 Claim(s) (WEI): 0.000116954885164598 WETH (116954885164598 wei)
Next Claim Reward: 13 Claim(s) (USD): $0.38 ($0.380042267857445)

Net profit = (Gross Profit - Gas Cost [Avg])
$0.12 = ($0.38 - $0.26) $0.12346834023995978 = ($0.380042267857445 - $0.2565739276174852)


5b. 14 Claim(s):

Total gas cost: 14 Claim(s) (USD): $0.28 ($0.27657006753721747)

Claim Reward: 13 Claim(s) (WEI): 0.000116954885164598 WETH (116954885164598 wei)
Claim Reward: 13 Claim(s) (USD): $0.38 ($0.380042267857445)

Next Claim Reward: 14 Claim(s) (WEI): 0.000125951414792644 WETH (125951414792644 wei)
Next Claim Reward: 14 Claim(s) (USD): $0.41 ($0.40927628846186387)

Net profit = (Gross Profit - Gas Cost [Avg])
$0.13 = ($0.41 - $0.28) $0.1327062209246464 = ($0.40927628846186387 - $0.27657006753721747)


5b. 15 Claim(s):

Total gas cost: 15 Claim(s) (USD): $0.3 ($0.29656620745694967)

Claim Reward: 14 Claim(s) (WEI): 0.000125951414792644 WETH (125951414792644 wei)
Claim Reward: 14 Claim(s) (USD): $0.41 ($0.40927628846186387)

Next Claim Reward: 15 Claim(s) (WEI): 0.00013494794442069 WETH (134947944420690 wei)
Next Claim Reward: 15 Claim(s) (USD): $0.44 ($0.43851030906628263)

Net profit = (Gross Profit - Gas Cost [Avg])
$0.14 = ($0.44 - $0.3) $0.14194410160933296 = ($0.43851030906628263 - $0.29656620745694967)


5b. 16 Claim(s):

Total gas cost: 16 Claim(s) (USD): $0.32 ($0.31656234737668193)

Claim Reward: 15 Claim(s) (WEI): 0.00013494794442069 WETH (134947944420690 wei)
Claim Reward: 15 Claim(s) (USD): $0.44 ($0.43851030906628263)

Next Claim Reward: 16 Claim(s) (WEI): 0.000143944474048736 WETH (143944474048736 wei)
Next Claim Reward: 16 Claim(s) (USD): $0.47 ($0.4677443296707015)

Net profit = (Gross Profit - Gas Cost [Avg])
$0.15 = ($0.47 - $0.32) $0.15118198229401958 = ($0.4677443296707015 - $0.31656234737668193)


5b. 17 Claim(s):

Total gas cost: 17 Claim(s) (USD): $0.34 ($0.3365584872964142)

Claim Reward: 16 Claim(s) (WEI): 0.000143944474048736 WETH (143944474048736 wei)
Claim Reward: 16 Claim(s) (USD): $0.47 ($0.4677443296707015)

Next Claim Reward: 17 Claim(s) (WEI): 0.000152941003676782 WETH (152941003676782 wei)
Next Claim Reward: 17 Claim(s) (USD): $0.5 ($0.4969783502751204)

Net profit = (Gross Profit - Gas Cost [Avg])
$0.16 = ($0.5 - $0.34) $0.1604198629787062 = ($0.4969783502751204 - $0.3365584872964142)


5b. 18 Claim(s):

Total gas cost: 18 Claim(s) (USD): $0.36 ($0.35655462721614645)

Claim Reward: 17 Claim(s) (WEI): 0.000152941003676782 WETH (152941003676782 wei)
Claim Reward: 17 Claim(s) (USD): $0.5 ($0.4969783502751204)

Next Claim Reward: 18 Claim(s) (WEI): 0.000161937533304828 WETH (161937533304828 wei)
Next Claim Reward: 18 Claim(s) (USD): $0.53 ($0.5262123708795392)

Net profit = (Gross Profit - Gas Cost [Avg])
$0.17 = ($0.53 - $0.36) $0.16965774366339276 = ($0.5262123708795392 - $0.35655462721614645)


5b. 19 Claim(s):

Total gas cost: 19 Claim(s) (USD): $0.38 ($0.3765507671358787)

Claim Reward: 18 Claim(s) (WEI): 0.000161937533304828 WETH (161937533304828 wei)
Claim Reward: 18 Claim(s) (USD): $0.53 ($0.5262123708795392)

Next Claim Reward: 19 Claim(s) (WEI): 0.000170934062932874 WETH (170934062932874 wei)
Next Claim Reward: 19 Claim(s) (USD): $0.56 ($0.555446391483958)

Net profit = (Gross Profit - Gas Cost [Avg])
$0.18 = ($0.56 - $0.38) $0.17889562434807932 = ($0.555446391483958 - $0.3765507671358787)


5b. 20 Claim(s):

Total gas cost: 20 Claim(s) (USD): $0.4 ($0.3965469070556109)

Claim Reward: 19 Claim(s) (WEI): 0.000170934062932874 WETH (170934062932874 wei)
Claim Reward: 19 Claim(s) (USD): $0.56 ($0.555446391483958)

Next Claim Reward: 20 Claim(s) (WEI): 0.00017993059256092 WETH (179930592560920 wei)
Next Claim Reward: 20 Claim(s) (USD): $0.58 ($0.584680412088377)

Net profit = (Gross Profit - Gas Cost [Avg])
$0.19 = ($0.58 - $0.4) $0.18813350503276605 = ($0.584680412088377 - $0.3965469070556109)


5b. 21 Claim(s):

Total gas cost: 21 Claim(s) (USD): $0.42 ($0.41654304697534317)

Claim Reward: 20 Claim(s) (WEI): 0.00017993059256092 WETH (179930592560920 wei)
Claim Reward: 20 Claim(s) (USD): $0.58 ($0.584680412088377)

Next Claim Reward: 21 Claim(s) (WEI): 0.000188927122188966 WETH (188927122188966 wei)
Next Claim Reward: 21 Claim(s) (USD): $0.61 ($0.6139144326927958)

Net profit = (Gross Profit - Gas Cost [Avg])
$0.2 = ($0.61 - $0.42) $0.1973713857174526 = ($0.6139144326927958 - $0.41654304697534317)


5b. 22 Claim(s):

Total gas cost: 22 Claim(s) (USD): $0.44 ($0.4365391868950754)

Claim Reward: 21 Claim(s) (WEI): 0.000188927122188966 WETH (188927122188966 wei)
Claim Reward: 21 Claim(s) (USD): $0.61 ($0.6139144326927958)

Next Claim Reward: 22 Claim(s) (WEI): 0.000197923651817012 WETH (197923651817012 wei)
Next Claim Reward: 22 Claim(s) (USD): $0.64 ($0.6431484532972146)

Net profit = (Gross Profit - Gas Cost [Avg])
$0.21 = ($0.64 - $0.44) $0.20660926640213917 = ($0.6431484532972146 - $0.4365391868950754)


5b. 23 Claim(s):

Total gas cost: 23 Claim(s) (USD): $0.46 ($0.45653532681480763)

Claim Reward: 22 Claim(s) (WEI): 0.000197923651817012 WETH (197923651817012 wei)
Claim Reward: 22 Claim(s) (USD): $0.64 ($0.6431484532972146)

Next Claim Reward: 23 Claim(s) (WEI): 0.000206920181445058 WETH (206920181445058 wei)
Next Claim Reward: 23 Claim(s) (USD): $0.67 ($0.6723824739016335)

Net profit = (Gross Profit - Gas Cost [Avg])
$0.22 = ($0.67 - $0.46) $0.2158471470868259 = ($0.6723824739016335 - $0.45653532681480763)


5b. 24 Claim(s):

Total gas cost: 24 Claim(s) (USD): $0.48 ($0.4765314667345399)

Claim Reward: 23 Claim(s) (WEI): 0.000206920181445058 WETH (206920181445058 wei)
Claim Reward: 23 Claim(s) (USD): $0.67 ($0.6723824739016335)

Next Claim Reward: 24 Claim(s) (WEI): 0.000215916711073104 WETH (215916711073104 wei)
Next Claim Reward: 24 Claim(s) (USD): $0.7 ($0.7016164945060522)

Net profit = (Gross Profit - Gas Cost [Avg])
$0.23 = ($0.7 - $0.48) $0.22508502777151235 = ($0.7016164945060522 - $0.4765314667345399)


5b. 25 Claim(s):

Total gas cost: 25 Claim(s) (USD): $0.5 ($0.49652760665427215)

Claim Reward: 24 Claim(s) (WEI): 0.000215916711073104 WETH (215916711073104 wei)
Claim Reward: 24 Claim(s) (USD): $0.7 ($0.7016164945060522)

Next Claim Reward: 25 Claim(s) (WEI): 0.00022491324070115 WETH (224913240701150 wei)
Next Claim Reward: 25 Claim(s) (USD): $0.73 ($0.730850515110471)

Net profit = (Gross Profit - Gas Cost [Avg])
$0.23 = ($0.73 - $0.5) $0.2343229084561989 = ($0.730850515110471 - $0.49652760665427215)


5b. 26 Claim(s):

Total gas cost: 26 Claim(s) (USD): $0.52 ($0.5165237465740045)

Claim Reward: 25 Claim(s) (WEI): 0.00022491324070115 WETH (224913240701150 wei)
Claim Reward: 25 Claim(s) (USD): $0.73 ($0.730850515110471)

Next Claim Reward: 26 Claim(s) (WEI): 0.000233909770329196 WETH (233909770329196 wei)
Next Claim Reward: 26 Claim(s) (USD): $0.76 ($0.76008453571489)

Net profit = (Gross Profit - Gas Cost [Avg])
$0.24 = ($0.76 - $0.52) $0.24356078914088553 = ($0.76008453571489 - $0.5165237465740045)


5b. 27 Claim(s):

Total gas cost: 27 Claim(s) (USD): $0.54 ($0.5365198864937367)

Claim Reward: 26 Claim(s) (WEI): 0.000233909770329196 WETH (233909770329196 wei)
Claim Reward: 26 Claim(s) (USD): $0.76 ($0.76008453571489)

Next Claim Reward: 27 Claim(s) (WEI): 0.000242906299957242 WETH (242906299957242 wei)
Next Claim Reward: 27 Claim(s) (USD): $0.79 ($0.7893185563193088)

Net profit = (Gross Profit - Gas Cost [Avg])
$0.25 = ($0.79 - $0.54) $0.2527986698255721 = ($0.7893185563193088 - $0.5365198864937367)


5b. 28 Claim(s):

Total gas cost: 28 Claim(s) (USD): $0.56 ($0.556516026413469)

Claim Reward: 27 Claim(s) (WEI): 0.000242906299957242 WETH (242906299957242 wei)
Claim Reward: 27 Claim(s) (USD): $0.79 ($0.7893185563193088)

Next Claim Reward: 28 Claim(s) (WEI): 0.000251902829585288 WETH (251902829585288 wei)
Next Claim Reward: 28 Claim(s) (USD): $0.82 ($0.8185525769237277)

Net profit = (Gross Profit - Gas Cost [Avg])
$0.26 = ($0.82 - $0.56) $0.26203655051025876 = ($0.8185525769237277 - $0.556516026413469)


5b. 29 Claim(s):

Total gas cost: 29 Claim(s) (USD): $0.58 ($0.5765121663332011)

Claim Reward: 28 Claim(s) (WEI): 0.000251902829585288 WETH (251902829585288 wei)
Claim Reward: 28 Claim(s) (USD): $0.82 ($0.8185525769237277)

Next Claim Reward: 29 Claim(s) (WEI): 0.000260899359213334 WETH (260899359213334 wei)
Next Claim Reward: 29 Claim(s) (USD): $0.85 ($0.8477865975281464)

Net profit = (Gross Profit - Gas Cost [Avg])
$0.27 = ($0.85 - $0.58) $0.2712744311949453 = ($0.8477865975281464 - $0.5765121663332011)


5b. 30 Claim(s):

Total gas cost: 30 Claim(s) (USD): $0.6 ($0.5965083062529334)

Claim Reward: 29 Claim(s) (WEI): 0.000260899359213334 WETH (260899359213334 wei)
Claim Reward: 29 Claim(s) (USD): $0.85 ($0.8477865975281464)

Next Claim Reward: 30 Claim(s) (WEI): 0.00026989588884138 WETH (269895888841380 wei)
Next Claim Reward: 30 Claim(s) (USD): $0.88 ($0.8770206181325653)

Net profit = (Gross Profit - Gas Cost [Avg])
$0.28 = ($0.88 - $0.6) $0.2805123118796319 = ($0.8770206181325653 - $0.5965083062529334)

******************
5c. Profit/Loss (USD):

Net profit = (Gross Profit - Gas Cost [Max])
$0.25 = ($0.85 - $0.6) $0.25127829127521306 = ($0.8477865975281464 - $0.5965083062529334)

Submitting transaction to claim 29 prize(s):

0x7fad91a4a29109303188d8758f1a9d60ce988349-0x017b6041357bc18030E7C0318BF7F6F0a4d9d5Bd-4-20
0x7fad91a4a29109303188d8758f1a9d60ce988349-0x7341c2Ade17Aff4cd90f7b3AA05A8CdE6BbCa66a-4-29
0x7fad91a4a29109303188d8758f1a9d60ce988349-0x4Ef48F525625b87872157b95955c49ef6c0CE2BA-4-47
0x7fad91a4a29109303188d8758f1a9d60ce988349-0x231A64267C4b3E6dD238aC37B29da630B9978040-4-8
0x7fad91a4a29109303188d8758f1a9d60ce988349-0xa8930d0c127D2943d9286d7a8a66cedB7895f9E8-4-53
0x7fad91a4a29109303188d8758f1a9d60ce988349-0xa8930d0c127D2943d9286d7a8a66cedB7895f9E8-4-180
0x7fad91a4a29109303188d8758f1a9d60ce988349-0xCfcd62C53018714Cb615C71106eA89Ba47a797aE-4-52
0x7fad91a4a29109303188d8758f1a9d60ce988349-0xE952Df5893549c52f84a72162Bc2188A07B5Dd6A-4-73
0x7fad91a4a29109303188d8758f1a9d60ce988349-0x48eBF4777158BB4B0b1F94540afB7a8192807192-4-37
0x7fad91a4a29109303188d8758f1a9d60ce988349-0xBADe555dFe3239E2a2cF70F26E2E5592017830cA-4-92
0x7fad91a4a29109303188d8758f1a9d60ce988349-0xBADe555dFe3239E2a2cF70F26E2E5592017830cA-4-117
0x7fad91a4a29109303188d8758f1a9d60ce988349-0xEcd51A5B235173F532717FDFb7b5b458d455E87d-4-128
0x7fad91a4a29109303188d8758f1a9d60ce988349-0xEcd51A5B235173F532717FDFb7b5b458d455E87d-4-150
0x7fad91a4a29109303188d8758f1a9d60ce988349-0xF03db644fe01BE9163aF430d251cf9834D5e3Db8-4-0
0x7fad91a4a29109303188d8758f1a9d60ce988349-0xE205681Ea7b6BC1d21b8904AeD7088d8dD582445-4-1
0x7fad91a4a29109303188d8758f1a9d60ce988349-0x6881DE65b4129e6C6f9EfE8a54b53f7e93B4b0ae-4-64
0x7fad91a4a29109303188d8758f1a9d60ce988349-0x1c78a77B279D4e71eBdDeE0B56e8Ba723eb5F136-4-137
0x7fad91a4a29109303188d8758f1a9d60ce988349-0x3b488f4D4cdc7A2523a7E1C9dF2B3138Ef040577-4-101
0x7fad91a4a29109303188d8758f1a9d60ce988349-0xFb6e76B052C61cC7CAFD3Ed43d28957399471a7B-4-161
0x7fad91a4a29109303188d8758f1a9d60ce988349-0xd2176266bCfac833c6Fdc88A9bA6386237301C15-4-180
0x7fad91a4a29109303188d8758f1a9d60ce988349-0x990Fa253af67d70dF14fa85ed588A07399A02816-4-164
0x7fad91a4a29109303188d8758f1a9d60ce988349-0xeeeAD582e6ff395229CE31E8Adc6978f956B6e82-4-113
0x7fad91a4a29109303188d8758f1a9d60ce988349-0x55Db526c5C9c808650cB18bFBA5E64B5Ab8F925b-4-63
0x7fad91a4a29109303188d8758f1a9d60ce988349-0xfA2A423a33105D6A31552f7a5889A1B41C018876-4-174
0x7fad91a4a29109303188d8758f1a9d60ce988349-0xf0E063043aF68E4B595D0ddf7512D013621b6135-4-15
0x7fad91a4a29109303188d8758f1a9d60ce988349-0x5c1Db8Fd500225bD95bAEd92171135f644c12384-4-234
0x7fad91a4a29109303188d8758f1a9d60ce988349-0x37D302018083D0a42d348e665d2b371c8B178D65-4-20
0x7fad91a4a29109303188d8758f1a9d60ce988349-0xb811221b9bE9CA70762f1FdD372682BFDaC5473F-4-0
0x7fad91a4a29109303188d8758f1a9d60ce988349-0xd436f92Bd270235751eC1C465eBadA69a4d2c787-4-220



Execute Claim Transaction for Tier #4 (Canary tier)



Transaction sent! ✔
Transaction hash: 0x1a8b69de2e67b60ed18e91c140ed86e45d5fbecc7181a67d1787623ed1d3d62f
Waiting on transaction to be confirmed ...
Tx confirmed !
