Operating on: 11155420 - Optimism Sepolia

Config - REWARD_RECIPIENT not provided, setting swap recipient to relayer address: 0x06003274c3a7926c04cA8d6903cc691fE8f3CEC2
Config - MIN_PROFIT_THRESHOLD_USD: -0.1

Starting ...
Getting prize pool info ...
Getting prize context ...

******************
1. Prize token: WETH

┌────────────┬──────────────────────────────────────────────┬──────────┬─────────────────┬────────┬──────────────┐
│ (index)    │ address                                      │ decimals │ name            │ symbol │ assetRateUsd │
├────────────┼──────────────────────────────────────────────┼──────────┼─────────────────┼────────┼──────────────┤
│ prizeToken │ '0x058C8222f77978f4e3Fa3aC1914cd541A1F882Cc' │ 18       │ 'Wrapped Ether' │ 'WETH' │ 3540.5088    │
└────────────┴──────────────────────────────────────────────┴──────────┴─────────────────┴────────┴──────────────┘
┌─────────┬──────────┬──────────────────────────────┐
│ (index) │ numTiers │ tiersRangeArray              │
├─────────┼──────────┼──────────────────────────────┤
│ tiers   │ 4        │ [ 0, 1, 2, ... 1 more item ] │
└─────────┴──────────┴──────────────────────────────┘
Draw ID: 1
Prize Token WETH MarketRate USD:  $3540.5088

******************
Getting prize vaults ...
Found 6 prize vaults.

8 prizes already claimed for draw #1.
70 prizes remaining to be claimed...




******************
Processing:
Vault:     0x80436148e5fab18b58a33b24f79977d6934ff0e4
Tier:      #2 (Canary tier)
# prizes:  1

5a. Calculating # of profitable claims ...

Native (Gas) Token ETH Market Rate (USD): $3541.46

Estimated gas limit (wei) (1 prize claim): 0.000000000000161386 ETH (161386 wei)

Gas Cost: First Claim (wei): 0.000000000000161386 ETH (161386 wei)

Gas Cost: First Claim (USD): $0.05 $0.05312772540203936

5b. 1 Claim(s):

Total gas cost: 1 Claim(s) (USD): $0.05 ($0.05312772540203936)

Next Claim Reward: 1 Claim(s) (WEI): 0.000023947057141533 WETH (23947057141533 wei)
Next Claim Reward: 1 Claim(s) (USD): $0.08 ($0.08478476654370043)

Net profit = (Gross Profit - Gas Cost [Avg])
$0.03 = ($0.08 - $0.05) $0.03165704114166107 = ($0.08478476654370043 - $0.05312772540203936)


******************
5c. Profit/Loss (USD):

Net profit = (Gross Profit - Gas Cost [Max])
$0.03 = ($0.08 - $0.05) $0.03165704114166107 = ($0.08478476654370043 - $0.05312772540203936)

Claiming tier #2 (Canary tier) currently not profitable.

Execute Claim Transaction for Tier #2 (Canary tier)



Transaction sent! ✔
Transaction hash: 0x9041aed9b82b353516818cc19d34337b67921c8ee41d8abd90d653fba92bab9f
Waiting on transaction to be confirmed ...
Tx confirmed !




******************
Processing:
Vault:     0xea47f7735eaf6b1e6502c21f50f65e84f7daa824
Tier:      #2 (Canary tier)
# prizes:  15

5a. Calculating # of profitable claims ...

Native (Gas) Token ETH Market Rate (USD): $3541.46

Estimated gas limit (wei) (1 prize claim): 0.000000000000166071 ETH (166071 wei)
Estimated gas limit (wei) (2 prize claims): 0.000000000000238664 ETH (238664 wei)

Gas Cost: First Claim (wei): 0.000000000000166071 ETH (166071 wei)
Gas Cost: Each Following Claim (wei): 0.000000000000072593 ETH (72593 wei)

Gas Cost: First Claim (USD): $0.05 $0.047304764341633984
Gas Cost: Each Following Claim (USD): $0.06 $0.0574795079115941

5b. 1 Claim(s):

Total gas cost: 1 Claim(s) (USD): $0.05 ($0.047304764341633984)

Next Claim Reward: 1 Claim(s) (WEI): 0.000023947057141533 WETH (23947057141533 wei)
Next Claim Reward: 1 Claim(s) (USD): $0.08 ($0.08478476654370043)

Net profit = (Gross Profit - Gas Cost [Avg])
$0.04 = ($0.08 - $0.05) $0.037480002202066445 = ($0.08478476654370043 - $0.047304764341633984)


5b. 2 Claim(s):

Total gas cost: 2 Claim(s) (USD): $0.1 ($0.10478427225322809)

Claim Reward: 1 Claim(s) (WEI): 0.000023947057141533 WETH (23947057141533 wei)
Claim Reward: 1 Claim(s) (USD): $0.08 ($0.08478476654370043)

Next Claim Reward: 2 Claim(s) (WEI): 0.000047894114283066 WETH (47894114283066 wei)
Next Claim Reward: 2 Claim(s) (USD): $0.17 ($0.16956953308740086)

Net profit = (Gross Profit - Gas Cost [Avg])
$0.06 = ($0.17 - $0.1) $0.06478526083417277 = ($0.16956953308740086 - $0.10478427225322809)


5b. 3 Claim(s):

Total gas cost: 3 Claim(s) (USD): $0.16 ($0.16226378016482218)

Claim Reward: 2 Claim(s) (WEI): 0.000047894114283066 WETH (47894114283066 wei)
Claim Reward: 2 Claim(s) (USD): $0.17 ($0.16956953308740086)

Next Claim Reward: 3 Claim(s) (WEI): 0.000071841171424599 WETH (71841171424599 wei)
Next Claim Reward: 3 Claim(s) (USD): $0.25 ($0.2543542996311013)

Net profit = (Gross Profit - Gas Cost [Avg])
$0.09 = ($0.25 - $0.16) $0.09209051946627911 = ($0.2543542996311013 - $0.16226378016482218)


5b. 4 Claim(s):

Total gas cost: 4 Claim(s) (USD): $0.22 ($0.2197432880764163)

Claim Reward: 3 Claim(s) (WEI): 0.000071841171424599 WETH (71841171424599 wei)
Claim Reward: 3 Claim(s) (USD): $0.25 ($0.2543542996311013)

Next Claim Reward: 4 Claim(s) (WEI): 0.000095788228566132 WETH (95788228566132 wei)
Next Claim Reward: 4 Claim(s) (USD): $0.34 ($0.3391390661748017)

Net profit = (Gross Profit - Gas Cost [Avg])
$0.12 = ($0.34 - $0.22) $0.11939577809838542 = ($0.3391390661748017 - $0.2197432880764163)


5b. 5 Claim(s):

Total gas cost: 5 Claim(s) (USD): $0.28 ($0.27722279598801036)

Claim Reward: 4 Claim(s) (WEI): 0.000095788228566132 WETH (95788228566132 wei)
Claim Reward: 4 Claim(s) (USD): $0.34 ($0.3391390661748017)

Next Claim Reward: 5 Claim(s) (WEI): 0.000119735285707665 WETH (119735285707665 wei)
Next Claim Reward: 5 Claim(s) (USD): $0.42 ($0.42392383271850215)

Net profit = (Gross Profit - Gas Cost [Avg])
$0.15 = ($0.42 - $0.28) $0.14670103673049179 = ($0.42392383271850215 - $0.27722279598801036)


5b. 6 Claim(s):

Total gas cost: 6 Claim(s) (USD): $0.33 ($0.3347023038996045)

Claim Reward: 5 Claim(s) (WEI): 0.000119735285707665 WETH (119735285707665 wei)
Claim Reward: 5 Claim(s) (USD): $0.42 ($0.42392383271850215)

Next Claim Reward: 6 Claim(s) (WEI): 0.000143682342849198 WETH (143682342849198 wei)
Next Claim Reward: 6 Claim(s) (USD): $0.51 ($0.5087085992622026)

Net profit = (Gross Profit - Gas Cost [Avg])
$0.17 = ($0.51 - $0.33) $0.1740062953625981 = ($0.5087085992622026 - $0.3347023038996045)


5b. 7 Claim(s):

Total gas cost: 7 Claim(s) (USD): $0.39 ($0.3921818118111986)

Claim Reward: 6 Claim(s) (WEI): 0.000143682342849198 WETH (143682342849198 wei)
Claim Reward: 6 Claim(s) (USD): $0.51 ($0.5087085992622026)

Next Claim Reward: 7 Claim(s) (WEI): 0.000167629399990731 WETH (167629399990731 wei)
Next Claim Reward: 7 Claim(s) (USD): $0.59 ($0.5934933658059031)

Net profit = (Gross Profit - Gas Cost [Avg])
$0.2 = ($0.59 - $0.39) $0.20131155399470446 = ($0.5934933658059031 - $0.3921818118111986)


5b. 8 Claim(s):

Total gas cost: 8 Claim(s) (USD): $0.45 ($0.44966131972279266)

Claim Reward: 7 Claim(s) (WEI): 0.000167629399990731 WETH (167629399990731 wei)
Claim Reward: 7 Claim(s) (USD): $0.59 ($0.5934933658059031)

Next Claim Reward: 8 Claim(s) (WEI): 0.000191576457132264 WETH (191576457132264 wei)
Next Claim Reward: 8 Claim(s) (USD): $0.68 ($0.6782781323496034)

Net profit = (Gross Profit - Gas Cost [Avg])
$0.23 = ($0.68 - $0.45) $0.22861681262681077 = ($0.6782781323496034 - $0.44966131972279266)


5b. 9 Claim(s):

Total gas cost: 9 Claim(s) (USD): $0.51 ($0.5071408276343867)

Claim Reward: 8 Claim(s) (WEI): 0.000191576457132264 WETH (191576457132264 wei)
Claim Reward: 8 Claim(s) (USD): $0.68 ($0.6782781323496034)

Next Claim Reward: 9 Claim(s) (WEI): 0.000215523514273797 WETH (215523514273797 wei)
Next Claim Reward: 9 Claim(s) (USD): $0.76 ($0.7630628988933039)

Net profit = (Gross Profit - Gas Cost [Avg])
$0.26 = ($0.76 - $0.51) $0.2559220712589172 = ($0.7630628988933039 - $0.5071408276343867)


5b. 10 Claim(s):

Total gas cost: 10 Claim(s) (USD): $0.56 ($0.5646203355459809)

Claim Reward: 9 Claim(s) (WEI): 0.000215523514273797 WETH (215523514273797 wei)
Claim Reward: 9 Claim(s) (USD): $0.76 ($0.7630628988933039)

Next Claim Reward: 10 Claim(s) (WEI): 0.00023947057141533 WETH (239470571415330 wei)
Next Claim Reward: 10 Claim(s) (USD): $0.85 ($0.8478476654370043)

Net profit = (Gross Profit - Gas Cost [Avg])
$0.28 = ($0.85 - $0.56) $0.2832273298910234 = ($0.8478476654370043 - $0.5646203355459809)


5b. 11 Claim(s):

Total gas cost: 11 Claim(s) (USD): $0.62 ($0.622099843457575)

Claim Reward: 10 Claim(s) (WEI): 0.00023947057141533 WETH (239470571415330 wei)
Claim Reward: 10 Claim(s) (USD): $0.85 ($0.8478476654370043)

Next Claim Reward: 11 Claim(s) (WEI): 0.000263417628556863 WETH (263417628556863 wei)
Next Claim Reward: 11 Claim(s) (USD): $0.93 ($0.9326324319807047)

Net profit = (Gross Profit - Gas Cost [Avg])
$0.31 = ($0.93 - $0.62) $0.3105325885231297 = ($0.9326324319807047 - $0.622099843457575)


5b. 12 Claim(s):

Total gas cost: 12 Claim(s) (USD): $0.68 ($0.679579351369169)

Claim Reward: 11 Claim(s) (WEI): 0.000263417628556863 WETH (263417628556863 wei)
Claim Reward: 11 Claim(s) (USD): $0.93 ($0.9326324319807047)

Next Claim Reward: 12 Claim(s) (WEI): 0.000287364685698396 WETH (287364685698396 wei)
Next Claim Reward: 12 Claim(s) (USD): $1.02 ($1.0174171985244052)

Net profit = (Gross Profit - Gas Cost [Avg])
$0.34 = ($1.02 - $0.68) $0.3378378471552361 = ($1.0174171985244052 - $0.679579351369169)


5b. 13 Claim(s):

Total gas cost: 13 Claim(s) (USD): $0.74 ($0.7370588592807632)

Claim Reward: 12 Claim(s) (WEI): 0.000287364685698396 WETH (287364685698396 wei)
Claim Reward: 12 Claim(s) (USD): $1.02 ($1.0174171985244052)

Next Claim Reward: 13 Claim(s) (WEI): 0.000311311742839929 WETH (311311742839929 wei)
Next Claim Reward: 13 Claim(s) (USD): $1.1 ($1.1022019650681056)

Net profit = (Gross Profit - Gas Cost [Avg])
$0.37 = ($1.1 - $0.74) $0.36514310578734244 = ($1.1022019650681056 - $0.7370588592807632)


5b. 14 Claim(s):

Total gas cost: 14 Claim(s) (USD): $0.79 ($0.7945383671923573)

Claim Reward: 13 Claim(s) (WEI): 0.000311311742839929 WETH (311311742839929 wei)
Claim Reward: 13 Claim(s) (USD): $1.1 ($1.1022019650681056)

Next Claim Reward: 14 Claim(s) (WEI): 0.000335258799981462 WETH (335258799981462 wei)
Next Claim Reward: 14 Claim(s) (USD): $1.19 ($1.1869867316118061)

Net profit = (Gross Profit - Gas Cost [Avg])
$0.39 = ($1.19 - $0.79) $0.39244836441944886 = ($1.1869867316118061 - $0.7945383671923573)


5b. 15 Claim(s):

Total gas cost: 15 Claim(s) (USD): $0.85 ($0.8520178751039513)

Claim Reward: 14 Claim(s) (WEI): 0.000335258799981462 WETH (335258799981462 wei)
Claim Reward: 14 Claim(s) (USD): $1.19 ($1.1869867316118061)

Next Claim Reward: 15 Claim(s) (WEI): 0.000359205857122995 WETH (359205857122995 wei)
Next Claim Reward: 15 Claim(s) (USD): $1.27 ($1.2717714981555066)

Net profit = (Gross Profit - Gas Cost [Avg])
$0.42 = ($1.27 - $0.85) $0.4197536230515553 = ($1.2717714981555066 - $0.8520178751039513)


******************
5c. Profit/Loss (USD):

Net profit = (Gross Profit - Gas Cost [Max])
$0.42 = ($1.27 - $0.85) $0.4197536230515553 = ($1.2717714981555066 - $0.8520178751039513)

Submitting transaction to claim 15 prize(s):

0xea47f7735eaf6b1e6502c21f50f65e84f7daa824-0xE9b9446B6fd26b15630834a32A8505A3c4D85A6F-2-12
0xea47f7735eaf6b1e6502c21f50f65e84f7daa824-0x3832E218F5A7B86ae5AA4F6D9B2607903A00940B-2-6
0xea47f7735eaf6b1e6502c21f50f65e84f7daa824-0x9a0adD546591382f2a089E7Bb93A8DC6b1725123-2-13
0xea47f7735eaf6b1e6502c21f50f65e84f7daa824-0xC2B8619CE7cD1eCf314D81B3c415745B73fd9595-2-0
0xea47f7735eaf6b1e6502c21f50f65e84f7daa824-0x68160e9837982Eb8c15b3F86B691072fCB32051a-2-15
0xea47f7735eaf6b1e6502c21f50f65e84f7daa824-0x78077B7862C7A8ef2fB4E60557726B9428027189-2-13
0xea47f7735eaf6b1e6502c21f50f65e84f7daa824-0x5741983c3D4214C1981D64c650753d99A4b6E574-2-13
0xea47f7735eaf6b1e6502c21f50f65e84f7daa824-0x5eDe2A09394f1575f90Ea272f55ACdC7E09d40fB-2-9
0xea47f7735eaf6b1e6502c21f50f65e84f7daa824-0x0302158294b43d067620aa24E649d2072B426beE-2-0
0xea47f7735eaf6b1e6502c21f50f65e84f7daa824-0x0336982541A5241483D58Fc07e1F53A0c2dCA37C-2-12
0xea47f7735eaf6b1e6502c21f50f65e84f7daa824-0xd585A9300e74bdDD5211A7Eb3a6E92d10a2dFC3F-2-5
0xea47f7735eaf6b1e6502c21f50f65e84f7daa824-0x58b221bA0613CC82BdeE0Ce804033ccC3AE0F445-2-13
0xea47f7735eaf6b1e6502c21f50f65e84f7daa824-0x54672F87083648b18115b5735076e321D40034cB-2-3
0xea47f7735eaf6b1e6502c21f50f65e84f7daa824-0xdeDC4099222fdA40bCd60d97b059f79aC709C67e-2-7
0xea47f7735eaf6b1e6502c21f50f65e84f7daa824-0x7F822314424f1bBd499b5Ef6340Af9382D322EeD-2-11



Execute Claim Transaction for Tier #2 (Canary tier)



Transaction sent! ✔
Transaction hash: 0x1285431cccad5aa56a77413be7bb92945597248d2ba2c79df04a8660c000f918
Waiting on transaction to be confirmed ...
Tx confirmed !




******************
Processing:
Vault:     0x80436148e5fab18b58a33b24f79977d6934ff0e4
Tier:      #3 (Canary tier)
# prizes:  13

5a. Calculating # of profitable claims ...

Native (Gas) Token ETH Market Rate (USD): $3541.46

Estimated gas limit (wei) (1 prize claim): 0.000000000000161386 ETH (161386 wei)
Estimated gas limit (wei) (2 prize claims): 0.000000000000231395 ETH (231395 wei)

Gas Cost: First Claim (wei): 0.000000000000161386 ETH (161386 wei)
Gas Cost: Each Following Claim (wei): 0.000000000000070009 ETH (70009 wei)

Gas Cost: First Claim (USD): $0.05 $0.04728816842041548
Gas Cost: Each Following Claim (USD): $0.06 $0.05763034242604708

5b. 1 Claim(s):

Total gas cost: 1 Claim(s) (USD): $0.05 ($0.04728816842041548)

Next Claim Reward: 1 Claim(s) (WEI): 0.000005986764285383 WETH (5986764285383 wei)
Next Claim Reward: 1 Claim(s) (USD): $0.02 ($0.021196191635924223)

Net profit = (Gross Profit - Gas Cost [Avg])
$-0.03 = ($0.02 - $0.05) $-0.026091976784491256 = ($0.021196191635924223 - $0.04728816842041548)

******************
5c. Profit/Loss (USD):

Net profit = (Gross Profit - Gas Cost [Max])
$-0.05 = ($0 - $0.05) $-0.04728816842041548 = ($0 - $0.04728816842041548)

Claiming tier #3 (Canary tier) currently not profitable.
Not profitable to claim for Draw #1, Tier: #3 (Canary tier)




******************
Processing:
Vault:     0xea47f7735eaf6b1e6502c21f50f65e84f7daa824
Tier:      #3 (Canary tier)
# prizes:  41

Tier #3 (Canary tier) not profitable, skipping ...

