Operating on: 11155420 - Optimism Sepolia

Config - REWARD_RECIPIENT not provided, setting swap recipient to relayer address: 0x06003274c3a7926c04cA8d6903cc691fE8f3CEC2
Config - MIN_PROFIT_THRESHOLD_USD: -0.1

Starting ...
Getting prize pool info ...
Getting prize context ...

******************
1. Prize token: WETH

┌────────────┬──────────────────────────────────────────────┬──────────┬─────────────────┬────────┬──────────────┐
│ (index)    │ address                                      │ decimals │ name            │ symbol │ assetRateUsd │
├────────────┼──────────────────────────────────────────────┼──────────┼─────────────────┼────────┼──────────────┤
│ prizeToken │ '0x058C8222f77978f4e3Fa3aC1914cd541A1F882Cc' │ 18       │ 'Wrapped Ether' │ 'WETH' │ 3531.848     │
└────────────┴──────────────────────────────────────────────┴──────────┴─────────────────┴────────┴──────────────┘
┌─────────┬──────────┬──────────────────────────────┐
│ (index) │ numTiers │ tiersRangeArray              │
├─────────┼──────────┼──────────────────────────────┤
│ tiers   │ 4        │ [ 0, 1, 2, ... 1 more item ] │
└─────────┴──────────┴──────────────────────────────┘
Draw ID: 1
Prize Token WETH MarketRate USD:  $3531.848

******************
Getting prize vaults ...
Found 6 prize vaults.

2 prizes already claimed for draw #1.
76 prizes remaining to be claimed...




******************
Processing:
Vault:     0xea47f7735eaf6b1e6502c21f50f65e84f7daa824
Tier:      #1
# prizes:  4

5a. Calculating # of profitable claims ...

Native (Gas) Token ETH Market Rate (USD): $3531.44

Estimated gas limit (wei) (1 prize claim): 0.00000000000021315 ETH (213150 wei)
Estimated gas limit (wei) (2 prize claims): 0.000000000000313322 ETH (313322 wei)

Gas Cost: First Claim (wei): 0.00000000000021315 ETH (213150 wei)
Gas Cost: Each Following Claim (wei): 0.000000000000100172 ETH (100172 wei)

Gas Cost: First Claim (USD): $0.32 $0.31861827587375485
Gas Cost: Each Following Claim (USD): $0.39 $0.39104058856276436

5b. 1 Claim(s):

Total gas cost: 1 Claim(s) (USD): $0.32 ($0.31861827587375485)

Next Claim Reward: 1 Claim(s) (WEI): 0.000239470571415336 WETH (239470571415336 wei)
Next Claim Reward: 1 Claim(s) (USD): $0.85 ($0.8457736587121116)

Net profit = (Gross Profit - Gas Cost [Avg])
$0.53 = ($0.85 - $0.32) $0.5271553828383568 = ($0.8457736587121116 - $0.31861827587375485)


5b. 2 Claim(s):

Total gas cost: 2 Claim(s) (USD): $0.71 ($0.7096588644365192)

Claim Reward: 1 Claim(s) (WEI): 0.000239470571415336 WETH (239470571415336 wei)
Claim Reward: 1 Claim(s) (USD): $0.85 ($0.8457736587121116)

Next Claim Reward: 2 Claim(s) (WEI): 0.000478941142830672 WETH (478941142830672 wei)
Next Claim Reward: 2 Claim(s) (USD): $1.69 ($1.6915473174242233)

Net profit = (Gross Profit - Gas Cost [Avg])
$0.98 = ($1.69 - $0.71) $0.9818884529877041 = ($1.6915473174242233 - $0.7096588644365192)


5b. 3 Claim(s):

Total gas cost: 3 Claim(s) (USD): $1.1 ($1.1006994529992835)

Claim Reward: 2 Claim(s) (WEI): 0.000478941142830672 WETH (478941142830672 wei)
Claim Reward: 2 Claim(s) (USD): $1.69 ($1.6915473174242233)

Next Claim Reward: 3 Claim(s) (WEI): 0.000718411714246008 WETH (718411714246008 wei)
Next Claim Reward: 3 Claim(s) (USD): $2.54 ($2.5373209761363347)

Net profit = (Gross Profit - Gas Cost [Avg])
$1.44 = ($2.54 - $1.1) $1.4366215231370512 = ($2.5373209761363347 - $1.1006994529992835)


5b. 4 Claim(s):

Total gas cost: 4 Claim(s) (USD): $1.49 ($1.4917400415620479)

Claim Reward: 3 Claim(s) (WEI): 0.000718411714246008 WETH (718411714246008 wei)
Claim Reward: 3 Claim(s) (USD): $2.54 ($2.5373209761363347)

Next Claim Reward: 4 Claim(s) (WEI): 0.000941854745410228 WETH (941854745410228 wei)
Next Claim Reward: 4 Claim(s) (USD): $3.33 ($3.326487798867623)

Net profit = (Gross Profit - Gas Cost [Avg])
$1.83 = ($3.33 - $1.49) $1.834747757305575 = ($3.326487798867623 - $1.4917400415620479)


******************
5c. Profit/Loss (USD):

Net profit = (Gross Profit - Gas Cost [Max])
$1.83 = ($3.33 - $1.49) $1.834747757305575 = ($3.326487798867623 - $1.4917400415620479)

Submitting transaction to claim 4 prize(s):

0xea47f7735eaf6b1e6502c21f50f65e84f7daa824-0xC7e1D08B1a048a522cD8D22eD93b8359F4a0B5a1-1-0
0xea47f7735eaf6b1e6502c21f50f65e84f7daa824-0x9b77973026A472455c39C8eca4FE12d554ff9322-1-1
0xea47f7735eaf6b1e6502c21f50f65e84f7daa824-0x9d6B57899EEc1C6B757d17E0d8B176aB1fc956C2-1-0
0xea47f7735eaf6b1e6502c21f50f65e84f7daa824-0xcEcE92A397624Cc84118880e778F754f674F6E48-1-1



Execute Claim Transaction for Tier #1



Transaction sent! ✔
Transaction hash: 0x615f77d891fb9c1b1a8ba08a5236ac23745fe9f3fc59e84a981734b335527de9
Waiting on transaction to be confirmed ...
Tx confirmed !




******************
Processing:
Vault:     0x80436148e5fab18b58a33b24f79977d6934ff0e4
Tier:      #2 (Canary tier)
# prizes:  2

5a. Calculating # of profitable claims ...

Native (Gas) Token ETH Market Rate (USD): $3531.44

Estimated gas limit (wei) (1 prize claim): 0.000000000000166071 ETH (166071 wei)
Estimated gas limit (wei) (2 prize claims): 0.000000000000238676 ETH (238676 wei)

Gas Cost: First Claim (wei): 0.000000000000166071 ETH (166071 wei)
Gas Cost: Each Following Claim (wei): 0.000000000000072605 ETH (72605 wei)

Gas Cost: First Claim (USD): $0.3 $0.29545727432717445
Gas Cost: Each Following Claim (USD): $0.36 $0.36244918933306763

5b. 1 Claim(s):

Total gas cost: 1 Claim(s) (USD): $0.3 ($0.29545727432717445)

Next Claim Reward: 1 Claim(s) (WEI): 0.000023947057141533 WETH (23947057141533 wei)
Next Claim Reward: 1 Claim(s) (USD): $0.08 ($0.08457736587120905)

Net profit = (Gross Profit - Gas Cost [Avg])
$-0.21 = ($0.08 - $0.3) $-0.21087990845596538 = ($0.08457736587120905 - $0.29545727432717445)

******************
5c. Profit/Loss (USD):

Net profit = (Gross Profit - Gas Cost [Max])
$-0.3 = ($0 - $0.3) $-0.29545727432717445 = ($0 - $0.29545727432717445)

Claiming tier #2 (Canary tier) currently not profitable.
Not profitable to claim for Draw #1, Tier: #2 (Canary tier)




******************
Processing:
Vault:     0xea47f7735eaf6b1e6502c21f50f65e84f7daa824
Tier:      #2 (Canary tier)
# prizes:  16

Tier #2 (Canary tier) not profitable, skipping ...





******************
Processing:
Vault:     0x80436148e5fab18b58a33b24f79977d6934ff0e4
Tier:      #3 (Canary tier)
# prizes:  13

Tier #3 (Canary tier) not profitable, skipping ...





******************
Processing:
Vault:     0xea47f7735eaf6b1e6502c21f50f65e84f7daa824
Tier:      #3 (Canary tier)
# prizes:  41

Tier #3 (Canary tier) not profitable, skipping ...

