Operating on: 11155420 - Optimism Sepolia

Config - REWARD_RECIPIENT not provided, setting swap recipient to relayer address: 0x06003274c3a7926c04cA8d6903cc691fE8f3CEC2
Config - MIN_PROFIT_THRESHOLD_USD: -0.1

Starting ...
Getting prize pool info ...
Getting prize context ...

******************
1. Prize token: WETH

┌────────────┬──────────────────────────────────────────────┬──────────┬─────────────────┬────────┬──────────────┐
│ (index)    │ address                                      │ decimals │ name            │ symbol │ assetRateUsd │
├────────────┼──────────────────────────────────────────────┼──────────┼─────────────────┼────────┼──────────────┤
│ prizeToken │ '0xC355F97a3Aa2808Acb536E555764b8FB26fB4b37' │ 18       │ 'Wrapped Ether' │ 'WETH' │ 3256.5935    │
└────────────┴──────────────────────────────────────────────┴──────────┴─────────────────┴────────┴──────────────┘
┌─────────┬──────────┬───────────────────────────────┐
│ (index) │ numTiers │ tiersRangeArray               │
├─────────┼──────────┼───────────────────────────────┤
│ tiers   │ 6        │ [ 0, 1, 2, ... 3 more items ] │
└─────────┴──────────┴───────────────────────────────┘
Draw ID: 3
Prize Token WETH MarketRate USD:  $3256.5935

******************
Getting prize vaults ...
Found 6 prize vaults.

330 prizes already claimed for draw #3.
1094 prizes remaining to be claimed...




******************
Processing:
Vault:     0x7fad91a4a29109303188d8758f1a9d60ce988349
Tier:      #4 (Canary tier)
# prizes:  9

5a. Calculating # of profitable claims ...

Native (Gas) Token ETH Market Rate (USD): $3258.92

Estimated gas limit (wei) (1 prize claim): 0.000000000000171996 ETH (171996 wei)
Estimated gas limit (wei) (2 prize claims): 0.000000000000251239 ETH (251239 wei)

Gas Cost: First Claim (wei): 0.000000000000171996 ETH (171996 wei)
Gas Cost: Each Following Claim (wei): 0.000000000000079243 ETH (79243 wei)

Gas Cost: First Claim (USD): $0.02 $0.016050256688824364
Gas Cost: Each Following Claim (USD): $0.02 $0.019284342948396968

5b. 1 Claim(s):

Total gas cost: 1 Claim(s) (USD): $0.02 ($0.016050256688824364)

Next Claim Reward: 1 Claim(s) (WEI): 0.000009192422107344 WETH (9192422107344 wei)
Next Claim Reward: 1 Claim(s) (USD): $0.03 ($0.02993598208403277)

Net profit = (Gross Profit - Gas Cost [Avg])
$0.01 = ($0.03 - $0.02) $0.013885725395208406 = ($0.02993598208403277 - $0.016050256688824364)


5b. 2 Claim(s):

Total gas cost: 2 Claim(s) (USD): $0.04 ($0.03533459963722133)

Claim Reward: 1 Claim(s) (WEI): 0.000009192422107344 WETH (9192422107344 wei)
Claim Reward: 1 Claim(s) (USD): $0.03 ($0.02993598208403277)

Next Claim Reward: 2 Claim(s) (WEI): 0.000018384844214688 WETH (18384844214688 wei)
Next Claim Reward: 2 Claim(s) (USD): $0.06 ($0.05987196416806554)

Net profit = (Gross Profit - Gas Cost [Avg])
$0.02 = ($0.06 - $0.04) $0.024537364530844208 = ($0.05987196416806554 - $0.03533459963722133)


5b. 3 Claim(s):

Total gas cost: 3 Claim(s) (USD): $0.05 ($0.0546189425856183)

Claim Reward: 2 Claim(s) (WEI): 0.000018384844214688 WETH (18384844214688 wei)
Claim Reward: 2 Claim(s) (USD): $0.06 ($0.05987196416806554)

Next Claim Reward: 3 Claim(s) (WEI): 0.000027577266322032 WETH (27577266322032 wei)
Next Claim Reward: 3 Claim(s) (USD): $0.09 ($0.08980794625209831)

Net profit = (Gross Profit - Gas Cost [Avg])
$0.04 = ($0.09 - $0.05) $0.035189003666480013 = ($0.08980794625209831 - $0.0546189425856183)


5b. 4 Claim(s):

Total gas cost: 4 Claim(s) (USD): $0.07 ($0.07390328553401526)

Claim Reward: 3 Claim(s) (WEI): 0.000027577266322032 WETH (27577266322032 wei)
Claim Reward: 3 Claim(s) (USD): $0.09 ($0.08980794625209831)

Next Claim Reward: 4 Claim(s) (WEI): 0.000036769688429376 WETH (36769688429376 wei)
Next Claim Reward: 4 Claim(s) (USD): $0.12 ($0.11974392833613108)

Net profit = (Gross Profit - Gas Cost [Avg])
$0.05 = ($0.12 - $0.07) $0.04584064280211582 = ($0.11974392833613108 - $0.07390328553401526)


5b. 5 Claim(s):

Total gas cost: 5 Claim(s) (USD): $0.09 ($0.09318762848241224)

Claim Reward: 4 Claim(s) (WEI): 0.000036769688429376 WETH (36769688429376 wei)
Claim Reward: 4 Claim(s) (USD): $0.12 ($0.11974392833613108)

Next Claim Reward: 5 Claim(s) (WEI): 0.00004596211053672 WETH (45962110536720 wei)
Next Claim Reward: 5 Claim(s) (USD): $0.15 ($0.14967991042016385)

Net profit = (Gross Profit - Gas Cost [Avg])
$0.06 = ($0.15 - $0.09) $0.056492281937751604 = ($0.14967991042016385 - $0.09318762848241224)


5b. 6 Claim(s):

Total gas cost: 6 Claim(s) (USD): $0.11 ($0.1124719714308092)

Claim Reward: 5 Claim(s) (WEI): 0.00004596211053672 WETH (45962110536720 wei)
Claim Reward: 5 Claim(s) (USD): $0.15 ($0.14967991042016385)

Next Claim Reward: 6 Claim(s) (WEI): 0.000055154532644064 WETH (55154532644064 wei)
Next Claim Reward: 6 Claim(s) (USD): $0.18 ($0.17961589250419663)

Net profit = (Gross Profit - Gas Cost [Avg])
$0.07 = ($0.18 - $0.11) $0.06714392107338743 = ($0.17961589250419663 - $0.1124719714308092)


5b. 7 Claim(s):

Total gas cost: 7 Claim(s) (USD): $0.13 ($0.13175631437920618)

Claim Reward: 6 Claim(s) (WEI): 0.000055154532644064 WETH (55154532644064 wei)
Claim Reward: 6 Claim(s) (USD): $0.18 ($0.17961589250419663)

Next Claim Reward: 7 Claim(s) (WEI): 0.000064346954751408 WETH (64346954751408 wei)
Next Claim Reward: 7 Claim(s) (USD): $0.21 ($0.2095518745882294)

Net profit = (Gross Profit - Gas Cost [Avg])
$0.08 = ($0.21 - $0.13) $0.07779556020902323 = ($0.2095518745882294 - $0.13175631437920618)


5b. 8 Claim(s):

Total gas cost: 8 Claim(s) (USD): $0.15 ($0.15104065732760313)

Claim Reward: 7 Claim(s) (WEI): 0.000064346954751408 WETH (64346954751408 wei)
Claim Reward: 7 Claim(s) (USD): $0.21 ($0.2095518745882294)

Next Claim Reward: 8 Claim(s) (WEI): 0.000073539376858752 WETH (73539376858752 wei)
Next Claim Reward: 8 Claim(s) (USD): $0.24 ($0.23948785667226216)

Net profit = (Gross Profit - Gas Cost [Avg])
$0.09 = ($0.24 - $0.15) $0.08844719934465903 = ($0.23948785667226216 - $0.15104065732760313)


5b. 9 Claim(s):

Total gas cost: 9 Claim(s) (USD): $0.17 ($0.17032500027600012)

Claim Reward: 8 Claim(s) (WEI): 0.000073539376858752 WETH (73539376858752 wei)
Claim Reward: 8 Claim(s) (USD): $0.24 ($0.23948785667226216)

Next Claim Reward: 9 Claim(s) (WEI): 0.000082731798966096 WETH (82731798966096 wei)
Next Claim Reward: 9 Claim(s) (USD): $0.27 ($0.26942383875629494)

Net profit = (Gross Profit - Gas Cost [Avg])
$0.1 = ($0.27 - $0.17) $0.09909883848029483 = ($0.26942383875629494 - $0.17032500027600012)


******************
5c. Profit/Loss (USD):

Net profit = (Gross Profit - Gas Cost [Max])
$0.1 = ($0.27 - $0.17) $0.09909883848029483 = ($0.26942383875629494 - $0.17032500027600012)

Submitting transaction to claim 9 prize(s):

0x7fad91a4a29109303188d8758f1a9d60ce988349-0x70382a82190B6bA3Fea9689B495823CD86cb1F0D-4-223
0x7fad91a4a29109303188d8758f1a9d60ce988349-0x658C8d545E78e8F6383FFb57cf03e8deb5B21184-4-32
0x7fad91a4a29109303188d8758f1a9d60ce988349-0xD319f0845c7B4a3457AE94A6d8D22DD1C4447792-4-114
0x7fad91a4a29109303188d8758f1a9d60ce988349-0xD1Fa0A3dB06C3Db0197bfBF7D20BE0b6E9178149-4-230
0x7fad91a4a29109303188d8758f1a9d60ce988349-0xE8B30f6864ee2c7Af1eb8ec9Bbfdf4376185E3d9-4-51
0x7fad91a4a29109303188d8758f1a9d60ce988349-0x80b28FB30e27Ea02b712206FC263fB42c9A94d12-4-113
0x7fad91a4a29109303188d8758f1a9d60ce988349-0x5FE0f2192b90D1bFC70808Eb2988B89796A79651-4-116
0x7fad91a4a29109303188d8758f1a9d60ce988349-0x016720A83d73f7a26654Ac338b86496cD469BF50-4-62
0x7fad91a4a29109303188d8758f1a9d60ce988349-0x737D96B11f43690F2f0DE987FFE161F1775cF816-4-208



Execute Claim Transaction for Tier #4 (Canary tier)



Transaction sent! ✔
Transaction hash: 0xc2d677aa31f3904fa458a1336e777220fa851c4eea74e6bfc48868e89abd5394
Waiting on transaction to be confirmed ...
Tx confirmed !




******************
Processing:
Vault:     0x33335296c9b020ca3252e4953c11decfdce816b8
Tier:      #5 (Canary tier)
# prizes:  422

5a. Calculating # of profitable claims ...

Native (Gas) Token ETH Market Rate (USD): $3258.92

Estimated gas limit (wei) (1 prize claim): 0.000000000000172008 ETH (172008 wei)
Estimated gas limit (wei) (2 prize claims): 0.000000000000251264 ETH (251264 wei)

Gas Cost: First Claim (wei): 0.000000000000172008 ETH (172008 wei)
Gas Cost: Each Following Claim (wei): 0.000000000000079256 ETH (79256 wei)

Gas Cost: First Claim (USD): $0.02 $0.016103342361312032
Gas Cost: Each Following Claim (USD): $0.02 $0.01939047843622184

5b. 1 Claim(s):

Total gas cost: 1 Claim(s) (USD): $0.02 ($0.016103342361312032)

Next Claim Reward: 1 Claim(s) (WEI): 0.000002298105526836 WETH (2298105526836 wei)
Next Claim Reward: 1 Claim(s) (USD): $0.01 ($0.0074839955210081925)

Net profit = (Gross Profit - Gas Cost [Avg])
$-0.01 = ($0.01 - $0.02) $-0.00861934684030384 = ($0.0074839955210081925 - $0.016103342361312032)

******************
5c. Profit/Loss (USD):

Net profit = (Gross Profit - Gas Cost [Max])
$-0.02 = ($0 - $0.02) $-0.016103342361312032 = ($0 - $0.016103342361312032)

Claiming tier #5 (Canary tier) currently not profitable.
Not profitable to claim for Draw #3, Tier: #5 (Canary tier)




******************
Processing:
Vault:     0x75b2f4b3ec5adf7077f928992524cc547e74f768
Tier:      #5 (Canary tier)
# prizes:  74

Tier #5 (Canary tier) not profitable, skipping ...





******************
Processing:
Vault:     0x7fad91a4a29109303188d8758f1a9d60ce988349
Tier:      #5 (Canary tier)
# prizes:  589

Tier #5 (Canary tier) not profitable, skipping ...

