Operating on: 11155420 - Optimism Sepolia

Config - REWARD_RECIPIENT not provided, setting swap recipient to relayer address: 0x06003274c3a7926c04cA8d6903cc691fE8f3CEC2
Config - MIN_PROFIT_THRESHOLD_USD: -0.1

Starting ...
Getting prize pool info ...
Getting prize context ...

******************
1. Prize token: WETH

┌────────────┬──────────────────────────────────────────────┬──────────┬─────────────────┬────────┬──────────────┐
│ (index)    │ address                                      │ decimals │ name            │ symbol │ assetRateUsd │
├────────────┼──────────────────────────────────────────────┼──────────┼─────────────────┼────────┼──────────────┤
│ prizeToken │ '0xC355F97a3Aa2808Acb536E555764b8FB26fB4b37' │ 18       │ 'Wrapped Ether' │ 'WETH' │ 3234.187     │
└────────────┴──────────────────────────────────────────────┴──────────┴─────────────────┴────────┴──────────────┘
┌─────────┬──────────┬───────────────────────────────┐
│ (index) │ numTiers │ tiersRangeArray               │
├─────────┼──────────┼───────────────────────────────┤
│ tiers   │ 6        │ [ 0, 1, 2, ... 3 more items ] │
└─────────┴──────────┴───────────────────────────────┘
Draw ID: 5
Prize Token WETH MarketRate USD:  $3234.187

******************
Getting prize vaults ...
Found 6 prize vaults.

198 prizes already claimed for draw #5.
1128 prizes remaining to be claimed...




******************
Processing:
Vault:     0x33335296c9b020ca3252e4953c11decfdce816b8
Tier:      #4 (Canary tier)
# prizes:  99

5a. Calculating # of profitable claims ...

Native (Gas) Token ETH Market Rate (USD): $3237.11

Estimated gas limit (wei) (1 prize claim): 0.000000000000168402 ETH (168402 wei)
Estimated gas limit (wei) (2 prize claims): 0.000000000000241285 ETH (241285 wei)

Gas Cost: First Claim (wei): 0.000000000000168402 ETH (168402 wei)
Gas Cost: Each Following Claim (wei): 0.000000000000072883 ETH (72883 wei)

Gas Cost: First Claim (USD): $0.02 $0.015931217967873227
Gas Cost: Each Following Claim (USD): $0.02 $0.019134707322339642

5b. 1 Claim(s):

Total gas cost: 1 Claim(s) (USD): $0.02 ($0.015931217967873227)

Next Claim Reward: 1 Claim(s) (WEI): 0.000020778170984667 WETH (20778170984667 wei)
Next Claim Reward: 1 Claim(s) (USD): $0.07 ($0.06720049048238722)

Net profit = (Gross Profit - Gas Cost [Avg])
$0.05 = ($0.07 - $0.02) $0.05126927251451399 = ($0.06720049048238722 - $0.015931217967873227)


5b. 2 Claim(s):

Total gas cost: 2 Claim(s) (USD): $0.04 ($0.035065925290212865)

Claim Reward: 1 Claim(s) (WEI): 0.000020778170984667 WETH (20778170984667 wei)
Claim Reward: 1 Claim(s) (USD): $0.07 ($0.06720049048238722)

Next Claim Reward: 2 Claim(s) (WEI): 0.000041556341969334 WETH (41556341969334 wei)
Next Claim Reward: 2 Claim(s) (USD): $0.13 ($0.13440098096477443)

Net profit = (Gross Profit - Gas Cost [Avg])
$0.1 = ($0.13 - $0.04) $0.09933505567456156 = ($0.13440098096477443 - $0.035065925290212865)


5b. 3 Claim(s):

Total gas cost: 3 Claim(s) (USD): $0.05 ($0.05420063261255251)

Claim Reward: 2 Claim(s) (WEI): 0.000041556341969334 WETH (41556341969334 wei)
Claim Reward: 2 Claim(s) (USD): $0.13 ($0.13440098096477443)

Next Claim Reward: 3 Claim(s) (WEI): 0.000062334512954001 WETH (62334512954001 wei)
Next Claim Reward: 3 Claim(s) (USD): $0.2 ($0.20160147144716162)

Net profit = (Gross Profit - Gas Cost [Avg])
$0.15 = ($0.2 - $0.05) $0.1474008388346091 = ($0.20160147144716162 - $0.05420063261255251)


5b. 4 Claim(s):

Total gas cost: 4 Claim(s) (USD): $0.07 ($0.07333533993489215)

Claim Reward: 3 Claim(s) (WEI): 0.000062334512954001 WETH (62334512954001 wei)
Claim Reward: 3 Claim(s) (USD): $0.2 ($0.20160147144716162)

Next Claim Reward: 4 Claim(s) (WEI): 0.000083112683938668 WETH (83112683938668 wei)
Next Claim Reward: 4 Claim(s) (USD): $0.27 ($0.26880196192954886)

Net profit = (Gross Profit - Gas Cost [Avg])
$0.2 = ($0.27 - $0.07) $0.1954666219946567 = ($0.26880196192954886 - $0.07333533993489215)


5b. 5 Claim(s):

Total gas cost: 5 Claim(s) (USD): $0.09 ($0.09247004725723179)

Claim Reward: 4 Claim(s) (WEI): 0.000083112683938668 WETH (83112683938668 wei)
Claim Reward: 4 Claim(s) (USD): $0.27 ($0.26880196192954886)

Next Claim Reward: 5 Claim(s) (WEI): 0.000103890854923335 WETH (103890854923335 wei)
Next Claim Reward: 5 Claim(s) (USD): $0.34 ($0.33600245241193605)

Net profit = (Gross Profit - Gas Cost [Avg])
$0.24 = ($0.34 - $0.09) $0.24353240515470426 = ($0.33600245241193605 - $0.09247004725723179)


5b. 6 Claim(s):

Total gas cost: 6 Claim(s) (USD): $0.11 ($0.11160475457957143)

Claim Reward: 5 Claim(s) (WEI): 0.000103890854923335 WETH (103890854923335 wei)
Claim Reward: 5 Claim(s) (USD): $0.34 ($0.33600245241193605)

Next Claim Reward: 6 Claim(s) (WEI): 0.000124669025908002 WETH (124669025908002 wei)
Next Claim Reward: 6 Claim(s) (USD): $0.4 ($0.40320294289432324)

Net profit = (Gross Profit - Gas Cost [Avg])
$0.29 = ($0.4 - $0.11) $0.2915981883147518 = ($0.40320294289432324 - $0.11160475457957143)


5b. 7 Claim(s):

Total gas cost: 7 Claim(s) (USD): $0.13 ($0.13073946190191107)

Claim Reward: 6 Claim(s) (WEI): 0.000124669025908002 WETH (124669025908002 wei)
Claim Reward: 6 Claim(s) (USD): $0.4 ($0.40320294289432324)

Next Claim Reward: 7 Claim(s) (WEI): 0.000145447196892669 WETH (145447196892669 wei)
Next Claim Reward: 7 Claim(s) (USD): $0.47 ($0.4704034333767104)

Net profit = (Gross Profit - Gas Cost [Avg])
$0.34 = ($0.47 - $0.13) $0.3396639714747993 = ($0.4704034333767104 - $0.13073946190191107)


5b. 8 Claim(s):

Total gas cost: 8 Claim(s) (USD): $0.15 ($0.14987416922425073)

Claim Reward: 7 Claim(s) (WEI): 0.000145447196892669 WETH (145447196892669 wei)
Claim Reward: 7 Claim(s) (USD): $0.47 ($0.4704034333767104)

Next Claim Reward: 8 Claim(s) (WEI): 0.000166225367877336 WETH (166225367877336 wei)
Next Claim Reward: 8 Claim(s) (USD): $0.54 ($0.5376039238590977)

Net profit = (Gross Profit - Gas Cost [Avg])
$0.39 = ($0.54 - $0.15) $0.387729754634847 = ($0.5376039238590977 - $0.14987416922425073)


5b. 9 Claim(s):

Total gas cost: 9 Claim(s) (USD): $0.17 ($0.16900887654659036)

Claim Reward: 8 Claim(s) (WEI): 0.000166225367877336 WETH (166225367877336 wei)
Claim Reward: 8 Claim(s) (USD): $0.54 ($0.5376039238590977)

Next Claim Reward: 9 Claim(s) (WEI): 0.000187003538862003 WETH (187003538862003 wei)
Next Claim Reward: 9 Claim(s) (USD): $0.6 ($0.6048044143414848)

Net profit = (Gross Profit - Gas Cost [Avg])
$0.44 = ($0.6 - $0.17) $0.43579553779489444 = ($0.6048044143414848 - $0.16900887654659036)


5b. 10 Claim(s):

Total gas cost: 10 Claim(s) (USD): $0.19 ($0.18814358386893)

Claim Reward: 9 Claim(s) (WEI): 0.000187003538862003 WETH (187003538862003 wei)
Claim Reward: 9 Claim(s) (USD): $0.6 ($0.6048044143414848)

Next Claim Reward: 10 Claim(s) (WEI): 0.00020778170984667 WETH (207781709846670 wei)
Next Claim Reward: 10 Claim(s) (USD): $0.67 ($0.6720049048238721)

Net profit = (Gross Profit - Gas Cost [Avg])
$0.48 = ($0.67 - $0.19) $0.4838613209549421 = ($0.6720049048238721 - $0.18814358386893)


5b. 11 Claim(s):

Total gas cost: 11 Claim(s) (USD): $0.21 ($0.20727829119126964)

Claim Reward: 10 Claim(s) (WEI): 0.00020778170984667 WETH (207781709846670 wei)
Claim Reward: 10 Claim(s) (USD): $0.67 ($0.6720049048238721)

Next Claim Reward: 11 Claim(s) (WEI): 0.000228559880831337 WETH (228559880831337 wei)
Next Claim Reward: 11 Claim(s) (USD): $0.74 ($0.7392053953062593)

Net profit = (Gross Profit - Gas Cost [Avg])
$0.53 = ($0.74 - $0.21) $0.5319271041149897 = ($0.7392053953062593 - $0.20727829119126964)


5b. 12 Claim(s):

Total gas cost: 12 Claim(s) (USD): $0.23 ($0.2264129985136093)

Claim Reward: 11 Claim(s) (WEI): 0.000228559880831337 WETH (228559880831337 wei)
Claim Reward: 11 Claim(s) (USD): $0.74 ($0.7392053953062593)

Next Claim Reward: 12 Claim(s) (WEI): 0.000249338051816004 WETH (249338051816004 wei)
Next Claim Reward: 12 Claim(s) (USD): $0.81 ($0.8064058857886465)

Net profit = (Gross Profit - Gas Cost [Avg])
$0.58 = ($0.81 - $0.23) $0.5799928872750372 = ($0.8064058857886465 - $0.2264129985136093)


5b. 13 Claim(s):

Total gas cost: 13 Claim(s) (USD): $0.25 ($0.24554770583594893)

Claim Reward: 12 Claim(s) (WEI): 0.000249338051816004 WETH (249338051816004 wei)
Claim Reward: 12 Claim(s) (USD): $0.81 ($0.8064058857886465)

Next Claim Reward: 13 Claim(s) (WEI): 0.000270116222800671 WETH (270116222800671 wei)
Next Claim Reward: 13 Claim(s) (USD): $0.87 ($0.8736063762710338)

Net profit = (Gross Profit - Gas Cost [Avg])
$0.63 = ($0.87 - $0.25) $0.6280586704350848 = ($0.8736063762710338 - $0.24554770583594893)


5b. 14 Claim(s):

Total gas cost: 14 Claim(s) (USD): $0.26 ($0.26468241315828855)

Claim Reward: 13 Claim(s) (WEI): 0.000270116222800671 WETH (270116222800671 wei)
Claim Reward: 13 Claim(s) (USD): $0.87 ($0.8736063762710338)

Next Claim Reward: 14 Claim(s) (WEI): 0.000290894393785338 WETH (290894393785338 wei)
Next Claim Reward: 14 Claim(s) (USD): $0.94 ($0.9408068667534208)

Net profit = (Gross Profit - Gas Cost [Avg])
$0.68 = ($0.94 - $0.26) $0.6761244535951323 = ($0.9408068667534208 - $0.26468241315828855)


5b. 15 Claim(s):

Total gas cost: 15 Claim(s) (USD): $0.28 ($0.28381712048062824)

Claim Reward: 14 Claim(s) (WEI): 0.000290894393785338 WETH (290894393785338 wei)
Claim Reward: 14 Claim(s) (USD): $0.94 ($0.9408068667534208)

Next Claim Reward: 15 Claim(s) (WEI): 0.000311672564770005 WETH (311672564770005 wei)
Next Claim Reward: 15 Claim(s) (USD): $1.01 ($1.0080073572358081)

Net profit = (Gross Profit - Gas Cost [Avg])
$0.72 = ($1.01 - $0.28) $0.7241902367551799 = ($1.0080073572358081 - $0.28381712048062824)


5b. 16 Claim(s):

Total gas cost: 16 Claim(s) (USD): $0.3 ($0.30295182780296787)

Claim Reward: 15 Claim(s) (WEI): 0.000311672564770005 WETH (311672564770005 wei)
Claim Reward: 15 Claim(s) (USD): $1.01 ($1.0080073572358081)

Next Claim Reward: 16 Claim(s) (WEI): 0.000332450735754672 WETH (332450735754672 wei)
Next Claim Reward: 16 Claim(s) (USD): $1.08 ($1.0752078477181954)

Net profit = (Gross Profit - Gas Cost [Avg])
$0.77 = ($1.08 - $0.3) $0.7722560199152275 = ($1.0752078477181954 - $0.30295182780296787)


5b. 17 Claim(s):

Total gas cost: 17 Claim(s) (USD): $0.32 ($0.3220865351253075)

Claim Reward: 16 Claim(s) (WEI): 0.000332450735754672 WETH (332450735754672 wei)
Claim Reward: 16 Claim(s) (USD): $1.08 ($1.0752078477181954)

Next Claim Reward: 17 Claim(s) (WEI): 0.000353228906739339 WETH (353228906739339 wei)
Next Claim Reward: 17 Claim(s) (USD): $1.14 ($1.1424083382005825)

Net profit = (Gross Profit - Gas Cost [Avg])
$0.82 = ($1.14 - $0.32) $0.820321803075275 = ($1.1424083382005825 - $0.3220865351253075)


5b. 18 Claim(s):

Total gas cost: 18 Claim(s) (USD): $0.34 ($0.3412212424476471)

Claim Reward: 17 Claim(s) (WEI): 0.000353228906739339 WETH (353228906739339 wei)
Claim Reward: 17 Claim(s) (USD): $1.14 ($1.1424083382005825)

Next Claim Reward: 18 Claim(s) (WEI): 0.000374007077724006 WETH (374007077724006 wei)
Next Claim Reward: 18 Claim(s) (USD): $1.21 ($1.2096088286829696)

Net profit = (Gross Profit - Gas Cost [Avg])
$0.87 = ($1.21 - $0.34) $0.8683875862353225 = ($1.2096088286829696 - $0.3412212424476471)


5b. 19 Claim(s):

Total gas cost: 19 Claim(s) (USD): $0.36 ($0.36035594976998675)

Claim Reward: 18 Claim(s) (WEI): 0.000374007077724006 WETH (374007077724006 wei)
Claim Reward: 18 Claim(s) (USD): $1.21 ($1.2096088286829696)

Next Claim Reward: 19 Claim(s) (WEI): 0.000394785248708673 WETH (394785248708673 wei)
Next Claim Reward: 19 Claim(s) (USD): $1.28 ($1.276809319165357)

Net profit = (Gross Profit - Gas Cost [Avg])
$0.92 = ($1.28 - $0.36) $0.9164533693953701 = ($1.276809319165357 - $0.36035594976998675)


5b. 20 Claim(s):

Total gas cost: 20 Claim(s) (USD): $0.38 ($0.37949065709232643)

Claim Reward: 19 Claim(s) (WEI): 0.000394785248708673 WETH (394785248708673 wei)
Claim Reward: 19 Claim(s) (USD): $1.28 ($1.276809319165357)

Next Claim Reward: 20 Claim(s) (WEI): 0.00041556341969334 WETH (415563419693340 wei)
Next Claim Reward: 20 Claim(s) (USD): $1.34 ($1.3440098096477442)

Net profit = (Gross Profit - Gas Cost [Avg])
$0.96 = ($1.34 - $0.38) $0.9645191525554178 = ($1.3440098096477442 - $0.37949065709232643)


5b. 21 Claim(s):

Total gas cost: 21 Claim(s) (USD): $0.4 ($0.39862536441466606)

Claim Reward: 20 Claim(s) (WEI): 0.00041556341969334 WETH (415563419693340 wei)
Claim Reward: 20 Claim(s) (USD): $1.34 ($1.3440098096477442)

Next Claim Reward: 21 Claim(s) (WEI): 0.000436341590678007 WETH (436341590678007 wei)
Next Claim Reward: 21 Claim(s) (USD): $1.41 ($1.4112103001301315)

Net profit = (Gross Profit - Gas Cost [Avg])
$1.01 = ($1.41 - $0.4) $1.0125849357154655 = ($1.4112103001301315 - $0.39862536441466606)


5b. 22 Claim(s):

Total gas cost: 22 Claim(s) (USD): $0.42 ($0.4177600717370057)

Claim Reward: 21 Claim(s) (WEI): 0.000436341590678007 WETH (436341590678007 wei)
Claim Reward: 21 Claim(s) (USD): $1.41 ($1.4112103001301315)

Next Claim Reward: 22 Claim(s) (WEI): 0.000457119761662674 WETH (457119761662674 wei)
Next Claim Reward: 22 Claim(s) (USD): $1.48 ($1.4784107906125186)

Net profit = (Gross Profit - Gas Cost [Avg])
$1.06 = ($1.48 - $0.42) $1.0606507188755128 = ($1.4784107906125186 - $0.4177600717370057)


5b. 23 Claim(s):

Total gas cost: 23 Claim(s) (USD): $0.44 ($0.4368947790593454)

Claim Reward: 22 Claim(s) (WEI): 0.000457119761662674 WETH (457119761662674 wei)
Claim Reward: 22 Claim(s) (USD): $1.48 ($1.4784107906125186)

Next Claim Reward: 23 Claim(s) (WEI): 0.000477897932647341 WETH (477897932647341 wei)
Next Claim Reward: 23 Claim(s) (USD): $1.55 ($1.5456112810949059)

Net profit = (Gross Profit - Gas Cost [Avg])
$1.11 = ($1.55 - $0.44) $1.1087165020355605 = ($1.5456112810949059 - $0.4368947790593454)


5b. 24 Claim(s):

Total gas cost: 24 Claim(s) (USD): $0.46 ($0.456029486381685)

Claim Reward: 23 Claim(s) (WEI): 0.000477897932647341 WETH (477897932647341 wei)
Claim Reward: 23 Claim(s) (USD): $1.55 ($1.5456112810949059)

Next Claim Reward: 24 Claim(s) (WEI): 0.000498676103632008 WETH (498676103632008 wei)
Next Claim Reward: 24 Claim(s) (USD): $1.61 ($1.612811771577293)

Net profit = (Gross Profit - Gas Cost [Avg])
$1.16 = ($1.61 - $0.46) $1.156782285195608 = ($1.612811771577293 - $0.456029486381685)


5b. 25 Claim(s):

Total gas cost: 25 Claim(s) (USD): $0.48 ($0.47516419370402463)

Claim Reward: 24 Claim(s) (WEI): 0.000498676103632008 WETH (498676103632008 wei)
Claim Reward: 24 Claim(s) (USD): $1.61 ($1.612811771577293)

Next Claim Reward: 25 Claim(s) (WEI): 0.000519454274616675 WETH (519454274616675 wei)
Next Claim Reward: 25 Claim(s) (USD): $1.68 ($1.6800122620596802)

Net profit = (Gross Profit - Gas Cost [Avg])
$1.2 = ($1.68 - $0.48) $1.2048480683556555 = ($1.6800122620596802 - $0.47516419370402463)


5b. 26 Claim(s):

Total gas cost: 26 Claim(s) (USD): $0.49 ($0.49429890102636426)

Claim Reward: 25 Claim(s) (WEI): 0.000519454274616675 WETH (519454274616675 wei)
Claim Reward: 25 Claim(s) (USD): $1.68 ($1.6800122620596802)

Next Claim Reward: 26 Claim(s) (WEI): 0.000540232445601342 WETH (540232445601342 wei)
Next Claim Reward: 26 Claim(s) (USD): $1.75 ($1.7472127525420675)

Net profit = (Gross Profit - Gas Cost [Avg])
$1.25 = ($1.75 - $0.49) $1.2529138515157032 = ($1.7472127525420675 - $0.49429890102636426)


5b. 27 Claim(s):

Total gas cost: 27 Claim(s) (USD): $0.51 ($0.5134336083487039)

Claim Reward: 26 Claim(s) (WEI): 0.000540232445601342 WETH (540232445601342 wei)
Claim Reward: 26 Claim(s) (USD): $1.75 ($1.7472127525420675)

Next Claim Reward: 27 Claim(s) (WEI): 0.000561010616586009 WETH (561010616586009 wei)
Next Claim Reward: 27 Claim(s) (USD): $1.81 ($1.8144132430244548)

Net profit = (Gross Profit - Gas Cost [Avg])
$1.3 = ($1.81 - $0.51) $1.300979634675751 = ($1.8144132430244548 - $0.5134336083487039)


5b. 28 Claim(s):

Total gas cost: 28 Claim(s) (USD): $0.53 ($0.5325683156710436)

Claim Reward: 27 Claim(s) (WEI): 0.000561010616586009 WETH (561010616586009 wei)
Claim Reward: 27 Claim(s) (USD): $1.81 ($1.8144132430244548)

Next Claim Reward: 28 Claim(s) (WEI): 0.000581788787570676 WETH (581788787570676 wei)
Next Claim Reward: 28 Claim(s) (USD): $1.88 ($1.8816137335068417)

Net profit = (Gross Profit - Gas Cost [Avg])
$1.35 = ($1.88 - $0.53) $1.3490454178357982 = ($1.8816137335068417 - $0.5325683156710436)


5b. 29 Claim(s):

Total gas cost: 29 Claim(s) (USD): $0.55 ($0.5517030229933833)

Claim Reward: 28 Claim(s) (WEI): 0.000581788787570676 WETH (581788787570676 wei)
Claim Reward: 28 Claim(s) (USD): $1.88 ($1.8816137335068417)

Next Claim Reward: 29 Claim(s) (WEI): 0.000602566958555343 WETH (602566958555343 wei)
Next Claim Reward: 29 Claim(s) (USD): $1.95 ($1.948814223989229)

Net profit = (Gross Profit - Gas Cost [Avg])
$1.4 = ($1.95 - $0.55) $1.3971112009958457 = ($1.948814223989229 - $0.5517030229933833)


5b. 30 Claim(s):

Total gas cost: 30 Claim(s) (USD): $0.57 ($0.5708377303157228)

Claim Reward: 29 Claim(s) (WEI): 0.000602566958555343 WETH (602566958555343 wei)
Claim Reward: 29 Claim(s) (USD): $1.95 ($1.948814223989229)

Next Claim Reward: 30 Claim(s) (WEI): 0.00062334512954001 WETH (623345129540010 wei)
Next Claim Reward: 30 Claim(s) (USD): $2.02 ($2.0160147144716163)

Net profit = (Gross Profit - Gas Cost [Avg])
$1.45 = ($2.02 - $0.57) $1.4451769841558935 = ($2.0160147144716163 - $0.5708377303157228)

******************
5c. Profit/Loss (USD):

Net profit = (Gross Profit - Gas Cost [Max])
$1.38 = ($1.95 - $0.57) $1.3779764936735062 = ($1.948814223989229 - $0.5708377303157228)

Submitting transaction to claim 29 prize(s):

0x33335296c9b020ca3252e4953c11decfdce816b8-0x54c902A277b03Ba09490970707978c5b87dCd96E-4-31
0x33335296c9b020ca3252e4953c11decfdce816b8-0x0B347ED6a6CcD39D574D0935F0e4075e4199c316-4-105
0x33335296c9b020ca3252e4953c11decfdce816b8-0x9bA43f54De24C05f843420d170954A1311D8cB14-4-148
0x33335296c9b020ca3252e4953c11decfdce816b8-0x64EBE8c71E93F09bcce890DDeF0A734e40DD80d3-4-151
0x33335296c9b020ca3252e4953c11decfdce816b8-0xa2B6b5f216094c0cCdAF2944A9130BF819c80E5a-4-155
0x33335296c9b020ca3252e4953c11decfdce816b8-0x9ED8cb2aa333f2066671d60B68a595822750a45A-4-22
0x33335296c9b020ca3252e4953c11decfdce816b8-0x9ED8cb2aa333f2066671d60B68a595822750a45A-4-215
0x33335296c9b020ca3252e4953c11decfdce816b8-0x9ad6Cbf9c719C3bAF564b9fD5Ff399485C27d433-4-215
0x33335296c9b020ca3252e4953c11decfdce816b8-0xcE034f5187A13dAA3D9e258e502688c37cAa2591-4-222
0x33335296c9b020ca3252e4953c11decfdce816b8-0xA84De351BbdBB080cA411c912EC02c590721243A-4-44
0x33335296c9b020ca3252e4953c11decfdce816b8-0x86AB2437478A101F2C65f1abeD350f8B495e7d01-4-200
0x33335296c9b020ca3252e4953c11decfdce816b8-0x1Bc24cc357bddEB77cCA1355B5A9f159c1c21F59-4-45
0x33335296c9b020ca3252e4953c11decfdce816b8-0x4E2C4c6b2B2287cDCa67d24Dec93F40EEFD54bBe-4-153
0x33335296c9b020ca3252e4953c11decfdce816b8-0xC1135f980EE11E8eEd595D3e7df1b4350767e5d8-4-204
0x33335296c9b020ca3252e4953c11decfdce816b8-0x4DFb8217AA8649f1aD600210784C2130c5E5273c-4-75
0x33335296c9b020ca3252e4953c11decfdce816b8-0x4DFb8217AA8649f1aD600210784C2130c5E5273c-4-239
0x33335296c9b020ca3252e4953c11decfdce816b8-0x298B60F3388CBdb17937D51554773B480C2D2bA2-4-20
0x33335296c9b020ca3252e4953c11decfdce816b8-0x781DD0d1c4075812B860c3bdc2657BF7dB5477aD-4-200
0x33335296c9b020ca3252e4953c11decfdce816b8-0xC23Edad03eD4eeC01b4F613349e50F247A3aFC6D-4-59
0x33335296c9b020ca3252e4953c11decfdce816b8-0x68b8acDac8f25ce6eEA2bfFAcCe17AE0d22426c4-4-255
0x33335296c9b020ca3252e4953c11decfdce816b8-0xddb2F8C03C985676A03a029EA89A866795FF50b2-4-102
0x33335296c9b020ca3252e4953c11decfdce816b8-0x6eEe0dE9FE18B0A05D6520466aAf0Fe41d1851C0-4-157
0x33335296c9b020ca3252e4953c11decfdce816b8-0x3caEF326ae68265DFD49A9465c5f419BBaC5c631-4-203
0x33335296c9b020ca3252e4953c11decfdce816b8-0xbB7F375f675d455C6AD174DbA69011A38203990d-4-12
0x33335296c9b020ca3252e4953c11decfdce816b8-0x82BBC9954D673B37b6dEF925F1D57a046777438F-4-90
0x33335296c9b020ca3252e4953c11decfdce816b8-0xDB661bcc16E247659174175aE2833c2eA558caB8-4-98
0x33335296c9b020ca3252e4953c11decfdce816b8-0x3f6093335F136fADF0ECdE6223224B841f2409a7-4-88
0x33335296c9b020ca3252e4953c11decfdce816b8-0x57512cB3079220868a615dD310dA6e51d1E744C6-4-166
0x33335296c9b020ca3252e4953c11decfdce816b8-0xc246a950371Ae6Ba92333f76399C5d8ab8a3F042-4-127



Execute Claim Transaction for Tier #4 (Canary tier)


