Operating on: 11155420 - Optimism Sepolia
Config - MIN_PROFIT_THRESHOLD_USD: -0.1

Starting ...
Getting prize pool info ...
Getting prize context ...

******************
1. Prize token: WETH

┌────────────┬──────────────────────────────────────────────┬──────────┬─────────────────┬────────┬──────────────┐
│ (index)    │ address                                      │ decimals │ name            │ symbol │ assetRateUsd │
├────────────┼──────────────────────────────────────────────┼──────────┼─────────────────┼────────┼──────────────┤
│ prizeToken │ '0x3749e4DA7558BeD9b0819dE7f8C7eFc271Db004e' │ 18       │ 'Wrapped Ether' │ 'WETH' │ 3429.148     │
└────────────┴──────────────────────────────────────────────┴──────────┴─────────────────┴────────┴──────────────┘
┌─────────┬──────────┬───────────────────────────────┐
│ (index) │ numTiers │ tiersRangeArray               │
├─────────┼──────────┼───────────────────────────────┤
│ tiers   │ 6        │ [ 0, 1, 2, ... 3 more items ] │
└─────────┴──────────┴───────────────────────────────┘
Draw ID: 18
Prize Token WETH MarketRate USD:  $3429.148

******************
Getting prize vaults ...
Found 6 prize vaults.

75 prizes already claimed for draw #18.
1376 prizes remaining to be claimed...




******************
Processing:
Vault:     0xa18d434e584b24b364b506cf2b5cc0cef6be5d5c
Tier:      #3
# prizes:  5

5a. Calculating # of profitable claims ...

Native (Gas) Token ETH Market Rate (USD): $3428.88

Estimated gas limit (wei) (1 prize claim): 0.000000000000239488 ETH (239488 wei)
Estimated gas limit (wei) (2 prize claims): 0.000000000000351115 ETH (351115 wei)

Gas Cost: First Claim (wei): 0.000000000000239488 ETH (239488 wei)
Gas Cost: Each Following Claim (wei): 0.000000000000111627 ETH (111627 wei)

Gas Cost: First Claim (USD): $0.9 $0.8978132307817925
Gas Cost: Each Following Claim (USD): $1.1 $1.0984070030066053

5b. 1 Claim(s):

Total gas cost: 1 Claim(s) (USD): $0.9 ($0.8978132307817925)

Next Claim Reward: 1 Claim(s) (WEI): 0.000317374998207072 WETH (317374998207072 wei)
Next Claim Reward: 1 Claim(s) (USD): $1.09 ($1.0883258403517846)

Net profit = (Gross Profit - Gas Cost [Avg])
$0.19 = ($1.09 - $0.9) $0.19051260956999205 = ($1.0883258403517846 - $0.8978132307817925)


5b. 2 Claim(s):

Total gas cost: 2 Claim(s) (USD): $2 ($1.9962202337883979)

Claim Reward: 1 Claim(s) (WEI): 0.000317374998207072 WETH (317374998207072 wei)
Claim Reward: 1 Claim(s) (USD): $1.09 ($1.0883258403517846)

Next Claim Reward: 2 Claim(s) (WEI): 0.000634749996414144 WETH (634749996414144 wei)
Next Claim Reward: 2 Claim(s) (USD): $2.18 ($2.176651680703569)

Net profit = (Gross Profit - Gas Cost [Avg])
$0.18 = ($2.18 - $2) $0.18043144691517132 = ($2.176651680703569 - $1.9962202337883979)

******************
5c. Profit/Loss (USD):

Net profit = (Gross Profit - Gas Cost [Max])
$-0.91 = ($1.09 - $2) $-0.9078943934366133 = ($1.0883258403517846 - $1.9962202337883979)

Claiming tier #3 currently not profitable.

Execute Claim Transaction for Tier #3



Transaction sent! ✔
Transaction hash: 0xba862ae8261c5f75039c1feb779db99e81ce3729f34665cd0fb695e05f6fd962
Waiting on transaction to be confirmed ...
Tx confirmed !




******************
Processing:
Vault:     0x75ca27bb45d689c18f350592e036ee4e10a68d06
Tier:      #4 (Canary tier)
# prizes:  116

5a. Calculating # of profitable claims ...

Native (Gas) Token ETH Market Rate (USD): $3428.88

Estimated gas limit (wei) (1 prize claim): 0.000000000000185101 ETH (185101 wei)
Estimated gas limit (wei) (2 prize claims): 0.000000000000267507 ETH (267507 wei)

Gas Cost: First Claim (wei): 0.000000000000185101 ETH (185101 wei)
Gas Cost: Each Following Claim (wei): 0.000000000000082406 ETH (82406 wei)

Gas Cost: First Claim (USD): $1.01 $1.0097506817838189
Gas Cost: Each Following Claim (USD): $1.24 $1.239003886906375

5b. 1 Claim(s):

Total gas cost: 1 Claim(s) (USD): $1.01 ($1.0097506817838189)

Next Claim Reward: 1 Claim(s) (WEI): 0.000017703893977539 WETH (17703893977539 wei)
Next Claim Reward: 1 Claim(s) (USD): $0.06 ($0.060709272625289905)

Net profit = (Gross Profit - Gas Cost [Avg])
$-0.95 = ($0.06 - $1.01) $-0.949041409158529 = ($0.060709272625289905 - $1.0097506817838189)

******************
5c. Profit/Loss (USD):

Net profit = (Gross Profit - Gas Cost [Max])
$-1.01 = ($0 - $1.01) $-1.0097506817838189 = ($0 - $1.0097506817838189)

Claiming tier #4 (Canary tier) currently not profitable.
Not profitable to claim for Draw #18, Tier: #4 (Canary tier)




******************
Processing:
Vault:     0x798a13b071a8aac2d55109a53a2ba4230444619d
Tier:      #4 (Canary tier)
# prizes:  15

Tier #4 (Canary tier) not profitable, skipping ...





******************
Processing:
Vault:     0xa18d434e584b24b364b506cf2b5cc0cef6be5d5c
Tier:      #4 (Canary tier)
# prizes:  158

Tier #4 (Canary tier) not profitable, skipping ...





******************
Processing:
Vault:     0x75ca27bb45d689c18f350592e036ee4e10a68d06
Tier:      #5 (Canary tier)
# prizes:  420

Tier #5 (Canary tier) not profitable, skipping ...





******************
Processing:
Vault:     0x798a13b071a8aac2d55109a53a2ba4230444619d
Tier:      #5 (Canary tier)
# prizes:  88

Tier #5 (Canary tier) not profitable, skipping ...





******************
Processing:
Vault:     0xa18d434e584b24b364b506cf2b5cc0cef6be5d5c
Tier:      #5 (Canary tier)
# prizes:  574

Tier #5 (Canary tier) not profitable, skipping ...

