Operating on: 11155420 - Optimism Sepolia
Config - MIN_PROFIT_THRESHOLD_USD: -0.1

Starting ...
Getting prize pool info ...
Getting prize context ...

******************
1. Prize token: WETH

┌────────────┬──────────────────────────────────────────────┬──────────┬─────────────────┬────────┬──────────────┐
│ (index)    │ address                                      │ decimals │ name            │ symbol │ assetRateUsd │
├────────────┼──────────────────────────────────────────────┼──────────┼─────────────────┼────────┼──────────────┤
│ prizeToken │ '0x3749e4DA7558BeD9b0819dE7f8C7eFc271Db004e' │ 18       │ 'Wrapped Ether' │ 'WETH' │ 3489.32      │
└────────────┴──────────────────────────────────────────────┴──────────┴─────────────────┴────────┴──────────────┘
┌─────────┬──────────┬───────────────────────────────┐
│ (index) │ numTiers │ tiersRangeArray               │
├─────────┼──────────┼───────────────────────────────┤
│ tiers   │ 6        │ [ 0, 1, 2, ... 3 more items ] │
└─────────┴──────────┴───────────────────────────────┘
Draw ID: 12
Prize Token WETH MarketRate USD:  $3489.32

******************
Getting prize vaults ...
Found 6 prize vaults.

310 prizes already claimed for draw #12.
1048 prizes remaining to be claimed...




******************
Processing:
Vault:     0xa18d434e584b24b364b506cf2b5cc0cef6be5d5c
Tier:      #4 (Canary tier)
# prizes:  68

5a. Calculating # of profitable claims ...

Native (Gas) Token ETH Market Rate (USD): $3486.32

Estimated gas limit (wei) (1 prize claim): 0.000000000000183085 ETH (183085 wei)
Estimated gas limit (wei) (2 prize claims): 0.000000000000265492 ETH (265492 wei)

Gas Cost: First Claim (wei): 0.000000000000183085 ETH (183085 wei)
Gas Cost: Each Following Claim (wei): 0.000000000000082407 ETH (82407 wei)

Gas Cost: First Claim (USD): $0.03 $0.025260645535491802
Gas Cost: Each Following Claim (USD): $0.03 $0.030511880310343104

5b. 1 Claim(s):

Total gas cost: 1 Claim(s) (USD): $0.03 ($0.025260645535491802)

Next Claim Reward: 1 Claim(s) (WEI): 0.000015874412095343 WETH (15874412095343 wei)
Next Claim Reward: 1 Claim(s) (USD): $0.06 ($0.05539090361252223)

Net profit = (Gross Profit - Gas Cost [Avg])
$0.03 = ($0.06 - $0.03) $0.03013025807703043 = ($0.05539090361252223 - $0.025260645535491802)


5b. 2 Claim(s):

Total gas cost: 2 Claim(s) (USD): $0.06 ($0.055772525845834905)

Claim Reward: 1 Claim(s) (WEI): 0.000015874412095343 WETH (15874412095343 wei)
Claim Reward: 1 Claim(s) (USD): $0.06 ($0.05539090361252223)

Next Claim Reward: 2 Claim(s) (WEI): 0.000031748824190686 WETH (31748824190686 wei)
Next Claim Reward: 2 Claim(s) (USD): $0.11 ($0.11078180722504447)

Net profit = (Gross Profit - Gas Cost [Avg])
$0.06 = ($0.11 - $0.06) $0.05500928137920956 = ($0.11078180722504447 - $0.055772525845834905)


5b. 3 Claim(s):

Total gas cost: 3 Claim(s) (USD): $0.09 ($0.08628440615617801)

Claim Reward: 2 Claim(s) (WEI): 0.000031748824190686 WETH (31748824190686 wei)
Claim Reward: 2 Claim(s) (USD): $0.11 ($0.11078180722504447)

Next Claim Reward: 3 Claim(s) (WEI): 0.000047623236286029 WETH (47623236286029 wei)
Next Claim Reward: 3 Claim(s) (USD): $0.17 ($0.1661727108375667)

Net profit = (Gross Profit - Gas Cost [Avg])
$0.08 = ($0.17 - $0.09) $0.0798883046813887 = ($0.1661727108375667 - $0.08628440615617801)


5b. 4 Claim(s):

Total gas cost: 4 Claim(s) (USD): $0.12 ($0.11679628646652111)

Claim Reward: 3 Claim(s) (WEI): 0.000047623236286029 WETH (47623236286029 wei)
Claim Reward: 3 Claim(s) (USD): $0.17 ($0.1661727108375667)

Next Claim Reward: 4 Claim(s) (WEI): 0.000063497648381372 WETH (63497648381372 wei)
Next Claim Reward: 4 Claim(s) (USD): $0.22 ($0.22156361445008893)

Net profit = (Gross Profit - Gas Cost [Avg])
$0.1 = ($0.22 - $0.12) $0.10476732798356782 = ($0.22156361445008893 - $0.11679628646652111)


5b. 5 Claim(s):

Total gas cost: 5 Claim(s) (USD): $0.15 ($0.1473081667768642)

Claim Reward: 4 Claim(s) (WEI): 0.000063497648381372 WETH (63497648381372 wei)
Claim Reward: 4 Claim(s) (USD): $0.22 ($0.22156361445008893)

Next Claim Reward: 5 Claim(s) (WEI): 0.000079372060476715 WETH (79372060476715 wei)
Next Claim Reward: 5 Claim(s) (USD): $0.28 ($0.2769545180626112)

Net profit = (Gross Profit - Gas Cost [Avg])
$0.13 = ($0.28 - $0.15) $0.12964635128574697 = ($0.2769545180626112 - $0.1473081667768642)


5b. 6 Claim(s):

Total gas cost: 6 Claim(s) (USD): $0.18 ($0.17782004708720733)

Claim Reward: 5 Claim(s) (WEI): 0.000079372060476715 WETH (79372060476715 wei)
Claim Reward: 5 Claim(s) (USD): $0.28 ($0.2769545180626112)

Next Claim Reward: 6 Claim(s) (WEI): 0.000095246472572058 WETH (95246472572058 wei)
Next Claim Reward: 6 Claim(s) (USD): $0.33 ($0.3323454216751334)

Net profit = (Gross Profit - Gas Cost [Avg])
$0.15 = ($0.33 - $0.18) $0.1545253745879261 = ($0.3323454216751334 - $0.17782004708720733)


5b. 7 Claim(s):

Total gas cost: 7 Claim(s) (USD): $0.21 ($0.2083319273975504)

Claim Reward: 6 Claim(s) (WEI): 0.000095246472572058 WETH (95246472572058 wei)
Claim Reward: 6 Claim(s) (USD): $0.33 ($0.3323454216751334)

Next Claim Reward: 7 Claim(s) (WEI): 0.000111120884667401 WETH (111120884667401 wei)
Next Claim Reward: 7 Claim(s) (USD): $0.39 ($0.38773632528765567)

Net profit = (Gross Profit - Gas Cost [Avg])
$0.18 = ($0.39 - $0.21) $0.17940439789010526 = ($0.38773632528765567 - $0.2083319273975504)


5b. 8 Claim(s):

Total gas cost: 8 Claim(s) (USD): $0.24 ($0.23884380770789354)

Claim Reward: 7 Claim(s) (WEI): 0.000111120884667401 WETH (111120884667401 wei)
Claim Reward: 7 Claim(s) (USD): $0.39 ($0.38773632528765567)

Next Claim Reward: 8 Claim(s) (WEI): 0.000126995296762744 WETH (126995296762744 wei)
Next Claim Reward: 8 Claim(s) (USD): $0.44 ($0.44312722890017786)

Net profit = (Gross Profit - Gas Cost [Avg])
$0.2 = ($0.44 - $0.24) $0.20428342119228432 = ($0.44312722890017786 - $0.23884380770789354)


5b. 9 Claim(s):

Total gas cost: 9 Claim(s) (USD): $0.27 ($0.2693556880182366)

Claim Reward: 8 Claim(s) (WEI): 0.000126995296762744 WETH (126995296762744 wei)
Claim Reward: 8 Claim(s) (USD): $0.44 ($0.44312722890017786)

Next Claim Reward: 9 Claim(s) (WEI): 0.000142869708858087 WETH (142869708858087 wei)
Next Claim Reward: 9 Claim(s) (USD): $0.5 ($0.49851813251270016)

Net profit = (Gross Profit - Gas Cost [Avg])
$0.23 = ($0.5 - $0.27) $0.22916244449446355 = ($0.49851813251270016 - $0.2693556880182366)


5b. 10 Claim(s):

Total gas cost: 10 Claim(s) (USD): $0.3 ($0.29986756832857975)

Claim Reward: 9 Claim(s) (WEI): 0.000142869708858087 WETH (142869708858087 wei)
Claim Reward: 9 Claim(s) (USD): $0.5 ($0.49851813251270016)

Next Claim Reward: 10 Claim(s) (WEI): 0.00015874412095343 WETH (158744120953430 wei)
Next Claim Reward: 10 Claim(s) (USD): $0.55 ($0.5539090361252224)

Net profit = (Gross Profit - Gas Cost [Avg])
$0.25 = ($0.55 - $0.3) $0.2540414677966426 = ($0.5539090361252224 - $0.29986756832857975)


5b. 11 Claim(s):

Total gas cost: 11 Claim(s) (USD): $0.33 ($0.3303794486389228)

Claim Reward: 10 Claim(s) (WEI): 0.00015874412095343 WETH (158744120953430 wei)
Claim Reward: 10 Claim(s) (USD): $0.55 ($0.5539090361252224)

Next Claim Reward: 11 Claim(s) (WEI): 0.000174618533048773 WETH (174618533048773 wei)
Next Claim Reward: 11 Claim(s) (USD): $0.61 ($0.6092999397377447)

Net profit = (Gross Profit - Gas Cost [Avg])
$0.28 = ($0.61 - $0.33) $0.27892049109882183 = ($0.6092999397377447 - $0.3303794486389228)


5b. 12 Claim(s):

Total gas cost: 12 Claim(s) (USD): $0.36 ($0.3608913289492659)

Claim Reward: 11 Claim(s) (WEI): 0.000174618533048773 WETH (174618533048773 wei)
Claim Reward: 11 Claim(s) (USD): $0.61 ($0.6092999397377447)

Next Claim Reward: 12 Claim(s) (WEI): 0.000190492945144116 WETH (190492945144116 wei)
Next Claim Reward: 12 Claim(s) (USD): $0.66 ($0.6646908433502668)

Net profit = (Gross Profit - Gas Cost [Avg])
$0.3 = ($0.66 - $0.36) $0.30379951440100095 = ($0.6646908433502668 - $0.3608913289492659)


5b. 13 Claim(s):

Total gas cost: 13 Claim(s) (USD): $0.39 ($0.39140320925960903)

Claim Reward: 12 Claim(s) (WEI): 0.000190492945144116 WETH (190492945144116 wei)
Claim Reward: 12 Claim(s) (USD): $0.66 ($0.6646908433502668)

Next Claim Reward: 13 Claim(s) (WEI): 0.000206367357239459 WETH (206367357239459 wei)
Next Claim Reward: 13 Claim(s) (USD): $0.72 ($0.720081746962789)

Net profit = (Gross Profit - Gas Cost [Avg])
$0.33 = ($0.72 - $0.39) $0.32867853770318 = ($0.720081746962789 - $0.39140320925960903)


5b. 14 Claim(s):

Total gas cost: 14 Claim(s) (USD): $0.42 ($0.42191508956995216)

Claim Reward: 13 Claim(s) (WEI): 0.000206367357239459 WETH (206367357239459 wei)
Claim Reward: 13 Claim(s) (USD): $0.72 ($0.720081746962789)

Next Claim Reward: 14 Claim(s) (WEI): 0.000222241769334802 WETH (222241769334802 wei)
Next Claim Reward: 14 Claim(s) (USD): $0.78 ($0.7754726505753113)

Net profit = (Gross Profit - Gas Cost [Avg])
$0.35 = ($0.78 - $0.42) $0.3535575610053592 = ($0.7754726505753113 - $0.42191508956995216)


5b. 15 Claim(s):

Total gas cost: 15 Claim(s) (USD): $0.45 ($0.45242696988029524)

Claim Reward: 14 Claim(s) (WEI): 0.000222241769334802 WETH (222241769334802 wei)
Claim Reward: 14 Claim(s) (USD): $0.78 ($0.7754726505753113)

Next Claim Reward: 15 Claim(s) (WEI): 0.000238116181430145 WETH (238116181430145 wei)
Next Claim Reward: 15 Claim(s) (USD): $0.83 ($0.8308635541878335)

Net profit = (Gross Profit - Gas Cost [Avg])
$0.38 = ($0.83 - $0.45) $0.3784365843075383 = ($0.8308635541878335 - $0.45242696988029524)


5b. 16 Claim(s):

Total gas cost: 16 Claim(s) (USD): $0.48 ($0.4829388501906383)

Claim Reward: 15 Claim(s) (WEI): 0.000238116181430145 WETH (238116181430145 wei)
Claim Reward: 15 Claim(s) (USD): $0.83 ($0.8308635541878335)

Next Claim Reward: 16 Claim(s) (WEI): 0.000253990593525488 WETH (253990593525488 wei)
Next Claim Reward: 16 Claim(s) (USD): $0.89 ($0.8862544578003557)

Net profit = (Gross Profit - Gas Cost [Avg])
$0.4 = ($0.89 - $0.48) $0.4033156076097174 = ($0.8862544578003557 - $0.4829388501906383)


5b. 17 Claim(s):

Total gas cost: 17 Claim(s) (USD): $0.51 ($0.5134507305009814)

Claim Reward: 16 Claim(s) (WEI): 0.000253990593525488 WETH (253990593525488 wei)
Claim Reward: 16 Claim(s) (USD): $0.89 ($0.8862544578003557)

Next Claim Reward: 17 Claim(s) (WEI): 0.000269865005620831 WETH (269865005620831 wei)
Next Claim Reward: 17 Claim(s) (USD): $0.94 ($0.941645361412878)

Net profit = (Gross Profit - Gas Cost [Avg])
$0.43 = ($0.94 - $0.51) $0.4281946309118966 = ($0.941645361412878 - $0.5134507305009814)


5b. 18 Claim(s):

Total gas cost: 18 Claim(s) (USD): $0.54 ($0.5439626108113246)

Claim Reward: 17 Claim(s) (WEI): 0.000269865005620831 WETH (269865005620831 wei)
Claim Reward: 17 Claim(s) (USD): $0.94 ($0.941645361412878)

Next Claim Reward: 18 Claim(s) (WEI): 0.000285739417716174 WETH (285739417716174 wei)
Next Claim Reward: 18 Claim(s) (USD): $1 ($0.9970362650254003)

Net profit = (Gross Profit - Gas Cost [Avg])
$0.45 = ($1 - $0.54) $0.45307365421407575 = ($0.9970362650254003 - $0.5439626108113246)


5b. 19 Claim(s):

Total gas cost: 19 Claim(s) (USD): $0.57 ($0.5744744911216677)

Claim Reward: 18 Claim(s) (WEI): 0.000285739417716174 WETH (285739417716174 wei)
Claim Reward: 18 Claim(s) (USD): $1 ($0.9970362650254003)

Next Claim Reward: 19 Claim(s) (WEI): 0.000301613829811517 WETH (301613829811517 wei)
Next Claim Reward: 19 Claim(s) (USD): $1.05 ($1.0524271686379227)

Net profit = (Gross Profit - Gas Cost [Avg])
$0.48 = ($1.05 - $0.57) $0.47795267751625503 = ($1.0524271686379227 - $0.5744744911216677)


5b. 20 Claim(s):

Total gas cost: 20 Claim(s) (USD): $0.6 ($0.6049863714320107)

Claim Reward: 19 Claim(s) (WEI): 0.000301613829811517 WETH (301613829811517 wei)
Claim Reward: 19 Claim(s) (USD): $1.05 ($1.0524271686379227)

Next Claim Reward: 20 Claim(s) (WEI): 0.00031748824190686 WETH (317488241906860 wei)
Next Claim Reward: 20 Claim(s) (USD): $1.11 ($1.1078180722504447)

Net profit = (Gross Profit - Gas Cost [Avg])
$0.5 = ($1.11 - $0.6) $0.502831700818434 = ($1.1078180722504447 - $0.6049863714320107)


5b. 21 Claim(s):

Total gas cost: 21 Claim(s) (USD): $0.64 ($0.6354982517423539)

Claim Reward: 20 Claim(s) (WEI): 0.00031748824190686 WETH (317488241906860 wei)
Claim Reward: 20 Claim(s) (USD): $1.11 ($1.1078180722504447)

Next Claim Reward: 21 Claim(s) (WEI): 0.000333362654002203 WETH (333362654002203 wei)
Next Claim Reward: 21 Claim(s) (USD): $1.16 ($1.1632089758629671)

Net profit = (Gross Profit - Gas Cost [Avg])
$0.53 = ($1.16 - $0.64) $0.5277107241206133 = ($1.1632089758629671 - $0.6354982517423539)


5b. 22 Claim(s):

Total gas cost: 22 Claim(s) (USD): $0.67 ($0.666010132052697)

Claim Reward: 21 Claim(s) (WEI): 0.000333362654002203 WETH (333362654002203 wei)
Claim Reward: 21 Claim(s) (USD): $1.16 ($1.1632089758629671)

Next Claim Reward: 22 Claim(s) (WEI): 0.000349237066097546 WETH (349237066097546 wei)
Next Claim Reward: 22 Claim(s) (USD): $1.22 ($1.2185998794754893)

Net profit = (Gross Profit - Gas Cost [Avg])
$0.55 = ($1.22 - $0.67) $0.5525897474227923 = ($1.2185998794754893 - $0.666010132052697)


5b. 23 Claim(s):

Total gas cost: 23 Claim(s) (USD): $0.7 ($0.69652201236304)

Claim Reward: 22 Claim(s) (WEI): 0.000349237066097546 WETH (349237066097546 wei)
Claim Reward: 22 Claim(s) (USD): $1.22 ($1.2185998794754893)

Next Claim Reward: 23 Claim(s) (WEI): 0.000365111478192889 WETH (365111478192889 wei)
Next Claim Reward: 23 Claim(s) (USD): $1.27 ($1.2739907830880115)

Net profit = (Gross Profit - Gas Cost [Avg])
$0.58 = ($1.27 - $0.7) $0.5774687707249715 = ($1.2739907830880115 - $0.69652201236304)


5b. 24 Claim(s):

Total gas cost: 24 Claim(s) (USD): $0.73 ($0.7270338926733831)

Claim Reward: 23 Claim(s) (WEI): 0.000365111478192889 WETH (365111478192889 wei)
Claim Reward: 23 Claim(s) (USD): $1.27 ($1.2739907830880115)

Next Claim Reward: 24 Claim(s) (WEI): 0.000380985890288232 WETH (380985890288232 wei)
Next Claim Reward: 24 Claim(s) (USD): $1.33 ($1.3293816867005337)

Net profit = (Gross Profit - Gas Cost [Avg])
$0.6 = ($1.33 - $0.73) $0.6023477940271506 = ($1.3293816867005337 - $0.7270338926733831)


5b. 25 Claim(s):

Total gas cost: 25 Claim(s) (USD): $0.76 ($0.7575457729837263)

Claim Reward: 24 Claim(s) (WEI): 0.000380985890288232 WETH (380985890288232 wei)
Claim Reward: 24 Claim(s) (USD): $1.33 ($1.3293816867005337)

Next Claim Reward: 25 Claim(s) (WEI): 0.000396860302383575 WETH (396860302383575 wei)
Next Claim Reward: 25 Claim(s) (USD): $1.38 ($1.384772590313056)

Net profit = (Gross Profit - Gas Cost [Avg])
$0.63 = ($1.38 - $0.76) $0.6272268173293298 = ($1.384772590313056 - $0.7575457729837263)


5b. 26 Claim(s):

Total gas cost: 26 Claim(s) (USD): $0.79 ($0.7880576532940694)

Claim Reward: 25 Claim(s) (WEI): 0.000396860302383575 WETH (396860302383575 wei)
Claim Reward: 25 Claim(s) (USD): $1.38 ($1.384772590313056)

Next Claim Reward: 26 Claim(s) (WEI): 0.000412734714478918 WETH (412734714478918 wei)
Next Claim Reward: 26 Claim(s) (USD): $1.44 ($1.440163493925578)

Net profit = (Gross Profit - Gas Cost [Avg])
$0.65 = ($1.44 - $0.79) $0.6521058406315087 = ($1.440163493925578 - $0.7880576532940694)


5b. 27 Claim(s):

Total gas cost: 27 Claim(s) (USD): $0.82 ($0.8185695336044125)

Claim Reward: 26 Claim(s) (WEI): 0.000412734714478918 WETH (412734714478918 wei)
Claim Reward: 26 Claim(s) (USD): $1.44 ($1.440163493925578)

Next Claim Reward: 27 Claim(s) (WEI): 0.000428609126574261 WETH (428609126574261 wei)
Next Claim Reward: 27 Claim(s) (USD): $1.5 ($1.4955543975381005)

Net profit = (Gross Profit - Gas Cost [Avg])
$0.68 = ($1.5 - $0.82) $0.676984863933688 = ($1.4955543975381005 - $0.8185695336044125)


5b. 28 Claim(s):

Total gas cost: 28 Claim(s) (USD): $0.85 ($0.8490814139147556)

Claim Reward: 27 Claim(s) (WEI): 0.000428609126574261 WETH (428609126574261 wei)
Claim Reward: 27 Claim(s) (USD): $1.5 ($1.4955543975381005)

Next Claim Reward: 28 Claim(s) (WEI): 0.000444483538669604 WETH (444483538669604 wei)
Next Claim Reward: 28 Claim(s) (USD): $1.55 ($1.5509453011506227)

Net profit = (Gross Profit - Gas Cost [Avg])
$0.7 = ($1.55 - $0.85) $0.7018638872358671 = ($1.5509453011506227 - $0.8490814139147556)


5b. 29 Claim(s):

Total gas cost: 29 Claim(s) (USD): $0.88 ($0.8795932942250987)

Claim Reward: 28 Claim(s) (WEI): 0.000444483538669604 WETH (444483538669604 wei)
Claim Reward: 28 Claim(s) (USD): $1.55 ($1.5509453011506227)

Next Claim Reward: 29 Claim(s) (WEI): 0.000460357950764947 WETH (460357950764947 wei)
Next Claim Reward: 29 Claim(s) (USD): $1.61 ($1.606336204763145)

Net profit = (Gross Profit - Gas Cost [Avg])
$0.73 = ($1.61 - $0.88) $0.7267429105380464 = ($1.606336204763145 - $0.8795932942250987)


5b. 30 Claim(s):

Total gas cost: 30 Claim(s) (USD): $0.91 ($0.9101051745354418)

Claim Reward: 29 Claim(s) (WEI): 0.000460357950764947 WETH (460357950764947 wei)
Claim Reward: 29 Claim(s) (USD): $1.61 ($1.606336204763145)

Next Claim Reward: 30 Claim(s) (WEI): 0.00047623236286029 WETH (476232362860290 wei)
Next Claim Reward: 30 Claim(s) (USD): $1.66 ($1.661727108375667)

Net profit = (Gross Profit - Gas Cost [Avg])
$0.75 = ($1.66 - $0.91) $0.7516219338402252 = ($1.661727108375667 - $0.9101051745354418)

******************
5c. Profit/Loss (USD):

Net profit = (Gross Profit - Gas Cost [Max])
$0.7 = ($1.61 - $0.91) $0.6962310302277033 = ($1.606336204763145 - $0.9101051745354418)

Submitting transaction to claim 29 prize(s):

0xa18d434e584b24b364b506cf2b5cc0cef6be5d5c-0xBff71e729db428ddD6dB3556294E18Fb7266E03f-4-196
0xa18d434e584b24b364b506cf2b5cc0cef6be5d5c-0xcc428f02d7d5e4977741ceF7521E0a7DB56cf2fb-4-80
0xa18d434e584b24b364b506cf2b5cc0cef6be5d5c-0xcc428f02d7d5e4977741ceF7521E0a7DB56cf2fb-4-255
0xa18d434e584b24b364b506cf2b5cc0cef6be5d5c-0x79080f1fD71A1B7E693276a96777dB49a79316bE-4-178
0xa18d434e584b24b364b506cf2b5cc0cef6be5d5c-0xd6056295F64c66AdEFE0b5529e4BBd3A690b418b-4-120
0xa18d434e584b24b364b506cf2b5cc0cef6be5d5c-0x17573110a2A9b5b930c85251f86CD505422E29c9-4-155
0xa18d434e584b24b364b506cf2b5cc0cef6be5d5c-0xf1Ef8E9A455291A94709799EFC81d53c15E61152-4-234
0xa18d434e584b24b364b506cf2b5cc0cef6be5d5c-0x3D7Ab643B19b9fce722480ED311e2f5615a05133-4-249
0xa18d434e584b24b364b506cf2b5cc0cef6be5d5c-0xDA81BAe09Fd37B4705778e672984d1AC89765090-4-33
0xa18d434e584b24b364b506cf2b5cc0cef6be5d5c-0x185d95dc1Bbe1Bc6983208A541B33602c5e287f1-4-166
0xa18d434e584b24b364b506cf2b5cc0cef6be5d5c-0xaDA0Fe196F682b87B563Edd147E169285Eed43fE-4-116
0xa18d434e584b24b364b506cf2b5cc0cef6be5d5c-0x9C4dEb129C042df43C0fbd2c5cdbF1d7AD5E3E57-4-245
0xa18d434e584b24b364b506cf2b5cc0cef6be5d5c-0x065b2Fe52284e66994b1Af8cD08670f89C1A5Ad1-4-199
0xa18d434e584b24b364b506cf2b5cc0cef6be5d5c-0xE1f13d76A3b94608a2D88774AeD25Ce018958580-4-239
0xa18d434e584b24b364b506cf2b5cc0cef6be5d5c-0xe439e7d5e8892C1F98112DAf166bfD3f17D9a5Fa-4-154
0xa18d434e584b24b364b506cf2b5cc0cef6be5d5c-0x44EE52b22f537ffA5d0C84f67631EfD5Afbdeb69-4-206
0xa18d434e584b24b364b506cf2b5cc0cef6be5d5c-0xcf5d062d9a63f8AEd79c2E9B918df82C0f128e98-4-42
0xa18d434e584b24b364b506cf2b5cc0cef6be5d5c-0xcf5d062d9a63f8AEd79c2E9B918df82C0f128e98-4-52
0xa18d434e584b24b364b506cf2b5cc0cef6be5d5c-0x20129A551B8F001183fBb998dD96B5B9F9ceC6ea-4-91
0xa18d434e584b24b364b506cf2b5cc0cef6be5d5c-0x04C0482E940Bfc669661F8a62e7E9f6743F6e65F-4-167
0xa18d434e584b24b364b506cf2b5cc0cef6be5d5c-0xDd910e78f71cfc97773d57e20f7CBee9D460c8D8-4-33
0xa18d434e584b24b364b506cf2b5cc0cef6be5d5c-0x0379E1e4a47300707c8F2b150C4164F8d52A3652-4-29
0xa18d434e584b24b364b506cf2b5cc0cef6be5d5c-0x68499636117cD5943A7B3A6Ca10d5C38B5cB78d6-4-130
0xa18d434e584b24b364b506cf2b5cc0cef6be5d5c-0x73028B309a3429362f5E9a2E2D1B12e79E6F386a-4-189
0xa18d434e584b24b364b506cf2b5cc0cef6be5d5c-0xd23026bD78Bfc37e614e6c064A0CFE4e1b1053A0-4-4
0xa18d434e584b24b364b506cf2b5cc0cef6be5d5c-0xE79d3203D279b2fFc848b27ef4b46397B2Aa2bbF-4-233
0xa18d434e584b24b364b506cf2b5cc0cef6be5d5c-0xC271565a6e6F38bb566E0E866E224361B9e4ACc7-4-154
0xa18d434e584b24b364b506cf2b5cc0cef6be5d5c-0x50f34465C565B933439437B1aEF4280285AFF522-4-71
0xa18d434e584b24b364b506cf2b5cc0cef6be5d5c-0x1ca9c3B1382BE8eCECdc5161998bAd0bA2C51638-4-54



Execute Claim Transaction for Tier #4 (Canary tier)



Transaction sent! ✔
Transaction hash: 0x02cda5422a5ca5bc9e832d79d2c1d88cab20f0bed249064d6107b0c1a53cfc64
Waiting on transaction to be confirmed ...
Tx confirmed !




******************
Processing:
Vault:     0x75ca27bb45d689c18f350592e036ee4e10a68d06
Tier:      #5 (Canary tier)
# prizes:  400

5a. Calculating # of profitable claims ...

Native (Gas) Token ETH Market Rate (USD): $3486.32

Estimated gas limit (wei) (1 prize claim): 0.000000000000183097 ETH (183097 wei)
Estimated gas limit (wei) (2 prize claims): 0.000000000000259468 ETH (259468 wei)

Gas Cost: First Claim (wei): 0.000000000000183097 ETH (183097 wei)
Gas Cost: Each Following Claim (wei): 0.000000000000076371 ETH (76371 wei)

Gas Cost: First Claim (USD): $0.03 $0.0253447186464067
Gas Cost: Each Following Claim (USD): $0.03 $0.030658896818578044

5b. 1 Claim(s):

Total gas cost: 1 Claim(s) (USD): $0.03 ($0.0253447186464067)

Next Claim Reward: 1 Claim(s) (WEI): 0.000003968603023835 WETH (3968603023835 wei)
Next Claim Reward: 1 Claim(s) (USD): $0.01 ($0.013847725903127942)

Net profit = (Gross Profit - Gas Cost [Avg])
$-0.01 = ($0.01 - $0.03) $-0.011496992743278759 = ($0.013847725903127942 - $0.0253447186464067)

******************
5c. Profit/Loss (USD):

Net profit = (Gross Profit - Gas Cost [Max])
$-0.03 = ($0 - $0.03) $-0.0253447186464067 = ($0 - $0.0253447186464067)

Claiming tier #5 (Canary tier) currently not profitable.
Not profitable to claim for Draw #12, Tier: #5 (Canary tier)




******************
Processing:
Vault:     0x798a13b071a8aac2d55109a53a2ba4230444619d
Tier:      #5 (Canary tier)
# prizes:  38

Tier #5 (Canary tier) not profitable, skipping ...





******************
Processing:
Vault:     0xa18d434e584b24b364b506cf2b5cc0cef6be5d5c
Tier:      #5 (Canary tier)
# prizes:  542

Tier #5 (Canary tier) not profitable, skipping ...

