Operating on: 11155420 - Optimism Sepolia
Config - MIN_PROFIT_THRESHOLD_USD: -0.1

Starting ...
Getting prize pool info ...
Getting prize context ...

******************
1. Prize token: WETH

┌────────────┬──────────────────────────────────────────────┬──────────┬─────────────────┬────────┬──────────────┐
│ (index)    │ address                                      │ decimals │ name            │ symbol │ assetRateUsd │
├────────────┼──────────────────────────────────────────────┼──────────┼─────────────────┼────────┼──────────────┤
│ prizeToken │ '0x3749e4DA7558BeD9b0819dE7f8C7eFc271Db004e' │ 18       │ 'Wrapped Ether' │ 'WETH' │ 3508.9128    │
└────────────┴──────────────────────────────────────────────┴──────────┴─────────────────┴────────┴──────────────┘
┌─────────┬──────────┬───────────────────────────────┐
│ (index) │ numTiers │ tiersRangeArray               │
├─────────┼──────────┼───────────────────────────────┤
│ tiers   │ 6        │ [ 0, 1, 2, ... 3 more items ] │
└─────────┴──────────┴───────────────────────────────┘
Draw ID: 16
Prize Token WETH MarketRate USD:  $3508.9128

******************
Getting prize vaults ...
Found 6 prize vaults.

260 prizes already claimed for draw #16.
1070 prizes remaining to be claimed...




******************
Processing:
Vault:     0x75ca27bb45d689c18f350592e036ee4e10a68d06
Tier:      #4 (Canary tier)
# prizes:  25

5a. Calculating # of profitable claims ...

Native (Gas) Token ETH Market Rate (USD): $3518.61

Estimated gas limit (wei) (1 prize claim): 0.000000000000180701 ETH (180701 wei)
Estimated gas limit (wei) (2 prize claims): 0.000000000000258696 ETH (258696 wei)

Gas Cost: First Claim (wei): 0.000000000000180701 ETH (180701 wei)
Gas Cost: Each Following Claim (wei): 0.000000000000077995 ETH (77995 wei)

Gas Cost: First Claim (USD): $0.04 $0.04203511651472827
Gas Cost: Each Following Claim (USD): $0.05 $0.05095194862679186

5b. 1 Claim(s):

Total gas cost: 1 Claim(s) (USD): $0.04 ($0.04203511651472827)

Next Claim Reward: 1 Claim(s) (WEI): 0.000016857120095622 WETH (16857120095622 wei)
Next Claim Reward: 1 Claim(s) (USD): $0.06 ($0.05915016447466526)

Net profit = (Gross Profit - Gas Cost [Avg])
$0.02 = ($0.06 - $0.04) $0.017115047959936985 = ($0.05915016447466526 - $0.04203511651472827)


5b. 2 Claim(s):

Total gas cost: 2 Claim(s) (USD): $0.09 ($0.09298706514152014)

Claim Reward: 1 Claim(s) (WEI): 0.000016857120095622 WETH (16857120095622 wei)
Claim Reward: 1 Claim(s) (USD): $0.06 ($0.05915016447466526)

Next Claim Reward: 2 Claim(s) (WEI): 0.000033714240191244 WETH (33714240191244 wei)
Next Claim Reward: 2 Claim(s) (USD): $0.12 ($0.11830032894933051)

Net profit = (Gross Profit - Gas Cost [Avg])
$0.03 = ($0.12 - $0.09) $0.025313263807810377 = ($0.11830032894933051 - $0.09298706514152014)


5b. 3 Claim(s):

Total gas cost: 3 Claim(s) (USD): $0.14 ($0.14393901376831197)

Claim Reward: 2 Claim(s) (WEI): 0.000033714240191244 WETH (33714240191244 wei)
Claim Reward: 2 Claim(s) (USD): $0.12 ($0.11830032894933051)

Next Claim Reward: 3 Claim(s) (WEI): 0.000050571360286866 WETH (50571360286866 wei)
Next Claim Reward: 3 Claim(s) (USD): $0.18 ($0.1774504934239958)

Net profit = (Gross Profit - Gas Cost [Avg])
$0.03 = ($0.18 - $0.14) $0.033511479655683823 = ($0.1774504934239958 - $0.14393901376831197)


5b. 4 Claim(s):

Total gas cost: 4 Claim(s) (USD): $0.19 ($0.19489096239510384)

Claim Reward: 3 Claim(s) (WEI): 0.000050571360286866 WETH (50571360286866 wei)
Claim Reward: 3 Claim(s) (USD): $0.18 ($0.1774504934239958)

Next Claim Reward: 4 Claim(s) (WEI): 0.000067428480382488 WETH (67428480382488 wei)
Next Claim Reward: 4 Claim(s) (USD): $0.24 ($0.23660065789866103)

Net profit = (Gross Profit - Gas Cost [Avg])
$0.04 = ($0.24 - $0.19) $0.04170969550355719 = ($0.23660065789866103 - $0.19489096239510384)


5b. 5 Claim(s):

Total gas cost: 5 Claim(s) (USD): $0.25 ($0.2458429110218957)

Claim Reward: 4 Claim(s) (WEI): 0.000067428480382488 WETH (67428480382488 wei)
Claim Reward: 4 Claim(s) (USD): $0.24 ($0.23660065789866103)

Next Claim Reward: 5 Claim(s) (WEI): 0.00008428560047811 WETH (84285600478110 wei)
Next Claim Reward: 5 Claim(s) (USD): $0.3 ($0.2957508223733263)

Net profit = (Gross Profit - Gas Cost [Avg])
$0.05 = ($0.3 - $0.25) $0.04990791135143058 = ($0.2957508223733263 - $0.2458429110218957)


5b. 6 Claim(s):

Total gas cost: 6 Claim(s) (USD): $0.3 ($0.29679485964868757)

Claim Reward: 5 Claim(s) (WEI): 0.00008428560047811 WETH (84285600478110 wei)
Claim Reward: 5 Claim(s) (USD): $0.3 ($0.2957508223733263)

Next Claim Reward: 6 Claim(s) (WEI): 0.000101142720573732 WETH (101142720573732 wei)
Next Claim Reward: 6 Claim(s) (USD): $0.35 ($0.3549009868479916)

Net profit = (Gross Profit - Gas Cost [Avg])
$0.06 = ($0.35 - $0.3) $0.058106127199304025 = ($0.3549009868479916 - $0.29679485964868757)


5b. 7 Claim(s):

Total gas cost: 7 Claim(s) (USD): $0.35 ($0.34774680827547944)

Claim Reward: 6 Claim(s) (WEI): 0.000101142720573732 WETH (101142720573732 wei)
Claim Reward: 6 Claim(s) (USD): $0.35 ($0.3549009868479916)

Next Claim Reward: 7 Claim(s) (WEI): 0.000117999840669354 WETH (117999840669354 wei)
Next Claim Reward: 7 Claim(s) (USD): $0.41 ($0.41405115132265685)

Net profit = (Gross Profit - Gas Cost [Avg])
$0.07 = ($0.41 - $0.35) $0.06630434304717742 = ($0.41405115132265685 - $0.34774680827547944)


5b. 8 Claim(s):

Total gas cost: 8 Claim(s) (USD): $0.4 ($0.3986987569022713)

Claim Reward: 7 Claim(s) (WEI): 0.000117999840669354 WETH (117999840669354 wei)
Claim Reward: 7 Claim(s) (USD): $0.41 ($0.41405115132265685)

Next Claim Reward: 8 Claim(s) (WEI): 0.000134856960764976 WETH (134856960764976 wei)
Next Claim Reward: 8 Claim(s) (USD): $0.47 ($0.47320131579732205)

Net profit = (Gross Profit - Gas Cost [Avg])
$0.07 = ($0.47 - $0.4) $0.07450255889505075 = ($0.47320131579732205 - $0.3986987569022713)


5b. 9 Claim(s):

Total gas cost: 9 Claim(s) (USD): $0.45 ($0.44965070552906317)

Claim Reward: 8 Claim(s) (WEI): 0.000134856960764976 WETH (134856960764976 wei)
Claim Reward: 8 Claim(s) (USD): $0.47 ($0.47320131579732205)

Next Claim Reward: 9 Claim(s) (WEI): 0.000151714080860598 WETH (151714080860598 wei)
Next Claim Reward: 9 Claim(s) (USD): $0.53 ($0.5323514802719874)

Net profit = (Gross Profit - Gas Cost [Avg])
$0.08 = ($0.53 - $0.45) $0.08270077474292425 = ($0.5323514802719874 - $0.44965070552906317)


5b. 10 Claim(s):

Total gas cost: 10 Claim(s) (USD): $0.5 ($0.500602654155855)

Claim Reward: 9 Claim(s) (WEI): 0.000151714080860598 WETH (151714080860598 wei)
Claim Reward: 9 Claim(s) (USD): $0.53 ($0.5323514802719874)

Next Claim Reward: 10 Claim(s) (WEI): 0.00016857120095622 WETH (168571200956220 wei)
Next Claim Reward: 10 Claim(s) (USD): $0.59 ($0.5915016447466526)

Net profit = (Gross Profit - Gas Cost [Avg])
$0.09 = ($0.59 - $0.5) $0.09089899059079753 = ($0.5915016447466526 - $0.500602654155855)


5b. 11 Claim(s):

Total gas cost: 11 Claim(s) (USD): $0.55 ($0.5515546027826468)

Claim Reward: 10 Claim(s) (WEI): 0.00016857120095622 WETH (168571200956220 wei)
Claim Reward: 10 Claim(s) (USD): $0.59 ($0.5915016447466526)

Next Claim Reward: 11 Claim(s) (WEI): 0.000185428321051842 WETH (185428321051842 wei)
Next Claim Reward: 11 Claim(s) (USD): $0.65 ($0.6506518092213178)

Net profit = (Gross Profit - Gas Cost [Avg])
$0.1 = ($0.65 - $0.55) $0.09909720643867104 = ($0.6506518092213178 - $0.5515546027826468)


5b. 12 Claim(s):

Total gas cost: 12 Claim(s) (USD): $0.6 ($0.6025065514094387)

Claim Reward: 11 Claim(s) (WEI): 0.000185428321051842 WETH (185428321051842 wei)
Claim Reward: 11 Claim(s) (USD): $0.65 ($0.6506518092213178)

Next Claim Reward: 12 Claim(s) (WEI): 0.000202285441147464 WETH (202285441147464 wei)
Next Claim Reward: 12 Claim(s) (USD): $0.71 ($0.7098019736959832)

Net profit = (Gross Profit - Gas Cost [Avg])
$0.11 = ($0.71 - $0.6) $0.10729542228654454 = ($0.7098019736959832 - $0.6025065514094387)


5b. 13 Claim(s):

Total gas cost: 13 Claim(s) (USD): $0.65 ($0.6534585000362305)

Claim Reward: 12 Claim(s) (WEI): 0.000202285441147464 WETH (202285441147464 wei)
Claim Reward: 12 Claim(s) (USD): $0.71 ($0.7098019736959832)

Next Claim Reward: 13 Claim(s) (WEI): 0.000219142561243086 WETH (219142561243086 wei)
Next Claim Reward: 13 Claim(s) (USD): $0.77 ($0.7689521381706483)

Net profit = (Gross Profit - Gas Cost [Avg])
$0.12 = ($0.77 - $0.65) $0.11549363813441782 = ($0.7689521381706483 - $0.6534585000362305)


5b. 14 Claim(s):

Total gas cost: 14 Claim(s) (USD): $0.7 ($0.7044104486630224)

Claim Reward: 13 Claim(s) (WEI): 0.000219142561243086 WETH (219142561243086 wei)
Claim Reward: 13 Claim(s) (USD): $0.77 ($0.7689521381706483)

Next Claim Reward: 14 Claim(s) (WEI): 0.000235999681338708 WETH (235999681338708 wei)
Next Claim Reward: 14 Claim(s) (USD): $0.83 ($0.8281023026453137)

Net profit = (Gross Profit - Gas Cost [Avg])
$0.12 = ($0.83 - $0.7) $0.12369185398229132 = ($0.8281023026453137 - $0.7044104486630224)


5b. 15 Claim(s):

Total gas cost: 15 Claim(s) (USD): $0.76 ($0.7553623972898142)

Claim Reward: 14 Claim(s) (WEI): 0.000235999681338708 WETH (235999681338708 wei)
Claim Reward: 14 Claim(s) (USD): $0.83 ($0.8281023026453137)

Next Claim Reward: 15 Claim(s) (WEI): 0.00025285680143433 WETH (252856801434330 wei)
Next Claim Reward: 15 Claim(s) (USD): $0.89 ($0.887252467119979)

Net profit = (Gross Profit - Gas Cost [Avg])
$0.13 = ($0.89 - $0.76) $0.1318900698301647 = ($0.887252467119979 - $0.7553623972898142)


5b. 16 Claim(s):

Total gas cost: 16 Claim(s) (USD): $0.81 ($0.8063143459166061)

Claim Reward: 15 Claim(s) (WEI): 0.00025285680143433 WETH (252856801434330 wei)
Claim Reward: 15 Claim(s) (USD): $0.89 ($0.887252467119979)

Next Claim Reward: 16 Claim(s) (WEI): 0.000269713921529952 WETH (269713921529952 wei)
Next Claim Reward: 16 Claim(s) (USD): $0.95 ($0.9464026315946441)

Net profit = (Gross Profit - Gas Cost [Avg])
$0.14 = ($0.95 - $0.81) $0.140088285678038 = ($0.9464026315946441 - $0.8063143459166061)


5b. 17 Claim(s):

Total gas cost: 17 Claim(s) (USD): $0.86 ($0.857266294543398)

Claim Reward: 16 Claim(s) (WEI): 0.000269713921529952 WETH (269713921529952 wei)
Claim Reward: 16 Claim(s) (USD): $0.95 ($0.9464026315946441)

Next Claim Reward: 17 Claim(s) (WEI): 0.000286571041625574 WETH (286571041625574 wei)
Next Claim Reward: 17 Claim(s) (USD): $1.01 ($1.0055527960693094)

Net profit = (Gross Profit - Gas Cost [Avg])
$0.15 = ($1.01 - $0.86) $0.14828650152591139 = ($1.0055527960693094 - $0.857266294543398)


5b. 18 Claim(s):

Total gas cost: 18 Claim(s) (USD): $0.91 ($0.9082182431701898)

Claim Reward: 17 Claim(s) (WEI): 0.000286571041625574 WETH (286571041625574 wei)
Claim Reward: 17 Claim(s) (USD): $1.01 ($1.0055527960693094)

Next Claim Reward: 18 Claim(s) (WEI): 0.000303428161721196 WETH (303428161721196 wei)
Next Claim Reward: 18 Claim(s) (USD): $1.06 ($1.0647029605439748)

Net profit = (Gross Profit - Gas Cost [Avg])
$0.16 = ($1.06 - $0.91) $0.156484717373785 = ($1.0647029605439748 - $0.9082182431701898)


5b. 19 Claim(s):

Total gas cost: 19 Claim(s) (USD): $0.96 ($0.9591701917969817)

Claim Reward: 18 Claim(s) (WEI): 0.000303428161721196 WETH (303428161721196 wei)
Claim Reward: 18 Claim(s) (USD): $1.06 ($1.0647029605439748)

Next Claim Reward: 19 Claim(s) (WEI): 0.000320285281816818 WETH (320285281816818 wei)
Next Claim Reward: 19 Claim(s) (USD): $1.12 ($1.1238531250186399)

Net profit = (Gross Profit - Gas Cost [Avg])
$0.16 = ($1.12 - $0.96) $0.16468293322165817 = ($1.1238531250186399 - $0.9591701917969817)


5b. 20 Claim(s):

Total gas cost: 20 Claim(s) (USD): $1.01 ($1.0101221404237737)

Claim Reward: 19 Claim(s) (WEI): 0.000320285281816818 WETH (320285281816818 wei)
Claim Reward: 19 Claim(s) (USD): $1.12 ($1.1238531250186399)

Next Claim Reward: 20 Claim(s) (WEI): 0.00033714240191244 WETH (337142401912440 wei)
Next Claim Reward: 20 Claim(s) (USD): $1.18 ($1.1830032894933051)

Net profit = (Gross Profit - Gas Cost [Avg])
$0.17 = ($1.18 - $1.01) $0.17288114906953145 = ($1.1830032894933051 - $1.0101221404237737)


5b. 21 Claim(s):

Total gas cost: 21 Claim(s) (USD): $1.06 ($1.0610740890505654)

Claim Reward: 20 Claim(s) (WEI): 0.00033714240191244 WETH (337142401912440 wei)
Claim Reward: 20 Claim(s) (USD): $1.18 ($1.1830032894933051)

Next Claim Reward: 21 Claim(s) (WEI): 0.000353999522008062 WETH (353999522008062 wei)
Next Claim Reward: 21 Claim(s) (USD): $1.24 ($1.2421534539679706)

Net profit = (Gross Profit - Gas Cost [Avg])
$0.18 = ($1.24 - $1.06) $0.18107936491740517 = ($1.2421534539679706 - $1.0610740890505654)


5b. 22 Claim(s):

Total gas cost: 22 Claim(s) (USD): $1.11 ($1.1120260376773574)

Claim Reward: 21 Claim(s) (WEI): 0.000353999522008062 WETH (353999522008062 wei)
Claim Reward: 21 Claim(s) (USD): $1.24 ($1.2421534539679706)

Next Claim Reward: 22 Claim(s) (WEI): 0.000370856642103684 WETH (370856642103684 wei)
Next Claim Reward: 22 Claim(s) (USD): $1.3 ($1.3013036184426356)

Net profit = (Gross Profit - Gas Cost [Avg])
$0.19 = ($1.3 - $1.11) $0.18927758076527823 = ($1.3013036184426356 - $1.1120260376773574)


5b. 23 Claim(s):

Total gas cost: 23 Claim(s) (USD): $1.16 ($1.1629779863041492)

Claim Reward: 22 Claim(s) (WEI): 0.000370856642103684 WETH (370856642103684 wei)
Claim Reward: 22 Claim(s) (USD): $1.3 ($1.3013036184426356)

Next Claim Reward: 23 Claim(s) (WEI): 0.000387713762199306 WETH (387713762199306 wei)
Next Claim Reward: 23 Claim(s) (USD): $1.36 ($1.360453782917301)

Net profit = (Gross Profit - Gas Cost [Avg])
$0.2 = ($1.36 - $1.16) $0.19747579661315173 = ($1.360453782917301 - $1.1629779863041492)


5b. 24 Claim(s):

Total gas cost: 24 Claim(s) (USD): $1.21 ($1.2139299349309411)

Claim Reward: 23 Claim(s) (WEI): 0.000387713762199306 WETH (387713762199306 wei)
Claim Reward: 23 Claim(s) (USD): $1.36 ($1.360453782917301)

Next Claim Reward: 24 Claim(s) (WEI): 0.000404570882294928 WETH (404570882294928 wei)
Next Claim Reward: 24 Claim(s) (USD): $1.42 ($1.4196039473919664)

Net profit = (Gross Profit - Gas Cost [Avg])
$0.21 = ($1.42 - $1.21) $0.20567401246102524 = ($1.4196039473919664 - $1.2139299349309411)


5b. 25 Claim(s):

Total gas cost: 25 Claim(s) (USD): $1.26 ($1.264881883557733)

Claim Reward: 24 Claim(s) (WEI): 0.000404570882294928 WETH (404570882294928 wei)
Claim Reward: 24 Claim(s) (USD): $1.42 ($1.4196039473919664)

Next Claim Reward: 25 Claim(s) (WEI): 0.00042142800239055 WETH (421428002390550 wei)
Next Claim Reward: 25 Claim(s) (USD): $1.48 ($1.4787541118666316)

Net profit = (Gross Profit - Gas Cost [Avg])
$0.21 = ($1.48 - $1.26) $0.21387222830889874 = ($1.4787541118666316 - $1.264881883557733)


******************
5c. Profit/Loss (USD):

Net profit = (Gross Profit - Gas Cost [Max])
$0.21 = ($1.48 - $1.26) $0.21387222830889874 = ($1.4787541118666316 - $1.264881883557733)

Submitting transaction to claim 25 prize(s):

0x75ca27bb45d689c18f350592e036ee4e10a68d06-0x94E6123C5445363e92bB0603E5c2ef2Aa8de65b9-4-24
0x75ca27bb45d689c18f350592e036ee4e10a68d06-0xE1B69850EDC0b1e0Bf0b3CBe00798cFDA190270D-4-201
0x75ca27bb45d689c18f350592e036ee4e10a68d06-0xe051FA631f3E8Ae0c3266e527C1DDD0E3CDeEc24-4-18
0x75ca27bb45d689c18f350592e036ee4e10a68d06-0x6AD40fBB6c792349C90E1475Ff628580cd2DCE3c-4-151
0x75ca27bb45d689c18f350592e036ee4e10a68d06-0xe385990835f515CE2aE275a00129B76C832a1719-4-217
0x75ca27bb45d689c18f350592e036ee4e10a68d06-0x6Ac7AB4Eb7Ee95dA398F3f8528F712af0bF9815b-4-9
0x75ca27bb45d689c18f350592e036ee4e10a68d06-0xe999Ff336d83A01d2f1Ef11C2daEbEb505c810D2-4-107
0x75ca27bb45d689c18f350592e036ee4e10a68d06-0xe7dB448ADef82e76f8E6c372c2738BFD8A5F9f44-4-164
0x75ca27bb45d689c18f350592e036ee4e10a68d06-0xaf59109A4264586Db63cdF8666dbEB830C22fE37-4-77
0x75ca27bb45d689c18f350592e036ee4e10a68d06-0x408c58Be595b090A414bb6072f34f0f681E66EDA-4-88
0x75ca27bb45d689c18f350592e036ee4e10a68d06-0xe93A430820A08419A0dC688F6BD7e3597494A6db-4-243
0x75ca27bb45d689c18f350592e036ee4e10a68d06-0xc96F65A1Bb43EC8780f81A6828506D10373EADA2-4-233
0x75ca27bb45d689c18f350592e036ee4e10a68d06-0xc33BF630E26D3a1265e658e56789849df1547A99-4-3
0x75ca27bb45d689c18f350592e036ee4e10a68d06-0x8db06090372B378Bcbc24802EDD14EcAfd354f20-4-54
0x75ca27bb45d689c18f350592e036ee4e10a68d06-0x1dd55DB7EF6FCeBdcb9b0A82B9B3f3575c0c4cCF-4-32
0x75ca27bb45d689c18f350592e036ee4e10a68d06-0xdF1ECB998AcE9099aE6CA7d0f23b8572f1e887fB-4-226
0x75ca27bb45d689c18f350592e036ee4e10a68d06-0xC402c183D2850E08145489Be615BCd30d26bAdC3-4-162
0x75ca27bb45d689c18f350592e036ee4e10a68d06-0x656298ff77cE3c9B72e785D911947A2621578bC6-4-30
0x75ca27bb45d689c18f350592e036ee4e10a68d06-0x1f14F6b394dAc008F0a7a4c6EE6431bCaf7E7D97-4-123
0x75ca27bb45d689c18f350592e036ee4e10a68d06-0xF556912dbe02940B04079ea91059a0bF79248cF3-4-89
0x75ca27bb45d689c18f350592e036ee4e10a68d06-0x39e17245FEa6be0ef4F67b8F579b8f0d9699Ab09-4-205
0x75ca27bb45d689c18f350592e036ee4e10a68d06-0x56A385f6e6b60fC16E1A65E1DEd37539AF308c74-4-167
0x75ca27bb45d689c18f350592e036ee4e10a68d06-0x8a7b7936c2aa3a20Dd9dC1D08f79Ee25266d0dE2-4-199
0x75ca27bb45d689c18f350592e036ee4e10a68d06-0xF117Da7489A26b0FaB8Cb5ddD488A1e42028a044-4-16
0x75ca27bb45d689c18f350592e036ee4e10a68d06-0x79f22D5f592e2f567DABB72B5E7A0F55040996b5-4-43



Execute Claim Transaction for Tier #4 (Canary tier)



Transaction sent! ✔
Transaction hash: 0x7924fbd816f8ea301375410cdfa6d1fad53b119446c291e6f10163cfe454a89f
Waiting on transaction to be confirmed ...
Tx confirmed !




******************
Processing:
Vault:     0xa18d434e584b24b364b506cf2b5cc0cef6be5d5c
Tier:      #4 (Canary tier)
# prizes:  41

5a. Calculating # of profitable claims ...

Native (Gas) Token ETH Market Rate (USD): $3518.61

Estimated gas limit (wei) (1 prize claim): 0.000000000000189066 ETH (189066 wei)
Estimated gas limit (wei) (2 prize claims): 0.000000000000275438 ETH (275438 wei)

Gas Cost: First Claim (wei): 0.000000000000189066 ETH (189066 wei)
Gas Cost: Each Following Claim (wei): 0.000000000000086372 ETH (86372 wei)

Gas Cost: First Claim (USD): $0.04 $0.03893817514251181
Gas Cost: Each Following Claim (USD): $0.05 $0.04728499377457117

5b. 1 Claim(s):

Total gas cost: 1 Claim(s) (USD): $0.04 ($0.03893817514251181)

Next Claim Reward: 1 Claim(s) (WEI): 0.000016857120095622 WETH (16857120095622 wei)
Next Claim Reward: 1 Claim(s) (USD): $0.06 ($0.05915016447466526)

Net profit = (Gross Profit - Gas Cost [Avg])
$0.02 = ($0.06 - $0.04) $0.020211989332153443 = ($0.05915016447466526 - $0.03893817514251181)


5b. 2 Claim(s):

Total gas cost: 2 Claim(s) (USD): $0.09 ($0.08622316891708298)

Claim Reward: 1 Claim(s) (WEI): 0.000016857120095622 WETH (16857120095622 wei)
Claim Reward: 1 Claim(s) (USD): $0.06 ($0.05915016447466526)

Next Claim Reward: 2 Claim(s) (WEI): 0.000033714240191244 WETH (33714240191244 wei)
Next Claim Reward: 2 Claim(s) (USD): $0.12 ($0.11830032894933051)

Net profit = (Gross Profit - Gas Cost [Avg])
$0.03 = ($0.12 - $0.09) $0.03207716003224753 = ($0.11830032894933051 - $0.08622316891708298)


5b. 3 Claim(s):

Total gas cost: 3 Claim(s) (USD): $0.13 ($0.13350816269165416)

Claim Reward: 2 Claim(s) (WEI): 0.000033714240191244 WETH (33714240191244 wei)
Claim Reward: 2 Claim(s) (USD): $0.12 ($0.11830032894933051)

Next Claim Reward: 3 Claim(s) (WEI): 0.000050571360286866 WETH (50571360286866 wei)
Next Claim Reward: 3 Claim(s) (USD): $0.18 ($0.1774504934239958)

Net profit = (Gross Profit - Gas Cost [Avg])
$0.04 = ($0.18 - $0.13) $0.04394233073234163 = ($0.1774504934239958 - $0.13350816269165416)


5b. 4 Claim(s):

Total gas cost: 4 Claim(s) (USD): $0.18 ($0.1807931564662253)

Claim Reward: 3 Claim(s) (WEI): 0.000050571360286866 WETH (50571360286866 wei)
Claim Reward: 3 Claim(s) (USD): $0.18 ($0.1774504934239958)

Next Claim Reward: 4 Claim(s) (WEI): 0.000067428480382488 WETH (67428480382488 wei)
Next Claim Reward: 4 Claim(s) (USD): $0.24 ($0.23660065789866103)

Net profit = (Gross Profit - Gas Cost [Avg])
$0.06 = ($0.24 - $0.18) $0.055807501432435735 = ($0.23660065789866103 - $0.1807931564662253)


5b. 5 Claim(s):

Total gas cost: 5 Claim(s) (USD): $0.23 ($0.22807815024079647)

Claim Reward: 4 Claim(s) (WEI): 0.000067428480382488 WETH (67428480382488 wei)
Claim Reward: 4 Claim(s) (USD): $0.24 ($0.23660065789866103)

Next Claim Reward: 5 Claim(s) (WEI): 0.00008428560047811 WETH (84285600478110 wei)
Next Claim Reward: 5 Claim(s) (USD): $0.3 ($0.2957508223733263)

Net profit = (Gross Profit - Gas Cost [Avg])
$0.07 = ($0.3 - $0.23) $0.06767267213252981 = ($0.2957508223733263 - $0.22807815024079647)


5b. 6 Claim(s):

Total gas cost: 6 Claim(s) (USD): $0.28 ($0.27536314401536766)

Claim Reward: 5 Claim(s) (WEI): 0.00008428560047811 WETH (84285600478110 wei)
Claim Reward: 5 Claim(s) (USD): $0.3 ($0.2957508223733263)

Next Claim Reward: 6 Claim(s) (WEI): 0.000101142720573732 WETH (101142720573732 wei)
Next Claim Reward: 6 Claim(s) (USD): $0.35 ($0.3549009868479916)

Net profit = (Gross Profit - Gas Cost [Avg])
$0.08 = ($0.35 - $0.28) $0.07953784283262394 = ($0.3549009868479916 - $0.27536314401536766)


5b. 7 Claim(s):

Total gas cost: 7 Claim(s) (USD): $0.32 ($0.3226481377899388)

Claim Reward: 6 Claim(s) (WEI): 0.000101142720573732 WETH (101142720573732 wei)
Claim Reward: 6 Claim(s) (USD): $0.35 ($0.3549009868479916)

Next Claim Reward: 7 Claim(s) (WEI): 0.000117999840669354 WETH (117999840669354 wei)
Next Claim Reward: 7 Claim(s) (USD): $0.41 ($0.41405115132265685)

Net profit = (Gross Profit - Gas Cost [Avg])
$0.09 = ($0.41 - $0.32) $0.09140301353271807 = ($0.41405115132265685 - $0.3226481377899388)


5b. 8 Claim(s):

Total gas cost: 8 Claim(s) (USD): $0.37 ($0.36993313156450996)

Claim Reward: 7 Claim(s) (WEI): 0.000117999840669354 WETH (117999840669354 wei)
Claim Reward: 7 Claim(s) (USD): $0.41 ($0.41405115132265685)

Next Claim Reward: 8 Claim(s) (WEI): 0.000134856960764976 WETH (134856960764976 wei)
Next Claim Reward: 8 Claim(s) (USD): $0.47 ($0.47320131579732205)

Net profit = (Gross Profit - Gas Cost [Avg])
$0.1 = ($0.47 - $0.37) $0.10326818423281209 = ($0.47320131579732205 - $0.36993313156450996)


5b. 9 Claim(s):

Total gas cost: 9 Claim(s) (USD): $0.42 ($0.41721812533908115)

Claim Reward: 8 Claim(s) (WEI): 0.000134856960764976 WETH (134856960764976 wei)
Claim Reward: 8 Claim(s) (USD): $0.47 ($0.47320131579732205)

Next Claim Reward: 9 Claim(s) (WEI): 0.000151714080860598 WETH (151714080860598 wei)
Next Claim Reward: 9 Claim(s) (USD): $0.53 ($0.5323514802719874)

Net profit = (Gross Profit - Gas Cost [Avg])
$0.12 = ($0.53 - $0.42) $0.11513335493290627 = ($0.5323514802719874 - $0.41721812533908115)


5b. 10 Claim(s):

Total gas cost: 10 Claim(s) (USD): $0.46 ($0.46450311911365233)

Claim Reward: 9 Claim(s) (WEI): 0.000151714080860598 WETH (151714080860598 wei)
Claim Reward: 9 Claim(s) (USD): $0.53 ($0.5323514802719874)

Next Claim Reward: 10 Claim(s) (WEI): 0.00016857120095622 WETH (168571200956220 wei)
Next Claim Reward: 10 Claim(s) (USD): $0.59 ($0.5915016447466526)

Net profit = (Gross Profit - Gas Cost [Avg])
$0.13 = ($0.59 - $0.46) $0.12699852563300024 = ($0.5915016447466526 - $0.46450311911365233)


5b. 11 Claim(s):

Total gas cost: 11 Claim(s) (USD): $0.51 ($0.5117881128882236)

Claim Reward: 10 Claim(s) (WEI): 0.00016857120095622 WETH (168571200956220 wei)
Claim Reward: 10 Claim(s) (USD): $0.59 ($0.5915016447466526)

Next Claim Reward: 11 Claim(s) (WEI): 0.000185428321051842 WETH (185428321051842 wei)
Next Claim Reward: 11 Claim(s) (USD): $0.65 ($0.6506518092213178)

Net profit = (Gross Profit - Gas Cost [Avg])
$0.14 = ($0.65 - $0.51) $0.13886369633309426 = ($0.6506518092213178 - $0.5117881128882236)


5b. 12 Claim(s):

Total gas cost: 12 Claim(s) (USD): $0.56 ($0.5590731066627947)

Claim Reward: 11 Claim(s) (WEI): 0.000185428321051842 WETH (185428321051842 wei)
Claim Reward: 11 Claim(s) (USD): $0.65 ($0.6506518092213178)

Next Claim Reward: 12 Claim(s) (WEI): 0.000202285441147464 WETH (202285441147464 wei)
Next Claim Reward: 12 Claim(s) (USD): $0.71 ($0.7098019736959832)

Net profit = (Gross Profit - Gas Cost [Avg])
$0.15 = ($0.71 - $0.56) $0.15072886703318844 = ($0.7098019736959832 - $0.5590731066627947)


5b. 13 Claim(s):

Total gas cost: 13 Claim(s) (USD): $0.61 ($0.6063581004373658)

Claim Reward: 12 Claim(s) (WEI): 0.000202285441147464 WETH (202285441147464 wei)
Claim Reward: 12 Claim(s) (USD): $0.71 ($0.7098019736959832)

Next Claim Reward: 13 Claim(s) (WEI): 0.000219142561243086 WETH (219142561243086 wei)
Next Claim Reward: 13 Claim(s) (USD): $0.77 ($0.7689521381706483)

Net profit = (Gross Profit - Gas Cost [Avg])
$0.16 = ($0.77 - $0.61) $0.16259403773328251 = ($0.7689521381706483 - $0.6063581004373658)


5b. 14 Claim(s):

Total gas cost: 14 Claim(s) (USD): $0.65 ($0.653643094211937)

Claim Reward: 13 Claim(s) (WEI): 0.000219142561243086 WETH (219142561243086 wei)
Claim Reward: 13 Claim(s) (USD): $0.77 ($0.7689521381706483)

Next Claim Reward: 14 Claim(s) (WEI): 0.000235999681338708 WETH (235999681338708 wei)
Next Claim Reward: 14 Claim(s) (USD): $0.83 ($0.8281023026453137)

Net profit = (Gross Profit - Gas Cost [Avg])
$0.17 = ($0.83 - $0.65) $0.1744592084333767 = ($0.8281023026453137 - $0.653643094211937)


5b. 15 Claim(s):

Total gas cost: 15 Claim(s) (USD): $0.7 ($0.7009280879865082)

Claim Reward: 14 Claim(s) (WEI): 0.000235999681338708 WETH (235999681338708 wei)
Claim Reward: 14 Claim(s) (USD): $0.83 ($0.8281023026453137)

Next Claim Reward: 15 Claim(s) (WEI): 0.00025285680143433 WETH (252856801434330 wei)
Next Claim Reward: 15 Claim(s) (USD): $0.89 ($0.887252467119979)

Net profit = (Gross Profit - Gas Cost [Avg])
$0.19 = ($0.89 - $0.7) $0.18632437913347077 = ($0.887252467119979 - $0.7009280879865082)


5b. 16 Claim(s):

Total gas cost: 16 Claim(s) (USD): $0.75 ($0.7482130817610794)

Claim Reward: 15 Claim(s) (WEI): 0.00025285680143433 WETH (252856801434330 wei)
Claim Reward: 15 Claim(s) (USD): $0.89 ($0.887252467119979)

Next Claim Reward: 16 Claim(s) (WEI): 0.000269713921529952 WETH (269713921529952 wei)
Next Claim Reward: 16 Claim(s) (USD): $0.95 ($0.9464026315946441)

Net profit = (Gross Profit - Gas Cost [Avg])
$0.2 = ($0.95 - $0.75) $0.19818954983356474 = ($0.9464026315946441 - $0.7482130817610794)


5b. 17 Claim(s):

Total gas cost: 17 Claim(s) (USD): $0.8 ($0.7954980755356506)

Claim Reward: 16 Claim(s) (WEI): 0.000269713921529952 WETH (269713921529952 wei)
Claim Reward: 16 Claim(s) (USD): $0.95 ($0.9464026315946441)

Next Claim Reward: 17 Claim(s) (WEI): 0.000286571041625574 WETH (286571041625574 wei)
Next Claim Reward: 17 Claim(s) (USD): $1.01 ($1.0055527960693094)

Net profit = (Gross Profit - Gas Cost [Avg])
$0.21 = ($1.01 - $0.8) $0.2100547205336588 = ($1.0055527960693094 - $0.7954980755356506)


5b. 18 Claim(s):

Total gas cost: 18 Claim(s) (USD): $0.84 ($0.8427830693102217)

Claim Reward: 17 Claim(s) (WEI): 0.000286571041625574 WETH (286571041625574 wei)
Claim Reward: 17 Claim(s) (USD): $1.01 ($1.0055527960693094)

Next Claim Reward: 18 Claim(s) (WEI): 0.000303428161721196 WETH (303428161721196 wei)
Next Claim Reward: 18 Claim(s) (USD): $1.06 ($1.0647029605439748)

Net profit = (Gross Profit - Gas Cost [Avg])
$0.22 = ($1.06 - $0.84) $0.2219198912337531 = ($1.0647029605439748 - $0.8427830693102217)


5b. 19 Claim(s):

Total gas cost: 19 Claim(s) (USD): $0.89 ($0.8900680630847929)

Claim Reward: 18 Claim(s) (WEI): 0.000303428161721196 WETH (303428161721196 wei)
Claim Reward: 18 Claim(s) (USD): $1.06 ($1.0647029605439748)

Next Claim Reward: 19 Claim(s) (WEI): 0.000320285281816818 WETH (320285281816818 wei)
Next Claim Reward: 19 Claim(s) (USD): $1.12 ($1.1238531250186399)

Net profit = (Gross Profit - Gas Cost [Avg])
$0.23 = ($1.12 - $0.89) $0.23378506193384696 = ($1.1238531250186399 - $0.8900680630847929)


5b. 20 Claim(s):

Total gas cost: 20 Claim(s) (USD): $0.94 ($0.9373530568593641)

Claim Reward: 19 Claim(s) (WEI): 0.000320285281816818 WETH (320285281816818 wei)
Claim Reward: 19 Claim(s) (USD): $1.12 ($1.1238531250186399)

Next Claim Reward: 20 Claim(s) (WEI): 0.00033714240191244 WETH (337142401912440 wei)
Next Claim Reward: 20 Claim(s) (USD): $1.18 ($1.1830032894933051)

Net profit = (Gross Profit - Gas Cost [Avg])
$0.25 = ($1.18 - $0.94) $0.24565023263394103 = ($1.1830032894933051 - $0.9373530568593641)


5b. 21 Claim(s):

Total gas cost: 21 Claim(s) (USD): $0.98 ($0.9846380506339353)

Claim Reward: 20 Claim(s) (WEI): 0.00033714240191244 WETH (337142401912440 wei)
Claim Reward: 20 Claim(s) (USD): $1.18 ($1.1830032894933051)

Next Claim Reward: 21 Claim(s) (WEI): 0.000353999522008062 WETH (353999522008062 wei)
Next Claim Reward: 21 Claim(s) (USD): $1.24 ($1.2421534539679706)

Net profit = (Gross Profit - Gas Cost [Avg])
$0.26 = ($1.24 - $0.98) $0.25751540333403533 = ($1.2421534539679706 - $0.9846380506339353)


5b. 22 Claim(s):

Total gas cost: 22 Claim(s) (USD): $1.03 ($1.0319230444085064)

Claim Reward: 21 Claim(s) (WEI): 0.000353999522008062 WETH (353999522008062 wei)
Claim Reward: 21 Claim(s) (USD): $1.24 ($1.2421534539679706)

Next Claim Reward: 22 Claim(s) (WEI): 0.000370856642103684 WETH (370856642103684 wei)
Next Claim Reward: 22 Claim(s) (USD): $1.3 ($1.3013036184426356)

Net profit = (Gross Profit - Gas Cost [Avg])
$0.27 = ($1.3 - $1.03) $0.2693805740341293 = ($1.3013036184426356 - $1.0319230444085064)


5b. 23 Claim(s):

Total gas cost: 23 Claim(s) (USD): $1.08 ($1.0792080381830775)

Claim Reward: 22 Claim(s) (WEI): 0.000370856642103684 WETH (370856642103684 wei)
Claim Reward: 22 Claim(s) (USD): $1.3 ($1.3013036184426356)

Next Claim Reward: 23 Claim(s) (WEI): 0.000387713762199306 WETH (387713762199306 wei)
Next Claim Reward: 23 Claim(s) (USD): $1.36 ($1.360453782917301)

Net profit = (Gross Profit - Gas Cost [Avg])
$0.28 = ($1.36 - $1.08) $0.28124574473422337 = ($1.360453782917301 - $1.0792080381830775)


5b. 24 Claim(s):

Total gas cost: 24 Claim(s) (USD): $1.13 ($1.1264930319576487)

Claim Reward: 23 Claim(s) (WEI): 0.000387713762199306 WETH (387713762199306 wei)
Claim Reward: 23 Claim(s) (USD): $1.36 ($1.360453782917301)

Next Claim Reward: 24 Claim(s) (WEI): 0.000404570882294928 WETH (404570882294928 wei)
Next Claim Reward: 24 Claim(s) (USD): $1.42 ($1.4196039473919664)

Net profit = (Gross Profit - Gas Cost [Avg])
$0.29 = ($1.42 - $1.13) $0.29311091543431766 = ($1.4196039473919664 - $1.1264930319576487)


5b. 25 Claim(s):

Total gas cost: 25 Claim(s) (USD): $1.17 ($1.1737780257322197)

Claim Reward: 24 Claim(s) (WEI): 0.000404570882294928 WETH (404570882294928 wei)
Claim Reward: 24 Claim(s) (USD): $1.42 ($1.4196039473919664)

Next Claim Reward: 25 Claim(s) (WEI): 0.00042142800239055 WETH (421428002390550 wei)
Next Claim Reward: 25 Claim(s) (USD): $1.48 ($1.4787541118666316)

Net profit = (Gross Profit - Gas Cost [Avg])
$0.3 = ($1.48 - $1.17) $0.30497608613441196 = ($1.4787541118666316 - $1.1737780257322197)


5b. 26 Claim(s):

Total gas cost: 26 Claim(s) (USD): $1.22 ($1.2210630195067909)

Claim Reward: 25 Claim(s) (WEI): 0.00042142800239055 WETH (421428002390550 wei)
Claim Reward: 25 Claim(s) (USD): $1.48 ($1.4787541118666316)

Next Claim Reward: 26 Claim(s) (WEI): 0.000438285122486172 WETH (438285122486172 wei)
Next Claim Reward: 26 Claim(s) (USD): $1.54 ($1.5379042763412967)

Net profit = (Gross Profit - Gas Cost [Avg])
$0.32 = ($1.54 - $1.22) $0.3168412568345058 = ($1.5379042763412967 - $1.2210630195067909)


5b. 27 Claim(s):

Total gas cost: 27 Claim(s) (USD): $1.27 ($1.268348013281362)

Claim Reward: 26 Claim(s) (WEI): 0.000438285122486172 WETH (438285122486172 wei)
Claim Reward: 26 Claim(s) (USD): $1.54 ($1.5379042763412967)

Next Claim Reward: 27 Claim(s) (WEI): 0.000455142242581794 WETH (455142242581794 wei)
Next Claim Reward: 27 Claim(s) (USD): $1.6 ($1.5970544408159622)

Net profit = (Gross Profit - Gas Cost [Avg])
$0.33 = ($1.6 - $1.27) $0.3287064275346001 = ($1.5970544408159622 - $1.268348013281362)


5b. 28 Claim(s):

Total gas cost: 28 Claim(s) (USD): $1.32 ($1.3156330070559332)

Claim Reward: 27 Claim(s) (WEI): 0.000455142242581794 WETH (455142242581794 wei)
Claim Reward: 27 Claim(s) (USD): $1.6 ($1.5970544408159622)

Next Claim Reward: 28 Claim(s) (WEI): 0.000471999362677416 WETH (471999362677416 wei)
Next Claim Reward: 28 Claim(s) (USD): $1.66 ($1.6562046052906274)

Net profit = (Gross Profit - Gas Cost [Avg])
$0.34 = ($1.66 - $1.32) $0.3405715982346942 = ($1.6562046052906274 - $1.3156330070559332)


5b. 29 Claim(s):

Total gas cost: 29 Claim(s) (USD): $1.36 ($1.3629180008305044)

Claim Reward: 28 Claim(s) (WEI): 0.000471999362677416 WETH (471999362677416 wei)
Claim Reward: 28 Claim(s) (USD): $1.66 ($1.6562046052906274)

Next Claim Reward: 29 Claim(s) (WEI): 0.000488856482773038 WETH (488856482773038 wei)
Next Claim Reward: 29 Claim(s) (USD): $1.72 ($1.7153547697652924)

Net profit = (Gross Profit - Gas Cost [Avg])
$0.35 = ($1.72 - $1.36) $0.35243676893478804 = ($1.7153547697652924 - $1.3629180008305044)


5b. 30 Claim(s):

Total gas cost: 30 Claim(s) (USD): $1.41 ($1.4102029946050756)

Claim Reward: 29 Claim(s) (WEI): 0.000488856482773038 WETH (488856482773038 wei)
Claim Reward: 29 Claim(s) (USD): $1.72 ($1.7153547697652924)

Next Claim Reward: 30 Claim(s) (WEI): 0.00050571360286866 WETH (505713602868660 wei)
Next Claim Reward: 30 Claim(s) (USD): $1.77 ($1.774504934239958)

Net profit = (Gross Profit - Gas Cost [Avg])
$0.36 = ($1.77 - $1.41) $0.36430193963488233 = ($1.774504934239958 - $1.4102029946050756)

******************
5c. Profit/Loss (USD):

Net profit = (Gross Profit - Gas Cost [Max])
$0.31 = ($1.72 - $1.41) $0.30515177516021685 = ($1.7153547697652924 - $1.4102029946050756)

Submitting transaction to claim 29 prize(s):

0xa18d434e584b24b364b506cf2b5cc0cef6be5d5c-0x3fEd2439F1c534ac28120FF6A1C805C7745ec774-4-110
0xa18d434e584b24b364b506cf2b5cc0cef6be5d5c-0xe3Aa805b6EfF99E265E739C2307a89552BE9F36A-4-47
0xa18d434e584b24b364b506cf2b5cc0cef6be5d5c-0x33a0997aD6CC8E0E970C8D4c42E961C6Afb61173-4-101
0xa18d434e584b24b364b506cf2b5cc0cef6be5d5c-0xBADd6dCA621b43B9AB4E9Dc009185Bc485a1c3a0-4-83
0xa18d434e584b24b364b506cf2b5cc0cef6be5d5c-0x495FE9Ecc1af9E19F6b105b6061a889769072539-4-244
0xa18d434e584b24b364b506cf2b5cc0cef6be5d5c-0xa07544Ed9190a4Fad22dDE9c6D7d19B3f19203FB-4-114
0xa18d434e584b24b364b506cf2b5cc0cef6be5d5c-0x08B4999e42a694CC39d46eE31d7f26550754800e-4-92
0xa18d434e584b24b364b506cf2b5cc0cef6be5d5c-0x6735024f3DC6C512ff23c750a93c5468A0b64BDf-4-30
0xa18d434e584b24b364b506cf2b5cc0cef6be5d5c-0x439BEbf99B7A495d9d118A651153D29f80efD07D-4-80
0xa18d434e584b24b364b506cf2b5cc0cef6be5d5c-0xc36E53F7863f28B6D0C13bf616eFcAE6493feF4A-4-183
0xa18d434e584b24b364b506cf2b5cc0cef6be5d5c-0x34CC4988cd3Ae157D6427D29F8Fa233358eE5B1D-4-157
0xa18d434e584b24b364b506cf2b5cc0cef6be5d5c-0xDEFD119fbE3f81185957903360082A5f62233ae8-4-10
0xa18d434e584b24b364b506cf2b5cc0cef6be5d5c-0x03f52daB22Ba111f0eBe35BECf4E0Ac57dc4aBC7-4-125
0xa18d434e584b24b364b506cf2b5cc0cef6be5d5c-0x03f52daB22Ba111f0eBe35BECf4E0Ac57dc4aBC7-4-230
0xa18d434e584b24b364b506cf2b5cc0cef6be5d5c-0x4E712768c2cb46D3429158aEfB18f4Cb1D4811e1-4-193
0xa18d434e584b24b364b506cf2b5cc0cef6be5d5c-0xC58e007461e1c4E76819AaE82B1cD1d182b34a3d-4-7
0xa18d434e584b24b364b506cf2b5cc0cef6be5d5c-0xC58e007461e1c4E76819AaE82B1cD1d182b34a3d-4-213
0xa18d434e584b24b364b506cf2b5cc0cef6be5d5c-0xbC22F8405814be53a2F897738965aF7d69D6E32B-4-111
0xa18d434e584b24b364b506cf2b5cc0cef6be5d5c-0x373e4e30E92978E42f33edd0d68728938aa9FAdc-4-41
0xa18d434e584b24b364b506cf2b5cc0cef6be5d5c-0x2628ABf83eA2bDAd7a4629b88e9b90307Cb47754-4-64
0xa18d434e584b24b364b506cf2b5cc0cef6be5d5c-0x32B902f7293a0111eabc4151204d66c1CDe7d0fD-4-200
0xa18d434e584b24b364b506cf2b5cc0cef6be5d5c-0x9Dd8690BF8D0caDb4d7761e4B4fD84Ec113c8e53-4-157
0xa18d434e584b24b364b506cf2b5cc0cef6be5d5c-0xd6958695a3D9c9c2eDA4a991904D03B98F99E336-4-128
0xa18d434e584b24b364b506cf2b5cc0cef6be5d5c-0x67Bde889b86748BCFbA1B18B1F4E6c465d787293-4-193
0xa18d434e584b24b364b506cf2b5cc0cef6be5d5c-0xC745ab78d41fEd1E4008B649223843f93625Bd3B-4-234
0xa18d434e584b24b364b506cf2b5cc0cef6be5d5c-0xe109c409ca80F960428B69966248103846F236Bb-4-238
0xa18d434e584b24b364b506cf2b5cc0cef6be5d5c-0xccddEFfD8398e1652b10Ce4b98Ba58865058D32B-4-179
0xa18d434e584b24b364b506cf2b5cc0cef6be5d5c-0xB02c5ADF881932BBaDC64AeC6a10Ad8D8258f754-4-103
0xa18d434e584b24b364b506cf2b5cc0cef6be5d5c-0x424e5f633B5a3616796d286054dCe4F2226a32a5-4-31



Execute Claim Transaction for Tier #4 (Canary tier)



Transaction sent! ✔
Transaction hash: 0xa29c46c0355770c43fc44e46f48c72d88ce24957414cc4ec16ddbd6402b46d4e
Waiting on transaction to be confirmed ...
Tx confirmed !




******************
Processing:
Vault:     0x75ca27bb45d689c18f350592e036ee4e10a68d06
Tier:      #5 (Canary tier)
# prizes:  417

5a. Calculating # of profitable claims ...

Native (Gas) Token ETH Market Rate (USD): $3518.61

Estimated gas limit (wei) (1 prize claim): 0.000000000000180701 ETH (180701 wei)
Estimated gas limit (wei) (2 prize claims): 0.00000000000025872 ETH (258720 wei)

Gas Cost: First Claim (wei): 0.000000000000180701 ETH (180701 wei)
Gas Cost: Each Following Claim (wei): 0.000000000000078019 ETH (78019 wei)

Gas Cost: First Claim (USD): $0.04 $0.04044124865712103
Gas Cost: Each Following Claim (USD): $0.05 $0.04927265859838685

5b. 1 Claim(s):

Total gas cost: 1 Claim(s) (USD): $0.04 ($0.04044124865712103)

Next Claim Reward: 1 Claim(s) (WEI): 0.000004214280023905 WETH (4214280023905 wei)
Next Claim Reward: 1 Claim(s) (USD): $0.01 ($0.014787541118664562)

Net profit = (Gross Profit - Gas Cost [Avg])
$-0.03 = ($0.01 - $0.04) $-0.025653707538456468 = ($0.014787541118664562 - $0.04044124865712103)

******************
5c. Profit/Loss (USD):

Net profit = (Gross Profit - Gas Cost [Max])
$-0.04 = ($0 - $0.04) $-0.04044124865712103 = ($0 - $0.04044124865712103)

Claiming tier #5 (Canary tier) currently not profitable.
Not profitable to claim for Draw #16, Tier: #5 (Canary tier)




******************
Processing:
Vault:     0x798a13b071a8aac2d55109a53a2ba4230444619d
Tier:      #5 (Canary tier)
# prizes:  117

Tier #5 (Canary tier) not profitable, skipping ...





******************
Processing:
Vault:     0xa18d434e584b24b364b506cf2b5cc0cef6be5d5c
Tier:      #5 (Canary tier)
# prizes:  470

Tier #5 (Canary tier) not profitable, skipping ...

