Operating on: 11155420 - Optimism Sepolia
Config - MIN_PROFIT_THRESHOLD_USD: -0.1

Starting ...
Getting prize pool info ...
Getting prize context ...

******************
1. Prize token: WETH

┌────────────┬──────────────────────────────────────────────┬──────────┬─────────────────┬────────┬──────────────┐
│ (index)    │ address                                      │ decimals │ name            │ symbol │ assetRateUsd │
├────────────┼──────────────────────────────────────────────┼──────────┼─────────────────┼────────┼──────────────┤
│ prizeToken │ '0x3749e4DA7558BeD9b0819dE7f8C7eFc271Db004e' │ 18       │ 'Wrapped Ether' │ 'WETH' │ 3500.2175    │
└────────────┴──────────────────────────────────────────────┴──────────┴─────────────────┴────────┴──────────────┘
┌─────────┬──────────┬───────────────────────────────┐
│ (index) │ numTiers │ tiersRangeArray               │
├─────────┼──────────┼───────────────────────────────┤
│ tiers   │ 6        │ [ 0, 1, 2, ... 3 more items ] │
└─────────┴──────────┴───────────────────────────────┘
Draw ID: 12
Prize Token WETH MarketRate USD:  $3500.2175

******************
Getting prize vaults ...
Found 6 prize vaults.

261 prizes already claimed for draw #12.
1097 prizes remaining to be claimed...




******************
Processing:
Vault:     0x75ca27bb45d689c18f350592e036ee4e10a68d06
Tier:      #4 (Canary tier)
# prizes:  34

5a. Calculating # of profitable claims ...

Native (Gas) Token ETH Market Rate (USD): $3499.72

Estimated gas limit (wei) (1 prize claim): 0.000000000000179989 ETH (179989 wei)
Estimated gas limit (wei) (2 prize claims): 0.000000000000259301 ETH (259301 wei)

Gas Cost: First Claim (wei): 0.000000000000179989 ETH (179989 wei)
Gas Cost: Each Following Claim (wei): 0.000000000000079312 ETH (79312 wei)

Gas Cost: First Claim (USD): $0.05 $0.04517057102679757
Gas Cost: Each Following Claim (USD): $0.05 $0.05495249842034624

5b. 1 Claim(s):

Total gas cost: 1 Claim(s) (USD): $0.05 ($0.04517057102679757)

Next Claim Reward: 1 Claim(s) (WEI): 0.000015874412095343 WETH (15874412095343 wei)
Next Claim Reward: 1 Claim(s) (USD): $0.06 ($0.055563895018331234)

Net profit = (Gross Profit - Gas Cost [Avg])
$0.01 = ($0.06 - $0.05) $0.010393323991533664 = ($0.055563895018331234 - $0.04517057102679757)


5b. 2 Claim(s):

Total gas cost: 2 Claim(s) (USD): $0.1 ($0.1001230694471438)

Claim Reward: 1 Claim(s) (WEI): 0.000015874412095343 WETH (15874412095343 wei)
Claim Reward: 1 Claim(s) (USD): $0.06 ($0.055563895018331234)

Next Claim Reward: 2 Claim(s) (WEI): 0.000031748824190686 WETH (31748824190686 wei)
Next Claim Reward: 2 Claim(s) (USD): $0.11 ($0.11112779003666247)

Net profit = (Gross Profit - Gas Cost [Avg])
$0.01 = ($0.11 - $0.1) $0.011004720589518666 = ($0.11112779003666247 - $0.1001230694471438)


5b. 3 Claim(s):

Total gas cost: 3 Claim(s) (USD): $0.16 ($0.15507556786749005)

Claim Reward: 2 Claim(s) (WEI): 0.000031748824190686 WETH (31748824190686 wei)
Claim Reward: 2 Claim(s) (USD): $0.11 ($0.11112779003666247)

Next Claim Reward: 3 Claim(s) (WEI): 0.000047623236286029 WETH (47623236286029 wei)
Next Claim Reward: 3 Claim(s) (USD): $0.17 ($0.1666916850549937)

Net profit = (Gross Profit - Gas Cost [Avg])
$0.01 = ($0.17 - $0.16) $0.01161611718750366 = ($0.1666916850549937 - $0.15507556786749005)


5b. 4 Claim(s):

Total gas cost: 4 Claim(s) (USD): $0.21 ($0.21002806628783627)

Claim Reward: 3 Claim(s) (WEI): 0.000047623236286029 WETH (47623236286029 wei)
Claim Reward: 3 Claim(s) (USD): $0.17 ($0.1666916850549937)

Next Claim Reward: 4 Claim(s) (WEI): 0.000063497648381372 WETH (63497648381372 wei)
Next Claim Reward: 4 Claim(s) (USD): $0.22 ($0.22225558007332494)

Net profit = (Gross Profit - Gas Cost [Avg])
$0.01 = ($0.22 - $0.21) $0.01222751378548867 = ($0.22225558007332494 - $0.21002806628783627)


5b. 5 Claim(s):

Total gas cost: 5 Claim(s) (USD): $0.26 ($0.26498056470818254)

Claim Reward: 4 Claim(s) (WEI): 0.000063497648381372 WETH (63497648381372 wei)
Claim Reward: 4 Claim(s) (USD): $0.22 ($0.22225558007332494)

Next Claim Reward: 5 Claim(s) (WEI): 0.000079372060476715 WETH (79372060476715 wei)
Next Claim Reward: 5 Claim(s) (USD): $0.28 ($0.27781947509165617)

Net profit = (Gross Profit - Gas Cost [Avg])
$0.01 = ($0.28 - $0.26) $0.012838910383473623 = ($0.27781947509165617 - $0.26498056470818254)


5b. 6 Claim(s):

Total gas cost: 6 Claim(s) (USD): $0.32 ($0.31993306312852876)

Claim Reward: 5 Claim(s) (WEI): 0.000079372060476715 WETH (79372060476715 wei)
Claim Reward: 5 Claim(s) (USD): $0.28 ($0.27781947509165617)

Next Claim Reward: 6 Claim(s) (WEI): 0.000095246472572058 WETH (95246472572058 wei)
Next Claim Reward: 6 Claim(s) (USD): $0.33 ($0.3333833701099874)

Net profit = (Gross Profit - Gas Cost [Avg])
$0.01 = ($0.33 - $0.32) $0.01345030698145866 = ($0.3333833701099874 - $0.31993306312852876)


5b. 7 Claim(s):

Total gas cost: 7 Claim(s) (USD): $0.37 ($0.374885561548875)

Claim Reward: 6 Claim(s) (WEI): 0.000095246472572058 WETH (95246472572058 wei)
Claim Reward: 6 Claim(s) (USD): $0.33 ($0.3333833701099874)

Next Claim Reward: 7 Claim(s) (WEI): 0.000111120884667401 WETH (111120884667401 wei)
Next Claim Reward: 7 Claim(s) (USD): $0.39 ($0.3889472651283187)

Net profit = (Gross Profit - Gas Cost [Avg])
$0.01 = ($0.39 - $0.37) $0.014061703579443696 = ($0.3889472651283187 - $0.374885561548875)


5b. 8 Claim(s):

Total gas cost: 8 Claim(s) (USD): $0.43 ($0.42983805996922125)

Claim Reward: 7 Claim(s) (WEI): 0.000111120884667401 WETH (111120884667401 wei)
Claim Reward: 7 Claim(s) (USD): $0.39 ($0.3889472651283187)

Next Claim Reward: 8 Claim(s) (WEI): 0.000126995296762744 WETH (126995296762744 wei)
Next Claim Reward: 8 Claim(s) (USD): $0.44 ($0.4445111601466499)

Net profit = (Gross Profit - Gas Cost [Avg])
$0.01 = ($0.44 - $0.43) $0.014673100177428622 = ($0.4445111601466499 - $0.42983805996922125)


5b. 9 Claim(s):

Total gas cost: 9 Claim(s) (USD): $0.48 ($0.48479055838956747)

Claim Reward: 8 Claim(s) (WEI): 0.000126995296762744 WETH (126995296762744 wei)
Claim Reward: 8 Claim(s) (USD): $0.44 ($0.4445111601466499)

Next Claim Reward: 9 Claim(s) (WEI): 0.000142869708858087 WETH (142869708858087 wei)
Next Claim Reward: 9 Claim(s) (USD): $0.5 ($0.5000750551649812)

Net profit = (Gross Profit - Gas Cost [Avg])
$0.02 = ($0.5 - $0.48) $0.015284496775413714 = ($0.5000750551649812 - $0.48479055838956747)


5b. 10 Claim(s):

Total gas cost: 10 Claim(s) (USD): $0.54 ($0.5397430568099137)

Claim Reward: 9 Claim(s) (WEI): 0.000142869708858087 WETH (142869708858087 wei)
Claim Reward: 9 Claim(s) (USD): $0.5 ($0.5000750551649812)

Next Claim Reward: 10 Claim(s) (WEI): 0.00015874412095343 WETH (158744120953430 wei)
Next Claim Reward: 10 Claim(s) (USD): $0.56 ($0.5556389501833123)

Net profit = (Gross Profit - Gas Cost [Avg])
$0.02 = ($0.56 - $0.54) $0.015895893373398584 = ($0.5556389501833123 - $0.5397430568099137)


5b. 11 Claim(s):

Total gas cost: 11 Claim(s) (USD): $0.59 ($0.59469555523026)

Claim Reward: 10 Claim(s) (WEI): 0.00015874412095343 WETH (158744120953430 wei)
Claim Reward: 10 Claim(s) (USD): $0.56 ($0.5556389501833123)

Next Claim Reward: 11 Claim(s) (WEI): 0.000174618533048773 WETH (174618533048773 wei)
Next Claim Reward: 11 Claim(s) (USD): $0.61 ($0.6112028452016437)

Net profit = (Gross Profit - Gas Cost [Avg])
$0.02 = ($0.61 - $0.59) $0.016507289971383732 = ($0.6112028452016437 - $0.59469555523026)


5b. 12 Claim(s):

Total gas cost: 12 Claim(s) (USD): $0.65 ($0.6496480536506062)

Claim Reward: 11 Claim(s) (WEI): 0.000174618533048773 WETH (174618533048773 wei)
Claim Reward: 11 Claim(s) (USD): $0.61 ($0.6112028452016437)

Next Claim Reward: 12 Claim(s) (WEI): 0.000190492945144116 WETH (190492945144116 wei)
Next Claim Reward: 12 Claim(s) (USD): $0.67 ($0.6667667402199748)

Net profit = (Gross Profit - Gas Cost [Avg])
$0.02 = ($0.67 - $0.65) $0.017118686569368657 = ($0.6667667402199748 - $0.6496480536506062)


5b. 13 Claim(s):

Total gas cost: 13 Claim(s) (USD): $0.7 ($0.7046005520709524)

Claim Reward: 12 Claim(s) (WEI): 0.000190492945144116 WETH (190492945144116 wei)
Claim Reward: 12 Claim(s) (USD): $0.67 ($0.6667667402199748)

Next Claim Reward: 13 Claim(s) (WEI): 0.000206367357239459 WETH (206367357239459 wei)
Next Claim Reward: 13 Claim(s) (USD): $0.72 ($0.7223306352383061)

Net profit = (Gross Profit - Gas Cost [Avg])
$0.02 = ($0.72 - $0.7) $0.017730083167353694 = ($0.7223306352383061 - $0.7046005520709524)


5b. 14 Claim(s):

Total gas cost: 14 Claim(s) (USD): $0.76 ($0.7595530504912986)

Claim Reward: 13 Claim(s) (WEI): 0.000206367357239459 WETH (206367357239459 wei)
Claim Reward: 13 Claim(s) (USD): $0.72 ($0.7223306352383061)

Next Claim Reward: 14 Claim(s) (WEI): 0.000222241769334802 WETH (222241769334802 wei)
Next Claim Reward: 14 Claim(s) (USD): $0.78 ($0.7778945302566374)

Net profit = (Gross Profit - Gas Cost [Avg])
$0.02 = ($0.78 - $0.76) $0.01834147976533873 = ($0.7778945302566374 - $0.7595530504912986)


5b. 15 Claim(s):

Total gas cost: 15 Claim(s) (USD): $0.81 ($0.814505548911645)

Claim Reward: 14 Claim(s) (WEI): 0.000222241769334802 WETH (222241769334802 wei)
Claim Reward: 14 Claim(s) (USD): $0.78 ($0.7778945302566374)

Next Claim Reward: 15 Claim(s) (WEI): 0.000238116181430145 WETH (238116181430145 wei)
Next Claim Reward: 15 Claim(s) (USD): $0.83 ($0.8334584252749686)

Net profit = (Gross Profit - Gas Cost [Avg])
$0.02 = ($0.83 - $0.81) $0.018952876363323656 = ($0.8334584252749686 - $0.814505548911645)


5b. 16 Claim(s):

Total gas cost: 16 Claim(s) (USD): $0.87 ($0.8694580473319912)

Claim Reward: 15 Claim(s) (WEI): 0.000238116181430145 WETH (238116181430145 wei)
Claim Reward: 15 Claim(s) (USD): $0.83 ($0.8334584252749686)

Next Claim Reward: 16 Claim(s) (WEI): 0.000253990593525488 WETH (253990593525488 wei)
Next Claim Reward: 16 Claim(s) (USD): $0.89 ($0.8890223202932998)

Net profit = (Gross Profit - Gas Cost [Avg])
$0.02 = ($0.89 - $0.87) $0.019564272961308582 = ($0.8890223202932998 - $0.8694580473319912)


5b. 17 Claim(s):

Total gas cost: 17 Claim(s) (USD): $0.92 ($0.9244105457523374)

Claim Reward: 16 Claim(s) (WEI): 0.000253990593525488 WETH (253990593525488 wei)
Claim Reward: 16 Claim(s) (USD): $0.89 ($0.8890223202932998)

Next Claim Reward: 17 Claim(s) (WEI): 0.000269865005620831 WETH (269865005620831 wei)
Next Claim Reward: 17 Claim(s) (USD): $0.94 ($0.9445862153116311)

Net profit = (Gross Profit - Gas Cost [Avg])
$0.02 = ($0.94 - $0.92) $0.02017566955929373 = ($0.9445862153116311 - $0.9244105457523374)


5b. 18 Claim(s):

Total gas cost: 18 Claim(s) (USD): $0.98 ($0.9793630441726836)

Claim Reward: 17 Claim(s) (WEI): 0.000269865005620831 WETH (269865005620831 wei)
Claim Reward: 17 Claim(s) (USD): $0.94 ($0.9445862153116311)

Next Claim Reward: 18 Claim(s) (WEI): 0.000285739417716174 WETH (285739417716174 wei)
Next Claim Reward: 18 Claim(s) (USD): $1 ($1.0001501103299624)

Net profit = (Gross Profit - Gas Cost [Avg])
$0.02 = ($1 - $0.98) $0.020787066157278766 = ($1.0001501103299624 - $0.9793630441726836)


5b. 19 Claim(s):

Total gas cost: 19 Claim(s) (USD): $1.03 ($1.03431554259303)

Claim Reward: 18 Claim(s) (WEI): 0.000285739417716174 WETH (285739417716174 wei)
Claim Reward: 18 Claim(s) (USD): $1 ($1.0001501103299624)

Next Claim Reward: 19 Claim(s) (WEI): 0.000301613829811517 WETH (301613829811517 wei)
Next Claim Reward: 19 Claim(s) (USD): $1.06 ($1.0557140053482936)

Net profit = (Gross Profit - Gas Cost [Avg])
$0.02 = ($1.06 - $1.03) $0.021398462755263692 = ($1.0557140053482936 - $1.03431554259303)


5b. 20 Claim(s):

Total gas cost: 20 Claim(s) (USD): $1.09 ($1.0892680410133762)

Claim Reward: 19 Claim(s) (WEI): 0.000301613829811517 WETH (301613829811517 wei)
Claim Reward: 19 Claim(s) (USD): $1.06 ($1.0557140053482936)

Next Claim Reward: 20 Claim(s) (WEI): 0.00031748824190686 WETH (317488241906860 wei)
Next Claim Reward: 20 Claim(s) (USD): $1.11 ($1.1112779003666247)

Net profit = (Gross Profit - Gas Cost [Avg])
$0.02 = ($1.11 - $1.09) $0.022009859353248507 = ($1.1112779003666247 - $1.0892680410133762)


5b. 21 Claim(s):

Total gas cost: 21 Claim(s) (USD): $1.14 ($1.1442205394337224)

Claim Reward: 20 Claim(s) (WEI): 0.00031748824190686 WETH (317488241906860 wei)
Claim Reward: 20 Claim(s) (USD): $1.11 ($1.1112779003666247)

Next Claim Reward: 21 Claim(s) (WEI): 0.000333362654002203 WETH (333362654002203 wei)
Next Claim Reward: 21 Claim(s) (USD): $1.17 ($1.1668417953849561)

Net profit = (Gross Profit - Gas Cost [Avg])
$0.02 = ($1.17 - $1.14) $0.022621255951233765 = ($1.1668417953849561 - $1.1442205394337224)


5b. 22 Claim(s):

Total gas cost: 22 Claim(s) (USD): $1.2 ($1.1991730378540686)

Claim Reward: 21 Claim(s) (WEI): 0.000333362654002203 WETH (333362654002203 wei)
Claim Reward: 21 Claim(s) (USD): $1.17 ($1.1668417953849561)

Next Claim Reward: 22 Claim(s) (WEI): 0.000349237066097546 WETH (349237066097546 wei)
Next Claim Reward: 22 Claim(s) (USD): $1.22 ($1.2224056904032874)

Net profit = (Gross Profit - Gas Cost [Avg])
$0.02 = ($1.22 - $1.2) $0.023232652549218802 = ($1.2224056904032874 - $1.1991730378540686)


5b. 23 Claim(s):

Total gas cost: 23 Claim(s) (USD): $1.25 ($1.2541255362744148)

Claim Reward: 22 Claim(s) (WEI): 0.000349237066097546 WETH (349237066097546 wei)
Claim Reward: 22 Claim(s) (USD): $1.22 ($1.2224056904032874)

Next Claim Reward: 23 Claim(s) (WEI): 0.000365111478192889 WETH (365111478192889 wei)
Next Claim Reward: 23 Claim(s) (USD): $1.28 ($1.2779695854216184)

Net profit = (Gross Profit - Gas Cost [Avg])
$0.02 = ($1.28 - $1.25) $0.023844049147203616 = ($1.2779695854216184 - $1.2541255362744148)


5b. 24 Claim(s):

Total gas cost: 24 Claim(s) (USD): $1.31 ($1.309078034694761)

Claim Reward: 23 Claim(s) (WEI): 0.000365111478192889 WETH (365111478192889 wei)
Claim Reward: 23 Claim(s) (USD): $1.28 ($1.2779695854216184)

Next Claim Reward: 24 Claim(s) (WEI): 0.000380985890288232 WETH (380985890288232 wei)
Next Claim Reward: 24 Claim(s) (USD): $1.33 ($1.3335334804399497)

Net profit = (Gross Profit - Gas Cost [Avg])
$0.02 = ($1.33 - $1.31) $0.024455445745188653 = ($1.3335334804399497 - $1.309078034694761)


5b. 25 Claim(s):

Total gas cost: 25 Claim(s) (USD): $1.36 ($1.3640305331151072)

Claim Reward: 24 Claim(s) (WEI): 0.000380985890288232 WETH (380985890288232 wei)
Claim Reward: 24 Claim(s) (USD): $1.33 ($1.3335334804399497)

Next Claim Reward: 25 Claim(s) (WEI): 0.000396860302383575 WETH (396860302383575 wei)
Next Claim Reward: 25 Claim(s) (USD): $1.39 ($1.3890973754582812)

Net profit = (Gross Profit - Gas Cost [Avg])
$0.03 = ($1.39 - $1.36) $0.025066842343173912 = ($1.3890973754582812 - $1.3640305331151072)


5b. 26 Claim(s):

Total gas cost: 26 Claim(s) (USD): $1.42 ($1.4189830315354535)

Claim Reward: 25 Claim(s) (WEI): 0.000396860302383575 WETH (396860302383575 wei)
Claim Reward: 25 Claim(s) (USD): $1.39 ($1.3890973754582812)

Next Claim Reward: 26 Claim(s) (WEI): 0.000412734714478918 WETH (412734714478918 wei)
Next Claim Reward: 26 Claim(s) (USD): $1.44 ($1.4446612704766122)

Net profit = (Gross Profit - Gas Cost [Avg])
$0.03 = ($1.44 - $1.42) $0.025678238941158726 = ($1.4446612704766122 - $1.4189830315354535)


5b. 27 Claim(s):

Total gas cost: 27 Claim(s) (USD): $1.47 ($1.4739355299557997)

Claim Reward: 26 Claim(s) (WEI): 0.000412734714478918 WETH (412734714478918 wei)
Claim Reward: 26 Claim(s) (USD): $1.44 ($1.4446612704766122)

Next Claim Reward: 27 Claim(s) (WEI): 0.000428609126574261 WETH (428609126574261 wei)
Next Claim Reward: 27 Claim(s) (USD): $1.5 ($1.5002251654949434)

Net profit = (Gross Profit - Gas Cost [Avg])
$0.03 = ($1.5 - $1.47) $0.026289635539143763 = ($1.5002251654949434 - $1.4739355299557997)


5b. 28 Claim(s):

Total gas cost: 28 Claim(s) (USD): $1.53 ($1.5288880283761461)

Claim Reward: 27 Claim(s) (WEI): 0.000428609126574261 WETH (428609126574261 wei)
Claim Reward: 27 Claim(s) (USD): $1.5 ($1.5002251654949434)

Next Claim Reward: 28 Claim(s) (WEI): 0.000444483538669604 WETH (444483538669604 wei)
Next Claim Reward: 28 Claim(s) (USD): $1.56 ($1.5557890605132747)

Net profit = (Gross Profit - Gas Cost [Avg])
$0.03 = ($1.56 - $1.53) $0.026901032137128578 = ($1.5557890605132747 - $1.5288880283761461)


5b. 29 Claim(s):

Total gas cost: 29 Claim(s) (USD): $1.58 ($1.5838405267964923)

Claim Reward: 28 Claim(s) (WEI): 0.000444483538669604 WETH (444483538669604 wei)
Claim Reward: 28 Claim(s) (USD): $1.56 ($1.5557890605132747)

Next Claim Reward: 29 Claim(s) (WEI): 0.000460357950764947 WETH (460357950764947 wei)
Next Claim Reward: 29 Claim(s) (USD): $1.61 ($1.611352955531606)

Net profit = (Gross Profit - Gas Cost [Avg])
$0.03 = ($1.61 - $1.58) $0.027512428735113614 = ($1.611352955531606 - $1.5838405267964923)


5b. 30 Claim(s):

Total gas cost: 30 Claim(s) (USD): $1.64 ($1.6387930252168386)

Claim Reward: 29 Claim(s) (WEI): 0.000460357950764947 WETH (460357950764947 wei)
Claim Reward: 29 Claim(s) (USD): $1.61 ($1.611352955531606)

Next Claim Reward: 30 Claim(s) (WEI): 0.00047623236286029 WETH (476232362860290 wei)
Next Claim Reward: 30 Claim(s) (USD): $1.67 ($1.6669168505499372)

Net profit = (Gross Profit - Gas Cost [Avg])
$0.03 = ($1.67 - $1.64) $0.02812382533309865 = ($1.6669168505499372 - $1.6387930252168386)

******************
5c. Profit/Loss (USD):

Net profit = (Gross Profit - Gas Cost [Max])
$-0.03 = ($1.61 - $1.64) $-0.027440069685232604 = ($1.611352955531606 - $1.6387930252168386)

Submitting transaction to claim 29 prize(s):

0x75ca27bb45d689c18f350592e036ee4e10a68d06-0x6b4986D5d56a1Bb2fe448208F10D2Dab728fAF76-4-130
0x75ca27bb45d689c18f350592e036ee4e10a68d06-0xeEAb0Fe8f54ffeA4d1726B40aE3EBa7DB2b1Aad1-4-122
0x75ca27bb45d689c18f350592e036ee4e10a68d06-0x94E6123C5445363e92bB0603E5c2ef2Aa8de65b9-4-17
0x75ca27bb45d689c18f350592e036ee4e10a68d06-0x8B15717D48C8ce76944365DD0DcB4E93eA9a07D9-4-192
0x75ca27bb45d689c18f350592e036ee4e10a68d06-0x3d872779a4BE8B9aeBF60Af6F15C8FA864EC09F5-4-40
0x75ca27bb45d689c18f350592e036ee4e10a68d06-0xF483Ab5820934A3b7BE1b404C391beF0f12e25d6-4-53
0x75ca27bb45d689c18f350592e036ee4e10a68d06-0x3a2249602fcA00B093C05A585ad206142fC28ad3-4-83
0x75ca27bb45d689c18f350592e036ee4e10a68d06-0x25F93CbB9068A437a2af457Bd7180D42ed594b4E-4-71
0x75ca27bb45d689c18f350592e036ee4e10a68d06-0x2E835475F972238Ec6C53D5E885360AB61531338-4-77
0x75ca27bb45d689c18f350592e036ee4e10a68d06-0xd42E3DF747397D4eb10bfe1410b107F205416A32-4-97
0x75ca27bb45d689c18f350592e036ee4e10a68d06-0x7eB9eCE67167C3Cbb59468908C087840e1C70018-4-81
0x75ca27bb45d689c18f350592e036ee4e10a68d06-0xbdf12F24FAea5D212d479c4cEFa25889e4D74E62-4-9
0x75ca27bb45d689c18f350592e036ee4e10a68d06-0x656015d1f56F7cde98b770be77a74b0D51e1de0d-4-124
0x75ca27bb45d689c18f350592e036ee4e10a68d06-0x6bEe498794feAbcC6fdc87d10AAB1e359448aD97-4-239
0x75ca27bb45d689c18f350592e036ee4e10a68d06-0x1965Dd959E8E9f2B53deB784d23087380092250f-4-101
0x75ca27bb45d689c18f350592e036ee4e10a68d06-0xD8156105a28686E069F9DE06323f879AE429672d-4-214
0x75ca27bb45d689c18f350592e036ee4e10a68d06-0x046E919F46ce6097E4CF529fbfe9B38558B56AA7-4-44
0x75ca27bb45d689c18f350592e036ee4e10a68d06-0xF3d8a14aA342AbFbb701F5fbCD627e2696E4beBc-4-229
0x75ca27bb45d689c18f350592e036ee4e10a68d06-0x9876d982c30D1f05D6fD8abBffd8B8541775E73E-4-99
0x75ca27bb45d689c18f350592e036ee4e10a68d06-0x5ed5eb211950C7D4F8922FA17d6545Bf32B52aA2-4-163
0x75ca27bb45d689c18f350592e036ee4e10a68d06-0xF5b0655415f6d20b31eBA80eAF8b842Af9c45B66-4-93
0x75ca27bb45d689c18f350592e036ee4e10a68d06-0x6dad7B54C4e7F7dD1CEaDd7418fce955901E9AEd-4-129
0x75ca27bb45d689c18f350592e036ee4e10a68d06-0x37A442e4E8509ac8572aB786b2c173aB92b69aF9-4-74
0x75ca27bb45d689c18f350592e036ee4e10a68d06-0xD1d35D0EC18b68064e224240C69dE8E1E0C5a98C-4-43
0x75ca27bb45d689c18f350592e036ee4e10a68d06-0x4C450f126Ae34619DB20aAc68DdeA3FA685A180E-4-105
0x75ca27bb45d689c18f350592e036ee4e10a68d06-0x5f4b37cF6c26Ce32fe7a7494cb001D8CA6A2483e-4-236
0x75ca27bb45d689c18f350592e036ee4e10a68d06-0xE45FBc07B402AE4Fa7197B87b79336E82EF2a507-4-180
0x75ca27bb45d689c18f350592e036ee4e10a68d06-0x8F0C7aD5aA3D7458D16891768149d0Bb21452B78-4-218
0x75ca27bb45d689c18f350592e036ee4e10a68d06-0xd909f9bed4ad1a477811A6FF59ECD60209Df5207-4-97



Execute Claim Transaction for Tier #4 (Canary tier)



Transaction sent! ✔
Transaction hash: 0xfc36c5456d70683c7b18c784dc023ea42356999cb05994b7f958192e239597d9
Waiting on transaction to be confirmed ...
Tx confirmed !




******************
Processing:
Vault:     0xa18d434e584b24b364b506cf2b5cc0cef6be5d5c
Tier:      #4 (Canary tier)
# prizes:  83

5a. Calculating # of profitable claims ...

Native (Gas) Token ETH Market Rate (USD): $3499.72

Estimated gas limit (wei) (1 prize claim): 0.000000000000179989 ETH (179989 wei)
Estimated gas limit (wei) (2 prize claims): 0.000000000000259301 ETH (259301 wei)

Gas Cost: First Claim (wei): 0.000000000000179989 ETH (179989 wei)
Gas Cost: Each Following Claim (wei): 0.000000000000079312 ETH (79312 wei)

Gas Cost: First Claim (USD): $0.05 $0.050738127153684705
Gas Cost: Each Following Claim (USD): $0.06 $0.06178684775016452

5b. 1 Claim(s):

Total gas cost: 1 Claim(s) (USD): $0.05 ($0.050738127153684705)

Next Claim Reward: 1 Claim(s) (WEI): 0.000015874412095343 WETH (15874412095343 wei)
Next Claim Reward: 1 Claim(s) (USD): $0.06 ($0.055563895018331234)

Net profit = (Gross Profit - Gas Cost [Avg])
$0 = ($0.06 - $0.05) $0.00482576786464653 = ($0.055563895018331234 - $0.050738127153684705)


5b. 2 Claim(s):

Total gas cost: 2 Claim(s) (USD): $0.11 ($0.11252497490384922)

Claim Reward: 1 Claim(s) (WEI): 0.000015874412095343 WETH (15874412095343 wei)
Claim Reward: 1 Claim(s) (USD): $0.06 ($0.055563895018331234)

Next Claim Reward: 2 Claim(s) (WEI): 0.000031748824190686 WETH (31748824190686 wei)
Next Claim Reward: 2 Claim(s) (USD): $0.11 ($0.11112779003666247)

Net profit = (Gross Profit - Gas Cost [Avg])
$0 = ($0.11 - $0.11) $-0.0013971848671867487 = ($0.11112779003666247 - $0.11252497490384922)

******************
5c. Profit/Loss (USD):

Net profit = (Gross Profit - Gas Cost [Max])
$-0.06 = ($0.06 - $0.11) $-0.05696107988551798 = ($0.055563895018331234 - $0.11252497490384922)

Claiming tier #4 (Canary tier) currently not profitable.

Execute Claim Transaction for Tier #4 (Canary tier)



Transaction sent! ✔
Transaction hash: 0xc571d056c7bdac7f7c4295996344465d55d3dcb59ccecdbe7f15c5e49592d420
Waiting on transaction to be confirmed ...
Tx confirmed !




******************
Processing:
Vault:     0x75ca27bb45d689c18f350592e036ee4e10a68d06
Tier:      #5 (Canary tier)
# prizes:  400

5a. Calculating # of profitable claims ...

Native (Gas) Token ETH Market Rate (USD): $3499.72

Estimated gas limit (wei) (1 prize claim): 0.000000000000180001 ETH (180001 wei)
Estimated gas limit (wei) (2 prize claims): 0.000000000000253277 ETH (253277 wei)

Gas Cost: First Claim (wei): 0.000000000000180001 ETH (180001 wei)
Gas Cost: Each Following Claim (wei): 0.000000000000073276 ETH (73276 wei)

Gas Cost: First Claim (USD): $0.05 $0.05090918642136143
Gas Cost: Each Following Claim (USD): $0.06 $0.06210775263782555

5b. 1 Claim(s):

Total gas cost: 1 Claim(s) (USD): $0.05 ($0.05090918642136143)

Next Claim Reward: 1 Claim(s) (WEI): 0.000003968603023835 WETH (3968603023835 wei)
Next Claim Reward: 1 Claim(s) (USD): $0.01 ($0.013890973754580186)

Net profit = (Gross Profit - Gas Cost [Avg])
$-0.04 = ($0.01 - $0.05) $-0.03701821266678124 = ($0.013890973754580186 - $0.05090918642136143)

******************
5c. Profit/Loss (USD):

Net profit = (Gross Profit - Gas Cost [Max])
$-0.05 = ($0 - $0.05) $-0.05090918642136143 = ($0 - $0.05090918642136143)

Claiming tier #5 (Canary tier) currently not profitable.
Not profitable to claim for Draw #12, Tier: #5 (Canary tier)




******************
Processing:
Vault:     0x798a13b071a8aac2d55109a53a2ba4230444619d
Tier:      #5 (Canary tier)
# prizes:  38

Tier #5 (Canary tier) not profitable, skipping ...





******************
Processing:
Vault:     0xa18d434e584b24b364b506cf2b5cc0cef6be5d5c
Tier:      #5 (Canary tier)
# prizes:  542

Tier #5 (Canary tier) not profitable, skipping ...

