Operating on: 11155420 - Optimism Sepolia

Config - REWARD_RECIPIENT not provided, setting swap recipient to relayer address: 0x06003274c3a7926c04cA8d6903cc691fE8f3CEC2
Config - MIN_PROFIT_THRESHOLD_USD: 0.05

Starting ...
Getting prize pool info ...
Getting prize context ...

******************
1. Prize token: WETH

┌────────────┬──────────────────────────────────────────────┬──────────┬─────────────────┬────────┬──────────────┐
│ (index)    │ address                                      │ decimals │ name            │ symbol │ assetRateUsd │
├────────────┼──────────────────────────────────────────────┼──────────┼─────────────────┼────────┼──────────────┤
│ prizeToken │ '0xC355F97a3Aa2808Acb536E555764b8FB26fB4b37' │ 18       │ 'Wrapped Ether' │ 'WETH' │ 3084.0608    │
└────────────┴──────────────────────────────────────────────┴──────────┴─────────────────┴────────┴──────────────┘
┌─────────┬──────────┬───────────────────────────────┐
│ (index) │ numTiers │ tiersRangeArray               │
├─────────┼──────────┼───────────────────────────────┤
│ tiers   │ 7        │ [ 0, 1, 2, ... 4 more items ] │
└─────────┴──────────┴───────────────────────────────┘
Draw ID: 24
Prize Token WETH MarketRate USD:  $3084.0608

******************
Getting prize vaults ...
Found 6 prize vaults.

631 prizes already claimed for draw #24.
4713 prizes remaining to be claimed...




******************
Processing:
Vault:     0x33335296c9b020ca3252e4953c11decfdce816b8
Tier:      #5 (Canary tier)
# prizes:  317

5a. Calculating # of profitable claims ...

Native (Gas) Token ETH Market Rate (USD): $3083.61

Estimated gas limit (wei) (1 prize claim): 0.000000000000189823 ETH (189823 wei)
Estimated gas limit (wei) (2 prize claims): 0.000000000000274948 ETH (274948 wei)

Gas Cost: First Claim (wei): 0.000000000000189823 ETH (189823 wei)
Gas Cost: Each Following Claim (wei): 0.000000000000085125 ETH (85125 wei)

Gas Cost: First Claim (USD): $0.02 $0.015241847797947001
Gas Cost: Each Following Claim (USD): $0.02 $0.018265119597420675

5b. 1 Claim(s):

Total gas cost: 1 Claim(s) (USD): $0.02 ($0.015241847797947001)

Next Claim Reward: 1 Claim(s) (WEI): 0.000012965284525625 WETH (12965284525625 wei)
Next Claim Reward: 1 Claim(s) (USD): $0.04 ($0.03998572576632666)

Net profit = (Gross Profit - Gas Cost [Avg])
$0.02 = ($0.04 - $0.02) $0.02474387796837966 = ($0.03998572576632666 - $0.015241847797947001)

******************
5c. Profit/Loss (USD):

Net profit = (Gross Profit - Gas Cost [Max])
$-0.02 = ($0 - $0.02) $-0.015241847797947001 = ($0 - $0.015241847797947001)

Claiming tier #5 (Canary tier) currently not profitable.
Not profitable to claim for Draw #24, Tier: #5 (Canary tier)




******************
Processing:
Vault:     0x7fad91a4a29109303188d8758f1a9d60ce988349
Tier:      #5 (Canary tier)
# prizes:  464

Tier #5 (Canary tier) not profitable, skipping ...





******************
Processing:
Vault:     0x33335296c9b020ca3252e4953c11decfdce816b8
Tier:      #6 (Canary tier)
# prizes:  1428

Tier #6 (Canary tier) not profitable, skipping ...





******************
Processing:
Vault:     0x75b2f4b3ec5adf7077f928992524cc547e74f768
Tier:      #6 (Canary tier)
# prizes:  154

Tier #6 (Canary tier) not profitable, skipping ...





******************
Processing:
Vault:     0x7fad91a4a29109303188d8758f1a9d60ce988349
Tier:      #6 (Canary tier)
# prizes:  2350

Tier #6 (Canary tier) not profitable, skipping ...

