Operating on: 11155420 - Optimism Sepolia
Config - MIN_PROFIT_THRESHOLD_USD: -0.1

Starting ...
Getting prize pool info ...
Getting prize context ...

******************
1. Prize token: WETH

┌────────────┬──────────────────────────────────────────────┬──────────┬─────────────────┬────────┬──────────────┐
│ (index)    │ address                                      │ decimals │ name            │ symbol │ assetRateUsd │
├────────────┼──────────────────────────────────────────────┼──────────┼─────────────────┼────────┼──────────────┤
│ prizeToken │ '0x3749e4DA7558BeD9b0819dE7f8C7eFc271Db004e' │ 18       │ 'Wrapped Ether' │ 'WETH' │ 3510.6667    │
└────────────┴──────────────────────────────────────────────┴──────────┴─────────────────┴────────┴──────────────┘
┌─────────┬──────────┬───────────────────────────────┐
│ (index) │ numTiers │ tiersRangeArray               │
├─────────┼──────────┼───────────────────────────────┤
│ tiers   │ 6        │ [ 0, 1, 2, ... 3 more items ] │
└─────────┴──────────┴───────────────────────────────┘
Draw ID: 14
Prize Token WETH MarketRate USD:  $3510.6667

******************
Getting prize vaults ...
Found 6 prize vaults.

61 prizes already claimed for draw #14.
1343 prizes remaining to be claimed...




******************
Processing:
Vault:     0x75ca27bb45d689c18f350592e036ee4e10a68d06
Tier:      #4 (Canary tier)
# prizes:  102

5a. Calculating # of profitable claims ...

Native (Gas) Token ETH Market Rate (USD): $3508.94

Estimated gas limit (wei) (1 prize claim): 0.000000000000183085 ETH (183085 wei)
Estimated gas limit (wei) (2 prize claims): 0.000000000000265492 ETH (265492 wei)

Gas Cost: First Claim (wei): 0.000000000000183085 ETH (183085 wei)
Gas Cost: Each Following Claim (wei): 0.000000000000082407 ETH (82407 wei)

Gas Cost: First Claim (USD): $1.16 $1.162404661313421
Gas Cost: Each Following Claim (USD): $1.43 $1.426388515413883

5b. 1 Claim(s):

Total gas cost: 1 Claim(s) (USD): $1.16 ($1.162404661313421)

Next Claim Reward: 1 Claim(s) (WEI): 0.000014144889837474 WETH (14144889837474 wei)
Next Claim Reward: 1 Claim(s) (USD): $0.05 ($0.04965799372758839)

Net profit = (Gross Profit - Gas Cost [Avg])
$-1.11 = ($0.05 - $1.16) $-1.1127466675858324 = ($0.04965799372758839 - $1.162404661313421)

******************
5c. Profit/Loss (USD):

Net profit = (Gross Profit - Gas Cost [Max])
$-1.16 = ($0 - $1.16) $-1.162404661313421 = ($0 - $1.162404661313421)

Claiming tier #4 (Canary tier) currently not profitable.
Not profitable to claim for Draw #14, Tier: #4 (Canary tier)




******************
Processing:
Vault:     0x798a13b071a8aac2d55109a53a2ba4230444619d
Tier:      #4 (Canary tier)
# prizes:  19

Tier #4 (Canary tier) not profitable, skipping ...





******************
Processing:
Vault:     0xa18d434e584b24b364b506cf2b5cc0cef6be5d5c
Tier:      #4 (Canary tier)
# prizes:  141

Tier #4 (Canary tier) not profitable, skipping ...





******************
Processing:
Vault:     0x75ca27bb45d689c18f350592e036ee4e10a68d06
Tier:      #5 (Canary tier)
# prizes:  428

Tier #5 (Canary tier) not profitable, skipping ...





******************
Processing:
Vault:     0x798a13b071a8aac2d55109a53a2ba4230444619d
Tier:      #5 (Canary tier)
# prizes:  66

Tier #5 (Canary tier) not profitable, skipping ...





******************
Processing:
Vault:     0xa18d434e584b24b364b506cf2b5cc0cef6be5d5c
Tier:      #5 (Canary tier)
# prizes:  587

Tier #5 (Canary tier) not profitable, skipping ...

