Operating on: 11155420 - Optimism Sepolia
Config - MIN_PROFIT_THRESHOLD_USD: -0.1

Starting ...
Getting prize pool info ...
Getting prize context ...

******************
1. Prize token: WETH

┌────────────┬──────────────────────────────────────────────┬──────────┬─────────────────┬────────┬──────────────┐
│ (index)    │ address                                      │ decimals │ name            │ symbol │ assetRateUsd │
├────────────┼──────────────────────────────────────────────┼──────────┼─────────────────┼────────┼──────────────┤
│ prizeToken │ '0x28Dae98474c0EeDF4Ee74Da5300Dd89dE5466E62' │ 18       │ 'Wrapped Ether' │ 'WETH' │ 3556.8804    │
└────────────┴──────────────────────────────────────────────┴──────────┴─────────────────┴────────┴──────────────┘
┌─────────┬──────────┬──────────────────────────────┐
│ (index) │ numTiers │ tiersRangeArray              │
├─────────┼──────────┼──────────────────────────────┤
│ tiers   │ 4        │ [ 0, 1, 2, ... 1 more item ] │
└─────────┴──────────┴──────────────────────────────┘
Draw ID: 14
Prize Token WETH MarketRate USD:  $3556.8804

******************
Getting prize vaults ...
Found 6 prize vaults.

No claimed prizes for draw #14.
77 prizes remaining to be claimed...




******************
Processing:
Vault:     0x887db83c6b90b8c6d3a0729e1299c6153220649e
Tier:      #1
# prizes:  1

5a. Calculating # of profitable claims ...

Native (Gas) Token ETH Market Rate (USD): $3562.19

Estimated gas limit (wei) (1 prize claim): 0.000000000000245767 ETH (245767 wei)

Gas Cost: First Claim (wei): 0.000000000000245767 ETH (245767 wei)

Gas Cost: First Claim (USD): $1.01 $1.0054225556988798

5b. 1 Claim(s):

Total gas cost: 1 Claim(s) (USD): $1.01 ($1.0054225556988798)

Next Claim Reward: 1 Claim(s) (WEI): 0.000078885261003254 WETH (78885261003254 wei)
Next Claim Reward: 1 Claim(s) (USD): $0.28 ($0.2805854387113585)

Net profit = (Gross Profit - Gas Cost [Avg])
$-0.72 = ($0.28 - $1.01) $-0.7248371169875214 = ($0.2805854387113585 - $1.0054225556988798)

******************
5c. Profit/Loss (USD):

Net profit = (Gross Profit - Gas Cost [Max])
$-1.01 = ($0 - $1.01) $-1.0054225556988798 = ($0 - $1.0054225556988798)

Claiming tier #1 currently not profitable.
Not profitable to claim for Draw #14, Tier: #1
Not profitable to claim any more tiers yet for Draw #14
