Operating on: 11155420 - Optimism Sepolia

Config - REWARD_RECIPIENT not provided, setting swap recipient to relayer address: 0x06003274c3a7926c04cA8d6903cc691fE8f3CEC2
Config - MIN_PROFIT_THRESHOLD_USD: -0.3

Starting ...
Getting prize pool info ...
Getting prize context ...

******************
1. Prize token: WETH

┌────────────┬──────────────────────────────────────────────┬──────────┬─────────────────┬────────┬──────────────┐
│ (index)    │ address                                      │ decimals │ name            │ symbol │ assetRateUsd │
├────────────┼──────────────────────────────────────────────┼──────────┼─────────────────┼────────┼──────────────┤
│ prizeToken │ '0xC355F97a3Aa2808Acb536E555764b8FB26fB4b37' │ 18       │ 'Wrapped Ether' │ 'WETH' │ 3239.7007    │
└────────────┴──────────────────────────────────────────────┴──────────┴─────────────────┴────────┴──────────────┘
┌─────────┬──────────┬───────────────────────────────┐
│ (index) │ numTiers │ tiersRangeArray               │
├─────────┼──────────┼───────────────────────────────┤
│ tiers   │ 7        │ [ 0, 1, 2, ... 4 more items ] │
└─────────┴──────────┴───────────────────────────────┘
Draw ID: 14
Prize Token WETH MarketRate USD:  $3239.7007

******************
Getting prize vaults ...
Found 6 prize vaults.

986 prizes already claimed for draw #14.
4485 prizes remaining to be claimed...




******************
Processing:
Vault:     0x33335296c9b020ca3252e4953c11decfdce816b8
Tier:      #5 (Canary tier)
# prizes:  114

5a. Calculating # of profitable claims ...

Native (Gas) Token ETH Market Rate (USD): $3248.53

Estimated gas limit (wei) (1 prize claim): 0.000000000000183618 ETH (183618 wei)
Estimated gas limit (wei) (2 prize claims): 0.000000000000269404 ETH (269404 wei)

Gas Cost: First Claim (wei): 0.000000000000183618 ETH (183618 wei)
Gas Cost: Each Following Claim (wei): 0.000000000000085786 ETH (85786 wei)

Gas Cost: First Claim (USD): $0.02 $0.015391666425224063
Gas Cost: Each Following Claim (USD): $0.02 $0.01846324408333316

5b. 1 Claim(s):

Total gas cost: 1 Claim(s) (USD): $0.02 ($0.015391666425224063)

Next Claim Reward: 1 Claim(s) (WEI): 0.000009274544355652 WETH (9274544355652 wei)
Next Claim Reward: 1 Claim(s) (USD): $0.03 ($0.030046747841186834)

Net profit = (Gross Profit - Gas Cost [Avg])
$0.01 = ($0.03 - $0.02) $0.014655081415962772 = ($0.030046747841186834 - $0.015391666425224063)


5b. 2 Claim(s):

Total gas cost: 2 Claim(s) (USD): $0.03 ($0.033854910508557226)

Claim Reward: 1 Claim(s) (WEI): 0.000009274544355652 WETH (9274544355652 wei)
Claim Reward: 1 Claim(s) (USD): $0.03 ($0.030046747841186834)

Next Claim Reward: 2 Claim(s) (WEI): 0.000018549088711304 WETH (18549088711304 wei)
Next Claim Reward: 2 Claim(s) (USD): $0.06 ($0.06009349568237367)

Net profit = (Gross Profit - Gas Cost [Avg])
$0.03 = ($0.06 - $0.03) $0.026238585173816442 = ($0.06009349568237367 - $0.033854910508557226)


5b. 3 Claim(s):

Total gas cost: 3 Claim(s) (USD): $0.05 ($0.05231815459189038)

Claim Reward: 2 Claim(s) (WEI): 0.000018549088711304 WETH (18549088711304 wei)
Claim Reward: 2 Claim(s) (USD): $0.06 ($0.06009349568237367)

Next Claim Reward: 3 Claim(s) (WEI): 0.000027823633066956 WETH (27823633066956 wei)
Next Claim Reward: 3 Claim(s) (USD): $0.09 ($0.0901402435235605)

Net profit = (Gross Profit - Gas Cost [Avg])
$0.04 = ($0.09 - $0.05) $0.03782208893167011 = ($0.0901402435235605 - $0.05231815459189038)


5b. 4 Claim(s):

Total gas cost: 4 Claim(s) (USD): $0.07 ($0.07078139867522354)

Claim Reward: 3 Claim(s) (WEI): 0.000027823633066956 WETH (27823633066956 wei)
Claim Reward: 3 Claim(s) (USD): $0.09 ($0.0901402435235605)

Next Claim Reward: 4 Claim(s) (WEI): 0.000037098177422608 WETH (37098177422608 wei)
Next Claim Reward: 4 Claim(s) (USD): $0.12 ($0.12018699136474734)

Net profit = (Gross Profit - Gas Cost [Avg])
$0.05 = ($0.12 - $0.07) $0.0494055926895238 = ($0.12018699136474734 - $0.07078139867522354)


5b. 5 Claim(s):

Total gas cost: 5 Claim(s) (USD): $0.09 ($0.0892446427585567)

Claim Reward: 4 Claim(s) (WEI): 0.000037098177422608 WETH (37098177422608 wei)
Claim Reward: 4 Claim(s) (USD): $0.12 ($0.12018699136474734)

Next Claim Reward: 5 Claim(s) (WEI): 0.00004637272177826 WETH (46372721778260 wei)
Next Claim Reward: 5 Claim(s) (USD): $0.15 ($0.15023373920593416)

Net profit = (Gross Profit - Gas Cost [Avg])
$0.06 = ($0.15 - $0.09) $0.06098909644737746 = ($0.15023373920593416 - $0.0892446427585567)


5b. 6 Claim(s):

Total gas cost: 6 Claim(s) (USD): $0.11 ($0.10770788684188987)

Claim Reward: 5 Claim(s) (WEI): 0.00004637272177826 WETH (46372721778260 wei)
Claim Reward: 5 Claim(s) (USD): $0.15 ($0.15023373920593416)

Next Claim Reward: 6 Claim(s) (WEI): 0.000055647266133912 WETH (55647266133912 wei)
Next Claim Reward: 6 Claim(s) (USD): $0.18 ($0.180280487047121)

Net profit = (Gross Profit - Gas Cost [Avg])
$0.07 = ($0.18 - $0.11) $0.07257260020523112 = ($0.180280487047121 - $0.10770788684188987)


5b. 7 Claim(s):

Total gas cost: 7 Claim(s) (USD): $0.13 ($0.12617113092522303)

Claim Reward: 6 Claim(s) (WEI): 0.000055647266133912 WETH (55647266133912 wei)
Claim Reward: 6 Claim(s) (USD): $0.18 ($0.180280487047121)

Next Claim Reward: 7 Claim(s) (WEI): 0.000064921810489564 WETH (64921810489564 wei)
Next Claim Reward: 7 Claim(s) (USD): $0.21 ($0.21032723488830782)

Net profit = (Gross Profit - Gas Cost [Avg])
$0.08 = ($0.21 - $0.13) $0.08415610396308479 = ($0.21032723488830782 - $0.12617113092522303)


5b. 8 Claim(s):

Total gas cost: 8 Claim(s) (USD): $0.14 ($0.1446343750085562)

Claim Reward: 7 Claim(s) (WEI): 0.000064921810489564 WETH (64921810489564 wei)
Claim Reward: 7 Claim(s) (USD): $0.21 ($0.21032723488830782)

Next Claim Reward: 8 Claim(s) (WEI): 0.000074196354845216 WETH (74196354845216 wei)
Next Claim Reward: 8 Claim(s) (USD): $0.24 ($0.24037398272949467)

Net profit = (Gross Profit - Gas Cost [Avg])
$0.1 = ($0.24 - $0.14) $0.09573960772093848 = ($0.24037398272949467 - $0.1446343750085562)


5b. 9 Claim(s):

Total gas cost: 9 Claim(s) (USD): $0.16 ($0.16309761909188936)

Claim Reward: 8 Claim(s) (WEI): 0.000074196354845216 WETH (74196354845216 wei)
Claim Reward: 8 Claim(s) (USD): $0.24 ($0.24037398272949467)

Next Claim Reward: 9 Claim(s) (WEI): 0.000083470899200868 WETH (83470899200868 wei)
Next Claim Reward: 9 Claim(s) (USD): $0.27 ($0.2704207305706815)

Net profit = (Gross Profit - Gas Cost [Avg])
$0.11 = ($0.27 - $0.16) $0.10732311147879214 = ($0.2704207305706815 - $0.16309761909188936)


5b. 10 Claim(s):

Total gas cost: 10 Claim(s) (USD): $0.18 ($0.18156086317522252)

Claim Reward: 9 Claim(s) (WEI): 0.000083470899200868 WETH (83470899200868 wei)
Claim Reward: 9 Claim(s) (USD): $0.27 ($0.2704207305706815)

Next Claim Reward: 10 Claim(s) (WEI): 0.00009274544355652 WETH (92745443556520 wei)
Next Claim Reward: 10 Claim(s) (USD): $0.3 ($0.3004674784118683)

Net profit = (Gross Profit - Gas Cost [Avg])
$0.12 = ($0.3 - $0.18) $0.11890661523664581 = ($0.3004674784118683 - $0.18156086317522252)


5b. 11 Claim(s):

Total gas cost: 11 Claim(s) (USD): $0.2 ($0.20002410725855568)

Claim Reward: 10 Claim(s) (WEI): 0.00009274544355652 WETH (92745443556520 wei)
Claim Reward: 10 Claim(s) (USD): $0.3 ($0.3004674784118683)

Next Claim Reward: 11 Claim(s) (WEI): 0.000102019987912172 WETH (102019987912172 wei)
Next Claim Reward: 11 Claim(s) (USD): $0.33 ($0.33051422625305515)

Net profit = (Gross Profit - Gas Cost [Avg])
$0.13 = ($0.33 - $0.2) $0.13049011899449947 = ($0.33051422625305515 - $0.20002410725855568)


5b. 12 Claim(s):

Total gas cost: 12 Claim(s) (USD): $0.22 ($0.21848735134188885)

Claim Reward: 11 Claim(s) (WEI): 0.000102019987912172 WETH (102019987912172 wei)
Claim Reward: 11 Claim(s) (USD): $0.33 ($0.33051422625305515)

Next Claim Reward: 12 Claim(s) (WEI): 0.000111294532267824 WETH (111294532267824 wei)
Next Claim Reward: 12 Claim(s) (USD): $0.36 ($0.360560974094242)

Net profit = (Gross Profit - Gas Cost [Avg])
$0.14 = ($0.36 - $0.22) $0.14207362275235313 = ($0.360560974094242 - $0.21848735134188885)


5b. 13 Claim(s):

Total gas cost: 13 Claim(s) (USD): $0.24 ($0.23695059542522195)

Claim Reward: 12 Claim(s) (WEI): 0.000111294532267824 WETH (111294532267824 wei)
Claim Reward: 12 Claim(s) (USD): $0.36 ($0.360560974094242)

Next Claim Reward: 13 Claim(s) (WEI): 0.000120569076623476 WETH (120569076623476 wei)
Next Claim Reward: 13 Claim(s) (USD): $0.39 ($0.3906077219354288)

Net profit = (Gross Profit - Gas Cost [Avg])
$0.15 = ($0.39 - $0.24) $0.15365712651020685 = ($0.3906077219354288 - $0.23695059542522195)


5b. 14 Claim(s):

Total gas cost: 14 Claim(s) (USD): $0.26 ($0.2554138395085551)

Claim Reward: 13 Claim(s) (WEI): 0.000120569076623476 WETH (120569076623476 wei)
Claim Reward: 13 Claim(s) (USD): $0.39 ($0.3906077219354288)

Next Claim Reward: 14 Claim(s) (WEI): 0.000129843620979128 WETH (129843620979128 wei)
Next Claim Reward: 14 Claim(s) (USD): $0.42 ($0.42065446977661564)

Net profit = (Gross Profit - Gas Cost [Avg])
$0.17 = ($0.42 - $0.26) $0.16524063026806052 = ($0.42065446977661564 - $0.2554138395085551)


5b. 15 Claim(s):

Total gas cost: 15 Claim(s) (USD): $0.27 ($0.2738770835918883)

Claim Reward: 14 Claim(s) (WEI): 0.000129843620979128 WETH (129843620979128 wei)
Claim Reward: 14 Claim(s) (USD): $0.42 ($0.42065446977661564)

Next Claim Reward: 15 Claim(s) (WEI): 0.00013911816533478 WETH (139118165334780 wei)
Next Claim Reward: 15 Claim(s) (USD): $0.45 ($0.45070121761780246)

Net profit = (Gross Profit - Gas Cost [Avg])
$0.18 = ($0.45 - $0.27) $0.17682413402591418 = ($0.45070121761780246 - $0.2738770835918883)


5b. 16 Claim(s):

Total gas cost: 16 Claim(s) (USD): $0.29 ($0.29234032767522145)

Claim Reward: 15 Claim(s) (WEI): 0.00013911816533478 WETH (139118165334780 wei)
Claim Reward: 15 Claim(s) (USD): $0.45 ($0.45070121761780246)

Next Claim Reward: 16 Claim(s) (WEI): 0.000148392709690432 WETH (148392709690432 wei)
Next Claim Reward: 16 Claim(s) (USD): $0.48 ($0.48074796545898935)

Net profit = (Gross Profit - Gas Cost [Avg])
$0.19 = ($0.48 - $0.29) $0.1884076377837679 = ($0.48074796545898935 - $0.29234032767522145)


5b. 17 Claim(s):

Total gas cost: 17 Claim(s) (USD): $0.31 ($0.3108035717585546)

Claim Reward: 16 Claim(s) (WEI): 0.000148392709690432 WETH (148392709690432 wei)
Claim Reward: 16 Claim(s) (USD): $0.48 ($0.48074796545898935)

Next Claim Reward: 17 Claim(s) (WEI): 0.000157667254046084 WETH (157667254046084 wei)
Next Claim Reward: 17 Claim(s) (USD): $0.51 ($0.5107947133001761)

Net profit = (Gross Profit - Gas Cost [Avg])
$0.2 = ($0.51 - $0.31) $0.1999911415416215 = ($0.5107947133001761 - $0.3108035717585546)


5b. 18 Claim(s):

Total gas cost: 18 Claim(s) (USD): $0.33 ($0.32926681584188777)

Claim Reward: 17 Claim(s) (WEI): 0.000157667254046084 WETH (157667254046084 wei)
Claim Reward: 17 Claim(s) (USD): $0.51 ($0.5107947133001761)

Next Claim Reward: 18 Claim(s) (WEI): 0.000166941798401736 WETH (166941798401736 wei)
Next Claim Reward: 18 Claim(s) (USD): $0.54 ($0.540841461141363)

Net profit = (Gross Profit - Gas Cost [Avg])
$0.21 = ($0.54 - $0.33) $0.21157464529947523 = ($0.540841461141363 - $0.32926681584188777)


5b. 19 Claim(s):

Total gas cost: 19 Claim(s) (USD): $0.35 ($0.34773005992522094)

Claim Reward: 18 Claim(s) (WEI): 0.000166941798401736 WETH (166941798401736 wei)
Claim Reward: 18 Claim(s) (USD): $0.54 ($0.540841461141363)

Next Claim Reward: 19 Claim(s) (WEI): 0.000176216342757388 WETH (176216342757388 wei)
Next Claim Reward: 19 Claim(s) (USD): $0.57 ($0.5708882089825498)

Net profit = (Gross Profit - Gas Cost [Avg])
$0.22 = ($0.57 - $0.35) $0.22315814905732884 = ($0.5708882089825498 - $0.34773005992522094)


5b. 20 Claim(s):

Total gas cost: 20 Claim(s) (USD): $0.37 ($0.3661933040085541)

Claim Reward: 19 Claim(s) (WEI): 0.000176216342757388 WETH (176216342757388 wei)
Claim Reward: 19 Claim(s) (USD): $0.57 ($0.5708882089825498)

Next Claim Reward: 20 Claim(s) (WEI): 0.00018549088711304 WETH (185490887113040 wei)
Next Claim Reward: 20 Claim(s) (USD): $0.6 ($0.6009349568237367)

Net profit = (Gross Profit - Gas Cost [Avg])
$0.23 = ($0.6 - $0.37) $0.23474165281518256 = ($0.6009349568237367 - $0.3661933040085541)


5b. 21 Claim(s):

Total gas cost: 21 Claim(s) (USD): $0.38 ($0.38465654809188726)

Claim Reward: 20 Claim(s) (WEI): 0.00018549088711304 WETH (185490887113040 wei)
Claim Reward: 20 Claim(s) (USD): $0.6 ($0.6009349568237367)

Next Claim Reward: 21 Claim(s) (WEI): 0.000194765431468692 WETH (194765431468692 wei)
Next Claim Reward: 21 Claim(s) (USD): $0.63 ($0.6309817046649234)

Net profit = (Gross Profit - Gas Cost [Avg])
$0.25 = ($0.63 - $0.38) $0.24632515657303616 = ($0.6309817046649234 - $0.38465654809188726)


5b. 22 Claim(s):

Total gas cost: 22 Claim(s) (USD): $0.4 ($0.4031197921752204)

Claim Reward: 21 Claim(s) (WEI): 0.000194765431468692 WETH (194765431468692 wei)
Claim Reward: 21 Claim(s) (USD): $0.63 ($0.6309817046649234)

Next Claim Reward: 22 Claim(s) (WEI): 0.000204039975824344 WETH (204039975824344 wei)
Next Claim Reward: 22 Claim(s) (USD): $0.66 ($0.6610284525061103)

Net profit = (Gross Profit - Gas Cost [Avg])
$0.26 = ($0.66 - $0.4) $0.2579086603308899 = ($0.6610284525061103 - $0.4031197921752204)


5b. 23 Claim(s):

Total gas cost: 23 Claim(s) (USD): $0.42 ($0.4215830362585536)

Claim Reward: 22 Claim(s) (WEI): 0.000204039975824344 WETH (204039975824344 wei)
Claim Reward: 22 Claim(s) (USD): $0.66 ($0.6610284525061103)

Next Claim Reward: 23 Claim(s) (WEI): 0.000213314520179996 WETH (213314520179996 wei)
Next Claim Reward: 23 Claim(s) (USD): $0.69 ($0.6910752003472972)

Net profit = (Gross Profit - Gas Cost [Avg])
$0.27 = ($0.69 - $0.42) $0.2694921640887436 = ($0.6910752003472972 - $0.4215830362585536)


5b. 24 Claim(s):

Total gas cost: 24 Claim(s) (USD): $0.44 ($0.44004628034188675)

Claim Reward: 23 Claim(s) (WEI): 0.000213314520179996 WETH (213314520179996 wei)
Claim Reward: 23 Claim(s) (USD): $0.69 ($0.6910752003472972)

Next Claim Reward: 24 Claim(s) (WEI): 0.000222589064535648 WETH (222589064535648 wei)
Next Claim Reward: 24 Claim(s) (USD): $0.72 ($0.721121948188484)

Net profit = (Gross Profit - Gas Cost [Avg])
$0.28 = ($0.72 - $0.44) $0.2810756678465972 = ($0.721121948188484 - $0.44004628034188675)


5b. 25 Claim(s):

Total gas cost: 25 Claim(s) (USD): $0.46 ($0.45850952442521986)

Claim Reward: 24 Claim(s) (WEI): 0.000222589064535648 WETH (222589064535648 wei)
Claim Reward: 24 Claim(s) (USD): $0.72 ($0.721121948188484)

Next Claim Reward: 25 Claim(s) (WEI): 0.0002318636088913 WETH (231863608891300 wei)
Next Claim Reward: 25 Claim(s) (USD): $0.75 ($0.7511686960296708)

Net profit = (Gross Profit - Gas Cost [Avg])
$0.29 = ($0.75 - $0.46) $0.292659171604451 = ($0.7511686960296708 - $0.45850952442521986)


5b. 26 Claim(s):

Total gas cost: 26 Claim(s) (USD): $0.48 ($0.476972768508553)

Claim Reward: 25 Claim(s) (WEI): 0.0002318636088913 WETH (231863608891300 wei)
Claim Reward: 25 Claim(s) (USD): $0.75 ($0.7511686960296708)

Next Claim Reward: 26 Claim(s) (WEI): 0.000241138153246952 WETH (241138153246952 wei)
Next Claim Reward: 26 Claim(s) (USD): $0.78 ($0.7812154438708576)

Net profit = (Gross Profit - Gas Cost [Avg])
$0.3 = ($0.78 - $0.48) $0.3042426753623046 = ($0.7812154438708576 - $0.476972768508553)


5b. 27 Claim(s):

Total gas cost: 27 Claim(s) (USD): $0.5 ($0.4954360125918862)

Claim Reward: 26 Claim(s) (WEI): 0.000241138153246952 WETH (241138153246952 wei)
Claim Reward: 26 Claim(s) (USD): $0.78 ($0.7812154438708576)

Next Claim Reward: 27 Claim(s) (WEI): 0.000250412697602604 WETH (250412697602604 wei)
Next Claim Reward: 27 Claim(s) (USD): $0.81 ($0.8112621917120444)

Net profit = (Gross Profit - Gas Cost [Avg])
$0.32 = ($0.81 - $0.5) $0.3158261791201582 = ($0.8112621917120444 - $0.4954360125918862)


5b. 28 Claim(s):

Total gas cost: 28 Claim(s) (USD): $0.51 ($0.5138992566752194)

Claim Reward: 27 Claim(s) (WEI): 0.000250412697602604 WETH (250412697602604 wei)
Claim Reward: 27 Claim(s) (USD): $0.81 ($0.8112621917120444)

Next Claim Reward: 28 Claim(s) (WEI): 0.000259687241958256 WETH (259687241958256 wei)
Next Claim Reward: 28 Claim(s) (USD): $0.84 ($0.8413089395532313)

Net profit = (Gross Profit - Gas Cost [Avg])
$0.33 = ($0.84 - $0.51) $0.32740968287801187 = ($0.8413089395532313 - $0.5138992566752194)


5b. 29 Claim(s):

Total gas cost: 29 Claim(s) (USD): $0.53 ($0.5323625007585525)

Claim Reward: 28 Claim(s) (WEI): 0.000259687241958256 WETH (259687241958256 wei)
Claim Reward: 28 Claim(s) (USD): $0.84 ($0.8413089395532313)

Next Claim Reward: 29 Claim(s) (WEI): 0.000268961786313908 WETH (268961786313908 wei)
Next Claim Reward: 29 Claim(s) (USD): $0.87 ($0.8713556873944182)

Net profit = (Gross Profit - Gas Cost [Avg])
$0.34 = ($0.87 - $0.53) $0.33899318663586564 = ($0.8713556873944182 - $0.5323625007585525)


5b. 30 Claim(s):

Total gas cost: 30 Claim(s) (USD): $0.55 ($0.5508257448418857)

Claim Reward: 29 Claim(s) (WEI): 0.000268961786313908 WETH (268961786313908 wei)
Claim Reward: 29 Claim(s) (USD): $0.87 ($0.8713556873944182)

Next Claim Reward: 30 Claim(s) (WEI): 0.00027823633066956 WETH (278236330669560 wei)
Next Claim Reward: 30 Claim(s) (USD): $0.9 ($0.9014024352356049)

Net profit = (Gross Profit - Gas Cost [Avg])
$0.35 = ($0.9 - $0.55) $0.3505766903937192 = ($0.9014024352356049 - $0.5508257448418857)

******************
5c. Profit/Loss (USD):

Net profit = (Gross Profit - Gas Cost [Max])
$0.32 = ($0.87 - $0.55) $0.3205299425525324 = ($0.8713556873944182 - $0.5508257448418857)

Submitting transaction to claim 29 prize(s):

0x33335296c9b020ca3252e4953c11decfdce816b8-0xE77Cba0a4f8629E67cBb0B83008A894830e943bf-5-31
0x33335296c9b020ca3252e4953c11decfdce816b8-0x0040b5bD64ba2A5390A9f3d050Fc705784C117b8-5-359
0x33335296c9b020ca3252e4953c11decfdce816b8-0x878488edAf09806506242713842e1Deec9797EB4-5-989
0x33335296c9b020ca3252e4953c11decfdce816b8-0x222D774718c18Eeace331CcEae4524FC16634f32-5-973
0x33335296c9b020ca3252e4953c11decfdce816b8-0xB2E4F457e56f3f9eceb1d28016eE3E3e02bAa03D-5-444
0x33335296c9b020ca3252e4953c11decfdce816b8-0xbC3def2Ca184628a97Ddd4b9d04895124aAf1482-5-513
0x33335296c9b020ca3252e4953c11decfdce816b8-0xE7f4e11A8CE4cdDbE73e8497e7ea0Fa7Deff6a1f-5-30
0x33335296c9b020ca3252e4953c11decfdce816b8-0x082B64227e290462718e948d0F26c55f3e65B9eE-5-1
0x33335296c9b020ca3252e4953c11decfdce816b8-0x32044179864E9ebd5286b44d5Bc0A2bFf191B337-5-60
0x33335296c9b020ca3252e4953c11decfdce816b8-0xbf925C7E331d042a725E9c2AE8dF071c60D34851-5-689
0x33335296c9b020ca3252e4953c11decfdce816b8-0x26b5F0ac993E685a6e73683f71167d2Dba27579E-5-787
0x33335296c9b020ca3252e4953c11decfdce816b8-0x734262a33a2555d48A186D5cb5cc5d9f40196fD9-5-322
0x33335296c9b020ca3252e4953c11decfdce816b8-0x856fa0e497cb1Ba57B4a72FE069122001915d1e5-5-642
0x33335296c9b020ca3252e4953c11decfdce816b8-0xB14fa1E79Ca583A4e0322b18609AD5E10472eEc1-5-144
0x33335296c9b020ca3252e4953c11decfdce816b8-0xFb1a4cdE04f837B7f621b85d72175EFA4AdbA27b-5-412
0x33335296c9b020ca3252e4953c11decfdce816b8-0xF41788c104812c55dE0F581A5C01256FAD2221B5-5-365
0x33335296c9b020ca3252e4953c11decfdce816b8-0x57d5c990C3335DD197733c026E5C1E21f81626bb-5-76
0x33335296c9b020ca3252e4953c11decfdce816b8-0x8CD9569c559Cc2747b1B5d13D8BcFA6DE937C3CD-5-833
0x33335296c9b020ca3252e4953c11decfdce816b8-0x1dDb09854146b29B22BB26A33E25D71b04967238-5-140
0x33335296c9b020ca3252e4953c11decfdce816b8-0x6403C682EfB5cE4974b318B88e04fcfD4Ff50928-5-612
0x33335296c9b020ca3252e4953c11decfdce816b8-0x322434977b3CcCAAD9F36Cc1146210d4B957058d-5-3
0x33335296c9b020ca3252e4953c11decfdce816b8-0xA7cc77cbAb3942b924ccf822B3e1c08BBEa46aC7-5-580
0x33335296c9b020ca3252e4953c11decfdce816b8-0xA7cc77cbAb3942b924ccf822B3e1c08BBEa46aC7-5-873
0x33335296c9b020ca3252e4953c11decfdce816b8-0x285CFf1e0543aCe88fCD50DC63c4894Ab3459eAa-5-132
0x33335296c9b020ca3252e4953c11decfdce816b8-0x285CFf1e0543aCe88fCD50DC63c4894Ab3459eAa-5-221
0x33335296c9b020ca3252e4953c11decfdce816b8-0x98F8Bd1d19DD98AC26b395C2A20A225e80D61349-5-935
0x33335296c9b020ca3252e4953c11decfdce816b8-0x95140b511f6Dbca2fE00bA494d5889B2D71c7943-5-112
0x33335296c9b020ca3252e4953c11decfdce816b8-0x2f26a70122AcFbA3EFF1F6823b98f0D295DeCc8d-5-666
0x33335296c9b020ca3252e4953c11decfdce816b8-0x3c84B3678Ab5Ea9002f5f2740f70b18f489a0E9E-5-836



Execute Claim Transaction for Tier #5 (Canary tier)



Transaction sent! ✔
Transaction hash: 0xce61fa7a91180e2a0e71d8dd639e306d9e5cb7c30d488277d40f67920fbf02bd
Waiting on transaction to be confirmed ...
Tx confirmed !




******************
Processing:
Vault:     0x7fad91a4a29109303188d8758f1a9d60ce988349
Tier:      #5 (Canary tier)
# prizes:  223

5a. Calculating # of profitable claims ...

Native (Gas) Token ETH Market Rate (USD): $3248.53

Estimated gas limit (wei) (1 prize claim): 0.00000000000014664 ETH (146640 wei)
Estimated gas limit (wei) (2 prize claims): 0.000000000000255113 ETH (255113 wei)

Gas Cost: First Claim (wei): 0.00000000000014664 ETH (146640 wei)
Gas Cost: Each Following Claim (wei): 0.000000000000108473 ETH (108473 wei)

Gas Cost: First Claim (USD): $0.02 $0.017178074812780945
Gas Cost: Each Following Claim (USD): $0.02 $0.02092440262790602

5b. 1 Claim(s):

Total gas cost: 1 Claim(s) (USD): $0.02 ($0.017178074812780945)

Next Claim Reward: 1 Claim(s) (WEI): 0.000009274544355652 WETH (9274544355652 wei)
Next Claim Reward: 1 Claim(s) (USD): $0.03 ($0.030046747841186834)

Net profit = (Gross Profit - Gas Cost [Avg])
$0.01 = ($0.03 - $0.02) $0.01286867302840589 = ($0.030046747841186834 - $0.017178074812780945)


5b. 2 Claim(s):

Total gas cost: 2 Claim(s) (USD): $0.04 ($0.03810247744068697)

Claim Reward: 1 Claim(s) (WEI): 0.000009274544355652 WETH (9274544355652 wei)
Claim Reward: 1 Claim(s) (USD): $0.03 ($0.030046747841186834)

Next Claim Reward: 2 Claim(s) (WEI): 0.000018549088711304 WETH (18549088711304 wei)
Next Claim Reward: 2 Claim(s) (USD): $0.06 ($0.06009349568237367)

Net profit = (Gross Profit - Gas Cost [Avg])
$0.02 = ($0.06 - $0.04) $0.0219910182416867 = ($0.06009349568237367 - $0.03810247744068697)


5b. 3 Claim(s):

Total gas cost: 3 Claim(s) (USD): $0.06 ($0.05902688006859298)

Claim Reward: 2 Claim(s) (WEI): 0.000018549088711304 WETH (18549088711304 wei)
Claim Reward: 2 Claim(s) (USD): $0.06 ($0.06009349568237367)

Next Claim Reward: 3 Claim(s) (WEI): 0.000027823633066956 WETH (27823633066956 wei)
Next Claim Reward: 3 Claim(s) (USD): $0.09 ($0.0901402435235605)

Net profit = (Gross Profit - Gas Cost [Avg])
$0.03 = ($0.09 - $0.06) $0.031113363454967513 = ($0.0901402435235605 - $0.05902688006859298)


5b. 4 Claim(s):

Total gas cost: 4 Claim(s) (USD): $0.08 ($0.07995128269649901)

Claim Reward: 3 Claim(s) (WEI): 0.000027823633066956 WETH (27823633066956 wei)
Claim Reward: 3 Claim(s) (USD): $0.09 ($0.0901402435235605)

Next Claim Reward: 4 Claim(s) (WEI): 0.000037098177422608 WETH (37098177422608 wei)
Next Claim Reward: 4 Claim(s) (USD): $0.12 ($0.12018699136474734)

Net profit = (Gross Profit - Gas Cost [Avg])
$0.04 = ($0.12 - $0.08) $0.04023570866824833 = ($0.12018699136474734 - $0.07995128269649901)


5b. 5 Claim(s):

Total gas cost: 5 Claim(s) (USD): $0.1 ($0.10087568532440502)

Claim Reward: 4 Claim(s) (WEI): 0.000037098177422608 WETH (37098177422608 wei)
Claim Reward: 4 Claim(s) (USD): $0.12 ($0.12018699136474734)

Next Claim Reward: 5 Claim(s) (WEI): 0.00004637272177826 WETH (46372721778260 wei)
Next Claim Reward: 5 Claim(s) (USD): $0.15 ($0.15023373920593416)

Net profit = (Gross Profit - Gas Cost [Avg])
$0.05 = ($0.15 - $0.1) $0.04935805388152914 = ($0.15023373920593416 - $0.10087568532440502)


5b. 6 Claim(s):

Total gas cost: 6 Claim(s) (USD): $0.12 ($0.12180008795231104)

Claim Reward: 5 Claim(s) (WEI): 0.00004637272177826 WETH (46372721778260 wei)
Claim Reward: 5 Claim(s) (USD): $0.15 ($0.15023373920593416)

Next Claim Reward: 6 Claim(s) (WEI): 0.000055647266133912 WETH (55647266133912 wei)
Next Claim Reward: 6 Claim(s) (USD): $0.18 ($0.180280487047121)

Net profit = (Gross Profit - Gas Cost [Avg])
$0.06 = ($0.18 - $0.12) $0.058480399094809954 = ($0.180280487047121 - $0.12180008795231104)


5b. 7 Claim(s):

Total gas cost: 7 Claim(s) (USD): $0.14 ($0.14272449058021708)

Claim Reward: 6 Claim(s) (WEI): 0.000055647266133912 WETH (55647266133912 wei)
Claim Reward: 6 Claim(s) (USD): $0.18 ($0.180280487047121)

Next Claim Reward: 7 Claim(s) (WEI): 0.000064921810489564 WETH (64921810489564 wei)
Next Claim Reward: 7 Claim(s) (USD): $0.21 ($0.21032723488830782)

Net profit = (Gross Profit - Gas Cost [Avg])
$0.07 = ($0.21 - $0.14) $0.06760274430809074 = ($0.21032723488830782 - $0.14272449058021708)


5b. 8 Claim(s):

Total gas cost: 8 Claim(s) (USD): $0.16 ($0.1636488932081231)

Claim Reward: 7 Claim(s) (WEI): 0.000064921810489564 WETH (64921810489564 wei)
Claim Reward: 7 Claim(s) (USD): $0.21 ($0.21032723488830782)

Next Claim Reward: 8 Claim(s) (WEI): 0.000074196354845216 WETH (74196354845216 wei)
Next Claim Reward: 8 Claim(s) (USD): $0.24 ($0.24037398272949467)

Net profit = (Gross Profit - Gas Cost [Avg])
$0.08 = ($0.24 - $0.16) $0.07672508952137158 = ($0.24037398272949467 - $0.1636488932081231)


5b. 9 Claim(s):

Total gas cost: 9 Claim(s) (USD): $0.18 ($0.1845732958360291)

Claim Reward: 8 Claim(s) (WEI): 0.000074196354845216 WETH (74196354845216 wei)
Claim Reward: 8 Claim(s) (USD): $0.24 ($0.24037398272949467)

Next Claim Reward: 9 Claim(s) (WEI): 0.000083470899200868 WETH (83470899200868 wei)
Next Claim Reward: 9 Claim(s) (USD): $0.27 ($0.2704207305706815)

Net profit = (Gross Profit - Gas Cost [Avg])
$0.09 = ($0.27 - $0.18) $0.0858474347346524 = ($0.2704207305706815 - $0.1845732958360291)


5b. 10 Claim(s):

Total gas cost: 10 Claim(s) (USD): $0.21 ($0.20549769846393512)

Claim Reward: 9 Claim(s) (WEI): 0.000083470899200868 WETH (83470899200868 wei)
Claim Reward: 9 Claim(s) (USD): $0.27 ($0.2704207305706815)

Next Claim Reward: 10 Claim(s) (WEI): 0.00009274544355652 WETH (92745443556520 wei)
Next Claim Reward: 10 Claim(s) (USD): $0.3 ($0.3004674784118683)

Net profit = (Gross Profit - Gas Cost [Avg])
$0.09 = ($0.3 - $0.21) $0.09496977994793321 = ($0.3004674784118683 - $0.20549769846393512)


5b. 11 Claim(s):

Total gas cost: 11 Claim(s) (USD): $0.23 ($0.22642210109184113)

Claim Reward: 10 Claim(s) (WEI): 0.00009274544355652 WETH (92745443556520 wei)
Claim Reward: 10 Claim(s) (USD): $0.3 ($0.3004674784118683)

Next Claim Reward: 11 Claim(s) (WEI): 0.000102019987912172 WETH (102019987912172 wei)
Next Claim Reward: 11 Claim(s) (USD): $0.33 ($0.33051422625305515)

Net profit = (Gross Profit - Gas Cost [Avg])
$0.1 = ($0.33 - $0.23) $0.10409212516121402 = ($0.33051422625305515 - $0.22642210109184113)


5b. 12 Claim(s):

Total gas cost: 12 Claim(s) (USD): $0.25 ($0.24734650371974717)

Claim Reward: 11 Claim(s) (WEI): 0.000102019987912172 WETH (102019987912172 wei)
Claim Reward: 11 Claim(s) (USD): $0.33 ($0.33051422625305515)

Next Claim Reward: 12 Claim(s) (WEI): 0.000111294532267824 WETH (111294532267824 wei)
Next Claim Reward: 12 Claim(s) (USD): $0.36 ($0.360560974094242)

Net profit = (Gross Profit - Gas Cost [Avg])
$0.11 = ($0.36 - $0.25) $0.11321447037449481 = ($0.360560974094242 - $0.24734650371974717)


5b. 13 Claim(s):

Total gas cost: 13 Claim(s) (USD): $0.27 ($0.2682709063476532)

Claim Reward: 12 Claim(s) (WEI): 0.000111294532267824 WETH (111294532267824 wei)
Claim Reward: 12 Claim(s) (USD): $0.36 ($0.360560974094242)

Next Claim Reward: 13 Claim(s) (WEI): 0.000120569076623476 WETH (120569076623476 wei)
Next Claim Reward: 13 Claim(s) (USD): $0.39 ($0.3906077219354288)

Net profit = (Gross Profit - Gas Cost [Avg])
$0.12 = ($0.39 - $0.27) $0.1223368155877756 = ($0.3906077219354288 - $0.2682709063476532)


5b. 14 Claim(s):

Total gas cost: 14 Claim(s) (USD): $0.29 ($0.28919530897555923)

Claim Reward: 13 Claim(s) (WEI): 0.000120569076623476 WETH (120569076623476 wei)
Claim Reward: 13 Claim(s) (USD): $0.39 ($0.3906077219354288)

Next Claim Reward: 14 Claim(s) (WEI): 0.000129843620979128 WETH (129843620979128 wei)
Next Claim Reward: 14 Claim(s) (USD): $0.42 ($0.42065446977661564)

Net profit = (Gross Profit - Gas Cost [Avg])
$0.13 = ($0.42 - $0.29) $0.1314591608010564 = ($0.42065446977661564 - $0.28919530897555923)


5b. 15 Claim(s):

Total gas cost: 15 Claim(s) (USD): $0.31 ($0.31011971160346524)

Claim Reward: 14 Claim(s) (WEI): 0.000129843620979128 WETH (129843620979128 wei)
Claim Reward: 14 Claim(s) (USD): $0.42 ($0.42065446977661564)

Next Claim Reward: 15 Claim(s) (WEI): 0.00013911816533478 WETH (139118165334780 wei)
Next Claim Reward: 15 Claim(s) (USD): $0.45 ($0.45070121761780246)

Net profit = (Gross Profit - Gas Cost [Avg])
$0.14 = ($0.45 - $0.31) $0.14058150601433722 = ($0.45070121761780246 - $0.31011971160346524)


5b. 16 Claim(s):

Total gas cost: 16 Claim(s) (USD): $0.33 ($0.33104411423137126)

Claim Reward: 15 Claim(s) (WEI): 0.00013911816533478 WETH (139118165334780 wei)
Claim Reward: 15 Claim(s) (USD): $0.45 ($0.45070121761780246)

Next Claim Reward: 16 Claim(s) (WEI): 0.000148392709690432 WETH (148392709690432 wei)
Next Claim Reward: 16 Claim(s) (USD): $0.48 ($0.48074796545898935)

Net profit = (Gross Profit - Gas Cost [Avg])
$0.15 = ($0.48 - $0.33) $0.1497038512276181 = ($0.48074796545898935 - $0.33104411423137126)


5b. 17 Claim(s):

Total gas cost: 17 Claim(s) (USD): $0.35 ($0.35196851685927727)

Claim Reward: 16 Claim(s) (WEI): 0.000148392709690432 WETH (148392709690432 wei)
Claim Reward: 16 Claim(s) (USD): $0.48 ($0.48074796545898935)

Next Claim Reward: 17 Claim(s) (WEI): 0.000157667254046084 WETH (157667254046084 wei)
Next Claim Reward: 17 Claim(s) (USD): $0.51 ($0.5107947133001761)

Net profit = (Gross Profit - Gas Cost [Avg])
$0.16 = ($0.51 - $0.35) $0.15882619644089885 = ($0.5107947133001761 - $0.35196851685927727)


5b. 18 Claim(s):

Total gas cost: 18 Claim(s) (USD): $0.37 ($0.3728929194871833)

Claim Reward: 17 Claim(s) (WEI): 0.000157667254046084 WETH (157667254046084 wei)
Claim Reward: 17 Claim(s) (USD): $0.51 ($0.5107947133001761)

Next Claim Reward: 18 Claim(s) (WEI): 0.000166941798401736 WETH (166941798401736 wei)
Next Claim Reward: 18 Claim(s) (USD): $0.54 ($0.540841461141363)

Net profit = (Gross Profit - Gas Cost [Avg])
$0.17 = ($0.54 - $0.37) $0.16794854165417972 = ($0.540841461141363 - $0.3728929194871833)


5b. 19 Claim(s):

Total gas cost: 19 Claim(s) (USD): $0.39 ($0.3938173221150893)

Claim Reward: 18 Claim(s) (WEI): 0.000166941798401736 WETH (166941798401736 wei)
Claim Reward: 18 Claim(s) (USD): $0.54 ($0.540841461141363)

Next Claim Reward: 19 Claim(s) (WEI): 0.000176216342757388 WETH (176216342757388 wei)
Next Claim Reward: 19 Claim(s) (USD): $0.57 ($0.5708882089825498)

Net profit = (Gross Profit - Gas Cost [Avg])
$0.18 = ($0.57 - $0.39) $0.17707088686746048 = ($0.5708882089825498 - $0.3938173221150893)


5b. 20 Claim(s):

Total gas cost: 20 Claim(s) (USD): $0.41 ($0.4147417247429953)

Claim Reward: 19 Claim(s) (WEI): 0.000176216342757388 WETH (176216342757388 wei)
Claim Reward: 19 Claim(s) (USD): $0.57 ($0.5708882089825498)

Next Claim Reward: 20 Claim(s) (WEI): 0.00018549088711304 WETH (185490887113040 wei)
Next Claim Reward: 20 Claim(s) (USD): $0.6 ($0.6009349568237367)

Net profit = (Gross Profit - Gas Cost [Avg])
$0.19 = ($0.6 - $0.41) $0.18619323208074134 = ($0.6009349568237367 - $0.4147417247429953)


5b. 21 Claim(s):

Total gas cost: 21 Claim(s) (USD): $0.44 ($0.4356661273709013)

Claim Reward: 20 Claim(s) (WEI): 0.00018549088711304 WETH (185490887113040 wei)
Claim Reward: 20 Claim(s) (USD): $0.6 ($0.6009349568237367)

Next Claim Reward: 21 Claim(s) (WEI): 0.000194765431468692 WETH (194765431468692 wei)
Next Claim Reward: 21 Claim(s) (USD): $0.63 ($0.6309817046649234)

Net profit = (Gross Profit - Gas Cost [Avg])
$0.2 = ($0.63 - $0.44) $0.1953155772940221 = ($0.6309817046649234 - $0.4356661273709013)


5b. 22 Claim(s):

Total gas cost: 22 Claim(s) (USD): $0.46 ($0.4565905299988074)

Claim Reward: 21 Claim(s) (WEI): 0.000194765431468692 WETH (194765431468692 wei)
Claim Reward: 21 Claim(s) (USD): $0.63 ($0.6309817046649234)

Next Claim Reward: 22 Claim(s) (WEI): 0.000204039975824344 WETH (204039975824344 wei)
Next Claim Reward: 22 Claim(s) (USD): $0.66 ($0.6610284525061103)

Net profit = (Gross Profit - Gas Cost [Avg])
$0.2 = ($0.66 - $0.46) $0.20443792250730292 = ($0.6610284525061103 - $0.4565905299988074)


5b. 23 Claim(s):

Total gas cost: 23 Claim(s) (USD): $0.48 ($0.4775149326267134)

Claim Reward: 22 Claim(s) (WEI): 0.000204039975824344 WETH (204039975824344 wei)
Claim Reward: 22 Claim(s) (USD): $0.66 ($0.6610284525061103)

Next Claim Reward: 23 Claim(s) (WEI): 0.000213314520179996 WETH (213314520179996 wei)
Next Claim Reward: 23 Claim(s) (USD): $0.69 ($0.6910752003472972)

Net profit = (Gross Profit - Gas Cost [Avg])
$0.21 = ($0.69 - $0.48) $0.21356026772058379 = ($0.6910752003472972 - $0.4775149326267134)


5b. 24 Claim(s):

Total gas cost: 24 Claim(s) (USD): $0.5 ($0.4984393352546194)

Claim Reward: 23 Claim(s) (WEI): 0.000213314520179996 WETH (213314520179996 wei)
Claim Reward: 23 Claim(s) (USD): $0.69 ($0.6910752003472972)

Next Claim Reward: 24 Claim(s) (WEI): 0.000222589064535648 WETH (222589064535648 wei)
Next Claim Reward: 24 Claim(s) (USD): $0.72 ($0.721121948188484)

Net profit = (Gross Profit - Gas Cost [Avg])
$0.22 = ($0.72 - $0.5) $0.22268261293386454 = ($0.721121948188484 - $0.4984393352546194)


5b. 25 Claim(s):

Total gas cost: 25 Claim(s) (USD): $0.52 ($0.5193637378825255)

Claim Reward: 24 Claim(s) (WEI): 0.000222589064535648 WETH (222589064535648 wei)
Claim Reward: 24 Claim(s) (USD): $0.72 ($0.721121948188484)

Next Claim Reward: 25 Claim(s) (WEI): 0.0002318636088913 WETH (231863608891300 wei)
Next Claim Reward: 25 Claim(s) (USD): $0.75 ($0.7511686960296708)

Net profit = (Gross Profit - Gas Cost [Avg])
$0.23 = ($0.75 - $0.52) $0.2318049581471453 = ($0.7511686960296708 - $0.5193637378825255)


5b. 26 Claim(s):

Total gas cost: 26 Claim(s) (USD): $0.54 ($0.5402881405104315)

Claim Reward: 25 Claim(s) (WEI): 0.0002318636088913 WETH (231863608891300 wei)
Claim Reward: 25 Claim(s) (USD): $0.75 ($0.7511686960296708)

Next Claim Reward: 26 Claim(s) (WEI): 0.000241138153246952 WETH (241138153246952 wei)
Next Claim Reward: 26 Claim(s) (USD): $0.78 ($0.7812154438708576)

Net profit = (Gross Profit - Gas Cost [Avg])
$0.24 = ($0.78 - $0.54) $0.24092730336042611 = ($0.7812154438708576 - $0.5402881405104315)


5b. 27 Claim(s):

Total gas cost: 27 Claim(s) (USD): $0.56 ($0.5612125431383376)

Claim Reward: 26 Claim(s) (WEI): 0.000241138153246952 WETH (241138153246952 wei)
Claim Reward: 26 Claim(s) (USD): $0.78 ($0.7812154438708576)

Next Claim Reward: 27 Claim(s) (WEI): 0.000250412697602604 WETH (250412697602604 wei)
Next Claim Reward: 27 Claim(s) (USD): $0.81 ($0.8112621917120444)

Net profit = (Gross Profit - Gas Cost [Avg])
$0.25 = ($0.81 - $0.56) $0.2500496485737068 = ($0.8112621917120444 - $0.5612125431383376)


5b. 28 Claim(s):

Total gas cost: 28 Claim(s) (USD): $0.58 ($0.5821369457662435)

Claim Reward: 27 Claim(s) (WEI): 0.000250412697602604 WETH (250412697602604 wei)
Claim Reward: 27 Claim(s) (USD): $0.81 ($0.8112621917120444)

Next Claim Reward: 28 Claim(s) (WEI): 0.000259687241958256 WETH (259687241958256 wei)
Next Claim Reward: 28 Claim(s) (USD): $0.84 ($0.8413089395532313)

Net profit = (Gross Profit - Gas Cost [Avg])
$0.26 = ($0.84 - $0.58) $0.25917199378698774 = ($0.8413089395532313 - $0.5821369457662435)


5b. 29 Claim(s):

Total gas cost: 29 Claim(s) (USD): $0.6 ($0.6030613483941496)

Claim Reward: 28 Claim(s) (WEI): 0.000259687241958256 WETH (259687241958256 wei)
Claim Reward: 28 Claim(s) (USD): $0.84 ($0.8413089395532313)

Next Claim Reward: 29 Claim(s) (WEI): 0.000268961786313908 WETH (268961786313908 wei)
Next Claim Reward: 29 Claim(s) (USD): $0.87 ($0.8713556873944182)

Net profit = (Gross Profit - Gas Cost [Avg])
$0.27 = ($0.87 - $0.6) $0.26829433900026856 = ($0.8713556873944182 - $0.6030613483941496)


5b. 30 Claim(s):

Total gas cost: 30 Claim(s) (USD): $0.62 ($0.6239857510220556)

Claim Reward: 29 Claim(s) (WEI): 0.000268961786313908 WETH (268961786313908 wei)
Claim Reward: 29 Claim(s) (USD): $0.87 ($0.8713556873944182)

Next Claim Reward: 30 Claim(s) (WEI): 0.00027823633066956 WETH (278236330669560 wei)
Next Claim Reward: 30 Claim(s) (USD): $0.9 ($0.9014024352356049)

Net profit = (Gross Profit - Gas Cost [Avg])
$0.28 = ($0.9 - $0.62) $0.27741668421354937 = ($0.9014024352356049 - $0.6239857510220556)

******************
5c. Profit/Loss (USD):

Net profit = (Gross Profit - Gas Cost [Max])
$0.25 = ($0.87 - $0.62) $0.2473699363723626 = ($0.8713556873944182 - $0.6239857510220556)

Submitting transaction to claim 29 prize(s):

0x7fad91a4a29109303188d8758f1a9d60ce988349-0x4647941598EAc77CEc0d87c028641456b3Ca217B-5-117
0x7fad91a4a29109303188d8758f1a9d60ce988349-0x4647941598EAc77CEc0d87c028641456b3Ca217B-5-372
0x7fad91a4a29109303188d8758f1a9d60ce988349-0x05D6cb42F6F8968b6E4f8E141b4400C894c64A99-5-186
0x7fad91a4a29109303188d8758f1a9d60ce988349-0x89541CF45603c5c128BeD85Cd780718f2Cd0fd1f-5-478
0x7fad91a4a29109303188d8758f1a9d60ce988349-0x1b8D51D46a96494dE4042A83cf731899CB327aAC-5-704
0x7fad91a4a29109303188d8758f1a9d60ce988349-0x2bC7432e3461414c81Fc9Ee523AEeCcdee2c5382-5-362
0x7fad91a4a29109303188d8758f1a9d60ce988349-0x26B3a69B1332CF51416E048bE6e1125Cd2cD0990-5-84
0x7fad91a4a29109303188d8758f1a9d60ce988349-0xfDF7547F3ea984894d9b48b82b1E758b9cA8dcad-5-997
0x7fad91a4a29109303188d8758f1a9d60ce988349-0xc09Dc84F6beE1286d49F2963fdc2Ae2d5b569286-5-803
0x7fad91a4a29109303188d8758f1a9d60ce988349-0xCa7359b83374d997930BA3ca8A24741a2190e432-5-193
0x7fad91a4a29109303188d8758f1a9d60ce988349-0xCa7359b83374d997930BA3ca8A24741a2190e432-5-962
0x7fad91a4a29109303188d8758f1a9d60ce988349-0x231Cd4dCaceB073851CE02Bd782E2A94cD650ed3-5-476
0x7fad91a4a29109303188d8758f1a9d60ce988349-0x954fdf73645526ff873BAc97EA812150024AA581-5-40
0x7fad91a4a29109303188d8758f1a9d60ce988349-0x3d6289D5edb50B658aFB67f80fd35dC147EE021f-5-209
0x7fad91a4a29109303188d8758f1a9d60ce988349-0x769c5E040D81B38AC351765D08d246fD450907a9-5-523
0x7fad91a4a29109303188d8758f1a9d60ce988349-0x919D27affBb777bA8Ae5806F3c61D32E7293ce11-5-715
0x7fad91a4a29109303188d8758f1a9d60ce988349-0xe071D27F83F875FCb1caEF3ddF4ED2837Fe44c37-5-263
0x7fad91a4a29109303188d8758f1a9d60ce988349-0x8815E63dD766057552257A8f271B415c949a8B1D-5-162
0x7fad91a4a29109303188d8758f1a9d60ce988349-0x397877F6b231Caf3451b3D501Db45ea6e59E1E23-5-40
0x7fad91a4a29109303188d8758f1a9d60ce988349-0x3B42D6eBeF3A22321a142887c38B55B87e8BA24f-5-54
0x7fad91a4a29109303188d8758f1a9d60ce988349-0xCB2BA0cebEAD604a01E0D3e4789C063dc4812c7D-5-104
0x7fad91a4a29109303188d8758f1a9d60ce988349-0xB187032638FAA8bA27a48Df110d7aDEF2218e245-5-688
0x7fad91a4a29109303188d8758f1a9d60ce988349-0xB187032638FAA8bA27a48Df110d7aDEF2218e245-5-721
0x7fad91a4a29109303188d8758f1a9d60ce988349-0xA856723A295A4EF0C6c71511c3de7FF097Abf45D-5-634
0x7fad91a4a29109303188d8758f1a9d60ce988349-0xf62da8A55Ae3b22A0e08d30762B312614A1C870F-5-40
0x7fad91a4a29109303188d8758f1a9d60ce988349-0xf62da8A55Ae3b22A0e08d30762B312614A1C870F-5-664
0x7fad91a4a29109303188d8758f1a9d60ce988349-0xE54383F06E6cED12E6D4d13732e0b454fB157D55-5-106
0x7fad91a4a29109303188d8758f1a9d60ce988349-0x05A07a10485289169239b428b912f9B2B82AFb86-5-660
0x7fad91a4a29109303188d8758f1a9d60ce988349-0x94c05b5F0296cC057dcdb3942639Db52B7c8eF34-5-797



Execute Claim Transaction for Tier #5 (Canary tier)



Transaction sent! ✔
Transaction hash: 0xf650c82a15134f653869ddaad6fd24439f8e07e573107108edb3e1fbd7128505
Waiting on transaction to be confirmed ...
Tx confirmed !




******************
Processing:
Vault:     0x33335296c9b020ca3252e4953c11decfdce816b8
Tier:      #6 (Canary tier)
# prizes:  1634

5a. Calculating # of profitable claims ...

Native (Gas) Token ETH Market Rate (USD): $3248.53

Estimated gas limit (wei) (1 prize claim): 0.000000000000189124 ETH (189124 wei)
Estimated gas limit (wei) (2 prize claims): 0.000000000000269519 ETH (269519 wei)

Gas Cost: First Claim (wei): 0.000000000000189124 ETH (189124 wei)
Gas Cost: Each Following Claim (wei): 0.000000000000080395 ETH (80395 wei)

Gas Cost: First Claim (USD): $0.02 $0.017373317367115768
Gas Cost: Each Following Claim (USD): $0.02 $0.02089036464424183

5b. 1 Claim(s):

Total gas cost: 1 Claim(s) (USD): $0.02 ($0.017373317367115768)

Next Claim Reward: 1 Claim(s) (WEI): 0.000002318636088913 WETH (2318636088913 wei)
Next Claim Reward: 1 Claim(s) (USD): $0.01 ($0.0075116869602967085)

Net profit = (Gross Profit - Gas Cost [Avg])
$-0.01 = ($0.01 - $0.02) $-0.009861630406819059 = ($0.0075116869602967085 - $0.017373317367115768)

******************
5c. Profit/Loss (USD):

Net profit = (Gross Profit - Gas Cost [Max])
$-0.02 = ($0 - $0.02) $-0.017373317367115768 = ($0 - $0.017373317367115768)

Claiming tier #6 (Canary tier) currently not profitable.
Not profitable to claim for Draw #14, Tier: #6 (Canary tier)




******************
Processing:
Vault:     0x75b2f4b3ec5adf7077f928992524cc547e74f768
Tier:      #6 (Canary tier)
# prizes:  356

Tier #6 (Canary tier) not profitable, skipping ...





******************
Processing:
Vault:     0x7fad91a4a29109303188d8758f1a9d60ce988349
Tier:      #6 (Canary tier)
# prizes:  2158

Tier #6 (Canary tier) not profitable, skipping ...

