Operating on: 11155420 - Optimism Sepolia

Config - REWARD_RECIPIENT not provided, setting swap recipient to relayer address: 0x06003274c3a7926c04cA8d6903cc691fE8f3CEC2
Config - MIN_PROFIT_THRESHOLD_USD: 0.05

Starting ...
Getting prize pool info ...
Getting prize context ...

******************
1. Prize token: WETH

┌────────────┬──────────────────────────────────────────────┬──────────┬─────────────────┬────────┬──────────────┐
│ (index)    │ address                                      │ decimals │ name            │ symbol │ assetRateUsd │
├────────────┼──────────────────────────────────────────────┼──────────┼─────────────────┼────────┼──────────────┤
│ prizeToken │ '0xC355F97a3Aa2808Acb536E555764b8FB26fB4b37' │ 18       │ 'Wrapped Ether' │ 'WETH' │ 3057.5645    │
└────────────┴──────────────────────────────────────────────┴──────────┴─────────────────┴────────┴──────────────┘
┌─────────┬──────────┬───────────────────────────────┐
│ (index) │ numTiers │ tiersRangeArray               │
├─────────┼──────────┼───────────────────────────────┤
│ tiers   │ 7        │ [ 0, 1, 2, ... 4 more items ] │
└─────────┴──────────┴───────────────────────────────┘
Draw ID: 23
Prize Token WETH MarketRate USD:  $3057.5645

******************
Getting prize vaults ...
Found 6 prize vaults.

618 prizes already claimed for draw #23.
4868 prizes remaining to be claimed...




******************
Processing:
Vault:     0x33335296c9b020ca3252e4953c11decfdce816b8
Tier:      #5 (Canary tier)
# prizes:  313

5a. Calculating # of profitable claims ...

Native (Gas) Token ETH Market Rate (USD): $3057.85

Estimated gas limit (wei) (1 prize claim): 0.000000000000189823 ETH (189823 wei)
Estimated gas limit (wei) (2 prize claims): 0.00000000000027496 ETH (274960 wei)

Gas Cost: First Claim (wei): 0.000000000000189823 ETH (189823 wei)
Gas Cost: Each Following Claim (wei): 0.000000000000085137 ETH (85137 wei)

Gas Cost: First Claim (USD): $0.02 $0.017585964411851333
Gas Cost: Each Following Claim (USD): $0.02 $0.021206511300926004

5b. 1 Claim(s):

Total gas cost: 1 Claim(s) (USD): $0.02 ($0.017585964411851333)

Next Claim Reward: 1 Claim(s) (WEI): 0.000012501607899857 WETH (12501607899857 wei)
Next Claim Reward: 1 Claim(s) (USD): $0.04 ($0.03822447250752232)

Net profit = (Gross Profit - Gas Cost [Avg])
$0.02 = ($0.04 - $0.02) $0.020638508095670985 = ($0.03822447250752232 - $0.017585964411851333)

******************
5c. Profit/Loss (USD):

Net profit = (Gross Profit - Gas Cost [Max])
$-0.02 = ($0 - $0.02) $-0.017585964411851333 = ($0 - $0.017585964411851333)

Claiming tier #5 (Canary tier) currently not profitable.
Not profitable to claim for Draw #23, Tier: #5 (Canary tier)




******************
Processing:
Vault:     0x7fad91a4a29109303188d8758f1a9d60ce988349
Tier:      #5 (Canary tier)
# prizes:  523

Tier #5 (Canary tier) not profitable, skipping ...





******************
Processing:
Vault:     0x33335296c9b020ca3252e4953c11decfdce816b8
Tier:      #6 (Canary tier)
# prizes:  1495

Tier #6 (Canary tier) not profitable, skipping ...





******************
Processing:
Vault:     0x75b2f4b3ec5adf7077f928992524cc547e74f768
Tier:      #6 (Canary tier)
# prizes:  145

Tier #6 (Canary tier) not profitable, skipping ...





******************
Processing:
Vault:     0x7fad91a4a29109303188d8758f1a9d60ce988349
Tier:      #6 (Canary tier)
# prizes:  2392

Tier #6 (Canary tier) not profitable, skipping ...

