Operating on: 11155420 - Optimism Sepolia

Config - REWARD_RECIPIENT not provided, setting swap recipient to relayer address: 0x06003274c3a7926c04cA8d6903cc691fE8f3CEC2
Config - MIN_PROFIT_THRESHOLD_USD: 0.05

Starting ...
Getting prize pool info ...
Getting prize context ...

******************
1. Prize token: WETH

┌────────────┬──────────────────────────────────────────────┬──────────┬─────────────────┬────────┬──────────────┐
│ (index)    │ address                                      │ decimals │ name            │ symbol │ assetRateUsd │
├────────────┼──────────────────────────────────────────────┼──────────┼─────────────────┼────────┼──────────────┤
│ prizeToken │ '0xC355F97a3Aa2808Acb536E555764b8FB26fB4b37' │ 18       │ 'Wrapped Ether' │ 'WETH' │ 3082.6008    │
└────────────┴──────────────────────────────────────────────┴──────────┴─────────────────┴────────┴──────────────┘
┌─────────┬──────────┬───────────────────────────────┐
│ (index) │ numTiers │ tiersRangeArray               │
├─────────┼──────────┼───────────────────────────────┤
│ tiers   │ 7        │ [ 0, 1, 2, ... 4 more items ] │
└─────────┴──────────┴───────────────────────────────┘
Draw ID: 27
Prize Token WETH MarketRate USD:  $3082.6008

******************
Getting prize vaults ...
Found 6 prize vaults.

No claimed prizes for draw #27.
5329 prizes remaining to be claimed...




******************
Processing:
Vault:     0x7fad91a4a29109303188d8758f1a9d60ce988349
Tier:      #2
# prizes:  1

5a. Calculating # of profitable claims ...

Native (Gas) Token ETH Market Rate (USD): $3085.71

Estimated gas limit (wei) (1 prize claim): 0.000000000000274286 ETH (274286 wei)

Gas Cost: First Claim (wei): 0.000000000000274286 ETH (274286 wei)

Gas Cost: First Claim (USD): $0.02 $0.021752761253461404

5b. 1 Claim(s):

Total gas cost: 1 Claim(s) (USD): $0.02 ($0.021752761253461404)

Next Claim Reward: 1 Claim(s) (WEI): 0.000046956128279081 WETH (46956128279081 wei)
Next Claim Reward: 1 Claim(s) (USD): $0.14 ($0.14474699859799772)

Net profit = (Gross Profit - Gas Cost [Avg])
$0.12 = ($0.14 - $0.02) $0.12299423734453632 = ($0.14474699859799772 - $0.021752761253461404)


******************
5c. Profit/Loss (USD):

Net profit = (Gross Profit - Gas Cost [Max])
$0.12 = ($0.14 - $0.02) $0.12299423734453632 = ($0.14474699859799772 - $0.021752761253461404)

Claiming tier #2 currently not profitable.

Execute Claim Transaction for Tier #2



Transaction sent! ✔
Transaction hash: 0x9820624df80182a11f9889f7864e09e1c457da5ba4d74d9033a423bb49c2c68e
Waiting on transaction to be confirmed ...
Tx confirmed !




******************
Processing:
Vault:     0x33335296c9b020ca3252e4953c11decfdce816b8
Tier:      #3
# prizes:  4

5a. Calculating # of profitable claims ...

Native (Gas) Token ETH Market Rate (USD): $3085.71

Estimated gas limit (wei) (1 prize claim): 0.000000000000249796 ETH (249796 wei)
Estimated gas limit (wei) (2 prize claims): 0.000000000000342457 ETH (342457 wei)

Gas Cost: First Claim (wei): 0.000000000000249796 ETH (249796 wei)
Gas Cost: Each Following Claim (wei): 0.000000000000092661 ETH (92661 wei)

Gas Cost: First Claim (USD): $0.02 $0.021677173172163854
Gas Cost: Each Following Claim (USD): $0.03 $0.025965278609040215

5b. 1 Claim(s):

Total gas cost: 1 Claim(s) (USD): $0.02 ($0.021677173172163854)

Next Claim Reward: 1 Claim(s) (WEI): 0.000047244522871705 WETH (47244522871705 wei)
Next Claim Reward: 1 Claim(s) (USD): $0.15 ($0.14563600399993615)

Net profit = (Gross Profit - Gas Cost [Avg])
$0.12 = ($0.15 - $0.02) $0.12395883082777229 = ($0.14563600399993615 - $0.021677173172163854)


5b. 2 Claim(s):

Total gas cost: 2 Claim(s) (USD): $0.05 ($0.04764245178120407)

Claim Reward: 1 Claim(s) (WEI): 0.000047244522871705 WETH (47244522871705 wei)
Claim Reward: 1 Claim(s) (USD): $0.15 ($0.14563600399993615)

Next Claim Reward: 2 Claim(s) (WEI): 0.000094430993403948 WETH (94430993403948 wei)
Next Claim Reward: 2 Claim(s) (USD): $0.29 ($0.29109305581180484)

Net profit = (Gross Profit - Gas Cost [Avg])
$0.24 = ($0.29 - $0.05) $0.24345060403060076 = ($0.29109305581180484 - $0.04764245178120407)


5b. 3 Claim(s):

Total gas cost: 3 Claim(s) (USD): $0.07 ($0.07360773039024429)

Claim Reward: 2 Claim(s) (WEI): 0.000094430993403948 WETH (94430993403948 wei)
Claim Reward: 2 Claim(s) (USD): $0.29 ($0.29109305581180484)

Next Claim Reward: 3 Claim(s) (WEI): 0.000141559482929316 WETH (141559482929316 wei)
Next Claim Reward: 3 Claim(s) (USD): $0.44 ($0.4363713753254959)

Net profit = (Gross Profit - Gas Cost [Avg])
$0.36 = ($0.44 - $0.07) $0.3627636449352516 = ($0.4363713753254959 - $0.07360773039024429)


5b. 4 Claim(s):

Total gas cost: 4 Claim(s) (USD): $0.1 ($0.0995730089992845)

Claim Reward: 3 Claim(s) (WEI): 0.000141559482929316 WETH (141559482929316 wei)
Claim Reward: 3 Claim(s) (USD): $0.44 ($0.4363713753254959)

Next Claim Reward: 4 Claim(s) (WEI): 0.000188630062692748 WETH (188630062692748 wei)
Next Claim Reward: 4 Claim(s) (USD): $0.58 ($0.5814711821607151)

Net profit = (Gross Profit - Gas Cost [Avg])
$0.48 = ($0.58 - $0.1) $0.48189817316143063 = ($0.5814711821607151 - $0.0995730089992845)


******************
5c. Profit/Loss (USD):

Net profit = (Gross Profit - Gas Cost [Max])
$0.48 = ($0.58 - $0.1) $0.48189817316143063 = ($0.5814711821607151 - $0.0995730089992845)

Submitting transaction to claim 4 prize(s):

0x33335296c9b020ca3252e4953c11decfdce816b8-0x6d26ec34C65409A322781f724DD8573212AcAdC9-3-61
0x33335296c9b020ca3252e4953c11decfdce816b8-0xE7f0f2258C180DF8C6CC57134638524B07CC291D-3-39
0x33335296c9b020ca3252e4953c11decfdce816b8-0x75621C47f0442eE669E54E90eFD6012D42f85C97-3-56
0x33335296c9b020ca3252e4953c11decfdce816b8-0xeeE23f479afFb9BB4bEC7A7ffEaB79F4Db6163Ba-3-34



Execute Claim Transaction for Tier #3



Transaction sent! ✔
Transaction hash: 0x772259cdc898c1eaf774edb792c826792875b131834f712510b91e919dde9aa3
Waiting on transaction to be confirmed ...
Tx confirmed !




******************
Processing:
Vault:     0x7fad91a4a29109303188d8758f1a9d60ce988349
Tier:      #3
# prizes:  8

5a. Calculating # of profitable claims ...

Native (Gas) Token ETH Market Rate (USD): $3085.71

Estimated gas limit (wei) (1 prize claim): 0.000000000000248908 ETH (248908 wei)
Estimated gas limit (wei) (2 prize claims): 0.000000000000349986 ETH (349986 wei)

Gas Cost: First Claim (wei): 0.000000000000248908 ETH (248908 wei)
Gas Cost: Each Following Claim (wei): 0.000000000000101078 ETH (101078 wei)

Gas Cost: First Claim (USD): $0.02 $0.020096628978951283
Gas Cost: Each Following Claim (USD): $0.02 $0.024053225097948862

5b. 1 Claim(s):

Total gas cost: 1 Claim(s) (USD): $0.02 ($0.020096628978951283)

Next Claim Reward: 1 Claim(s) (WEI): 0.000047359677292828 WETH (47359677292828 wei)
Next Claim Reward: 1 Claim(s) (USD): $0.15 ($0.14599097911061343)

Net profit = (Gross Profit - Gas Cost [Avg])
$0.13 = ($0.15 - $0.02) $0.12589435013166214 = ($0.14599097911061343 - $0.020096628978951283)


5b. 2 Claim(s):

Total gas cost: 2 Claim(s) (USD): $0.04 ($0.04414985407690014)

Claim Reward: 1 Claim(s) (WEI): 0.000047359677292828 WETH (47359677292828 wei)
Claim Reward: 1 Claim(s) (USD): $0.15 ($0.14599097911061343)

Next Claim Reward: 2 Claim(s) (WEI): 0.000094661160748658 WETH (94661160748658 wei)
Next Claim Reward: 2 Claim(s) (USD): $0.29 ($0.2918025698527418)

Net profit = (Gross Profit - Gas Cost [Avg])
$0.25 = ($0.29 - $0.04) $0.24765271577584164 = ($0.2918025698527418 - $0.04414985407690014)


5b. 3 Claim(s):

Total gas cost: 3 Claim(s) (USD): $0.07 ($0.06820307917484901)

Claim Reward: 2 Claim(s) (WEI): 0.000094661160748658 WETH (94661160748658 wei)
Claim Reward: 2 Claim(s) (USD): $0.29 ($0.2918025698527418)

Next Claim Reward: 3 Claim(s) (WEI): 0.000141904521873948 WETH (141904521873948 wei)
Next Claim Reward: 3 Claim(s) (USD): $0.44 ($0.4374349926522496)

Net profit = (Gross Profit - Gas Cost [Avg])
$0.37 = ($0.44 - $0.07) $0.3692319134774006 = ($0.4374349926522496 - $0.06820307917484901)


5b. 4 Claim(s):

Total gas cost: 4 Claim(s) (USD): $0.09 ($0.09225630427279788)

Claim Reward: 3 Claim(s) (WEI): 0.000141904521873948 WETH (141904521873948 wei)
Claim Reward: 3 Claim(s) (USD): $0.44 ($0.4374349926522496)

Next Claim Reward: 4 Claim(s) (WEI): 0.000189089832087284 WETH (189089832087284 wei)
Next Claim Reward: 4 Claim(s) (USD): $0.58 ($0.5828884676641274)

Net profit = (Gross Profit - Gas Cost [Avg])
$0.49 = ($0.58 - $0.09) $0.49063216339132953 = ($0.5828884676641274 - $0.09225630427279788)


5b. 5 Claim(s):

Total gas cost: 5 Claim(s) (USD): $0.12 ($0.11630952937074673)

Claim Reward: 4 Claim(s) (WEI): 0.000189089832087284 WETH (189089832087284 wei)
Claim Reward: 4 Claim(s) (USD): $0.58 ($0.5828884676641274)

Next Claim Reward: 5 Claim(s) (WEI): 0.000236217162719505 WETH (236217162719505 wei)
Next Claim Reward: 5 Claim(s) (USD): $0.73 ($0.7281632147728763)

Net profit = (Gross Profit - Gas Cost [Avg])
$0.61 = ($0.73 - $0.12) $0.6118536854021295 = ($0.7281632147728763 - $0.11630952937074673)


5b. 6 Claim(s):

Total gas cost: 6 Claim(s) (USD): $0.14 ($0.1403627544686956)

Claim Reward: 5 Claim(s) (WEI): 0.000236217162719505 WETH (236217162719505 wei)
Claim Reward: 5 Claim(s) (USD): $0.73 ($0.7281632147728763)

Next Claim Reward: 6 Claim(s) (WEI): 0.000283286585013798 WETH (283286585013798 wei)
Next Claim Reward: 6 Claim(s) (USD): $0.87 ($0.8732594535928018)

Net profit = (Gross Profit - Gas Cost [Avg])
$0.73 = ($0.87 - $0.14) $0.7328966991241062 = ($0.8732594535928018 - $0.1403627544686956)


5b. 7 Claim(s):

Total gas cost: 7 Claim(s) (USD): $0.16 ($0.16441597956664447)

Claim Reward: 6 Claim(s) (WEI): 0.000283286585013798 WETH (283286585013798 wei)
Claim Reward: 6 Claim(s) (USD): $0.87 ($0.8732594535928018)

Next Claim Reward: 7 Claim(s) (WEI): 0.000330298170125805 WETH (330298170125805 wei)
Next Claim Reward: 7 Claim(s) (USD): $1.02 ($1.0181774034683426)

Net profit = (Gross Profit - Gas Cost [Avg])
$0.85 = ($1.02 - $0.16) $0.8537614239016982 = ($1.0181774034683426 - $0.16441597956664447)


5b. 8 Claim(s):

Total gas cost: 8 Claim(s) (USD): $0.19 ($0.18846920466459333)

Claim Reward: 7 Claim(s) (WEI): 0.000330298170125805 WETH (330298170125805 wei)
Claim Reward: 7 Claim(s) (USD): $1.02 ($1.0181774034683426)

Next Claim Reward: 8 Claim(s) (WEI): 0.000377251989123736 WETH (377251989123736 wei)
Next Claim Reward: 8 Claim(s) (USD): $1.16 ($1.16291728347442)

Net profit = (Gross Profit - Gas Cost [Avg])
$0.97 = ($1.16 - $0.19) $0.9744480788098266 = ($1.16291728347442 - $0.18846920466459333)


******************
5c. Profit/Loss (USD):

Net profit = (Gross Profit - Gas Cost [Max])
$0.97 = ($1.16 - $0.19) $0.9744480788098266 = ($1.16291728347442 - $0.18846920466459333)

Submitting transaction to claim 8 prize(s):

0x7fad91a4a29109303188d8758f1a9d60ce988349-0x4238FA7a56D0097185835b594bBCd6fb220B7cB8-3-11
0x7fad91a4a29109303188d8758f1a9d60ce988349-0x6DdC66C2d1365CEAaF91eE129534c85b0A3356A0-3-34
0x7fad91a4a29109303188d8758f1a9d60ce988349-0xc4403b6e7854707949e0942e092b2Bc263DeA713-3-24
0x7fad91a4a29109303188d8758f1a9d60ce988349-0x9a4B4748F8168F69489EFf1d3c27B985b4977287-3-56
0x7fad91a4a29109303188d8758f1a9d60ce988349-0xAF454749e9c617BA5b7560beccA529eEc4508389-3-10
0x7fad91a4a29109303188d8758f1a9d60ce988349-0x795F93D0F54eC16df1E6487Fc149443a09f781De-3-55
0x7fad91a4a29109303188d8758f1a9d60ce988349-0xe5F2bE7aE80903Ea6f164318358A757361b8C177-3-57
0x7fad91a4a29109303188d8758f1a9d60ce988349-0xC97b747107d3b5e22EBf454cc343641c1e277A90-3-36



Execute Claim Transaction for Tier #3



Transaction sent! ✔
Transaction hash: 0xc9de3da95f67e814a6e79ae3a57d09a6d58e486750d6deef2a94e5530e96bbd1
Waiting on transaction to be confirmed ...
Tx confirmed !




******************
Processing:
Vault:     0x33335296c9b020ca3252e4953c11decfdce816b8
Tier:      #4
# prizes:  96

5a. Calculating # of profitable claims ...

Native (Gas) Token ETH Market Rate (USD): $3085.71

Estimated gas limit (wei) (1 prize claim): 0.000000000000224548 ETH (224548 wei)
Estimated gas limit (wei) (2 prize claims): 0.000000000000334496 ETH (334496 wei)

Gas Cost: First Claim (wei): 0.000000000000224548 ETH (224548 wei)
Gas Cost: Each Following Claim (wei): 0.000000000000109948 ETH (109948 wei)

Gas Cost: First Claim (USD): $0.02 $0.020021442141041592
Gas Cost: Each Following Claim (USD): $0.02 $0.024080602242951284

5b. 1 Claim(s):

Total gas cost: 1 Claim(s) (USD): $0.02 ($0.020021442141041592)

Next Claim Reward: 1 Claim(s) (WEI): 0.000047416193718771 WETH (47416193718771 wei)
Next Claim Reward: 1 Claim(s) (USD): $0.15 ($0.14616519669043845)

Net profit = (Gross Profit - Gas Cost [Avg])
$0.13 = ($0.15 - $0.02) $0.12614375454939686 = ($0.14616519669043845 - $0.020021442141041592)


5b. 2 Claim(s):

Total gas cost: 2 Claim(s) (USD): $0.04 ($0.04410204438399287)

Claim Reward: 1 Claim(s) (WEI): 0.000047416193718771 WETH (47416193718771 wei)
Claim Reward: 1 Claim(s) (USD): $0.15 ($0.14616519669043845)

Next Claim Reward: 2 Claim(s) (WEI): 0.00009477412415523 WETH (94774124155230 wei)
Next Claim Reward: 2 Claim(s) (USD): $0.29 ($0.29215079094021135)

Net profit = (Gross Profit - Gas Cost [Avg])
$0.25 = ($0.29 - $0.04) $0.24804874655621847 = ($0.29215079094021135 - $0.04410204438399287)


5b. 3 Claim(s):

Total gas cost: 3 Claim(s) (USD): $0.07 ($0.06818264662694416)

Claim Reward: 2 Claim(s) (WEI): 0.00009477412415523 WETH (94774124155230 wei)
Claim Reward: 2 Claim(s) (USD): $0.29 ($0.29215079094021135)

Next Claim Reward: 3 Claim(s) (WEI): 0.000142073862901164 WETH (142073862901164 wei)
Next Claim Reward: 3 Claim(s) (USD): $0.44 ($0.43795700343821853)

Net profit = (Gross Profit - Gas Cost [Avg])
$0.37 = ($0.44 - $0.07) $0.36977435681127435 = ($0.43795700343821853 - $0.06818264662694416)


5b. 4 Claim(s):

Total gas cost: 4 Claim(s) (USD): $0.09 ($0.09226324886989545)

Claim Reward: 3 Claim(s) (WEI): 0.000142073862901164 WETH (142073862901164 wei)
Claim Reward: 3 Claim(s) (USD): $0.44 ($0.43795700343821853)

Next Claim Reward: 4 Claim(s) (WEI): 0.000189315481460392 WETH (189315481460392 wei)
Next Claim Reward: 4 Claim(s) (USD): $0.58 ($0.5835840546021895)

Net profit = (Gross Profit - Gas Cost [Avg])
$0.49 = ($0.58 - $0.09) $0.4913208057322941 = ($0.5835840546021895 - $0.09226324886989545)


5b. 5 Claim(s):

Total gas cost: 5 Claim(s) (USD): $0.12 ($0.11634385111284673)

Claim Reward: 4 Claim(s) (WEI): 0.000189315481460392 WETH (189315481460392 wei)
Claim Reward: 4 Claim(s) (USD): $0.58 ($0.5835840546021895)

Next Claim Reward: 5 Claim(s) (WEI): 0.00023649905124887 WETH (236499051248870 wei)
Next Claim Reward: 5 Claim(s) (USD): $0.73 ($0.7290321645790077)

Net profit = (Gross Profit - Gas Cost [Avg])
$0.61 = ($0.73 - $0.12) $0.6126883134661609 = ($0.7290321645790077 - $0.11634385111284673)


5b. 6 Claim(s):

Total gas cost: 6 Claim(s) (USD): $0.14 ($0.140424453355798)

Claim Reward: 5 Claim(s) (WEI): 0.00023649905124887 WETH (236499051248870 wei)
Claim Reward: 5 Claim(s) (USD): $0.73 ($0.7290321645790077)

Next Claim Reward: 6 Claim(s) (WEI): 0.000283624643594802 WETH (283624643594802 wei)
Next Claim Reward: 6 Claim(s) (USD): $0.87 ($0.8743015532450517)

Net profit = (Gross Profit - Gas Cost [Avg])
$0.73 = ($0.87 - $0.14) $0.7338770998892536 = ($0.8743015532450517 - $0.140424453355798)


5b. 7 Claim(s):

Total gas cost: 7 Claim(s) (USD): $0.16 ($0.1645050555987493)

Claim Reward: 6 Claim(s) (WEI): 0.000283624643594802 WETH (283624643594802 wei)
Claim Reward: 6 Claim(s) (USD): $0.87 ($0.8743015532450517)

Next Claim Reward: 7 Claim(s) (WEI): 0.00033069232973875 WETH (330692329738750 wei)
Next Claim Reward: 7 Claim(s) (USD): $1.02 ($1.0193924402065344)

Net profit = (Gross Profit - Gas Cost [Avg])
$0.85 = ($1.02 - $0.16) $0.8548873846077851 = ($1.0193924402065344 - $0.1645050555987493)


5b. 8 Claim(s):

Total gas cost: 8 Claim(s) (USD): $0.19 ($0.1885856578417006)

Claim Reward: 7 Claim(s) (WEI): 0.00033069232973875 WETH (330692329738750 wei)
Claim Reward: 7 Claim(s) (USD): $1.02 ($1.0193924402065344)

Next Claim Reward: 8 Claim(s) (WEI): 0.000377702180833728 WETH (377702180833728 wei)
Next Claim Reward: 8 Claim(s) (USD): $1.16 ($1.1643050447997947)

Net profit = (Gross Profit - Gas Cost [Avg])
$0.98 = ($1.16 - $0.19) $0.9757193869580941 = ($1.1643050447997947 - $0.1885856578417006)


5b. 9 Claim(s):

Total gas cost: 9 Claim(s) (USD): $0.21 ($0.21266626008465186)

Claim Reward: 8 Claim(s) (WEI): 0.000377702180833728 WETH (377702180833728 wei)
Claim Reward: 8 Claim(s) (USD): $1.16 ($1.1643050447997947)

Next Claim Reward: 9 Claim(s) (WEI): 0.00042465426794532 WETH (424654267945320 wei)
Next Claim Reward: 9 Claim(s) (USD): $1.31 ($1.309039586091658)

Net profit = (Gross Profit - Gas Cost [Avg])
$1.1 = ($1.31 - $0.21) $1.096373326007006 = ($1.309039586091658 - $0.21266626008465186)


5b. 10 Claim(s):

Total gas cost: 10 Claim(s) (USD): $0.24 ($0.23674686232760314)

Claim Reward: 9 Claim(s) (WEI): 0.00042465426794532 WETH (424654267945320 wei)
Claim Reward: 9 Claim(s) (USD): $1.31 ($1.309039586091658)

Next Claim Reward: 10 Claim(s) (WEI): 0.00047154866205181 WETH (471548662051810 wei)
Next Claim Reward: 10 Claim(s) (USD): $1.45 ($1.4535962828798392)

Net profit = (Gross Profit - Gas Cost [Avg])
$1.22 = ($1.45 - $0.24) $1.216849420552236 = ($1.4535962828798392 - $0.23674686232760314)


5b. 11 Claim(s):

Total gas cost: 11 Claim(s) (USD): $0.26 ($0.2608274645705544)

Claim Reward: 10 Claim(s) (WEI): 0.00047154866205181 WETH (471548662051810 wei)
Claim Reward: 10 Claim(s) (USD): $1.45 ($1.4535962828798392)

Next Claim Reward: 11 Claim(s) (WEI): 0.000518385434044247 WETH (518385434044247 wei)
Next Claim Reward: 11 Claim(s) (USD): $1.6 ($1.597975353693143)

Net profit = (Gross Profit - Gas Cost [Avg])
$1.34 = ($1.6 - $0.26) $1.3371478891225885 = ($1.597975353693143 - $0.2608274645705544)


5b. 12 Claim(s):

Total gas cost: 12 Claim(s) (USD): $0.28 ($0.28490806681350567)

Claim Reward: 11 Claim(s) (WEI): 0.000518385434044247 WETH (518385434044247 wei)
Claim Reward: 11 Claim(s) (USD): $1.6 ($1.597975353693143)

Next Claim Reward: 12 Claim(s) (WEI): 0.000565164654726564 WETH (565164654726564 wei)
Next Claim Reward: 12 Claim(s) (USD): $1.74 ($1.7421770167918302)

Net profit = (Gross Profit - Gas Cost [Avg])
$1.46 = ($1.74 - $0.28) $1.4572689499783245 = ($1.7421770167918302 - $0.28490806681350567)


5b. 13 Claim(s):

Total gas cost: 13 Claim(s) (USD): $0.31 ($0.308988669056457)

Claim Reward: 12 Claim(s) (WEI): 0.000565164654726564 WETH (565164654726564 wei)
Claim Reward: 12 Claim(s) (USD): $1.74 ($1.7421770167918302)

Next Claim Reward: 13 Claim(s) (WEI): 0.000611886394815709 WETH (611886394815709 wei)
Next Claim Reward: 13 Claim(s) (USD): $1.89 ($1.8862014901680204)

Net profit = (Gross Profit - Gas Cost [Avg])
$1.58 = ($1.89 - $0.31) $1.5772128211115635 = ($1.8862014901680204 - $0.308988669056457)


5b. 14 Claim(s):

Total gas cost: 14 Claim(s) (USD): $0.33 ($0.3330692712994083)

Claim Reward: 13 Claim(s) (WEI): 0.000611886394815709 WETH (611886394815709 wei)
Claim Reward: 13 Claim(s) (USD): $1.89 ($1.8862014901680204)

Next Claim Reward: 14 Claim(s) (WEI): 0.000658550724941718 WETH (658550724941718 wei)
Next Claim Reward: 14 Claim(s) (USD): $2.03 ($2.03004899154592)

Net profit = (Gross Profit - Gas Cost [Avg])
$1.7 = ($2.03 - $0.33) $1.6969797202465116 = ($2.03004899154592 - $0.3330692712994083)


5b. 15 Claim(s):

Total gas cost: 15 Claim(s) (USD): $0.36 ($0.35714987354235955)

Claim Reward: 14 Claim(s) (WEI): 0.000658550724941718 WETH (658550724941718 wei)
Claim Reward: 14 Claim(s) (USD): $2.03 ($2.03004899154592)

Next Claim Reward: 15 Claim(s) (WEI): 0.000705157715647875 WETH (705157715647875 wei)
Next Claim Reward: 15 Claim(s) (USD): $2.17 ($2.1737197383823124)

Net profit = (Gross Profit - Gas Cost [Avg])
$1.82 = ($2.17 - $0.36) $1.8165698648399529 = ($2.1737197383823124 - $0.35714987354235955)


5b. 16 Claim(s):

Total gas cost: 16 Claim(s) (USD): $0.38 ($0.38123047578531083)

Claim Reward: 15 Claim(s) (WEI): 0.000705157715647875 WETH (705157715647875 wei)
Claim Reward: 15 Claim(s) (USD): $2.17 ($2.1737197383823124)

Next Claim Reward: 16 Claim(s) (WEI): 0.000751707437390752 WETH (751707437390752 wei)
Next Claim Reward: 16 Claim(s) (USD): $2.32 ($2.3172139478666822)

Net profit = (Gross Profit - Gas Cost [Avg])
$1.94 = ($2.32 - $0.38) $1.9359834720813713 = ($2.3172139478666822 - $0.38123047578531083)


5b. 17 Claim(s):

Total gas cost: 17 Claim(s) (USD): $0.41 ($0.4053110780282621)

Claim Reward: 16 Claim(s) (WEI): 0.000751707437390752 WETH (751707437390752 wei)
Claim Reward: 16 Claim(s) (USD): $2.32 ($2.3172139478666822)

Next Claim Reward: 17 Claim(s) (WEI): 0.000798199960540338 WETH (798199960540338 wei)
Next Claim Reward: 17 Claim(s) (USD): $2.46 ($2.4605318369216147)

Net profit = (Gross Profit - Gas Cost [Avg])
$2.06 = ($2.46 - $0.41) $2.0552207588933524 = ($2.4605318369216147 - $0.4053110780282621)


5b. 18 Claim(s):

Total gas cost: 18 Claim(s) (USD): $0.43 ($0.4293916802712134)

Claim Reward: 17 Claim(s) (WEI): 0.000798199960540338 WETH (798199960540338 wei)
Claim Reward: 17 Claim(s) (USD): $2.46 ($2.4605318369216147)

Next Claim Reward: 18 Claim(s) (WEI): 0.00084463535538018 WETH (844635355380180 wei)
Next Claim Reward: 18 Claim(s) (USD): $2.6 ($2.6036736222032273)

Net profit = (Gross Profit - Gas Cost [Avg])
$2.17 = ($2.6 - $0.43) $2.174281941932014 = ($2.6036736222032273 - $0.4293916802712134)


5b. 19 Claim(s):

Total gas cost: 19 Claim(s) (USD): $0.45 ($0.45347228251416466)

Claim Reward: 18 Claim(s) (WEI): 0.00084463535538018 WETH (844635355380180 wei)
Claim Reward: 18 Claim(s) (USD): $2.6 ($2.6036736222032273)

Next Claim Reward: 19 Claim(s) (WEI): 0.00089101369210746 WETH (891013692107460 wei)
Next Claim Reward: 19 Claim(s) (USD): $2.75 ($2.74663952010141)

Net profit = (Gross Profit - Gas Cost [Avg])
$2.29 = ($2.75 - $0.45) $2.2931672375872454 = ($2.74663952010141 - $0.45347228251416466)


5b. 20 Claim(s):

Total gas cost: 20 Claim(s) (USD): $0.48 ($0.47755288475711594)

Claim Reward: 19 Claim(s) (WEI): 0.00089101369210746 WETH (891013692107460 wei)
Claim Reward: 19 Claim(s) (USD): $2.75 ($2.74663952010141)

Next Claim Reward: 20 Claim(s) (WEI): 0.00093733504083308 WETH (937335040833080 wei)
Next Claim Reward: 20 Claim(s) (USD): $2.89 ($2.8894297467400856)

Net profit = (Gross Profit - Gas Cost [Avg])
$2.41 = ($2.89 - $0.48) $2.41187686198297 = ($2.8894297467400856 - $0.47755288475711594)


5b. 21 Claim(s):

Total gas cost: 21 Claim(s) (USD): $0.5 ($0.5016334870000673)

Claim Reward: 20 Claim(s) (WEI): 0.00093733504083308 WETH (937335040833080 wei)
Claim Reward: 20 Claim(s) (USD): $2.89 ($2.8894297467400856)

Next Claim Reward: 21 Claim(s) (WEI): 0.000983599471581825 WETH (983599471581825 wei)
Next Claim Reward: 21 Claim(s) (USD): $3.03 ($3.032044517977711)

Net profit = (Gross Profit - Gas Cost [Avg])
$2.53 = ($3.03 - $0.5) $2.5304110309776435 = ($3.032044517977711 - $0.5016334870000673)


5b. 22 Claim(s):

Total gas cost: 22 Claim(s) (USD): $0.53 ($0.5257140892430185)

Claim Reward: 21 Claim(s) (WEI): 0.000983599471581825 WETH (983599471581825 wei)
Claim Reward: 21 Claim(s) (USD): $3.03 ($3.032044517977711)

Next Claim Reward: 22 Claim(s) (WEI): 0.001029807054292412 WETH (1029807054292412 wei)
Next Claim Reward: 22 Claim(s) (USD): $3.17 ($3.1744840494074325)

Net profit = (Gross Profit - Gas Cost [Avg])
$2.65 = ($3.17 - $0.53) $2.648769960164414 = ($3.1744840494074325 - $0.5257140892430185)


5b. 23 Claim(s):

Total gas cost: 23 Claim(s) (USD): $0.55 ($0.5497946914859698)

Claim Reward: 22 Claim(s) (WEI): 0.001029807054292412 WETH (1029807054292412 wei)
Claim Reward: 22 Claim(s) (USD): $3.17 ($3.1744840494074325)

Next Claim Reward: 23 Claim(s) (WEI): 0.001075957858817613 WETH (1075957858817613 wei)
Next Claim Reward: 23 Claim(s) (USD): $3.32 ($3.316748556357461)

Net profit = (Gross Profit - Gas Cost [Avg])
$2.77 = ($3.32 - $0.55) $2.7669538648714913 = ($3.316748556357461 - $0.5497946914859698)


5b. 24 Claim(s):

Total gas cost: 24 Claim(s) (USD): $0.57 ($0.5738752937289211)

Claim Reward: 23 Claim(s) (WEI): 0.001075957858817613 WETH (1075957858817613 wei)
Claim Reward: 23 Claim(s) (USD): $3.32 ($3.316748556357461)

Next Claim Reward: 24 Claim(s) (WEI): 0.001122051954924432 WETH (1122051954924432 wei)
Next Claim Reward: 24 Claim(s) (USD): $3.46 ($3.4588382538916185)

Net profit = (Gross Profit - Gas Cost [Avg])
$2.88 = ($3.46 - $0.57) $2.8849629601626976 = ($3.4588382538916185 - $0.5738752937289211)


5b. 25 Claim(s):

Total gas cost: 25 Claim(s) (USD): $0.6 ($0.5979558959718725)

Claim Reward: 24 Claim(s) (WEI): 0.001122051954924432 WETH (1122051954924432 wei)
Claim Reward: 24 Claim(s) (USD): $3.46 ($3.4588382538916185)

Next Claim Reward: 25 Claim(s) (WEI): 0.00116808941229405 WETH (1168089412294050 wei)
Next Claim Reward: 25 Claim(s) (USD): $3.6 ($3.6007533568091685)

Net profit = (Gross Profit - Gas Cost [Avg])
$3 = ($3.6 - $0.6) $3.002797460837296 = ($3.6007533568091685 - $0.5979558959718725)


5b. 26 Claim(s):

Total gas cost: 26 Claim(s) (USD): $0.62 ($0.6220364982148238)

Claim Reward: 25 Claim(s) (WEI): 0.00116808941229405 WETH (1168089412294050 wei)
Claim Reward: 25 Claim(s) (USD): $3.6 ($3.6007533568091685)

Next Claim Reward: 26 Claim(s) (WEI): 0.001214070300522092 WETH (1214070300522092 wei)
Next Claim Reward: 26 Claim(s) (USD): $3.74 ($3.7424940796456414)

Net profit = (Gross Profit - Gas Cost [Avg])
$3.12 = ($3.74 - $0.62) $3.1204575814308178 = ($3.7424940796456414 - $0.6220364982148238)


5b. 27 Claim(s):

Total gas cost: 27 Claim(s) (USD): $0.65 ($0.646117100457775)

Claim Reward: 26 Claim(s) (WEI): 0.001214070300522092 WETH (1214070300522092 wei)
Claim Reward: 26 Claim(s) (USD): $3.74 ($3.7424940796456414)

Next Claim Reward: 27 Claim(s) (WEI): 0.001259994689118639 WETH (1259994689118639 wei)
Next Claim Reward: 27 Claim(s) (USD): $3.88 ($3.8840606366728685)

Net profit = (Gross Profit - Gas Cost [Avg])
$3.24 = ($3.88 - $0.65) $3.2379435362150932 = ($3.8840606366728685 - $0.646117100457775)


5b. 28 Claim(s):

Total gas cost: 28 Claim(s) (USD): $0.67 ($0.6701977027007263)

Claim Reward: 27 Claim(s) (WEI): 0.001259994689118639 WETH (1259994689118639 wei)
Claim Reward: 27 Claim(s) (USD): $3.88 ($3.8840606366728685)

Next Claim Reward: 28 Claim(s) (WEI): 0.001305862647508384 WETH (1305862647508384 wei)
Next Claim Reward: 28 Claim(s) (USD): $4.03 ($4.025453241899463)

Net profit = (Gross Profit - Gas Cost [Avg])
$3.36 = ($4.03 - $0.67) $3.3552555391987364 = ($4.025453241899463 - $0.6701977027007263)


5b. 29 Claim(s):

Total gas cost: 29 Claim(s) (USD): $0.69 ($0.6942783049436776)

Claim Reward: 28 Claim(s) (WEI): 0.001305862647508384 WETH (1305862647508384 wei)
Claim Reward: 28 Claim(s) (USD): $4.03 ($4.025453241899463)

Next Claim Reward: 29 Claim(s) (WEI): 0.001351674245030655 WETH (1351674245030655 wei)
Next Claim Reward: 29 Claim(s) (USD): $4.17 ($4.166672109070894)

Net profit = (Gross Profit - Gas Cost [Avg])
$3.47 = ($4.17 - $0.69) $3.472393804127216 = ($4.166672109070894 - $0.6942783049436776)


5b. 30 Claim(s):

Total gas cost: 30 Claim(s) (USD): $0.72 ($0.7183589071866289)

Claim Reward: 29 Claim(s) (WEI): 0.001351674245030655 WETH (1351674245030655 wei)
Claim Reward: 29 Claim(s) (USD): $4.17 ($4.166672109070894)

Next Claim Reward: 30 Claim(s) (WEI): 0.00139742955093969 WETH (1397429550939690 wei)
Next Claim Reward: 30 Claim(s) (USD): $4.31 ($4.30771745167033)

Net profit = (Gross Profit - Gas Cost [Avg])
$3.59 = ($4.31 - $0.72) $3.589358544483701 = ($4.30771745167033 - $0.7183589071866289)

******************
5c. Profit/Loss (USD):

Net profit = (Gross Profit - Gas Cost [Max])
$3.45 = ($4.17 - $0.72) $3.448313201884265 = ($4.166672109070894 - $0.7183589071866289)

Submitting transaction to claim 29 prize(s):

0x33335296c9b020ca3252e4953c11decfdce816b8-0x9cA5A3069Cbb7518C6d6f946576eF1a9e1A7D9B0-4-80
0x33335296c9b020ca3252e4953c11decfdce816b8-0x421420093c11843E11a706F3879B1EcA8CBa38C9-4-144
0x33335296c9b020ca3252e4953c11decfdce816b8-0xB666721cF8c971399abE61a46d1F5FC3F44AB574-4-9
0x33335296c9b020ca3252e4953c11decfdce816b8-0x51F50C0Ea005151C45e3c947c47Ffe488422A2e9-4-91
0x33335296c9b020ca3252e4953c11decfdce816b8-0xc8a15BA1b8BeFd6D72aA82519104Ff5d7b946382-4-240
0x33335296c9b020ca3252e4953c11decfdce816b8-0x1A84fA12447Eb0934173A3a74beA662a356Bcf7A-4-94
0x33335296c9b020ca3252e4953c11decfdce816b8-0x249dF590B2E07dA4930E12e77910A7f088a6D93f-4-150
0x33335296c9b020ca3252e4953c11decfdce816b8-0xAd13efb22b9bAFe0d078eaADA8aF94ba2575a96d-4-163
0x33335296c9b020ca3252e4953c11decfdce816b8-0x8F75Bdc37BFdF8e8b9df20CAaF3D54Ba53D20761-4-126
0x33335296c9b020ca3252e4953c11decfdce816b8-0xd99b626a75886790136Ec14B350608F366e8c098-4-116
0x33335296c9b020ca3252e4953c11decfdce816b8-0xf1d91D1be0E8Aa10D35ee9c2E0d7F19c51577b5e-4-218
0x33335296c9b020ca3252e4953c11decfdce816b8-0xeE160f271BA6eBD29F19bFEC5e46922Ad4dd88CA-4-39
0x33335296c9b020ca3252e4953c11decfdce816b8-0x551607880a8a0B897e4135446135E1a600528Dde-4-64
0x33335296c9b020ca3252e4953c11decfdce816b8-0xE5Dd5D87156d629955EE1Db996409f1C1847770c-4-31
0x33335296c9b020ca3252e4953c11decfdce816b8-0x3623353Bfd25f55d8F549C0e15b6882F4525507A-4-127
0x33335296c9b020ca3252e4953c11decfdce816b8-0x8B12efe124A747a704a2f70442992Dd676171357-4-242
0x33335296c9b020ca3252e4953c11decfdce816b8-0x62D4b32a160B5Ad0efc537EA06bCA6D480670234-4-151
0x33335296c9b020ca3252e4953c11decfdce816b8-0xc2876596145CcE92d2107FD0D7ECDb2D219f715a-4-186
0x33335296c9b020ca3252e4953c11decfdce816b8-0x652d145F31103154813b35101CeaeFfD226E81F9-4-62
0x33335296c9b020ca3252e4953c11decfdce816b8-0xE6725CC179Ee266107EEdD4B447cDA426c414F46-4-254
0x33335296c9b020ca3252e4953c11decfdce816b8-0x888aAfC960fd240e41aD0F68eA99Ca1bD365Df78-4-218
0x33335296c9b020ca3252e4953c11decfdce816b8-0xD9A746EA51DC78a27FD0EA26fcaaa76F4652dB9D-4-12
0x33335296c9b020ca3252e4953c11decfdce816b8-0x00DA60A8C74004080bbCf730D958B5515F93d36B-4-5
0x33335296c9b020ca3252e4953c11decfdce816b8-0x9A9788dB3B5dDCcb0aFe62Ac50a8eE9C6Ebb5f72-4-23
0x33335296c9b020ca3252e4953c11decfdce816b8-0x2090769c7C05A3a9d4fD169bdBDAeF3c56874C97-4-14
0x33335296c9b020ca3252e4953c11decfdce816b8-0x99d4D8F83C9e3715A4F91A719556Bcf7890AA01D-4-43
0x33335296c9b020ca3252e4953c11decfdce816b8-0xC1288BfBC77EF01f5d6bec89d97536712d7D9789-4-50
0x33335296c9b020ca3252e4953c11decfdce816b8-0x829D57A59c50d52984A1f5cB776290505388d7A9-4-194
0x33335296c9b020ca3252e4953c11decfdce816b8-0xFDC1273E285C867e3e4CF9ed19aB91563B0E6672-4-173



Execute Claim Transaction for Tier #4



Transaction sent! ✔
Transaction hash: 0x55df6ff8fe6f87c00d3193527072b486c21007ab2bd54d252dfe8ce0d9a9f251
Waiting on transaction to be confirmed ...
Tx confirmed !




******************
Processing:
Vault:     0x75b2f4b3ec5adf7077f928992524cc547e74f768
Tier:      #4
# prizes:  14

5a. Calculating # of profitable claims ...

Native (Gas) Token ETH Market Rate (USD): $3085.71

Estimated gas limit (wei) (1 prize claim): 0.00000000000022313 ETH (223130 wei)
Estimated gas limit (wei) (2 prize claims): 0.000000000000324963 ETH (324963 wei)

Gas Cost: First Claim (wei): 0.00000000000022313 ETH (223130 wei)
Gas Cost: Each Following Claim (wei): 0.000000000000101833 ETH (101833 wei)

Gas Cost: First Claim (USD): $0.02 $0.020015874299547175
Gas Cost: Each Following Claim (USD): $0.02 $0.0240540922300652

5b. 1 Claim(s):

Total gas cost: 1 Claim(s) (USD): $0.02 ($0.020015874299547175)

Next Claim Reward: 1 Claim(s) (WEI): 0.000046092962649471 WETH (46092962649471 wei)
Next Claim Reward: 1 Claim(s) (USD): $0.14 ($0.14208620353762944)

Net profit = (Gross Profit - Gas Cost [Avg])
$0.12 = ($0.14 - $0.02) $0.12207032923808225 = ($0.14208620353762944 - $0.020015874299547175)


5b. 2 Claim(s):

Total gas cost: 2 Claim(s) (USD): $0.04 ($0.04406996652961237)

Claim Reward: 1 Claim(s) (WEI): 0.000046092962649471 WETH (46092962649471 wei)
Claim Reward: 1 Claim(s) (USD): $0.14 ($0.14208620353762944)

Next Claim Reward: 2 Claim(s) (WEI): 0.000092129287954506 WETH (92129287954506 wei)
Next Claim Reward: 2 Claim(s) (USD): $0.28 ($0.28399781675199054)

Net profit = (Gross Profit - Gas Cost [Avg])
$0.24 = ($0.28 - $0.04) $0.23992785022237817 = ($0.28399781675199054 - $0.04406996652961237)


5b. 3 Claim(s):

Total gas cost: 3 Claim(s) (USD): $0.07 ($0.06812405875967757)

Claim Reward: 2 Claim(s) (WEI): 0.000092129287954506 WETH (92129287954506 wei)
Claim Reward: 2 Claim(s) (USD): $0.28 ($0.28399781675199054)

Next Claim Reward: 3 Claim(s) (WEI): 0.000138109045509003 WETH (138109045509003 wei)
Next Claim Reward: 3 Claim(s) (USD): $0.43 ($0.4257350541732891)

Net profit = (Gross Profit - Gas Cost [Avg])
$0.36 = ($0.43 - $0.07) $0.3576109954136115 = ($0.4257350541732891 - $0.06812405875967757)


5b. 4 Claim(s):

Total gas cost: 4 Claim(s) (USD): $0.09 ($0.09217815098974277)

Claim Reward: 3 Claim(s) (WEI): 0.000138109045509003 WETH (138109045509003 wei)
Claim Reward: 3 Claim(s) (USD): $0.43 ($0.4257350541732891)

Next Claim Reward: 4 Claim(s) (WEI): 0.000184032304821336 WETH (184032304821336 wei)
Next Claim Reward: 4 Claim(s) (USD): $0.57 ($0.5672981300680943)

Net profit = (Gross Profit - Gas Cost [Avg])
$0.48 = ($0.57 - $0.09) $0.47511997907835146 = ($0.5672981300680943 - $0.09217815098974277)


5b. 5 Claim(s):

Total gas cost: 5 Claim(s) (USD): $0.12 ($0.11623224321980796)

Claim Reward: 4 Claim(s) (WEI): 0.000184032304821336 WETH (184032304821336 wei)
Claim Reward: 4 Claim(s) (USD): $0.57 ($0.5672981300680943)

Next Claim Reward: 5 Claim(s) (WEI): 0.000229899135314485 WETH (229899135314485 wei)
Next Claim Reward: 5 Claim(s) (USD): $0.71 ($0.7086872584397398)

Net profit = (Gross Profit - Gas Cost [Avg])
$0.59 = ($0.71 - $0.12) $0.5924550152199318 = ($0.7086872584397398 - $0.11623224321980796)


5b. 6 Claim(s):

Total gas cost: 6 Claim(s) (USD): $0.14 ($0.14028633544987318)

Claim Reward: 5 Claim(s) (WEI): 0.000229899135314485 WETH (229899135314485 wei)
Claim Reward: 5 Claim(s) (USD): $0.71 ($0.7086872584397398)

Next Claim Reward: 6 Claim(s) (WEI): 0.000275709606326106 WETH (275709606326106 wei)
Next Claim Reward: 6 Claim(s) (USD): $0.85 ($0.8499026530285394)

Net profit = (Gross Profit - Gas Cost [Avg])
$0.71 = ($0.85 - $0.14) $0.7096163175786663 = ($0.8499026530285394 - $0.14028633544987318)


5b. 7 Claim(s):

Total gas cost: 7 Claim(s) (USD): $0.16 ($0.16434042767993837)

Claim Reward: 6 Claim(s) (WEI): 0.000275709606326106 WETH (275709606326106 wei)
Claim Reward: 6 Claim(s) (USD): $0.85 ($0.8499026530285394)

Next Claim Reward: 7 Claim(s) (WEI): 0.000321463787108674 WETH (321463787108674 wei)
Next Claim Reward: 7 Claim(s) (USD): $0.99 ($0.9909445273122282)

Net profit = (Gross Profit - Gas Cost [Avg])
$0.83 = ($0.99 - $0.16) $0.8266040996322898 = ($0.9909445273122282 - $0.16434042767993837)


5b. 8 Claim(s):

Total gas cost: 8 Claim(s) (USD): $0.19 ($0.18839451991000358)

Claim Reward: 7 Claim(s) (WEI): 0.000321463787108674 WETH (321463787108674 wei)
Claim Reward: 7 Claim(s) (USD): $0.99 ($0.9909445273122282)

Next Claim Reward: 8 Claim(s) (WEI): 0.00036716174682956 WETH (367161746829560 wei)
Next Claim Reward: 8 Claim(s) (USD): $1.13 ($1.1318130945061993)

Net profit = (Gross Profit - Gas Cost [Avg])
$0.94 = ($1.13 - $0.19) $0.9434185745961957 = ($1.1318130945061993 - $0.18839451991000358)


5b. 9 Claim(s):

Total gas cost: 9 Claim(s) (USD): $0.21 ($0.21244861214006877)

Claim Reward: 8 Claim(s) (WEI): 0.00036716174682956 WETH (367161746829560 wei)
Claim Reward: 8 Claim(s) (USD): $1.13 ($1.1318130945061993)

Next Claim Reward: 9 Claim(s) (WEI): 0.000412803554571135 WETH (412803554571135 wei)
Next Claim Reward: 9 Claim(s) (USD): $1.27 ($1.2725085675638246)

Net profit = (Gross Profit - Gas Cost [Avg])
$1.06 = ($1.27 - $0.21) $1.0600599554237558 = ($1.2725085675638246 - $0.21244861214006877)


5b. 10 Claim(s):

Total gas cost: 10 Claim(s) (USD): $0.24 ($0.23650270437013396)

Claim Reward: 9 Claim(s) (WEI): 0.000412803554571135 WETH (412803554571135 wei)
Claim Reward: 9 Claim(s) (USD): $1.27 ($1.2725085675638246)

Next Claim Reward: 10 Claim(s) (WEI): 0.00045838927933091 WETH (458389279330910 wei)
Next Claim Reward: 10 Claim(s) (USD): $1.41 ($1.4130311591768867)

Net profit = (Gross Profit - Gas Cost [Avg])
$1.18 = ($1.41 - $0.24) $1.1765284548067527 = ($1.4130311591768867 - $0.23650270437013396)


5b. 11 Claim(s):

Total gas cost: 11 Claim(s) (USD): $0.26 ($0.26055679660019915)

Claim Reward: 10 Claim(s) (WEI): 0.00045838927933091 WETH (458389279330910 wei)
Claim Reward: 10 Claim(s) (USD): $1.41 ($1.4130311591768867)

Next Claim Reward: 11 Claim(s) (WEI): 0.00050391899002159 WETH (503918990021590 wei)
Next Claim Reward: 11 Claim(s) (USD): $1.55 ($1.5533810817757454)

Net profit = (Gross Profit - Gas Cost [Avg])
$1.29 = ($1.55 - $0.26) $1.2928242851755463 = ($1.5533810817757454 - $0.26055679660019915)


5b. 12 Claim(s):

Total gas cost: 12 Claim(s) (USD): $0.28 ($0.28461088883026436)

Claim Reward: 11 Claim(s) (WEI): 0.00050391899002159 WETH (503918990021590 wei)
Claim Reward: 11 Claim(s) (USD): $1.55 ($1.5533810817757454)

Next Claim Reward: 12 Claim(s) (WEI): 0.000549392755471224 WETH (549392755471224 wei)
Next Claim Reward: 12 Claim(s) (USD): $1.69 ($1.6935585475297996)

Net profit = (Gross Profit - Gas Cost [Avg])
$1.41 = ($1.69 - $0.28) $1.4089476586995353 = ($1.6935585475297996 - $0.28461088883026436)


5b. 13 Claim(s):

Total gas cost: 13 Claim(s) (USD): $0.31 ($0.3086649810603295)

Claim Reward: 12 Claim(s) (WEI): 0.000549392755471224 WETH (549392755471224 wei)
Claim Reward: 12 Claim(s) (USD): $1.69 ($1.6935585475297996)

Next Claim Reward: 13 Claim(s) (WEI): 0.000594810644423255 WETH (594810644423255 wei)
Next Claim Reward: 13 Claim(s) (USD): $1.83 ($1.8335637683476413)

Net profit = (Gross Profit - Gas Cost [Avg])
$1.52 = ($1.83 - $0.31) $1.5248987872873119 = ($1.8335637683476413 - $0.3086649810603295)


5b. 14 Claim(s):

Total gas cost: 14 Claim(s) (USD): $0.33 ($0.33271907329039474)

Claim Reward: 13 Claim(s) (WEI): 0.000594810644423255 WETH (594810644423255 wei)
Claim Reward: 13 Claim(s) (USD): $1.83 ($1.8335637683476413)

Next Claim Reward: 14 Claim(s) (WEI): 0.00064017272553668 WETH (640172725536680 wei)
Next Claim Reward: 14 Claim(s) (USD): $1.97 ($1.9733969558775504)

Net profit = (Gross Profit - Gas Cost [Avg])
$1.64 = ($1.97 - $0.33) $1.6406778825871555 = ($1.9733969558775504 - $0.33271907329039474)


******************
5c. Profit/Loss (USD):

Net profit = (Gross Profit - Gas Cost [Max])
$1.64 = ($1.97 - $0.33) $1.6406778825871555 = ($1.9733969558775504 - $0.33271907329039474)

Submitting transaction to claim 14 prize(s):

0x75b2f4b3ec5adf7077f928992524cc547e74f768-0x8AD3EdEDB73ff2978dB72fB09d7abB0938D4Cf56-4-83
0x75b2f4b3ec5adf7077f928992524cc547e74f768-0x44DAfcfb0cdF35aDBc10E70f2B387D0D66C327bd-4-167
0x75b2f4b3ec5adf7077f928992524cc547e74f768-0x4dA96F3D8Caa90148fF68d9201a85EB944Ce3a51-4-198
0x75b2f4b3ec5adf7077f928992524cc547e74f768-0xBBabb77eb1e2a2e98dAa68Ba340C50D814E57d36-4-188
0x75b2f4b3ec5adf7077f928992524cc547e74f768-0xc97c311914c0af70e37Bc0034C99AaA6243441C3-4-247
0x75b2f4b3ec5adf7077f928992524cc547e74f768-0xDE28174767746256d4c0cd3450386f2CCE723B09-4-114
0x75b2f4b3ec5adf7077f928992524cc547e74f768-0x5433362be4999E273C70C59ffb9A860031eE94c9-4-85
0x75b2f4b3ec5adf7077f928992524cc547e74f768-0x037238d9aCA79e8926406bb9e0434b7933C013bc-4-237
0x75b2f4b3ec5adf7077f928992524cc547e74f768-0xe61850a94036cAEE1A15BED91F940C0bF180Cc10-4-96
0x75b2f4b3ec5adf7077f928992524cc547e74f768-0x1084A7457fd3E95226A567Bc193e99AE7E8c311F-4-241
0x75b2f4b3ec5adf7077f928992524cc547e74f768-0x8CC02F22000BF2e6FbA5283bAbd08602156ac4B9-4-152
0x75b2f4b3ec5adf7077f928992524cc547e74f768-0x98A5268e18f0F3F677B989997b215e240D4A4dC6-4-110
0x75b2f4b3ec5adf7077f928992524cc547e74f768-0x942A6bFC5fb3A9623A14cAE990d162B9A474c666-4-130
0x75b2f4b3ec5adf7077f928992524cc547e74f768-0x76B0be450311Af5A838b4d10B020D5a56D4e7F73-4-145



Execute Claim Transaction for Tier #4



Transaction sent! ✔
Transaction hash: 0xc01e47d186c67e7f81fa45e647cd1064c9b56748c92a8d2464f46b4c3da13432
Waiting on transaction to be confirmed ...
Tx confirmed !




******************
Processing:
Vault:     0x7fad91a4a29109303188d8758f1a9d60ce988349
Tier:      #4
# prizes:  134

5a. Calculating # of profitable claims ...

Native (Gas) Token ETH Market Rate (USD): $3085.71

Estimated gas limit (wei) (1 prize claim): 0.000000000000226073 ETH (226073 wei)
Estimated gas limit (wei) (2 prize claims): 0.000000000000324542 ETH (324542 wei)

Gas Cost: First Claim (wei): 0.000000000000226073 ETH (226073 wei)
Gas Cost: Each Following Claim (wei): 0.000000000000098469 ETH (98469 wei)

Gas Cost: First Claim (USD): $0.02 $0.020024957832550795
Gas Cost: Each Following Claim (USD): $0.02 $0.02404370928578243

5b. 1 Claim(s):

Total gas cost: 1 Claim(s) (USD): $0.02 ($0.020024957832550795)

Next Claim Reward: 1 Claim(s) (WEI): 0.000045808781297554 WETH (45808781297554 wei)
Next Claim Reward: 1 Claim(s) (USD): $0.14 ($0.141210185874865)

Net profit = (Gross Profit - Gas Cost [Avg])
$0.12 = ($0.14 - $0.02) $0.12118522804231421 = ($0.141210185874865 - $0.020024957832550795)


5b. 2 Claim(s):

Total gas cost: 2 Claim(s) (USD): $0.04 ($0.044068667118333224)

Claim Reward: 1 Claim(s) (WEI): 0.000045808781297554 WETH (45808781297554 wei)
Claim Reward: 1 Claim(s) (USD): $0.14 ($0.141210185874865)

Next Claim Reward: 2 Claim(s) (WEI): 0.00009156127444231 WETH (91561274442310 wei)
Next Claim Reward: 2 Claim(s) (USD): $0.28 ($0.28224685784488435)

Net profit = (Gross Profit - Gas Cost [Avg])
$0.24 = ($0.28 - $0.04) $0.2381781907265511 = ($0.28224685784488435 - $0.044068667118333224)


5b. 3 Claim(s):

Total gas cost: 3 Claim(s) (USD): $0.07 ($0.06811237640411566)

Claim Reward: 2 Claim(s) (WEI): 0.00009156127444231 WETH (91561274442310 wei)
Claim Reward: 2 Claim(s) (USD): $0.28 ($0.28224685784488435)

Next Claim Reward: 3 Claim(s) (WEI): 0.000137257548599091 WETH (137257548599091 wei)
Next Claim Reward: 3 Claim(s) (USD): $0.42 ($0.42311022911759677)

Net profit = (Gross Profit - Gas Cost [Avg])
$0.35 = ($0.42 - $0.07) $0.3549978527134811 = ($0.42311022911759677 - $0.06811237640411566)


5b. 4 Claim(s):

Total gas cost: 4 Claim(s) (USD): $0.09 ($0.09215608568989808)

Claim Reward: 3 Claim(s) (WEI): 0.000137257548599091 WETH (137257548599091 wei)
Claim Reward: 3 Claim(s) (USD): $0.42 ($0.42311022911759677)

Next Claim Reward: 4 Claim(s) (WEI): 0.000182897672847728 WETH (182897672847728 wei)
Next Claim Reward: 4 Claim(s) (USD): $0.56 ($0.5638005126385447)

Net profit = (Gross Profit - Gas Cost [Avg])
$0.47 = ($0.56 - $0.09) $0.4716444269486466 = ($0.5638005126385447 - $0.09215608568989808)


5b. 5 Claim(s):

Total gas cost: 5 Claim(s) (USD): $0.12 ($0.1161997949756805)

Claim Reward: 4 Claim(s) (WEI): 0.000182897672847728 WETH (182897672847728 wei)
Claim Reward: 4 Claim(s) (USD): $0.56 ($0.5638005126385447)

Next Claim Reward: 5 Claim(s) (WEI): 0.00022848171618317 WETH (228481716183170 wei)
Next Claim Reward: 5 Claim(s) (USD): $0.7 ($0.7043179210916128)

Net profit = (Gross Profit - Gas Cost [Avg])
$0.59 = ($0.7 - $0.12) $0.5881181261159323 = ($0.7043179210916128 - $0.1161997949756805)


5b. 6 Claim(s):

Total gas cost: 6 Claim(s) (USD): $0.14 ($0.14024350426146293)

Claim Reward: 5 Claim(s) (WEI): 0.00022848171618317 WETH (228481716183170 wei)
Claim Reward: 5 Claim(s) (USD): $0.7 ($0.7043179210916128)

Next Claim Reward: 6 Claim(s) (WEI): 0.000274009747515594 WETH (274009747515594 wei)
Next Claim Reward: 6 Claim(s) (USD): $0.84 ($0.8446626668993681)

Net profit = (Gross Profit - Gas Cost [Avg])
$0.7 = ($0.84 - $0.14) $0.7044191626379052 = ($0.8446626668993681 - $0.14024350426146293)


5b. 7 Claim(s):

Total gas cost: 7 Claim(s) (USD): $0.16 ($0.16428721354724538)

Claim Reward: 6 Claim(s) (WEI): 0.000274009747515594 WETH (274009747515594 wei)
Claim Reward: 6 Claim(s) (USD): $0.84 ($0.8446626668993681)

Next Claim Reward: 7 Claim(s) (WEI): 0.000319481835670501 WETH (319481835670501 wei)
Next Claim Reward: 7 Claim(s) (USD): $0.98 ($0.984834962223355)

Net profit = (Gross Profit - Gas Cost [Avg])
$0.82 = ($0.98 - $0.16) $0.8205477486761096 = ($0.984834962223355 - $0.16428721354724538)


5b. 8 Claim(s):

Total gas cost: 8 Claim(s) (USD): $0.19 ($0.1883309228330278)

Claim Reward: 7 Claim(s) (WEI): 0.000319481835670501 WETH (319481835670501 wei)
Claim Reward: 7 Claim(s) (USD): $0.98 ($0.984834962223355)

Next Claim Reward: 8 Claim(s) (WEI): 0.000364898049388808 WETH (364898049388808 wei)
Next Claim Reward: 8 Claim(s) (USD): $1.12 ($1.124835018964379)

Net profit = (Gross Profit - Gas Cost [Avg])
$0.94 = ($1.12 - $0.19) $0.9365040961313512 = ($1.124835018964379 - $0.1883309228330278)


5b. 9 Claim(s):

Total gas cost: 9 Claim(s) (USD): $0.21 ($0.21237463211881022)

Claim Reward: 8 Claim(s) (WEI): 0.000364898049388808 WETH (364898049388808 wei)
Claim Reward: 8 Claim(s) (USD): $1.12 ($1.124835018964379)

Next Claim Reward: 9 Claim(s) (WEI): 0.000410258457326979 WETH (410258457326979 wei)
Next Claim Reward: 9 Claim(s) (USD): $1.26 ($1.2646630487629114)

Net profit = (Gross Profit - Gas Cost [Avg])
$1.05 = ($1.26 - $0.21) $1.052288416644101 = ($1.2646630487629114 - $0.21237463211881022)


5b. 10 Claim(s):

Total gas cost: 10 Claim(s) (USD): $0.24 ($0.23641834140459264)

Claim Reward: 9 Claim(s) (WEI): 0.000410258457326979 WETH (410258457326979 wei)
Claim Reward: 9 Claim(s) (USD): $1.26 ($1.2646630487629114)

Next Claim Reward: 10 Claim(s) (WEI): 0.00045556312805712 WETH (455563128057120 wei)
Next Claim Reward: 10 Claim(s) (USD): $1.4 ($1.4043192629993806)

Net profit = (Gross Profit - Gas Cost [Avg])
$1.17 = ($1.4 - $0.24) $1.167900921594788 = ($1.4043192629993806 - $0.23641834140459264)


5b. 11 Claim(s):

Total gas cost: 11 Claim(s) (USD): $0.26 ($0.2604620506903751)

Claim Reward: 10 Claim(s) (WEI): 0.00045556312805712 WETH (455563128057120 wei)
Claim Reward: 10 Claim(s) (USD): $1.4 ($1.4043192629993806)

Next Claim Reward: 11 Claim(s) (WEI): 0.000500812130067062 WETH (500812130067062 wei)
Next Claim Reward: 11 Claim(s) (USD): $1.54 ($1.5438038727944297)

Net profit = (Gross Profit - Gas Cost [Avg])
$1.28 = ($1.54 - $0.26) $1.2833418221040547 = ($1.5438038727944297 - $0.2604620506903751)


5b. 12 Claim(s):

Total gas cost: 12 Claim(s) (USD): $0.28 ($0.2845057599761575)

Claim Reward: 11 Claim(s) (WEI): 0.000500812130067062 WETH (500812130067062 wei)
Claim Reward: 11 Claim(s) (USD): $1.54 ($1.5438038727944297)

Next Claim Reward: 12 Claim(s) (WEI): 0.000546005531760504 WETH (546005531760504 wei)
Next Claim Reward: 12 Claim(s) (USD): $1.68 ($1.6831170890093552)

Net profit = (Gross Profit - Gas Cost [Avg])
$1.4 = ($1.68 - $0.28) $1.3986113290331976 = ($1.6831170890093552 - $0.2845057599761575)


5b. 13 Claim(s):

Total gas cost: 13 Claim(s) (USD): $0.31 ($0.30854946926194)

Claim Reward: 12 Claim(s) (WEI): 0.000546005531760504 WETH (546005531760504 wei)
Claim Reward: 12 Claim(s) (USD): $1.68 ($1.6831170890093552)

Next Claim Reward: 13 Claim(s) (WEI): 0.000591143401457063 WETH (591143401457063 wei)
Next Claim Reward: 13 Claim(s) (USD): $1.82 ($1.8222591222462639)

Net profit = (Gross Profit - Gas Cost [Avg])
$1.51 = ($1.82 - $0.31) $1.513709652984324 = ($1.8222591222462639 - $0.30854946926194)


5b. 14 Claim(s):

Total gas cost: 14 Claim(s) (USD): $0.33 ($0.3325931785477224)

Claim Reward: 13 Claim(s) (WEI): 0.000591143401457063 WETH (591143401457063 wei)
Claim Reward: 13 Claim(s) (USD): $1.82 ($1.8222591222462639)

Next Claim Reward: 14 Claim(s) (WEI): 0.000636225807392434 WETH (636225807392434 wei)
Next Claim Reward: 14 Claim(s) (USD): $1.96 ($1.961230182848563)

Net profit = (Gross Profit - Gas Cost [Avg])
$1.63 = ($1.96 - $0.33) $1.6286370043008405 = ($1.961230182848563 - $0.3325931785477224)


5b. 15 Claim(s):

Total gas cost: 15 Claim(s) (USD): $0.36 ($0.35663688783350483)

Claim Reward: 14 Claim(s) (WEI): 0.000636225807392434 WETH (636225807392434 wei)
Claim Reward: 14 Claim(s) (USD): $1.96 ($1.961230182848563)

Next Claim Reward: 15 Claim(s) (WEI): 0.000681252817718445 WETH (681252817718445 wei)
Next Claim Reward: 15 Claim(s) (USD): $2.1 ($2.1000304809011325)

Net profit = (Gross Profit - Gas Cost [Avg])
$1.74 = ($2.1 - $0.36) $1.7433935930676276 = ($2.1000304809011325 - $0.35663688783350483)


5b. 16 Claim(s):

Total gas cost: 16 Claim(s) (USD): $0.38 ($0.38068059711928726)

Claim Reward: 15 Claim(s) (WEI): 0.000681252817718445 WETH (681252817718445 wei)
Claim Reward: 15 Claim(s) (USD): $2.1 ($2.1000304809011325)

Next Claim Reward: 16 Claim(s) (WEI): 0.0007262245005032 WETH (726224500503200 wei)
Next Claim Reward: 16 Claim(s) (USD): $2.24 ($2.2386602262307647)

Net profit = (Gross Profit - Gas Cost [Avg])
$1.86 = ($2.24 - $0.38) $1.8579796291114774 = ($2.2386602262307647 - $0.38068059711928726)


5b. 17 Claim(s):

Total gas cost: 17 Claim(s) (USD): $0.4 ($0.4047243064050697)

Claim Reward: 16 Claim(s) (WEI): 0.0007262245005032 WETH (726224500503200 wei)
Claim Reward: 16 Claim(s) (USD): $2.24 ($2.2386602262307647)

Next Claim Reward: 17 Claim(s) (WEI): 0.000771140923731155 WETH (771140923731155 wei)
Next Claim Reward: 17 Claim(s) (USD): $2.38 ($2.3771196284063976)

Net profit = (Gross Profit - Gas Cost [Avg])
$1.97 = ($2.38 - $0.4) $1.972395322001328 = ($2.3771196284063976 - $0.4047243064050697)


5b. 18 Claim(s):

Total gas cost: 18 Claim(s) (USD): $0.43 ($0.4287680156908521)

Claim Reward: 17 Claim(s) (WEI): 0.000771140923731155 WETH (771140923731155 wei)
Claim Reward: 17 Claim(s) (USD): $2.38 ($2.3771196284063976)

Next Claim Reward: 18 Claim(s) (WEI): 0.000816002155303218 WETH (816002155303218 wei)
Next Claim Reward: 18 Claim(s) (USD): $2.52 ($2.5154088967394244)

Net profit = (Gross Profit - Gas Cost [Avg])
$2.09 = ($2.52 - $0.43) $2.0866408810485724 = ($2.5154088967394244 - $0.4287680156908521)


5b. 19 Claim(s):

Total gas cost: 19 Claim(s) (USD): $0.45 ($0.4528117249766345)

Claim Reward: 18 Claim(s) (WEI): 0.000816002155303218 WETH (816002155303218 wei)
Claim Reward: 18 Claim(s) (USD): $2.52 ($2.5154088967394244)

Next Claim Reward: 19 Claim(s) (WEI): 0.000860808263036906 WETH (860808263036906 wei)
Next Claim Reward: 19 Claim(s) (USD): $2.65 ($2.653528240284177)

Net profit = (Gross Profit - Gas Cost [Avg])
$2.2 = ($2.65 - $0.45) $2.2007165153075428 = ($2.653528240284177 - $0.4528117249766345)


5b. 20 Claim(s):

Total gas cost: 20 Claim(s) (USD): $0.48 ($0.47685543426241694)

Claim Reward: 19 Claim(s) (WEI): 0.000860808263036906 WETH (860808263036906 wei)
Claim Reward: 19 Claim(s) (USD): $2.65 ($2.653528240284177)

Next Claim Reward: 20 Claim(s) (WEI): 0.00090555931466632 WETH (905559314666320 wei)
Next Claim Reward: 20 Claim(s) (USD): $2.79 ($2.79147786783785)

Net profit = (Gross Profit - Gas Cost [Avg])
$2.31 = ($2.79 - $0.48) $2.3146224335754333 = ($2.79147786783785 - $0.47685543426241694)


5b. 21 Claim(s):

Total gas cost: 21 Claim(s) (USD): $0.5 ($0.5008991435481993)

Claim Reward: 20 Claim(s) (WEI): 0.00090555931466632 WETH (905559314666320 wei)
Claim Reward: 20 Claim(s) (USD): $2.79 ($2.79147786783785)

Next Claim Reward: 21 Claim(s) (WEI): 0.000950255377842435 WETH (950255377842435 wei)
Next Claim Reward: 21 Claim(s) (USD): $2.93 ($2.9292579879413925)

Net profit = (Gross Profit - Gas Cost [Avg])
$2.43 = ($2.93 - $0.5) $2.428358844393193 = ($2.9292579879413925 - $0.5008991435481993)


5b. 22 Claim(s):

Total gas cost: 22 Claim(s) (USD): $0.52 ($0.5249428528339818)

Claim Reward: 21 Claim(s) (WEI): 0.000950255377842435 WETH (950255377842435 wei)
Claim Reward: 21 Claim(s) (USD): $2.93 ($2.9292579879413925)

Next Claim Reward: 22 Claim(s) (WEI): 0.000994896520133032 WETH (994896520133032 wei)
Next Claim Reward: 22 Claim(s) (USD): $3.07 ($3.066868808879301)

Net profit = (Gross Profit - Gas Cost [Avg])
$2.54 = ($3.07 - $0.52) $2.541925956045319 = ($3.066868808879301 - $0.5249428528339818)


5b. 23 Claim(s):

Total gas cost: 23 Claim(s) (USD): $0.55 ($0.5489865621197642)

Claim Reward: 22 Claim(s) (WEI): 0.000994896520133032 WETH (994896520133032 wei)
Claim Reward: 22 Claim(s) (USD): $3.07 ($3.066868808879301)

Next Claim Reward: 23 Claim(s) (WEI): 0.001039482809022875 WETH (1039482809022875 wei)
Next Claim Reward: 23 Claim(s) (USD): $3.2 ($3.204310538680162)

Net profit = (Gross Profit - Gas Cost [Avg])
$2.66 = ($3.2 - $0.55) $2.6553239765603975 = ($3.204310538680162 - $0.5489865621197642)


5b. 24 Claim(s):

Total gas cost: 24 Claim(s) (USD): $0.57 ($0.5730302714055466)

Claim Reward: 23 Claim(s) (WEI): 0.001039482809022875 WETH (1039482809022875 wei)
Claim Reward: 23 Claim(s) (USD): $3.2 ($3.204310538680162)

Next Claim Reward: 24 Claim(s) (WEI): 0.001084014311913816 WETH (1084014311913816 wei)
Next Claim Reward: 24 Claim(s) (USD): $3.34 ($3.341583385116979)

Net profit = (Gross Profit - Gas Cost [Avg])
$2.77 = ($3.34 - $0.57) $2.7685531137114325 = ($3.341583385116979 - $0.5730302714055466)


5b. 25 Claim(s):

Total gas cost: 25 Claim(s) (USD): $0.6 ($0.5970739806913291)

Claim Reward: 24 Claim(s) (WEI): 0.001084014311913816 WETH (1084014311913816 wei)
Claim Reward: 24 Claim(s) (USD): $3.34 ($3.341583385116979)

Next Claim Reward: 25 Claim(s) (WEI): 0.0011284910961249 WETH (1128491096124900 wei)
Next Claim Reward: 25 Claim(s) (USD): $3.48 ($3.478687555707494)

Net profit = (Gross Profit - Gas Cost [Avg])
$2.88 = ($3.48 - $0.6) $2.881613575016165 = ($3.478687555707494 - $0.5970739806913291)


5b. 26 Claim(s):

Total gas cost: 26 Claim(s) (USD): $0.62 ($0.6211176899771115)

Claim Reward: 25 Claim(s) (WEI): 0.0011284910961249 WETH (1128491096124900 wei)
Claim Reward: 25 Claim(s) (USD): $3.48 ($3.478687555707494)

Next Claim Reward: 26 Claim(s) (WEI): 0.001172913228892418 WETH (1172913228892418 wei)
Next Claim Reward: 26 Claim(s) (USD): $3.62 ($3.6156232577143514)

Net profit = (Gross Profit - Gas Cost [Avg])
$2.99 = ($3.62 - $0.62) $2.99450556773724 = ($3.6156232577143514 - $0.6211176899771115)


5b. 27 Claim(s):

Total gas cost: 27 Claim(s) (USD): $0.65 ($0.645161399262894)

Claim Reward: 26 Claim(s) (WEI): 0.001172913228892418 WETH (1172913228892418 wei)
Claim Reward: 26 Claim(s) (USD): $3.62 ($3.6156232577143514)

Next Claim Reward: 27 Claim(s) (WEI): 0.001217280777370056 WETH (1217280777370056 wei)
Next Claim Reward: 27 Claim(s) (USD): $3.75 ($3.7523906981455566)

Net profit = (Gross Profit - Gas Cost [Avg])
$3.11 = ($3.75 - $0.65) $3.107229298882663 = ($3.7523906981455566 - $0.645161399262894)


5b. 28 Claim(s):

Total gas cost: 28 Claim(s) (USD): $0.67 ($0.6692051085486763)

Claim Reward: 27 Claim(s) (WEI): 0.001217280777370056 WETH (1217280777370056 wei)
Claim Reward: 27 Claim(s) (USD): $3.75 ($3.7523906981455566)

Next Claim Reward: 28 Claim(s) (WEI): 0.001261593808629028 WETH (1261593808629028 wei)
Next Claim Reward: 28 Claim(s) (USD): $3.89 ($3.8889900837548885)

Net profit = (Gross Profit - Gas Cost [Avg])
$3.22 = ($3.89 - $0.67) $3.2197849752062124 = ($3.8889900837548885 - $0.6692051085486763)


5b. 29 Claim(s):

Total gas cost: 29 Claim(s) (USD): $0.69 ($0.6932488178344588)

Claim Reward: 28 Claim(s) (WEI): 0.001261593808629028 WETH (1261593808629028 wei)
Claim Reward: 28 Claim(s) (USD): $3.89 ($3.8889900837548885)

Next Claim Reward: 29 Claim(s) (WEI): 0.001305852389658041 WETH (1305852389658041 wei)
Next Claim Reward: 29 Claim(s) (USD): $4.03 ($4.025421621041789)

Net profit = (Gross Profit - Gas Cost [Avg])
$3.33 = ($4.03 - $0.69) $3.3321728032073303 = ($4.025421621041789 - $0.6932488178344588)


5b. 30 Claim(s):

Total gas cost: 30 Claim(s) (USD): $0.72 ($0.7172925271202412)

Claim Reward: 29 Claim(s) (WEI): 0.001305852389658041 WETH (1305852389658041 wei)
Claim Reward: 29 Claim(s) (USD): $4.03 ($4.025421621041789)

Next Claim Reward: 30 Claim(s) (WEI): 0.00135005658736359 WETH (1350056587363590 wei)
Next Claim Reward: 30 Claim(s) (USD): $4.16 ($4.161685516252272)

Net profit = (Gross Profit - Gas Cost [Avg])
$3.44 = ($4.16 - $0.72) $3.444392989132031 = ($4.161685516252272 - $0.7172925271202412)

******************
5c. Profit/Loss (USD):

Net profit = (Gross Profit - Gas Cost [Max])
$3.31 = ($4.03 - $0.72) $3.308129093921548 = ($4.025421621041789 - $0.7172925271202412)

Submitting transaction to claim 29 prize(s):

0x7fad91a4a29109303188d8758f1a9d60ce988349-0x6B813ca867eCAF5ff351E0943efCf502D1b8E87f-4-126
0x7fad91a4a29109303188d8758f1a9d60ce988349-0x2f586425e3Bb9e451c58c6645bad364F47eDD6c3-4-180
0x7fad91a4a29109303188d8758f1a9d60ce988349-0x52Ef3Ba1Ef500f5787b7309aE33E7b64f2A4E50b-4-223
0x7fad91a4a29109303188d8758f1a9d60ce988349-0x9E2630E4e69C6e0eF752446f5C53B3D63d3Ff8aa-4-166
0x7fad91a4a29109303188d8758f1a9d60ce988349-0x01Da14dea7bfD60ec886F66E54bAa5c4cbF3b83e-4-211
0x7fad91a4a29109303188d8758f1a9d60ce988349-0xe3683F21Cb917A3bc3b4F45CB725DDdF8a24955f-4-24
0x7fad91a4a29109303188d8758f1a9d60ce988349-0x0eD128B90F88b5dD90766adaf787CA6A6fD09E34-4-149
0x7fad91a4a29109303188d8758f1a9d60ce988349-0x0bE8c9c1d6Ee2ad5A6674910f002E6722Cc7Dc76-4-226
0x7fad91a4a29109303188d8758f1a9d60ce988349-0xD2A45b1516A70f3DDdB0FF05d71B2676E7655ba5-4-69
0x7fad91a4a29109303188d8758f1a9d60ce988349-0xDCfE9aA76909E6E0E52c72343e47Ae624381F10D-4-98
0x7fad91a4a29109303188d8758f1a9d60ce988349-0xC339e587fc373c8bbf1681c554815c04238e44AA-4-210
0x7fad91a4a29109303188d8758f1a9d60ce988349-0x81a9A979a1F63d4cAA61CcB439942Cd5542dBC34-4-128
0x7fad91a4a29109303188d8758f1a9d60ce988349-0x37D302018083D0a42d348e665d2b371c8B178D65-4-242
0x7fad91a4a29109303188d8758f1a9d60ce988349-0x7835b6D4fA31fb187C114c47711A9E05C492f6e4-4-167
0x7fad91a4a29109303188d8758f1a9d60ce988349-0x1d9B44ED976fDf05f02062d097aB965965b490C1-4-173
0x7fad91a4a29109303188d8758f1a9d60ce988349-0x88CF9c2127d1B6CE824368cDD0FC213bA1342dDe-4-207
0x7fad91a4a29109303188d8758f1a9d60ce988349-0x66b948F181FBFbb49623cf72CdCd95ca26DA324B-4-151
0x7fad91a4a29109303188d8758f1a9d60ce988349-0x5E0df1Fd0614D040c155d2b04Adc74E21aA884b2-4-182
0x7fad91a4a29109303188d8758f1a9d60ce988349-0x593F56bc779b393C0022E027Ac65b6291B371aDF-4-201
0x7fad91a4a29109303188d8758f1a9d60ce988349-0xB73bb9a7AB5474C5ba2cC4a4B0E50d71295F4529-4-217
0x7fad91a4a29109303188d8758f1a9d60ce988349-0x0FbA22Fb3694Bebf900bBF5C5aFbA0A634D29075-4-183
0x7fad91a4a29109303188d8758f1a9d60ce988349-0x02A21BaA84b6793E20f99D688C06FBaD075E207f-4-226
0x7fad91a4a29109303188d8758f1a9d60ce988349-0xFf4daDa8e82a6CDdfe7A2BEeE14EfbE34E548228-4-141
0x7fad91a4a29109303188d8758f1a9d60ce988349-0x566705Daa7DC130Ee61fa4F8f5f47F4BaF2501dE-4-92
0x7fad91a4a29109303188d8758f1a9d60ce988349-0xe0e7b7C5aE92Fe94D2ae677D81214D6Ad7A11C27-4-123
0x7fad91a4a29109303188d8758f1a9d60ce988349-0x85b309994B63b8e53ABA955161aDe8Dc955be877-4-81
0x7fad91a4a29109303188d8758f1a9d60ce988349-0xCB2BA0cebEAD604a01E0D3e4789C063dc4812c7D-4-63
0x7fad91a4a29109303188d8758f1a9d60ce988349-0xB353f02D9Dde5baBfeFC5BeBdcF2D6Bb231E4b8f-4-25
0x7fad91a4a29109303188d8758f1a9d60ce988349-0x80B83b7225Dc2910d1E78b827B421a338C578701-4-32



Execute Claim Transaction for Tier #4



Transaction sent! ✔
Transaction hash: 0xe9d365f9743dd6bf85fdd22b41156b3920e83382062fd60854db2335346e9495
Waiting on transaction to be confirmed ...
Tx confirmed !




******************
Processing:
Vault:     0x33335296c9b020ca3252e4953c11decfdce816b8
Tier:      #5 (Canary tier)
# prizes:  400

5a. Calculating # of profitable claims ...

Native (Gas) Token ETH Market Rate (USD): $3085.71

Estimated gas limit (wei) (1 prize claim): 0.000000000000185409 ETH (185409 wei)
Estimated gas limit (wei) (2 prize claims): 0.000000000000266121 ETH (266121 wei)

Gas Cost: First Claim (wei): 0.000000000000185409 ETH (185409 wei)
Gas Cost: Each Following Claim (wei): 0.000000000000080712 ETH (80712 wei)

Gas Cost: First Claim (USD): $0.02 $0.019965637895080282
Gas Cost: Each Following Claim (USD): $0.02 $0.02412128051399235

5b. 1 Claim(s):

Total gas cost: 1 Claim(s) (USD): $0.02 ($0.019965637895080282)

Next Claim Reward: 1 Claim(s) (WEI): 0.000013132948374663 WETH (13132948374663 wei)
Next Claim Reward: 1 Claim(s) (USD): $0.04 ($0.04048363716609486)

Net profit = (Gross Profit - Gas Cost [Avg])
$0.02 = ($0.04 - $0.02) $0.02051799927101458 = ($0.04048363716609486 - $0.019965637895080282)

******************
5c. Profit/Loss (USD):

Net profit = (Gross Profit - Gas Cost [Max])
$-0.02 = ($0 - $0.02) $-0.019965637895080282 = ($0 - $0.019965637895080282)

Claiming tier #5 (Canary tier) currently not profitable.
Not profitable to claim for Draw #27, Tier: #5 (Canary tier)




******************
Processing:
Vault:     0x75b2f4b3ec5adf7077f928992524cc547e74f768
Tier:      #5 (Canary tier)
# prizes:  41

Tier #5 (Canary tier) not profitable, skipping ...





******************
Processing:
Vault:     0x7fad91a4a29109303188d8758f1a9d60ce988349
Tier:      #5 (Canary tier)
# prizes:  559

Tier #5 (Canary tier) not profitable, skipping ...





******************
Processing:
Vault:     0xc0832b2d1380ec5550f86cd6c6bc2e9402c1f55c
Tier:      #5 (Canary tier)
# prizes:  3

Tier #5 (Canary tier) not profitable, skipping ...





******************
Processing:
Vault:     0xdea4278d8b01b71523bfd6a8fc36fea67f349e47
Tier:      #5 (Canary tier)
# prizes:  1

Tier #5 (Canary tier) not profitable, skipping ...





******************
Processing:
Vault:     0x33335296c9b020ca3252e4953c11decfdce816b8
Tier:      #6 (Canary tier)
# prizes:  1476

Tier #6 (Canary tier) not profitable, skipping ...





******************
Processing:
Vault:     0x75b2f4b3ec5adf7077f928992524cc547e74f768
Tier:      #6 (Canary tier)
# prizes:  235

Tier #6 (Canary tier) not profitable, skipping ...





******************
Processing:
Vault:     0x7fad91a4a29109303188d8758f1a9d60ce988349
Tier:      #6 (Canary tier)
# prizes:  2349

Tier #6 (Canary tier) not profitable, skipping ...





******************
Processing:
Vault:     0xc0832b2d1380ec5550f86cd6c6bc2e9402c1f55c
Tier:      #6 (Canary tier)
# prizes:  4

Tier #6 (Canary tier) not profitable, skipping ...





******************
Processing:
Vault:     0xdea4278d8b01b71523bfd6a8fc36fea67f349e47
Tier:      #6 (Canary tier)
# prizes:  4

Tier #6 (Canary tier) not profitable, skipping ...

