Operating on: 11155420 - Optimism Sepolia

Config - REWARD_RECIPIENT not provided, setting swap recipient to relayer address: 0x06003274c3a7926c04cA8d6903cc691fE8f3CEC2
Config - MIN_PROFIT_THRESHOLD_USD: -0.3

Starting ...
Getting prize pool info ...
Getting prize context ...

******************
1. Prize token: WETH

┌────────────┬──────────────────────────────────────────────┬──────────┬─────────────────┬────────┬──────────────┐
│ (index)    │ address                                      │ decimals │ name            │ symbol │ assetRateUsd │
├────────────┼──────────────────────────────────────────────┼──────────┼─────────────────┼────────┼──────────────┤
│ prizeToken │ '0xC355F97a3Aa2808Acb536E555764b8FB26fB4b37' │ 18       │ 'Wrapped Ether' │ 'WETH' │ 3253.758     │
└────────────┴──────────────────────────────────────────────┴──────────┴─────────────────┴────────┴──────────────┘
┌─────────┬──────────┬───────────────────────────────┐
│ (index) │ numTiers │ tiersRangeArray               │
├─────────┼──────────┼───────────────────────────────┤
│ tiers   │ 7        │ [ 0, 1, 2, ... 4 more items ] │
└─────────┴──────────┴───────────────────────────────┘
Draw ID: 15
Prize Token WETH MarketRate USD:  $3253.758

******************
Getting prize vaults ...
Found 6 prize vaults.

499 prizes already claimed for draw #15.
4818 prizes remaining to be claimed...




******************
Processing:
Vault:     0x33335296c9b020ca3252e4953c11decfdce816b8
Tier:      #5 (Canary tier)
# prizes:  270

5a. Calculating # of profitable claims ...

Native (Gas) Token ETH Market Rate (USD): $3254.41

Estimated gas limit (wei) (1 prize claim): 0.000000000000180759 ETH (180759 wei)
Estimated gas limit (wei) (2 prize claims): 0.000000000000258837 ETH (258837 wei)

Gas Cost: First Claim (wei): 0.000000000000180759 ETH (180759 wei)
Gas Cost: Each Following Claim (wei): 0.000000000000078078 ETH (78078 wei)

Gas Cost: First Claim (USD): $0.02 $0.01813995268096866
Gas Cost: Each Following Claim (USD): $0.02 $0.02185912984942128

5b. 1 Claim(s):

Total gas cost: 1 Claim(s) (USD): $0.02 ($0.01813995268096866)

Next Claim Reward: 1 Claim(s) (WEI): 0.000009829282910655 WETH (9829282910655 wei)
Next Claim Reward: 1 Claim(s) (USD): $0.03 ($0.03198210790480699)

Net profit = (Gross Profit - Gas Cost [Avg])
$0.01 = ($0.03 - $0.02) $0.013842155223838328 = ($0.03198210790480699 - $0.01813995268096866)


5b. 2 Claim(s):

Total gas cost: 2 Claim(s) (USD): $0.04 ($0.039999082530389946)

Claim Reward: 1 Claim(s) (WEI): 0.000009829282910655 WETH (9829282910655 wei)
Claim Reward: 1 Claim(s) (USD): $0.03 ($0.03198210790480699)

Next Claim Reward: 2 Claim(s) (WEI): 0.00001965856582131 WETH (19658565821310 wei)
Next Claim Reward: 2 Claim(s) (USD): $0.06 ($0.06396421580961398)

Net profit = (Gross Profit - Gas Cost [Avg])
$0.02 = ($0.06 - $0.04) $0.023965133279224032 = ($0.06396421580961398 - $0.039999082530389946)


5b. 3 Claim(s):

Total gas cost: 3 Claim(s) (USD): $0.06 ($0.06185821237981122)

Claim Reward: 2 Claim(s) (WEI): 0.00001965856582131 WETH (19658565821310 wei)
Claim Reward: 2 Claim(s) (USD): $0.06 ($0.06396421580961398)

Next Claim Reward: 3 Claim(s) (WEI): 0.000029487848731965 WETH (29487848731965 wei)
Next Claim Reward: 3 Claim(s) (USD): $0.1 ($0.09594632371442097)

Net profit = (Gross Profit - Gas Cost [Avg])
$0.03 = ($0.1 - $0.06) $0.03408811133460975 = ($0.09594632371442097 - $0.06185821237981122)


5b. 4 Claim(s):

Total gas cost: 4 Claim(s) (USD): $0.08 ($0.0837173422292325)

Claim Reward: 3 Claim(s) (WEI): 0.000029487848731965 WETH (29487848731965 wei)
Claim Reward: 3 Claim(s) (USD): $0.1 ($0.09594632371442097)

Next Claim Reward: 4 Claim(s) (WEI): 0.00003931713164262 WETH (39317131642620 wei)
Next Claim Reward: 4 Claim(s) (USD): $0.13 ($0.12792843161922796)

Net profit = (Gross Profit - Gas Cost [Avg])
$0.04 = ($0.13 - $0.08) $0.04421108938999546 = ($0.12792843161922796 - $0.0837173422292325)


5b. 5 Claim(s):

Total gas cost: 5 Claim(s) (USD): $0.11 ($0.10557647207865378)

Claim Reward: 4 Claim(s) (WEI): 0.00003931713164262 WETH (39317131642620 wei)
Claim Reward: 4 Claim(s) (USD): $0.13 ($0.12792843161922796)

Next Claim Reward: 5 Claim(s) (WEI): 0.000049146414553275 WETH (49146414553275 wei)
Next Claim Reward: 5 Claim(s) (USD): $0.16 ($0.15991053952403494)

Net profit = (Gross Profit - Gas Cost [Avg])
$0.05 = ($0.16 - $0.11) $0.05433406744538116 = ($0.15991053952403494 - $0.10557647207865378)


5b. 6 Claim(s):

Total gas cost: 6 Claim(s) (USD): $0.13 ($0.12743560192807507)

Claim Reward: 5 Claim(s) (WEI): 0.000049146414553275 WETH (49146414553275 wei)
Claim Reward: 5 Claim(s) (USD): $0.16 ($0.15991053952403494)

Next Claim Reward: 6 Claim(s) (WEI): 0.00005897569746393 WETH (58975697463930 wei)
Next Claim Reward: 6 Claim(s) (USD): $0.19 ($0.19189264742884193)

Net profit = (Gross Profit - Gas Cost [Avg])
$0.06 = ($0.19 - $0.13) $0.06445704550076686 = ($0.19189264742884193 - $0.12743560192807507)


5b. 7 Claim(s):

Total gas cost: 7 Claim(s) (USD): $0.15 ($0.14929473177749633)

Claim Reward: 6 Claim(s) (WEI): 0.00005897569746393 WETH (58975697463930 wei)
Claim Reward: 6 Claim(s) (USD): $0.19 ($0.19189264742884193)

Next Claim Reward: 7 Claim(s) (WEI): 0.000068804980374585 WETH (68804980374585 wei)
Next Claim Reward: 7 Claim(s) (USD): $0.22 ($0.22387475533364892)

Net profit = (Gross Profit - Gas Cost [Avg])
$0.07 = ($0.22 - $0.15) $0.07458002355615259 = ($0.22387475533364892 - $0.14929473177749633)


5b. 8 Claim(s):

Total gas cost: 8 Claim(s) (USD): $0.17 ($0.17115386162691762)

Claim Reward: 7 Claim(s) (WEI): 0.000068804980374585 WETH (68804980374585 wei)
Claim Reward: 7 Claim(s) (USD): $0.22 ($0.22387475533364892)

Next Claim Reward: 8 Claim(s) (WEI): 0.00007863426328524 WETH (78634263285240 wei)
Next Claim Reward: 8 Claim(s) (USD): $0.26 ($0.2558568632384559)

Net profit = (Gross Profit - Gas Cost [Avg])
$0.08 = ($0.26 - $0.17) $0.08470300161153829 = ($0.2558568632384559 - $0.17115386162691762)


5b. 9 Claim(s):

Total gas cost: 9 Claim(s) (USD): $0.19 ($0.1930129914763389)

Claim Reward: 8 Claim(s) (WEI): 0.00007863426328524 WETH (78634263285240 wei)
Claim Reward: 8 Claim(s) (USD): $0.26 ($0.2558568632384559)

Next Claim Reward: 9 Claim(s) (WEI): 0.000088463546195895 WETH (88463546195895 wei)
Next Claim Reward: 9 Claim(s) (USD): $0.29 ($0.2878389711432629)

Net profit = (Gross Profit - Gas Cost [Avg])
$0.09 = ($0.29 - $0.19) $0.09482597966692399 = ($0.2878389711432629 - $0.1930129914763389)


5b. 10 Claim(s):

Total gas cost: 10 Claim(s) (USD): $0.21 ($0.2148721213257602)

Claim Reward: 9 Claim(s) (WEI): 0.000088463546195895 WETH (88463546195895 wei)
Claim Reward: 9 Claim(s) (USD): $0.29 ($0.2878389711432629)

Next Claim Reward: 10 Claim(s) (WEI): 0.00009829282910655 WETH (98292829106550 wei)
Next Claim Reward: 10 Claim(s) (USD): $0.32 ($0.3198210790480699)

Net profit = (Gross Profit - Gas Cost [Avg])
$0.1 = ($0.32 - $0.21) $0.1049489577223097 = ($0.3198210790480699 - $0.2148721213257602)


5b. 11 Claim(s):

Total gas cost: 11 Claim(s) (USD): $0.24 ($0.23673125117518148)

Claim Reward: 10 Claim(s) (WEI): 0.00009829282910655 WETH (98292829106550 wei)
Claim Reward: 10 Claim(s) (USD): $0.32 ($0.3198210790480699)

Next Claim Reward: 11 Claim(s) (WEI): 0.000108122112017205 WETH (108122112017205 wei)
Next Claim Reward: 11 Claim(s) (USD): $0.35 ($0.35180318695287693)

Net profit = (Gross Profit - Gas Cost [Avg])
$0.12 = ($0.35 - $0.24) $0.11507193577769545 = ($0.35180318695287693 - $0.23673125117518148)


5b. 12 Claim(s):

Total gas cost: 12 Claim(s) (USD): $0.26 ($0.25859038102460274)

Claim Reward: 11 Claim(s) (WEI): 0.000108122112017205 WETH (108122112017205 wei)
Claim Reward: 11 Claim(s) (USD): $0.35 ($0.35180318695287693)

Next Claim Reward: 12 Claim(s) (WEI): 0.00011795139492786 WETH (117951394927860 wei)
Next Claim Reward: 12 Claim(s) (USD): $0.38 ($0.38378529485768387)

Net profit = (Gross Profit - Gas Cost [Avg])
$0.13 = ($0.38 - $0.26) $0.12519491383308112 = ($0.38378529485768387 - $0.25859038102460274)


5b. 13 Claim(s):

Total gas cost: 13 Claim(s) (USD): $0.28 ($0.28044951087402403)

Claim Reward: 12 Claim(s) (WEI): 0.00011795139492786 WETH (117951394927860 wei)
Claim Reward: 12 Claim(s) (USD): $0.38 ($0.38378529485768387)

Next Claim Reward: 13 Claim(s) (WEI): 0.000127780677838515 WETH (127780677838515 wei)
Next Claim Reward: 13 Claim(s) (USD): $0.42 ($0.41576740276249086)

Net profit = (Gross Profit - Gas Cost [Avg])
$0.14 = ($0.42 - $0.28) $0.13531789188846682 = ($0.41576740276249086 - $0.28044951087402403)


5b. 14 Claim(s):

Total gas cost: 14 Claim(s) (USD): $0.3 ($0.3023086407234453)

Claim Reward: 13 Claim(s) (WEI): 0.000127780677838515 WETH (127780677838515 wei)
Claim Reward: 13 Claim(s) (USD): $0.42 ($0.41576740276249086)

Next Claim Reward: 14 Claim(s) (WEI): 0.00013760996074917 WETH (137609960749170 wei)
Next Claim Reward: 14 Claim(s) (USD): $0.45 ($0.44774951066729785)

Net profit = (Gross Profit - Gas Cost [Avg])
$0.15 = ($0.45 - $0.3) $0.14544086994385252 = ($0.44774951066729785 - $0.3023086407234453)


5b. 15 Claim(s):

Total gas cost: 15 Claim(s) (USD): $0.32 ($0.3241677705728666)

Claim Reward: 14 Claim(s) (WEI): 0.00013760996074917 WETH (137609960749170 wei)
Claim Reward: 14 Claim(s) (USD): $0.45 ($0.44774951066729785)

Next Claim Reward: 15 Claim(s) (WEI): 0.000147439243659825 WETH (147439243659825 wei)
Next Claim Reward: 15 Claim(s) (USD): $0.48 ($0.47973161857210483)

Net profit = (Gross Profit - Gas Cost [Avg])
$0.16 = ($0.48 - $0.32) $0.15556384799923823 = ($0.47973161857210483 - $0.3241677705728666)


5b. 16 Claim(s):

Total gas cost: 16 Claim(s) (USD): $0.35 ($0.3460269004222879)

Claim Reward: 15 Claim(s) (WEI): 0.000147439243659825 WETH (147439243659825 wei)
Claim Reward: 15 Claim(s) (USD): $0.48 ($0.47973161857210483)

Next Claim Reward: 16 Claim(s) (WEI): 0.00015726852657048 WETH (157268526570480 wei)
Next Claim Reward: 16 Claim(s) (USD): $0.51 ($0.5117137264769118)

Net profit = (Gross Profit - Gas Cost [Avg])
$0.17 = ($0.51 - $0.35) $0.16568682605462393 = ($0.5117137264769118 - $0.3460269004222879)


5b. 17 Claim(s):

Total gas cost: 17 Claim(s) (USD): $0.37 ($0.3678860302717092)

Claim Reward: 16 Claim(s) (WEI): 0.00015726852657048 WETH (157268526570480 wei)
Claim Reward: 16 Claim(s) (USD): $0.51 ($0.5117137264769118)

Next Claim Reward: 17 Claim(s) (WEI): 0.000167097809481135 WETH (167097809481135 wei)
Next Claim Reward: 17 Claim(s) (USD): $0.54 ($0.5436958343817189)

Net profit = (Gross Profit - Gas Cost [Avg])
$0.18 = ($0.54 - $0.37) $0.17580980411000968 = ($0.5436958343817189 - $0.3678860302717092)


5b. 18 Claim(s):

Total gas cost: 18 Claim(s) (USD): $0.39 ($0.3897451601211305)

Claim Reward: 17 Claim(s) (WEI): 0.000167097809481135 WETH (167097809481135 wei)
Claim Reward: 17 Claim(s) (USD): $0.54 ($0.5436958343817189)

Next Claim Reward: 18 Claim(s) (WEI): 0.00017692709239179 WETH (176927092391790 wei)
Next Claim Reward: 18 Claim(s) (USD): $0.58 ($0.5756779422865258)

Net profit = (Gross Profit - Gas Cost [Avg])
$0.19 = ($0.58 - $0.39) $0.18593278216539533 = ($0.5756779422865258 - $0.3897451601211305)


5b. 19 Claim(s):

Total gas cost: 19 Claim(s) (USD): $0.41 ($0.41160428997055176)

Claim Reward: 18 Claim(s) (WEI): 0.00017692709239179 WETH (176927092391790 wei)
Claim Reward: 18 Claim(s) (USD): $0.58 ($0.5756779422865258)

Next Claim Reward: 19 Claim(s) (WEI): 0.000186756375302445 WETH (186756375302445 wei)
Next Claim Reward: 19 Claim(s) (USD): $0.61 ($0.6076600501913327)

Net profit = (Gross Profit - Gas Cost [Avg])
$0.2 = ($0.61 - $0.41) $0.19605576022078097 = ($0.6076600501913327 - $0.41160428997055176)


5b. 20 Claim(s):

Total gas cost: 20 Claim(s) (USD): $0.43 ($0.43346341981997305)

Claim Reward: 19 Claim(s) (WEI): 0.000186756375302445 WETH (186756375302445 wei)
Claim Reward: 19 Claim(s) (USD): $0.61 ($0.6076600501913327)

Next Claim Reward: 20 Claim(s) (WEI): 0.0001965856582131 WETH (196585658213100 wei)
Next Claim Reward: 20 Claim(s) (USD): $0.64 ($0.6396421580961398)

Net profit = (Gross Profit - Gas Cost [Avg])
$0.21 = ($0.64 - $0.43) $0.20617873827616673 = ($0.6396421580961398 - $0.43346341981997305)


5b. 21 Claim(s):

Total gas cost: 21 Claim(s) (USD): $0.46 ($0.45532254966939434)

Claim Reward: 20 Claim(s) (WEI): 0.0001965856582131 WETH (196585658213100 wei)
Claim Reward: 20 Claim(s) (USD): $0.64 ($0.6396421580961398)

Next Claim Reward: 21 Claim(s) (WEI): 0.000206414941123755 WETH (206414941123755 wei)
Next Claim Reward: 21 Claim(s) (USD): $0.67 ($0.6716242660009468)

Net profit = (Gross Profit - Gas Cost [Avg])
$0.22 = ($0.67 - $0.46) $0.21630171633155248 = ($0.6716242660009468 - $0.45532254966939434)


5b. 22 Claim(s):

Total gas cost: 22 Claim(s) (USD): $0.48 ($0.47718167951881557)

Claim Reward: 21 Claim(s) (WEI): 0.000206414941123755 WETH (206414941123755 wei)
Claim Reward: 21 Claim(s) (USD): $0.67 ($0.6716242660009468)

Next Claim Reward: 22 Claim(s) (WEI): 0.00021624422403441 WETH (216244224034410 wei)
Next Claim Reward: 22 Claim(s) (USD): $0.7 ($0.7036063739057539)

Net profit = (Gross Profit - Gas Cost [Avg])
$0.23 = ($0.7 - $0.48) $0.2264246943869383 = ($0.7036063739057539 - $0.47718167951881557)


5b. 23 Claim(s):

Total gas cost: 23 Claim(s) (USD): $0.5 ($0.49904080936823686)

Claim Reward: 22 Claim(s) (WEI): 0.00021624422403441 WETH (216244224034410 wei)
Claim Reward: 22 Claim(s) (USD): $0.7 ($0.7036063739057539)

Next Claim Reward: 23 Claim(s) (WEI): 0.000226073506945065 WETH (226073506945065 wei)
Next Claim Reward: 23 Claim(s) (USD): $0.74 ($0.7355884818105608)

Net profit = (Gross Profit - Gas Cost [Avg])
$0.24 = ($0.74 - $0.5) $0.23654767244232394 = ($0.7355884818105608 - $0.49904080936823686)


5b. 24 Claim(s):

Total gas cost: 24 Claim(s) (USD): $0.52 ($0.5208999392176582)

Claim Reward: 23 Claim(s) (WEI): 0.000226073506945065 WETH (226073506945065 wei)
Claim Reward: 23 Claim(s) (USD): $0.74 ($0.7355884818105608)

Next Claim Reward: 24 Claim(s) (WEI): 0.00023590278985572 WETH (235902789855720 wei)
Next Claim Reward: 24 Claim(s) (USD): $0.77 ($0.7675705897153677)

Net profit = (Gross Profit - Gas Cost [Avg])
$0.25 = ($0.77 - $0.52) $0.24667065049770953 = ($0.7675705897153677 - $0.5208999392176582)


5b. 25 Claim(s):

Total gas cost: 25 Claim(s) (USD): $0.54 ($0.5427590690670794)

Claim Reward: 24 Claim(s) (WEI): 0.00023590278985572 WETH (235902789855720 wei)
Claim Reward: 24 Claim(s) (USD): $0.77 ($0.7675705897153677)

Next Claim Reward: 25 Claim(s) (WEI): 0.000245732072766375 WETH (245732072766375 wei)
Next Claim Reward: 25 Claim(s) (USD): $0.8 ($0.7995526976201747)

Net profit = (Gross Profit - Gas Cost [Avg])
$0.26 = ($0.8 - $0.54) $0.2567936285530953 = ($0.7995526976201747 - $0.5427590690670794)


5b. 26 Claim(s):

Total gas cost: 26 Claim(s) (USD): $0.56 ($0.5646181989165007)

Claim Reward: 25 Claim(s) (WEI): 0.000245732072766375 WETH (245732072766375 wei)
Claim Reward: 25 Claim(s) (USD): $0.8 ($0.7995526976201747)

Next Claim Reward: 26 Claim(s) (WEI): 0.00025556135567703 WETH (255561355677030 wei)
Next Claim Reward: 26 Claim(s) (USD): $0.83 ($0.8315348055249817)

Net profit = (Gross Profit - Gas Cost [Avg])
$0.27 = ($0.83 - $0.56) $0.26691660660848104 = ($0.8315348055249817 - $0.5646181989165007)


5b. 27 Claim(s):

Total gas cost: 27 Claim(s) (USD): $0.59 ($0.586477328765922)

Claim Reward: 26 Claim(s) (WEI): 0.00025556135567703 WETH (255561355677030 wei)
Claim Reward: 26 Claim(s) (USD): $0.83 ($0.8315348055249817)

Next Claim Reward: 27 Claim(s) (WEI): 0.000265390638587685 WETH (265390638587685 wei)
Next Claim Reward: 27 Claim(s) (USD): $0.86 ($0.8635169134297888)

Net profit = (Gross Profit - Gas Cost [Avg])
$0.28 = ($0.86 - $0.59) $0.2770395846638668 = ($0.8635169134297888 - $0.586477328765922)


5b. 28 Claim(s):

Total gas cost: 28 Claim(s) (USD): $0.61 ($0.6083364586153432)

Claim Reward: 27 Claim(s) (WEI): 0.000265390638587685 WETH (265390638587685 wei)
Claim Reward: 27 Claim(s) (USD): $0.86 ($0.8635169134297888)

Next Claim Reward: 28 Claim(s) (WEI): 0.00027521992149834 WETH (275219921498340 wei)
Next Claim Reward: 28 Claim(s) (USD): $0.9 ($0.8954990213345957)

Net profit = (Gross Profit - Gas Cost [Avg])
$0.29 = ($0.9 - $0.61) $0.28716256271925245 = ($0.8954990213345957 - $0.6083364586153432)


5b. 29 Claim(s):

Total gas cost: 29 Claim(s) (USD): $0.63 ($0.6301955884647645)

Claim Reward: 28 Claim(s) (WEI): 0.00027521992149834 WETH (275219921498340 wei)
Claim Reward: 28 Claim(s) (USD): $0.9 ($0.8954990213345957)

Next Claim Reward: 29 Claim(s) (WEI): 0.000285049204408995 WETH (285049204408995 wei)
Next Claim Reward: 29 Claim(s) (USD): $0.93 ($0.9274811292394027)

Net profit = (Gross Profit - Gas Cost [Avg])
$0.3 = ($0.93 - $0.63) $0.2972855407746382 = ($0.9274811292394027 - $0.6301955884647645)


5b. 30 Claim(s):

Total gas cost: 30 Claim(s) (USD): $0.65 ($0.6520547183141858)

Claim Reward: 29 Claim(s) (WEI): 0.000285049204408995 WETH (285049204408995 wei)
Claim Reward: 29 Claim(s) (USD): $0.93 ($0.9274811292394027)

Next Claim Reward: 30 Claim(s) (WEI): 0.00029487848731965 WETH (294878487319650 wei)
Next Claim Reward: 30 Claim(s) (USD): $0.96 ($0.9594632371442097)

Net profit = (Gross Profit - Gas Cost [Avg])
$0.31 = ($0.96 - $0.65) $0.30740851883002385 = ($0.9594632371442097 - $0.6520547183141858)

******************
5c. Profit/Loss (USD):

Net profit = (Gross Profit - Gas Cost [Max])
$0.28 = ($0.93 - $0.65) $0.2754264109252169 = ($0.9274811292394027 - $0.6520547183141858)

Submitting transaction to claim 29 prize(s):

0x33335296c9b020ca3252e4953c11decfdce816b8-0xC160c42e462c70695c7CBfc037869d851bfeA2F0-5-407
0x33335296c9b020ca3252e4953c11decfdce816b8-0xB5742bB3Cbc2aa316c921987d14c060B89908ecf-5-634
0x33335296c9b020ca3252e4953c11decfdce816b8-0x0d35981d376E0554b20B9A33EF8aD4faa4340B7b-5-89
0x33335296c9b020ca3252e4953c11decfdce816b8-0x98dfCf01ea607a6617bE31903D5b2AD7904F75a2-5-965
0x33335296c9b020ca3252e4953c11decfdce816b8-0xa94738B64b7a3DeD3543105837156C6D59Dea18E-5-228
0x33335296c9b020ca3252e4953c11decfdce816b8-0xC7feDb43cb01f0993a61b9DFA0f7f7d70536F4A8-5-201
0x33335296c9b020ca3252e4953c11decfdce816b8-0x04917010A932117103238936c99206496fd2ad28-5-5
0x33335296c9b020ca3252e4953c11decfdce816b8-0x04917010A932117103238936c99206496fd2ad28-5-525
0x33335296c9b020ca3252e4953c11decfdce816b8-0xb0a741C31438206458891e2F03FF3E7e83BfB824-5-449
0x33335296c9b020ca3252e4953c11decfdce816b8-0x31119b8793fa2a5D97892c559b416C73d76879a6-5-764
0x33335296c9b020ca3252e4953c11decfdce816b8-0x99d4D8F83C9e3715A4F91A719556Bcf7890AA01D-5-986
0x33335296c9b020ca3252e4953c11decfdce816b8-0x191E33955e27F70899B3E5Fd16cc3643b67be739-5-1021
0x33335296c9b020ca3252e4953c11decfdce816b8-0x6eB867bFFCFf6c949B2B0c5E675E39eEbe6b812B-5-567
0x33335296c9b020ca3252e4953c11decfdce816b8-0xff6311eCa1465B0e85ca1bd43CDb8C7D51925EB6-5-93
0x33335296c9b020ca3252e4953c11decfdce816b8-0xa09a1Ab1C44b2E97436D2D7cB9F92B48b989a28E-5-423
0x33335296c9b020ca3252e4953c11decfdce816b8-0xCA3B15946533642123e037fcE5463378E68a2d88-5-551
0x33335296c9b020ca3252e4953c11decfdce816b8-0x737221e014b949Fc1850460CDD87bEBd933d176C-5-729
0x33335296c9b020ca3252e4953c11decfdce816b8-0xAc5C7495270bd22eedd8cA85808033aF4c5527E6-5-152
0x33335296c9b020ca3252e4953c11decfdce816b8-0xA5C92214Ed6f5fA25DcbD44EF3eb601dC53ac4df-5-843
0x33335296c9b020ca3252e4953c11decfdce816b8-0x4A82b4371be2A9a77Db111b32dB139788f23518f-5-158
0x33335296c9b020ca3252e4953c11decfdce816b8-0x5BEdDdC7D4be88d51987f4cA1e8c16Fe0F83747A-5-112
0x33335296c9b020ca3252e4953c11decfdce816b8-0x8E1eCEF231632f51BDD6354558e744d5082ba1c5-5-929
0x33335296c9b020ca3252e4953c11decfdce816b8-0x30f0e9618C7D30348cDA68cB231C82b779Ed325D-5-23
0x33335296c9b020ca3252e4953c11decfdce816b8-0x3487343139cb343893E6444eE4f7c0299FcAe1c9-5-846
0x33335296c9b020ca3252e4953c11decfdce816b8-0xcD5cDE4d129de0098d2524D42ceeF1eb84F3a416-5-999
0x33335296c9b020ca3252e4953c11decfdce816b8-0x8842cF6525cD1e771D464F862DdA050BDCAbcc9c-5-208
0x33335296c9b020ca3252e4953c11decfdce816b8-0x5625B7995eAE0f40086DF8D69647278B793DB29E-5-92
0x33335296c9b020ca3252e4953c11decfdce816b8-0x60b31AF377209D40934f631C4188C0B3343D0123-5-484
0x33335296c9b020ca3252e4953c11decfdce816b8-0x60b31AF377209D40934f631C4188C0B3343D0123-5-759



Execute Claim Transaction for Tier #5 (Canary tier)



Transaction sent! ✔
Transaction hash: 0x32132f6c450b7df09980764bb00596d43c8b56333d9be1b6426f8565c42505e4
Waiting on transaction to be confirmed ...
Tx confirmed !




******************
Processing:
Vault:     0x7fad91a4a29109303188d8758f1a9d60ce988349
Tier:      #5 (Canary tier)
# prizes:  422

5a. Calculating # of profitable claims ...

Native (Gas) Token ETH Market Rate (USD): $3254.41

Estimated gas limit (wei) (1 prize claim): 0.000000000000180759 ETH (180759 wei)
Estimated gas limit (wei) (2 prize claims): 0.000000000000258825 ETH (258825 wei)

Gas Cost: First Claim (wei): 0.000000000000180759 ETH (180759 wei)
Gas Cost: Each Following Claim (wei): 0.000000000000078066 ETH (78066 wei)

Gas Cost: First Claim (USD): $0.02 $0.01813816132334927
Gas Cost: Each Following Claim (USD): $0.02 $0.021796988970394

5b. 1 Claim(s):

Total gas cost: 1 Claim(s) (USD): $0.02 ($0.01813816132334927)

Next Claim Reward: 1 Claim(s) (WEI): 0.000009829282910655 WETH (9829282910655 wei)
Next Claim Reward: 1 Claim(s) (USD): $0.03 ($0.03198210790480699)

Net profit = (Gross Profit - Gas Cost [Avg])
$0.01 = ($0.03 - $0.02) $0.013843946581457718 = ($0.03198210790480699 - $0.01813816132334927)


5b. 2 Claim(s):

Total gas cost: 2 Claim(s) (USD): $0.04 ($0.03993515029374327)

Claim Reward: 1 Claim(s) (WEI): 0.000009829282910655 WETH (9829282910655 wei)
Claim Reward: 1 Claim(s) (USD): $0.03 ($0.03198210790480699)

Next Claim Reward: 2 Claim(s) (WEI): 0.00001965856582131 WETH (19658565821310 wei)
Next Claim Reward: 2 Claim(s) (USD): $0.06 ($0.06396421580961398)

Net profit = (Gross Profit - Gas Cost [Avg])
$0.02 = ($0.06 - $0.04) $0.02402906551587071 = ($0.06396421580961398 - $0.03993515029374327)


5b. 3 Claim(s):

Total gas cost: 3 Claim(s) (USD): $0.06 ($0.06173213926413727)

Claim Reward: 2 Claim(s) (WEI): 0.00001965856582131 WETH (19658565821310 wei)
Claim Reward: 2 Claim(s) (USD): $0.06 ($0.06396421580961398)

Next Claim Reward: 3 Claim(s) (WEI): 0.000029487848731965 WETH (29487848731965 wei)
Next Claim Reward: 3 Claim(s) (USD): $0.1 ($0.09594632371442097)

Net profit = (Gross Profit - Gas Cost [Avg])
$0.03 = ($0.1 - $0.06) $0.034214184450283694 = ($0.09594632371442097 - $0.06173213926413727)


5b. 4 Claim(s):

Total gas cost: 4 Claim(s) (USD): $0.08 ($0.08352912823453126)

Claim Reward: 3 Claim(s) (WEI): 0.000029487848731965 WETH (29487848731965 wei)
Claim Reward: 3 Claim(s) (USD): $0.1 ($0.09594632371442097)

Next Claim Reward: 4 Claim(s) (WEI): 0.00003931713164262 WETH (39317131642620 wei)
Next Claim Reward: 4 Claim(s) (USD): $0.13 ($0.12792843161922796)

Net profit = (Gross Profit - Gas Cost [Avg])
$0.04 = ($0.13 - $0.08) $0.04439930338469669 = ($0.12792843161922796 - $0.08352912823453126)


5b. 5 Claim(s):

Total gas cost: 5 Claim(s) (USD): $0.11 ($0.10532611720492527)

Claim Reward: 4 Claim(s) (WEI): 0.00003931713164262 WETH (39317131642620 wei)
Claim Reward: 4 Claim(s) (USD): $0.13 ($0.12792843161922796)

Next Claim Reward: 5 Claim(s) (WEI): 0.000049146414553275 WETH (49146414553275 wei)
Next Claim Reward: 5 Claim(s) (USD): $0.16 ($0.15991053952403494)

Net profit = (Gross Profit - Gas Cost [Avg])
$0.05 = ($0.16 - $0.11) $0.05458442231910968 = ($0.15991053952403494 - $0.10532611720492527)


5b. 6 Claim(s):

Total gas cost: 6 Claim(s) (USD): $0.13 ($0.12712310617531927)

Claim Reward: 5 Claim(s) (WEI): 0.000049146414553275 WETH (49146414553275 wei)
Claim Reward: 5 Claim(s) (USD): $0.16 ($0.15991053952403494)

Next Claim Reward: 6 Claim(s) (WEI): 0.00005897569746393 WETH (58975697463930 wei)
Next Claim Reward: 6 Claim(s) (USD): $0.19 ($0.19189264742884193)

Net profit = (Gross Profit - Gas Cost [Avg])
$0.06 = ($0.19 - $0.13) $0.06476954125352266 = ($0.19189264742884193 - $0.12712310617531927)


5b. 7 Claim(s):

Total gas cost: 7 Claim(s) (USD): $0.15 ($0.14892009514571328)

Claim Reward: 6 Claim(s) (WEI): 0.00005897569746393 WETH (58975697463930 wei)
Claim Reward: 6 Claim(s) (USD): $0.19 ($0.19189264742884193)

Next Claim Reward: 7 Claim(s) (WEI): 0.000068804980374585 WETH (68804980374585 wei)
Next Claim Reward: 7 Claim(s) (USD): $0.22 ($0.22387475533364892)

Net profit = (Gross Profit - Gas Cost [Avg])
$0.07 = ($0.22 - $0.15) $0.07495466018793565 = ($0.22387475533364892 - $0.14892009514571328)


5b. 8 Claim(s):

Total gas cost: 8 Claim(s) (USD): $0.17 ($0.17071708411610728)

Claim Reward: 7 Claim(s) (WEI): 0.000068804980374585 WETH (68804980374585 wei)
Claim Reward: 7 Claim(s) (USD): $0.22 ($0.22387475533364892)

Next Claim Reward: 8 Claim(s) (WEI): 0.00007863426328524 WETH (78634263285240 wei)
Next Claim Reward: 8 Claim(s) (USD): $0.26 ($0.2558568632384559)

Net profit = (Gross Profit - Gas Cost [Avg])
$0.09 = ($0.26 - $0.17) $0.08513977912234863 = ($0.2558568632384559 - $0.17071708411610728)


5b. 9 Claim(s):

Total gas cost: 9 Claim(s) (USD): $0.19 ($0.1925140730865013)

Claim Reward: 8 Claim(s) (WEI): 0.00007863426328524 WETH (78634263285240 wei)
Claim Reward: 8 Claim(s) (USD): $0.26 ($0.2558568632384559)

Next Claim Reward: 9 Claim(s) (WEI): 0.000088463546195895 WETH (88463546195895 wei)
Next Claim Reward: 9 Claim(s) (USD): $0.29 ($0.2878389711432629)

Net profit = (Gross Profit - Gas Cost [Avg])
$0.1 = ($0.29 - $0.19) $0.09532489805676161 = ($0.2878389711432629 - $0.1925140730865013)


5b. 10 Claim(s):

Total gas cost: 10 Claim(s) (USD): $0.21 ($0.2143110620568953)

Claim Reward: 9 Claim(s) (WEI): 0.000088463546195895 WETH (88463546195895 wei)
Claim Reward: 9 Claim(s) (USD): $0.29 ($0.2878389711432629)

Next Claim Reward: 10 Claim(s) (WEI): 0.00009829282910655 WETH (98292829106550 wei)
Next Claim Reward: 10 Claim(s) (USD): $0.32 ($0.3198210790480699)

Net profit = (Gross Profit - Gas Cost [Avg])
$0.11 = ($0.32 - $0.21) $0.1055100169911746 = ($0.3198210790480699 - $0.2143110620568953)


5b. 11 Claim(s):

Total gas cost: 11 Claim(s) (USD): $0.24 ($0.2361080510272893)

Claim Reward: 10 Claim(s) (WEI): 0.00009829282910655 WETH (98292829106550 wei)
Claim Reward: 10 Claim(s) (USD): $0.32 ($0.3198210790480699)

Next Claim Reward: 11 Claim(s) (WEI): 0.000108122112017205 WETH (108122112017205 wei)
Next Claim Reward: 11 Claim(s) (USD): $0.35 ($0.35180318695287693)

Net profit = (Gross Profit - Gas Cost [Avg])
$0.12 = ($0.35 - $0.24) $0.11569513592558764 = ($0.35180318695287693 - $0.2361080510272893)


5b. 12 Claim(s):

Total gas cost: 12 Claim(s) (USD): $0.26 ($0.25790503999768327)

Claim Reward: 11 Claim(s) (WEI): 0.000108122112017205 WETH (108122112017205 wei)
Claim Reward: 11 Claim(s) (USD): $0.35 ($0.35180318695287693)

Next Claim Reward: 12 Claim(s) (WEI): 0.00011795139492786 WETH (117951394927860 wei)
Next Claim Reward: 12 Claim(s) (USD): $0.38 ($0.38378529485768387)

Net profit = (Gross Profit - Gas Cost [Avg])
$0.13 = ($0.38 - $0.26) $0.1258802548600006 = ($0.38378529485768387 - $0.25790503999768327)


5b. 13 Claim(s):

Total gas cost: 13 Claim(s) (USD): $0.28 ($0.2797020289680773)

Claim Reward: 12 Claim(s) (WEI): 0.00011795139492786 WETH (117951394927860 wei)
Claim Reward: 12 Claim(s) (USD): $0.38 ($0.38378529485768387)

Next Claim Reward: 13 Claim(s) (WEI): 0.000127780677838515 WETH (127780677838515 wei)
Next Claim Reward: 13 Claim(s) (USD): $0.42 ($0.41576740276249086)

Net profit = (Gross Profit - Gas Cost [Avg])
$0.14 = ($0.42 - $0.28) $0.13606537379441358 = ($0.41576740276249086 - $0.2797020289680773)


5b. 14 Claim(s):

Total gas cost: 14 Claim(s) (USD): $0.3 ($0.3014990179384713)

Claim Reward: 13 Claim(s) (WEI): 0.000127780677838515 WETH (127780677838515 wei)
Claim Reward: 13 Claim(s) (USD): $0.42 ($0.41576740276249086)

Next Claim Reward: 14 Claim(s) (WEI): 0.00013760996074917 WETH (137609960749170 wei)
Next Claim Reward: 14 Claim(s) (USD): $0.45 ($0.44774951066729785)

Net profit = (Gross Profit - Gas Cost [Avg])
$0.15 = ($0.45 - $0.3) $0.14625049272882656 = ($0.44774951066729785 - $0.3014990179384713)


5b. 15 Claim(s):

Total gas cost: 15 Claim(s) (USD): $0.32 ($0.3232960069088653)

Claim Reward: 14 Claim(s) (WEI): 0.00013760996074917 WETH (137609960749170 wei)
Claim Reward: 14 Claim(s) (USD): $0.45 ($0.44774951066729785)

Next Claim Reward: 15 Claim(s) (WEI): 0.000147439243659825 WETH (147439243659825 wei)
Next Claim Reward: 15 Claim(s) (USD): $0.48 ($0.47973161857210483)

Net profit = (Gross Profit - Gas Cost [Avg])
$0.16 = ($0.48 - $0.32) $0.15643561166323955 = ($0.47973161857210483 - $0.3232960069088653)


5b. 16 Claim(s):

Total gas cost: 16 Claim(s) (USD): $0.35 ($0.3450929958792593)

Claim Reward: 15 Claim(s) (WEI): 0.000147439243659825 WETH (147439243659825 wei)
Claim Reward: 15 Claim(s) (USD): $0.48 ($0.47973161857210483)

Next Claim Reward: 16 Claim(s) (WEI): 0.00015726852657048 WETH (157268526570480 wei)
Next Claim Reward: 16 Claim(s) (USD): $0.51 ($0.5117137264769118)

Net profit = (Gross Profit - Gas Cost [Avg])
$0.17 = ($0.51 - $0.35) $0.16662073059765253 = ($0.5117137264769118 - $0.3450929958792593)


5b. 17 Claim(s):

Total gas cost: 17 Claim(s) (USD): $0.37 ($0.3668899848496533)

Claim Reward: 16 Claim(s) (WEI): 0.00015726852657048 WETH (157268526570480 wei)
Claim Reward: 16 Claim(s) (USD): $0.51 ($0.5117137264769118)

Next Claim Reward: 17 Claim(s) (WEI): 0.000167097809481135 WETH (167097809481135 wei)
Next Claim Reward: 17 Claim(s) (USD): $0.54 ($0.5436958343817189)

Net profit = (Gross Profit - Gas Cost [Avg])
$0.18 = ($0.54 - $0.37) $0.17680584953206557 = ($0.5436958343817189 - $0.3668899848496533)


5b. 18 Claim(s):

Total gas cost: 18 Claim(s) (USD): $0.39 ($0.3886869738200473)

Claim Reward: 17 Claim(s) (WEI): 0.000167097809481135 WETH (167097809481135 wei)
Claim Reward: 17 Claim(s) (USD): $0.54 ($0.5436958343817189)

Next Claim Reward: 18 Claim(s) (WEI): 0.00017692709239179 WETH (176927092391790 wei)
Next Claim Reward: 18 Claim(s) (USD): $0.58 ($0.5756779422865258)

Net profit = (Gross Profit - Gas Cost [Avg])
$0.19 = ($0.58 - $0.39) $0.1869909684664785 = ($0.5756779422865258 - $0.3886869738200473)


5b. 19 Claim(s):

Total gas cost: 19 Claim(s) (USD): $0.41 ($0.4104839627904413)

Claim Reward: 18 Claim(s) (WEI): 0.00017692709239179 WETH (176927092391790 wei)
Claim Reward: 18 Claim(s) (USD): $0.58 ($0.5756779422865258)

Next Claim Reward: 19 Claim(s) (WEI): 0.000186756375302445 WETH (186756375302445 wei)
Next Claim Reward: 19 Claim(s) (USD): $0.61 ($0.6076600501913327)

Net profit = (Gross Profit - Gas Cost [Avg])
$0.2 = ($0.61 - $0.41) $0.19717608740089143 = ($0.6076600501913327 - $0.4104839627904413)


5b. 20 Claim(s):

Total gas cost: 20 Claim(s) (USD): $0.43 ($0.4322809517608353)

Claim Reward: 19 Claim(s) (WEI): 0.000186756375302445 WETH (186756375302445 wei)
Claim Reward: 19 Claim(s) (USD): $0.61 ($0.6076600501913327)

Next Claim Reward: 20 Claim(s) (WEI): 0.0001965856582131 WETH (196585658213100 wei)
Next Claim Reward: 20 Claim(s) (USD): $0.64 ($0.6396421580961398)

Net profit = (Gross Profit - Gas Cost [Avg])
$0.21 = ($0.64 - $0.43) $0.20736120633530447 = ($0.6396421580961398 - $0.4322809517608353)


5b. 21 Claim(s):

Total gas cost: 21 Claim(s) (USD): $0.45 ($0.4540779407312293)

Claim Reward: 20 Claim(s) (WEI): 0.0001965856582131 WETH (196585658213100 wei)
Claim Reward: 20 Claim(s) (USD): $0.64 ($0.6396421580961398)

Next Claim Reward: 21 Claim(s) (WEI): 0.000206414941123755 WETH (206414941123755 wei)
Next Claim Reward: 21 Claim(s) (USD): $0.67 ($0.6716242660009468)

Net profit = (Gross Profit - Gas Cost [Avg])
$0.22 = ($0.67 - $0.45) $0.2175463252697175 = ($0.6716242660009468 - $0.4540779407312293)


5b. 22 Claim(s):

Total gas cost: 22 Claim(s) (USD): $0.48 ($0.4758749297016233)

Claim Reward: 21 Claim(s) (WEI): 0.000206414941123755 WETH (206414941123755 wei)
Claim Reward: 21 Claim(s) (USD): $0.67 ($0.6716242660009468)

Next Claim Reward: 22 Claim(s) (WEI): 0.00021624422403441 WETH (216244224034410 wei)
Next Claim Reward: 22 Claim(s) (USD): $0.7 ($0.7036063739057539)

Net profit = (Gross Profit - Gas Cost [Avg])
$0.23 = ($0.7 - $0.48) $0.22773144420413055 = ($0.7036063739057539 - $0.4758749297016233)


5b. 23 Claim(s):

Total gas cost: 23 Claim(s) (USD): $0.5 ($0.4976719186720173)

Claim Reward: 22 Claim(s) (WEI): 0.00021624422403441 WETH (216244224034410 wei)
Claim Reward: 22 Claim(s) (USD): $0.7 ($0.7036063739057539)

Next Claim Reward: 23 Claim(s) (WEI): 0.000226073506945065 WETH (226073506945065 wei)
Next Claim Reward: 23 Claim(s) (USD): $0.74 ($0.7355884818105608)

Net profit = (Gross Profit - Gas Cost [Avg])
$0.24 = ($0.74 - $0.5) $0.23791656313854348 = ($0.7355884818105608 - $0.4976719186720173)


5b. 24 Claim(s):

Total gas cost: 24 Claim(s) (USD): $0.52 ($0.5194689076424113)

Claim Reward: 23 Claim(s) (WEI): 0.000226073506945065 WETH (226073506945065 wei)
Claim Reward: 23 Claim(s) (USD): $0.74 ($0.7355884818105608)

Next Claim Reward: 24 Claim(s) (WEI): 0.00023590278985572 WETH (235902789855720 wei)
Next Claim Reward: 24 Claim(s) (USD): $0.77 ($0.7675705897153677)

Net profit = (Gross Profit - Gas Cost [Avg])
$0.25 = ($0.77 - $0.52) $0.24810168207295646 = ($0.7675705897153677 - $0.5194689076424113)


5b. 25 Claim(s):

Total gas cost: 25 Claim(s) (USD): $0.54 ($0.5412658966128052)

Claim Reward: 24 Claim(s) (WEI): 0.00023590278985572 WETH (235902789855720 wei)
Claim Reward: 24 Claim(s) (USD): $0.77 ($0.7675705897153677)

Next Claim Reward: 25 Claim(s) (WEI): 0.000245732072766375 WETH (245732072766375 wei)
Next Claim Reward: 25 Claim(s) (USD): $0.8 ($0.7995526976201747)

Net profit = (Gross Profit - Gas Cost [Avg])
$0.26 = ($0.8 - $0.54) $0.25828680100736945 = ($0.7995526976201747 - $0.5412658966128052)


5b. 26 Claim(s):

Total gas cost: 26 Claim(s) (USD): $0.56 ($0.5630628855831993)

Claim Reward: 25 Claim(s) (WEI): 0.000245732072766375 WETH (245732072766375 wei)
Claim Reward: 25 Claim(s) (USD): $0.8 ($0.7995526976201747)

Next Claim Reward: 26 Claim(s) (WEI): 0.00025556135567703 WETH (255561355677030 wei)
Next Claim Reward: 26 Claim(s) (USD): $0.83 ($0.8315348055249817)

Net profit = (Gross Profit - Gas Cost [Avg])
$0.27 = ($0.83 - $0.56) $0.26847191994178243 = ($0.8315348055249817 - $0.5630628855831993)


5b. 27 Claim(s):

Total gas cost: 27 Claim(s) (USD): $0.58 ($0.5848598745535932)

Claim Reward: 26 Claim(s) (WEI): 0.00025556135567703 WETH (255561355677030 wei)
Claim Reward: 26 Claim(s) (USD): $0.83 ($0.8315348055249817)

Next Claim Reward: 27 Claim(s) (WEI): 0.000265390638587685 WETH (265390638587685 wei)
Next Claim Reward: 27 Claim(s) (USD): $0.86 ($0.8635169134297888)

Net profit = (Gross Profit - Gas Cost [Avg])
$0.28 = ($0.86 - $0.58) $0.27865703887619553 = ($0.8635169134297888 - $0.5848598745535932)


5b. 28 Claim(s):

Total gas cost: 28 Claim(s) (USD): $0.61 ($0.6066568635239873)

Claim Reward: 27 Claim(s) (WEI): 0.000265390638587685 WETH (265390638587685 wei)
Claim Reward: 27 Claim(s) (USD): $0.86 ($0.8635169134297888)

Next Claim Reward: 28 Claim(s) (WEI): 0.00027521992149834 WETH (275219921498340 wei)
Next Claim Reward: 28 Claim(s) (USD): $0.9 ($0.8954990213345957)

Net profit = (Gross Profit - Gas Cost [Avg])
$0.29 = ($0.9 - $0.61) $0.2888421578106084 = ($0.8954990213345957 - $0.6066568635239873)


5b. 29 Claim(s):

Total gas cost: 29 Claim(s) (USD): $0.63 ($0.6284538524943812)

Claim Reward: 28 Claim(s) (WEI): 0.00027521992149834 WETH (275219921498340 wei)
Claim Reward: 28 Claim(s) (USD): $0.9 ($0.8954990213345957)

Next Claim Reward: 29 Claim(s) (WEI): 0.000285049204408995 WETH (285049204408995 wei)
Next Claim Reward: 29 Claim(s) (USD): $0.93 ($0.9274811292394027)

Net profit = (Gross Profit - Gas Cost [Avg])
$0.3 = ($0.93 - $0.63) $0.2990272767450215 = ($0.9274811292394027 - $0.6284538524943812)


5b. 30 Claim(s):

Total gas cost: 30 Claim(s) (USD): $0.65 ($0.6502508414647753)

Claim Reward: 29 Claim(s) (WEI): 0.000285049204408995 WETH (285049204408995 wei)
Claim Reward: 29 Claim(s) (USD): $0.93 ($0.9274811292394027)

Next Claim Reward: 30 Claim(s) (WEI): 0.00029487848731965 WETH (294878487319650 wei)
Next Claim Reward: 30 Claim(s) (USD): $0.96 ($0.9594632371442097)

Net profit = (Gross Profit - Gas Cost [Avg])
$0.31 = ($0.96 - $0.65) $0.30921239567943437 = ($0.9594632371442097 - $0.6502508414647753)

******************
5c. Profit/Loss (USD):

Net profit = (Gross Profit - Gas Cost [Max])
$0.28 = ($0.93 - $0.65) $0.27723028777462744 = ($0.9274811292394027 - $0.6502508414647753)

Submitting transaction to claim 29 prize(s):

0x7fad91a4a29109303188d8758f1a9d60ce988349-0x6Df14440d2D82bEdC032c33e95ED546B2A7dF2aB-5-877
0x7fad91a4a29109303188d8758f1a9d60ce988349-0xDd95b8616D2eB04EF776738a7250C36b00cE876A-5-265
0x7fad91a4a29109303188d8758f1a9d60ce988349-0xDd95b8616D2eB04EF776738a7250C36b00cE876A-5-748
0x7fad91a4a29109303188d8758f1a9d60ce988349-0xCF2d67a9E790A6b3957B2bFf6075e6621Cd4feA1-5-540
0x7fad91a4a29109303188d8758f1a9d60ce988349-0x945E92B784782b9B6AeDea6158dA6730913eFDD9-5-80
0x7fad91a4a29109303188d8758f1a9d60ce988349-0x55B845FD13AcbE2fdEB88b023c61210f76fEf30a-5-482
0x7fad91a4a29109303188d8758f1a9d60ce988349-0x289b5A8bb1feBd98775F41e6A95006E557d3E344-5-200
0x7fad91a4a29109303188d8758f1a9d60ce988349-0xB25Ba94f6d2bdD013521DeB5e6f3d20b0c05fFD5-5-30
0x7fad91a4a29109303188d8758f1a9d60ce988349-0x089727E367334dbbFc735ab1B918d426BF48D5B3-5-408
0x7fad91a4a29109303188d8758f1a9d60ce988349-0x2709B65e497d68B48B198d9341fe74fD71aA75Fe-5-998
0x7fad91a4a29109303188d8758f1a9d60ce988349-0x85Af93b0D61e3e18630876983E214996759dD65f-5-460
0x7fad91a4a29109303188d8758f1a9d60ce988349-0xC28c5bC95a0dB1967982e5172ecAe0307fDF8969-5-490
0x7fad91a4a29109303188d8758f1a9d60ce988349-0xB4A94D00A060a9f5A3947b5346Ad3B71Ed07Acd2-5-887
0x7fad91a4a29109303188d8758f1a9d60ce988349-0xD8b029150e849B7F400265111fd048734D497A54-5-240
0x7fad91a4a29109303188d8758f1a9d60ce988349-0xafa1798c97E4D623eF33cD00Ef7e8b45627C135D-5-165
0x7fad91a4a29109303188d8758f1a9d60ce988349-0xafa1798c97E4D623eF33cD00Ef7e8b45627C135D-5-197
0x7fad91a4a29109303188d8758f1a9d60ce988349-0xb25aCb169bDE1Ca49fbe5Cff0f8fE388064A03a4-5-541
0x7fad91a4a29109303188d8758f1a9d60ce988349-0x4dCA1FCc09F096797B1ad3B00c45dED7930295a5-5-74
0x7fad91a4a29109303188d8758f1a9d60ce988349-0xD777a259Bb1808367ceE7DB7765EC917ee27b389-5-148
0x7fad91a4a29109303188d8758f1a9d60ce988349-0xd8B6F0ae9c6b4e09Cf472735f1aB52F0a6A2D127-5-823
0x7fad91a4a29109303188d8758f1a9d60ce988349-0xd8B6F0ae9c6b4e09Cf472735f1aB52F0a6A2D127-5-969
0x7fad91a4a29109303188d8758f1a9d60ce988349-0x8f65e0Ce93Fe743989B118414BbF101ed3AFc391-5-501
0x7fad91a4a29109303188d8758f1a9d60ce988349-0x64ab54D6449bc7604448fF7E88B47E3014f2674a-5-405
0x7fad91a4a29109303188d8758f1a9d60ce988349-0xbcf4208eF1A0138cEa7BC8A688fdCAA6A21b488F-5-358
0x7fad91a4a29109303188d8758f1a9d60ce988349-0x9A6C7075f39de5bB9020E362D3Cbd44034eB0535-5-810
0x7fad91a4a29109303188d8758f1a9d60ce988349-0x7D63c389807370E2B6AbEd5Bf4C27666b4CE1C5f-5-566
0x7fad91a4a29109303188d8758f1a9d60ce988349-0x6794e005564D543629e0a3D43BAcfC1F9E7dfF8c-5-577
0x7fad91a4a29109303188d8758f1a9d60ce988349-0xE37aED29E9bb56e9b349a134Cf761985d35c2d2f-5-469
0x7fad91a4a29109303188d8758f1a9d60ce988349-0x75ddee2F017C5c2A7863c8d5d29d7d88C26AE562-5-651



Execute Claim Transaction for Tier #5 (Canary tier)



Transaction sent! ✔
Transaction hash: 0x09b1b1595ded98d7d51d82576cabcb46bd41be20745abeb3decc8556bfbe38e4
Waiting on transaction to be confirmed ...
Tx confirmed !




******************
Processing:
Vault:     0x33335296c9b020ca3252e4953c11decfdce816b8
Tier:      #6 (Canary tier)
# prizes:  1641

5a. Calculating # of profitable claims ...

Native (Gas) Token ETH Market Rate (USD): $3254.41

Estimated gas limit (wei) (1 prize claim): 0.000000000000180759 ETH (180759 wei)
Estimated gas limit (wei) (2 prize claims): 0.000000000000258837 ETH (258837 wei)

Gas Cost: First Claim (wei): 0.000000000000180759 ETH (180759 wei)
Gas Cost: Each Following Claim (wei): 0.000000000000078078 ETH (78078 wei)

Gas Cost: First Claim (USD): $0.02 $0.01813816132334927
Gas Cost: Each Following Claim (USD): $0.02 $0.021856924788049164

5b. 1 Claim(s):

Total gas cost: 1 Claim(s) (USD): $0.02 ($0.01813816132334927)

Next Claim Reward: 1 Claim(s) (WEI): 0.000002457320727663 WETH (2457320727663 wei)
Next Claim Reward: 1 Claim(s) (USD): $0.01 ($0.007995526976199306)

Net profit = (Gross Profit - Gas Cost [Avg])
$-0.01 = ($0.01 - $0.02) $-0.010142634347149964 = ($0.007995526976199306 - $0.01813816132334927)

******************
5c. Profit/Loss (USD):

Net profit = (Gross Profit - Gas Cost [Max])
$-0.02 = ($0 - $0.02) $-0.01813816132334927 = ($0 - $0.01813816132334927)

Claiming tier #6 (Canary tier) currently not profitable.
Not profitable to claim for Draw #15, Tier: #6 (Canary tier)




******************
Processing:
Vault:     0x75b2f4b3ec5adf7077f928992524cc547e74f768
Tier:      #6 (Canary tier)
# prizes:  206

Tier #6 (Canary tier) not profitable, skipping ...





******************
Processing:
Vault:     0x7fad91a4a29109303188d8758f1a9d60ce988349
Tier:      #6 (Canary tier)
# prizes:  2279

Tier #6 (Canary tier) not profitable, skipping ...

