Operating on: 11155420 - Optimism Sepolia

Config - REWARD_RECIPIENT not provided, setting swap recipient to relayer address: 0x06003274c3a7926c04cA8d6903cc691fE8f3CEC2
Config - MIN_PROFIT_THRESHOLD_USD: 0.05

Starting ...
Getting prize pool info ...
Getting prize context ...

******************
1. Prize token: WETH

┌────────────┬──────────────────────────────────────────────┬──────────┬─────────────────┬────────┬──────────────┐
│ (index)    │ address                                      │ decimals │ name            │ symbol │ assetRateUsd │
├────────────┼──────────────────────────────────────────────┼──────────┼─────────────────┼────────┼──────────────┤
│ prizeToken │ '0xC355F97a3Aa2808Acb536E555764b8FB26fB4b37' │ 18       │ 'Wrapped Ether' │ 'WETH' │ 2994.3772    │
└────────────┴──────────────────────────────────────────────┴──────────┴─────────────────┴────────┴──────────────┘
┌─────────┬──────────┬───────────────────────────────┐
│ (index) │ numTiers │ tiersRangeArray               │
├─────────┼──────────┼───────────────────────────────┤
│ tiers   │ 7        │ [ 0, 1, 2, ... 4 more items ] │
└─────────┴──────────┴───────────────────────────────┘
Draw ID: 30
Prize Token WETH MarketRate USD:  $2994.3772

******************
Getting prize vaults ...
Found 6 prize vaults.

135 prizes already claimed for draw #30.
5245 prizes remaining to be claimed...




******************
Processing:
Vault:     0x33335296c9b020ca3252e4953c11decfdce816b8
Tier:      #4
# prizes:  27

5a. Calculating # of profitable claims ...

Native (Gas) Token ETH Market Rate (USD): $2995.85

Estimated gas limit (wei) (1 prize claim): 0.000000000000228608 ETH (228608 wei)
Estimated gas limit (wei) (2 prize claims): 0.000000000000346847 ETH (346847 wei)

Gas Cost: First Claim (wei): 0.000000000000228608 ETH (228608 wei)
Gas Cost: Each Following Claim (wei): 0.000000000000118239 ETH (118239 wei)

Gas Cost: First Claim (USD): $0.01 $0.01150267588627897
Gas Cost: Each Following Claim (USD): $0.01 $0.013641710479750088

5b. 1 Claim(s):

Total gas cost: 1 Claim(s) (USD): $0.01 ($0.01150267588627897)

Next Claim Reward: 1 Claim(s) (WEI): 0.000236226259599201 WETH (236226259599201 wei)
Next Claim Reward: 1 Claim(s) (USD): $0.71 ($0.7073505257851286)

Net profit = (Gross Profit - Gas Cost [Avg])
$0.7 = ($0.71 - $0.01) $0.6958478498988496 = ($0.7073505257851286 - $0.01150267588627897)


5b. 2 Claim(s):

Total gas cost: 2 Claim(s) (USD): $0.03 ($0.02514438636602906)

Claim Reward: 1 Claim(s) (WEI): 0.000236226259599201 WETH (236226259599201 wei)
Claim Reward: 1 Claim(s) (USD): $0.71 ($0.7073505257851286)

Next Claim Reward: 2 Claim(s) (WEI): 0.00047216100046773 WETH (472161000467730 wei)
Next Claim Reward: 2 Claim(s) (USD): $1.41 ($1.4138281345297599)

Net profit = (Gross Profit - Gas Cost [Avg])
$1.39 = ($1.41 - $0.03) $1.3886837481637309 = ($1.4138281345297599 - $0.02514438636602906)


5b. 3 Claim(s):

Total gas cost: 3 Claim(s) (USD): $0.04 ($0.03878609684577915)

Claim Reward: 2 Claim(s) (WEI): 0.00047216100046773 WETH (472161000467730 wei)
Claim Reward: 2 Claim(s) (USD): $1.41 ($1.4138281345297599)

Next Claim Reward: 3 Claim(s) (WEI): 0.000707804582358864 WETH (707804582358864 wei)
Next Claim Reward: 3 Claim(s) (USD): $2.12 ($2.119433903470904)

Net profit = (Gross Profit - Gas Cost [Avg])
$2.08 = ($2.12 - $0.04) $2.0806478066251253 = ($2.119433903470904 - $0.03878609684577915)


5b. 4 Claim(s):

Total gas cost: 4 Claim(s) (USD): $0.05 ($0.052427807325529235)

Claim Reward: 3 Claim(s) (WEI): 0.000707804582358864 WETH (707804582358864 wei)
Claim Reward: 3 Claim(s) (USD): $2.12 ($2.119433903470904)

Next Claim Reward: 4 Claim(s) (WEI): 0.000943157364581916 WETH (943157364581916 wei)
Next Claim Reward: 4 Claim(s) (USD): $2.82 ($2.8241689085161767)

Net profit = (Gross Profit - Gas Cost [Avg])
$2.77 = ($2.82 - $0.05) $2.7717411011906474 = ($2.8241689085161767 - $0.052427807325529235)


5b. 5 Claim(s):

Total gas cost: 5 Claim(s) (USD): $0.07 ($0.06606951780527932)

Claim Reward: 4 Claim(s) (WEI): 0.000943157364581916 WETH (943157364581916 wei)
Claim Reward: 4 Claim(s) (USD): $2.82 ($2.8241689085161767)

Next Claim Reward: 5 Claim(s) (WEI): 0.00117821970600279 WETH (1178219706002790 wei)
Next Claim Reward: 5 Claim(s) (USD): $3.53 ($3.528034224245457)

Net profit = (Gross Profit - Gas Cost [Avg])
$3.46 = ($3.53 - $0.07) $3.461964706440178 = ($3.528034224245457 - $0.06606951780527932)


5b. 6 Claim(s):

Total gas cost: 6 Claim(s) (USD): $0.08 ($0.07971122828502941)

Claim Reward: 5 Claim(s) (WEI): 0.00117821970600279 WETH (1178219706002790 wei)
Claim Reward: 5 Claim(s) (USD): $3.53 ($3.528034224245457)

Next Claim Reward: 6 Claim(s) (WEI): 0.001412991965044524 WETH (1412991965044524 wei)
Next Claim Reward: 6 Claim(s) (USD): $4.23 ($4.2310309239125194)

Net profit = (Gross Profit - Gas Cost [Avg])
$4.15 = ($4.23 - $0.08) $4.15131969562749 = ($4.2310309239125194 - $0.07971122828502941)


5b. 7 Claim(s):

Total gas cost: 7 Claim(s) (USD): $0.09 ($0.0933529387647795)

Claim Reward: 6 Claim(s) (WEI): 0.001412991965044524 WETH (1412991965044524 wei)
Claim Reward: 6 Claim(s) (USD): $4.23 ($4.2310309239125194)

Next Claim Reward: 7 Claim(s) (WEI): 0.001647474499687842 WETH (1647474499687842 wei)
Next Claim Reward: 7 Claim(s) (USD): $4.93 ($4.933160079446681)

Net profit = (Gross Profit - Gas Cost [Avg])
$4.84 = ($4.93 - $0.09) $4.839807140681902 = ($4.933160079446681 - $0.0933529387647795)


5b. 8 Claim(s):

Total gas cost: 8 Claim(s) (USD): $0.11 ($0.10699464924452959)

Claim Reward: 7 Claim(s) (WEI): 0.001647474499687842 WETH (1647474499687842 wei)
Claim Reward: 7 Claim(s) (USD): $4.93 ($4.933160079446681)

Next Claim Reward: 8 Claim(s) (WEI): 0.001881667667471696 WETH (1881667667471696 wei)
Next Claim Reward: 8 Claim(s) (USD): $5.63 ($5.634422761454428)

Net profit = (Gross Profit - Gas Cost [Avg])
$5.53 = ($5.63 - $0.11) $5.527428112209899 = ($5.634422761454428 - $0.10699464924452959)


5b. 9 Claim(s):

Total gas cost: 9 Claim(s) (USD): $0.12 ($0.12063635972427968)

Claim Reward: 8 Claim(s) (WEI): 0.001881667667471696 WETH (1881667667471696 wei)
Claim Reward: 8 Claim(s) (USD): $5.63 ($5.634422761454428)

Next Claim Reward: 9 Claim(s) (WEI): 0.002115571825493811 WETH (2115571825493811 wei)
Next Claim Reward: 9 Claim(s) (USD): $6.33 ($6.3348200392210465)

Net profit = (Gross Profit - Gas Cost [Avg])
$6.21 = ($6.33 - $0.12) $6.214183679496767 = ($6.3348200392210465 - $0.12063635972427968)


5b. 10 Claim(s):

Total gas cost: 10 Claim(s) (USD): $0.13 ($0.13427807020402976)

Claim Reward: 9 Claim(s) (WEI): 0.002115571825493811 WETH (2115571825493811 wei)
Claim Reward: 9 Claim(s) (USD): $6.33 ($6.3348200392210465)

Next Claim Reward: 10 Claim(s) (WEI): 0.00234918733041122 WETH (2349187330411220 wei)
Next Claim Reward: 10 Claim(s) (USD): $7.03 ($7.034352980712224)

Net profit = (Gross Profit - Gas Cost [Avg])
$6.9 = ($7.03 - $0.13) $6.900074910508194 = ($7.034352980712224 - $0.13427807020402976)


5b. 11 Claim(s):

Total gas cost: 11 Claim(s) (USD): $0.15 ($0.14791978068377987)

Claim Reward: 10 Claim(s) (WEI): 0.00234918733041122 WETH (2349187330411220 wei)
Claim Reward: 10 Claim(s) (USD): $7.03 ($7.034352980712224)

Next Claim Reward: 11 Claim(s) (WEI): 0.002582514538440826 WETH (2582514538440826 wei)
Next Claim Reward: 11 Claim(s) (USD): $7.73 ($7.733022652575732)

Net profit = (Gross Profit - Gas Cost [Avg])
$7.59 = ($7.73 - $0.15) $7.585102871891952 = ($7.733022652575732 - $0.14791978068377987)


5b. 12 Claim(s):

Total gas cost: 12 Claim(s) (USD): $0.16 ($0.1615614911635299)

Claim Reward: 11 Claim(s) (WEI): 0.002582514538440826 WETH (2582514538440826 wei)
Claim Reward: 11 Claim(s) (USD): $7.73 ($7.733022652575732)

Next Claim Reward: 12 Claim(s) (WEI): 0.002815553805359952 WETH (2815553805359952 wei)
Next Claim Reward: 12 Claim(s) (USD): $8.43 ($8.430830120143078)

Net profit = (Gross Profit - Gas Cost [Avg])
$8.27 = ($8.43 - $0.16) $8.269268628979548 = ($8.430830120143078 - $0.1615614911635299)


5b. 13 Claim(s):

Total gas cost: 13 Claim(s) (USD): $0.18 ($0.17520320164328002)

Claim Reward: 12 Claim(s) (WEI): 0.002815553805359952 WETH (2815553805359952 wei)
Claim Reward: 12 Claim(s) (USD): $8.43 ($8.430830120143078)

Next Claim Reward: 13 Claim(s) (WEI): 0.003048305486506839 WETH (3048305486506839 wei)
Next Claim Reward: 13 Claim(s) (USD): $9.13 ($9.127776447430985)

Net profit = (Gross Profit - Gas Cost [Avg])
$8.95 = ($9.13 - $0.18) $8.952573245787706 = ($9.127776447430985 - $0.17520320164328002)


5b. 14 Claim(s):

Total gas cost: 14 Claim(s) (USD): $0.19 ($0.18884491212303012)

Claim Reward: 13 Claim(s) (WEI): 0.003048305486506839 WETH (3048305486506839 wei)
Claim Reward: 13 Claim(s) (USD): $9.13 ($9.127776447430985)

Next Claim Reward: 14 Claim(s) (WEI): 0.003280769936781246 WETH (3280769936781246 wei)
Next Claim Reward: 14 Claim(s) (USD): $9.82 ($9.823862697143204)

Net profit = (Gross Profit - Gas Cost [Avg])
$9.64 = ($9.82 - $0.19) $9.635017785020173 = ($9.823862697143204 - $0.18884491212303012)


5b. 15 Claim(s):

Total gas cost: 15 Claim(s) (USD): $0.2 ($0.20248662260278022)

Claim Reward: 14 Claim(s) (WEI): 0.003280769936781246 WETH (3280769936781246 wei)
Claim Reward: 14 Claim(s) (USD): $9.82 ($9.823862697143204)

Next Claim Reward: 15 Claim(s) (WEI): 0.00351294751064493 WETH (3512947510644930 wei)
Next Claim Reward: 15 Claim(s) (USD): $10.52 ($10.519089930671935)

Net profit = (Gross Profit - Gas Cost [Avg])
$10.32 = ($10.52 - $0.2) $10.316603308069155 = ($10.519089930671935 - $0.20248662260278022)


5b. 16 Claim(s):

Total gas cost: 16 Claim(s) (USD): $0.22 ($0.21612833308253027)

Claim Reward: 15 Claim(s) (WEI): 0.00351294751064493 WETH (3512947510644930 wei)
Claim Reward: 15 Claim(s) (USD): $10.52 ($10.519089930671935)

Next Claim Reward: 16 Claim(s) (WEI): 0.003744838562122256 WETH (3744838562122256 wei)
Next Claim Reward: 16 Claim(s) (USD): $11.21 ($11.213459208099668)

Net profit = (Gross Profit - Gas Cost [Avg])
$11 = ($11.21 - $0.22) $10.997330875017138 = ($11.213459208099668 - $0.21612833308253027)


5b. 17 Claim(s):

Total gas cost: 17 Claim(s) (USD): $0.23 ($0.22977004356228037)

Claim Reward: 16 Claim(s) (WEI): 0.003744838562122256 WETH (3744838562122256 wei)
Claim Reward: 16 Claim(s) (USD): $11.21 ($11.213459208099668)

Next Claim Reward: 17 Claim(s) (WEI): 0.003976443444800667 WETH (3976443444800667 wei)
Next Claim Reward: 17 Claim(s) (USD): $11.91 ($11.906971588200577)

Net profit = (Gross Profit - Gas Cost [Avg])
$11.68 = ($11.91 - $0.23) $11.677201544638296 = ($11.906971588200577 - $0.22977004356228037)


5b. 18 Claim(s):

Total gas cost: 18 Claim(s) (USD): $0.24 ($0.24341175404203047)

Claim Reward: 17 Claim(s) (WEI): 0.003976443444800667 WETH (3976443444800667 wei)
Claim Reward: 17 Claim(s) (USD): $11.91 ($11.906971588200577)

Next Claim Reward: 18 Claim(s) (WEI): 0.004207762511831268 WETH (4207762511831268 wei)
Next Claim Reward: 18 Claim(s) (USD): $12.6 ($12.599628128442278)

Net profit = (Gross Profit - Gas Cost [Avg])
$12.36 = ($12.6 - $0.24) $12.356216374400248 = ($12.599628128442278 - $0.24341175404203047)


5b. 19 Claim(s):

Total gas cost: 19 Claim(s) (USD): $0.26 ($0.2570534645217806)

Claim Reward: 18 Claim(s) (WEI): 0.004207762511831268 WETH (4207762511831268 wei)
Claim Reward: 18 Claim(s) (USD): $12.6 ($12.599628128442278)

Next Claim Reward: 19 Claim(s) (WEI): 0.004438796115929371 WETH (4438796115929371 wei)
Next Claim Reward: 19 Claim(s) (USD): $13.29 ($13.291429884987465)

Net profit = (Gross Profit - Gas Cost [Avg])
$13.03 = ($13.29 - $0.26) $13.034376420465685 = ($13.291429884987465 - $0.2570534645217806)


5b. 20 Claim(s):

Total gas cost: 20 Claim(s) (USD): $0.27 ($0.2706951750015306)

Claim Reward: 19 Claim(s) (WEI): 0.004438796115929371 WETH (4438796115929371 wei)
Claim Reward: 19 Claim(s) (USD): $13.29 ($13.291429884987465)

Next Claim Reward: 20 Claim(s) (WEI): 0.00466954460937498 WETH (4669544609374980 wei)
Next Claim Reward: 20 Claim(s) (USD): $13.98 ($13.982377912695345)

Net profit = (Gross Profit - Gas Cost [Avg])
$13.71 = ($13.98 - $0.27) $13.711682737693813 = ($13.982377912695345 - $0.2706951750015306)


5b. 21 Claim(s):

Total gas cost: 21 Claim(s) (USD): $0.28 ($0.2843368854812807)

Claim Reward: 20 Claim(s) (WEI): 0.00466954460937498 WETH (4669544609374980 wei)
Claim Reward: 20 Claim(s) (USD): $13.98 ($13.982377912695345)

Next Claim Reward: 21 Claim(s) (WEI): 0.004900008344013384 WETH (4900008344013384 wei)
Next Claim Reward: 21 Claim(s) (USD): $14.67 ($14.672473265123433)

Net profit = (Gross Profit - Gas Cost [Avg])
$14.39 = ($14.67 - $0.28) $14.388136379642152 = ($14.672473265123433 - $0.2843368854812807)


5b. 22 Claim(s):

Total gas cost: 22 Claim(s) (USD): $0.3 ($0.2979785959610308)

Claim Reward: 21 Claim(s) (WEI): 0.004900008344013384 WETH (4900008344013384 wei)
Claim Reward: 21 Claim(s) (USD): $14.67 ($14.672473265123433)

Next Claim Reward: 22 Claim(s) (WEI): 0.00513018767125568 WETH (5130187671255680 wei)
Next Claim Reward: 22 Claim(s) (USD): $15.36 ($15.361716994529102)

Net profit = (Gross Profit - Gas Cost [Avg])
$15.06 = ($15.36 - $0.3) $15.063738398568072 = ($15.361716994529102 - $0.2979785959610308)


5b. 23 Claim(s):

Total gas cost: 23 Claim(s) (USD): $0.31 ($0.31162030644078087)

Claim Reward: 22 Claim(s) (WEI): 0.00513018767125568 WETH (5130187671255680 wei)
Claim Reward: 22 Claim(s) (USD): $15.36 ($15.361716994529102)

Next Claim Reward: 23 Claim(s) (WEI): 0.005360082942079267 WETH (5360082942079267 wei)
Next Claim Reward: 23 Claim(s) (USD): $16.05 ($16.050110151871078)

Net profit = (Gross Profit - Gas Cost [Avg])
$15.74 = ($16.05 - $0.31) $15.738489845430296 = ($16.050110151871078 - $0.31162030644078087)


5b. 24 Claim(s):

Total gas cost: 24 Claim(s) (USD): $0.33 ($0.32526201692053097)

Claim Reward: 23 Claim(s) (WEI): 0.005360082942079267 WETH (5360082942079267 wei)
Claim Reward: 23 Claim(s) (USD): $16.05 ($16.050110151871078)

Next Claim Reward: 24 Claim(s) (WEI): 0.005589694507028448 WETH (5589694507028448 wei)
Next Claim Reward: 24 Claim(s) (USD): $16.74 ($16.737653786811222)

Net profit = (Gross Profit - Gas Cost [Avg])
$16.41 = ($16.74 - $0.33) $16.412391769890693 = ($16.737653786811222 - $0.32526201692053097)


5b. 25 Claim(s):

Total gas cost: 25 Claim(s) (USD): $0.34 ($0.3389037274002811)

Claim Reward: 24 Claim(s) (WEI): 0.005589694507028448 WETH (5589694507028448 wei)
Claim Reward: 24 Claim(s) (USD): $16.74 ($16.737653786811222)

Next Claim Reward: 25 Claim(s) (WEI): 0.005819022716214925 WETH (5819022716214925 wei)
Next Claim Reward: 25 Claim(s) (USD): $17.42 ($17.42434894771604)

Net profit = (Gross Profit - Gas Cost [Avg])
$17.09 = ($17.42 - $0.34) $17.08544522031576 = ($17.42434894771604 - $0.3389037274002811)


5b. 26 Claim(s):

Total gas cost: 26 Claim(s) (USD): $0.35 ($0.3525454378800312)

Claim Reward: 25 Claim(s) (WEI): 0.005819022716214925 WETH (5819022716214925 wei)
Claim Reward: 25 Claim(s) (USD): $17.42 ($17.42434894771604)

Next Claim Reward: 26 Claim(s) (WEI): 0.006048067919318334 WETH (6048067919318334 wei)
Next Claim Reward: 26 Claim(s) (USD): $18.11 ($18.11019668165826)

Net profit = (Gross Profit - Gas Cost [Avg])
$17.76 = ($18.11 - $0.35) $17.757651243778227 = ($18.11019668165826 - $0.3525454378800312)


5b. 27 Claim(s):

Total gas cost: 27 Claim(s) (USD): $0.37 ($0.3661871483597813)

Claim Reward: 26 Claim(s) (WEI): 0.006048067919318334 WETH (6048067919318334 wei)
Claim Reward: 26 Claim(s) (USD): $18.11 ($18.11019668165826)

Next Claim Reward: 27 Claim(s) (WEI): 0.006276830465586753 WETH (6276830465586753 wei)
Next Claim Reward: 27 Claim(s) (USD): $18.8 ($18.795198034418355)

Net profit = (Gross Profit - Gas Cost [Avg])
$18.43 = ($18.8 - $0.37) $18.429010886058574 = ($18.795198034418355 - $0.3661871483597813)


******************
5c. Profit/Loss (USD):

Net profit = (Gross Profit - Gas Cost [Max])
$18.43 = ($18.8 - $0.37) $18.429010886058574 = ($18.795198034418355 - $0.3661871483597813)

Submitting transaction to claim 27 prize(s):

0x33335296c9b020ca3252e4953c11decfdce816b8-0x5a5530F7a2af9FC0C407f8E42D0178Ac61AadEbb-4-54
0x33335296c9b020ca3252e4953c11decfdce816b8-0x2a386Eafd91eE1EA5012Bb215C5084C814C7ba22-4-159
0x33335296c9b020ca3252e4953c11decfdce816b8-0xbA25e2AAf4A87fB44A2Aa3ED8Ad897606a449724-4-99
0x33335296c9b020ca3252e4953c11decfdce816b8-0x88cDb81CBfe0D599eF03f0A46D5127ac43958903-4-99
0x33335296c9b020ca3252e4953c11decfdce816b8-0x900B7Db2d79227dc50da84827Ac5D0299183505f-4-198
0x33335296c9b020ca3252e4953c11decfdce816b8-0xbDAE1Fa1543b67bAA5a403671854628AC6ED0188-4-80
0x33335296c9b020ca3252e4953c11decfdce816b8-0x3B895B08fc9DcD5875Ba91553355c59DF2507506-4-78
0x33335296c9b020ca3252e4953c11decfdce816b8-0x38B3Efe6Aa34D90646D1F71CA9618e07dDfDc2AB-4-234
0x33335296c9b020ca3252e4953c11decfdce816b8-0xA458cD4Ce6F9590B67A412551ca9F21F62B12927-4-142
0x33335296c9b020ca3252e4953c11decfdce816b8-0x539F3B6d3A67b881141A8034CAC502eD36044E07-4-60
0x33335296c9b020ca3252e4953c11decfdce816b8-0xf7Cc9f89A48230b6979d1a1dF187D004361353d4-4-168
0x33335296c9b020ca3252e4953c11decfdce816b8-0x49780bD0c0384a112092DaEBC5A6f522bD98fb69-4-128
0x33335296c9b020ca3252e4953c11decfdce816b8-0xFb1a4cdE04f837B7f621b85d72175EFA4AdbA27b-4-88
0x33335296c9b020ca3252e4953c11decfdce816b8-0x0115e00C6Eb21113EA22A2459705c284eDd536c1-4-177
0x33335296c9b020ca3252e4953c11decfdce816b8-0x0976cE3c8701a62adA60c5F733B7f53DD1A88920-4-121
0x33335296c9b020ca3252e4953c11decfdce816b8-0xc9c4001B096bC3634E2809e6e922f41ae4d1b550-4-27
0x33335296c9b020ca3252e4953c11decfdce816b8-0x37366F677E8394589170f3b00B2b0191a10E8a86-4-238
0x33335296c9b020ca3252e4953c11decfdce816b8-0x95140b511f6Dbca2fE00bA494d5889B2D71c7943-4-50
0x33335296c9b020ca3252e4953c11decfdce816b8-0x01ce4DE2d312d3444581F94F6144037b7adEA2F2-4-246
0x33335296c9b020ca3252e4953c11decfdce816b8-0xe248F55c476381fE80c3a5F8e2abb7F9C7af8758-4-178
0x33335296c9b020ca3252e4953c11decfdce816b8-0x9bA5C7AE1A2eC795A7966a522fF39CDf8035E146-4-79
0x33335296c9b020ca3252e4953c11decfdce816b8-0x255FD7936B952aF2563dC4FBeA265533f9d699Aa-4-86
0x33335296c9b020ca3252e4953c11decfdce816b8-0xd6cebb093B629Cd7996D5749b6ce7916d496aF36-4-120
0x33335296c9b020ca3252e4953c11decfdce816b8-0x6B6eaeC721bE94d1E86947d9D7418c354A986b9a-4-129
0x33335296c9b020ca3252e4953c11decfdce816b8-0xDcA091e62C0279D9598Db1da937D1E4a1D10B69e-4-174
0x33335296c9b020ca3252e4953c11decfdce816b8-0x0fCA5c1C17C2c2644962Ecf5d41C0caEfd4Ad6df-4-238
0x33335296c9b020ca3252e4953c11decfdce816b8-0x46981199b7878D691E43074b00b63cB3D83c4829-4-129



Execute Claim Transaction for Tier #4



Transaction sent! ✔
Transaction hash: 0x68bfe049e23f11b37651853ecfb885e6f0098cc012e15ac0b2c54382c0558c17
Waiting on transaction to be confirmed ...
Tx confirmed !




******************
Processing:
Vault:     0x7fad91a4a29109303188d8758f1a9d60ce988349
Tier:      #4
# prizes:  96

5a. Calculating # of profitable claims ...

Native (Gas) Token ETH Market Rate (USD): $2995.85

Estimated gas limit (wei) (1 prize claim): 0.000000000000245844 ETH (245844 wei)
Estimated gas limit (wei) (2 prize claims): 0.000000000000346847 ETH (346847 wei)

Gas Cost: First Claim (wei): 0.000000000000245844 ETH (245844 wei)
Gas Cost: Each Following Claim (wei): 0.000000000000101003 ETH (101003 wei)

Gas Cost: First Claim (USD): $0.01 $0.012906527425833978
Gas Cost: Each Following Claim (USD): $0.02 $0.015250981735542317

5b. 1 Claim(s):

Total gas cost: 1 Claim(s) (USD): $0.01 ($0.012906527425833978)

Next Claim Reward: 1 Claim(s) (WEI): 0.000231025045655023 WETH (231025045655023 wei)
Next Claim Reward: 1 Claim(s) (USD): $0.69 ($0.6917761293383599)

Net profit = (Gross Profit - Gas Cost [Avg])
$0.68 = ($0.69 - $0.01) $0.6788696019125259 = ($0.6917761293383599 - $0.012906527425833978)


5b. 2 Claim(s):

Total gas cost: 2 Claim(s) (USD): $0.03 ($0.028157509161376295)

Claim Reward: 1 Claim(s) (WEI): 0.000231025045655023 WETH (231025045655023 wei)
Claim Reward: 1 Claim(s) (USD): $0.69 ($0.6917761293383599)

Next Claim Reward: 2 Claim(s) (WEI): 0.00046176499121924 WETH (461764991219240 wei)
Next Claim Reward: 2 Claim(s) (USD): $1.38 ($1.3826985614650924)

Net profit = (Gross Profit - Gas Cost [Avg])
$1.35 = ($1.38 - $0.03) $1.354541052303716 = ($1.3826985614650924 - $0.028157509161376295)


5b. 3 Claim(s):

Total gas cost: 3 Claim(s) (USD): $0.04 ($0.04340849089691861)

Claim Reward: 2 Claim(s) (WEI): 0.00046176499121924 WETH (461764991219240 wei)
Claim Reward: 2 Claim(s) (USD): $1.38 ($1.3826985614650924)

Next Claim Reward: 3 Claim(s) (WEI): 0.000692220188524902 WETH (692220188524902 wei)
Next Claim Reward: 3 Claim(s) (USD): $2.07 ($2.072768349898668)

Net profit = (Gross Profit - Gas Cost [Avg])
$2.03 = ($2.07 - $0.04) $2.0293598590017496 = ($2.072768349898668 - $0.04340849089691861)


5b. 4 Claim(s):

Total gas cost: 4 Claim(s) (USD): $0.06 ($0.05865947263246093)

Claim Reward: 3 Claim(s) (WEI): 0.000692220188524902 WETH (692220188524902 wei)
Claim Reward: 3 Claim(s) (USD): $2.07 ($2.072768349898668)

Next Claim Reward: 4 Claim(s) (WEI): 0.000922390988970072 WETH (922390988970072 wei)
Next Claim Reward: 4 Claim(s) (USD): $2.76 ($2.761986546857435)

Net profit = (Gross Profit - Gas Cost [Avg])
$2.7 = ($2.76 - $0.06) $2.7033270742249744 = ($2.761986546857435 - $0.05865947263246093)


5b. 5 Claim(s):

Total gas cost: 5 Claim(s) (USD): $0.07 ($0.07391045436800324)

Claim Reward: 4 Claim(s) (WEI): 0.000922390988970072 WETH (922390988970072 wei)
Claim Reward: 4 Claim(s) (USD): $2.76 ($2.761986546857435)

Next Claim Reward: 5 Claim(s) (WEI): 0.001152277743519175 WETH (1152277743519175 wei)
Next Claim Reward: 5 Claim(s) (USD): $3.45 ($3.450354203261265)

Net profit = (Gross Profit - Gas Cost [Avg])
$3.38 = ($3.45 - $0.07) $3.3764437488932617 = ($3.450354203261265 - $0.07391045436800324)


5b. 6 Claim(s):

Total gas cost: 6 Claim(s) (USD): $0.09 ($0.08916143610354556)

Claim Reward: 5 Claim(s) (WEI): 0.001152277743519175 WETH (1152277743519175 wei)
Claim Reward: 5 Claim(s) (USD): $3.45 ($3.450354203261265)

Next Claim Reward: 6 Claim(s) (WEI): 0.001381880802703512 WETH (1381880802703512 wei)
Next Claim Reward: 6 Claim(s) (USD): $4.14 ($4.1378723687330945)

Net profit = (Gross Profit - Gas Cost [Avg])
$4.05 = ($4.14 - $0.09) $4.0487109326295485 = ($4.1378723687330945 - $0.08916143610354556)


5b. 7 Claim(s):

Total gas cost: 7 Claim(s) (USD): $0.1 ($0.10441241783908788)

Claim Reward: 6 Claim(s) (WEI): 0.001381880802703512 WETH (1381880802703512 wei)
Claim Reward: 6 Claim(s) (USD): $4.14 ($4.1378723687330945)

Next Claim Reward: 7 Claim(s) (WEI): 0.001611200516621815 WETH (1611200516621815 wei)
Next Claim Reward: 7 Claim(s) (USD): $4.82 ($4.824542091600583)

Net profit = (Gross Profit - Gas Cost [Avg])
$4.72 = ($4.82 - $0.1) $4.7201296737614955 = ($4.824542091600583 - $0.10441241783908788)


5b. 8 Claim(s):

Total gas cost: 8 Claim(s) (USD): $0.12 ($0.1196633995746302)

Claim Reward: 7 Claim(s) (WEI): 0.001611200516621815 WETH (1611200516621815 wei)
Claim Reward: 7 Claim(s) (USD): $4.82 ($4.824542091600583)

Next Claim Reward: 8 Claim(s) (WEI): 0.001840237234940752 WETH (1840237234940752 wei)
Next Claim Reward: 8 Claim(s) (USD): $5.51 ($5.51036441889763)

Net profit = (Gross Profit - Gas Cost [Avg])
$5.39 = ($5.51 - $0.12) $5.390701019323 = ($5.51036441889763 - $0.1196633995746302)


5b. 9 Claim(s):

Total gas cost: 9 Claim(s) (USD): $0.13 ($0.1349143813101725)

Claim Reward: 8 Claim(s) (WEI): 0.001840237234940752 WETH (1840237234940752 wei)
Claim Reward: 8 Claim(s) (USD): $5.51 ($5.51036441889763)

Next Claim Reward: 9 Claim(s) (WEI): 0.00206899130689551 WETH (2068991306895510 wei)
Next Claim Reward: 9 Claim(s) (USD): $6.2 ($6.1953403963661176)

Net profit = (Gross Profit - Gas Cost [Avg])
$6.06 = ($6.2 - $0.13) $6.0604260150559455 = ($6.1953403963661176 - $0.1349143813101725)


5b. 10 Claim(s):

Total gas cost: 10 Claim(s) (USD): $0.15 ($0.15016536304571482)

Claim Reward: 9 Claim(s) (WEI): 0.00206899130689551 WETH (2068991306895510 wei)
Claim Reward: 9 Claim(s) (USD): $6.2 ($6.1953403963661176)

Next Claim Reward: 10 Claim(s) (WEI): 0.00229746308129026 WETH (2297463081290260 wei)
Next Claim Reward: 10 Claim(s) (USD): $6.88 ($6.879471068457302)

Net profit = (Gross Profit - Gas Cost [Avg])
$6.73 = ($6.88 - $0.15) $6.729305705411587 = ($6.879471068457302 - $0.15016536304571482)


5b. 11 Claim(s):

Total gas cost: 11 Claim(s) (USD): $0.17 ($0.16541634478125714)

Claim Reward: 10 Claim(s) (WEI): 0.00229746308129026 WETH (2297463081290260 wei)
Claim Reward: 10 Claim(s) (USD): $6.88 ($6.879471068457302)

Next Claim Reward: 11 Claim(s) (WEI): 0.002525652906498766 WETH (2525652906498766 wei)
Next Claim Reward: 11 Claim(s) (USD): $7.56 ($7.562757478333636)

Net profit = (Gross Profit - Gas Cost [Avg])
$7.4 = ($7.56 - $0.17) $7.397341133552379 = ($7.562757478333636 - $0.16541634478125714)


5b. 12 Claim(s):

Total gas cost: 12 Claim(s) (USD): $0.18 ($0.18066732651679945)

Claim Reward: 11 Claim(s) (WEI): 0.002525652906498766 WETH (2525652906498766 wei)
Claim Reward: 11 Claim(s) (USD): $7.56 ($7.562757478333636)

Next Claim Reward: 12 Claim(s) (WEI): 0.002753561130464844 WETH (2753561130464844 wei)
Next Claim Reward: 12 Claim(s) (USD): $8.25 ($8.245200667870154)

Net profit = (Gross Profit - Gas Cost [Avg])
$8.06 = ($8.25 - $0.18) $8.064533341353355 = ($8.245200667870154 - $0.18066732651679945)


5b. 13 Claim(s):

Total gas cost: 13 Claim(s) (USD): $0.2 ($0.19591830825234177)

Claim Reward: 12 Claim(s) (WEI): 0.002753561130464844 WETH (2753561130464844 wei)
Claim Reward: 12 Claim(s) (USD): $8.25 ($8.245200667870154)

Next Claim Reward: 13 Claim(s) (WEI): 0.002981188100702942 WETH (2981188100702942 wei)
Next Claim Reward: 13 Claim(s) (USD): $8.93 ($8.926801677656194)

Net profit = (Gross Profit - Gas Cost [Avg])
$8.73 = ($8.93 - $0.2) $8.730883369403852 = ($8.926801677656194 - $0.19591830825234177)


5b. 14 Claim(s):

Total gas cost: 14 Claim(s) (USD): $0.21 ($0.2111692899878841)

Claim Reward: 13 Claim(s) (WEI): 0.002981188100702942 WETH (2981188100702942 wei)
Claim Reward: 13 Claim(s) (USD): $8.93 ($8.926801677656194)

Next Claim Reward: 14 Claim(s) (WEI): 0.003208534164298638 WETH (3208534164298638 wei)
Next Claim Reward: 14 Claim(s) (USD): $9.61 ($9.607561546996894)

Net profit = (Gross Profit - Gas Cost [Avg])
$9.4 = ($9.61 - $0.21) $9.39639225700901 = ($9.607561546996894 - $0.2111692899878841)


5b. 15 Claim(s):

Total gas cost: 15 Claim(s) (USD): $0.23 ($0.2264202717234264)

Claim Reward: 14 Claim(s) (WEI): 0.003208534164298638 WETH (3208534164298638 wei)
Claim Reward: 14 Claim(s) (USD): $9.61 ($9.607561546996894)

Next Claim Reward: 15 Claim(s) (WEI): 0.003435599667909195 WETH (3435599667909195 wei)
Next Claim Reward: 15 Claim(s) (USD): $10.29 ($10.287481313914865)

Net profit = (Gross Profit - Gas Cost [Avg])
$10.06 = ($10.29 - $0.23) $10.061061042191438 = ($10.287481313914865 - $0.2264202717234264)


5b. 16 Claim(s):

Total gas cost: 16 Claim(s) (USD): $0.24 ($0.24167125345896873)

Claim Reward: 15 Claim(s) (WEI): 0.003435599667909195 WETH (3435599667909195 wei)
Claim Reward: 15 Claim(s) (USD): $10.29 ($10.287481313914865)

Next Claim Reward: 16 Claim(s) (WEI): 0.003662384957764064 WETH (3662384957764064 wei)
Next Claim Reward: 16 Claim(s) (USD): $10.97 ($10.966562015151677)

Net profit = (Gross Profit - Gas Cost [Avg])
$10.72 = ($10.97 - $0.24) $10.724890761692707 = ($10.966562015151677 - $0.24167125345896873)


5b. 17 Claim(s):

Total gas cost: 17 Claim(s) (USD): $0.26 ($0.256922235194511)

Claim Reward: 16 Claim(s) (WEI): 0.003662384957764064 WETH (3662384957764064 wei)
Claim Reward: 16 Claim(s) (USD): $10.97 ($10.966562015151677)

Next Claim Reward: 17 Claim(s) (WEI): 0.003888890379665477 WETH (3888890379665477 wei)
Next Claim Reward: 17 Claim(s) (USD): $11.64 ($11.644804686169648)

Net profit = (Gross Profit - Gas Cost [Avg])
$11.39 = ($11.64 - $0.26) $11.387882450975138 = ($11.644804686169648 - $0.256922235194511)


5b. 18 Claim(s):

Total gas cost: 18 Claim(s) (USD): $0.27 ($0.27217321693005336)

Claim Reward: 17 Claim(s) (WEI): 0.003888890379665477 WETH (3888890379665477 wei)
Claim Reward: 17 Claim(s) (USD): $11.64 ($11.644804686169648)

Next Claim Reward: 18 Claim(s) (WEI): 0.00411511627898883 WETH (4115116278988830 wei)
Next Claim Reward: 18 Claim(s) (USD): $12.32 ($12.32221036115299)

Net profit = (Gross Profit - Gas Cost [Avg])
$12.05 = ($12.32 - $0.27) $12.050037144222937 = ($12.32221036115299 - $0.27217321693005336)


5b. 19 Claim(s):

Total gas cost: 19 Claim(s) (USD): $0.29 ($0.28742419866559565)

Claim Reward: 18 Claim(s) (WEI): 0.00411511627898883 WETH (4115116278988830 wei)
Claim Reward: 18 Claim(s) (USD): $12.32 ($12.32221036115299)

Next Claim Reward: 19 Claim(s) (WEI): 0.004341063000683392 WETH (4341063000683392 wei)
Next Claim Reward: 19 Claim(s) (USD): $13 ($12.998780073009932)

Net profit = (Gross Profit - Gas Cost [Avg])
$12.71 = ($13 - $0.29) $12.711355874344337 = ($12.998780073009932 - $0.28742419866559565)


5b. 20 Claim(s):

Total gas cost: 20 Claim(s) (USD): $0.3 ($0.302675180401138)

Claim Reward: 19 Claim(s) (WEI): 0.004341063000683392 WETH (4341063000683392 wei)
Claim Reward: 19 Claim(s) (USD): $13 ($12.998780073009932)

Next Claim Reward: 20 Claim(s) (WEI): 0.0045667308892727 WETH (4566730889272700 wei)
Next Claim Reward: 20 Claim(s) (USD): $13.67 ($13.674514853373898)

Net profit = (Gross Profit - Gas Cost [Avg])
$13.37 = ($13.67 - $0.3) $13.37183967297276 = ($13.674514853373898 - $0.302675180401138)


5b. 21 Claim(s):

Total gas cost: 21 Claim(s) (USD): $0.32 ($0.3179261621366803)

Claim Reward: 20 Claim(s) (WEI): 0.0045667308892727 WETH (4566730889272700 wei)
Claim Reward: 20 Claim(s) (USD): $13.67 ($13.674514853373898)

Next Claim Reward: 21 Claim(s) (WEI): 0.004792120288855116 WETH (4792120288855116 wei)
Next Claim Reward: 21 Claim(s) (USD): $14.35 ($14.349415732605172)

Net profit = (Gross Profit - Gas Cost [Avg])
$14.03 = ($14.35 - $0.32) $14.03148957046849 = ($14.349415732605172 - $0.3179261621366803)


5b. 22 Claim(s):

Total gas cost: 22 Claim(s) (USD): $0.33 ($0.33317714387222264)

Claim Reward: 21 Claim(s) (WEI): 0.004792120288855116 WETH (4792120288855116 wei)
Claim Reward: 21 Claim(s) (USD): $14.35 ($14.349415732605172)

Next Claim Reward: 22 Claim(s) (WEI): 0.005017231543104396 WETH (5017231543104396 wei)
Next Claim Reward: 22 Claim(s) (USD): $15.02 ($15.02348373979262)

Net profit = (Gross Profit - Gas Cost [Avg])
$14.69 = ($15.02 - $0.33) $14.690306595920397 = ($15.02348373979262 - $0.33317714387222264)


5b. 23 Claim(s):

Total gas cost: 23 Claim(s) (USD): $0.35 ($0.3484281256077649)

Claim Reward: 22 Claim(s) (WEI): 0.005017231543104396 WETH (5017231543104396 wei)
Claim Reward: 22 Claim(s) (USD): $15.02 ($15.02348373979262)

Next Claim Reward: 23 Claim(s) (WEI): 0.005242064995270156 WETH (5242064995270156 wei)
Next Claim Reward: 23 Claim(s) (USD): $15.7 ($15.696719902755062)

Net profit = (Gross Profit - Gas Cost [Avg])
$15.35 = ($15.7 - $0.35) $15.348291777147297 = ($15.696719902755062 - $0.3484281256077649)


5b. 24 Claim(s):

Total gas cost: 24 Claim(s) (USD): $0.36 ($0.3636791073433073)

Claim Reward: 23 Claim(s) (WEI): 0.005242064995270156 WETH (5242064995270156 wei)
Claim Reward: 23 Claim(s) (USD): $15.7 ($15.696719902755062)

Next Claim Reward: 24 Claim(s) (WEI): 0.00546662098817844 WETH (5466620988178440 wei)
Next Claim Reward: 24 Claim(s) (USD): $16.37 ($16.36912524804299)

Net profit = (Gross Profit - Gas Cost [Avg])
$16.01 = ($16.37 - $0.36) $16.005446140699682 = ($16.36912524804299 - $0.3636791073433073)


5b. 25 Claim(s):

Total gas cost: 25 Claim(s) (USD): $0.38 ($0.37893008907884956)

Claim Reward: 24 Claim(s) (WEI): 0.00546662098817844 WETH (5466620988178440 wei)
Claim Reward: 24 Claim(s) (USD): $16.37 ($16.36912524804299)

Next Claim Reward: 25 Claim(s) (WEI): 0.005690899864232175 WETH (5690899864232175 wei)
Next Claim Reward: 25 Claim(s) (USD): $17.04 ($17.04070080093992)

Net profit = (Gross Profit - Gas Cost [Avg])
$16.66 = ($17.04 - $0.38) $16.66177071186107 = ($17.04070080093992 - $0.37893008907884956)


5b. 26 Claim(s):

Total gas cost: 26 Claim(s) (USD): $0.39 ($0.3941810708143919)

Claim Reward: 25 Claim(s) (WEI): 0.005690899864232175 WETH (5690899864232175 wei)
Claim Reward: 25 Claim(s) (USD): $17.04 ($17.04070080093992)

Next Claim Reward: 26 Claim(s) (WEI): 0.005914901965411816 WETH (5914901965411816 wei)
Next Claim Reward: 26 Claim(s) (USD): $17.71 ($17.71144758546433)

Net profit = (Gross Profit - Gas Cost [Avg])
$17.32 = ($17.71 - $0.39) $17.31726651464994 = ($17.71144758546433 - $0.3941810708143919)


5b. 27 Claim(s):

Total gas cost: 27 Claim(s) (USD): $0.41 ($0.4094320525499342)

Claim Reward: 26 Claim(s) (WEI): 0.005914901965411816 WETH (5914901965411816 wei)
Claim Reward: 26 Claim(s) (USD): $17.71 ($17.71144758546433)

Next Claim Reward: 27 Claim(s) (WEI): 0.006138627633275724 WETH (6138627633275724 wei)
Next Claim Reward: 27 Claim(s) (USD): $18.38 ($18.381366624370788)

Net profit = (Gross Profit - Gas Cost [Avg])
$17.97 = ($18.38 - $0.41) $17.971934571820853 = ($18.381366624370788 - $0.4094320525499342)


5b. 28 Claim(s):

Total gas cost: 28 Claim(s) (USD): $0.42 ($0.42468303428547655)

Claim Reward: 27 Claim(s) (WEI): 0.006138627633275724 WETH (6138627633275724 wei)
Claim Reward: 27 Claim(s) (USD): $18.38 ($18.381366624370788)

Next Claim Reward: 28 Claim(s) (WEI): 0.00636207720896076 WETH (6362077208960760 wei)
Next Claim Reward: 28 Claim(s) (USD): $19.05 ($19.050458939151735)

Net profit = (Gross Profit - Gas Cost [Avg])
$18.63 = ($19.05 - $0.42) $18.62577590486626 = ($19.050458939151735 - $0.42468303428547655)


5b. 29 Claim(s):

Total gas cost: 29 Claim(s) (USD): $0.44 ($0.43993401602101884)

Claim Reward: 28 Claim(s) (WEI): 0.00636207720896076 WETH (6362077208960760 wei)
Claim Reward: 28 Claim(s) (USD): $19.05 ($19.050458939151735)

Next Claim Reward: 29 Claim(s) (WEI): 0.006585251033182868 WETH (6585251033182868 wei)
Next Claim Reward: 29 Claim(s) (USD): $19.72 ($19.718725550039224)

Net profit = (Gross Profit - Gas Cost [Avg])
$19.28 = ($19.72 - $0.44) $19.278791534018204 = ($19.718725550039224 - $0.43993401602101884)


5b. 30 Claim(s):

Total gas cost: 30 Claim(s) (USD): $0.46 ($0.4551849977565612)

Claim Reward: 29 Claim(s) (WEI): 0.006585251033182868 WETH (6585251033182868 wei)
Claim Reward: 29 Claim(s) (USD): $19.72 ($19.718725550039224)

Next Claim Reward: 30 Claim(s) (WEI): 0.00680814944623743 WETH (6808149446237430 wei)
Next Claim Reward: 30 Claim(s) (USD): $20.39 ($20.386167476005987)

Net profit = (Gross Profit - Gas Cost [Avg])
$19.93 = ($20.39 - $0.46) $19.930982478249426 = ($20.386167476005987 - $0.4551849977565612)

******************
5c. Profit/Loss (USD):

Net profit = (Gross Profit - Gas Cost [Max])
$19.26 = ($19.72 - $0.46) $19.263540552282663 = ($19.718725550039224 - $0.4551849977565612)

Submitting transaction to claim 29 prize(s):

0x7fad91a4a29109303188d8758f1a9d60ce988349-0xfb56CA28A7b8C4B8D0f5BC8d47bf9b32e7981751-4-204
0x7fad91a4a29109303188d8758f1a9d60ce988349-0x85Af93b0D61e3e18630876983E214996759dD65f-4-106
0x7fad91a4a29109303188d8758f1a9d60ce988349-0xB2a8A1DCa57E1ed2E0d0f8F476928129f333d6C1-4-94
0x7fad91a4a29109303188d8758f1a9d60ce988349-0xE9bCB5733C2903bcA7CbAf937d3F59C6cb5c5C2a-4-141
0x7fad91a4a29109303188d8758f1a9d60ce988349-0x49a8dD177a4c70f679371fEF0E2F0aB88753F8e6-4-238
0x7fad91a4a29109303188d8758f1a9d60ce988349-0xA3a75722707De27177Bdb36937b41d28c7E864F4-4-18
0x7fad91a4a29109303188d8758f1a9d60ce988349-0xb70Fa322fe1562892FC4c4229Bd101771ab2c495-4-118
0x7fad91a4a29109303188d8758f1a9d60ce988349-0x61dF239Dc810e5Cdc218Cc08A638d43e667273EF-4-53
0x7fad91a4a29109303188d8758f1a9d60ce988349-0x604c1fB68ae6CeF83691A12948062A63bEe31CD5-4-182
0x7fad91a4a29109303188d8758f1a9d60ce988349-0xe9D68F33A395e943C61F536A67098d7969C01b7E-4-59
0x7fad91a4a29109303188d8758f1a9d60ce988349-0x6f9E03e2D1e3E5a0Af6A4D5b46EF73497A7f1eef-4-29
0x7fad91a4a29109303188d8758f1a9d60ce988349-0x397877F6b231Caf3451b3D501Db45ea6e59E1E23-4-160
0x7fad91a4a29109303188d8758f1a9d60ce988349-0x01d0C234234c89bB2b840BeE1FfA85Cd7D23E929-4-68
0x7fad91a4a29109303188d8758f1a9d60ce988349-0x7a26e0ce7Ba50e23E6d315F3b8380beD4750FF9C-4-117
0x7fad91a4a29109303188d8758f1a9d60ce988349-0xb1fFBE2fbA75B4f418b6850E2688b1BfFCB69f6E-4-86
0x7fad91a4a29109303188d8758f1a9d60ce988349-0xA70f4F2c4344066D98b33753e90F47C9f7067237-4-242
0x7fad91a4a29109303188d8758f1a9d60ce988349-0x00f029e977cBA588c44b1821ec1b3Ed9B6fe59FC-4-109
0x7fad91a4a29109303188d8758f1a9d60ce988349-0x432D433D1db21832A70A15A31F199E11Ea47e9f1-4-249
0x7fad91a4a29109303188d8758f1a9d60ce988349-0x4c620D9e5974CcEEc7E04727E83972C590e608f2-4-189
0x7fad91a4a29109303188d8758f1a9d60ce988349-0xAc550ACFcC2B15CECbAF58C9A8a6518Ec7aF621B-4-218
0x7fad91a4a29109303188d8758f1a9d60ce988349-0x8B101641466d70dcAE268C830981E7fc1Ae01774-4-7
0x7fad91a4a29109303188d8758f1a9d60ce988349-0x03f5612AF1262cEB45842b30EF7DE44c87E6e77F-4-89
0x7fad91a4a29109303188d8758f1a9d60ce988349-0x2dC6B542De378afd6D1341c55bA2d449cE3DbB46-4-218
0x7fad91a4a29109303188d8758f1a9d60ce988349-0xE9fB3332d2DD965AA579a088377b2aE7AFD9C8D6-4-5
0x7fad91a4a29109303188d8758f1a9d60ce988349-0x6f564F6847B4f463Ead7F49D33cAFd88f8c748F5-4-22
0x7fad91a4a29109303188d8758f1a9d60ce988349-0xb4724287D1F93e8831FF8858fC5ac3e3d076FEb3-4-8
0x7fad91a4a29109303188d8758f1a9d60ce988349-0xa69583BC12411Fb0869c2e3174711478237cFF8E-4-34
0x7fad91a4a29109303188d8758f1a9d60ce988349-0x1Be7FBd75DA89AEcCeC842f391eD8f17230837c3-4-165
0x7fad91a4a29109303188d8758f1a9d60ce988349-0xC164D052595c4FEf808E30eAf4398f94dA662c77-4-150



Execute Claim Transaction for Tier #4



Transaction sent! ✔
Transaction hash: 0xfec0f5a96d0e62e7e32da8589bac6d2b976f13d0bd7d284da5515d7636a94f95
Waiting on transaction to be confirmed ...
Tx confirmed !




******************
Processing:
Vault:     0x33335296c9b020ca3252e4953c11decfdce816b8
Tier:      #5 (Canary tier)
# prizes:  389

5a. Calculating # of profitable claims ...

Native (Gas) Token ETH Market Rate (USD): $2995.85

Estimated gas limit (wei) (1 prize claim): 0.000000000000195716 ETH (195716 wei)
Estimated gas limit (wei) (2 prize claims): 0.000000000000284719 ETH (284719 wei)

Gas Cost: First Claim (wei): 0.000000000000195716 ETH (195716 wei)
Gas Cost: Each Following Claim (wei): 0.000000000000089003 ETH (89003 wei)

Gas Cost: First Claim (USD): $0.01 $0.01279798803453185
Gas Cost: Each Following Claim (USD): $0.02 $0.015298376759388716

5b. 1 Claim(s):

Total gas cost: 1 Claim(s) (USD): $0.01 ($0.01279798803453185)

Next Claim Reward: 1 Claim(s) (WEI): 0.000013758929632565 WETH (13758929632565 wei)
Next Claim Reward: 1 Claim(s) (USD): $0.04 ($0.041199425188157016)

Net profit = (Gross Profit - Gas Cost [Avg])
$0.03 = ($0.04 - $0.01) $0.028401437153625166 = ($0.041199425188157016 - $0.01279798803453185)

******************
5c. Profit/Loss (USD):

Net profit = (Gross Profit - Gas Cost [Max])
$-0.01 = ($0 - $0.01) $-0.01279798803453185 = ($0 - $0.01279798803453185)

Claiming tier #5 (Canary tier) currently not profitable.
Not profitable to claim for Draw #30, Tier: #5 (Canary tier)




******************
Processing:
Vault:     0x75b2f4b3ec5adf7077f928992524cc547e74f768
Tier:      #5 (Canary tier)
# prizes:  56

Tier #5 (Canary tier) not profitable, skipping ...





******************
Processing:
Vault:     0x7fad91a4a29109303188d8758f1a9d60ce988349
Tier:      #5 (Canary tier)
# prizes:  550

Tier #5 (Canary tier) not profitable, skipping ...





******************
Processing:
Vault:     0x33335296c9b020ca3252e4953c11decfdce816b8
Tier:      #6 (Canary tier)
# prizes:  1584

Tier #6 (Canary tier) not profitable, skipping ...





******************
Processing:
Vault:     0x75b2f4b3ec5adf7077f928992524cc547e74f768
Tier:      #6 (Canary tier)
# prizes:  234

Tier #6 (Canary tier) not profitable, skipping ...





******************
Processing:
Vault:     0x7fad91a4a29109303188d8758f1a9d60ce988349
Tier:      #6 (Canary tier)
# prizes:  2301

Tier #6 (Canary tier) not profitable, skipping ...





******************
Processing:
Vault:     0xc0832b2d1380ec5550f86cd6c6bc2e9402c1f55c
Tier:      #6 (Canary tier)
# prizes:  6

Tier #6 (Canary tier) not profitable, skipping ...





******************
Processing:
Vault:     0xdea4278d8b01b71523bfd6a8fc36fea67f349e47
Tier:      #6 (Canary tier)
# prizes:  1

Tier #6 (Canary tier) not profitable, skipping ...





******************
Processing:
Vault:     0xe590741416acbdba094f7d70beaef6060cc6d21e
Tier:      #6 (Canary tier)
# prizes:  1

Tier #6 (Canary tier) not profitable, skipping ...

