Operating on: 11155420 - Optimism Sepolia

Config - REWARD_RECIPIENT not provided, setting swap recipient to relayer address: 0x06003274c3a7926c04cA8d6903cc691fE8f3CEC2
Config - MIN_PROFIT_THRESHOLD_USD: 0.05

Starting ...
Getting prize pool info ...
Getting prize context ...

******************
1. Prize token: WETH

┌────────────┬──────────────────────────────────────────────┬──────────┬─────────────────┬────────┬──────────────┐
│ (index)    │ address                                      │ decimals │ name            │ symbol │ assetRateUsd │
├────────────┼──────────────────────────────────────────────┼──────────┼─────────────────┼────────┼──────────────┤
│ prizeToken │ '0xC355F97a3Aa2808Acb536E555764b8FB26fB4b37' │ 18       │ 'Wrapped Ether' │ 'WETH' │ 3094.774     │
└────────────┴──────────────────────────────────────────────┴──────────┴─────────────────┴────────┴──────────────┘
┌─────────┬──────────┬───────────────────────────────┐
│ (index) │ numTiers │ tiersRangeArray               │
├─────────┼──────────┼───────────────────────────────┤
│ tiers   │ 7        │ [ 0, 1, 2, ... 4 more items ] │
└─────────┴──────────┴───────────────────────────────┘
Draw ID: 24
Prize Token WETH MarketRate USD:  $3094.774

******************
Getting prize vaults ...
Found 6 prize vaults.

187 prizes already claimed for draw #24.
5157 prizes remaining to be claimed...




******************
Processing:
Vault:     0x33335296c9b020ca3252e4953c11decfdce816b8
Tier:      #4
# prizes:  52

5a. Calculating # of profitable claims ...

Native (Gas) Token ETH Market Rate (USD): $3098.67

Estimated gas limit (wei) (1 prize claim): 0.00000000000023995 ETH (239950 wei)
Estimated gas limit (wei) (2 prize claims): 0.000000000000354324 ETH (354324 wei)

Gas Cost: First Claim (wei): 0.00000000000023995 ETH (239950 wei)
Gas Cost: Each Following Claim (wei): 0.000000000000114374 ETH (114374 wei)

Gas Cost: First Claim (USD): $0.01 $0.013790386997004368
Gas Cost: Each Following Claim (USD): $0.02 $0.016390099052107497

5b. 1 Claim(s):

Total gas cost: 1 Claim(s) (USD): $0.01 ($0.013790386997004368)

Next Claim Reward: 1 Claim(s) (WEI): 0.000097732122655503 WETH (97732122655503 wei)
Next Claim Reward: 1 Claim(s) (USD): $0.3 ($0.3024588321590616)

Net profit = (Gross Profit - Gas Cost [Avg])
$0.29 = ($0.3 - $0.01) $0.28866844516205725 = ($0.3024588321590616 - $0.013790386997004368)


5b. 2 Claim(s):

Total gas cost: 2 Claim(s) (USD): $0.03 ($0.030180486049111867)

Claim Reward: 1 Claim(s) (WEI): 0.000097732122655503 WETH (97732122655503 wei)
Claim Reward: 1 Claim(s) (USD): $0.3 ($0.3024588321590616)

Next Claim Reward: 2 Claim(s) (WEI): 0.000195343448335256 WETH (195343448335256 wei)
Next Claim Reward: 2 Claim(s) (USD): $0.6 ($0.6045438249782935)

Net profit = (Gross Profit - Gas Cost [Avg])
$0.57 = ($0.6 - $0.03) $0.5743633389291817 = ($0.6045438249782935 - $0.030180486049111867)


5b. 3 Claim(s):

Total gas cost: 3 Claim(s) (USD): $0.05 ($0.046570585101219364)

Claim Reward: 2 Claim(s) (WEI): 0.000195343448335256 WETH (195343448335256 wei)
Claim Reward: 2 Claim(s) (USD): $0.6 ($0.6045438249782935)

Next Claim Reward: 3 Claim(s) (WEI): 0.000292834126344411 WETH (292834126344411 wei)
Next Claim Reward: 3 Claim(s) (USD): $0.91 ($0.9062554405233982)

Net profit = (Gross Profit - Gas Cost [Avg])
$0.86 = ($0.91 - $0.05) $0.8596848554221789 = ($0.9062554405233982 - $0.046570585101219364)


5b. 4 Claim(s):

Total gas cost: 4 Claim(s) (USD): $0.06 ($0.06296068415332685)

Claim Reward: 3 Claim(s) (WEI): 0.000292834126344411 WETH (292834126344411 wei)
Claim Reward: 3 Claim(s) (USD): $0.91 ($0.9062554405233982)

Next Claim Reward: 4 Claim(s) (WEI): 0.000390204305803576 WETH (390204305803576 wei)
Next Claim Reward: 4 Claim(s) (USD): $1.21 ($1.207594140288956)

Net profit = (Gross Profit - Gas Cost [Avg])
$1.14 = ($1.21 - $0.06) $1.1446334561356293 = ($1.207594140288956 - $0.06296068415332685)


5b. 5 Claim(s):

Total gas cost: 5 Claim(s) (USD): $0.08 ($0.07935078320543436)

Claim Reward: 4 Claim(s) (WEI): 0.000390204305803576 WETH (390204305803576 wei)
Claim Reward: 4 Claim(s) (USD): $1.21 ($1.207594140288956)

Next Claim Reward: 5 Claim(s) (WEI): 0.00048745413564905 WETH (487454135649050 wei)
Next Claim Reward: 5 Claim(s) (USD): $1.51 ($1.508560385199153)

Net profit = (Gross Profit - Gas Cost [Avg])
$1.43 = ($1.51 - $0.08) $1.4292096019937186 = ($1.508560385199153 - $0.07935078320543436)


5b. 6 Claim(s):

Total gas cost: 6 Claim(s) (USD): $0.1 ($0.09574088225754186)

Claim Reward: 5 Claim(s) (WEI): 0.00048745413564905 WETH (487454135649050 wei)
Claim Reward: 5 Claim(s) (USD): $1.51 ($1.508560385199153)

Next Claim Reward: 6 Claim(s) (WEI): 0.00058458376463304 WETH (584583764633040 wei)
Next Claim Reward: 6 Claim(s) (USD): $1.81 ($1.8091546356084516)

Net profit = (Gross Profit - Gas Cost [Avg])
$1.71 = ($1.81 - $0.1) $1.7134137533509097 = ($1.8091546356084516 - $0.09574088225754186)


5b. 7 Claim(s):

Total gas cost: 7 Claim(s) (USD): $0.11 ($0.11213098130964935)

Claim Reward: 6 Claim(s) (WEI): 0.00058458376463304 WETH (584583764633040 wei)
Claim Reward: 6 Claim(s) (USD): $1.81 ($1.8091546356084516)

Next Claim Reward: 7 Claim(s) (WEI): 0.000681593341323909 WETH (681593341323909 wei)
Next Claim Reward: 7 Claim(s) (USD): $2.11 ($2.109377351302359)

Net profit = (Gross Profit - Gas Cost [Avg])
$2 = ($2.11 - $0.11) $1.9972463699927097 = ($2.109377351302359 - $0.11213098130964935)


5b. 8 Claim(s):

Total gas cost: 8 Claim(s) (USD): $0.13 ($0.12852108036175683)

Claim Reward: 7 Claim(s) (WEI): 0.000681593341323909 WETH (681593341323909 wei)
Claim Reward: 7 Claim(s) (USD): $2.11 ($2.109377351302359)

Next Claim Reward: 8 Claim(s) (WEI): 0.000778483014106368 WETH (778483014106368 wei)
Next Claim Reward: 8 Claim(s) (USD): $2.41 ($2.409228991498021)

Net profit = (Gross Profit - Gas Cost [Avg])
$2.28 = ($2.41 - $0.13) $2.2807079111362643 = ($2.409228991498021 - $0.12852108036175683)


5b. 9 Claim(s):

Total gas cost: 9 Claim(s) (USD): $0.14 ($0.14491117941386433)

Claim Reward: 8 Claim(s) (WEI): 0.000778483014106368 WETH (778483014106368 wei)
Claim Reward: 8 Claim(s) (USD): $2.41 ($2.409228991498021)

Next Claim Reward: 9 Claim(s) (WEI): 0.000875252931181749 WETH (875252931181749 wei)
Next Claim Reward: 9 Claim(s) (USD): $2.71 ($2.708710014845066)

Net profit = (Gross Profit - Gas Cost [Avg])
$2.56 = ($2.71 - $0.14) $2.563798835431202 = ($2.708710014845066 - $0.14491117941386433)


5b. 10 Claim(s):

Total gas cost: 10 Claim(s) (USD): $0.16 ($0.16130127846597184)

Claim Reward: 9 Claim(s) (WEI): 0.000875252931181749 WETH (875252931181749 wei)
Claim Reward: 9 Claim(s) (USD): $2.71 ($2.708710014845066)

Next Claim Reward: 10 Claim(s) (WEI): 0.00097190324056818 WETH (971903240568180 wei)
Next Claim Reward: 10 Claim(s) (USD): $3.01 ($3.007820879426149)

Net profit = (Gross Profit - Gas Cost [Avg])
$2.85 = ($3.01 - $0.16) $2.846519600960177 = ($3.007820879426149 - $0.16130127846597184)


5b. 11 Claim(s):

Total gas cost: 11 Claim(s) (USD): $0.18 ($0.17769137751807934)

Claim Reward: 10 Claim(s) (WEI): 0.00097190324056818 WETH (971903240568180 wei)
Claim Reward: 10 Claim(s) (USD): $3.01 ($3.007820879426149)

Next Claim Reward: 11 Claim(s) (WEI): 0.001068434090100861 WETH (1068434090100861 wei)
Next Claim Reward: 11 Claim(s) (USD): $3.31 ($3.306562042757802)

Net profit = (Gross Profit - Gas Cost [Avg])
$3.13 = ($3.31 - $0.18) $3.128870665239723 = ($3.306562042757802 - $0.17769137751807934)


5b. 12 Claim(s):

Total gas cost: 12 Claim(s) (USD): $0.19 ($0.19408147657018682)

Claim Reward: 11 Claim(s) (WEI): 0.001068434090100861 WETH (1068434090100861 wei)
Claim Reward: 11 Claim(s) (USD): $3.31 ($3.306562042757802)

Next Claim Reward: 12 Claim(s) (WEI): 0.001164845627432256 WETH (1164845627432256 wei)
Next Claim Reward: 12 Claim(s) (USD): $3.6 ($3.6049339617910325)

Net profit = (Gross Profit - Gas Cost [Avg])
$3.41 = ($3.6 - $0.19) $3.410852485220846 = ($3.6049339617910325 - $0.19408147657018682)


5b. 13 Claim(s):

Total gas cost: 13 Claim(s) (USD): $0.21 ($0.21047157562229432)

Claim Reward: 12 Claim(s) (WEI): 0.001164845627432256 WETH (1164845627432256 wei)
Claim Reward: 12 Claim(s) (USD): $3.6 ($3.6049339617910325)

Next Claim Reward: 13 Claim(s) (WEI): 0.001261138000032352 WETH (1261138000032352 wei)
Next Claim Reward: 13 Claim(s) (USD): $3.9 ($3.9029370929121217)

Net profit = (Gross Profit - Gas Cost [Avg])
$3.69 = ($3.9 - $0.21) $3.6924655172898273 = ($3.9029370929121217 - $0.21047157562229432)


5b. 14 Claim(s):

Total gas cost: 14 Claim(s) (USD): $0.23 ($0.22686167467440183)

Claim Reward: 13 Claim(s) (WEI): 0.001261138000032352 WETH (1261138000032352 wei)
Claim Reward: 13 Claim(s) (USD): $3.9 ($3.9029370929121217)

Next Claim Reward: 14 Claim(s) (WEI): 0.00135731135518881 WETH (1357311355188810 wei)
Next Claim Reward: 14 Claim(s) (USD): $4.2 ($4.200571891943094)

Net profit = (Gross Profit - Gas Cost [Avg])
$3.97 = ($4.2 - $0.23) $3.973710217268692 = ($4.200571891943094 - $0.22686167467440183)


5b. 15 Claim(s):

Total gas cost: 15 Claim(s) (USD): $0.24 ($0.2432517737265093)

Claim Reward: 14 Claim(s) (WEI): 0.00135731135518881 WETH (1357311355188810 wei)
Claim Reward: 14 Claim(s) (USD): $4.2 ($4.200571891943094)

Next Claim Reward: 15 Claim(s) (WEI): 0.001453365840007305 WETH (1453365840007305 wei)
Next Claim Reward: 15 Claim(s) (USD): $4.5 ($4.497838814142767)

Net profit = (Gross Profit - Gas Cost [Avg])
$4.25 = ($4.5 - $0.24) $4.254587040416258 = ($4.497838814142767 - $0.2432517737265093)


5b. 16 Claim(s):

Total gas cost: 16 Claim(s) (USD): $0.26 ($0.25964187277861683)

Claim Reward: 15 Claim(s) (WEI): 0.001453365840007305 WETH (1453365840007305 wei)
Claim Reward: 15 Claim(s) (USD): $4.5 ($4.497838814142767)

Next Claim Reward: 16 Claim(s) (WEI): 0.001549301601411664 WETH (1549301601411664 wei)
Next Claim Reward: 16 Claim(s) (USD): $4.79 ($4.794738314207181)

Net profit = (Gross Profit - Gas Cost [Avg])
$4.54 = ($4.79 - $0.26) $4.535096441428564 = ($4.794738314207181 - $0.25964187277861683)


5b. 17 Claim(s):

Total gas cost: 17 Claim(s) (USD): $0.28 ($0.2760319718307243)

Claim Reward: 16 Claim(s) (WEI): 0.001549301601411664 WETH (1549301601411664 wei)
Claim Reward: 16 Claim(s) (USD): $4.79 ($4.794738314207181)

Next Claim Reward: 17 Claim(s) (WEI): 0.001645118786144098 WETH (1645118786144098 wei)
Next Claim Reward: 17 Claim(s) (USD): $5.09 ($5.091270846270315)

Net profit = (Gross Profit - Gas Cost [Avg])
$4.82 = ($5.09 - $0.28) $4.815238874439591 = ($5.091270846270315 - $0.2760319718307243)


5b. 18 Claim(s):

Total gas cost: 18 Claim(s) (USD): $0.29 ($0.2924220708828318)

Claim Reward: 17 Claim(s) (WEI): 0.001645118786144098 WETH (1645118786144098 wei)
Claim Reward: 17 Claim(s) (USD): $5.09 ($5.091270846270315)

Next Claim Reward: 18 Claim(s) (WEI): 0.001740817540765458 WETH (1740817540765458 wei)
Next Claim Reward: 18 Claim(s) (USD): $5.39 ($5.387436863904879)

Net profit = (Gross Profit - Gas Cost [Avg])
$5.1 = ($5.39 - $0.29) $5.095014793022047 = ($5.387436863904879 - $0.2924220708828318)


5b. 19 Claim(s):

Total gas cost: 19 Claim(s) (USD): $0.31 ($0.3088121699349393)

Claim Reward: 18 Claim(s) (WEI): 0.001740817540765458 WETH (1740817540765458 wei)
Claim Reward: 18 Claim(s) (USD): $5.39 ($5.387436863904879)

Next Claim Reward: 19 Claim(s) (WEI): 0.001836398011655484 WETH (1836398011655484 wei)
Next Claim Reward: 19 Claim(s) (USD): $5.68 ($5.6832368201230885)

Net profit = (Gross Profit - Gas Cost [Avg])
$5.37 = ($5.68 - $0.31) $5.374424650188149 = ($5.6832368201230885 - $0.3088121699349393)


5b. 20 Claim(s):

Total gas cost: 20 Claim(s) (USD): $0.33 ($0.3252022689870468)

Claim Reward: 19 Claim(s) (WEI): 0.001836398011655484 WETH (1836398011655484 wei)
Claim Reward: 19 Claim(s) (USD): $5.68 ($5.6832368201230885)

Next Claim Reward: 20 Claim(s) (WEI): 0.00193186034501292 WETH (1931860345012920 wei)
Next Claim Reward: 20 Claim(s) (USD): $5.98 ($5.978671167377014)

Net profit = (Gross Profit - Gas Cost [Avg])
$5.65 = ($5.98 - $0.33) $5.653468898389967 = ($5.978671167377014 - $0.3252022689870468)


5b. 21 Claim(s):

Total gas cost: 21 Claim(s) (USD): $0.34 ($0.3415923680391543)

Claim Reward: 20 Claim(s) (WEI): 0.00193186034501292 WETH (1931860345012920 wei)
Claim Reward: 20 Claim(s) (USD): $5.98 ($5.978671167377014)

Next Claim Reward: 21 Claim(s) (WEI): 0.002027204686855845 WETH (2027204686855845 wei)
Next Claim Reward: 21 Claim(s) (USD): $6.27 ($6.273740357559611)

Net profit = (Gross Profit - Gas Cost [Avg])
$5.93 = ($6.27 - $0.34) $5.932147989520457 = ($6.273740357559611 - $0.3415923680391543)


5b. 22 Claim(s):

Total gas cost: 22 Claim(s) (USD): $0.36 ($0.3579824670912618)

Claim Reward: 21 Claim(s) (WEI): 0.002027204686855845 WETH (2027204686855845 wei)
Claim Reward: 21 Claim(s) (USD): $6.27 ($6.273740357559611)

Next Claim Reward: 22 Claim(s) (WEI): 0.002122431183021864 WETH (2122431183021864 wei)
Next Claim Reward: 22 Claim(s) (USD): $6.57 ($6.568444842005306)

Net profit = (Gross Profit - Gas Cost [Avg])
$6.21 = ($6.57 - $0.36) $6.210462374914044 = ($6.568444842005306 - $0.3579824670912618)


5b. 23 Claim(s):

Total gas cost: 23 Claim(s) (USD): $0.37 ($0.3743725661433693)

Claim Reward: 22 Claim(s) (WEI): 0.002122431183021864 WETH (2122431183021864 wei)
Claim Reward: 22 Claim(s) (USD): $6.57 ($6.568444842005306)

Next Claim Reward: 23 Claim(s) (WEI): 0.002217539979168333 WETH (2217539979168333 wei)
Next Claim Reward: 23 Claim(s) (USD): $6.86 ($6.862785071490698)

Net profit = (Gross Profit - Gas Cost [Avg])
$6.49 = ($6.86 - $0.37) $6.488412505347329 = ($6.862785071490698 - $0.3743725661433693)


5b. 24 Claim(s):

Total gas cost: 24 Claim(s) (USD): $0.39 ($0.3907626651954768)

Claim Reward: 23 Claim(s) (WEI): 0.002217539979168333 WETH (2217539979168333 wei)
Claim Reward: 23 Claim(s) (USD): $6.86 ($6.862785071490698)

Next Claim Reward: 24 Claim(s) (WEI): 0.00231253122077256 WETH (2312531220772560 wei)
Next Claim Reward: 24 Claim(s) (USD): $7.16 ($7.156761496235179)

Net profit = (Gross Profit - Gas Cost [Avg])
$6.77 = ($7.16 - $0.39) $6.765998831039702 = ($7.156761496235179 - $0.3907626651954768)


5b. 25 Claim(s):

Total gas cost: 25 Claim(s) (USD): $0.41 ($0.4071527642475843)

Claim Reward: 24 Claim(s) (WEI): 0.00231253122077256 WETH (2312531220772560 wei)
Claim Reward: 24 Claim(s) (USD): $7.16 ($7.156761496235179)

Next Claim Reward: 25 Claim(s) (WEI): 0.002407405053132025 WETH (2407405053132025 wei)
Next Claim Reward: 25 Claim(s) (USD): $7.45 ($7.450374565901609)

Net profit = (Gross Profit - Gas Cost [Avg])
$7.04 = ($7.45 - $0.41) $7.043221801654025 = ($7.450374565901609 - $0.4071527642475843)


5b. 26 Claim(s):

Total gas cost: 26 Claim(s) (USD): $0.42 ($0.42354286329969176)

Claim Reward: 25 Claim(s) (WEI): 0.002407405053132025 WETH (2407405053132025 wei)
Claim Reward: 25 Claim(s) (USD): $7.45 ($7.450374565901609)

Next Claim Reward: 26 Claim(s) (WEI): 0.002502161621364678 WETH (2502161621364678 wei)
Next Claim Reward: 26 Claim(s) (USD): $7.74 ($7.74362472959725)

Net profit = (Gross Profit - Gas Cost [Avg])
$7.32 = ($7.74 - $0.42) $7.320081866297558 = ($7.74362472959725 - $0.42354286329969176)


5b. 27 Claim(s):

Total gas cost: 27 Claim(s) (USD): $0.44 ($0.4399329623517993)

Claim Reward: 26 Claim(s) (WEI): 0.002502161621364678 WETH (2502161621364678 wei)
Claim Reward: 26 Claim(s) (USD): $7.74 ($7.74362472959725)

Next Claim Reward: 27 Claim(s) (WEI): 0.002596801070409012 WETH (2596801070409012 wei)
Next Claim Reward: 27 Claim(s) (USD): $8.04 ($8.03651243587398)

Net profit = (Gross Profit - Gas Cost [Avg])
$7.6 = ($8.04 - $0.44) $7.596579473522182 = ($8.03651243587398 - $0.4399329623517993)


5b. 28 Claim(s):

Total gas cost: 28 Claim(s) (USD): $0.46 ($0.45632306140390677)

Claim Reward: 27 Claim(s) (WEI): 0.002596801070409012 WETH (2596801070409012 wei)
Claim Reward: 27 Claim(s) (USD): $8.04 ($8.03651243587398)

Next Claim Reward: 28 Claim(s) (WEI): 0.002691323545024492 WETH (2691323545024492 wei)
Next Claim Reward: 28 Claim(s) (USD): $8.33 ($8.329038132729627)

Net profit = (Gross Profit - Gas Cost [Avg])
$7.87 = ($8.33 - $0.46) $7.87271507132572 = ($8.329038132729627 - $0.45632306140390677)


5b. 29 Claim(s):

Total gas cost: 29 Claim(s) (USD): $0.47 ($0.47271316045601425)

Claim Reward: 28 Claim(s) (WEI): 0.002691323545024492 WETH (2691323545024492 wei)
Claim Reward: 28 Claim(s) (USD): $8.33 ($8.329038132729627)

Next Claim Reward: 29 Claim(s) (WEI): 0.002785729189791568 WETH (2785729189791568 wei)
Next Claim Reward: 29 Claim(s) (USD): $8.62 ($8.62120226760801)

Net profit = (Gross Profit - Gas Cost [Avg])
$8.15 = ($8.62 - $0.47) $8.148489107151997 = ($8.62120226760801 - $0.47271316045601425)


5b. 30 Claim(s):

Total gas cost: 30 Claim(s) (USD): $0.49 ($0.4891032595081218)

Claim Reward: 29 Claim(s) (WEI): 0.002785729189791568 WETH (2785729189791568 wei)
Claim Reward: 29 Claim(s) (USD): $8.62 ($8.62120226760801)

Next Claim Reward: 30 Claim(s) (WEI): 0.002880018149112 WETH (2880018149112000 wei)
Next Claim Reward: 30 Claim(s) (USD): $8.91 ($8.91300528739994)

Net profit = (Gross Profit - Gas Cost [Avg])
$8.42 = ($8.91 - $0.49) $8.423902027891819 = ($8.91300528739994 - $0.4891032595081218)

******************
5c. Profit/Loss (USD):

Net profit = (Gross Profit - Gas Cost [Max])
$8.13 = ($8.62 - $0.49) $8.132099008099889 = ($8.62120226760801 - $0.4891032595081218)

Submitting transaction to claim 29 prize(s):

0x33335296c9b020ca3252e4953c11decfdce816b8-0x889Dc85C410c8DA4841ce1670010b3032565DAB4-4-86
0x33335296c9b020ca3252e4953c11decfdce816b8-0x94dC80A589c3b05E5e9568934E71f5d41C98d526-4-5
0x33335296c9b020ca3252e4953c11decfdce816b8-0xE3Ec38b65Af1131649e2C761d6aAe3C1FB5a04CC-4-185
0x33335296c9b020ca3252e4953c11decfdce816b8-0x444FB53c29dFc483b44e27e9527F51EA2c8F3FED-4-111
0x33335296c9b020ca3252e4953c11decfdce816b8-0xb7D8888D4f65ab314bF1eDCE31eBC2B7FBA10C58-4-36
0x33335296c9b020ca3252e4953c11decfdce816b8-0xb43Ef0E878783B3B445DD47f0D5b3A167EcE836A-4-138
0x33335296c9b020ca3252e4953c11decfdce816b8-0x66f4B36886A990e4206fC4F16315794CDb2e1cD5-4-169
0x33335296c9b020ca3252e4953c11decfdce816b8-0xa2449668Cf3fc914a16b7Dba59f4E3eDB2a28002-4-204
0x33335296c9b020ca3252e4953c11decfdce816b8-0xeA38D84dFEeE100f80BFc44b7cBa4DDf5d522D69-4-108
0x33335296c9b020ca3252e4953c11decfdce816b8-0x1D2063aBcc4d339F5dcb1C7a3510936107a151c8-4-172
0x33335296c9b020ca3252e4953c11decfdce816b8-0x0786Ec0f754EdecC5Bd38d2Ed593D42b5fCFF88f-4-104
0x33335296c9b020ca3252e4953c11decfdce816b8-0x674f0A754dd5EfEA96a54837B89e6227b19B7F82-4-245
0x33335296c9b020ca3252e4953c11decfdce816b8-0x76E225cAee5653d91e149D21EEcf41dC21Ac2508-4-245
0x33335296c9b020ca3252e4953c11decfdce816b8-0x42057398fb704332b47790Fc096a28780de42269-4-107
0x33335296c9b020ca3252e4953c11decfdce816b8-0x7350e4675394248a7A5744FDDac0AC5567537fdF-4-56
0x33335296c9b020ca3252e4953c11decfdce816b8-0x61475CE0C00A0562de4586F4d719AA65849677Cf-4-207
0x33335296c9b020ca3252e4953c11decfdce816b8-0x6B6eaeC721bE94d1E86947d9D7418c354A986b9a-4-255
0x33335296c9b020ca3252e4953c11decfdce816b8-0xFbfdD4408B1C6597D4Cd8A9e514919399D62D171-4-236
0x33335296c9b020ca3252e4953c11decfdce816b8-0x72E0a0cF446bA1418999CDccfEbe3297E8704975-4-144
0x33335296c9b020ca3252e4953c11decfdce816b8-0xE4BCe6aec679333395C64fEf2Db69344569A73e6-4-217
0x33335296c9b020ca3252e4953c11decfdce816b8-0x77A57CAdBA39627f0Bfe74c0e96680717A87e8aC-4-28
0x33335296c9b020ca3252e4953c11decfdce816b8-0x0DF331C2898c011353d8FE64e5e258F9F073ED77-4-209
0x33335296c9b020ca3252e4953c11decfdce816b8-0x7EFFcB9707a32453985c40F49BE9D58c7046B659-4-167
0x33335296c9b020ca3252e4953c11decfdce816b8-0x88C65F3709b93423CA2B6d9F744680977Bb27F75-4-219
0x33335296c9b020ca3252e4953c11decfdce816b8-0x28696b927745aD1877E2EA1a12A8CCf4d845A76F-4-106
0x33335296c9b020ca3252e4953c11decfdce816b8-0x5E309895510e9bf906EB9AC57985D2679e8869C5-4-58
0x33335296c9b020ca3252e4953c11decfdce816b8-0x44c3f9cBb676fdA02b5426200d3dC83d3EaF5e1e-4-39
0x33335296c9b020ca3252e4953c11decfdce816b8-0xc6FB8292Aa637Eecd80801647284C37734552fd8-4-80
0x33335296c9b020ca3252e4953c11decfdce816b8-0x3334B1eA2A28A0c47af70908ef2e7806Ebaed6aa-4-40



Execute Claim Transaction for Tier #4



Transaction sent! ✔
Transaction hash: 0x5a8278cf8da18e8710556c981871ec0d13c189dfc4716c042113f1a7f371cec1
Waiting on transaction to be confirmed ...
Tx confirmed !




******************
Processing:
Vault:     0x7fad91a4a29109303188d8758f1a9d60ce988349
Tier:      #4
# prizes:  84

5a. Calculating # of profitable claims ...

Native (Gas) Token ETH Market Rate (USD): $3098.67

Estimated gas limit (wei) (1 prize claim): 0.000000000000222727 ETH (222727 wei)
Estimated gas limit (wei) (2 prize claims): 0.000000000000319853 ETH (319853 wei)

Gas Cost: First Claim (wei): 0.000000000000222727 ETH (222727 wei)
Gas Cost: Each Following Claim (wei): 0.000000000000097126 ETH (97126 wei)

Gas Cost: First Claim (USD): $0.01 $0.014306051113220131
Gas Cost: Each Following Claim (USD): $0.02 $0.01697873961634324

5b. 1 Claim(s):

Total gas cost: 1 Claim(s) (USD): $0.01 ($0.014306051113220131)

Next Claim Reward: 1 Claim(s) (WEI): 0.000095340804351588 WETH (95340804351588 wei)
Next Claim Reward: 1 Claim(s) (USD): $0.3 ($0.2950582424463814)

Net profit = (Gross Profit - Gas Cost [Avg])
$0.28 = ($0.3 - $0.01) $0.28075219133316126 = ($0.2950582424463814 - $0.014306051113220131)


5b. 2 Claim(s):

Total gas cost: 2 Claim(s) (USD): $0.03 ($0.031284790729563375)

Claim Reward: 1 Claim(s) (WEI): 0.000095340804351588 WETH (95340804351588 wei)
Claim Reward: 1 Claim(s) (USD): $0.3 ($0.2950582424463814)

Next Claim Reward: 2 Claim(s) (WEI): 0.000190563767398614 WETH (190563767398614 wei)
Next Claim Reward: 2 Claim(s) (USD): $0.59 ($0.5897517926872783)

Net profit = (Gross Profit - Gas Cost [Avg])
$0.56 = ($0.59 - $0.03) $0.5584670019577149 = ($0.5897517926872783 - $0.031284790729563375)


5b. 3 Claim(s):

Total gas cost: 3 Claim(s) (USD): $0.05 ($0.04826353034590661)

Claim Reward: 2 Claim(s) (WEI): 0.000190563767398614 WETH (190563767398614 wei)
Claim Reward: 2 Claim(s) (USD): $0.59 ($0.5897517926872783)

Next Claim Reward: 3 Claim(s) (WEI): 0.000285669034793019 WETH (285669034793019 wei)
Next Claim Reward: 3 Claim(s) (USD): $0.88 ($0.8840811014825306)

Net profit = (Gross Profit - Gas Cost [Avg])
$0.84 = ($0.88 - $0.05) $0.835817571136624 = ($0.8840811014825306 - $0.04826353034590661)


5b. 4 Claim(s):

Total gas cost: 4 Claim(s) (USD): $0.07 ($0.06524226996224985)

Claim Reward: 3 Claim(s) (WEI): 0.000285669034793019 WETH (285669034793019 wei)
Claim Reward: 3 Claim(s) (USD): $0.88 ($0.8840811014825306)

Next Claim Reward: 4 Claim(s) (WEI): 0.000380656752006716 WETH (380656752006716 wei)
Next Claim Reward: 4 Claim(s) (USD): $1.18 ($1.1780466190348324)

Net profit = (Gross Profit - Gas Cost [Avg])
$1.11 = ($1.18 - $0.07) $1.1128043490725825 = ($1.1780466190348324 - $0.06524226996224985)


5b. 5 Claim(s):

Total gas cost: 5 Claim(s) (USD): $0.08 ($0.08222100957859309)

Claim Reward: 4 Claim(s) (WEI): 0.000380656752006716 WETH (380656752006716 wei)
Claim Reward: 4 Claim(s) (USD): $1.18 ($1.1780466190348324)

Next Claim Reward: 5 Claim(s) (WEI): 0.000475527064331815 WETH (475527064331815 wei)
Next Claim Reward: 5 Claim(s) (USD): $1.47 ($1.4716487949904284)

Net profit = (Gross Profit - Gas Cost [Avg])
$1.39 = ($1.47 - $0.08) $1.3894277854118353 = ($1.4716487949904284 - $0.08222100957859309)


5b. 6 Claim(s):

Total gas cost: 6 Claim(s) (USD): $0.1 ($0.09919974919493633)

Claim Reward: 5 Claim(s) (WEI): 0.000475527064331815 WETH (475527064331815 wei)
Claim Reward: 5 Claim(s) (USD): $1.47 ($1.4716487949904284)

Next Claim Reward: 6 Claim(s) (WEI): 0.000570280116880848 WETH (570280116880848 wei)
Next Claim Reward: 6 Claim(s) (USD): $1.76 ($1.7648880784398095)

Net profit = (Gross Profit - Gas Cost [Avg])
$1.67 = ($1.76 - $0.1) $1.6656883292448732 = ($1.7648880784398095 - $0.09919974919493633)


5b. 7 Claim(s):

Total gas cost: 7 Claim(s) (USD): $0.12 ($0.11617848881127957)

Claim Reward: 6 Claim(s) (WEI): 0.000570280116880848 WETH (570280116880848 wei)
Claim Reward: 6 Claim(s) (USD): $1.76 ($1.7648880784398095)

Next Claim Reward: 7 Claim(s) (WEI): 0.00066491605458698 WETH (664916054586980 wei)
Next Claim Reward: 7 Claim(s) (USD): $2.06 ($2.0577649179183664)

Net profit = (Gross Profit - Gas Cost [Avg])
$1.94 = ($2.06 - $0.12) $1.9415864291070868 = ($2.0577649179183664 - $0.11617848881127957)


5b. 8 Claim(s):

Total gas cost: 8 Claim(s) (USD): $0.13 ($0.13315722842762281)

Claim Reward: 7 Claim(s) (WEI): 0.00066491605458698 WETH (664916054586980 wei)
Claim Reward: 7 Claim(s) (USD): $2.06 ($2.0577649179183664)

Next Claim Reward: 8 Claim(s) (WEI): 0.00075943502220424 WETH (759435022204240 wei)
Next Claim Reward: 8 Claim(s) (USD): $2.35 ($2.3502797614071045)

Net profit = (Gross Profit - Gas Cost [Avg])
$2.22 = ($2.35 - $0.13) $2.2171225329794817 = ($2.3502797614071045 - $0.13315722842762281)


5b. 9 Claim(s):

Total gas cost: 9 Claim(s) (USD): $0.15 ($0.15013596804396606)

Claim Reward: 8 Claim(s) (WEI): 0.00075943502220424 WETH (759435022204240 wei)
Claim Reward: 8 Claim(s) (USD): $2.35 ($2.3502797614071045)

Next Claim Reward: 9 Claim(s) (WEI): 0.000853837164307755 WETH (853837164307755 wei)
Next Claim Reward: 9 Claim(s) (USD): $2.64 ($2.6424330563333682)

Net profit = (Gross Profit - Gas Cost [Avg])
$2.49 = ($2.64 - $0.15) $2.492297088289402 = ($2.6424330563333682 - $0.15013596804396606)


5b. 10 Claim(s):

Total gas cost: 10 Claim(s) (USD): $0.17 ($0.1671147076603093)

Claim Reward: 9 Claim(s) (WEI): 0.000853837164307755 WETH (853837164307755 wei)
Claim Reward: 9 Claim(s) (USD): $2.64 ($2.6424330563333682)

Next Claim Reward: 10 Claim(s) (WEI): 0.00094812262529394 WETH (948122625293940 wei)
Next Claim Reward: 10 Claim(s) (USD): $2.93 ($2.934225249571428)

Net profit = (Gross Profit - Gas Cost [Avg])
$2.77 = ($2.93 - $0.17) $2.767110541911119 = ($2.934225249571428 - $0.1671147076603093)


5b. 11 Claim(s):

Total gas cost: 11 Claim(s) (USD): $0.18 ($0.18409344727665256)

Claim Reward: 10 Claim(s) (WEI): 0.00094812262529394 WETH (948122625293940 wei)
Claim Reward: 10 Claim(s) (USD): $2.93 ($2.934225249571428)

Next Claim Reward: 11 Claim(s) (WEI): 0.001042291549380741 WETH (1042291549380741 wei)
Next Claim Reward: 11 Claim(s) (USD): $3.23 ($3.2256567874432336)

Net profit = (Gross Profit - Gas Cost [Avg])
$3.04 = ($3.23 - $0.18) $3.041563340166581 = ($3.2256567874432336 - $0.18409344727665256)


5b. 12 Claim(s):

Total gas cost: 12 Claim(s) (USD): $0.2 ($0.20107218689299577)

Claim Reward: 11 Claim(s) (WEI): 0.001042291549380741 WETH (1042291549380741 wei)
Claim Reward: 11 Claim(s) (USD): $3.23 ($3.2256567874432336)

Next Claim Reward: 12 Claim(s) (WEI): 0.00113634408060786 WETH (1136344080607860 wei)
Next Claim Reward: 12 Claim(s) (USD): $3.52 ($3.5167281157191095)

Net profit = (Gross Profit - Gas Cost [Avg])
$3.32 = ($3.52 - $0.2) $3.315655928826114 = ($3.5167281157191095 - $0.20107218689299577)


5b. 13 Claim(s):

Total gas cost: 13 Claim(s) (USD): $0.22 ($0.21805092650933902)

Claim Reward: 12 Claim(s) (WEI): 0.00113634408060786 WETH (1136344080607860 wei)
Claim Reward: 12 Claim(s) (USD): $3.52 ($3.5167281157191095)

Next Claim Reward: 13 Claim(s) (WEI): 0.001230280362836941 WETH (1230280362836941 wei)
Next Claim Reward: 13 Claim(s) (USD): $3.81 ($3.8074396796183314)

Net profit = (Gross Profit - Gas Cost [Avg])
$3.59 = ($3.81 - $0.22) $3.5893887531089925 = ($3.8074396796183314 - $0.21805092650933902)


5b. 14 Claim(s):

Total gas cost: 14 Claim(s) (USD): $0.24 ($0.23502966612568227)

Claim Reward: 13 Claim(s) (WEI): 0.001230280362836941 WETH (1230280362836941 wei)
Claim Reward: 13 Claim(s) (USD): $3.81 ($3.8074396796183314)

Next Claim Reward: 14 Claim(s) (WEI): 0.00132410053975185 WETH (1324100539751850 wei)
Next Claim Reward: 14 Claim(s) (USD): $4.1 ($4.097791923809991)

Net profit = (Gross Profit - Gas Cost [Avg])
$3.86 = ($4.1 - $0.24) $3.862762257684309 = ($4.097791923809991 - $0.23502966612568227)


5b. 15 Claim(s):

Total gas cost: 15 Claim(s) (USD): $0.25 ($0.2520084057420255)

Claim Reward: 14 Claim(s) (WEI): 0.00132410053975185 WETH (1324100539751850 wei)
Claim Reward: 14 Claim(s) (USD): $4.1 ($4.097791923809991)

Next Claim Reward: 15 Claim(s) (WEI): 0.00141780475485882 WETH (1417804754858820 wei)
Next Claim Reward: 15 Claim(s) (USD): $4.39 ($4.387785292413449)

Net profit = (Gross Profit - Gas Cost [Avg])
$4.14 = ($4.39 - $0.25) $4.135776886671423 = ($4.387785292413449 - $0.2520084057420255)


5b. 16 Claim(s):

Total gas cost: 16 Claim(s) (USD): $0.27 ($0.26898714535836876)

Claim Reward: 15 Claim(s) (WEI): 0.00141780475485882 WETH (1417804754858820 wei)
Claim Reward: 15 Claim(s) (USD): $4.39 ($4.387785292413449)

Next Claim Reward: 16 Claim(s) (WEI): 0.001511393151486752 WETH (1511393151486752 wei)
Next Claim Reward: 16 Claim(s) (USD): $4.68 ($4.677420228999261)

Net profit = (Gross Profit - Gas Cost [Avg])
$4.41 = ($4.68 - $0.27) $4.408433083640892 = ($4.677420228999261 - $0.26898714535836876)


5b. 17 Claim(s):

Total gas cost: 17 Claim(s) (USD): $0.29 ($0.285965884974712)

Claim Reward: 16 Claim(s) (WEI): 0.001511393151486752 WETH (1511393151486752 wei)
Claim Reward: 16 Claim(s) (USD): $4.68 ($4.677420228999261)

Next Claim Reward: 17 Claim(s) (WEI): 0.001604865872787365 WETH (1604865872787365 wei)
Next Claim Reward: 17 Claim(s) (USD): $4.97 ($4.966697176589644)

Net profit = (Gross Profit - Gas Cost [Avg])
$4.68 = ($4.97 - $0.29) $4.680731291614932 = ($4.966697176589644 - $0.285965884974712)


5b. 18 Claim(s):

Total gas cost: 18 Claim(s) (USD): $0.3 ($0.3029446245910552)

Claim Reward: 17 Claim(s) (WEI): 0.001604865872787365 WETH (1604865872787365 wei)
Claim Reward: 17 Claim(s) (USD): $4.97 ($4.966697176589644)

Next Claim Reward: 18 Claim(s) (WEI): 0.001698223061735442 WETH (1698223061735442 wei)
Next Claim Reward: 18 Claim(s) (USD): $5.26 ($5.255616577659241)

Net profit = (Gross Profit - Gas Cost [Avg])
$4.95 = ($5.26 - $0.3) $4.952671953068186 = ($5.255616577659241 - $0.3029446245910552)


5b. 19 Claim(s):

Total gas cost: 19 Claim(s) (USD): $0.32 ($0.3199233642073985)

Claim Reward: 18 Claim(s) (WEI): 0.001698223061735442 WETH (1698223061735442 wei)
Claim Reward: 18 Claim(s) (USD): $5.26 ($5.255616577659241)

Next Claim Reward: 19 Claim(s) (WEI): 0.001791464861129069 WETH (1791464861129069 wei)
Next Claim Reward: 19 Claim(s) (USD): $5.54 ($5.544178874135853)

Net profit = (Gross Profit - Gas Cost [Avg])
$5.22 = ($5.54 - $0.32) $5.224255509928454 = ($5.544178874135853 - $0.3199233642073985)


5b. 20 Claim(s):

Total gas cost: 20 Claim(s) (USD): $0.34 ($0.3369021038237417)

Claim Reward: 19 Claim(s) (WEI): 0.001791464861129069 WETH (1791464861129069 wei)
Claim Reward: 19 Claim(s) (USD): $5.54 ($5.544178874135853)

Next Claim Reward: 20 Claim(s) (WEI): 0.0018845914135898 WETH (1884591413589800 wei)
Next Claim Reward: 20 Claim(s) (USD): $5.83 ($5.832384507400959)

Net profit = (Gross Profit - Gas Cost [Avg])
$5.5 = ($5.83 - $0.34) $5.495482403577217 = ($5.832384507400959 - $0.3369021038237417)


5b. 21 Claim(s):

Total gas cost: 21 Claim(s) (USD): $0.35 ($0.35388084344008497)

Claim Reward: 20 Claim(s) (WEI): 0.0018845914135898 WETH (1884591413589800 wei)
Claim Reward: 20 Claim(s) (USD): $5.83 ($5.832384507400959)

Next Claim Reward: 21 Claim(s) (WEI): 0.001977602861562951 WETH (1977602861562951 wei)
Next Claim Reward: 21 Claim(s) (USD): $6.12 ($6.120233918290619)

Net profit = (Gross Profit - Gas Cost [Avg])
$5.77 = ($6.12 - $0.35) $5.766353074850534 = ($6.120233918290619 - $0.35388084344008497)


5b. 22 Claim(s):

Total gas cost: 22 Claim(s) (USD): $0.37 ($0.3708595830564282)

Claim Reward: 21 Claim(s) (WEI): 0.001977602861562951 WETH (1977602861562951 wei)
Claim Reward: 21 Claim(s) (USD): $6.12 ($6.120233918290619)

Next Claim Reward: 22 Claim(s) (WEI): 0.002070499347317742 WETH (2070499347317742 wei)
Next Claim Reward: 22 Claim(s) (USD): $6.41 ($6.4077275470959165)

Net profit = (Gross Profit - Gas Cost [Avg])
$6.04 = ($6.41 - $0.37) $6.036867964039488 = ($6.4077275470959165 - $0.3708595830564282)


5b. 23 Claim(s):

Total gas cost: 23 Claim(s) (USD): $0.39 ($0.3878383226727714)

Claim Reward: 22 Claim(s) (WEI): 0.002070499347317742 WETH (2070499347317742 wei)
Claim Reward: 22 Claim(s) (USD): $6.41 ($6.4077275470959165)

Next Claim Reward: 23 Claim(s) (WEI): 0.002163281012947576 WETH (2163281012947576 wei)
Next Claim Reward: 23 Claim(s) (USD): $6.69 ($6.694865833563822)

Net profit = (Gross Profit - Gas Cost [Avg])
$6.31 = ($6.69 - $0.39) $6.30702751089105 = ($6.694865833563822 - $0.3878383226727714)


5b. 24 Claim(s):

Total gas cost: 24 Claim(s) (USD): $0.4 ($0.4048170622891147)

Claim Reward: 23 Claim(s) (WEI): 0.002163281012947576 WETH (2163281012947576 wei)
Claim Reward: 23 Claim(s) (USD): $6.69 ($6.694865833563822)

Next Claim Reward: 24 Claim(s) (WEI): 0.002255948000370168 WETH (2255948000370168 wei)
Next Claim Reward: 24 Claim(s) (USD): $6.98 ($6.981649216897586)

Net profit = (Gross Profit - Gas Cost [Avg])
$6.58 = ($6.98 - $0.4) $6.576832154608471 = ($6.981649216897586 - $0.4048170622891147)


5b. 25 Claim(s):

Total gas cost: 25 Claim(s) (USD): $0.42 ($0.4217958019054579)

Claim Reward: 24 Claim(s) (WEI): 0.002255948000370168 WETH (2255948000370168 wei)
Claim Reward: 24 Claim(s) (USD): $6.98 ($6.981649216897586)

Next Claim Reward: 25 Claim(s) (WEI): 0.002348500451327925 WETH (2348500451327925 wei)
Next Claim Reward: 25 Claim(s) (USD): $7.27 ($7.268078135757928)

Net profit = (Gross Profit - Gas Cost [Avg])
$6.85 = ($7.27 - $0.42) $6.84628233385247 = ($7.268078135757928 - $0.4217958019054579)


5b. 26 Claim(s):

Total gas cost: 26 Claim(s) (USD): $0.44 ($0.4387745415218011)

Claim Reward: 25 Claim(s) (WEI): 0.002348500451327925 WETH (2348500451327925 wei)
Claim Reward: 25 Claim(s) (USD): $7.27 ($7.268078135757928)

Next Claim Reward: 26 Claim(s) (WEI): 0.002440938507387952 WETH (2440938507387952 wei)
Next Claim Reward: 26 Claim(s) (USD): $7.55 ($7.554153028263042)

Net profit = (Gross Profit - Gas Cost [Avg])
$7.12 = ($7.55 - $0.44) $7.115378486741241 = ($7.554153028263042 - $0.4387745415218011)


5b. 27 Claim(s):

Total gas cost: 27 Claim(s) (USD): $0.46 ($0.4557532811381444)

Claim Reward: 26 Claim(s) (WEI): 0.002440938507387952 WETH (2440938507387952 wei)
Claim Reward: 26 Claim(s) (USD): $7.55 ($7.554153028263042)

Next Claim Reward: 27 Claim(s) (WEI): 0.002533262309942463 WETH (2533262309942463 wei)
Next Claim Reward: 27 Claim(s) (USD): $7.84 ($7.839874331989876)

Net profit = (Gross Profit - Gas Cost [Avg])
$7.38 = ($7.84 - $0.46) $7.384121050851731 = ($7.839874331989876 - $0.4557532811381444)


5b. 28 Claim(s):

Total gas cost: 28 Claim(s) (USD): $0.47 ($0.4727320207544876)

Claim Reward: 27 Claim(s) (WEI): 0.002533262309942463 WETH (2533262309942463 wei)
Claim Reward: 27 Claim(s) (USD): $7.84 ($7.839874331989876)

Next Claim Reward: 28 Claim(s) (WEI): 0.002625472000208876 WETH (2625472000208876 wei)
Next Claim Reward: 28 Claim(s) (USD): $8.13 ($8.125242483974423)

Net profit = (Gross Profit - Gas Cost [Avg])
$7.65 = ($8.13 - $0.47) $7.652510463219936 = ($8.125242483974423 - $0.4727320207544876)


5b. 29 Claim(s):

Total gas cost: 29 Claim(s) (USD): $0.49 ($0.48971076037083083)

Claim Reward: 28 Claim(s) (WEI): 0.002625472000208876 WETH (2625472000208876 wei)
Claim Reward: 28 Claim(s) (USD): $8.13 ($8.125242483974423)

Next Claim Reward: 29 Claim(s) (WEI): 0.002717567719230023 WETH (2717567719230023 wei)
Next Claim Reward: 29 Claim(s) (USD): $8.41 ($8.410257920712375)

Net profit = (Gross Profit - Gas Cost [Avg])
$7.92 = ($8.41 - $0.49) $7.9205471603415445 = ($8.410257920712375 - $0.48971076037083083)


5b. 30 Claim(s):

Total gas cost: 30 Claim(s) (USD): $0.51 ($0.506689499987174)

Claim Reward: 29 Claim(s) (WEI): 0.002717567719230023 WETH (2717567719230023 wei)
Claim Reward: 29 Claim(s) (USD): $8.41 ($8.410257920712375)

Next Claim Reward: 30 Claim(s) (WEI): 0.00280954960787448 WETH (2809549607874480 wei)
Next Claim Reward: 30 Claim(s) (USD): $8.69 ($8.694921078160135)

Net profit = (Gross Profit - Gas Cost [Avg])
$8.19 = ($8.69 - $0.51) $8.18823157817296 = ($8.694921078160135 - $0.506689499987174)

******************
5c. Profit/Loss (USD):

Net profit = (Gross Profit - Gas Cost [Max])
$7.9 = ($8.41 - $0.51) $7.903568420725201 = ($8.410257920712375 - $0.506689499987174)

Submitting transaction to claim 29 prize(s):

0x7fad91a4a29109303188d8758f1a9d60ce988349-0x8d41351EB36b01a3F705123516A8d68F53E8aCf1-4-136
0x7fad91a4a29109303188d8758f1a9d60ce988349-0x55B845FD13AcbE2fdEB88b023c61210f76fEf30a-4-0
0x7fad91a4a29109303188d8758f1a9d60ce988349-0xcEF1E785c13eda450aAB1CFe1ABe1490604c8E44-4-132
0x7fad91a4a29109303188d8758f1a9d60ce988349-0xc82aD4796d9EF7c421a7B42Ee69ed8d580007ac2-4-184
0x7fad91a4a29109303188d8758f1a9d60ce988349-0xe3d4083794bb359207717cE4b43D95EC681c6c25-4-183
0x7fad91a4a29109303188d8758f1a9d60ce988349-0xe59Af35db1eBf52587233e09f6F190CE1F72957E-4-86
0x7fad91a4a29109303188d8758f1a9d60ce988349-0x5486D0f52857E0742E248733aEe4B52E7c7c2E9B-4-2
0x7fad91a4a29109303188d8758f1a9d60ce988349-0xA8c6a77fc11E8FD277bc9Ef305161551665D355f-4-182
0x7fad91a4a29109303188d8758f1a9d60ce988349-0x68191532e9277EA094F5660D4D82fE3d0B8B7A94-4-210
0x7fad91a4a29109303188d8758f1a9d60ce988349-0x64516DEAb0f2892B3fa91e7cFEf00e7F0f021618-4-175
0x7fad91a4a29109303188d8758f1a9d60ce988349-0x7Ddc90284F7E16F4134e882bA1631ffb5dB7429f-4-181
0x7fad91a4a29109303188d8758f1a9d60ce988349-0x0586116eDaaD059f683297294824c2bd228A0f82-4-211
0x7fad91a4a29109303188d8758f1a9d60ce988349-0x51Ae614C309683794f50dF5DEf3676CCA798954C-4-180
0x7fad91a4a29109303188d8758f1a9d60ce988349-0x4145406b6A41Ee234a93b1A0062BA4142004b033-4-218
0x7fad91a4a29109303188d8758f1a9d60ce988349-0x98692B5D3F1d9a60F3e1Ef6ec6bbb836482Bd609-4-118
0x7fad91a4a29109303188d8758f1a9d60ce988349-0xfDF7547F3ea984894d9b48b82b1E758b9cA8dcad-4-217
0x7fad91a4a29109303188d8758f1a9d60ce988349-0x4EF232e04bD127CFF0236622756DaA2c0baEd175-4-106
0x7fad91a4a29109303188d8758f1a9d60ce988349-0xf708F64F23d9e5ddaFA97Dd74e496f7BBe060CF3-4-77
0x7fad91a4a29109303188d8758f1a9d60ce988349-0x40969D996b98112AA8fE46868178c40e40EA47C5-4-96
0x7fad91a4a29109303188d8758f1a9d60ce988349-0x752079A6A9616CD4daa235851215d768C735EA11-4-133
0x7fad91a4a29109303188d8758f1a9d60ce988349-0x72a20E83b740291860DC2AfF83F221488EFA5112-4-105
0x7fad91a4a29109303188d8758f1a9d60ce988349-0x72a20E83b740291860DC2AfF83F221488EFA5112-4-199
0x7fad91a4a29109303188d8758f1a9d60ce988349-0x55bc6A76ceb10BDEb1F0d7240499dc06e8a78D9f-4-91
0x7fad91a4a29109303188d8758f1a9d60ce988349-0x260bB9fd3f3341915E17830d4Cf822C2933B3Edc-4-251
0x7fad91a4a29109303188d8758f1a9d60ce988349-0x84aeBefe014c7181738097F7B391b5487175c107-4-227
0x7fad91a4a29109303188d8758f1a9d60ce988349-0x86f33A340A742Ead4D3eaaC9e470143DB4ca7Ce1-4-245
0x7fad91a4a29109303188d8758f1a9d60ce988349-0x23E9E6052E960D80B546787C9befc44261C0138d-4-167
0x7fad91a4a29109303188d8758f1a9d60ce988349-0x6fB299F9aC98Dbef16030Fd41A6c170E7402CbCc-4-150
0x7fad91a4a29109303188d8758f1a9d60ce988349-0x0f01b03b7A99091c0b6453f389c7321cCCEC942E-4-234



Execute Claim Transaction for Tier #4



Transaction sent! ✔
Transaction hash: 0xe429af67672459c119fd06a684e8d1899118306288ca0808514fa9c824aec929
Waiting on transaction to be confirmed ...
Tx confirmed !




******************
Processing:
Vault:     0x33335296c9b020ca3252e4953c11decfdce816b8
Tier:      #5 (Canary tier)
# prizes:  383

5a. Calculating # of profitable claims ...

Native (Gas) Token ETH Market Rate (USD): $3098.67

Estimated gas limit (wei) (1 prize claim): 0.000000000000189835 ETH (189835 wei)
Estimated gas limit (wei) (2 prize claims): 0.000000000000274972 ETH (274972 wei)

Gas Cost: First Claim (wei): 0.000000000000189835 ETH (189835 wei)
Gas Cost: Each Following Claim (wei): 0.000000000000085137 ETH (85137 wei)

Gas Cost: First Claim (USD): $0.01 $0.014250733152499208
Gas Cost: Each Following Claim (USD): $0.02 $0.017081467831300844

5b. 1 Claim(s):

Total gas cost: 1 Claim(s) (USD): $0.01 ($0.014250733152499208)

Next Claim Reward: 1 Claim(s) (WEI): 0.000012965284525625 WETH (12965284525625 wei)
Next Claim Reward: 1 Claim(s) (USD): $0.04 ($0.040124625452506585)

Net profit = (Gross Profit - Gas Cost [Avg])
$0.03 = ($0.04 - $0.01) $0.025873892300007376 = ($0.040124625452506585 - $0.014250733152499208)

******************
5c. Profit/Loss (USD):

Net profit = (Gross Profit - Gas Cost [Max])
$-0.01 = ($0 - $0.01) $-0.014250733152499208 = ($0 - $0.014250733152499208)

Claiming tier #5 (Canary tier) currently not profitable.
Not profitable to claim for Draw #24, Tier: #5 (Canary tier)




******************
Processing:
Vault:     0x75b2f4b3ec5adf7077f928992524cc547e74f768
Tier:      #5 (Canary tier)
# prizes:  38

Tier #5 (Canary tier) not profitable, skipping ...





******************
Processing:
Vault:     0x7fad91a4a29109303188d8758f1a9d60ce988349
Tier:      #5 (Canary tier)
# prizes:  531

Tier #5 (Canary tier) not profitable, skipping ...





******************
Processing:
Vault:     0x33335296c9b020ca3252e4953c11decfdce816b8
Tier:      #6 (Canary tier)
# prizes:  1504

Tier #6 (Canary tier) not profitable, skipping ...





******************
Processing:
Vault:     0x75b2f4b3ec5adf7077f928992524cc547e74f768
Tier:      #6 (Canary tier)
# prizes:  215

Tier #6 (Canary tier) not profitable, skipping ...





******************
Processing:
Vault:     0x7fad91a4a29109303188d8758f1a9d60ce988349
Tier:      #6 (Canary tier)
# prizes:  2350

Tier #6 (Canary tier) not profitable, skipping ...

