Operating on: 11155420 - Optimism Sepolia

Config - REWARD_RECIPIENT not provided, setting swap recipient to relayer address: 0x06003274c3a7926c04cA8d6903cc691fE8f3CEC2
Config - MIN_PROFIT_THRESHOLD_USD: -0.3

Starting ...
Getting prize pool info ...
Getting prize context ...

******************
1. Prize token: WETH

┌────────────┬──────────────────────────────────────────────┬──────────┬─────────────────┬────────┬──────────────┐
│ (index)    │ address                                      │ decimals │ name            │ symbol │ assetRateUsd │
├────────────┼──────────────────────────────────────────────┼──────────┼─────────────────┼────────┼──────────────┤
│ prizeToken │ '0xC355F97a3Aa2808Acb536E555764b8FB26fB4b37' │ 18       │ 'Wrapped Ether' │ 'WETH' │ 3236.8564    │
└────────────┴──────────────────────────────────────────────┴──────────┴─────────────────┴────────┴──────────────┘
┌─────────┬──────────┬───────────────────────────────┐
│ (index) │ numTiers │ tiersRangeArray               │
├─────────┼──────────┼───────────────────────────────┤
│ tiers   │ 7        │ [ 0, 1, 2, ... 4 more items ] │
└─────────┴──────────┴───────────────────────────────┘
Draw ID: 14
Prize Token WETH MarketRate USD:  $3236.8564

******************
Getting prize vaults ...
Found 6 prize vaults.

1486 prizes already claimed for draw #14.
3985 prizes remaining to be claimed...




******************
Processing:
Vault:     0x7fad91a4a29109303188d8758f1a9d60ce988349
Tier:      #5 (Canary tier)
# prizes:  55

5a. Calculating # of profitable claims ...

Native (Gas) Token ETH Market Rate (USD): $3243.78

Estimated gas limit (wei) (1 prize claim): 0.000000000000183642 ETH (183642 wei)
Estimated gas limit (wei) (2 prize claims): 0.000000000000269429 ETH (269429 wei)

Gas Cost: First Claim (wei): 0.000000000000183642 ETH (183642 wei)
Gas Cost: Each Following Claim (wei): 0.000000000000085787 ETH (85787 wei)

Gas Cost: First Claim (USD): $0.02 $0.015471925531484597
Gas Cost: Each Following Claim (USD): $0.02 $0.018539199322249907

5b. 1 Claim(s):

Total gas cost: 1 Claim(s) (USD): $0.02 ($0.015471925531484597)

Next Claim Reward: 1 Claim(s) (WEI): 0.000009274544355652 WETH (9274544355652 wei)
Next Claim Reward: 1 Claim(s) (USD): $0.03 ($0.030020368254676053)

Net profit = (Gross Profit - Gas Cost [Avg])
$0.01 = ($0.03 - $0.02) $0.014548442723191456 = ($0.030020368254676053 - $0.015471925531484597)


5b. 2 Claim(s):

Total gas cost: 2 Claim(s) (USD): $0.03 ($0.0340111248537345)

Claim Reward: 1 Claim(s) (WEI): 0.000009274544355652 WETH (9274544355652 wei)
Claim Reward: 1 Claim(s) (USD): $0.03 ($0.030020368254676053)

Next Claim Reward: 2 Claim(s) (WEI): 0.000018549088711304 WETH (18549088711304 wei)
Next Claim Reward: 2 Claim(s) (USD): $0.06 ($0.060040736509352106)

Net profit = (Gross Profit - Gas Cost [Avg])
$0.03 = ($0.06 - $0.03) $0.026029611655617603 = ($0.060040736509352106 - $0.0340111248537345)


5b. 3 Claim(s):

Total gas cost: 3 Claim(s) (USD): $0.05 ($0.05255032417598441)

Claim Reward: 2 Claim(s) (WEI): 0.000018549088711304 WETH (18549088711304 wei)
Claim Reward: 2 Claim(s) (USD): $0.06 ($0.060040736509352106)

Next Claim Reward: 3 Claim(s) (WEI): 0.000027823633066956 WETH (27823633066956 wei)
Next Claim Reward: 3 Claim(s) (USD): $0.09 ($0.09006110476402816)

Net profit = (Gross Profit - Gas Cost [Avg])
$0.04 = ($0.09 - $0.05) $0.03751078058804375 = ($0.09006110476402816 - $0.05255032417598441)


5b. 4 Claim(s):

Total gas cost: 4 Claim(s) (USD): $0.07 ($0.07108952349823432)

Claim Reward: 3 Claim(s) (WEI): 0.000027823633066956 WETH (27823633066956 wei)
Claim Reward: 3 Claim(s) (USD): $0.09 ($0.09006110476402816)

Next Claim Reward: 4 Claim(s) (WEI): 0.000037098177422608 WETH (37098177422608 wei)
Next Claim Reward: 4 Claim(s) (USD): $0.12 ($0.12008147301870421)

Net profit = (Gross Profit - Gas Cost [Avg])
$0.05 = ($0.12 - $0.07) $0.048991949520469896 = ($0.12008147301870421 - $0.07108952349823432)


5b. 5 Claim(s):

Total gas cost: 5 Claim(s) (USD): $0.09 ($0.08962872282048423)

Claim Reward: 4 Claim(s) (WEI): 0.000037098177422608 WETH (37098177422608 wei)
Claim Reward: 4 Claim(s) (USD): $0.12 ($0.12008147301870421)

Next Claim Reward: 5 Claim(s) (WEI): 0.00004637272177826 WETH (46372721778260 wei)
Next Claim Reward: 5 Claim(s) (USD): $0.15 ($0.15010184127338028)

Net profit = (Gross Profit - Gas Cost [Avg])
$0.06 = ($0.15 - $0.09) $0.060473118452896046 = ($0.15010184127338028 - $0.08962872282048423)


5b. 6 Claim(s):

Total gas cost: 6 Claim(s) (USD): $0.11 ($0.10816792214273413)

Claim Reward: 5 Claim(s) (WEI): 0.00004637272177826 WETH (46372721778260 wei)
Claim Reward: 5 Claim(s) (USD): $0.15 ($0.15010184127338028)

Next Claim Reward: 6 Claim(s) (WEI): 0.000055647266133912 WETH (55647266133912 wei)
Next Claim Reward: 6 Claim(s) (USD): $0.18 ($0.18012220952805633)

Net profit = (Gross Profit - Gas Cost [Avg])
$0.07 = ($0.18 - $0.11) $0.0719542873853222 = ($0.18012220952805633 - $0.10816792214273413)


5b. 7 Claim(s):

Total gas cost: 7 Claim(s) (USD): $0.13 ($0.12670712146498403)

Claim Reward: 6 Claim(s) (WEI): 0.000055647266133912 WETH (55647266133912 wei)
Claim Reward: 6 Claim(s) (USD): $0.18 ($0.18012220952805633)

Next Claim Reward: 7 Claim(s) (WEI): 0.000064921810489564 WETH (64921810489564 wei)
Next Claim Reward: 7 Claim(s) (USD): $0.21 ($0.21014257778273235)

Net profit = (Gross Profit - Gas Cost [Avg])
$0.08 = ($0.21 - $0.13) $0.08343545631774832 = ($0.21014257778273235 - $0.12670712146498403)


5b. 8 Claim(s):

Total gas cost: 8 Claim(s) (USD): $0.15 ($0.14524632078723396)

Claim Reward: 7 Claim(s) (WEI): 0.000064921810489564 WETH (64921810489564 wei)
Claim Reward: 7 Claim(s) (USD): $0.21 ($0.21014257778273235)

Next Claim Reward: 8 Claim(s) (WEI): 0.000074196354845216 WETH (74196354845216 wei)
Next Claim Reward: 8 Claim(s) (USD): $0.24 ($0.24016294603740843)

Net profit = (Gross Profit - Gas Cost [Avg])
$0.09 = ($0.24 - $0.15) $0.09491662525017447 = ($0.24016294603740843 - $0.14524632078723396)


5b. 9 Claim(s):

Total gas cost: 9 Claim(s) (USD): $0.16 ($0.16378552010948386)

Claim Reward: 8 Claim(s) (WEI): 0.000074196354845216 WETH (74196354845216 wei)
Claim Reward: 8 Claim(s) (USD): $0.24 ($0.24016294603740843)

Next Claim Reward: 9 Claim(s) (WEI): 0.000083470899200868 WETH (83470899200868 wei)
Next Claim Reward: 9 Claim(s) (USD): $0.27 ($0.2701833142920845)

Net profit = (Gross Profit - Gas Cost [Avg])
$0.11 = ($0.27 - $0.16) $0.10639779418260062 = ($0.2701833142920845 - $0.16378552010948386)


5b. 10 Claim(s):

Total gas cost: 10 Claim(s) (USD): $0.18 ($0.18232471943173376)

Claim Reward: 9 Claim(s) (WEI): 0.000083470899200868 WETH (83470899200868 wei)
Claim Reward: 9 Claim(s) (USD): $0.27 ($0.2701833142920845)

Next Claim Reward: 10 Claim(s) (WEI): 0.00009274544355652 WETH (92745443556520 wei)
Next Claim Reward: 10 Claim(s) (USD): $0.3 ($0.30020368254676055)

Net profit = (Gross Profit - Gas Cost [Avg])
$0.12 = ($0.3 - $0.18) $0.1178789631150268 = ($0.30020368254676055 - $0.18232471943173376)


5b. 11 Claim(s):

Total gas cost: 11 Claim(s) (USD): $0.2 ($0.20086391875398366)

Claim Reward: 10 Claim(s) (WEI): 0.00009274544355652 WETH (92745443556520 wei)
Claim Reward: 10 Claim(s) (USD): $0.3 ($0.30020368254676055)

Next Claim Reward: 11 Claim(s) (WEI): 0.000102019987912172 WETH (102019987912172 wei)
Next Claim Reward: 11 Claim(s) (USD): $0.33 ($0.3302240508014366)

Net profit = (Gross Profit - Gas Cost [Avg])
$0.13 = ($0.33 - $0.2) $0.12936013204745292 = ($0.3302240508014366 - $0.20086391875398366)


5b. 12 Claim(s):

Total gas cost: 12 Claim(s) (USD): $0.22 ($0.21940311807623358)

Claim Reward: 11 Claim(s) (WEI): 0.000102019987912172 WETH (102019987912172 wei)
Claim Reward: 11 Claim(s) (USD): $0.33 ($0.3302240508014366)

Next Claim Reward: 12 Claim(s) (WEI): 0.000111294532267824 WETH (111294532267824 wei)
Next Claim Reward: 12 Claim(s) (USD): $0.36 ($0.36024441905611265)

Net profit = (Gross Profit - Gas Cost [Avg])
$0.14 = ($0.36 - $0.22) $0.14084130097987907 = ($0.36024441905611265 - $0.21940311807623358)


5b. 13 Claim(s):

Total gas cost: 13 Claim(s) (USD): $0.24 ($0.23794231739848348)

Claim Reward: 12 Claim(s) (WEI): 0.000111294532267824 WETH (111294532267824 wei)
Claim Reward: 12 Claim(s) (USD): $0.36 ($0.36024441905611265)

Next Claim Reward: 13 Claim(s) (WEI): 0.000120569076623476 WETH (120569076623476 wei)
Next Claim Reward: 13 Claim(s) (USD): $0.39 ($0.3902647873107887)

Net profit = (Gross Profit - Gas Cost [Avg])
$0.15 = ($0.39 - $0.24) $0.1523224699123052 = ($0.3902647873107887 - $0.23794231739848348)


5b. 14 Claim(s):

Total gas cost: 14 Claim(s) (USD): $0.26 ($0.2564815167207334)

Claim Reward: 13 Claim(s) (WEI): 0.000120569076623476 WETH (120569076623476 wei)
Claim Reward: 13 Claim(s) (USD): $0.39 ($0.3902647873107887)

Next Claim Reward: 14 Claim(s) (WEI): 0.000129843620979128 WETH (129843620979128 wei)
Next Claim Reward: 14 Claim(s) (USD): $0.42 ($0.4202851555654647)

Net profit = (Gross Profit - Gas Cost [Avg])
$0.16 = ($0.42 - $0.26) $0.16380363884473131 = ($0.4202851555654647 - $0.2564815167207334)


5b. 15 Claim(s):

Total gas cost: 15 Claim(s) (USD): $0.28 ($0.2750207160429833)

Claim Reward: 14 Claim(s) (WEI): 0.000129843620979128 WETH (129843620979128 wei)
Claim Reward: 14 Claim(s) (USD): $0.42 ($0.4202851555654647)

Next Claim Reward: 15 Claim(s) (WEI): 0.00013911816533478 WETH (139118165334780 wei)
Next Claim Reward: 15 Claim(s) (USD): $0.45 ($0.4503055238201408)

Net profit = (Gross Profit - Gas Cost [Avg])
$0.18 = ($0.45 - $0.28) $0.1752848077771575 = ($0.4503055238201408 - $0.2750207160429833)


5b. 16 Claim(s):

Total gas cost: 16 Claim(s) (USD): $0.29 ($0.2935599153652332)

Claim Reward: 15 Claim(s) (WEI): 0.00013911816533478 WETH (139118165334780 wei)
Claim Reward: 15 Claim(s) (USD): $0.45 ($0.4503055238201408)

Next Claim Reward: 16 Claim(s) (WEI): 0.000148392709690432 WETH (148392709690432 wei)
Next Claim Reward: 16 Claim(s) (USD): $0.48 ($0.48032589207481685)

Net profit = (Gross Profit - Gas Cost [Avg])
$0.19 = ($0.48 - $0.29) $0.18676597670958367 = ($0.48032589207481685 - $0.2935599153652332)


5b. 17 Claim(s):

Total gas cost: 17 Claim(s) (USD): $0.31 ($0.3120991146874831)

Claim Reward: 16 Claim(s) (WEI): 0.000148392709690432 WETH (148392709690432 wei)
Claim Reward: 16 Claim(s) (USD): $0.48 ($0.48032589207481685)

Next Claim Reward: 17 Claim(s) (WEI): 0.000157667254046084 WETH (157667254046084 wei)
Next Claim Reward: 17 Claim(s) (USD): $0.51 ($0.5103462603294929)

Net profit = (Gross Profit - Gas Cost [Avg])
$0.2 = ($0.51 - $0.31) $0.19824714564200985 = ($0.5103462603294929 - $0.3120991146874831)


5b. 18 Claim(s):

Total gas cost: 18 Claim(s) (USD): $0.33 ($0.330638314009733)

Claim Reward: 17 Claim(s) (WEI): 0.000157667254046084 WETH (157667254046084 wei)
Claim Reward: 17 Claim(s) (USD): $0.51 ($0.5103462603294929)

Next Claim Reward: 18 Claim(s) (WEI): 0.000166941798401736 WETH (166941798401736 wei)
Next Claim Reward: 18 Claim(s) (USD): $0.54 ($0.540366628584169)

Net profit = (Gross Profit - Gas Cost [Avg])
$0.21 = ($0.54 - $0.33) $0.20972831457443597 = ($0.540366628584169 - $0.330638314009733)


5b. 19 Claim(s):

Total gas cost: 19 Claim(s) (USD): $0.35 ($0.3491775133319829)

Claim Reward: 18 Claim(s) (WEI): 0.000166941798401736 WETH (166941798401736 wei)
Claim Reward: 18 Claim(s) (USD): $0.54 ($0.540366628584169)

Next Claim Reward: 19 Claim(s) (WEI): 0.000176216342757388 WETH (176216342757388 wei)
Next Claim Reward: 19 Claim(s) (USD): $0.57 ($0.570386996838845)

Net profit = (Gross Profit - Gas Cost [Avg])
$0.22 = ($0.57 - $0.35) $0.2212094835068621 = ($0.570386996838845 - $0.3491775133319829)


5b. 20 Claim(s):

Total gas cost: 20 Claim(s) (USD): $0.37 ($0.3677167126542328)

Claim Reward: 19 Claim(s) (WEI): 0.000176216342757388 WETH (176216342757388 wei)
Claim Reward: 19 Claim(s) (USD): $0.57 ($0.570386996838845)

Next Claim Reward: 20 Claim(s) (WEI): 0.00018549088711304 WETH (185490887113040 wei)
Next Claim Reward: 20 Claim(s) (USD): $0.6 ($0.6004073650935211)

Net profit = (Gross Profit - Gas Cost [Avg])
$0.23 = ($0.6 - $0.37) $0.23269065243928833 = ($0.6004073650935211 - $0.3677167126542328)


5b. 21 Claim(s):

Total gas cost: 21 Claim(s) (USD): $0.39 ($0.3862559119764827)

Claim Reward: 20 Claim(s) (WEI): 0.00018549088711304 WETH (185490887113040 wei)
Claim Reward: 20 Claim(s) (USD): $0.6 ($0.6004073650935211)

Next Claim Reward: 21 Claim(s) (WEI): 0.000194765431468692 WETH (194765431468692 wei)
Next Claim Reward: 21 Claim(s) (USD): $0.63 ($0.6304277333481971)

Net profit = (Gross Profit - Gas Cost [Avg])
$0.24 = ($0.63 - $0.39) $0.24417182137171445 = ($0.6304277333481971 - $0.3862559119764827)


5b. 22 Claim(s):

Total gas cost: 22 Claim(s) (USD): $0.4 ($0.40479511129873263)

Claim Reward: 21 Claim(s) (WEI): 0.000194765431468692 WETH (194765431468692 wei)
Claim Reward: 21 Claim(s) (USD): $0.63 ($0.6304277333481971)

Next Claim Reward: 22 Claim(s) (WEI): 0.000204039975824344 WETH (204039975824344 wei)
Next Claim Reward: 22 Claim(s) (USD): $0.66 ($0.6604481016028731)

Net profit = (Gross Profit - Gas Cost [Avg])
$0.26 = ($0.66 - $0.4) $0.2556529903041405 = ($0.6604481016028731 - $0.40479511129873263)


5b. 23 Claim(s):

Total gas cost: 23 Claim(s) (USD): $0.42 ($0.42333431062098253)

Claim Reward: 22 Claim(s) (WEI): 0.000204039975824344 WETH (204039975824344 wei)
Claim Reward: 22 Claim(s) (USD): $0.66 ($0.6604481016028731)

Next Claim Reward: 23 Claim(s) (WEI): 0.000213314520179996 WETH (213314520179996 wei)
Next Claim Reward: 23 Claim(s) (USD): $0.69 ($0.6904684698575493)

Net profit = (Gross Profit - Gas Cost [Avg])
$0.27 = ($0.69 - $0.42) $0.26713415923656675 = ($0.6904684698575493 - $0.42333431062098253)


5b. 24 Claim(s):

Total gas cost: 24 Claim(s) (USD): $0.44 ($0.44187350994323243)

Claim Reward: 23 Claim(s) (WEI): 0.000213314520179996 WETH (213314520179996 wei)
Claim Reward: 23 Claim(s) (USD): $0.69 ($0.6904684698575493)

Next Claim Reward: 24 Claim(s) (WEI): 0.000222589064535648 WETH (222589064535648 wei)
Next Claim Reward: 24 Claim(s) (USD): $0.72 ($0.7204888381122253)

Net profit = (Gross Profit - Gas Cost [Avg])
$0.28 = ($0.72 - $0.44) $0.27861532816899287 = ($0.7204888381122253 - $0.44187350994323243)


5b. 25 Claim(s):

Total gas cost: 25 Claim(s) (USD): $0.46 ($0.46041270926548233)

Claim Reward: 24 Claim(s) (WEI): 0.000222589064535648 WETH (222589064535648 wei)
Claim Reward: 24 Claim(s) (USD): $0.72 ($0.7204888381122253)

Next Claim Reward: 25 Claim(s) (WEI): 0.0002318636088913 WETH (231863608891300 wei)
Next Claim Reward: 25 Claim(s) (USD): $0.75 ($0.7505092063669013)

Net profit = (Gross Profit - Gas Cost [Avg])
$0.29 = ($0.75 - $0.46) $0.290096497101419 = ($0.7505092063669013 - $0.46041270926548233)


5b. 26 Claim(s):

Total gas cost: 26 Claim(s) (USD): $0.48 ($0.47895190858773223)

Claim Reward: 25 Claim(s) (WEI): 0.0002318636088913 WETH (231863608891300 wei)
Claim Reward: 25 Claim(s) (USD): $0.75 ($0.7505092063669013)

Next Claim Reward: 26 Claim(s) (WEI): 0.000241138153246952 WETH (241138153246952 wei)
Next Claim Reward: 26 Claim(s) (USD): $0.78 ($0.7805295746215773)

Net profit = (Gross Profit - Gas Cost [Avg])
$0.3 = ($0.78 - $0.48) $0.3015776660338451 = ($0.7805295746215773 - $0.47895190858773223)


5b. 27 Claim(s):

Total gas cost: 27 Claim(s) (USD): $0.5 ($0.49749110790998213)

Claim Reward: 26 Claim(s) (WEI): 0.000241138153246952 WETH (241138153246952 wei)
Claim Reward: 26 Claim(s) (USD): $0.78 ($0.7805295746215773)

Next Claim Reward: 27 Claim(s) (WEI): 0.000250412697602604 WETH (250412697602604 wei)
Next Claim Reward: 27 Claim(s) (USD): $0.81 ($0.8105499428762534)

Net profit = (Gross Profit - Gas Cost [Avg])
$0.31 = ($0.81 - $0.5) $0.31305883496627124 = ($0.8105499428762534 - $0.49749110790998213)


5b. 28 Claim(s):

Total gas cost: 28 Claim(s) (USD): $0.52 ($0.5160303072322321)

Claim Reward: 27 Claim(s) (WEI): 0.000250412697602604 WETH (250412697602604 wei)
Claim Reward: 27 Claim(s) (USD): $0.81 ($0.8105499428762534)

Next Claim Reward: 28 Claim(s) (WEI): 0.000259687241958256 WETH (259687241958256 wei)
Next Claim Reward: 28 Claim(s) (USD): $0.84 ($0.8405703111309294)

Net profit = (Gross Profit - Gas Cost [Avg])
$0.32 = ($0.84 - $0.52) $0.3245400038986973 = ($0.8405703111309294 - $0.5160303072322321)


5b. 29 Claim(s):

Total gas cost: 29 Claim(s) (USD): $0.53 ($0.534569506554482)

Claim Reward: 28 Claim(s) (WEI): 0.000259687241958256 WETH (259687241958256 wei)
Claim Reward: 28 Claim(s) (USD): $0.84 ($0.8405703111309294)

Next Claim Reward: 29 Claim(s) (WEI): 0.000268961786313908 WETH (268961786313908 wei)
Next Claim Reward: 29 Claim(s) (USD): $0.87 ($0.8705906793856055)

Net profit = (Gross Profit - Gas Cost [Avg])
$0.34 = ($0.87 - $0.53) $0.33602117283112354 = ($0.8705906793856055 - $0.534569506554482)


5b. 30 Claim(s):

Total gas cost: 30 Claim(s) (USD): $0.55 ($0.5531087058767319)

Claim Reward: 29 Claim(s) (WEI): 0.000268961786313908 WETH (268961786313908 wei)
Claim Reward: 29 Claim(s) (USD): $0.87 ($0.8705906793856055)

Next Claim Reward: 30 Claim(s) (WEI): 0.00027823633066956 WETH (278236330669560 wei)
Next Claim Reward: 30 Claim(s) (USD): $0.9 ($0.9006110476402815)

Net profit = (Gross Profit - Gas Cost [Avg])
$0.35 = ($0.9 - $0.55) $0.34750234176354966 = ($0.9006110476402815 - $0.5531087058767319)

******************
5c. Profit/Loss (USD):

Net profit = (Gross Profit - Gas Cost [Max])
$0.32 = ($0.87 - $0.55) $0.31748197350887364 = ($0.8705906793856055 - $0.5531087058767319)

Submitting transaction to claim 29 prize(s):

0x7fad91a4a29109303188d8758f1a9d60ce988349-0x4D342b714D53CD6ef728435c454b1689AF49027d-5-957
0x7fad91a4a29109303188d8758f1a9d60ce988349-0xD603Fe1BA9AB63a9037f087DF7391767fdfED86d-5-104
0x7fad91a4a29109303188d8758f1a9d60ce988349-0x4E363f14A43e4788B4601ab261Ea88B63487fC98-5-660
0x7fad91a4a29109303188d8758f1a9d60ce988349-0x806DCC67AdED7b4F3fF7cD80E9390f31d75ccBFB-5-831
0x7fad91a4a29109303188d8758f1a9d60ce988349-0x127526b473a964B26da7503Df287BA395A55bc44-5-679
0x7fad91a4a29109303188d8758f1a9d60ce988349-0x31b4D6b49e6AEB8bfAa1f4fe266a9df00D00e9e8-5-877
0x7fad91a4a29109303188d8758f1a9d60ce988349-0x318caC23a11E0840B09b75B1A9bDD21bc2BdDa0a-5-451
0x7fad91a4a29109303188d8758f1a9d60ce988349-0x45B4B7eF801AA4c0241f6CD337a5948EBCD594E3-5-994
0x7fad91a4a29109303188d8758f1a9d60ce988349-0x4266F9501d7b20f39090C8684828a282dA7F4264-5-447
0x7fad91a4a29109303188d8758f1a9d60ce988349-0x4556d89D2Fe27856307307296C58Ecdcace00Daf-5-149
0x7fad91a4a29109303188d8758f1a9d60ce988349-0x82aF87D74053b7eC370fb545700B56718b5bEACd-5-108
0x7fad91a4a29109303188d8758f1a9d60ce988349-0xbA6d804FAB4063f17B265E946D4A625788a3104E-5-334
0x7fad91a4a29109303188d8758f1a9d60ce988349-0x12431e3899aC643738F17E2673494273cFe3Aefc-5-194
0x7fad91a4a29109303188d8758f1a9d60ce988349-0xD0687C5f1fb08b3B557dC946e24e533C325f157B-5-468
0x7fad91a4a29109303188d8758f1a9d60ce988349-0x4B7D7dea8C7791dC021D0bA5DDd73adE0e650C83-5-239
0x7fad91a4a29109303188d8758f1a9d60ce988349-0x4B7D7dea8C7791dC021D0bA5DDd73adE0e650C83-5-981
0x7fad91a4a29109303188d8758f1a9d60ce988349-0x55968467aF3C0109e18c2891Ac82bEa2a9Be6A4a-5-780
0x7fad91a4a29109303188d8758f1a9d60ce988349-0x9357246e1FED48350341D4d746105a362AE0FCe4-5-185
0x7fad91a4a29109303188d8758f1a9d60ce988349-0xC3338372d6B046fEC30098B8ae9FE8D266f88E29-5-375
0x7fad91a4a29109303188d8758f1a9d60ce988349-0x3AD9552A1D4c3839c254268A0a7B98CB2dc43De8-5-619
0x7fad91a4a29109303188d8758f1a9d60ce988349-0xce1b9BaC7D7d626dAF77B723635D14194185202D-5-838
0x7fad91a4a29109303188d8758f1a9d60ce988349-0x43598571f94DE287bcB858f12dB809bf312f9C3a-5-581
0x7fad91a4a29109303188d8758f1a9d60ce988349-0xa27c00dc13E84564B2d407405B28e71001967Cd6-5-630
0x7fad91a4a29109303188d8758f1a9d60ce988349-0x795F93D0F54eC16df1E6487Fc149443a09f781De-5-605
0x7fad91a4a29109303188d8758f1a9d60ce988349-0x58E6bdD1E1335e267692b67521a052A12C877d4B-5-486
0x7fad91a4a29109303188d8758f1a9d60ce988349-0xeF02a21b368817C1229fC2008b69D046f27F3689-5-90
0x7fad91a4a29109303188d8758f1a9d60ce988349-0xeF02a21b368817C1229fC2008b69D046f27F3689-5-819
0x7fad91a4a29109303188d8758f1a9d60ce988349-0x05350AeC1d17a5892918258689D4005A0614F342-5-419
0x7fad91a4a29109303188d8758f1a9d60ce988349-0xf3e0f19b8d0AC0EF06098051d72460E89eEfB1Ae-5-486



Execute Claim Transaction for Tier #5 (Canary tier)



Transaction sent! ✔
Transaction hash: 0xdb9fb6138dfb5a20397f24d2973a186662b65414d2082fce7c076e659cc32b7f
Waiting on transaction to be confirmed ...
Tx confirmed !




******************
Processing:
Vault:     0x33335296c9b020ca3252e4953c11decfdce816b8
Tier:      #6 (Canary tier)
# prizes:  1555

5a. Calculating # of profitable claims ...

Native (Gas) Token ETH Market Rate (USD): $3243.78

Estimated gas limit (wei) (1 prize claim): 0.000000000000189124 ETH (189124 wei)
Estimated gas limit (wei) (2 prize claims): 0.000000000000275567 ETH (275567 wei)

Gas Cost: First Claim (wei): 0.000000000000189124 ETH (189124 wei)
Gas Cost: Each Following Claim (wei): 0.000000000000086443 ETH (86443 wei)

Gas Cost: First Claim (USD): $0.01 $0.013836930206593306
Gas Cost: Each Following Claim (USD): $0.02 $0.01655761662280508

5b. 1 Claim(s):

Total gas cost: 1 Claim(s) (USD): $0.01 ($0.013836930206593306)

Next Claim Reward: 1 Claim(s) (WEI): 0.000002318636088913 WETH (2318636088913 wei)
Next Claim Reward: 1 Claim(s) (USD): $0.01 ($0.007505092063669013)

Net profit = (Gross Profit - Gas Cost [Avg])
$-0.01 = ($0.01 - $0.01) $-0.006331838142924292 = ($0.007505092063669013 - $0.013836930206593306)

******************
5c. Profit/Loss (USD):

Net profit = (Gross Profit - Gas Cost [Max])
$-0.01 = ($0 - $0.01) $-0.013836930206593306 = ($0 - $0.013836930206593306)

Claiming tier #6 (Canary tier) currently not profitable.
Not profitable to claim for Draw #14, Tier: #6 (Canary tier)




******************
Processing:
Vault:     0x75b2f4b3ec5adf7077f928992524cc547e74f768
Tier:      #6 (Canary tier)
# prizes:  294

Tier #6 (Canary tier) not profitable, skipping ...





******************
Processing:
Vault:     0x7fad91a4a29109303188d8758f1a9d60ce988349
Tier:      #6 (Canary tier)
# prizes:  2081

Tier #6 (Canary tier) not profitable, skipping ...

