Operating on: 11155420 - Optimism Sepolia
Config - MIN_PROFIT_THRESHOLD_USD: -0.1

Starting ...
Getting prize pool info ...
Getting prize context ...

******************
1. Prize token: WETH

┌────────────┬──────────────────────────────────────────────┬──────────┬─────────────────┬────────┬──────────────┐
│ (index)    │ address                                      │ decimals │ name            │ symbol │ assetRateUsd │
├────────────┼──────────────────────────────────────────────┼──────────┼─────────────────┼────────┼──────────────┤
│ prizeToken │ '0x28Dae98474c0EeDF4Ee74Da5300Dd89dE5466E62' │ 18       │ 'Wrapped Ether' │ 'WETH' │ 3553.913     │
└────────────┴──────────────────────────────────────────────┴──────────┴─────────────────┴────────┴──────────────┘
┌─────────┬──────────┬──────────────────────────────┐
│ (index) │ numTiers │ tiersRangeArray              │
├─────────┼──────────┼──────────────────────────────┤
│ tiers   │ 4        │ [ 0, 1, 2, ... 1 more item ] │
└─────────┴──────────┴──────────────────────────────┘
Draw ID: 14
Prize Token WETH MarketRate USD:  $3553.913

******************
Getting prize vaults ...
Found 6 prize vaults.

No claimed prizes for draw #14.
77 prizes remaining to be claimed...




******************
Processing:
Vault:     0x887db83c6b90b8c6d3a0729e1299c6153220649e
Tier:      #1
# prizes:  1

5a. Calculating # of profitable claims ...

Native (Gas) Token ETH Market Rate (USD): $3564.86

Estimated gas limit (wei) (1 prize claim): 0.000000000000245767 ETH (245767 wei)

Gas Cost: First Claim (wei): 0.000000000000245767 ETH (245767 wei)

Gas Cost: First Claim (USD): $1.09 $1.0882962897112776

5b. 1 Claim(s):

Total gas cost: 1 Claim(s) (USD): $1.09 ($1.0882962897112776)

Next Claim Reward: 1 Claim(s) (WEI): 0.000461283615340517 WETH (461283615340517 wei)
Next Claim Reward: 1 Claim(s) (USD): $1.64 ($1.6393618372456626)

Net profit = (Gross Profit - Gas Cost [Avg])
$0.55 = ($1.64 - $1.09) $0.5510655475343851 = ($1.6393618372456626 - $1.0882962897112776)


******************
5c. Profit/Loss (USD):

Net profit = (Gross Profit - Gas Cost [Max])
$0.55 = ($1.64 - $1.09) $0.5510655475343851 = ($1.6393618372456626 - $1.0882962897112776)

Claiming tier #1 currently not profitable.

Execute Claim Transaction for Tier #1



Transaction sent! ✔
Transaction hash: 0x668bd9e166228777aaf26cf4871244811ae1a9422e3186c8c6d17dfdff85625f
Waiting on transaction to be confirmed ...
Tx confirmed !




******************
Processing:
Vault:     0xe0462dc45922ca4d8d50748504b1d383349a25df
Tier:      #1
# prizes:  4

5a. Calculating # of profitable claims ...

Native (Gas) Token ETH Market Rate (USD): $3564.86

Estimated gas limit (wei) (1 prize claim): 0.000000000000223162 ETH (223162 wei)
Estimated gas limit (wei) (2 prize claims): 0.000000000000329147 ETH (329147 wei)

Gas Cost: First Claim (wei): 0.000000000000223162 ETH (223162 wei)
Gas Cost: Each Following Claim (wei): 0.000000000000105985 ETH (105985 wei)

Gas Cost: First Claim (USD): $1.09 $1.0882156857438952
Gas Cost: Each Following Claim (USD): $1.34 $1.3360672544811163

5b. 1 Claim(s):

Total gas cost: 1 Claim(s) (USD): $1.09 ($1.0882156857438952)

Next Claim Reward: 1 Claim(s) (WEI): 0.000431099137780654 WETH (431099137780654 wei)
Next Claim Reward: 1 Claim(s) (USD): $1.53 ($1.5320888300474576)

Net profit = (Gross Profit - Gas Cost [Avg])
$0.44 = ($1.53 - $1.09) $0.4438731443035624 = ($1.5320888300474576 - $1.0882156857438952)


5b. 2 Claim(s):

Total gas cost: 2 Claim(s) (USD): $2.42 ($2.4242829402250115)

Claim Reward: 1 Claim(s) (WEI): 0.000431099137780654 WETH (431099137780654 wei)
Claim Reward: 1 Claim(s) (USD): $1.53 ($1.5320888300474576)

Next Claim Reward: 2 Claim(s) (WEI): 0.000831191949247496 WETH (831191949247496 wei)
Next Claim Reward: 2 Claim(s) (USD): $2.95 ($2.9539838739260165)

Net profit = (Gross Profit - Gas Cost [Avg])
$0.53 = ($2.95 - $2.42) $0.529700933701005 = ($2.9539838739260165 - $2.4242829402250115)


5b. 3 Claim(s):

Total gas cost: 3 Claim(s) (USD): $3.76 ($3.7603501947061275)

Claim Reward: 2 Claim(s) (WEI): 0.000831191949247496 WETH (831191949247496 wei)
Claim Reward: 2 Claim(s) (USD): $2.95 ($2.9539838739260165)

Next Claim Reward: 3 Claim(s) (WEI): 0.001202508529956801 WETH (1202508529956801 wei)
Next Claim Reward: 3 Claim(s) (USD): $4.27 ($4.273610697224364)

Net profit = (Gross Profit - Gas Cost [Avg])
$0.51 = ($4.27 - $3.76) $0.5132605025182366 = ($4.273610697224364 - $3.7603501947061275)

******************
5c. Profit/Loss (USD):

Net profit = (Gross Profit - Gas Cost [Max])
$-0.81 = ($2.95 - $3.76) $-0.8063663207801111 = ($2.9539838739260165 - $3.7603501947061275)

Submitting transaction to claim 2 prize(s):

0xe0462dc45922ca4d8d50748504b1d383349a25df-0xbA8731690A8AF53D7f8D584557511752612DFbec-1-0
0xe0462dc45922ca4d8d50748504b1d383349a25df-0x633Fbe9291a50901538C743c0589AB7C75d0Bf2c-1-1



Execute Claim Transaction for Tier #1



Transaction sent! ✔
Transaction hash: 0x99d5bb727470a86a866fa8d5776b52d04a771d7ab947a9cbe3c3fe3e771e1d1f
Waiting on transaction to be confirmed ...
Tx confirmed !




******************
Processing:
Vault:     0x887db83c6b90b8c6d3a0729e1299c6153220649e
Tier:      #2 (Canary tier)
# prizes:  3

5a. Calculating # of profitable claims ...

Native (Gas) Token ETH Market Rate (USD): $3564.86

Estimated gas limit (wei) (1 prize claim): 0.000000000000169235 ETH (169235 wei)
Estimated gas limit (wei) (2 prize claims): 0.000000000000245748 ETH (245748 wei)

Gas Cost: First Claim (wei): 0.000000000000169235 ETH (169235 wei)
Gas Cost: Each Following Claim (wei): 0.000000000000076513 ETH (76513 wei)

Gas Cost: First Claim (USD): $1.09 $1.0917474359976813
Gas Cost: Each Following Claim (USD): $1.34 $1.3396862053552228

5b. 1 Claim(s):

Total gas cost: 1 Claim(s) (USD): $1.09 ($1.0917474359976813)

Next Claim Reward: 1 Claim(s) (WEI): 0.000086187168941488 WETH (86187168941488 wei)
Next Claim Reward: 1 Claim(s) (USD): $0.31 ($0.30630170013435043)

Net profit = (Gross Profit - Gas Cost [Avg])
$-0.79 = ($0.31 - $1.09) $-0.7854457358633309 = ($0.30630170013435043 - $1.0917474359976813)

******************
5c. Profit/Loss (USD):

Net profit = (Gross Profit - Gas Cost [Max])
$-1.09 = ($0 - $1.09) $-1.0917474359976813 = ($0 - $1.0917474359976813)

Claiming tier #2 (Canary tier) currently not profitable.
Not profitable to claim for Draw #14, Tier: #2 (Canary tier)




******************
Processing:
Vault:     0xc1f6251c8b8ca9ea535dd297cb9cbfe49efa6bb0
Tier:      #2 (Canary tier)
# prizes:  1

Tier #2 (Canary tier) not profitable, skipping ...





******************
Processing:
Vault:     0xe0462dc45922ca4d8d50748504b1d383349a25df
Tier:      #2 (Canary tier)
# prizes:  3

Tier #2 (Canary tier) not profitable, skipping ...





******************
Processing:
Vault:     0x887db83c6b90b8c6d3a0729e1299c6153220649e
Tier:      #3 (Canary tier)
# prizes:  28

Tier #3 (Canary tier) not profitable, skipping ...





******************
Processing:
Vault:     0xc1f6251c8b8ca9ea535dd297cb9cbfe49efa6bb0
Tier:      #3 (Canary tier)
# prizes:  7

Tier #3 (Canary tier) not profitable, skipping ...





******************
Processing:
Vault:     0xe0462dc45922ca4d8d50748504b1d383349a25df
Tier:      #3 (Canary tier)
# prizes:  30

Tier #3 (Canary tier) not profitable, skipping ...

