Operating on: 11155420 - Optimism Sepolia

Config - REWARD_RECIPIENT not provided, setting swap recipient to relayer address: 0x06003274c3a7926c04cA8d6903cc691fE8f3CEC2
Config - MIN_PROFIT_THRESHOLD_USD: -0.3

Starting ...
Getting prize pool info ...
Getting prize context ...

******************
1. Prize token: WETH

┌────────────┬──────────────────────────────────────────────┬──────────┬─────────────────┬────────┬──────────────┐
│ (index)    │ address                                      │ decimals │ name            │ symbol │ assetRateUsd │
├────────────┼──────────────────────────────────────────────┼──────────┼─────────────────┼────────┼──────────────┤
│ prizeToken │ '0xC355F97a3Aa2808Acb536E555764b8FB26fB4b37' │ 18       │ 'Wrapped Ether' │ 'WETH' │ 3245.0178    │
└────────────┴──────────────────────────────────────────────┴──────────┴─────────────────┴────────┴──────────────┘
┌─────────┬──────────┬───────────────────────────────┐
│ (index) │ numTiers │ tiersRangeArray               │
├─────────┼──────────┼───────────────────────────────┤
│ tiers   │ 7        │ [ 0, 1, 2, ... 4 more items ] │
└─────────┴──────────┴───────────────────────────────┘
Draw ID: 14
Prize Token WETH MarketRate USD:  $3245.0178

******************
Getting prize vaults ...
Found 6 prize vaults.

1278 prizes already claimed for draw #14.
4193 prizes remaining to be claimed...




******************
Processing:
Vault:     0x33335296c9b020ca3252e4953c11decfdce816b8
Tier:      #5 (Canary tier)
# prizes:  40

5a. Calculating # of profitable claims ...

Native (Gas) Token ETH Market Rate (USD): $3244.89

Estimated gas limit (wei) (1 prize claim): 0.000000000000183642 ETH (183642 wei)
Estimated gas limit (wei) (2 prize claims): 0.000000000000269441 ETH (269441 wei)

Gas Cost: First Claim (wei): 0.000000000000183642 ETH (183642 wei)
Gas Cost: Each Following Claim (wei): 0.000000000000085799 ETH (85799 wei)

Gas Cost: First Claim (USD): $0.01 $0.01382351561210465
Gas Cost: Each Following Claim (USD): $0.02 $0.0165607534243956

5b. 1 Claim(s):

Total gas cost: 1 Claim(s) (USD): $0.01 ($0.01382351561210465)

Next Claim Reward: 1 Claim(s) (WEI): 0.000009274544355652 WETH (9274544355652 wei)
Next Claim Reward: 1 Claim(s) (USD): $0.03 ($0.030096061520980273)

Net profit = (Gross Profit - Gas Cost [Avg])
$0.02 = ($0.03 - $0.01) $0.016272545908875623 = ($0.030096061520980273 - $0.01382351561210465)


5b. 2 Claim(s):

Total gas cost: 2 Claim(s) (USD): $0.03 ($0.03038426903650025)

Claim Reward: 1 Claim(s) (WEI): 0.000009274544355652 WETH (9274544355652 wei)
Claim Reward: 1 Claim(s) (USD): $0.03 ($0.030096061520980273)

Next Claim Reward: 2 Claim(s) (WEI): 0.000018549088711304 WETH (18549088711304 wei)
Next Claim Reward: 2 Claim(s) (USD): $0.06 ($0.060192123041960546)

Net profit = (Gross Profit - Gas Cost [Avg])
$0.03 = ($0.06 - $0.03) $0.029807854005460297 = ($0.060192123041960546 - $0.03038426903650025)


5b. 3 Claim(s):

Total gas cost: 3 Claim(s) (USD): $0.05 ($0.04694502246089585)

Claim Reward: 2 Claim(s) (WEI): 0.000018549088711304 WETH (18549088711304 wei)
Claim Reward: 2 Claim(s) (USD): $0.06 ($0.060192123041960546)

Next Claim Reward: 3 Claim(s) (WEI): 0.000027823633066956 WETH (27823633066956 wei)
Next Claim Reward: 3 Claim(s) (USD): $0.09 ($0.09028818456294081)

Net profit = (Gross Profit - Gas Cost [Avg])
$0.04 = ($0.09 - $0.05) $0.04334316210204496 = ($0.09028818456294081 - $0.04694502246089585)


5b. 4 Claim(s):

Total gas cost: 4 Claim(s) (USD): $0.06 ($0.06350577588529145)

Claim Reward: 3 Claim(s) (WEI): 0.000027823633066956 WETH (27823633066956 wei)
Claim Reward: 3 Claim(s) (USD): $0.09 ($0.09028818456294081)

Next Claim Reward: 4 Claim(s) (WEI): 0.000037098177422608 WETH (37098177422608 wei)
Next Claim Reward: 4 Claim(s) (USD): $0.12 ($0.12038424608392109)

Net profit = (Gross Profit - Gas Cost [Avg])
$0.06 = ($0.12 - $0.06) $0.05687847019862964 = ($0.12038424608392109 - $0.06350577588529145)


5b. 5 Claim(s):

Total gas cost: 5 Claim(s) (USD): $0.08 ($0.08006652930968705)

Claim Reward: 4 Claim(s) (WEI): 0.000037098177422608 WETH (37098177422608 wei)
Claim Reward: 4 Claim(s) (USD): $0.12 ($0.12038424608392109)

Next Claim Reward: 5 Claim(s) (WEI): 0.00004637272177826 WETH (46372721778260 wei)
Next Claim Reward: 5 Claim(s) (USD): $0.15 ($0.15048030760490136)

Net profit = (Gross Profit - Gas Cost [Avg])
$0.07 = ($0.15 - $0.08) $0.07041377829521431 = ($0.15048030760490136 - $0.08006652930968705)


5b. 6 Claim(s):

Total gas cost: 6 Claim(s) (USD): $0.1 ($0.09662728273408265)

Claim Reward: 5 Claim(s) (WEI): 0.00004637272177826 WETH (46372721778260 wei)
Claim Reward: 5 Claim(s) (USD): $0.15 ($0.15048030760490136)

Next Claim Reward: 6 Claim(s) (WEI): 0.000055647266133912 WETH (55647266133912 wei)
Next Claim Reward: 6 Claim(s) (USD): $0.18 ($0.18057636912588163)

Net profit = (Gross Profit - Gas Cost [Avg])
$0.08 = ($0.18 - $0.1) $0.08394908639179897 = ($0.18057636912588163 - $0.09662728273408265)


5b. 7 Claim(s):

Total gas cost: 7 Claim(s) (USD): $0.11 ($0.11318803615847825)

Claim Reward: 6 Claim(s) (WEI): 0.000055647266133912 WETH (55647266133912 wei)
Claim Reward: 6 Claim(s) (USD): $0.18 ($0.18057636912588163)

Next Claim Reward: 7 Claim(s) (WEI): 0.000064921810489564 WETH (64921810489564 wei)
Next Claim Reward: 7 Claim(s) (USD): $0.21 ($0.2106724306468619)

Net profit = (Gross Profit - Gas Cost [Avg])
$0.1 = ($0.21 - $0.11) $0.09748439448838364 = ($0.2106724306468619 - $0.11318803615847825)


5b. 8 Claim(s):

Total gas cost: 8 Claim(s) (USD): $0.13 ($0.12974878958287384)

Claim Reward: 7 Claim(s) (WEI): 0.000064921810489564 WETH (64921810489564 wei)
Claim Reward: 7 Claim(s) (USD): $0.21 ($0.2106724306468619)

Next Claim Reward: 8 Claim(s) (WEI): 0.000074196354845216 WETH (74196354845216 wei)
Next Claim Reward: 8 Claim(s) (USD): $0.24 ($0.24076849216784219)

Net profit = (Gross Profit - Gas Cost [Avg])
$0.11 = ($0.24 - $0.13) $0.11101970258496835 = ($0.24076849216784219 - $0.12974878958287384)


5b. 9 Claim(s):

Total gas cost: 9 Claim(s) (USD): $0.15 ($0.14630954300726945)

Claim Reward: 8 Claim(s) (WEI): 0.000074196354845216 WETH (74196354845216 wei)
Claim Reward: 8 Claim(s) (USD): $0.24 ($0.24076849216784219)

Next Claim Reward: 9 Claim(s) (WEI): 0.000083470899200868 WETH (83470899200868 wei)
Next Claim Reward: 9 Claim(s) (USD): $0.27 ($0.27086455368882245)

Net profit = (Gross Profit - Gas Cost [Avg])
$0.12 = ($0.27 - $0.15) $0.124555010681553 = ($0.27086455368882245 - $0.14630954300726945)


5b. 10 Claim(s):

Total gas cost: 10 Claim(s) (USD): $0.16 ($0.16287029643166506)

Claim Reward: 9 Claim(s) (WEI): 0.000083470899200868 WETH (83470899200868 wei)
Claim Reward: 9 Claim(s) (USD): $0.27 ($0.27086455368882245)

Next Claim Reward: 10 Claim(s) (WEI): 0.00009274544355652 WETH (92745443556520 wei)
Next Claim Reward: 10 Claim(s) (USD): $0.3 ($0.3009606152098027)

Net profit = (Gross Profit - Gas Cost [Avg])
$0.14 = ($0.3 - $0.16) $0.13809031877813766 = ($0.3009606152098027 - $0.16287029643166506)


5b. 11 Claim(s):

Total gas cost: 11 Claim(s) (USD): $0.18 ($0.17943104985606065)

Claim Reward: 10 Claim(s) (WEI): 0.00009274544355652 WETH (92745443556520 wei)
Claim Reward: 10 Claim(s) (USD): $0.3 ($0.3009606152098027)

Next Claim Reward: 11 Claim(s) (WEI): 0.000102019987912172 WETH (102019987912172 wei)
Next Claim Reward: 11 Claim(s) (USD): $0.33 ($0.331056676730783)

Net profit = (Gross Profit - Gas Cost [Avg])
$0.15 = ($0.33 - $0.18) $0.15162562687472234 = ($0.331056676730783 - $0.17943104985606065)


5b. 12 Claim(s):

Total gas cost: 12 Claim(s) (USD): $0.2 ($0.19599180328045623)

Claim Reward: 11 Claim(s) (WEI): 0.000102019987912172 WETH (102019987912172 wei)
Claim Reward: 11 Claim(s) (USD): $0.33 ($0.331056676730783)

Next Claim Reward: 12 Claim(s) (WEI): 0.000111294532267824 WETH (111294532267824 wei)
Next Claim Reward: 12 Claim(s) (USD): $0.36 ($0.36115273825176325)

Net profit = (Gross Profit - Gas Cost [Avg])
$0.17 = ($0.36 - $0.2) $0.16516093497130702 = ($0.36115273825176325 - $0.19599180328045623)


5b. 13 Claim(s):

Total gas cost: 13 Claim(s) (USD): $0.21 ($0.21255255670485185)

Claim Reward: 12 Claim(s) (WEI): 0.000111294532267824 WETH (111294532267824 wei)
Claim Reward: 12 Claim(s) (USD): $0.36 ($0.36115273825176325)

Next Claim Reward: 13 Claim(s) (WEI): 0.000120569076623476 WETH (120569076623476 wei)
Next Claim Reward: 13 Claim(s) (USD): $0.39 ($0.3912487997727435)

Net profit = (Gross Profit - Gas Cost [Avg])
$0.18 = ($0.39 - $0.21) $0.17869624306789167 = ($0.3912487997727435 - $0.21255255670485185)


5b. 14 Claim(s):

Total gas cost: 14 Claim(s) (USD): $0.23 ($0.22911331012924746)

Claim Reward: 13 Claim(s) (WEI): 0.000120569076623476 WETH (120569076623476 wei)
Claim Reward: 13 Claim(s) (USD): $0.39 ($0.3912487997727435)

Next Claim Reward: 14 Claim(s) (WEI): 0.000129843620979128 WETH (129843620979128 wei)
Next Claim Reward: 14 Claim(s) (USD): $0.42 ($0.4213448612937238)

Net profit = (Gross Profit - Gas Cost [Avg])
$0.19 = ($0.42 - $0.23) $0.19223155116447632 = ($0.4213448612937238 - $0.22911331012924746)


5b. 15 Claim(s):

Total gas cost: 15 Claim(s) (USD): $0.25 ($0.24567406355364305)

Claim Reward: 14 Claim(s) (WEI): 0.000129843620979128 WETH (129843620979128 wei)
Claim Reward: 14 Claim(s) (USD): $0.42 ($0.4213448612937238)

Next Claim Reward: 15 Claim(s) (WEI): 0.00013911816533478 WETH (139118165334780 wei)
Next Claim Reward: 15 Claim(s) (USD): $0.45 ($0.45144092281470405)

Net profit = (Gross Profit - Gas Cost [Avg])
$0.21 = ($0.45 - $0.25) $0.205766859261061 = ($0.45144092281470405 - $0.24567406355364305)


5b. 16 Claim(s):

Total gas cost: 16 Claim(s) (USD): $0.26 ($0.26223481697803863)

Claim Reward: 15 Claim(s) (WEI): 0.00013911816533478 WETH (139118165334780 wei)
Claim Reward: 15 Claim(s) (USD): $0.45 ($0.45144092281470405)

Next Claim Reward: 16 Claim(s) (WEI): 0.000148392709690432 WETH (148392709690432 wei)
Next Claim Reward: 16 Claim(s) (USD): $0.48 ($0.48153698433568437)

Net profit = (Gross Profit - Gas Cost [Avg])
$0.22 = ($0.48 - $0.26) $0.21930216735764574 = ($0.48153698433568437 - $0.26223481697803863)


5b. 17 Claim(s):

Total gas cost: 17 Claim(s) (USD): $0.28 ($0.27879557040243425)

Claim Reward: 16 Claim(s) (WEI): 0.000148392709690432 WETH (148392709690432 wei)
Claim Reward: 16 Claim(s) (USD): $0.48 ($0.48153698433568437)

Next Claim Reward: 17 Claim(s) (WEI): 0.000157667254046084 WETH (157667254046084 wei)
Next Claim Reward: 17 Claim(s) (USD): $0.51 ($0.5116330458566647)

Net profit = (Gross Profit - Gas Cost [Avg])
$0.23 = ($0.51 - $0.28) $0.23283747545423045 = ($0.5116330458566647 - $0.27879557040243425)


5b. 18 Claim(s):

Total gas cost: 18 Claim(s) (USD): $0.3 ($0.29535632382682986)

Claim Reward: 17 Claim(s) (WEI): 0.000157667254046084 WETH (157667254046084 wei)
Claim Reward: 17 Claim(s) (USD): $0.51 ($0.5116330458566647)

Next Claim Reward: 18 Claim(s) (WEI): 0.000166941798401736 WETH (166941798401736 wei)
Next Claim Reward: 18 Claim(s) (USD): $0.54 ($0.5417291073776449)

Net profit = (Gross Profit - Gas Cost [Avg])
$0.25 = ($0.54 - $0.3) $0.24637278355081504 = ($0.5417291073776449 - $0.29535632382682986)


5b. 19 Claim(s):

Total gas cost: 19 Claim(s) (USD): $0.31 ($0.31191707725122547)

Claim Reward: 18 Claim(s) (WEI): 0.000166941798401736 WETH (166941798401736 wei)
Claim Reward: 18 Claim(s) (USD): $0.54 ($0.5417291073776449)

Next Claim Reward: 19 Claim(s) (WEI): 0.000176216342757388 WETH (176216342757388 wei)
Next Claim Reward: 19 Claim(s) (USD): $0.57 ($0.5718251688986251)

Net profit = (Gross Profit - Gas Cost [Avg])
$0.26 = ($0.57 - $0.31) $0.25990809164739964 = ($0.5718251688986251 - $0.31191707725122547)


5b. 20 Claim(s):

Total gas cost: 20 Claim(s) (USD): $0.33 ($0.32847783067562103)

Claim Reward: 19 Claim(s) (WEI): 0.000176216342757388 WETH (176216342757388 wei)
Claim Reward: 19 Claim(s) (USD): $0.57 ($0.5718251688986251)

Next Claim Reward: 20 Claim(s) (WEI): 0.00018549088711304 WETH (185490887113040 wei)
Next Claim Reward: 20 Claim(s) (USD): $0.6 ($0.6019212304196054)

Net profit = (Gross Profit - Gas Cost [Avg])
$0.27 = ($0.6 - $0.33) $0.2734433997439844 = ($0.6019212304196054 - $0.32847783067562103)


5b. 21 Claim(s):

Total gas cost: 21 Claim(s) (USD): $0.35 ($0.34503858410001664)

Claim Reward: 20 Claim(s) (WEI): 0.00018549088711304 WETH (185490887113040 wei)
Claim Reward: 20 Claim(s) (USD): $0.6 ($0.6019212304196054)

Next Claim Reward: 21 Claim(s) (WEI): 0.000194765431468692 WETH (194765431468692 wei)
Next Claim Reward: 21 Claim(s) (USD): $0.63 ($0.6320172919405858)

Net profit = (Gross Profit - Gas Cost [Avg])
$0.29 = ($0.63 - $0.35) $0.2869787078405691 = ($0.6320172919405858 - $0.34503858410001664)


5b. 22 Claim(s):

Total gas cost: 22 Claim(s) (USD): $0.36 ($0.36159933752441226)

Claim Reward: 21 Claim(s) (WEI): 0.000194765431468692 WETH (194765431468692 wei)
Claim Reward: 21 Claim(s) (USD): $0.63 ($0.6320172919405858)

Next Claim Reward: 22 Claim(s) (WEI): 0.000204039975824344 WETH (204039975824344 wei)
Next Claim Reward: 22 Claim(s) (USD): $0.66 ($0.662113353461566)

Net profit = (Gross Profit - Gas Cost [Avg])
$0.3 = ($0.66 - $0.36) $0.3005140159371537 = ($0.662113353461566 - $0.36159933752441226)


5b. 23 Claim(s):

Total gas cost: 23 Claim(s) (USD): $0.38 ($0.3781600909488078)

Claim Reward: 22 Claim(s) (WEI): 0.000204039975824344 WETH (204039975824344 wei)
Claim Reward: 22 Claim(s) (USD): $0.66 ($0.662113353461566)

Next Claim Reward: 23 Claim(s) (WEI): 0.000213314520179996 WETH (213314520179996 wei)
Next Claim Reward: 23 Claim(s) (USD): $0.69 ($0.6922094149825463)

Net profit = (Gross Profit - Gas Cost [Avg])
$0.31 = ($0.69 - $0.38) $0.3140493240337385 = ($0.6922094149825463 - $0.3781600909488078)


5b. 24 Claim(s):

Total gas cost: 24 Claim(s) (USD): $0.39 ($0.39472084437320343)

Claim Reward: 23 Claim(s) (WEI): 0.000213314520179996 WETH (213314520179996 wei)
Claim Reward: 23 Claim(s) (USD): $0.69 ($0.6922094149825463)

Next Claim Reward: 24 Claim(s) (WEI): 0.000222589064535648 WETH (222589064535648 wei)
Next Claim Reward: 24 Claim(s) (USD): $0.72 ($0.7223054765035265)

Net profit = (Gross Profit - Gas Cost [Avg])
$0.33 = ($0.72 - $0.39) $0.3275846321303231 = ($0.7223054765035265 - $0.39472084437320343)


5b. 25 Claim(s):

Total gas cost: 25 Claim(s) (USD): $0.41 ($0.41128159779759904)

Claim Reward: 24 Claim(s) (WEI): 0.000222589064535648 WETH (222589064535648 wei)
Claim Reward: 24 Claim(s) (USD): $0.72 ($0.7223054765035265)

Next Claim Reward: 25 Claim(s) (WEI): 0.0002318636088913 WETH (231863608891300 wei)
Next Claim Reward: 25 Claim(s) (USD): $0.75 ($0.7524015380245068)

Net profit = (Gross Profit - Gas Cost [Avg])
$0.34 = ($0.75 - $0.41) $0.3411199402269078 = ($0.7524015380245068 - $0.41128159779759904)


5b. 26 Claim(s):

Total gas cost: 26 Claim(s) (USD): $0.43 ($0.42784235122199465)

Claim Reward: 25 Claim(s) (WEI): 0.0002318636088913 WETH (231863608891300 wei)
Claim Reward: 25 Claim(s) (USD): $0.75 ($0.7524015380245068)

Next Claim Reward: 26 Claim(s) (WEI): 0.000241138153246952 WETH (241138153246952 wei)
Next Claim Reward: 26 Claim(s) (USD): $0.78 ($0.782497599545487)

Net profit = (Gross Profit - Gas Cost [Avg])
$0.35 = ($0.78 - $0.43) $0.3546552483234924 = ($0.782497599545487 - $0.42784235122199465)


5b. 27 Claim(s):

Total gas cost: 27 Claim(s) (USD): $0.44 ($0.44440310464639027)

Claim Reward: 26 Claim(s) (WEI): 0.000241138153246952 WETH (241138153246952 wei)
Claim Reward: 26 Claim(s) (USD): $0.78 ($0.782497599545487)

Next Claim Reward: 27 Claim(s) (WEI): 0.000250412697602604 WETH (250412697602604 wei)
Next Claim Reward: 27 Claim(s) (USD): $0.81 ($0.8125936610664672)

Net profit = (Gross Profit - Gas Cost [Avg])
$0.37 = ($0.81 - $0.44) $0.368190556420077 = ($0.8125936610664672 - $0.44440310464639027)


5b. 28 Claim(s):

Total gas cost: 28 Claim(s) (USD): $0.46 ($0.4609638580707858)

Claim Reward: 27 Claim(s) (WEI): 0.000250412697602604 WETH (250412697602604 wei)
Claim Reward: 27 Claim(s) (USD): $0.81 ($0.8125936610664672)

Next Claim Reward: 28 Claim(s) (WEI): 0.000259687241958256 WETH (259687241958256 wei)
Next Claim Reward: 28 Claim(s) (USD): $0.84 ($0.8426897225874476)

Net profit = (Gross Profit - Gas Cost [Avg])
$0.38 = ($0.84 - $0.46) $0.38172586451666174 = ($0.8426897225874476 - $0.4609638580707858)


5b. 29 Claim(s):

Total gas cost: 29 Claim(s) (USD): $0.48 ($0.47752461149518144)

Claim Reward: 28 Claim(s) (WEI): 0.000259687241958256 WETH (259687241958256 wei)
Claim Reward: 28 Claim(s) (USD): $0.84 ($0.8426897225874476)

Next Claim Reward: 29 Claim(s) (WEI): 0.000268961786313908 WETH (268961786313908 wei)
Next Claim Reward: 29 Claim(s) (USD): $0.87 ($0.8727857841084279)

Net profit = (Gross Profit - Gas Cost [Avg])
$0.4 = ($0.87 - $0.48) $0.39526117261324645 = ($0.8727857841084279 - $0.47752461149518144)


5b. 30 Claim(s):

Total gas cost: 30 Claim(s) (USD): $0.49 ($0.49408536491957705)

Claim Reward: 29 Claim(s) (WEI): 0.000268961786313908 WETH (268961786313908 wei)
Claim Reward: 29 Claim(s) (USD): $0.87 ($0.8727857841084279)

Next Claim Reward: 30 Claim(s) (WEI): 0.00027823633066956 WETH (278236330669560 wei)
Next Claim Reward: 30 Claim(s) (USD): $0.9 ($0.9028818456294081)

Net profit = (Gross Profit - Gas Cost [Avg])
$0.41 = ($0.9 - $0.49) $0.40879648070983104 = ($0.9028818456294081 - $0.49408536491957705)

******************
5c. Profit/Loss (USD):

Net profit = (Gross Profit - Gas Cost [Max])
$0.38 = ($0.87 - $0.49) $0.37870041918885083 = ($0.8727857841084279 - $0.49408536491957705)

Submitting transaction to claim 29 prize(s):

0x33335296c9b020ca3252e4953c11decfdce816b8-0xf8567f5e29f1F622eFCa6A7363962d63Bcf912AB-5-854
0x33335296c9b020ca3252e4953c11decfdce816b8-0x976C0DCB7b77D80f6db9f30ca6D3ccce6489e4D5-5-392
0x33335296c9b020ca3252e4953c11decfdce816b8-0x23030c377B3b1960541f1369758AD2d1E2D1969e-5-815
0x33335296c9b020ca3252e4953c11decfdce816b8-0xBb4AF502D0Bd7537851303a45989F24ecffc933B-5-746
0x33335296c9b020ca3252e4953c11decfdce816b8-0x2520Ff1D8e4453C5B772A986D237B6cCb5D1F40e-5-906
0x33335296c9b020ca3252e4953c11decfdce816b8-0x28514501627f2cD4b9C27A2be66DE85364F9ddC1-5-158
0x33335296c9b020ca3252e4953c11decfdce816b8-0x7360b59e3831204BC862E4837d9BB6c43844e65a-5-579
0x33335296c9b020ca3252e4953c11decfdce816b8-0x34d8140D46610696B53246DEE36A0f599055fBa3-5-442
0x33335296c9b020ca3252e4953c11decfdce816b8-0x89163D17D44c1Aaaf2162C25ae90f36A8083588B-5-186
0x33335296c9b020ca3252e4953c11decfdce816b8-0x2B7a05795Bcdee5fd6e0911AC19ED60550589D78-5-994
0x33335296c9b020ca3252e4953c11decfdce816b8-0x636098294B67B5a923D011c19423E410Ef641c05-5-307
0x33335296c9b020ca3252e4953c11decfdce816b8-0xCd62D21F760FcEaC31361Fd05cB6dB4E45001F35-5-285
0x33335296c9b020ca3252e4953c11decfdce816b8-0x9ad6Cbf9c719C3bAF564b9fD5Ff399485C27d433-5-641
0x33335296c9b020ca3252e4953c11decfdce816b8-0x2b9b49D748214eac69d130A9667D5114ACCd5734-5-613
0x33335296c9b020ca3252e4953c11decfdce816b8-0xbD5f6b18B34b1E50a1742e782BC520fe57794410-5-693
0x33335296c9b020ca3252e4953c11decfdce816b8-0x8ff52E10Af596E8bBEb2C33f12bf82654C082682-5-577
0x33335296c9b020ca3252e4953c11decfdce816b8-0xA361712972A4f30Aa5387871a678f63224CEe5CD-5-309
0x33335296c9b020ca3252e4953c11decfdce816b8-0x6434517FB36271a8DF576A5c9f698E17596dD19e-5-538
0x33335296c9b020ca3252e4953c11decfdce816b8-0x2CD069Df9bD2fa1103Db5A0E464Bad509631aacB-5-99
0x33335296c9b020ca3252e4953c11decfdce816b8-0x2CD069Df9bD2fa1103Db5A0E464Bad509631aacB-5-616
0x33335296c9b020ca3252e4953c11decfdce816b8-0xB88370f56d5821BBbFb1c1a9c42B632eDe5a30f5-5-981
0x33335296c9b020ca3252e4953c11decfdce816b8-0x165288137B55e94Fb8FB9053A2A1Be784aD1e297-5-969
0x33335296c9b020ca3252e4953c11decfdce816b8-0x2f98E7C3982bB7EB8c07312318FB711A2d271612-5-355
0x33335296c9b020ca3252e4953c11decfdce816b8-0x7492B0c9833F5c60C518CffB9491151e73d320f7-5-586
0x33335296c9b020ca3252e4953c11decfdce816b8-0x3004d73D72dab0596a0EA41ff3571d4670097e59-5-813
0x33335296c9b020ca3252e4953c11decfdce816b8-0xB3D7625C208B826c3430c737b86f1F1273c8546d-5-562
0x33335296c9b020ca3252e4953c11decfdce816b8-0x409c38a5f7F7EBd70034AfE49E9817e5233Ba859-5-305
0x33335296c9b020ca3252e4953c11decfdce816b8-0xE462C6bd078247f73B15e2c6216d3b8Ca5962760-5-393
0x33335296c9b020ca3252e4953c11decfdce816b8-0xeeeA7f20660c9eBb28B53DDF39b13C2b6E577C25-5-906



Execute Claim Transaction for Tier #5 (Canary tier)



Transaction sent! ✔
Transaction hash: 0x31115aa7d3be69fe64ccc390a4176aecc2466bb3db50910304813a789b847786
Waiting on transaction to be confirmed ...
Tx confirmed !




******************
Processing:
Vault:     0x7fad91a4a29109303188d8758f1a9d60ce988349
Tier:      #5 (Canary tier)
# prizes:  141

5a. Calculating # of profitable claims ...

Native (Gas) Token ETH Market Rate (USD): $3244.89

Estimated gas limit (wei) (1 prize claim): 0.000000000000183642 ETH (183642 wei)
Estimated gas limit (wei) (2 prize claims): 0.000000000000269429 ETH (269429 wei)

Gas Cost: First Claim (wei): 0.000000000000183642 ETH (183642 wei)
Gas Cost: Each Following Claim (wei): 0.000000000000085787 ETH (85787 wei)

Gas Cost: First Claim (USD): $0.01 $0.012824722514740398
Gas Cost: Each Following Claim (USD): $0.02 $0.01528951976130827

5b. 1 Claim(s):

Total gas cost: 1 Claim(s) (USD): $0.01 ($0.012824722514740398)

Next Claim Reward: 1 Claim(s) (WEI): 0.000009274544355652 WETH (9274544355652 wei)
Next Claim Reward: 1 Claim(s) (USD): $0.03 ($0.030096061520980273)

Net profit = (Gross Profit - Gas Cost [Avg])
$0.02 = ($0.03 - $0.01) $0.017271339006239873 = ($0.030096061520980273 - $0.012824722514740398)


5b. 2 Claim(s):

Total gas cost: 2 Claim(s) (USD): $0.03 ($0.028114242276048668)

Claim Reward: 1 Claim(s) (WEI): 0.000009274544355652 WETH (9274544355652 wei)
Claim Reward: 1 Claim(s) (USD): $0.03 ($0.030096061520980273)

Next Claim Reward: 2 Claim(s) (WEI): 0.000018549088711304 WETH (18549088711304 wei)
Next Claim Reward: 2 Claim(s) (USD): $0.06 ($0.060192123041960546)

Net profit = (Gross Profit - Gas Cost [Avg])
$0.03 = ($0.06 - $0.03) $0.03207788076591188 = ($0.060192123041960546 - $0.028114242276048668)


5b. 3 Claim(s):

Total gas cost: 3 Claim(s) (USD): $0.04 ($0.043403762037356935)

Claim Reward: 2 Claim(s) (WEI): 0.000018549088711304 WETH (18549088711304 wei)
Claim Reward: 2 Claim(s) (USD): $0.06 ($0.060192123041960546)

Next Claim Reward: 3 Claim(s) (WEI): 0.000027823633066956 WETH (27823633066956 wei)
Next Claim Reward: 3 Claim(s) (USD): $0.09 ($0.09028818456294081)

Net profit = (Gross Profit - Gas Cost [Avg])
$0.05 = ($0.09 - $0.04) $0.04688442252558388 = ($0.09028818456294081 - $0.043403762037356935)


5b. 4 Claim(s):

Total gas cost: 4 Claim(s) (USD): $0.06 ($0.05869328179866521)

Claim Reward: 3 Claim(s) (WEI): 0.000027823633066956 WETH (27823633066956 wei)
Claim Reward: 3 Claim(s) (USD): $0.09 ($0.09028818456294081)

Next Claim Reward: 4 Claim(s) (WEI): 0.000037098177422608 WETH (37098177422608 wei)
Next Claim Reward: 4 Claim(s) (USD): $0.12 ($0.12038424608392109)

Net profit = (Gross Profit - Gas Cost [Avg])
$0.06 = ($0.12 - $0.06) $0.06169096428525588 = ($0.12038424608392109 - $0.05869328179866521)


5b. 5 Claim(s):

Total gas cost: 5 Claim(s) (USD): $0.07 ($0.07398280155997347)

Claim Reward: 4 Claim(s) (WEI): 0.000037098177422608 WETH (37098177422608 wei)
Claim Reward: 4 Claim(s) (USD): $0.12 ($0.12038424608392109)

Next Claim Reward: 5 Claim(s) (WEI): 0.00004637272177826 WETH (46372721778260 wei)
Next Claim Reward: 5 Claim(s) (USD): $0.15 ($0.15048030760490136)

Net profit = (Gross Profit - Gas Cost [Avg])
$0.08 = ($0.15 - $0.07) $0.07649750604492789 = ($0.15048030760490136 - $0.07398280155997347)


5b. 6 Claim(s):

Total gas cost: 6 Claim(s) (USD): $0.09 ($0.08927232132128175)

Claim Reward: 5 Claim(s) (WEI): 0.00004637272177826 WETH (46372721778260 wei)
Claim Reward: 5 Claim(s) (USD): $0.15 ($0.15048030760490136)

Next Claim Reward: 6 Claim(s) (WEI): 0.000055647266133912 WETH (55647266133912 wei)
Next Claim Reward: 6 Claim(s) (USD): $0.18 ($0.18057636912588163)

Net profit = (Gross Profit - Gas Cost [Avg])
$0.09 = ($0.18 - $0.09) $0.09130404780459987 = ($0.18057636912588163 - $0.08927232132128175)


5b. 7 Claim(s):

Total gas cost: 7 Claim(s) (USD): $0.1 ($0.10456184108259002)

Claim Reward: 6 Claim(s) (WEI): 0.000055647266133912 WETH (55647266133912 wei)
Claim Reward: 6 Claim(s) (USD): $0.18 ($0.18057636912588163)

Next Claim Reward: 7 Claim(s) (WEI): 0.000064921810489564 WETH (64921810489564 wei)
Next Claim Reward: 7 Claim(s) (USD): $0.21 ($0.2106724306468619)

Net profit = (Gross Profit - Gas Cost [Avg])
$0.11 = ($0.21 - $0.1) $0.10611058956427187 = ($0.2106724306468619 - $0.10456184108259002)


5b. 8 Claim(s):

Total gas cost: 8 Claim(s) (USD): $0.12 ($0.11985136084389829)

Claim Reward: 7 Claim(s) (WEI): 0.000064921810489564 WETH (64921810489564 wei)
Claim Reward: 7 Claim(s) (USD): $0.21 ($0.2106724306468619)

Next Claim Reward: 8 Claim(s) (WEI): 0.000074196354845216 WETH (74196354845216 wei)
Next Claim Reward: 8 Claim(s) (USD): $0.24 ($0.24076849216784219)

Net profit = (Gross Profit - Gas Cost [Avg])
$0.12 = ($0.24 - $0.12) $0.1209171313239439 = ($0.24076849216784219 - $0.11985136084389829)


5b. 9 Claim(s):

Total gas cost: 9 Claim(s) (USD): $0.14 ($0.13514088060520654)

Claim Reward: 8 Claim(s) (WEI): 0.000074196354845216 WETH (74196354845216 wei)
Claim Reward: 8 Claim(s) (USD): $0.24 ($0.24076849216784219)

Next Claim Reward: 9 Claim(s) (WEI): 0.000083470899200868 WETH (83470899200868 wei)
Next Claim Reward: 9 Claim(s) (USD): $0.27 ($0.27086455368882245)

Net profit = (Gross Profit - Gas Cost [Avg])
$0.14 = ($0.27 - $0.14) $0.1357236730836159 = ($0.27086455368882245 - $0.13514088060520654)


5b. 10 Claim(s):

Total gas cost: 10 Claim(s) (USD): $0.15 ($0.15043040036651484)

Claim Reward: 9 Claim(s) (WEI): 0.000083470899200868 WETH (83470899200868 wei)
Claim Reward: 9 Claim(s) (USD): $0.27 ($0.27086455368882245)

Next Claim Reward: 10 Claim(s) (WEI): 0.00009274544355652 WETH (92745443556520 wei)
Next Claim Reward: 10 Claim(s) (USD): $0.3 ($0.3009606152098027)

Net profit = (Gross Profit - Gas Cost [Avg])
$0.15 = ($0.3 - $0.15) $0.15053021484328788 = ($0.3009606152098027 - $0.15043040036651484)


5b. 11 Claim(s):

Total gas cost: 11 Claim(s) (USD): $0.17 ($0.1657199201278231)

Claim Reward: 10 Claim(s) (WEI): 0.00009274544355652 WETH (92745443556520 wei)
Claim Reward: 10 Claim(s) (USD): $0.3 ($0.3009606152098027)

Next Claim Reward: 11 Claim(s) (WEI): 0.000102019987912172 WETH (102019987912172 wei)
Next Claim Reward: 11 Claim(s) (USD): $0.33 ($0.331056676730783)

Net profit = (Gross Profit - Gas Cost [Avg])
$0.17 = ($0.33 - $0.17) $0.16533675660295988 = ($0.331056676730783 - $0.1657199201278231)


5b. 12 Claim(s):

Total gas cost: 12 Claim(s) (USD): $0.18 ($0.18100943988913137)

Claim Reward: 11 Claim(s) (WEI): 0.000102019987912172 WETH (102019987912172 wei)
Claim Reward: 11 Claim(s) (USD): $0.33 ($0.331056676730783)

Next Claim Reward: 12 Claim(s) (WEI): 0.000111294532267824 WETH (111294532267824 wei)
Next Claim Reward: 12 Claim(s) (USD): $0.36 ($0.36115273825176325)

Net profit = (Gross Profit - Gas Cost [Avg])
$0.18 = ($0.36 - $0.18) $0.18014329836263188 = ($0.36115273825176325 - $0.18100943988913137)


5b. 13 Claim(s):

Total gas cost: 13 Claim(s) (USD): $0.2 ($0.19629895965043964)

Claim Reward: 12 Claim(s) (WEI): 0.000111294532267824 WETH (111294532267824 wei)
Claim Reward: 12 Claim(s) (USD): $0.36 ($0.36115273825176325)

Next Claim Reward: 13 Claim(s) (WEI): 0.000120569076623476 WETH (120569076623476 wei)
Next Claim Reward: 13 Claim(s) (USD): $0.39 ($0.3912487997727435)

Net profit = (Gross Profit - Gas Cost [Avg])
$0.19 = ($0.39 - $0.2) $0.19494984012230387 = ($0.3912487997727435 - $0.19629895965043964)


5b. 14 Claim(s):

Total gas cost: 14 Claim(s) (USD): $0.21 ($0.2115884794117479)

Claim Reward: 13 Claim(s) (WEI): 0.000120569076623476 WETH (120569076623476 wei)
Claim Reward: 13 Claim(s) (USD): $0.39 ($0.3912487997727435)

Next Claim Reward: 14 Claim(s) (WEI): 0.000129843620979128 WETH (129843620979128 wei)
Next Claim Reward: 14 Claim(s) (USD): $0.42 ($0.4213448612937238)

Net profit = (Gross Profit - Gas Cost [Avg])
$0.21 = ($0.42 - $0.21) $0.20975638188197587 = ($0.4213448612937238 - $0.2115884794117479)


5b. 15 Claim(s):

Total gas cost: 15 Claim(s) (USD): $0.23 ($0.22687799917305618)

Claim Reward: 14 Claim(s) (WEI): 0.000129843620979128 WETH (129843620979128 wei)
Claim Reward: 14 Claim(s) (USD): $0.42 ($0.4213448612937238)

Next Claim Reward: 15 Claim(s) (WEI): 0.00013911816533478 WETH (139118165334780 wei)
Next Claim Reward: 15 Claim(s) (USD): $0.45 ($0.45144092281470405)

Net profit = (Gross Profit - Gas Cost [Avg])
$0.22 = ($0.45 - $0.23) $0.22456292364164787 = ($0.45144092281470405 - $0.22687799917305618)


5b. 16 Claim(s):

Total gas cost: 16 Claim(s) (USD): $0.24 ($0.24216751893436445)

Claim Reward: 15 Claim(s) (WEI): 0.00013911816533478 WETH (139118165334780 wei)
Claim Reward: 15 Claim(s) (USD): $0.45 ($0.45144092281470405)

Next Claim Reward: 16 Claim(s) (WEI): 0.000148392709690432 WETH (148392709690432 wei)
Next Claim Reward: 16 Claim(s) (USD): $0.48 ($0.48153698433568437)

Net profit = (Gross Profit - Gas Cost [Avg])
$0.24 = ($0.48 - $0.24) $0.23936946540131993 = ($0.48153698433568437 - $0.24216751893436445)


5b. 17 Claim(s):

Total gas cost: 17 Claim(s) (USD): $0.26 ($0.2574570386956727)

Claim Reward: 16 Claim(s) (WEI): 0.000148392709690432 WETH (148392709690432 wei)
Claim Reward: 16 Claim(s) (USD): $0.48 ($0.48153698433568437)

Next Claim Reward: 17 Claim(s) (WEI): 0.000157667254046084 WETH (157667254046084 wei)
Next Claim Reward: 17 Claim(s) (USD): $0.51 ($0.5116330458566647)

Net profit = (Gross Profit - Gas Cost [Avg])
$0.25 = ($0.51 - $0.26) $0.254176007160992 = ($0.5116330458566647 - $0.2574570386956727)


5b. 18 Claim(s):

Total gas cost: 18 Claim(s) (USD): $0.27 ($0.272746558456981)

Claim Reward: 17 Claim(s) (WEI): 0.000157667254046084 WETH (157667254046084 wei)
Claim Reward: 17 Claim(s) (USD): $0.51 ($0.5116330458566647)

Next Claim Reward: 18 Claim(s) (WEI): 0.000166941798401736 WETH (166941798401736 wei)
Next Claim Reward: 18 Claim(s) (USD): $0.54 ($0.5417291073776449)

Net profit = (Gross Profit - Gas Cost [Avg])
$0.27 = ($0.54 - $0.27) $0.2689825489206639 = ($0.5417291073776449 - $0.272746558456981)


5b. 19 Claim(s):

Total gas cost: 19 Claim(s) (USD): $0.29 ($0.28803607821828925)

Claim Reward: 18 Claim(s) (WEI): 0.000166941798401736 WETH (166941798401736 wei)
Claim Reward: 18 Claim(s) (USD): $0.54 ($0.5417291073776449)

Next Claim Reward: 19 Claim(s) (WEI): 0.000176216342757388 WETH (176216342757388 wei)
Next Claim Reward: 19 Claim(s) (USD): $0.57 ($0.5718251688986251)

Net profit = (Gross Profit - Gas Cost [Avg])
$0.28 = ($0.57 - $0.29) $0.28378909068033586 = ($0.5718251688986251 - $0.28803607821828925)


5b. 20 Claim(s):

Total gas cost: 20 Claim(s) (USD): $0.3 ($0.3033255979795975)

Claim Reward: 19 Claim(s) (WEI): 0.000176216342757388 WETH (176216342757388 wei)
Claim Reward: 19 Claim(s) (USD): $0.57 ($0.5718251688986251)

Next Claim Reward: 20 Claim(s) (WEI): 0.00018549088711304 WETH (185490887113040 wei)
Next Claim Reward: 20 Claim(s) (USD): $0.6 ($0.6019212304196054)

Net profit = (Gross Profit - Gas Cost [Avg])
$0.3 = ($0.6 - $0.3) $0.2985956324400079 = ($0.6019212304196054 - $0.3033255979795975)


5b. 21 Claim(s):

Total gas cost: 21 Claim(s) (USD): $0.32 ($0.3186151177409058)

Claim Reward: 20 Claim(s) (WEI): 0.00018549088711304 WETH (185490887113040 wei)
Claim Reward: 20 Claim(s) (USD): $0.6 ($0.6019212304196054)

Next Claim Reward: 21 Claim(s) (WEI): 0.000194765431468692 WETH (194765431468692 wei)
Next Claim Reward: 21 Claim(s) (USD): $0.63 ($0.6320172919405858)

Net profit = (Gross Profit - Gas Cost [Avg])
$0.31 = ($0.63 - $0.32) $0.31340217419968 = ($0.6320172919405858 - $0.3186151177409058)


5b. 22 Claim(s):

Total gas cost: 22 Claim(s) (USD): $0.33 ($0.33390463750221405)

Claim Reward: 21 Claim(s) (WEI): 0.000194765431468692 WETH (194765431468692 wei)
Claim Reward: 21 Claim(s) (USD): $0.63 ($0.6320172919405858)

Next Claim Reward: 22 Claim(s) (WEI): 0.000204039975824344 WETH (204039975824344 wei)
Next Claim Reward: 22 Claim(s) (USD): $0.66 ($0.662113353461566)

Net profit = (Gross Profit - Gas Cost [Avg])
$0.33 = ($0.66 - $0.33) $0.3282087159593519 = ($0.662113353461566 - $0.33390463750221405)


5b. 23 Claim(s):

Total gas cost: 23 Claim(s) (USD): $0.35 ($0.3491941572635223)

Claim Reward: 22 Claim(s) (WEI): 0.000204039975824344 WETH (204039975824344 wei)
Claim Reward: 22 Claim(s) (USD): $0.66 ($0.662113353461566)

Next Claim Reward: 23 Claim(s) (WEI): 0.000213314520179996 WETH (213314520179996 wei)
Next Claim Reward: 23 Claim(s) (USD): $0.69 ($0.6922094149825463)

Net profit = (Gross Profit - Gas Cost [Avg])
$0.34 = ($0.69 - $0.35) $0.34301525771902397 = ($0.6922094149825463 - $0.3491941572635223)


5b. 24 Claim(s):

Total gas cost: 24 Claim(s) (USD): $0.36 ($0.3644836770248306)

Claim Reward: 23 Claim(s) (WEI): 0.000213314520179996 WETH (213314520179996 wei)
Claim Reward: 23 Claim(s) (USD): $0.69 ($0.6922094149825463)

Next Claim Reward: 24 Claim(s) (WEI): 0.000222589064535648 WETH (222589064535648 wei)
Next Claim Reward: 24 Claim(s) (USD): $0.72 ($0.7223054765035265)

Net profit = (Gross Profit - Gas Cost [Avg])
$0.36 = ($0.72 - $0.36) $0.3578217994786959 = ($0.7223054765035265 - $0.3644836770248306)


5b. 25 Claim(s):

Total gas cost: 25 Claim(s) (USD): $0.38 ($0.37977319678613886)

Claim Reward: 24 Claim(s) (WEI): 0.000222589064535648 WETH (222589064535648 wei)
Claim Reward: 24 Claim(s) (USD): $0.72 ($0.7223054765035265)

Next Claim Reward: 25 Claim(s) (WEI): 0.0002318636088913 WETH (231863608891300 wei)
Next Claim Reward: 25 Claim(s) (USD): $0.75 ($0.7524015380245068)

Net profit = (Gross Profit - Gas Cost [Avg])
$0.37 = ($0.75 - $0.38) $0.37262834123836797 = ($0.7524015380245068 - $0.37977319678613886)


5b. 26 Claim(s):

Total gas cost: 26 Claim(s) (USD): $0.4 ($0.3950627165474471)

Claim Reward: 25 Claim(s) (WEI): 0.0002318636088913 WETH (231863608891300 wei)
Claim Reward: 25 Claim(s) (USD): $0.75 ($0.7524015380245068)

Next Claim Reward: 26 Claim(s) (WEI): 0.000241138153246952 WETH (241138153246952 wei)
Next Claim Reward: 26 Claim(s) (USD): $0.78 ($0.782497599545487)

Net profit = (Gross Profit - Gas Cost [Avg])
$0.39 = ($0.78 - $0.4) $0.3874348829980399 = ($0.782497599545487 - $0.3950627165474471)


5b. 27 Claim(s):

Total gas cost: 27 Claim(s) (USD): $0.41 ($0.4103522363087554)

Claim Reward: 26 Claim(s) (WEI): 0.000241138153246952 WETH (241138153246952 wei)
Claim Reward: 26 Claim(s) (USD): $0.78 ($0.782497599545487)

Next Claim Reward: 27 Claim(s) (WEI): 0.000250412697602604 WETH (250412697602604 wei)
Next Claim Reward: 27 Claim(s) (USD): $0.81 ($0.8125936610664672)

Net profit = (Gross Profit - Gas Cost [Avg])
$0.4 = ($0.81 - $0.41) $0.40224142475771185 = ($0.8125936610664672 - $0.4103522363087554)


5b. 28 Claim(s):

Total gas cost: 28 Claim(s) (USD): $0.43 ($0.42564175607006366)

Claim Reward: 27 Claim(s) (WEI): 0.000250412697602604 WETH (250412697602604 wei)
Claim Reward: 27 Claim(s) (USD): $0.81 ($0.8125936610664672)

Next Claim Reward: 28 Claim(s) (WEI): 0.000259687241958256 WETH (259687241958256 wei)
Next Claim Reward: 28 Claim(s) (USD): $0.84 ($0.8426897225874476)

Net profit = (Gross Profit - Gas Cost [Avg])
$0.42 = ($0.84 - $0.43) $0.4170479665173839 = ($0.8426897225874476 - $0.42564175607006366)


5b. 29 Claim(s):

Total gas cost: 29 Claim(s) (USD): $0.44 ($0.4409312758313719)

Claim Reward: 28 Claim(s) (WEI): 0.000259687241958256 WETH (259687241958256 wei)
Claim Reward: 28 Claim(s) (USD): $0.84 ($0.8426897225874476)

Next Claim Reward: 29 Claim(s) (WEI): 0.000268961786313908 WETH (268961786313908 wei)
Next Claim Reward: 29 Claim(s) (USD): $0.87 ($0.8727857841084279)

Net profit = (Gross Profit - Gas Cost [Avg])
$0.43 = ($0.87 - $0.44) $0.43185450827705596 = ($0.8727857841084279 - $0.4409312758313719)


5b. 30 Claim(s):

Total gas cost: 30 Claim(s) (USD): $0.46 ($0.4562207955926802)

Claim Reward: 29 Claim(s) (WEI): 0.000268961786313908 WETH (268961786313908 wei)
Claim Reward: 29 Claim(s) (USD): $0.87 ($0.8727857841084279)

Next Claim Reward: 30 Claim(s) (WEI): 0.00027823633066956 WETH (278236330669560 wei)
Next Claim Reward: 30 Claim(s) (USD): $0.9 ($0.9028818456294081)

Net profit = (Gross Profit - Gas Cost [Avg])
$0.45 = ($0.9 - $0.46) $0.4466610500367279 = ($0.9028818456294081 - $0.4562207955926802)

******************
5c. Profit/Loss (USD):

Net profit = (Gross Profit - Gas Cost [Max])
$0.42 = ($0.87 - $0.46) $0.4165649885157477 = ($0.8727857841084279 - $0.4562207955926802)

Submitting transaction to claim 29 prize(s):

0x7fad91a4a29109303188d8758f1a9d60ce988349-0x4fBcBf4021A49e322ca57938B605e76EeF2c2a1C-5-706
0x7fad91a4a29109303188d8758f1a9d60ce988349-0x84aeBefe014c7181738097F7B391b5487175c107-5-18
0x7fad91a4a29109303188d8758f1a9d60ce988349-0x1FA5dB8cCD060FCD608F7309b7357a6A89357B9c-5-870
0x7fad91a4a29109303188d8758f1a9d60ce988349-0x39ea399297B11d5D7fd89C01db49e7ECc938cbf6-5-353
0x7fad91a4a29109303188d8758f1a9d60ce988349-0x39ea399297B11d5D7fd89C01db49e7ECc938cbf6-5-735
0x7fad91a4a29109303188d8758f1a9d60ce988349-0xb9329Ae1Dc02Cc9fd7ceC4A41116dAeCd74fe8B5-5-28
0x7fad91a4a29109303188d8758f1a9d60ce988349-0xcEE0587f1024B706a96F81e2AAD50Ce885CDBaA7-5-430
0x7fad91a4a29109303188d8758f1a9d60ce988349-0xec83611FD2e52Ae457D7B548D9a4B94A4Fb73927-5-503
0x7fad91a4a29109303188d8758f1a9d60ce988349-0xec83611FD2e52Ae457D7B548D9a4B94A4Fb73927-5-761
0x7fad91a4a29109303188d8758f1a9d60ce988349-0x0f01b03b7A99091c0b6453f389c7321cCCEC942E-5-32
0x7fad91a4a29109303188d8758f1a9d60ce988349-0xb5Ac2948F665bEeDF71738Cfc78eE7eA3d5275cA-5-112
0x7fad91a4a29109303188d8758f1a9d60ce988349-0xbB472004507655dbf20C4943EAA323b60b53286E-5-688
0x7fad91a4a29109303188d8758f1a9d60ce988349-0xba33bDcAC4eC85e046aE5371e6C79564dB1c891d-5-117
0x7fad91a4a29109303188d8758f1a9d60ce988349-0x0174aC5F011A59ff9632944d80459608F572ba02-5-770
0x7fad91a4a29109303188d8758f1a9d60ce988349-0x9dD5584F39288fe47b4C2a958FCAB5662C38Ad11-5-34
0x7fad91a4a29109303188d8758f1a9d60ce988349-0x9fE6584A9C894a24FE38dC7E11CB886bd66686BC-5-124
0x7fad91a4a29109303188d8758f1a9d60ce988349-0x7Bf84477A98645C89De271BbFe8F8E35D7935E27-5-432
0x7fad91a4a29109303188d8758f1a9d60ce988349-0xBAcF00a4aaA308030608f03B6a70c4958d146EAA-5-989
0x7fad91a4a29109303188d8758f1a9d60ce988349-0x1cd775fD4385Ec148cf80926Faf5dD516BEa1f67-5-545
0x7fad91a4a29109303188d8758f1a9d60ce988349-0x6f29f2eC54954aA1a69Ba2aFdd6F786f7Ea68967-5-472
0x7fad91a4a29109303188d8758f1a9d60ce988349-0x7f79E4A3B998f604c162Ca77B62bEaAd0d7A6E9A-5-712
0x7fad91a4a29109303188d8758f1a9d60ce988349-0x6aa9E9240E8c86255a4556561a5a2b24cdf7dfC0-5-112
0x7fad91a4a29109303188d8758f1a9d60ce988349-0x58A02e8E3EC28cdD81A91617Cd0f3CEbebA8A2dB-5-661
0x7fad91a4a29109303188d8758f1a9d60ce988349-0x06eF38928a92af63e53289d114b60021d4fde23f-5-241
0x7fad91a4a29109303188d8758f1a9d60ce988349-0xB0Add5700499beA7100744d9EaE46960125a0B3E-5-390
0x7fad91a4a29109303188d8758f1a9d60ce988349-0x1E1aEb16ba84f035D9dC69e04223C555C09E9A97-5-550
0x7fad91a4a29109303188d8758f1a9d60ce988349-0x574CfDA49594Fc1F947989DcFD404E709C331f16-5-513
0x7fad91a4a29109303188d8758f1a9d60ce988349-0x59639eD1cb16229A54887107B640764305f534F2-5-783
0x7fad91a4a29109303188d8758f1a9d60ce988349-0x2750E8F44A032Cc68dEA46DC196560f5a0a7c7D0-5-824



Execute Claim Transaction for Tier #5 (Canary tier)



Transaction sent! ✔
Transaction hash: 0xbae1faf54939242754cff7a4bca9d0f842267efbc12a0e1c3bdc6c3fd27a5681
Waiting on transaction to be confirmed ...
Tx confirmed !




******************
Processing:
Vault:     0x33335296c9b020ca3252e4953c11decfdce816b8
Tier:      #6 (Canary tier)
# prizes:  1594

5a. Calculating # of profitable claims ...

Native (Gas) Token ETH Market Rate (USD): $3244.89

Estimated gas limit (wei) (1 prize claim): 0.000000000000189124 ETH (189124 wei)
Estimated gas limit (wei) (2 prize claims): 0.000000000000275567 ETH (275567 wei)

Gas Cost: First Claim (wei): 0.000000000000189124 ETH (189124 wei)
Gas Cost: Each Following Claim (wei): 0.000000000000086443 ETH (86443 wei)

Gas Cost: First Claim (USD): $0.01 $0.012842515484419115
Gas Cost: Each Following Claim (USD): $0.02 $0.015333385035190345

5b. 1 Claim(s):

Total gas cost: 1 Claim(s) (USD): $0.01 ($0.012842515484419115)

Next Claim Reward: 1 Claim(s) (WEI): 0.000002318636088913 WETH (2318636088913 wei)
Next Claim Reward: 1 Claim(s) (USD): $0.01 ($0.007524015380245068)

Net profit = (Gross Profit - Gas Cost [Avg])
$-0.01 = ($0.01 - $0.01) $-0.0053185001041740464 = ($0.007524015380245068 - $0.012842515484419115)

******************
5c. Profit/Loss (USD):

Net profit = (Gross Profit - Gas Cost [Max])
$-0.01 = ($0 - $0.01) $-0.012842515484419115 = ($0 - $0.012842515484419115)

Claiming tier #6 (Canary tier) currently not profitable.
Not profitable to claim for Draw #14, Tier: #6 (Canary tier)




******************
Processing:
Vault:     0x75b2f4b3ec5adf7077f928992524cc547e74f768
Tier:      #6 (Canary tier)
# prizes:  309

Tier #6 (Canary tier) not profitable, skipping ...





******************
Processing:
Vault:     0x7fad91a4a29109303188d8758f1a9d60ce988349
Tier:      #6 (Canary tier)
# prizes:  2109

Tier #6 (Canary tier) not profitable, skipping ...

