Operating on: 11155420 - Optimism Sepolia

Config - REWARD_RECIPIENT not provided, setting swap recipient to relayer address: 0x06003274c3a7926c04cA8d6903cc691fE8f3CEC2
Config - MIN_PROFIT_THRESHOLD_USD: -0.3

Starting ...
Getting prize pool info ...
Getting prize context ...

******************
1. Prize token: WETH

┌────────────┬──────────────────────────────────────────────┬──────────┬─────────────────┬────────┬──────────────┐
│ (index)    │ address                                      │ decimals │ name            │ symbol │ assetRateUsd │
├────────────┼──────────────────────────────────────────────┼──────────┼─────────────────┼────────┼──────────────┤
│ prizeToken │ '0xC355F97a3Aa2808Acb536E555764b8FB26fB4b37' │ 18       │ 'Wrapped Ether' │ 'WETH' │ 3147.188     │
└────────────┴──────────────────────────────────────────────┴──────────┴─────────────────┴────────┴──────────────┘
┌─────────┬──────────┬───────────────────────────────┐
│ (index) │ numTiers │ tiersRangeArray               │
├─────────┼──────────┼───────────────────────────────┤
│ tiers   │ 7        │ [ 0, 1, 2, ... 4 more items ] │
└─────────┴──────────┴───────────────────────────────┘
Draw ID: 14
Prize Token WETH MarketRate USD:  $3147.188

******************
Getting prize vaults ...
Found 6 prize vaults.

458 prizes already claimed for draw #14.
5013 prizes remaining to be claimed...




******************
Processing:
Vault:     0x33335296c9b020ca3252e4953c11decfdce816b8
Tier:      #4
# prizes:  1

5a. Calculating # of profitable claims ...

Native (Gas) Token ETH Market Rate (USD): $3149.83

Estimated gas limit (wei) (1 prize claim): 0.000000000000230877 ETH (230877 wei)

Gas Cost: First Claim (wei): 0.000000000000230877 ETH (230877 wei)

Gas Cost: First Claim (USD): $0.01 $0.012101014988009518

5b. 1 Claim(s):

Total gas cost: 1 Claim(s) (USD): $0.01 ($0.012101014988009518)

Next Claim Reward: 1 Claim(s) (WEI): 0.000092745443556529 WETH (92745443556529 wei)
Next Claim Reward: 1 Claim(s) (USD): $0.29 ($0.2918873470157854)

Net profit = (Gross Profit - Gas Cost [Avg])
$0.28 = ($0.29 - $0.01) $0.27978633202777586 = ($0.2918873470157854 - $0.012101014988009518)


******************
5c. Profit/Loss (USD):

Net profit = (Gross Profit - Gas Cost [Max])
$0.28 = ($0.29 - $0.01) $0.27978633202777586 = ($0.2918873470157854 - $0.012101014988009518)

Claiming tier #4 currently not profitable.

Execute Claim Transaction for Tier #4



Transaction sent! ✔
Transaction hash: 0xd9db0d96efcaa18ce51b11357f15b45b9df7e0e947a48fadc75ea0b8489ed04b
Waiting on transaction to be confirmed ...
Tx confirmed !




******************
Processing:
Vault:     0x7fad91a4a29109303188d8758f1a9d60ce988349
Tier:      #4
# prizes:  69

5a. Calculating # of profitable claims ...

Native (Gas) Token ETH Market Rate (USD): $3149.83

Estimated gas limit (wei) (1 prize claim): 0.000000000000230877 ETH (230877 wei)
Estimated gas limit (wei) (2 prize claims): 0.000000000000338181 ETH (338181 wei)

Gas Cost: First Claim (wei): 0.000000000000230877 ETH (230877 wei)
Gas Cost: Each Following Claim (wei): 0.000000000000107304 ETH (107304 wei)

Gas Cost: First Claim (USD): $0.01 $0.012101014988009518
Gas Cost: Each Following Claim (USD): $0.01 $0.014308397211167535

5b. 1 Claim(s):

Total gas cost: 1 Claim(s) (USD): $0.01 ($0.012101014988009518)

Next Claim Reward: 1 Claim(s) (WEI): 0.000092745443556529 WETH (92745443556529 wei)
Next Claim Reward: 1 Claim(s) (USD): $0.29 ($0.2918873470157854)

Net profit = (Gross Profit - Gas Cost [Avg])
$0.28 = ($0.29 - $0.01) $0.27978633202777586 = ($0.2918873470157854 - $0.012101014988009518)


5b. 2 Claim(s):

Total gas cost: 2 Claim(s) (USD): $0.03 ($0.026409412199177053)

Claim Reward: 1 Claim(s) (WEI): 0.000092745443556529 WETH (92745443556529 wei)
Claim Reward: 1 Claim(s) (USD): $0.29 ($0.2918873470157854)

Next Claim Reward: 2 Claim(s) (WEI): 0.000185490887113058 WETH (185490887113058 wei)
Next Claim Reward: 2 Claim(s) (USD): $0.58 ($0.5837746940315708)

Net profit = (Gross Profit - Gas Cost [Avg])
$0.56 = ($0.58 - $0.03) $0.5573652818323938 = ($0.5837746940315708 - $0.026409412199177053)


5b. 3 Claim(s):

Total gas cost: 3 Claim(s) (USD): $0.04 ($0.040717809410344585)

Claim Reward: 2 Claim(s) (WEI): 0.000185490887113058 WETH (185490887113058 wei)
Claim Reward: 2 Claim(s) (USD): $0.58 ($0.5837746940315708)

Next Claim Reward: 3 Claim(s) (WEI): 0.000278236330669587 WETH (278236330669587 wei)
Next Claim Reward: 3 Claim(s) (USD): $0.88 ($0.8756620410473561)

Net profit = (Gross Profit - Gas Cost [Avg])
$0.83 = ($0.88 - $0.04) $0.8349442316370115 = ($0.8756620410473561 - $0.040717809410344585)


5b. 4 Claim(s):

Total gas cost: 4 Claim(s) (USD): $0.06 ($0.05502620662151213)

Claim Reward: 3 Claim(s) (WEI): 0.000278236330669587 WETH (278236330669587 wei)
Claim Reward: 3 Claim(s) (USD): $0.88 ($0.8756620410473561)

Next Claim Reward: 4 Claim(s) (WEI): 0.000370981774226116 WETH (370981774226116 wei)
Next Claim Reward: 4 Claim(s) (USD): $1.17 ($1.1675493880631416)

Net profit = (Gross Profit - Gas Cost [Avg])
$1.11 = ($1.17 - $0.06) $1.1125231814416294 = ($1.1675493880631416 - $0.05502620662151213)


5b. 5 Claim(s):

Total gas cost: 5 Claim(s) (USD): $0.07 ($0.06933460383267966)

Claim Reward: 4 Claim(s) (WEI): 0.000370981774226116 WETH (370981774226116 wei)
Claim Reward: 4 Claim(s) (USD): $1.17 ($1.1675493880631416)

Next Claim Reward: 5 Claim(s) (WEI): 0.000463727217782645 WETH (463727217782645 wei)
Next Claim Reward: 5 Claim(s) (USD): $1.46 ($1.459436735078927)

Net profit = (Gross Profit - Gas Cost [Avg])
$1.39 = ($1.46 - $0.07) $1.3901021312462474 = ($1.459436735078927 - $0.06933460383267966)


5b. 6 Claim(s):

Total gas cost: 6 Claim(s) (USD): $0.08 ($0.08364300104384718)

Claim Reward: 5 Claim(s) (WEI): 0.000463727217782645 WETH (463727217782645 wei)
Claim Reward: 5 Claim(s) (USD): $1.46 ($1.459436735078927)

Next Claim Reward: 6 Claim(s) (WEI): 0.000556472661339174 WETH (556472661339174 wei)
Next Claim Reward: 6 Claim(s) (USD): $1.75 ($1.7513240820947122)

Net profit = (Gross Profit - Gas Cost [Avg])
$1.67 = ($1.75 - $0.08) $1.667681081050865 = ($1.7513240820947122 - $0.08364300104384718)


5b. 7 Claim(s):

Total gas cost: 7 Claim(s) (USD): $0.1 ($0.09795139825501473)

Claim Reward: 6 Claim(s) (WEI): 0.000556472661339174 WETH (556472661339174 wei)
Claim Reward: 6 Claim(s) (USD): $1.75 ($1.7513240820947122)

Next Claim Reward: 7 Claim(s) (WEI): 0.000649218104895703 WETH (649218104895703 wei)
Next Claim Reward: 7 Claim(s) (USD): $2.04 ($2.0432114291104977)

Net profit = (Gross Profit - Gas Cost [Avg])
$1.95 = ($2.04 - $0.1) $1.945260030855483 = ($2.0432114291104977 - $0.09795139825501473)


5b. 8 Claim(s):

Total gas cost: 8 Claim(s) (USD): $0.11 ($0.11225979546618227)

Claim Reward: 7 Claim(s) (WEI): 0.000649218104895703 WETH (649218104895703 wei)
Claim Reward: 7 Claim(s) (USD): $2.04 ($2.0432114291104977)

Next Claim Reward: 8 Claim(s) (WEI): 0.000741963548452232 WETH (741963548452232 wei)
Next Claim Reward: 8 Claim(s) (USD): $2.34 ($2.335098776126283)

Net profit = (Gross Profit - Gas Cost [Avg])
$2.22 = ($2.34 - $0.11) $2.222838980660101 = ($2.335098776126283 - $0.11225979546618227)


5b. 9 Claim(s):

Total gas cost: 9 Claim(s) (USD): $0.13 ($0.1265681926773498)

Claim Reward: 8 Claim(s) (WEI): 0.000741963548452232 WETH (741963548452232 wei)
Claim Reward: 8 Claim(s) (USD): $2.34 ($2.335098776126283)

Next Claim Reward: 9 Claim(s) (WEI): 0.000834708992008761 WETH (834708992008761 wei)
Next Claim Reward: 9 Claim(s) (USD): $2.63 ($2.6269861231420686)

Net profit = (Gross Profit - Gas Cost [Avg])
$2.5 = ($2.63 - $0.13) $2.5004179304647187 = ($2.6269861231420686 - $0.1265681926773498)


5b. 10 Claim(s):

Total gas cost: 10 Claim(s) (USD): $0.14 ($0.14087658988851734)

Claim Reward: 9 Claim(s) (WEI): 0.000834708992008761 WETH (834708992008761 wei)
Claim Reward: 9 Claim(s) (USD): $2.63 ($2.6269861231420686)

Next Claim Reward: 10 Claim(s) (WEI): 0.00092745443556529 WETH (927454435565290 wei)
Next Claim Reward: 10 Claim(s) (USD): $2.92 ($2.918873470157854)

Net profit = (Gross Profit - Gas Cost [Avg])
$2.78 = ($2.92 - $0.14) $2.777996880269337 = ($2.918873470157854 - $0.14087658988851734)


5b. 11 Claim(s):

Total gas cost: 11 Claim(s) (USD): $0.16 ($0.15518498709968487)

Claim Reward: 10 Claim(s) (WEI): 0.00092745443556529 WETH (927454435565290 wei)
Claim Reward: 10 Claim(s) (USD): $2.92 ($2.918873470157854)

Next Claim Reward: 11 Claim(s) (WEI): 0.001020199879121819 WETH (1020199879121819 wei)
Next Claim Reward: 11 Claim(s) (USD): $3.21 ($3.2107608171736395)

Net profit = (Gross Profit - Gas Cost [Avg])
$3.06 = ($3.21 - $0.16) $3.0555758300739546 = ($3.2107608171736395 - $0.15518498709968487)


5b. 12 Claim(s):

Total gas cost: 12 Claim(s) (USD): $0.17 ($0.16949338431085242)

Claim Reward: 11 Claim(s) (WEI): 0.001020199879121819 WETH (1020199879121819 wei)
Claim Reward: 11 Claim(s) (USD): $3.21 ($3.2107608171736395)

Next Claim Reward: 12 Claim(s) (WEI): 0.001112945322678348 WETH (1112945322678348 wei)
Next Claim Reward: 12 Claim(s) (USD): $3.5 ($3.5026481641894245)

Net profit = (Gross Profit - Gas Cost [Avg])
$3.33 = ($3.5 - $0.17) $3.333154779878572 = ($3.5026481641894245 - $0.16949338431085242)


5b. 13 Claim(s):

Total gas cost: 13 Claim(s) (USD): $0.18 ($0.18380178152201995)

Claim Reward: 12 Claim(s) (WEI): 0.001112945322678348 WETH (1112945322678348 wei)
Claim Reward: 12 Claim(s) (USD): $3.5 ($3.5026481641894245)

Next Claim Reward: 13 Claim(s) (WEI): 0.001205690766234877 WETH (1205690766234877 wei)
Next Claim Reward: 13 Claim(s) (USD): $3.79 ($3.79453551120521)

Net profit = (Gross Profit - Gas Cost [Avg])
$3.61 = ($3.79 - $0.18) $3.61073372968319 = ($3.79453551120521 - $0.18380178152201995)


5b. 14 Claim(s):

Total gas cost: 14 Claim(s) (USD): $0.2 ($0.19811017873318748)

Claim Reward: 13 Claim(s) (WEI): 0.001205690766234877 WETH (1205690766234877 wei)
Claim Reward: 13 Claim(s) (USD): $3.79 ($3.79453551120521)

Next Claim Reward: 14 Claim(s) (WEI): 0.001298436209791406 WETH (1298436209791406 wei)
Next Claim Reward: 14 Claim(s) (USD): $4.09 ($4.086422858220995)

Net profit = (Gross Profit - Gas Cost [Avg])
$3.89 = ($4.09 - $0.2) $3.888312679487808 = ($4.086422858220995 - $0.19811017873318748)


5b. 15 Claim(s):

Total gas cost: 15 Claim(s) (USD): $0.21 ($0.21241857594435504)

Claim Reward: 14 Claim(s) (WEI): 0.001298436209791406 WETH (1298436209791406 wei)
Claim Reward: 14 Claim(s) (USD): $4.09 ($4.086422858220995)

Next Claim Reward: 15 Claim(s) (WEI): 0.001391181653347935 WETH (1391181653347935 wei)
Next Claim Reward: 15 Claim(s) (USD): $4.38 ($4.378310205236781)

Net profit = (Gross Profit - Gas Cost [Avg])
$4.17 = ($4.38 - $0.21) $4.165891629292426 = ($4.378310205236781 - $0.21241857594435504)


5b. 16 Claim(s):

Total gas cost: 16 Claim(s) (USD): $0.23 ($0.22672697315552257)

Claim Reward: 15 Claim(s) (WEI): 0.001391181653347935 WETH (1391181653347935 wei)
Claim Reward: 15 Claim(s) (USD): $4.38 ($4.378310205236781)

Next Claim Reward: 16 Claim(s) (WEI): 0.001483927096904464 WETH (1483927096904464 wei)
Next Claim Reward: 16 Claim(s) (USD): $4.67 ($4.670197552252566)

Net profit = (Gross Profit - Gas Cost [Avg])
$4.44 = ($4.67 - $0.23) $4.443470579097044 = ($4.670197552252566 - $0.22672697315552257)


5b. 17 Claim(s):

Total gas cost: 17 Claim(s) (USD): $0.24 ($0.2410353703666901)

Claim Reward: 16 Claim(s) (WEI): 0.001483927096904464 WETH (1483927096904464 wei)
Claim Reward: 16 Claim(s) (USD): $4.67 ($4.670197552252566)

Next Claim Reward: 17 Claim(s) (WEI): 0.001576672540460993 WETH (1576672540460993 wei)
Next Claim Reward: 17 Claim(s) (USD): $4.96 ($4.962084899268351)

Net profit = (Gross Profit - Gas Cost [Avg])
$4.72 = ($4.96 - $0.24) $4.721049528901661 = ($4.962084899268351 - $0.2410353703666901)


5b. 18 Claim(s):

Total gas cost: 18 Claim(s) (USD): $0.26 ($0.2553437675778576)

Claim Reward: 17 Claim(s) (WEI): 0.001576672540460993 WETH (1576672540460993 wei)
Claim Reward: 17 Claim(s) (USD): $4.96 ($4.962084899268351)

Next Claim Reward: 18 Claim(s) (WEI): 0.001669417984017522 WETH (1669417984017522 wei)
Next Claim Reward: 18 Claim(s) (USD): $5.25 ($5.253972246284137)

Net profit = (Gross Profit - Gas Cost [Avg])
$5 = ($5.25 - $0.26) $4.99862847870628 = ($5.253972246284137 - $0.2553437675778576)


5b. 19 Claim(s):

Total gas cost: 19 Claim(s) (USD): $0.27 ($0.26965216478902515)

Claim Reward: 18 Claim(s) (WEI): 0.001669417984017522 WETH (1669417984017522 wei)
Claim Reward: 18 Claim(s) (USD): $5.25 ($5.253972246284137)

Next Claim Reward: 19 Claim(s) (WEI): 0.001762163427574051 WETH (1762163427574051 wei)
Next Claim Reward: 19 Claim(s) (USD): $5.55 ($5.545859593299922)

Net profit = (Gross Profit - Gas Cost [Avg])
$5.28 = ($5.55 - $0.27) $5.276207428510897 = ($5.545859593299922 - $0.26965216478902515)


5b. 20 Claim(s):

Total gas cost: 20 Claim(s) (USD): $0.28 ($0.2839605620001927)

Claim Reward: 19 Claim(s) (WEI): 0.001762163427574051 WETH (1762163427574051 wei)
Claim Reward: 19 Claim(s) (USD): $5.55 ($5.545859593299922)

Next Claim Reward: 20 Claim(s) (WEI): 0.00185490887113058 WETH (1854908871130580 wei)
Next Claim Reward: 20 Claim(s) (USD): $5.84 ($5.837746940315708)

Net profit = (Gross Profit - Gas Cost [Avg])
$5.55 = ($5.84 - $0.28) $5.5537863783155155 = ($5.837746940315708 - $0.2839605620001927)


5b. 21 Claim(s):

Total gas cost: 21 Claim(s) (USD): $0.3 ($0.2982689592113602)

Claim Reward: 20 Claim(s) (WEI): 0.00185490887113058 WETH (1854908871130580 wei)
Claim Reward: 20 Claim(s) (USD): $5.84 ($5.837746940315708)

Next Claim Reward: 21 Claim(s) (WEI): 0.001947654314687109 WETH (1947654314687109 wei)
Next Claim Reward: 21 Claim(s) (USD): $6.13 ($6.129634287331494)

Net profit = (Gross Profit - Gas Cost [Avg])
$5.83 = ($6.13 - $0.3) $5.831365328120134 = ($6.129634287331494 - $0.2982689592113602)


5b. 22 Claim(s):

Total gas cost: 22 Claim(s) (USD): $0.31 ($0.31257735642252776)

Claim Reward: 21 Claim(s) (WEI): 0.001947654314687109 WETH (1947654314687109 wei)
Claim Reward: 21 Claim(s) (USD): $6.13 ($6.129634287331494)

Next Claim Reward: 22 Claim(s) (WEI): 0.002040399758243638 WETH (2040399758243638 wei)
Next Claim Reward: 22 Claim(s) (USD): $6.42 ($6.421521634347279)

Net profit = (Gross Profit - Gas Cost [Avg])
$6.11 = ($6.42 - $0.31) $6.108944277924751 = ($6.421521634347279 - $0.31257735642252776)


5b. 23 Claim(s):

Total gas cost: 23 Claim(s) (USD): $0.33 ($0.3268857536336953)

Claim Reward: 22 Claim(s) (WEI): 0.002040399758243638 WETH (2040399758243638 wei)
Claim Reward: 22 Claim(s) (USD): $6.42 ($6.421521634347279)

Next Claim Reward: 23 Claim(s) (WEI): 0.002133145201800167 WETH (2133145201800167 wei)
Next Claim Reward: 23 Claim(s) (USD): $6.71 ($6.713408981363065)

Net profit = (Gross Profit - Gas Cost [Avg])
$6.39 = ($6.71 - $0.33) $6.38652322772937 = ($6.713408981363065 - $0.3268857536336953)


5b. 24 Claim(s):

Total gas cost: 24 Claim(s) (USD): $0.34 ($0.3411941508448628)

Claim Reward: 23 Claim(s) (WEI): 0.002133145201800167 WETH (2133145201800167 wei)
Claim Reward: 23 Claim(s) (USD): $6.71 ($6.713408981363065)

Next Claim Reward: 24 Claim(s) (WEI): 0.002225890645356696 WETH (2225890645356696 wei)
Next Claim Reward: 24 Claim(s) (USD): $7.01 ($7.005296328378849)

Net profit = (Gross Profit - Gas Cost [Avg])
$6.66 = ($7.01 - $0.34) $6.664102177533986 = ($7.005296328378849 - $0.3411941508448628)


5b. 25 Claim(s):

Total gas cost: 25 Claim(s) (USD): $0.36 ($0.3555025480560304)

Claim Reward: 24 Claim(s) (WEI): 0.002225890645356696 WETH (2225890645356696 wei)
Claim Reward: 24 Claim(s) (USD): $7.01 ($7.005296328378849)

Next Claim Reward: 25 Claim(s) (WEI): 0.002318636088913225 WETH (2318636088913225 wei)
Next Claim Reward: 25 Claim(s) (USD): $7.3 ($7.297183675394635)

Net profit = (Gross Profit - Gas Cost [Avg])
$6.94 = ($7.3 - $0.36) $6.9416811273386045 = ($7.297183675394635 - $0.3555025480560304)


5b. 26 Claim(s):

Total gas cost: 26 Claim(s) (USD): $0.37 ($0.36981094526719793)

Claim Reward: 25 Claim(s) (WEI): 0.002318636088913225 WETH (2318636088913225 wei)
Claim Reward: 25 Claim(s) (USD): $7.3 ($7.297183675394635)

Next Claim Reward: 26 Claim(s) (WEI): 0.002411381532469754 WETH (2411381532469754 wei)
Next Claim Reward: 26 Claim(s) (USD): $7.59 ($7.58907102241042)

Net profit = (Gross Profit - Gas Cost [Avg])
$7.22 = ($7.59 - $0.37) $7.219260077143222 = ($7.58907102241042 - $0.36981094526719793)


5b. 27 Claim(s):

Total gas cost: 27 Claim(s) (USD): $0.38 ($0.38411934247836543)

Claim Reward: 26 Claim(s) (WEI): 0.002411381532469754 WETH (2411381532469754 wei)
Claim Reward: 26 Claim(s) (USD): $7.59 ($7.58907102241042)

Next Claim Reward: 27 Claim(s) (WEI): 0.002504126976026283 WETH (2504126976026283 wei)
Next Claim Reward: 27 Claim(s) (USD): $7.88 ($7.880958369426206)

Net profit = (Gross Profit - Gas Cost [Avg])
$7.5 = ($7.88 - $0.38) $7.49683902694784 = ($7.880958369426206 - $0.38411934247836543)


5b. 28 Claim(s):

Total gas cost: 28 Claim(s) (USD): $0.4 ($0.398427739689533)

Claim Reward: 27 Claim(s) (WEI): 0.002504126976026283 WETH (2504126976026283 wei)
Claim Reward: 27 Claim(s) (USD): $7.88 ($7.880958369426206)

Next Claim Reward: 28 Claim(s) (WEI): 0.002596872419582812 WETH (2596872419582812 wei)
Next Claim Reward: 28 Claim(s) (USD): $8.17 ($8.17284571644199)

Net profit = (Gross Profit - Gas Cost [Avg])
$7.77 = ($8.17 - $0.4) $7.774417976752458 = ($8.17284571644199 - $0.398427739689533)


5b. 29 Claim(s):

Total gas cost: 29 Claim(s) (USD): $0.41 ($0.41273613690070055)

Claim Reward: 28 Claim(s) (WEI): 0.002596872419582812 WETH (2596872419582812 wei)
Claim Reward: 28 Claim(s) (USD): $8.17 ($8.17284571644199)

Next Claim Reward: 29 Claim(s) (WEI): 0.002689617863139341 WETH (2689617863139341 wei)
Next Claim Reward: 29 Claim(s) (USD): $8.46 ($8.464733063457777)

Net profit = (Gross Profit - Gas Cost [Avg])
$8.05 = ($8.46 - $0.41) $8.051996926557075 = ($8.464733063457777 - $0.41273613690070055)


5b. 30 Claim(s):

Total gas cost: 30 Claim(s) (USD): $0.43 ($0.42704453411186805)

Claim Reward: 29 Claim(s) (WEI): 0.002689617863139341 WETH (2689617863139341 wei)
Claim Reward: 29 Claim(s) (USD): $8.46 ($8.464733063457777)

Next Claim Reward: 30 Claim(s) (WEI): 0.00278236330669587 WETH (2782363306695870 wei)
Next Claim Reward: 30 Claim(s) (USD): $8.76 ($8.756620410473563)

Net profit = (Gross Profit - Gas Cost [Avg])
$8.33 = ($8.76 - $0.43) $8.329575876361694 = ($8.756620410473563 - $0.42704453411186805)

******************
5c. Profit/Loss (USD):

Net profit = (Gross Profit - Gas Cost [Max])
$8.04 = ($8.46 - $0.43) $8.037688529345909 = ($8.464733063457777 - $0.42704453411186805)

Submitting transaction to claim 29 prize(s):

0x7fad91a4a29109303188d8758f1a9d60ce988349-0x2891dBf014EE5D6192CD06d952713AD3717342C1-4-33
0x7fad91a4a29109303188d8758f1a9d60ce988349-0xC0ac41794b858b02a53D528D58CB74688D66cFdF-4-129
0x7fad91a4a29109303188d8758f1a9d60ce988349-0x2D44CadB781B84C360c89fd8B5261aE1be1680A9-4-187
0x7fad91a4a29109303188d8758f1a9d60ce988349-0xE68F3C56C052BB3a356303B51495ac56184236b8-4-112
0x7fad91a4a29109303188d8758f1a9d60ce988349-0xE68F3C56C052BB3a356303B51495ac56184236b8-4-241
0x7fad91a4a29109303188d8758f1a9d60ce988349-0xB2a8A1DCa57E1ed2E0d0f8F476928129f333d6C1-4-200
0x7fad91a4a29109303188d8758f1a9d60ce988349-0xC28c5bC95a0dB1967982e5172ecAe0307fDF8969-4-105
0x7fad91a4a29109303188d8758f1a9d60ce988349-0x559527b59Db5E7e37A46395586CdF946b9562cdA-4-0
0x7fad91a4a29109303188d8758f1a9d60ce988349-0xefF8535f1720337aAF34db530a920ddB03b8fc1B-4-188
0x7fad91a4a29109303188d8758f1a9d60ce988349-0x21e822EC59193Eeac10EBF05CAD887Df66CeE039-4-138
0x7fad91a4a29109303188d8758f1a9d60ce988349-0xe9D68F33A395e943C61F536A67098d7969C01b7E-4-52
0x7fad91a4a29109303188d8758f1a9d60ce988349-0x9c0c66BB36a50a2b25D7Bf4Fc257bc50ded10FAA-4-135
0x7fad91a4a29109303188d8758f1a9d60ce988349-0x829CEbaB89777Ae2d92F449b46df02864ce8A990-4-148
0x7fad91a4a29109303188d8758f1a9d60ce988349-0xd439aeC4b65eDf5d802eE719d8c347b299b54bd9-4-115
0x7fad91a4a29109303188d8758f1a9d60ce988349-0x1306741DbE17497CEDD9fA51D0D37b161d9Cd2ed-4-130
0x7fad91a4a29109303188d8758f1a9d60ce988349-0xADC70E52ca8cA36f5b24de0b047b98F225f9f59f-4-30
0x7fad91a4a29109303188d8758f1a9d60ce988349-0x39763371E8CE3f4eCA1bc7E932B79c34D9e070dd-4-91
0x7fad91a4a29109303188d8758f1a9d60ce988349-0x8fcBB2508cF2565bEa5c64eA3Aa4859520beE042-4-138
0x7fad91a4a29109303188d8758f1a9d60ce988349-0xd185f9452578f2fec3Aa263741044a03BFb121a2-4-54
0x7fad91a4a29109303188d8758f1a9d60ce988349-0xC27dF3574b067e5Ffba23768A8065210D7766Bd0-4-191
0x7fad91a4a29109303188d8758f1a9d60ce988349-0xfC7e5bC6340285A7c7619864caF9173eBE2320BC-4-157
0x7fad91a4a29109303188d8758f1a9d60ce988349-0x9A74C128D3CE915D9225809Bbb91D0f58DD6524b-4-0
0x7fad91a4a29109303188d8758f1a9d60ce988349-0x23E9E6052E960D80B546787C9befc44261C0138d-4-118
0x7fad91a4a29109303188d8758f1a9d60ce988349-0x8fde1525e3E755252923C8741c5D67454AE8A3a6-4-177
0x7fad91a4a29109303188d8758f1a9d60ce988349-0x24feEb74db4dd2F97624EE1faffeE20179728861-4-4
0x7fad91a4a29109303188d8758f1a9d60ce988349-0xdD2adaF863110FD872111387324f8488Cd1042c4-4-56
0x7fad91a4a29109303188d8758f1a9d60ce988349-0xdD2adaF863110FD872111387324f8488Cd1042c4-4-230
0x7fad91a4a29109303188d8758f1a9d60ce988349-0xaB9d050386e6f6AE92fbecBEa0AF7b838d2cBec5-4-61
0x7fad91a4a29109303188d8758f1a9d60ce988349-0x4f4606CA92dea189AE4D52937cAcEE961f5c4FdC-4-96



Execute Claim Transaction for Tier #4



Transaction sent! ✔
Transaction hash: 0xe4218265cedd1550577232e651f48a835d90608296280a491697929141ee638b
Waiting on transaction to be confirmed ...
Tx confirmed !




******************
Processing:
Vault:     0x33335296c9b020ca3252e4953c11decfdce816b8
Tier:      #5 (Canary tier)
# prizes:  273

5a. Calculating # of profitable claims ...

Native (Gas) Token ETH Market Rate (USD): $3149.83

Estimated gas limit (wei) (1 prize claim): 0.000000000000175265 ETH (175265 wei)
Estimated gas limit (wei) (2 prize claims): 0.000000000000252687 ETH (252687 wei)

Gas Cost: First Claim (wei): 0.000000000000175265 ETH (175265 wei)
Gas Cost: Each Following Claim (wei): 0.000000000000077422 ETH (77422 wei)

Gas Cost: First Claim (USD): $0.01 $0.013347497469606416
Gas Cost: Each Following Claim (USD): $0.02 $0.01596053313472325

5b. 1 Claim(s):

Total gas cost: 1 Claim(s) (USD): $0.01 ($0.013347497469606416)

Next Claim Reward: 1 Claim(s) (WEI): 0.000009274544355652 WETH (9274544355652 wei)
Next Claim Reward: 1 Claim(s) (USD): $0.03 ($0.029188734701575708)

Net profit = (Gross Profit - Gas Cost [Avg])
$0.02 = ($0.03 - $0.01) $0.015841237231969292 = ($0.029188734701575708 - $0.013347497469606416)


5b. 2 Claim(s):

Total gas cost: 2 Claim(s) (USD): $0.03 ($0.029308030604329665)

Claim Reward: 1 Claim(s) (WEI): 0.000009274544355652 WETH (9274544355652 wei)
Claim Reward: 1 Claim(s) (USD): $0.03 ($0.029188734701575708)

Next Claim Reward: 2 Claim(s) (WEI): 0.000018549088711304 WETH (18549088711304 wei)
Next Claim Reward: 2 Claim(s) (USD): $0.06 ($0.058377469403151416)

Net profit = (Gross Profit - Gas Cost [Avg])
$0.03 = ($0.06 - $0.03) $0.02906943879882175 = ($0.058377469403151416 - $0.029308030604329665)


5b. 3 Claim(s):

Total gas cost: 3 Claim(s) (USD): $0.05 ($0.045268563739052914)

Claim Reward: 2 Claim(s) (WEI): 0.000018549088711304 WETH (18549088711304 wei)
Claim Reward: 2 Claim(s) (USD): $0.06 ($0.058377469403151416)

Next Claim Reward: 3 Claim(s) (WEI): 0.000027823633066956 WETH (27823633066956 wei)
Next Claim Reward: 3 Claim(s) (USD): $0.09 ($0.08756620410472712)

Net profit = (Gross Profit - Gas Cost [Avg])
$0.04 = ($0.09 - $0.05) $0.04229764036567421 = ($0.08756620410472712 - $0.045268563739052914)


5b. 4 Claim(s):

Total gas cost: 4 Claim(s) (USD): $0.06 ($0.061229096873776166)

Claim Reward: 3 Claim(s) (WEI): 0.000027823633066956 WETH (27823633066956 wei)
Claim Reward: 3 Claim(s) (USD): $0.09 ($0.08756620410472712)

Next Claim Reward: 4 Claim(s) (WEI): 0.000037098177422608 WETH (37098177422608 wei)
Next Claim Reward: 4 Claim(s) (USD): $0.12 ($0.11675493880630283)

Net profit = (Gross Profit - Gas Cost [Avg])
$0.06 = ($0.12 - $0.06) $0.055525841932526666 = ($0.11675493880630283 - $0.061229096873776166)


5b. 5 Claim(s):

Total gas cost: 5 Claim(s) (USD): $0.08 ($0.0771896300084994)

Claim Reward: 4 Claim(s) (WEI): 0.000037098177422608 WETH (37098177422608 wei)
Claim Reward: 4 Claim(s) (USD): $0.12 ($0.11675493880630283)

Next Claim Reward: 5 Claim(s) (WEI): 0.00004637272177826 WETH (46372721778260 wei)
Next Claim Reward: 5 Claim(s) (USD): $0.15 ($0.14594367350787854)

Net profit = (Gross Profit - Gas Cost [Avg])
$0.07 = ($0.15 - $0.08) $0.06875404349937914 = ($0.14594367350787854 - $0.0771896300084994)


5b. 6 Claim(s):

Total gas cost: 6 Claim(s) (USD): $0.09 ($0.09315016314322266)

Claim Reward: 5 Claim(s) (WEI): 0.00004637272177826 WETH (46372721778260 wei)
Claim Reward: 5 Claim(s) (USD): $0.15 ($0.14594367350787854)

Next Claim Reward: 6 Claim(s) (WEI): 0.000055647266133912 WETH (55647266133912 wei)
Next Claim Reward: 6 Claim(s) (USD): $0.18 ($0.17513240820945425)

Net profit = (Gross Profit - Gas Cost [Avg])
$0.08 = ($0.18 - $0.09) $0.08198224506623158 = ($0.17513240820945425 - $0.09315016314322266)


5b. 7 Claim(s):

Total gas cost: 7 Claim(s) (USD): $0.11 ($0.10911069627794592)

Claim Reward: 6 Claim(s) (WEI): 0.000055647266133912 WETH (55647266133912 wei)
Claim Reward: 6 Claim(s) (USD): $0.18 ($0.17513240820945425)

Next Claim Reward: 7 Claim(s) (WEI): 0.000064921810489564 WETH (64921810489564 wei)
Next Claim Reward: 7 Claim(s) (USD): $0.2 ($0.20432114291102993)

Net profit = (Gross Profit - Gas Cost [Avg])
$0.1 = ($0.2 - $0.11) $0.095210446633084 = ($0.20432114291102993 - $0.10911069627794592)


5b. 8 Claim(s):

Total gas cost: 8 Claim(s) (USD): $0.13 ($0.12507122941266915)

Claim Reward: 7 Claim(s) (WEI): 0.000064921810489564 WETH (64921810489564 wei)
Claim Reward: 7 Claim(s) (USD): $0.2 ($0.20432114291102993)

Next Claim Reward: 8 Claim(s) (WEI): 0.000074196354845216 WETH (74196354845216 wei)
Next Claim Reward: 8 Claim(s) (USD): $0.23 ($0.23350987761260567)

Net profit = (Gross Profit - Gas Cost [Avg])
$0.11 = ($0.23 - $0.13) $0.10843864819993651 = ($0.23350987761260567 - $0.12507122941266915)


5b. 9 Claim(s):

Total gas cost: 9 Claim(s) (USD): $0.14 ($0.14103176254739241)

Claim Reward: 8 Claim(s) (WEI): 0.000074196354845216 WETH (74196354845216 wei)
Claim Reward: 8 Claim(s) (USD): $0.23 ($0.23350987761260567)

Next Claim Reward: 9 Claim(s) (WEI): 0.000083470899200868 WETH (83470899200868 wei)
Next Claim Reward: 9 Claim(s) (USD): $0.26 ($0.2626986123141814)

Net profit = (Gross Profit - Gas Cost [Avg])
$0.12 = ($0.26 - $0.14) $0.12166684976678899 = ($0.2626986123141814 - $0.14103176254739241)


5b. 10 Claim(s):

Total gas cost: 10 Claim(s) (USD): $0.16 ($0.15699229568211567)

Claim Reward: 9 Claim(s) (WEI): 0.000083470899200868 WETH (83470899200868 wei)
Claim Reward: 9 Claim(s) (USD): $0.26 ($0.2626986123141814)

Next Claim Reward: 10 Claim(s) (WEI): 0.00009274544355652 WETH (92745443556520 wei)
Next Claim Reward: 10 Claim(s) (USD): $0.29 ($0.2918873470157571)

Net profit = (Gross Profit - Gas Cost [Avg])
$0.13 = ($0.29 - $0.16) $0.1348950513336414 = ($0.2918873470157571 - $0.15699229568211567)


5b. 11 Claim(s):

Total gas cost: 11 Claim(s) (USD): $0.17 ($0.1729528288168389)

Claim Reward: 10 Claim(s) (WEI): 0.00009274544355652 WETH (92745443556520 wei)
Claim Reward: 10 Claim(s) (USD): $0.29 ($0.2918873470157571)

Next Claim Reward: 11 Claim(s) (WEI): 0.000102019987912172 WETH (102019987912172 wei)
Next Claim Reward: 11 Claim(s) (USD): $0.32 ($0.3210760817173328)

Net profit = (Gross Profit - Gas Cost [Avg])
$0.15 = ($0.32 - $0.17) $0.1481232529004939 = ($0.3210760817173328 - $0.1729528288168389)


5b. 12 Claim(s):

Total gas cost: 12 Claim(s) (USD): $0.19 ($0.18891336195156216)

Claim Reward: 11 Claim(s) (WEI): 0.000102019987912172 WETH (102019987912172 wei)
Claim Reward: 11 Claim(s) (USD): $0.32 ($0.3210760817173328)

Next Claim Reward: 12 Claim(s) (WEI): 0.000111294532267824 WETH (111294532267824 wei)
Next Claim Reward: 12 Claim(s) (USD): $0.35 ($0.3502648164189085)

Net profit = (Gross Profit - Gas Cost [Avg])
$0.16 = ($0.35 - $0.19) $0.16135145446734633 = ($0.3502648164189085 - $0.18891336195156216)


5b. 13 Claim(s):

Total gas cost: 13 Claim(s) (USD): $0.2 ($0.20487389508628542)

Claim Reward: 12 Claim(s) (WEI): 0.000111294532267824 WETH (111294532267824 wei)
Claim Reward: 12 Claim(s) (USD): $0.35 ($0.3502648164189085)

Next Claim Reward: 13 Claim(s) (WEI): 0.000120569076623476 WETH (120569076623476 wei)
Next Claim Reward: 13 Claim(s) (USD): $0.38 ($0.3794535511204842)

Net profit = (Gross Profit - Gas Cost [Avg])
$0.17 = ($0.38 - $0.2) $0.17457965603419875 = ($0.3794535511204842 - $0.20487389508628542)


5b. 14 Claim(s):

Total gas cost: 14 Claim(s) (USD): $0.22 ($0.22083442822100866)

Claim Reward: 13 Claim(s) (WEI): 0.000120569076623476 WETH (120569076623476 wei)
Claim Reward: 13 Claim(s) (USD): $0.38 ($0.3794535511204842)

Next Claim Reward: 14 Claim(s) (WEI): 0.000129843620979128 WETH (129843620979128 wei)
Next Claim Reward: 14 Claim(s) (USD): $0.41 ($0.40864228582205986)

Net profit = (Gross Profit - Gas Cost [Avg])
$0.19 = ($0.41 - $0.22) $0.1878078576010512 = ($0.40864228582205986 - $0.22083442822100866)


5b. 15 Claim(s):

Total gas cost: 15 Claim(s) (USD): $0.24 ($0.23679496135573191)

Claim Reward: 14 Claim(s) (WEI): 0.000129843620979128 WETH (129843620979128 wei)
Claim Reward: 14 Claim(s) (USD): $0.41 ($0.40864228582205986)

Next Claim Reward: 15 Claim(s) (WEI): 0.00013911816533478 WETH (139118165334780 wei)
Next Claim Reward: 15 Claim(s) (USD): $0.44 ($0.4378310205236356)

Net profit = (Gross Profit - Gas Cost [Avg])
$0.2 = ($0.44 - $0.24) $0.20103605916790368 = ($0.4378310205236356 - $0.23679496135573191)


5b. 16 Claim(s):

Total gas cost: 16 Claim(s) (USD): $0.25 ($0.25275549449045515)

Claim Reward: 15 Claim(s) (WEI): 0.00013911816533478 WETH (139118165334780 wei)
Claim Reward: 15 Claim(s) (USD): $0.44 ($0.4378310205236356)

Next Claim Reward: 16 Claim(s) (WEI): 0.000148392709690432 WETH (148392709690432 wei)
Next Claim Reward: 16 Claim(s) (USD): $0.47 ($0.46701975522521133)

Net profit = (Gross Profit - Gas Cost [Avg])
$0.21 = ($0.47 - $0.25) $0.21426426073475618 = ($0.46701975522521133 - $0.25275549449045515)


5b. 17 Claim(s):

Total gas cost: 17 Claim(s) (USD): $0.27 ($0.2687160276251784)

Claim Reward: 16 Claim(s) (WEI): 0.000148392709690432 WETH (148392709690432 wei)
Claim Reward: 16 Claim(s) (USD): $0.47 ($0.46701975522521133)

Next Claim Reward: 17 Claim(s) (WEI): 0.000157667254046084 WETH (157667254046084 wei)
Next Claim Reward: 17 Claim(s) (USD): $0.5 ($0.49620848992678707)

Net profit = (Gross Profit - Gas Cost [Avg])
$0.23 = ($0.5 - $0.27) $0.2274924623016087 = ($0.49620848992678707 - $0.2687160276251784)


5b. 18 Claim(s):

Total gas cost: 18 Claim(s) (USD): $0.28 ($0.2846765607599016)

Claim Reward: 17 Claim(s) (WEI): 0.000157667254046084 WETH (157667254046084 wei)
Claim Reward: 17 Claim(s) (USD): $0.5 ($0.49620848992678707)

Next Claim Reward: 18 Claim(s) (WEI): 0.000166941798401736 WETH (166941798401736 wei)
Next Claim Reward: 18 Claim(s) (USD): $0.53 ($0.5253972246283628)

Net profit = (Gross Profit - Gas Cost [Avg])
$0.24 = ($0.53 - $0.28) $0.2407206638684612 = ($0.5253972246283628 - $0.2846765607599016)


5b. 19 Claim(s):

Total gas cost: 19 Claim(s) (USD): $0.3 ($0.3006370938946249)

Claim Reward: 18 Claim(s) (WEI): 0.000166941798401736 WETH (166941798401736 wei)
Claim Reward: 18 Claim(s) (USD): $0.53 ($0.5253972246283628)

Next Claim Reward: 19 Claim(s) (WEI): 0.000176216342757388 WETH (176216342757388 wei)
Next Claim Reward: 19 Claim(s) (USD): $0.55 ($0.5545859593299384)

Net profit = (Gross Profit - Gas Cost [Avg])
$0.25 = ($0.55 - $0.3) $0.2539488654353135 = ($0.5545859593299384 - $0.3006370938946249)


5b. 20 Claim(s):

Total gas cost: 20 Claim(s) (USD): $0.32 ($0.3165976270293481)

Claim Reward: 19 Claim(s) (WEI): 0.000176216342757388 WETH (176216342757388 wei)
Claim Reward: 19 Claim(s) (USD): $0.55 ($0.5545859593299384)

Next Claim Reward: 20 Claim(s) (WEI): 0.00018549088711304 WETH (185490887113040 wei)
Next Claim Reward: 20 Claim(s) (USD): $0.58 ($0.5837746940315142)

Net profit = (Gross Profit - Gas Cost [Avg])
$0.27 = ($0.58 - $0.32) $0.26717706700216604 = ($0.5837746940315142 - $0.3165976270293481)


5b. 21 Claim(s):

Total gas cost: 21 Claim(s) (USD): $0.33 ($0.33255816016407136)

Claim Reward: 20 Claim(s) (WEI): 0.00018549088711304 WETH (185490887113040 wei)
Claim Reward: 20 Claim(s) (USD): $0.58 ($0.5837746940315142)

Next Claim Reward: 21 Claim(s) (WEI): 0.000194765431468692 WETH (194765431468692 wei)
Next Claim Reward: 21 Claim(s) (USD): $0.61 ($0.6129634287330898)

Net profit = (Gross Profit - Gas Cost [Avg])
$0.28 = ($0.61 - $0.33) $0.2804052685690185 = ($0.6129634287330898 - $0.33255816016407136)


5b. 22 Claim(s):

Total gas cost: 22 Claim(s) (USD): $0.35 ($0.34851869329879465)

Claim Reward: 21 Claim(s) (WEI): 0.000194765431468692 WETH (194765431468692 wei)
Claim Reward: 21 Claim(s) (USD): $0.61 ($0.6129634287330898)

Next Claim Reward: 22 Claim(s) (WEI): 0.000204039975824344 WETH (204039975824344 wei)
Next Claim Reward: 22 Claim(s) (USD): $0.64 ($0.6421521634346656)

Net profit = (Gross Profit - Gas Cost [Avg])
$0.29 = ($0.64 - $0.35) $0.293633470135871 = ($0.6421521634346656 - $0.34851869329879465)


5b. 23 Claim(s):

Total gas cost: 23 Claim(s) (USD): $0.36 ($0.3644792264335179)

Claim Reward: 22 Claim(s) (WEI): 0.000204039975824344 WETH (204039975824344 wei)
Claim Reward: 22 Claim(s) (USD): $0.64 ($0.6421521634346656)

Next Claim Reward: 23 Claim(s) (WEI): 0.000213314520179996 WETH (213314520179996 wei)
Next Claim Reward: 23 Claim(s) (USD): $0.67 ($0.6713408981362413)

Net profit = (Gross Profit - Gas Cost [Avg])
$0.31 = ($0.67 - $0.36) $0.30686167170272344 = ($0.6713408981362413 - $0.3644792264335179)


5b. 24 Claim(s):

Total gas cost: 24 Claim(s) (USD): $0.38 ($0.3804397595682411)

Claim Reward: 23 Claim(s) (WEI): 0.000213314520179996 WETH (213314520179996 wei)
Claim Reward: 23 Claim(s) (USD): $0.67 ($0.6713408981362413)

Next Claim Reward: 24 Claim(s) (WEI): 0.000222589064535648 WETH (222589064535648 wei)
Next Claim Reward: 24 Claim(s) (USD): $0.7 ($0.700529632837817)

Net profit = (Gross Profit - Gas Cost [Avg])
$0.32 = ($0.7 - $0.38) $0.3200898732695759 = ($0.700529632837817 - $0.3804397595682411)


5b. 25 Claim(s):

Total gas cost: 25 Claim(s) (USD): $0.4 ($0.3964002927029644)

Claim Reward: 24 Claim(s) (WEI): 0.000222589064535648 WETH (222589064535648 wei)
Claim Reward: 24 Claim(s) (USD): $0.7 ($0.700529632837817)

Next Claim Reward: 25 Claim(s) (WEI): 0.0002318636088913 WETH (231863608891300 wei)
Next Claim Reward: 25 Claim(s) (USD): $0.73 ($0.7297183675393927)

Net profit = (Gross Profit - Gas Cost [Avg])
$0.33 = ($0.73 - $0.4) $0.3333180748364283 = ($0.7297183675393927 - $0.3964002927029644)


5b. 26 Claim(s):

Total gas cost: 26 Claim(s) (USD): $0.41 ($0.41236082583768763)

Claim Reward: 25 Claim(s) (WEI): 0.0002318636088913 WETH (231863608891300 wei)
Claim Reward: 25 Claim(s) (USD): $0.73 ($0.7297183675393927)

Next Claim Reward: 26 Claim(s) (WEI): 0.000241138153246952 WETH (241138153246952 wei)
Next Claim Reward: 26 Claim(s) (USD): $0.76 ($0.7589071022409684)

Net profit = (Gross Profit - Gas Cost [Avg])
$0.35 = ($0.76 - $0.41) $0.34654627640328073 = ($0.7589071022409684 - $0.41236082583768763)


5b. 27 Claim(s):

Total gas cost: 27 Claim(s) (USD): $0.43 ($0.42832135897241086)

Claim Reward: 26 Claim(s) (WEI): 0.000241138153246952 WETH (241138153246952 wei)
Claim Reward: 26 Claim(s) (USD): $0.76 ($0.7589071022409684)

Next Claim Reward: 27 Claim(s) (WEI): 0.000250412697602604 WETH (250412697602604 wei)
Next Claim Reward: 27 Claim(s) (USD): $0.79 ($0.788095836942544)

Net profit = (Gross Profit - Gas Cost [Avg])
$0.36 = ($0.79 - $0.43) $0.3597744779701332 = ($0.788095836942544 - $0.42832135897241086)


5b. 28 Claim(s):

Total gas cost: 28 Claim(s) (USD): $0.44 ($0.4442818921071341)

Claim Reward: 27 Claim(s) (WEI): 0.000250412697602604 WETH (250412697602604 wei)
Claim Reward: 27 Claim(s) (USD): $0.79 ($0.788095836942544)

Next Claim Reward: 28 Claim(s) (WEI): 0.000259687241958256 WETH (259687241958256 wei)
Next Claim Reward: 28 Claim(s) (USD): $0.82 ($0.8172845716441197)

Net profit = (Gross Profit - Gas Cost [Avg])
$0.37 = ($0.82 - $0.44) $0.3730026795369856 = ($0.8172845716441197 - $0.4442818921071341)


5b. 29 Claim(s):

Total gas cost: 29 Claim(s) (USD): $0.46 ($0.4602424252418574)

Claim Reward: 28 Claim(s) (WEI): 0.000259687241958256 WETH (259687241958256 wei)
Claim Reward: 28 Claim(s) (USD): $0.82 ($0.8172845716441197)

Next Claim Reward: 29 Claim(s) (WEI): 0.000268961786313908 WETH (268961786313908 wei)
Next Claim Reward: 29 Claim(s) (USD): $0.85 ($0.8464733063456955)

Net profit = (Gross Profit - Gas Cost [Avg])
$0.39 = ($0.85 - $0.46) $0.38623088110383813 = ($0.8464733063456955 - $0.4602424252418574)


5b. 30 Claim(s):

Total gas cost: 30 Claim(s) (USD): $0.48 ($0.4762029583765806)

Claim Reward: 29 Claim(s) (WEI): 0.000268961786313908 WETH (268961786313908 wei)
Claim Reward: 29 Claim(s) (USD): $0.85 ($0.8464733063456955)

Next Claim Reward: 30 Claim(s) (WEI): 0.00027823633066956 WETH (278236330669560 wei)
Next Claim Reward: 30 Claim(s) (USD): $0.88 ($0.8756620410472712)

Net profit = (Gross Profit - Gas Cost [Avg])
$0.4 = ($0.88 - $0.48) $0.3994590826706906 = ($0.8756620410472712 - $0.4762029583765806)

******************
5c. Profit/Loss (USD):

Net profit = (Gross Profit - Gas Cost [Max])
$0.37 = ($0.85 - $0.48) $0.3702703479691149 = ($0.8464733063456955 - $0.4762029583765806)

Submitting transaction to claim 29 prize(s):

0x33335296c9b020ca3252e4953c11decfdce816b8-0x58C29bD75e583d2a3C2FEaEEc1a416101fA3ae92-5-186
0x33335296c9b020ca3252e4953c11decfdce816b8-0xDee0177f83b03825E300c4D06a25d547a545aB03-5-678
0x33335296c9b020ca3252e4953c11decfdce816b8-0x2a794233B386f5999A457892347CAb87290f1480-5-533
0x33335296c9b020ca3252e4953c11decfdce816b8-0xc2fdDeDbaf405CD4bb945fdfFb7ef641f1612ec1-5-257
0x33335296c9b020ca3252e4953c11decfdce816b8-0xec963a473d5802E09da6829d92E5119e215bD0db-5-119
0x33335296c9b020ca3252e4953c11decfdce816b8-0x090AaDbA562041FC19F80fcCe48a0669be1bA18D-5-173
0x33335296c9b020ca3252e4953c11decfdce816b8-0x3De1982f778AAa47708D970b648E8c9dF2406a8A-5-356
0x33335296c9b020ca3252e4953c11decfdce816b8-0x262BA86706abfF15b8b645403520e31454A8D33A-5-533
0x33335296c9b020ca3252e4953c11decfdce816b8-0x435A7Cb03E8216935AACd4Ebab0A1bCAFAeA5580-5-917
0x33335296c9b020ca3252e4953c11decfdce816b8-0xBC8FaE1C22B49E9664C800596Bd4a7b96fBC07cf-5-558
0x33335296c9b020ca3252e4953c11decfdce816b8-0xB5742bB3Cbc2aa316c921987d14c060B89908ecf-5-270
0x33335296c9b020ca3252e4953c11decfdce816b8-0x019D11AC71fBE6c30d2F2994eF01C9fbD4F96FAf-5-815
0x33335296c9b020ca3252e4953c11decfdce816b8-0xc6a8CF2A0d3300Dbc3d3CDa6391e1A25e3C4c481-5-449
0x33335296c9b020ca3252e4953c11decfdce816b8-0xBc57D716Fa87b341aBD2c5FdF63C653e8Cd54843-5-687
0x33335296c9b020ca3252e4953c11decfdce816b8-0xBc57D716Fa87b341aBD2c5FdF63C653e8Cd54843-5-978
0x33335296c9b020ca3252e4953c11decfdce816b8-0xA6bE7747BC2d9C047Ae677063492970A69ACB972-5-780
0x33335296c9b020ca3252e4953c11decfdce816b8-0x4CBDe448132aaE629230C0c7E3801D189D389305-5-164
0x33335296c9b020ca3252e4953c11decfdce816b8-0x5c3D9ccE570FF5ecFb7986E09e8B1B8fa1F85093-5-1005
0x33335296c9b020ca3252e4953c11decfdce816b8-0x4D8a85e75b1A2324071BC03F7C6dD61712ca4CbA-5-284
0x33335296c9b020ca3252e4953c11decfdce816b8-0x8842cF6525cD1e771D464F862DdA050BDCAbcc9c-5-588
0x33335296c9b020ca3252e4953c11decfdce816b8-0x60b31AF377209D40934f631C4188C0B3343D0123-5-564
0x33335296c9b020ca3252e4953c11decfdce816b8-0x26c4465E16Ff14C86F1D34C7279a6fFC83426CaB-5-234
0x33335296c9b020ca3252e4953c11decfdce816b8-0xE97efC4C530C3244bF62a4832A964F2DEE037BfE-5-14
0x33335296c9b020ca3252e4953c11decfdce816b8-0x2B2b77887Dc87229f2f7FBd9848681047097E56f-5-667
0x33335296c9b020ca3252e4953c11decfdce816b8-0xb4208FbA6B43B9b8751AEB22c4279C5639171cf3-5-571
0x33335296c9b020ca3252e4953c11decfdce816b8-0x7EEF22D66D81a876C85cd1DafF9B8F4Ba3101690-5-24
0x33335296c9b020ca3252e4953c11decfdce816b8-0x3BaBf3fF4404A3144E739E30FCbCEbe0987A2953-5-269
0x33335296c9b020ca3252e4953c11decfdce816b8-0x1367eA5BdaDE6eA2773ea924ca5e8Ac613Ee771d-5-9
0x33335296c9b020ca3252e4953c11decfdce816b8-0x1367eA5BdaDE6eA2773ea924ca5e8Ac613Ee771d-5-379



Execute Claim Transaction for Tier #5 (Canary tier)



Transaction sent! ✔
Transaction hash: 0x68e1dbb52765899657b8bda05845e64d7f6a1e64da9f98bbf2d99e757a92209c
Waiting on transaction to be confirmed ...
Tx confirmed !




******************
Processing:
Vault:     0x7fad91a4a29109303188d8758f1a9d60ce988349
Tier:      #5 (Canary tier)
# prizes:  422

5a. Calculating # of profitable claims ...

Native (Gas) Token ETH Market Rate (USD): $3149.83

Estimated gas limit (wei) (1 prize claim): 0.000000000000175265 ETH (175265 wei)
Estimated gas limit (wei) (2 prize claims): 0.000000000000252675 ETH (252675 wei)

Gas Cost: First Claim (wei): 0.000000000000175265 ETH (175265 wei)
Gas Cost: Each Following Claim (wei): 0.00000000000007741 ETH (77410 wei)

Gas Cost: First Claim (USD): $0.01 $0.014946908318015449
Gas Cost: Each Following Claim (USD): $0.02 $0.017875771503213997

5b. 1 Claim(s):

Total gas cost: 1 Claim(s) (USD): $0.01 ($0.014946908318015449)

Next Claim Reward: 1 Claim(s) (WEI): 0.000009274544355652 WETH (9274544355652 wei)
Next Claim Reward: 1 Claim(s) (USD): $0.03 ($0.029188734701575708)

Net profit = (Gross Profit - Gas Cost [Avg])
$0.01 = ($0.03 - $0.01) $0.014241826383560259 = ($0.029188734701575708 - $0.014946908318015449)


5b. 2 Claim(s):

Total gas cost: 2 Claim(s) (USD): $0.03 ($0.032822679821229446)

Claim Reward: 1 Claim(s) (WEI): 0.000009274544355652 WETH (9274544355652 wei)
Claim Reward: 1 Claim(s) (USD): $0.03 ($0.029188734701575708)

Next Claim Reward: 2 Claim(s) (WEI): 0.000018549088711304 WETH (18549088711304 wei)
Next Claim Reward: 2 Claim(s) (USD): $0.06 ($0.058377469403151416)

Net profit = (Gross Profit - Gas Cost [Avg])
$0.03 = ($0.06 - $0.03) $0.02555478958192197 = ($0.058377469403151416 - $0.032822679821229446)


5b. 3 Claim(s):

Total gas cost: 3 Claim(s) (USD): $0.05 ($0.05069845132444344)

Claim Reward: 2 Claim(s) (WEI): 0.000018549088711304 WETH (18549088711304 wei)
Claim Reward: 2 Claim(s) (USD): $0.06 ($0.058377469403151416)

Next Claim Reward: 3 Claim(s) (WEI): 0.000027823633066956 WETH (27823633066956 wei)
Next Claim Reward: 3 Claim(s) (USD): $0.09 ($0.08756620410472712)

Net profit = (Gross Profit - Gas Cost [Avg])
$0.04 = ($0.09 - $0.05) $0.03686775278028368 = ($0.08756620410472712 - $0.05069845132444344)


5b. 4 Claim(s):

Total gas cost: 4 Claim(s) (USD): $0.07 ($0.06857422282765743)

Claim Reward: 3 Claim(s) (WEI): 0.000027823633066956 WETH (27823633066956 wei)
Claim Reward: 3 Claim(s) (USD): $0.09 ($0.08756620410472712)

Next Claim Reward: 4 Claim(s) (WEI): 0.000037098177422608 WETH (37098177422608 wei)
Next Claim Reward: 4 Claim(s) (USD): $0.12 ($0.11675493880630283)

Net profit = (Gross Profit - Gas Cost [Avg])
$0.05 = ($0.12 - $0.07) $0.0481807159786454 = ($0.11675493880630283 - $0.06857422282765743)


5b. 5 Claim(s):

Total gas cost: 5 Claim(s) (USD): $0.09 ($0.08644999433087144)

Claim Reward: 4 Claim(s) (WEI): 0.000037098177422608 WETH (37098177422608 wei)
Claim Reward: 4 Claim(s) (USD): $0.12 ($0.11675493880630283)

Next Claim Reward: 5 Claim(s) (WEI): 0.00004637272177826 WETH (46372721778260 wei)
Next Claim Reward: 5 Claim(s) (USD): $0.15 ($0.14594367350787854)

Net profit = (Gross Profit - Gas Cost [Avg])
$0.06 = ($0.15 - $0.09) $0.0594936791770071 = ($0.14594367350787854 - $0.08644999433087144)


5b. 6 Claim(s):

Total gas cost: 6 Claim(s) (USD): $0.1 ($0.10432576583408543)

Claim Reward: 5 Claim(s) (WEI): 0.00004637272177826 WETH (46372721778260 wei)
Claim Reward: 5 Claim(s) (USD): $0.15 ($0.14594367350787854)

Next Claim Reward: 6 Claim(s) (WEI): 0.000055647266133912 WETH (55647266133912 wei)
Next Claim Reward: 6 Claim(s) (USD): $0.18 ($0.17513240820945425)

Net profit = (Gross Profit - Gas Cost [Avg])
$0.07 = ($0.18 - $0.1) $0.07080664237536882 = ($0.17513240820945425 - $0.10432576583408543)


5b. 7 Claim(s):

Total gas cost: 7 Claim(s) (USD): $0.12 ($0.12220153733729944)

Claim Reward: 6 Claim(s) (WEI): 0.000055647266133912 WETH (55647266133912 wei)
Claim Reward: 6 Claim(s) (USD): $0.18 ($0.17513240820945425)

Next Claim Reward: 7 Claim(s) (WEI): 0.000064921810489564 WETH (64921810489564 wei)
Next Claim Reward: 7 Claim(s) (USD): $0.2 ($0.20432114291102993)

Net profit = (Gross Profit - Gas Cost [Avg])
$0.08 = ($0.2 - $0.12) $0.08211960557373049 = ($0.20432114291102993 - $0.12220153733729944)


5b. 8 Claim(s):

Total gas cost: 8 Claim(s) (USD): $0.14 ($0.14007730884051342)

Claim Reward: 7 Claim(s) (WEI): 0.000064921810489564 WETH (64921810489564 wei)
Claim Reward: 7 Claim(s) (USD): $0.2 ($0.20432114291102993)

Next Claim Reward: 8 Claim(s) (WEI): 0.000074196354845216 WETH (74196354845216 wei)
Next Claim Reward: 8 Claim(s) (USD): $0.23 ($0.23350987761260567)

Net profit = (Gross Profit - Gas Cost [Avg])
$0.09 = ($0.23 - $0.14) $0.09343256877209224 = ($0.23350987761260567 - $0.14007730884051342)


5b. 9 Claim(s):

Total gas cost: 9 Claim(s) (USD): $0.16 ($0.15795308034372743)

Claim Reward: 8 Claim(s) (WEI): 0.000074196354845216 WETH (74196354845216 wei)
Claim Reward: 8 Claim(s) (USD): $0.23 ($0.23350987761260567)

Next Claim Reward: 9 Claim(s) (WEI): 0.000083470899200868 WETH (83470899200868 wei)
Next Claim Reward: 9 Claim(s) (USD): $0.26 ($0.2626986123141814)

Net profit = (Gross Profit - Gas Cost [Avg])
$0.1 = ($0.26 - $0.16) $0.10474553197045397 = ($0.2626986123141814 - $0.15795308034372743)


5b. 10 Claim(s):

Total gas cost: 10 Claim(s) (USD): $0.18 ($0.17582885184694144)

Claim Reward: 9 Claim(s) (WEI): 0.000083470899200868 WETH (83470899200868 wei)
Claim Reward: 9 Claim(s) (USD): $0.26 ($0.2626986123141814)

Next Claim Reward: 10 Claim(s) (WEI): 0.00009274544355652 WETH (92745443556520 wei)
Next Claim Reward: 10 Claim(s) (USD): $0.29 ($0.2918873470157571)

Net profit = (Gross Profit - Gas Cost [Avg])
$0.12 = ($0.29 - $0.18) $0.11605849516881564 = ($0.2918873470157571 - $0.17582885184694144)


5b. 11 Claim(s):

Total gas cost: 11 Claim(s) (USD): $0.19 ($0.19370462335015542)

Claim Reward: 10 Claim(s) (WEI): 0.00009274544355652 WETH (92745443556520 wei)
Claim Reward: 10 Claim(s) (USD): $0.29 ($0.2918873470157571)

Next Claim Reward: 11 Claim(s) (WEI): 0.000102019987912172 WETH (102019987912172 wei)
Next Claim Reward: 11 Claim(s) (USD): $0.32 ($0.3210760817173328)

Net profit = (Gross Profit - Gas Cost [Avg])
$0.13 = ($0.32 - $0.19) $0.1273714583671774 = ($0.3210760817173328 - $0.19370462335015542)


5b. 12 Claim(s):

Total gas cost: 12 Claim(s) (USD): $0.21 ($0.2115803948533694)

Claim Reward: 11 Claim(s) (WEI): 0.000102019987912172 WETH (102019987912172 wei)
Claim Reward: 11 Claim(s) (USD): $0.32 ($0.3210760817173328)

Next Claim Reward: 12 Claim(s) (WEI): 0.000111294532267824 WETH (111294532267824 wei)
Next Claim Reward: 12 Claim(s) (USD): $0.35 ($0.3502648164189085)

Net profit = (Gross Profit - Gas Cost [Avg])
$0.14 = ($0.35 - $0.21) $0.1386844215655391 = ($0.3502648164189085 - $0.2115803948533694)


5b. 13 Claim(s):

Total gas cost: 13 Claim(s) (USD): $0.23 ($0.22945616635658342)

Claim Reward: 12 Claim(s) (WEI): 0.000111294532267824 WETH (111294532267824 wei)
Claim Reward: 12 Claim(s) (USD): $0.35 ($0.3502648164189085)

Next Claim Reward: 13 Claim(s) (WEI): 0.000120569076623476 WETH (120569076623476 wei)
Next Claim Reward: 13 Claim(s) (USD): $0.38 ($0.3794535511204842)

Net profit = (Gross Profit - Gas Cost [Avg])
$0.15 = ($0.38 - $0.23) $0.14999738476390076 = ($0.3794535511204842 - $0.22945616635658342)


5b. 14 Claim(s):

Total gas cost: 14 Claim(s) (USD): $0.25 ($0.24733193785979743)

Claim Reward: 13 Claim(s) (WEI): 0.000120569076623476 WETH (120569076623476 wei)
Claim Reward: 13 Claim(s) (USD): $0.38 ($0.3794535511204842)

Next Claim Reward: 14 Claim(s) (WEI): 0.000129843620979128 WETH (129843620979128 wei)
Next Claim Reward: 14 Claim(s) (USD): $0.41 ($0.40864228582205986)

Net profit = (Gross Profit - Gas Cost [Avg])
$0.16 = ($0.41 - $0.25) $0.16131034796226243 = ($0.40864228582205986 - $0.24733193785979743)


5b. 15 Claim(s):

Total gas cost: 15 Claim(s) (USD): $0.27 ($0.26520770936301136)

Claim Reward: 14 Claim(s) (WEI): 0.000129843620979128 WETH (129843620979128 wei)
Claim Reward: 14 Claim(s) (USD): $0.41 ($0.40864228582205986)

Next Claim Reward: 15 Claim(s) (WEI): 0.00013911816533478 WETH (139118165334780 wei)
Next Claim Reward: 15 Claim(s) (USD): $0.44 ($0.4378310205236356)

Net profit = (Gross Profit - Gas Cost [Avg])
$0.17 = ($0.44 - $0.27) $0.17262331116062424 = ($0.4378310205236356 - $0.26520770936301136)


5b. 16 Claim(s):

Total gas cost: 16 Claim(s) (USD): $0.28 ($0.28308348086622537)

Claim Reward: 15 Claim(s) (WEI): 0.00013911816533478 WETH (139118165334780 wei)
Claim Reward: 15 Claim(s) (USD): $0.44 ($0.4378310205236356)

Next Claim Reward: 16 Claim(s) (WEI): 0.000148392709690432 WETH (148392709690432 wei)
Next Claim Reward: 16 Claim(s) (USD): $0.47 ($0.46701975522521133)

Net profit = (Gross Profit - Gas Cost [Avg])
$0.18 = ($0.47 - $0.28) $0.18393627435898596 = ($0.46701975522521133 - $0.28308348086622537)


5b. 17 Claim(s):

Total gas cost: 17 Claim(s) (USD): $0.3 ($0.3009592523694394)

Claim Reward: 16 Claim(s) (WEI): 0.000148392709690432 WETH (148392709690432 wei)
Claim Reward: 16 Claim(s) (USD): $0.47 ($0.46701975522521133)

Next Claim Reward: 17 Claim(s) (WEI): 0.000157667254046084 WETH (157667254046084 wei)
Next Claim Reward: 17 Claim(s) (USD): $0.5 ($0.49620848992678707)

Net profit = (Gross Profit - Gas Cost [Avg])
$0.2 = ($0.5 - $0.3) $0.1952492375573477 = ($0.49620848992678707 - $0.3009592523694394)


5b. 18 Claim(s):

Total gas cost: 18 Claim(s) (USD): $0.32 ($0.3188350238726534)

Claim Reward: 17 Claim(s) (WEI): 0.000157667254046084 WETH (157667254046084 wei)
Claim Reward: 17 Claim(s) (USD): $0.5 ($0.49620848992678707)

Next Claim Reward: 18 Claim(s) (WEI): 0.000166941798401736 WETH (166941798401736 wei)
Next Claim Reward: 18 Claim(s) (USD): $0.53 ($0.5253972246283628)

Net profit = (Gross Profit - Gas Cost [Avg])
$0.21 = ($0.53 - $0.32) $0.2065622007557094 = ($0.5253972246283628 - $0.3188350238726534)


5b. 19 Claim(s):

Total gas cost: 19 Claim(s) (USD): $0.34 ($0.3367107953758674)

Claim Reward: 18 Claim(s) (WEI): 0.000166941798401736 WETH (166941798401736 wei)
Claim Reward: 18 Claim(s) (USD): $0.53 ($0.5253972246283628)

Next Claim Reward: 19 Claim(s) (WEI): 0.000176216342757388 WETH (176216342757388 wei)
Next Claim Reward: 19 Claim(s) (USD): $0.55 ($0.5545859593299384)

Net profit = (Gross Profit - Gas Cost [Avg])
$0.22 = ($0.55 - $0.34) $0.21787516395407097 = ($0.5545859593299384 - $0.3367107953758674)


5b. 20 Claim(s):

Total gas cost: 20 Claim(s) (USD): $0.35 ($0.35458656687908136)

Claim Reward: 19 Claim(s) (WEI): 0.000176216342757388 WETH (176216342757388 wei)
Claim Reward: 19 Claim(s) (USD): $0.55 ($0.5545859593299384)

Next Claim Reward: 20 Claim(s) (WEI): 0.00018549088711304 WETH (185490887113040 wei)
Next Claim Reward: 20 Claim(s) (USD): $0.58 ($0.5837746940315142)

Net profit = (Gross Profit - Gas Cost [Avg])
$0.23 = ($0.58 - $0.35) $0.2291881271524328 = ($0.5837746940315142 - $0.35458656687908136)


5b. 21 Claim(s):

Total gas cost: 21 Claim(s) (USD): $0.37 ($0.37246233838229537)

Claim Reward: 20 Claim(s) (WEI): 0.00018549088711304 WETH (185490887113040 wei)
Claim Reward: 20 Claim(s) (USD): $0.58 ($0.5837746940315142)

Next Claim Reward: 21 Claim(s) (WEI): 0.000194765431468692 WETH (194765431468692 wei)
Next Claim Reward: 21 Claim(s) (USD): $0.61 ($0.6129634287330898)

Net profit = (Gross Profit - Gas Cost [Avg])
$0.24 = ($0.61 - $0.37) $0.24050109035079448 = ($0.6129634287330898 - $0.37246233838229537)


5b. 22 Claim(s):

Total gas cost: 22 Claim(s) (USD): $0.39 ($0.3903381098855094)

Claim Reward: 21 Claim(s) (WEI): 0.000194765431468692 WETH (194765431468692 wei)
Claim Reward: 21 Claim(s) (USD): $0.61 ($0.6129634287330898)

Next Claim Reward: 22 Claim(s) (WEI): 0.000204039975824344 WETH (204039975824344 wei)
Next Claim Reward: 22 Claim(s) (USD): $0.64 ($0.6421521634346656)

Net profit = (Gross Profit - Gas Cost [Avg])
$0.25 = ($0.64 - $0.39) $0.25181405354915626 = ($0.6421521634346656 - $0.3903381098855094)


5b. 23 Claim(s):

Total gas cost: 23 Claim(s) (USD): $0.41 ($0.40821388138872333)

Claim Reward: 22 Claim(s) (WEI): 0.000204039975824344 WETH (204039975824344 wei)
Claim Reward: 22 Claim(s) (USD): $0.64 ($0.6421521634346656)

Next Claim Reward: 23 Claim(s) (WEI): 0.000213314520179996 WETH (213314520179996 wei)
Next Claim Reward: 23 Claim(s) (USD): $0.67 ($0.6713408981362413)

Net profit = (Gross Profit - Gas Cost [Avg])
$0.26 = ($0.67 - $0.41) $0.263127016747518 = ($0.6713408981362413 - $0.40821388138872333)


5b. 24 Claim(s):

Total gas cost: 24 Claim(s) (USD): $0.43 ($0.42608965289193734)

Claim Reward: 23 Claim(s) (WEI): 0.000213314520179996 WETH (213314520179996 wei)
Claim Reward: 23 Claim(s) (USD): $0.67 ($0.6713408981362413)

Next Claim Reward: 24 Claim(s) (WEI): 0.000222589064535648 WETH (222589064535648 wei)
Next Claim Reward: 24 Claim(s) (USD): $0.7 ($0.700529632837817)

Net profit = (Gross Profit - Gas Cost [Avg])
$0.27 = ($0.7 - $0.43) $0.27443997994587965 = ($0.700529632837817 - $0.42608965289193734)


5b. 25 Claim(s):

Total gas cost: 25 Claim(s) (USD): $0.44 ($0.44396542439515135)

Claim Reward: 24 Claim(s) (WEI): 0.000222589064535648 WETH (222589064535648 wei)
Claim Reward: 24 Claim(s) (USD): $0.7 ($0.700529632837817)

Next Claim Reward: 25 Claim(s) (WEI): 0.0002318636088913 WETH (231863608891300 wei)
Next Claim Reward: 25 Claim(s) (USD): $0.73 ($0.7297183675393927)

Net profit = (Gross Profit - Gas Cost [Avg])
$0.29 = ($0.73 - $0.44) $0.2857529431442413 = ($0.7297183675393927 - $0.44396542439515135)


5b. 26 Claim(s):

Total gas cost: 26 Claim(s) (USD): $0.46 ($0.46184119589836536)

Claim Reward: 25 Claim(s) (WEI): 0.0002318636088913 WETH (231863608891300 wei)
Claim Reward: 25 Claim(s) (USD): $0.73 ($0.7297183675393927)

Next Claim Reward: 26 Claim(s) (WEI): 0.000241138153246952 WETH (241138153246952 wei)
Next Claim Reward: 26 Claim(s) (USD): $0.76 ($0.7589071022409684)

Net profit = (Gross Profit - Gas Cost [Avg])
$0.3 = ($0.76 - $0.46) $0.297065906342603 = ($0.7589071022409684 - $0.46184119589836536)


5b. 27 Claim(s):

Total gas cost: 27 Claim(s) (USD): $0.48 ($0.4797169674015794)

Claim Reward: 26 Claim(s) (WEI): 0.000241138153246952 WETH (241138153246952 wei)
Claim Reward: 26 Claim(s) (USD): $0.76 ($0.7589071022409684)

Next Claim Reward: 27 Claim(s) (WEI): 0.000250412697602604 WETH (250412697602604 wei)
Next Claim Reward: 27 Claim(s) (USD): $0.79 ($0.788095836942544)

Net profit = (Gross Profit - Gas Cost [Avg])
$0.31 = ($0.79 - $0.48) $0.30837886954096466 = ($0.788095836942544 - $0.4797169674015794)


5b. 28 Claim(s):

Total gas cost: 28 Claim(s) (USD): $0.5 ($0.49759273890479333)

Claim Reward: 27 Claim(s) (WEI): 0.000250412697602604 WETH (250412697602604 wei)
Claim Reward: 27 Claim(s) (USD): $0.79 ($0.788095836942544)

Next Claim Reward: 28 Claim(s) (WEI): 0.000259687241958256 WETH (259687241958256 wei)
Next Claim Reward: 28 Claim(s) (USD): $0.82 ($0.8172845716441197)

Net profit = (Gross Profit - Gas Cost [Avg])
$0.32 = ($0.82 - $0.5) $0.3196918327393264 = ($0.8172845716441197 - $0.49759273890479333)


5b. 29 Claim(s):

Total gas cost: 29 Claim(s) (USD): $0.52 ($0.5154685104080073)

Claim Reward: 28 Claim(s) (WEI): 0.000259687241958256 WETH (259687241958256 wei)
Claim Reward: 28 Claim(s) (USD): $0.82 ($0.8172845716441197)

Next Claim Reward: 29 Claim(s) (WEI): 0.000268961786313908 WETH (268961786313908 wei)
Next Claim Reward: 29 Claim(s) (USD): $0.85 ($0.8464733063456955)

Net profit = (Gross Profit - Gas Cost [Avg])
$0.33 = ($0.85 - $0.52) $0.33100479593768817 = ($0.8464733063456955 - $0.5154685104080073)


5b. 30 Claim(s):

Total gas cost: 30 Claim(s) (USD): $0.53 ($0.5333442819112214)

Claim Reward: 29 Claim(s) (WEI): 0.000268961786313908 WETH (268961786313908 wei)
Claim Reward: 29 Claim(s) (USD): $0.85 ($0.8464733063456955)

Next Claim Reward: 30 Claim(s) (WEI): 0.00027823633066956 WETH (278236330669560 wei)
Next Claim Reward: 30 Claim(s) (USD): $0.88 ($0.8756620410472712)

Net profit = (Gross Profit - Gas Cost [Avg])
$0.34 = ($0.88 - $0.53) $0.3423177591360498 = ($0.8756620410472712 - $0.5333442819112214)

******************
5c. Profit/Loss (USD):

Net profit = (Gross Profit - Gas Cost [Max])
$0.31 = ($0.85 - $0.53) $0.3131290244344741 = ($0.8464733063456955 - $0.5333442819112214)

Submitting transaction to claim 29 prize(s):

0x7fad91a4a29109303188d8758f1a9d60ce988349-0xF4027cb4009099387CB2bA1CF3b5745f51352Fa1-5-815
0x7fad91a4a29109303188d8758f1a9d60ce988349-0x3112D5699510010a16f0db0f000aAB2b77e0949C-5-83
0x7fad91a4a29109303188d8758f1a9d60ce988349-0xA8705F524A9B59B548ae7d5Ae3De4196B8E1eD40-5-911
0x7fad91a4a29109303188d8758f1a9d60ce988349-0xb704bEc82348cE84fC1C5659D7D718873Db557fb-5-696
0x7fad91a4a29109303188d8758f1a9d60ce988349-0x03d5177759e2e1EC127Bd1dE00A5e1Fba7dB79b4-5-347
0x7fad91a4a29109303188d8758f1a9d60ce988349-0x8b9A097Dd8263051CDEDA54c8CeF78CBDF13B985-5-71
0x7fad91a4a29109303188d8758f1a9d60ce988349-0x95433e12aa471aDD1297d1Cd72F3B4c16939872B-5-227
0x7fad91a4a29109303188d8758f1a9d60ce988349-0x2fd98Be85381F4eE671683Ec2c62CE60dA60f9f5-5-441
0x7fad91a4a29109303188d8758f1a9d60ce988349-0xC1d9089B7FAd5aA496Aae5f3CD2894380d6568E7-5-221
0x7fad91a4a29109303188d8758f1a9d60ce988349-0xF697019C524dE9dc11bD1fD0fE16A9f4B332899d-5-78
0x7fad91a4a29109303188d8758f1a9d60ce988349-0xF697019C524dE9dc11bD1fD0fE16A9f4B332899d-5-505
0x7fad91a4a29109303188d8758f1a9d60ce988349-0xF9F70e1E756093AeAFb9734f86F680e90bbae0A3-5-26
0x7fad91a4a29109303188d8758f1a9d60ce988349-0x4456994049aeBC07e00dd9AaCCbbda0f71319f1a-5-368
0x7fad91a4a29109303188d8758f1a9d60ce988349-0x3E5C22A8b6F7C38eE81b4dbFA2F95F93fcBF4032-5-255
0x7fad91a4a29109303188d8758f1a9d60ce988349-0x3E5C22A8b6F7C38eE81b4dbFA2F95F93fcBF4032-5-902
0x7fad91a4a29109303188d8758f1a9d60ce988349-0x7430A33fbdad69D51eC2aeE104C37ca3d230ad27-5-182
0x7fad91a4a29109303188d8758f1a9d60ce988349-0x9E142C24f30365E7C90d34ef841Ef81FaC041669-5-299
0x7fad91a4a29109303188d8758f1a9d60ce988349-0x19b074408fe4AAD66c4FDe602BC39C83C5F1c547-5-157
0x7fad91a4a29109303188d8758f1a9d60ce988349-0x48DfB1C14120eF2819a5a8933BF0001c57667F53-5-605
0x7fad91a4a29109303188d8758f1a9d60ce988349-0xD5468eD77ee224e7a7Bea3474270173E917911dB-5-974
0x7fad91a4a29109303188d8758f1a9d60ce988349-0x2061714A9F3BcC9Ce966ecA25a3628dCb38f4813-5-277
0x7fad91a4a29109303188d8758f1a9d60ce988349-0x2061714A9F3BcC9Ce966ecA25a3628dCb38f4813-5-984
0x7fad91a4a29109303188d8758f1a9d60ce988349-0xf6E2AEE6fa57eF060d17CAda59Fc0C2dFF98cD24-5-799
0x7fad91a4a29109303188d8758f1a9d60ce988349-0x16AbDE3736b66db2D5a1b7668D01f37b9A8b1e13-5-306
0x7fad91a4a29109303188d8758f1a9d60ce988349-0x0a796d657122A30A7EC20E8CBFf67AC22253F2B4-5-509
0x7fad91a4a29109303188d8758f1a9d60ce988349-0xc6fEcC9143548644ae2F8A5B037362507b416418-5-68
0x7fad91a4a29109303188d8758f1a9d60ce988349-0x99E684fE2c7Fe150652B36900E3d4bb7F8520226-5-313
0x7fad91a4a29109303188d8758f1a9d60ce988349-0xbFf3De1b178E036A8877A3258294D4161126D70c-5-631
0x7fad91a4a29109303188d8758f1a9d60ce988349-0xaAA8c3BA532677F6182f824413e3E4181e95aC75-5-770



Execute Claim Transaction for Tier #5 (Canary tier)



Transaction sent! ✔
Transaction hash: 0xea24c540990d36776c6228cf2166b003807c539b32e52c4dd70e5516ae5feb93
Waiting on transaction to be confirmed ...
Tx confirmed !




******************
Processing:
Vault:     0x33335296c9b020ca3252e4953c11decfdce816b8
Tier:      #6 (Canary tier)
# prizes:  1658

5a. Calculating # of profitable claims ...

Native (Gas) Token ETH Market Rate (USD): $3149.83

Estimated gas limit (wei) (1 prize claim): 0.000000000000180747 ETH (180747 wei)
Estimated gas limit (wei) (2 prize claims): 0.000000000000258825 ETH (258825 wei)

Gas Cost: First Claim (wei): 0.000000000000180747 ETH (180747 wei)
Gas Cost: Each Following Claim (wei): 0.000000000000078078 ETH (78078 wei)

Gas Cost: First Claim (USD): $0.01 $0.014964180037452202
Gas Cost: Each Following Claim (USD): $0.02 $0.017976470053069377

5b. 1 Claim(s):

Total gas cost: 1 Claim(s) (USD): $0.01 ($0.014964180037452202)

Next Claim Reward: 1 Claim(s) (WEI): 0.000002318636088913 WETH (2318636088913 wei)
Next Claim Reward: 1 Claim(s) (USD): $0.01 ($0.007297183675393927)

Net profit = (Gross Profit - Gas Cost [Avg])
$-0.01 = ($0.01 - $0.01) $-0.0076669963620582746 = ($0.007297183675393927 - $0.014964180037452202)

******************
5c. Profit/Loss (USD):

Net profit = (Gross Profit - Gas Cost [Max])
$-0.01 = ($0 - $0.01) $-0.014964180037452202 = ($0 - $0.014964180037452202)

Claiming tier #6 (Canary tier) currently not profitable.
Not profitable to claim for Draw #14, Tier: #6 (Canary tier)




******************
Processing:
Vault:     0x75b2f4b3ec5adf7077f928992524cc547e74f768
Tier:      #6 (Canary tier)
# prizes:  377

Tier #6 (Canary tier) not profitable, skipping ...





******************
Processing:
Vault:     0x7fad91a4a29109303188d8758f1a9d60ce988349
Tier:      #6 (Canary tier)
# prizes:  2213

Tier #6 (Canary tier) not profitable, skipping ...

