Operating on: 11155420 - Optimism Sepolia

Config - REWARD_RECIPIENT not provided, setting swap recipient to relayer address: 0x06003274c3a7926c04cA8d6903cc691fE8f3CEC2
Config - MIN_PROFIT_THRESHOLD_USD: 0.05

Starting ...
Getting prize pool info ...
Getting prize context ...

******************
1. Prize token: WETH

┌────────────┬──────────────────────────────────────────────┬──────────┬─────────────────┬────────┬──────────────┐
│ (index)    │ address                                      │ decimals │ name            │ symbol │ assetRateUsd │
├────────────┼──────────────────────────────────────────────┼──────────┼─────────────────┼────────┼──────────────┤
│ prizeToken │ '0xC355F97a3Aa2808Acb536E555764b8FB26fB4b37' │ 18       │ 'Wrapped Ether' │ 'WETH' │ 3160.3171    │
└────────────┴──────────────────────────────────────────────┴──────────┴─────────────────┴────────┴──────────────┘
┌─────────┬──────────┬───────────────────────────────┐
│ (index) │ numTiers │ tiersRangeArray               │
├─────────┼──────────┼───────────────────────────────┤
│ tiers   │ 7        │ [ 0, 1, 2, ... 4 more items ] │
└─────────┴──────────┴───────────────────────────────┘
Draw ID: 17
Prize Token WETH MarketRate USD:  $3160.3171

******************
Getting prize vaults ...
Found 6 prize vaults.

136 prizes already claimed for draw #17.
5171 prizes remaining to be claimed...




******************
Processing:
Vault:     0x33335296c9b020ca3252e4953c11decfdce816b8
Tier:      #4
# prizes:  52

5a. Calculating # of profitable claims ...

Native (Gas) Token ETH Market Rate (USD): $3152.17

Estimated gas limit (wei) (1 prize claim): 0.000000000000213651 ETH (213651 wei)
Estimated gas limit (wei) (2 prize claims): 0.000000000000320965 ETH (320965 wei)

Gas Cost: First Claim (wei): 0.000000000000213651 ETH (213651 wei)
Gas Cost: Each Following Claim (wei): 0.000000000000107314 ETH (107314 wei)

Gas Cost: First Claim (USD): $0.02 $0.01822587808664536
Gas Cost: Each Following Claim (USD): $0.02 $0.0218979629837847

5b. 1 Claim(s):

Total gas cost: 1 Claim(s) (USD): $0.02 ($0.01822587808664536)

Next Claim Reward: 1 Claim(s) (WEI): 0.000146078850786457 WETH (146078850786457 wei)
Next Claim Reward: 1 Claim(s) (USD): $0.46 ($0.46165549008878853)

Net profit = (Gross Profit - Gas Cost [Avg])
$0.44 = ($0.46 - $0.02) $0.44342961200214315 = ($0.46165549008878853 - $0.01822587808664536)


5b. 2 Claim(s):

Total gas cost: 2 Claim(s) (USD): $0.04 ($0.04012384107043006)

Claim Reward: 1 Claim(s) (WEI): 0.000146078850786457 WETH (146078850786457 wei)
Claim Reward: 1 Claim(s) (USD): $0.46 ($0.46165549008878853)

Next Claim Reward: 2 Claim(s) (WEI): 0.00029197976544322 WETH (291979765443220 wei)
Next Claim Reward: 2 Claim(s) (USD): $0.92 ($0.9227486455841972)

Net profit = (Gross Profit - Gas Cost [Avg])
$0.88 = ($0.92 - $0.04) $0.8826248045137671 = ($0.9227486455841972 - $0.04012384107043006)


5b. 3 Claim(s):

Total gas cost: 3 Claim(s) (USD): $0.06 ($0.06202180405421476)

Claim Reward: 2 Claim(s) (WEI): 0.00029197976544322 WETH (291979765443220 wei)
Claim Reward: 2 Claim(s) (USD): $0.92 ($0.9227486455841972)

Next Claim Reward: 3 Claim(s) (WEI): 0.00043770296071122 WETH (437702960711220 wei)
Next Claim Reward: 3 Claim(s) (USD): $1.38 ($1.3832801514562967)

Net profit = (Gross Profit - Gas Cost [Avg])
$1.32 = ($1.38 - $0.06) $1.321258347402082 = ($1.3832801514562967 - $0.06202180405421476)


5b. 4 Claim(s):

Total gas cost: 4 Claim(s) (USD): $0.08 ($0.08391976703799946)

Claim Reward: 3 Claim(s) (WEI): 0.00043770296071122 WETH (437702960711220 wei)
Claim Reward: 3 Claim(s) (USD): $1.38 ($1.3832801514562967)

Next Claim Reward: 4 Claim(s) (WEI): 0.00058324865306738 WETH (583248653067380 wei)
Next Claim Reward: 4 Claim(s) (USD): $1.84 ($1.8432506918408085)

Net profit = (Gross Profit - Gas Cost [Avg])
$1.76 = ($1.84 - $0.08) $1.759330924802809 = ($1.8432506918408085 - $0.08391976703799946)


5b. 5 Claim(s):

Total gas cost: 5 Claim(s) (USD): $0.11 ($0.10581773002178416)

Claim Reward: 4 Claim(s) (WEI): 0.00058324865306738 WETH (583248653067380 wei)
Claim Reward: 4 Claim(s) (USD): $1.84 ($1.8432506918408085)

Next Claim Reward: 5 Claim(s) (WEI): 0.00072861705872494 WETH (728617058724940 wei)
Next Claim Reward: 5 Claim(s) (USD): $2.3 ($2.3026609500401323)

Net profit = (Gross Profit - Gas Cost [Avg])
$2.2 = ($2.3 - $0.11) $2.1968432200183483 = ($2.3026609500401323 - $0.10581773002178416)


5b. 6 Claim(s):

Total gas cost: 6 Claim(s) (USD): $0.13 ($0.12771569300556884)

Claim Reward: 5 Claim(s) (WEI): 0.00072861705872494 WETH (728617058724940 wei)
Claim Reward: 5 Claim(s) (USD): $2.3 ($2.3026609500401323)

Next Claim Reward: 6 Claim(s) (WEI): 0.000873808393633764 WETH (873808393633764 wei)
Next Claim Reward: 6 Claim(s) (USD): $2.76 ($2.761511608524316)

Net profit = (Gross Profit - Gas Cost [Avg])
$2.63 = ($2.76 - $0.13) $2.633795915518747 = ($2.761511608524316 - $0.12771569300556884)


5b. 7 Claim(s):

Total gas cost: 7 Claim(s) (USD): $0.15 ($0.14961365598935356)

Claim Reward: 6 Claim(s) (WEI): 0.000873808393633764 WETH (873808393633764 wei)
Claim Reward: 6 Claim(s) (USD): $2.76 ($2.761511608524316)

Next Claim Reward: 7 Claim(s) (WEI): 0.001018822873480685 WETH (1018822873480685 wei)
Next Claim Reward: 7 Claim(s) (USD): $3.22 ($3.219803348932146)

Net profit = (Gross Profit - Gas Cost [Avg])
$3.07 = ($3.22 - $0.15) $3.0701896929427925 = ($3.219803348932146 - $0.14961365598935356)


5b. 8 Claim(s):

Total gas cost: 8 Claim(s) (USD): $0.17 ($0.17151161897313824)

Claim Reward: 7 Claim(s) (WEI): 0.001018822873480685 WETH (1018822873480685 wei)
Claim Reward: 7 Claim(s) (USD): $3.22 ($3.219803348932146)

Next Claim Reward: 8 Claim(s) (WEI): 0.001163660713689808 WETH (1163660713689808 wei)
Next Claim Reward: 8 Claim(s) (USD): $3.68 ($3.6775368520721043)

Net profit = (Gross Profit - Gas Cost [Avg])
$3.51 = ($3.68 - $0.17) $3.506025233098966 = ($3.6775368520721043 - $0.17151161897313824)


5b. 9 Claim(s):

Total gas cost: 9 Claim(s) (USD): $0.19 ($0.19340958195692295)

Claim Reward: 8 Claim(s) (WEI): 0.001163660713689808 WETH (1163660713689808 wei)
Claim Reward: 8 Claim(s) (USD): $3.68 ($3.6775368520721043)

Next Claim Reward: 9 Claim(s) (WEI): 0.001308322129422816 WETH (1308322129422816 wei)
Next Claim Reward: 9 Claim(s) (USD): $4.13 ($4.1347127979233385)

Net profit = (Gross Profit - Gas Cost [Avg])
$3.94 = ($4.13 - $0.19) $3.9413032159664154 = ($4.1347127979233385 - $0.19340958195692295)


5b. 10 Claim(s):

Total gas cost: 10 Claim(s) (USD): $0.22 ($0.21530754494070767)

Claim Reward: 9 Claim(s) (WEI): 0.001308322129422816 WETH (1308322129422816 wei)
Claim Reward: 9 Claim(s) (USD): $4.13 ($4.1347127979233385)

Next Claim Reward: 10 Claim(s) (WEI): 0.00145280733557934 WETH (1452807335579340 wei)
Next Claim Reward: 10 Claim(s) (USD): $4.59 ($4.5913318656368265)

Net profit = (Gross Profit - Gas Cost [Avg])
$4.38 = ($4.59 - $0.22) $4.376024320696119 = ($4.5913318656368265 - $0.21530754494070767)


5b. 11 Claim(s):

Total gas cost: 11 Claim(s) (USD): $0.24 ($0.23720550792449235)

Claim Reward: 10 Claim(s) (WEI): 0.00145280733557934 WETH (1452807335579340 wei)
Claim Reward: 10 Claim(s) (USD): $4.59 ($4.5913318656368265)

Next Claim Reward: 11 Claim(s) (WEI): 0.001597116546797211 WETH (1597116546797211 wei)
Next Claim Reward: 11 Claim(s) (USD): $5.05 ($5.047394733536176)

Net profit = (Gross Profit - Gas Cost [Avg])
$4.81 = ($5.05 - $0.24) $4.810189225611684 = ($5.047394733536176 - $0.23720550792449235)


5b. 12 Claim(s):

Total gas cost: 12 Claim(s) (USD): $0.26 ($0.259103470908277)

Claim Reward: 11 Claim(s) (WEI): 0.001597116546797211 WETH (1597116546797211 wei)
Claim Reward: 11 Claim(s) (USD): $5.05 ($5.047394733536176)

Next Claim Reward: 12 Claim(s) (WEI): 0.001741249977452844 WETH (1741249977452844 wei)
Next Claim Reward: 12 Claim(s) (USD): $5.5 ($5.502902079118837)

Net profit = (Gross Profit - Gas Cost [Avg])
$5.24 = ($5.5 - $0.26) $5.24379860821056 = ($5.502902079118837 - $0.259103470908277)


5b. 13 Claim(s):

Total gas cost: 13 Claim(s) (USD): $0.28 ($0.2810014338920618)

Claim Reward: 12 Claim(s) (WEI): 0.001741249977452844 WETH (1741249977452844 wei)
Claim Reward: 12 Claim(s) (USD): $5.5 ($5.502902079118837)

Next Claim Reward: 13 Claim(s) (WEI): 0.001885207841661495 WETH (1885207841661495 wei)
Next Claim Reward: 13 Claim(s) (USD): $5.96 ($5.9578545790569155)

Net profit = (Gross Profit - Gas Cost [Avg])
$5.68 = ($5.96 - $0.28) $5.676853145164854 = ($5.9578545790569155 - $0.2810014338920618)


5b. 14 Claim(s):

Total gas cost: 14 Claim(s) (USD): $0.3 ($0.30289939687584644)

Claim Reward: 13 Claim(s) (WEI): 0.001885207841661495 WETH (1885207841661495 wei)
Claim Reward: 13 Claim(s) (USD): $5.96 ($5.9578545790569155)

Next Claim Reward: 14 Claim(s) (WEI): 0.002028990353277636 WETH (2028990353277636 wei)
Next Claim Reward: 14 Claim(s) (USD): $6.41 ($6.4122529091983544)

Net profit = (Gross Profit - Gas Cost [Avg])
$6.11 = ($6.41 - $0.3) $6.1093535123225085 = ($6.4122529091983544 - $0.30289939687584644)


5b. 15 Claim(s):

Total gas cost: 15 Claim(s) (USD): $0.32 ($0.3247973598596311)

Claim Reward: 14 Claim(s) (WEI): 0.002028990353277636 WETH (2028990353277636 wei)
Claim Reward: 14 Claim(s) (USD): $6.41 ($6.4122529091983544)

Next Claim Reward: 15 Claim(s) (WEI): 0.00217259772589524 WETH (2172597725895240 wei)
Next Claim Reward: 15 Claim(s) (USD): $6.87 ($6.866097744567839)

Net profit = (Gross Profit - Gas Cost [Avg])
$6.54 = ($6.87 - $0.32) $6.541300384708208 = ($6.866097744567839 - $0.3247973598596311)


5b. 16 Claim(s):

Total gas cost: 16 Claim(s) (USD): $0.35 ($0.34669532284341587)

Claim Reward: 15 Claim(s) (WEI): 0.00217259772589524 WETH (2172597725895240 wei)
Claim Reward: 15 Claim(s) (USD): $6.87 ($6.866097744567839)

Next Claim Reward: 16 Claim(s) (WEI): 0.002316030172848112 WETH (2316030172848112 wei)
Next Claim Reward: 16 Claim(s) (USD): $7.32 ($7.319389759367844)

Net profit = (Gross Profit - Gas Cost [Avg])
$6.97 = ($7.32 - $0.35) $6.972694436524429 = ($7.319389759367844 - $0.34669532284341587)


5b. 17 Claim(s):

Total gas cost: 17 Claim(s) (USD): $0.37 ($0.3685932858272005)

Claim Reward: 16 Claim(s) (WEI): 0.002316030172848112 WETH (2316030172848112 wei)
Claim Reward: 16 Claim(s) (USD): $7.32 ($7.319389759367844)

Next Claim Reward: 17 Claim(s) (WEI): 0.002459287907210158 WETH (2459287907210158 wei)
Next Claim Reward: 17 Claim(s) (USD): $7.77 ($7.772129626979475)

Net profit = (Gross Profit - Gas Cost [Avg])
$7.4 = ($7.77 - $0.37) $7.403536341152274 = ($7.772129626979475 - $0.3685932858272005)


5b. 18 Claim(s):

Total gas cost: 18 Claim(s) (USD): $0.39 ($0.3904912488109853)

Claim Reward: 17 Claim(s) (WEI): 0.002459287907210158 WETH (2459287907210158 wei)
Claim Reward: 17 Claim(s) (USD): $7.77 ($7.772129626979475)

Next Claim Reward: 18 Claim(s) (WEI): 0.00260237114179578 WETH (2602371141795780 wei)
Next Claim Reward: 18 Claim(s) (USD): $8.22 ($8.224318019963729)

Net profit = (Gross Profit - Gas Cost [Avg])
$7.83 = ($8.22 - $0.39) $7.833826771152744 = ($8.224318019963729 - $0.3904912488109853)


5b. 19 Claim(s):

Total gas cost: 19 Claim(s) (USD): $0.41 ($0.41238921179476995)

Claim Reward: 18 Claim(s) (WEI): 0.00260237114179578 WETH (2602371141795780 wei)
Claim Reward: 18 Claim(s) (USD): $8.22 ($8.224318019963729)

Next Claim Reward: 19 Claim(s) (WEI): 0.002745280089160168 WETH (2745280089160168 wei)
Next Claim Reward: 19 Claim(s) (USD): $8.68 ($8.675955610062404)

Net profit = (Gross Profit - Gas Cost [Avg])
$8.26 = ($8.68 - $0.41) $8.263566398267635 = ($8.675955610062404 - $0.41238921179476995)


5b. 20 Claim(s):

Total gas cost: 20 Claim(s) (USD): $0.43 ($0.4342871747785546)

Claim Reward: 19 Claim(s) (WEI): 0.002745280089160168 WETH (2745280089160168 wei)
Claim Reward: 19 Claim(s) (USD): $8.68 ($8.675955610062404)

Next Claim Reward: 20 Claim(s) (WEI): 0.00288801496159958 WETH (2888014961599580 wei)
Next Claim Reward: 20 Claim(s) (USD): $9.13 ($9.127043068198995)

Net profit = (Gross Profit - Gas Cost [Avg])
$8.69 = ($9.13 - $0.43) $8.69275589342044 = ($9.127043068198995 - $0.4342871747785546)


5b. 21 Claim(s):

Total gas cost: 21 Claim(s) (USD): $0.46 ($0.4561851377623394)

Claim Reward: 20 Claim(s) (WEI): 0.00288801496159958 WETH (2888014961599580 wei)
Claim Reward: 20 Claim(s) (USD): $9.13 ($9.127043068198995)

Next Claim Reward: 21 Claim(s) (WEI): 0.003030575971151652 WETH (3030575971151652 wei)
Next Claim Reward: 21 Claim(s) (USD): $9.58 ($9.577581064479674)

Net profit = (Gross Profit - Gas Cost [Avg])
$9.12 = ($9.58 - $0.46) $9.121395926717334 = ($9.577581064479674 - $0.4561851377623394)


5b. 22 Claim(s):

Total gas cost: 22 Claim(s) (USD): $0.48 ($0.47808310074612403)

Claim Reward: 21 Claim(s) (WEI): 0.003030575971151652 WETH (3030575971151652 wei)
Claim Reward: 21 Claim(s) (USD): $9.58 ($9.577581064479674)

Next Claim Reward: 22 Claim(s) (WEI): 0.003172963329595796 WETH (3172963329595796 wei)
Next Claim Reward: 22 Claim(s) (USD): $10.03 ($10.02757026819453)

Net profit = (Gross Profit - Gas Cost [Avg])
$9.55 = ($10.03 - $0.48) $9.549487167448406 = ($10.02757026819453 - $0.47808310074612403)


5b. 23 Claim(s):

Total gas cost: 23 Claim(s) (USD): $0.5 ($0.4999810637299087)

Claim Reward: 22 Claim(s) (WEI): 0.003172963329595796 WETH (3172963329595796 wei)
Claim Reward: 22 Claim(s) (USD): $10.03 ($10.02757026819453)

Next Claim Reward: 23 Claim(s) (WEI): 0.003315177248453438 WETH (3315177248453438 wei)
Next Claim Reward: 23 Claim(s) (USD): $10.48 ($10.47701134781835)

Net profit = (Gross Profit - Gas Cost [Avg])
$9.98 = ($10.48 - $0.5) $9.97703028408844 = ($10.47701134781835 - $0.4999810637299087)


5b. 24 Claim(s):

Total gas cost: 24 Claim(s) (USD): $0.52 ($0.5218790267136935)

Claim Reward: 23 Claim(s) (WEI): 0.003315177248453438 WETH (3315177248453438 wei)
Claim Reward: 23 Claim(s) (USD): $10.48 ($10.47701134781835)

Next Claim Reward: 24 Claim(s) (WEI): 0.003457217938988328 WETH (3457217938988328 wei)
Next Claim Reward: 24 Claim(s) (USD): $10.93 ($10.92590497101157)

Net profit = (Gross Profit - Gas Cost [Avg])
$10.4 = ($10.93 - $0.52) $10.404025944297878 = ($10.92590497101157 - $0.5218790267136935)


5b. 25 Claim(s):

Total gas cost: 25 Claim(s) (USD): $0.54 ($0.5437769896974781)

Claim Reward: 24 Claim(s) (WEI): 0.003457217938988328 WETH (3457217938988328 wei)
Claim Reward: 24 Claim(s) (USD): $10.93 ($10.92590497101157)

Next Claim Reward: 25 Claim(s) (WEI): 0.0035990856122069 WETH (3599085612206900 wei)
Next Claim Reward: 25 Claim(s) (USD): $11.37 ($11.374251804621435)

Net profit = (Gross Profit - Gas Cost [Avg])
$10.83 = ($11.37 - $0.54) $10.830474814923956 = ($11.374251804621435 - $0.5437769896974781)


5b. 26 Claim(s):

Total gas cost: 26 Claim(s) (USD): $0.57 ($0.5656749526812628)

Claim Reward: 25 Claim(s) (WEI): 0.0035990856122069 WETH (3599085612206900 wei)
Claim Reward: 25 Claim(s) (USD): $11.37 ($11.374251804621435)

Next Claim Reward: 26 Claim(s) (WEI): 0.003740780478858566 WETH (3740780478858566 wei)
Next Claim Reward: 26 Claim(s) (USD): $11.82 ($11.822052514682916)

Net profit = (Gross Profit - Gas Cost [Avg])
$11.26 = ($11.82 - $0.57) $11.256377562001653 = ($11.822052514682916 - $0.5656749526812628)


5b. 27 Claim(s):

Total gas cost: 27 Claim(s) (USD): $0.59 ($0.5875729156650475)

Claim Reward: 26 Claim(s) (WEI): 0.003740780478858566 WETH (3740780478858566 wei)
Claim Reward: 26 Claim(s) (USD): $11.82 ($11.822052514682916)

Next Claim Reward: 27 Claim(s) (WEI): 0.003882302749436031 WETH (3882302749436031 wei)
Next Claim Reward: 27 Claim(s) (USD): $12.27 ($12.269307766419704)

Net profit = (Gross Profit - Gas Cost [Avg])
$11.68 = ($12.27 - $0.59) $11.681734850754657 = ($12.269307766419704 - $0.5875729156650475)


5b. 28 Claim(s):

Total gas cost: 28 Claim(s) (USD): $0.61 ($0.6094708786488322)

Claim Reward: 27 Claim(s) (WEI): 0.003882302749436031 WETH (3882302749436031 wei)
Claim Reward: 27 Claim(s) (USD): $12.27 ($12.269307766419704)

Next Claim Reward: 28 Claim(s) (WEI): 0.004023652634175608 WETH (4023652634175608 wei)
Next Claim Reward: 28 Claim(s) (USD): $12.72 ($12.716018224245218)

Net profit = (Gross Profit - Gas Cost [Avg])
$12.11 = ($12.72 - $0.61) $12.106547345596386 = ($12.716018224245218 - $0.6094708786488322)


5b. 29 Claim(s):

Total gas cost: 29 Claim(s) (USD): $0.63 ($0.6313688416326169)

Claim Reward: 28 Claim(s) (WEI): 0.004023652634175608 WETH (4023652634175608 wei)
Claim Reward: 28 Claim(s) (USD): $12.72 ($12.716018224245218)

Next Claim Reward: 29 Claim(s) (WEI): 0.004164830343057504 WETH (4164830343057504 wei)
Next Claim Reward: 29 Claim(s) (USD): $13.16 ($13.162184551763497)

Net profit = (Gross Profit - Gas Cost [Avg])
$12.53 = ($13.16 - $0.63) $12.53081571013088 = ($13.162184551763497 - $0.6313688416326169)


5b. 30 Claim(s):

Total gas cost: 30 Claim(s) (USD): $0.65 ($0.6532668046164016)

Claim Reward: 29 Claim(s) (WEI): 0.004164830343057504 WETH (4164830343057504 wei)
Claim Reward: 29 Claim(s) (USD): $13.16 ($13.162184551763497)

Next Claim Reward: 30 Claim(s) (WEI): 0.00430583608580616 WETH (4305836085806160 wei)
Next Claim Reward: 30 Claim(s) (USD): $13.61 ($13.607807411770276)

Net profit = (Gross Profit - Gas Cost [Avg])
$12.95 = ($13.61 - $0.65) $12.954540607153874 = ($13.607807411770276 - $0.6532668046164016)

******************
5c. Profit/Loss (USD):

Net profit = (Gross Profit - Gas Cost [Max])
$12.51 = ($13.16 - $0.65) $12.508917747147095 = ($13.162184551763497 - $0.6532668046164016)

Submitting transaction to claim 29 prize(s):

0x33335296c9b020ca3252e4953c11decfdce816b8-0x94b589ea3e92453b158fEdC26AB6E71C8d4fA43B-4-58
0x33335296c9b020ca3252e4953c11decfdce816b8-0xD7A1Fdc32d3DdB8d5B2376812341b65e587a487A-4-59
0x33335296c9b020ca3252e4953c11decfdce816b8-0x6979bA778537C1b6ed328Ddb37deA812dA7968B2-4-178
0x33335296c9b020ca3252e4953c11decfdce816b8-0x6A117a1F0D271e35df5ad4356cf7cF8EbAC8E6d4-4-255
0x33335296c9b020ca3252e4953c11decfdce816b8-0x85A816D3B0cC59B4dEaFb0816CCd88139Dd39cd0-4-214
0x33335296c9b020ca3252e4953c11decfdce816b8-0xbA25e2AAf4A87fB44A2Aa3ED8Ad897606a449724-4-188
0x33335296c9b020ca3252e4953c11decfdce816b8-0x88cDb81CBfe0D599eF03f0A46D5127ac43958903-4-68
0x33335296c9b020ca3252e4953c11decfdce816b8-0x300E072620F09aC22B684f4774A92d5854C8Ef93-4-146
0x33335296c9b020ca3252e4953c11decfdce816b8-0x9c453c73039dCB14b346ca1c753998Af725cBAc2-4-60
0x33335296c9b020ca3252e4953c11decfdce816b8-0xeFbA747632B03A29d031e553906d71FC92cc49eb-4-78
0x33335296c9b020ca3252e4953c11decfdce816b8-0x866F3756d45F6D07F20CbfCe5c4a3d5Bbf2d8Dac-4-210
0x33335296c9b020ca3252e4953c11decfdce816b8-0x411E1a2889c7b2Cb6d40244cDf54708a5bfb3960-4-16
0x33335296c9b020ca3252e4953c11decfdce816b8-0x5B9a3907eBFFf02E28c49e77bf25bd7586b09BEC-4-50
0x33335296c9b020ca3252e4953c11decfdce816b8-0x56de2114903CECD4ecd37BD8095948fe62fa4Fe8-4-101
0x33335296c9b020ca3252e4953c11decfdce816b8-0x53429282A3F24F4618b0a385B6fDff2859A9C019-4-5
0x33335296c9b020ca3252e4953c11decfdce816b8-0xf86f0E48D92D20448369dE1204Fd986F16bB614d-4-32
0x33335296c9b020ca3252e4953c11decfdce816b8-0xBE3fa6142BA93775f9982f37F15D0589A7b5cd96-4-42
0x33335296c9b020ca3252e4953c11decfdce816b8-0xBE3fa6142BA93775f9982f37F15D0589A7b5cd96-4-102
0x33335296c9b020ca3252e4953c11decfdce816b8-0x3e8A5E354BC24E9ac9Fafc375fFD35B4f7927460-4-110
0x33335296c9b020ca3252e4953c11decfdce816b8-0x49780bD0c0384a112092DaEBC5A6f522bD98fb69-4-177
0x33335296c9b020ca3252e4953c11decfdce816b8-0xbb8A50292f24752c13240Ef6e321eEfE4aaB2257-4-45
0x33335296c9b020ca3252e4953c11decfdce816b8-0x1111474a60aB71d2af1442d4EA14645138a6d8ee-4-79
0x33335296c9b020ca3252e4953c11decfdce816b8-0x295fe9431A014925a289FF77d39f81135c3F39dA-4-58
0x33335296c9b020ca3252e4953c11decfdce816b8-0x57d5c990C3335DD197733c026E5C1E21f81626bb-4-175
0x33335296c9b020ca3252e4953c11decfdce816b8-0x27e87939505B875E8a3a45d3631072ebA5adcf2f-4-200
0x33335296c9b020ca3252e4953c11decfdce816b8-0x48421d3D8Eb961e78228Eb94840249389f87a0ce-4-7
0x33335296c9b020ca3252e4953c11decfdce816b8-0x7160772d488735Feffc53f4d2b6Af9237eeCcA8A-4-14
0x33335296c9b020ca3252e4953c11decfdce816b8-0xe56d739B5ad19A5Db21Fb75f31Bf5854b672e510-4-32
0x33335296c9b020ca3252e4953c11decfdce816b8-0x2E07454Da62bd386408586fBb646533b78f933aE-4-50



Execute Claim Transaction for Tier #4



Transaction sent! ✔
Transaction hash: 0x387207e095fe6ef893ecab0338aabf188996a0ef18dec291bb496d9d2bdbf74d
Waiting on transaction to be confirmed ...
Tx confirmed !




******************
Processing:
Vault:     0x7fad91a4a29109303188d8758f1a9d60ce988349
Tier:      #4
# prizes:  65

5a. Calculating # of profitable claims ...

Native (Gas) Token ETH Market Rate (USD): $3152.17

Estimated gas limit (wei) (1 prize claim): 0.000000000000213651 ETH (213651 wei)
Estimated gas limit (wei) (2 prize claims): 0.000000000000320965 ETH (320965 wei)

Gas Cost: First Claim (wei): 0.000000000000213651 ETH (213651 wei)
Gas Cost: Each Following Claim (wei): 0.000000000000107314 ETH (107314 wei)

Gas Cost: First Claim (USD): $0.02 $0.017550375625348353
Gas Cost: Each Following Claim (USD): $0.02 $0.021068236216257055

5b. 1 Claim(s):

Total gas cost: 1 Claim(s) (USD): $0.02 ($0.017550375625348353)

Next Claim Reward: 1 Claim(s) (WEI): 0.00014307625901745 WETH (143076259017450 wei)
Next Claim Reward: 1 Claim(s) (USD): $0.45 ($0.45216634797687644)

Net profit = (Gross Profit - Gas Cost [Avg])
$0.43 = ($0.45 - $0.02) $0.4346159723515281 = ($0.45216634797687644 - $0.017550375625348353)


5b. 2 Claim(s):

Total gas cost: 2 Claim(s) (USD): $0.04 ($0.03861861184160541)

Claim Reward: 1 Claim(s) (WEI): 0.00014307625901745 WETH (143076259017450 wei)
Claim Reward: 1 Claim(s) (USD): $0.45 ($0.45216634797687644)

Next Claim Reward: 2 Claim(s) (WEI): 0.000285978239310472 WETH (285978239310472 wei)
Next Claim Reward: 2 Claim(s) (USD): $0.9 ($0.9037819199207768)

Net profit = (Gross Profit - Gas Cost [Avg])
$0.87 = ($0.9 - $0.04) $0.8651633080791714 = ($0.9037819199207768 - $0.03861861184160541)


5b. 3 Claim(s):

Total gas cost: 3 Claim(s) (USD): $0.06 ($0.059686848057862465)

Claim Reward: 2 Claim(s) (WEI): 0.000285978239310472 WETH (285978239310472 wei)
Claim Reward: 2 Claim(s) (USD): $0.9 ($0.9037819199207768)

Next Claim Reward: 3 Claim(s) (WEI): 0.000428706153164979 WETH (428706153164979 wei)
Next Claim Reward: 3 Claim(s) (USD): $1.35 ($1.3548473867225024)

Net profit = (Gross Profit - Gas Cost [Avg])
$1.3 = ($1.35 - $0.06) $1.2951605386646399 = ($1.3548473867225024 - $0.059686848057862465)


5b. 4 Claim(s):

Total gas cost: 4 Claim(s) (USD): $0.08 ($0.08075508427411951)

Claim Reward: 3 Claim(s) (WEI): 0.000428706153164979 WETH (428706153164979 wei)
Claim Reward: 3 Claim(s) (USD): $1.35 ($1.3548473867225024)

Next Claim Reward: 4 Claim(s) (WEI): 0.000571260212608296 WETH (571260212608296 wei)
Next Claim Reward: 4 Claim(s) (USD): $1.81 ($1.8053634184556335)

Net profit = (Gross Profit - Gas Cost [Avg])
$1.72 = ($1.81 - $0.08) $1.724608334181514 = ($1.8053634184556335 - $0.08075508427411951)


5b. 5 Claim(s):

Total gas cost: 5 Claim(s) (USD): $0.1 ($0.10182332049037657)

Claim Reward: 4 Claim(s) (WEI): 0.000571260212608296 WETH (571260212608296 wei)
Claim Reward: 4 Claim(s) (USD): $1.81 ($1.8053634184556335)

Next Claim Reward: 5 Claim(s) (WEI): 0.000713640629409485 WETH (713640629409485 wei)
Next Claim Reward: 5 Claim(s) (USD): $2.26 ($2.2553306843775585)

Net profit = (Gross Profit - Gas Cost [Avg])
$2.15 = ($2.26 - $0.1) $2.153507363887182 = ($2.2553306843775585 - $0.10182332049037657)


5b. 6 Claim(s):

Total gas cost: 6 Claim(s) (USD): $0.12 ($0.12289155670663363)

Claim Reward: 5 Claim(s) (WEI): 0.000713640629409485 WETH (713640629409485 wei)
Claim Reward: 5 Claim(s) (USD): $2.26 ($2.2553306843775585)

Next Claim Reward: 6 Claim(s) (WEI): 0.000855847615079652 WETH (855847615079652 wei)
Next Claim Reward: 6 Claim(s) (USD): $2.7 ($2.7047498529304423)

Net profit = (Gross Profit - Gas Cost [Avg])
$2.58 = ($2.7 - $0.12) $2.5818582962238086 = ($2.7047498529304423 - $0.12289155670663363)


5b. 7 Claim(s):

Total gas cost: 7 Claim(s) (USD): $0.14 ($0.14395979292289068)

Claim Reward: 6 Claim(s) (WEI): 0.000855847615079652 WETH (855847615079652 wei)
Claim Reward: 6 Claim(s) (USD): $2.7 ($2.7047498529304423)

Next Claim Reward: 7 Claim(s) (WEI): 0.000997881380872271 WETH (997881380872271 wei)
Next Claim Reward: 7 Claim(s) (USD): $3.15 ($3.153621591742251)

Net profit = (Gross Profit - Gas Cost [Avg])
$3.01 = ($3.15 - $0.14) $3.0096617988193604 = ($3.153621591742251 - $0.14395979292289068)


5b. 8 Claim(s):

Total gas cost: 8 Claim(s) (USD): $0.17 ($0.16502802913914774)

Claim Reward: 7 Claim(s) (WEI): 0.000997881380872271 WETH (997881380872271 wei)
Claim Reward: 7 Claim(s) (USD): $3.15 ($3.153621591742251)

Next Claim Reward: 8 Claim(s) (WEI): 0.001139742137783488 WETH (1139742137783488 wei)
Next Claim Reward: 8 Claim(s) (USD): $3.6 ($3.6019465676277136)

Net profit = (Gross Profit - Gas Cost [Avg])
$3.44 = ($3.6 - $0.17) $3.4369185384885657 = ($3.6019465676277136 - $0.16502802913914774)


5b. 9 Claim(s):

Total gas cost: 9 Claim(s) (USD): $0.19 ($0.1860962653554048)

Claim Reward: 8 Claim(s) (WEI): 0.001139742137783488 WETH (1139742137783488 wei)
Claim Reward: 8 Claim(s) (USD): $3.6 ($3.6019465676277136)

Next Claim Reward: 9 Claim(s) (WEI): 0.00128143009655244 WETH (1281430096552440 wei)
Next Claim Reward: 9 Claim(s) (USD): $4.05 ($4.049725446589327)

Net profit = (Gross Profit - Gas Cost [Avg])
$3.86 = ($4.05 - $0.19) $3.863629181233922 = ($4.049725446589327 - $0.1860962653554048)


5b. 10 Claim(s):

Total gas cost: 10 Claim(s) (USD): $0.21 ($0.20716450157166186)

Claim Reward: 9 Claim(s) (WEI): 0.00128143009655244 WETH (1281430096552440 wei)
Claim Reward: 9 Claim(s) (USD): $4.05 ($4.049725446589327)

Next Claim Reward: 10 Claim(s) (WEI): 0.00142294546766157 WETH (1422945467661570 wei)
Next Claim Reward: 10 Claim(s) (USD): $4.5 ($4.4969588938183565)

Net profit = (Gross Profit - Gas Cost [Avg])
$4.29 = ($4.5 - $0.21) $4.289794392246694 = ($4.4969588938183565 - $0.20716450157166186)


5b. 11 Claim(s):

Total gas cost: 11 Claim(s) (USD): $0.23 ($0.22823273778791892)

Claim Reward: 10 Claim(s) (WEI): 0.00142294546766157 WETH (1422945467661570 wei)
Claim Reward: 10 Claim(s) (USD): $4.5 ($4.4969588938183565)

Next Claim Reward: 11 Claim(s) (WEI): 0.00156428846133692 WETH (1564288461336920 wei)
Next Claim Reward: 11 Claim(s) (USD): $4.94 ($4.943647573695758)

Net profit = (Gross Profit - Gas Cost [Avg])
$4.72 = ($4.94 - $0.23) $4.715414835907839 = ($4.943647573695758 - $0.22823273778791892)


5b. 12 Claim(s):

Total gas cost: 12 Claim(s) (USD): $0.25 ($0.24930097400417597)

Claim Reward: 11 Claim(s) (WEI): 0.00156428846133692 WETH (1564288461336920 wei)
Claim Reward: 11 Claim(s) (USD): $4.94 ($4.943647573695758)

Next Claim Reward: 12 Claim(s) (WEI): 0.001705459287548472 WETH (1705459287548472 wei)
Next Claim Reward: 12 Claim(s) (USD): $5.39 ($5.389792149793253)

Net profit = (Gross Profit - Gas Cost [Avg])
$5.14 = ($5.39 - $0.25) $5.140491175789077 = ($5.389792149793253 - $0.24930097400417597)


5b. 13 Claim(s):

Total gas cost: 13 Claim(s) (USD): $0.27 ($0.270369210220433)

Claim Reward: 12 Claim(s) (WEI): 0.001705459287548472 WETH (1705459287548472 wei)
Claim Reward: 12 Claim(s) (USD): $5.39 ($5.389792149793253)

Next Claim Reward: 13 Claim(s) (WEI): 0.001846458156010442 WETH (1846458156010442 wei)
Next Claim Reward: 13 Claim(s) (USD): $5.84 ($5.835393284874268)

Net profit = (Gross Profit - Gas Cost [Avg])
$5.57 = ($5.84 - $0.27) $5.565024074653835 = ($5.835393284874268 - $0.270369210220433)


5b. 14 Claim(s):

Total gas cost: 14 Claim(s) (USD): $0.29 ($0.29143744643669006)

Claim Reward: 13 Claim(s) (WEI): 0.001846458156010442 WETH (1846458156010442 wei)
Claim Reward: 13 Claim(s) (USD): $5.84 ($5.835393284874268)

Next Claim Reward: 14 Claim(s) (WEI): 0.001987285276181618 WETH (1987285276181618 wei)
Next Claim Reward: 14 Claim(s) (USD): $6.28 ($6.280451640894991)

Net profit = (Gross Profit - Gas Cost [Avg])
$5.99 = ($6.28 - $0.29) $5.9890141944583 = ($6.280451640894991 - $0.29143744643669006)


5b. 15 Claim(s):

Total gas cost: 15 Claim(s) (USD): $0.31 ($0.3125056826529471)

Claim Reward: 14 Claim(s) (WEI): 0.001987285276181618 WETH (1987285276181618 wei)
Claim Reward: 14 Claim(s) (USD): $6.28 ($6.280451640894991)

Next Claim Reward: 15 Claim(s) (WEI): 0.00212794085726562 WETH (2127940857265620 wei)
Next Claim Reward: 15 Claim(s) (USD): $6.72 ($6.724967879005199)

Net profit = (Gross Profit - Gas Cost [Avg])
$6.41 = ($6.72 - $0.31) $6.4124621963522515 = ($6.724967879005199 - $0.3125056826529471)


5b. 16 Claim(s):

Total gas cost: 16 Claim(s) (USD): $0.33 ($0.3335739188692042)

Claim Reward: 15 Claim(s) (WEI): 0.00212794085726562 WETH (2127940857265620 wei)
Claim Reward: 15 Claim(s) (USD): $6.72 ($6.724967879005199)

Next Claim Reward: 16 Claim(s) (WEI): 0.002268425108211248 WETH (2268425108211248 wei)
Next Claim Reward: 16 Claim(s) (USD): $7.17 ($7.168942659549358)

Net profit = (Gross Profit - Gas Cost [Avg])
$6.84 = ($7.17 - $0.33) $6.8353687406801535 = ($7.168942659549358 - $0.3335739188692042)


5b. 17 Claim(s):

Total gas cost: 17 Claim(s) (USD): $0.35 ($0.3546421550854612)

Claim Reward: 16 Claim(s) (WEI): 0.002268425108211248 WETH (2268425108211248 wei)
Claim Reward: 16 Claim(s) (USD): $7.17 ($7.168942659549358)

Next Claim Reward: 17 Claim(s) (WEI): 0.002408738237712797 WETH (2408738237712797 wei)
Next Claim Reward: 17 Claim(s) (USD): $7.61 ($7.612376642067618)

Net profit = (Gross Profit - Gas Cost [Avg])
$7.26 = ($7.61 - $0.35) $7.257734486982157 = ($7.612376642067618 - $0.3546421550854612)


5b. 18 Claim(s):

Total gas cost: 18 Claim(s) (USD): $0.38 ($0.37571039130171824)

Claim Reward: 17 Claim(s) (WEI): 0.002408738237712797 WETH (2408738237712797 wei)
Claim Reward: 17 Claim(s) (USD): $7.61 ($7.612376642067618)

Next Claim Reward: 18 Claim(s) (WEI): 0.002548880454210336 WETH (2548880454210336 wei)
Next Claim Reward: 18 Claim(s) (USD): $8.06 ($8.055270485296692)

Net profit = (Gross Profit - Gas Cost [Avg])
$7.68 = ($8.06 - $0.38) $7.679560093994974 = ($8.055270485296692 - $0.37571039130171824)


5b. 19 Claim(s):

Total gas cost: 19 Claim(s) (USD): $0.4 ($0.3967786275179753)

Claim Reward: 18 Claim(s) (WEI): 0.002548880454210336 WETH (2548880454210336 wei)
Claim Reward: 18 Claim(s) (USD): $8.06 ($8.055270485296692)

Next Claim Reward: 19 Claim(s) (WEI): 0.00268885196589007 WETH (2688851965890070 wei)
Next Claim Reward: 19 Claim(s) (USD): $8.5 ($8.497624847171005)

Net profit = (Gross Profit - Gas Cost [Avg])
$8.1 = ($8.5 - $0.4) $8.10084621965303 = ($8.497624847171005 - $0.3967786275179753)


5b. 20 Claim(s):

Total gas cost: 20 Claim(s) (USD): $0.42 ($0.41784686373423235)

Claim Reward: 19 Claim(s) (WEI): 0.00268885196589007 WETH (2688851965890070 wei)
Claim Reward: 19 Claim(s) (USD): $8.5 ($8.497624847171005)

Next Claim Reward: 20 Claim(s) (WEI): 0.00282865298068458 WETH (2828652980684580 wei)
Next Claim Reward: 20 Claim(s) (USD): $8.94 ($8.939440384823449)

Net profit = (Gross Profit - Gas Cost [Avg])
$8.52 = ($8.94 - $0.42) $8.521593521089217 = ($8.939440384823449 - $0.41784686373423235)


5b. 21 Claim(s):

Total gas cost: 21 Claim(s) (USD): $0.44 ($0.43891509995048944)

Claim Reward: 20 Claim(s) (WEI): 0.00282865298068458 WETH (2828652980684580 wei)
Claim Reward: 20 Claim(s) (USD): $8.94 ($8.939440384823449)

Next Claim Reward: 21 Claim(s) (WEI): 0.002968283706273186 WETH (2968283706273186 wei)
Next Claim Reward: 21 Claim(s) (USD): $9.38 ($9.380717754586527)

Net profit = (Gross Profit - Gas Cost [Avg])
$8.94 = ($9.38 - $0.44) $8.941802654636037 = ($9.380717754586527 - $0.43891509995048944)


5b. 22 Claim(s):

Total gas cost: 22 Claim(s) (USD): $0.46 ($0.45998333616674647)

Claim Reward: 21 Claim(s) (WEI): 0.002968283706273186 WETH (2968283706273186 wei)
Claim Reward: 21 Claim(s) (USD): $9.38 ($9.380717754586527)

Next Claim Reward: 22 Claim(s) (WEI): 0.00310774435008224 WETH (3107744350082240 wei)
Next Claim Reward: 22 Claim(s) (USD): $9.82 ($9.82145761199329)

Net profit = (Gross Profit - Gas Cost [Avg])
$9.36 = ($9.82 - $0.46) $9.361474275826543 = ($9.82145761199329 - $0.45998333616674647)


5b. 23 Claim(s):

Total gas cost: 23 Claim(s) (USD): $0.48 ($0.48105157238300356)

Claim Reward: 22 Claim(s) (WEI): 0.00310774435008224 WETH (3107744350082240 wei)
Claim Reward: 22 Claim(s) (USD): $9.82 ($9.82145761199329)

Next Claim Reward: 23 Claim(s) (WEI): 0.00324703511928539 WETH (3247035119285390 wei)
Next Claim Reward: 23 Claim(s) (USD): $10.26 ($10.261660611778158)

Net profit = (Gross Profit - Gas Cost [Avg])
$9.78 = ($10.26 - $0.48) $9.780609039395154 = ($10.261660611778158 - $0.48105157238300356)


5b. 24 Claim(s):

Total gas cost: 24 Claim(s) (USD): $0.5 ($0.5021198085992606)

Claim Reward: 23 Claim(s) (WEI): 0.00324703511928539 WETH (3247035119285390 wei)
Claim Reward: 23 Claim(s) (USD): $10.26 ($10.261660611778158)

Next Claim Reward: 24 Claim(s) (WEI): 0.003386156220804024 WETH (3386156220804024 wei)
Next Claim Reward: 24 Claim(s) (USD): $10.7 ($10.701327407878333)

Net profit = (Gross Profit - Gas Cost [Avg])
$10.2 = ($10.7 - $0.5) $10.199207599279072 = ($10.701327407878333 - $0.5021198085992606)


5b. 25 Claim(s):

Total gas cost: 25 Claim(s) (USD): $0.52 ($0.5231880448155176)

Claim Reward: 24 Claim(s) (WEI): 0.003386156220804024 WETH (3386156220804024 wei)
Claim Reward: 24 Claim(s) (USD): $10.7 ($10.701327407878333)

Next Claim Reward: 25 Claim(s) (WEI): 0.003525107861307375 WETH (3525107861307375 wei)
Next Claim Reward: 25 Claim(s) (USD): $11.14 ($11.140458653434125)

Net profit = (Gross Profit - Gas Cost [Avg])
$10.62 = ($11.14 - $0.52) $10.617270608618607 = ($11.140458653434125 - $0.5231880448155176)


5b. 26 Claim(s):

Total gas cost: 26 Claim(s) (USD): $0.54 ($0.5442562810317747)

Claim Reward: 25 Claim(s) (WEI): 0.003525107861307375 WETH (3525107861307375 wei)
Claim Reward: 25 Claim(s) (USD): $11.14 ($11.140458653434125)

Next Claim Reward: 26 Claim(s) (WEI): 0.003663890247213014 WETH (3663890247213014 wei)
Next Claim Reward: 26 Claim(s) (USD): $11.58 ($11.579055000790516)

Net profit = (Gross Profit - Gas Cost [Avg])
$11.03 = ($11.58 - $0.54) $11.034798719758742 = ($11.579055000790516 - $0.5442562810317747)


5b. 27 Claim(s):

Total gas cost: 27 Claim(s) (USD): $0.57 ($0.5653245172480318)

Claim Reward: 26 Claim(s) (WEI): 0.003663890247213014 WETH (3663890247213014 wei)
Claim Reward: 26 Claim(s) (USD): $11.58 ($11.579055000790516)

Next Claim Reward: 27 Claim(s) (WEI): 0.00380250358468704 WETH (3802503584687040 wei)
Next Claim Reward: 27 Claim(s) (USD): $12.02 ($12.017117101497751)

Net profit = (Gross Profit - Gas Cost [Avg])
$11.45 = ($12.02 - $0.57) $11.45179258424972 = ($12.017117101497751 - $0.5653245172480318)


5b. 28 Claim(s):

Total gas cost: 28 Claim(s) (USD): $0.59 ($0.5863927534642888)

Claim Reward: 27 Claim(s) (WEI): 0.00380250358468704 WETH (3802503584687040 wei)
Claim Reward: 27 Claim(s) (USD): $12.02 ($12.017117101497751)

Next Claim Reward: 28 Claim(s) (WEI): 0.003940948079644408 WETH (3940948079644408 wei)
Next Claim Reward: 28 Claim(s) (USD): $12.45 ($12.454645606312384)

Net profit = (Gross Profit - Gas Cost [Avg])
$11.87 = ($12.45 - $0.59) $11.868252852848096 = ($12.454645606312384 - $0.5863927534642888)


5b. 29 Claim(s):

Total gas cost: 29 Claim(s) (USD): $0.61 ($0.6074609896805458)

Claim Reward: 28 Claim(s) (WEI): 0.003940948079644408 WETH (3940948079644408 wei)
Claim Reward: 28 Claim(s) (USD): $12.45 ($12.454645606312384)

Next Claim Reward: 29 Claim(s) (WEI): 0.004079223937749321 WETH (4079223937749321 wei)
Next Claim Reward: 29 Claim(s) (USD): $12.89 ($12.891641165198514)

Net profit = (Gross Profit - Gas Cost [Avg])
$12.28 = ($12.89 - $0.61) $12.28418017551797 = ($12.891641165198514 - $0.6074609896805458)


5b. 30 Claim(s):

Total gas cost: 30 Claim(s) (USD): $0.63 ($0.6285292258968029)

Claim Reward: 29 Claim(s) (WEI): 0.004079223937749321 WETH (4079223937749321 wei)
Claim Reward: 29 Claim(s) (USD): $12.89 ($12.891641165198514)

Next Claim Reward: 30 Claim(s) (WEI): 0.00421733136441537 WETH (4217331364415370 wei)
Next Claim Reward: 30 Claim(s) (USD): $13.33 ($13.328104427328226)

Net profit = (Gross Profit - Gas Cost [Avg])
$12.7 = ($13.33 - $0.63) $12.699575201431422 = ($13.328104427328226 - $0.6285292258968029)

******************
5c. Profit/Loss (USD):

Net profit = (Gross Profit - Gas Cost [Max])
$12.26 = ($12.89 - $0.63) $12.263111939301712 = ($12.891641165198514 - $0.6285292258968029)

Submitting transaction to claim 29 prize(s):

0x7fad91a4a29109303188d8758f1a9d60ce988349-0x1473A654566946dd336ff46de719bB79f23D6626-4-20
0x7fad91a4a29109303188d8758f1a9d60ce988349-0xD93d6Ea9707461bEaA95E79a6cd24774aC243089-4-114
0x7fad91a4a29109303188d8758f1a9d60ce988349-0x41E2D433729E2EF0bc50B675577e344F0b02b8d2-4-102
0x7fad91a4a29109303188d8758f1a9d60ce988349-0x14d75E070a425148602625691E8a20c97b17096a-4-160
0x7fad91a4a29109303188d8758f1a9d60ce988349-0xB0Fea61bD96bdCa73D9C1C113B1f2fd700997721-4-120
0x7fad91a4a29109303188d8758f1a9d60ce988349-0xB73bb9a7AB5474C5ba2cC4a4B0E50d71295F4529-4-117
0x7fad91a4a29109303188d8758f1a9d60ce988349-0xB353f02D9Dde5baBfeFC5BeBdcF2D6Bb231E4b8f-4-0
0x7fad91a4a29109303188d8758f1a9d60ce988349-0x79E36E8bC87613743edfa6e82F6402B9515A8d87-4-14
0x7fad91a4a29109303188d8758f1a9d60ce988349-0xe6b407bC5A7D644D4ed78ee995F2Da905fC2aBFA-4-125
0x7fad91a4a29109303188d8758f1a9d60ce988349-0x9f9FcFc5308EBD46ebbB1162aF93081314DEB6E4-4-220
0x7fad91a4a29109303188d8758f1a9d60ce988349-0x9dD5584F39288fe47b4C2a958FCAB5662C38Ad11-4-64
0x7fad91a4a29109303188d8758f1a9d60ce988349-0xdD73D0F52c8d884a04AD36772285DA62d8B57661-4-230
0x7fad91a4a29109303188d8758f1a9d60ce988349-0x62144f3e510b0754009ba2b7248252F430B5C866-4-44
0x7fad91a4a29109303188d8758f1a9d60ce988349-0x62144f3e510b0754009ba2b7248252F430B5C866-4-132
0x7fad91a4a29109303188d8758f1a9d60ce988349-0x4A7d87C5dceBe2cA9cD3375D83930baF684b0Be7-4-124
0x7fad91a4a29109303188d8758f1a9d60ce988349-0xC14eA4B14e7d3a6279B368720f486895d7947867-4-166
0x7fad91a4a29109303188d8758f1a9d60ce988349-0x8BF895ad58FFEC3AdDC90884017a13afD06fB0B0-4-165
0x7fad91a4a29109303188d8758f1a9d60ce988349-0xc560593a4aED6c18D12454Ef96e9641A70b2B908-4-75
0x7fad91a4a29109303188d8758f1a9d60ce988349-0x5EB0Fe0C3a276a5226B508F186f12D2022181156-4-225
0x7fad91a4a29109303188d8758f1a9d60ce988349-0xC25dEd0f614AaAC9043899D5FE78B2c0B0cE35d7-4-138
0x7fad91a4a29109303188d8758f1a9d60ce988349-0x95B426918bF54e4e6c5Cb6622B819Dac4464bf84-4-16
0x7fad91a4a29109303188d8758f1a9d60ce988349-0x1C53eFFBC79F5d07b27264CA4F90d4a6E6eE5b52-4-181
0x7fad91a4a29109303188d8758f1a9d60ce988349-0x9fb4dce496A02bFa0668a0DA552a37cd76De8dB6-4-81
0x7fad91a4a29109303188d8758f1a9d60ce988349-0x2d2388CCCE4ddf5821e57309DE58969258D93ab5-4-238
0x7fad91a4a29109303188d8758f1a9d60ce988349-0xf54bAf7C42f22CC2DF1039D5553e396615425BA8-4-126
0x7fad91a4a29109303188d8758f1a9d60ce988349-0x38C87819866D8B8722b2eB6036a1b02A71BbA34d-4-80
0x7fad91a4a29109303188d8758f1a9d60ce988349-0x782c163469f006dA006097628895D818ace37899-4-19
0x7fad91a4a29109303188d8758f1a9d60ce988349-0x260bB9fd3f3341915E17830d4Cf822C2933B3Edc-4-5
0x7fad91a4a29109303188d8758f1a9d60ce988349-0x385FBB495CCB0c2182B814468487Cf151cC0dc36-4-172



Execute Claim Transaction for Tier #4



Transaction sent! ✔
Transaction hash: 0x7b481cf635eaddfa1fc25ccf09a2a46d2830931e3eacc2ef4297264669d2e385
Waiting on transaction to be confirmed ...
Tx confirmed !




******************
Processing:
Vault:     0x33335296c9b020ca3252e4953c11decfdce816b8
Tier:      #5 (Canary tier)
# prizes:  396

5a. Calculating # of profitable claims ...

Native (Gas) Token ETH Market Rate (USD): $3152.17

Estimated gas limit (wei) (1 prize claim): 0.000000000000175277 ETH (175277 wei)
Estimated gas limit (wei) (2 prize claims): 0.000000000000246663 ETH (246663 wei)

Gas Cost: First Claim (wei): 0.000000000000175277 ETH (175277 wei)
Gas Cost: Each Following Claim (wei): 0.000000000000071386 ETH (71386 wei)

Gas Cost: First Claim (USD): $0.02 $0.017487180831912592
Gas Cost: Each Following Claim (USD): $0.02 $0.021070550634023546

5b. 1 Claim(s):

Total gas cost: 1 Claim(s) (USD): $0.02 ($0.017487180831912592)

Next Claim Reward: 1 Claim(s) (WEI): 0.000010602253562772 WETH (10602253562772 wei)
Next Claim Reward: 1 Claim(s) (USD): $0.03 ($0.033506483232964276)

Net profit = (Gross Profit - Gas Cost [Avg])
$0.02 = ($0.03 - $0.02) $0.016019302401051684 = ($0.033506483232964276 - $0.017487180831912592)

******************
5c. Profit/Loss (USD):

Net profit = (Gross Profit - Gas Cost [Max])
$-0.02 = ($0 - $0.02) $-0.017487180831912592 = ($0 - $0.017487180831912592)

Claiming tier #5 (Canary tier) currently not profitable.
Not profitable to claim for Draw #17, Tier: #5 (Canary tier)




******************
Processing:
Vault:     0x75b2f4b3ec5adf7077f928992524cc547e74f768
Tier:      #5 (Canary tier)
# prizes:  59

Tier #5 (Canary tier) not profitable, skipping ...





******************
Processing:
Vault:     0x7fad91a4a29109303188d8758f1a9d60ce988349
Tier:      #5 (Canary tier)
# prizes:  581

Tier #5 (Canary tier) not profitable, skipping ...





******************
Processing:
Vault:     0x33335296c9b020ca3252e4953c11decfdce816b8
Tier:      #6 (Canary tier)
# prizes:  1557

Tier #6 (Canary tier) not profitable, skipping ...





******************
Processing:
Vault:     0x75b2f4b3ec5adf7077f928992524cc547e74f768
Tier:      #6 (Canary tier)
# prizes:  220

Tier #6 (Canary tier) not profitable, skipping ...





******************
Processing:
Vault:     0x7fad91a4a29109303188d8758f1a9d60ce988349
Tier:      #6 (Canary tier)
# prizes:  2241

Tier #6 (Canary tier) not profitable, skipping ...

