Operating on: 10 - Optimism

Config - REWARD_RECIPIENT not provided, setting swap recipient to relayer address: 0xf9A3856b5368f60f2837c797A993F46C6ea7117d
Config - MIN_PROFIT_THRESHOLD_USD: 0.05

Starting ...
Getting prize pool info ...
Getting prize context ...

******************
1. Prize token: WETH

┌────────────┬──────────────────────────────────────────────┬──────────┬─────────────────┬────────┬──────────────┐
│ (index)    │ address                                      │ decimals │ name            │ symbol │ assetRateUsd │
├────────────┼──────────────────────────────────────────────┼──────────┼─────────────────┼────────┼──────────────┤
│ prizeToken │ '0x4200000000000000000000000000000000000006' │ 18       │ 'Wrapped Ether' │ 'WETH' │ 3144.183     │
└────────────┴──────────────────────────────────────────────┴──────────┴─────────────────┴────────┴──────────────┘
┌─────────┬──────────┬───────────────────────────────┐
│ (index) │ numTiers │ tiersRangeArray               │
├─────────┼──────────┼───────────────────────────────┤
│ tiers   │ 6        │ [ 0, 1, 2, ... 3 more items ] │
└─────────┴──────────┴───────────────────────────────┘
Draw ID: 3
Prize Token WETH MarketRate USD:  $3144.183

******************
Getting prize vaults ...
Found 13 prize vaults.

180 prizes already claimed for draw #3.
1182 prizes remaining to be claimed...




******************
Processing:
Vault:     0x03d3ce84279cb6f54f5e6074ff0f8319d830dafe
Tier:      #3
# prizes:  15

5a. Calculating # of profitable claims ...

Native (Gas) Token ETH Market Rate (USD): $3141.4

Estimated gas limit (wei) (1 prize claim): 0.000000000000240139 ETH (240139 wei)
Estimated gas limit (wei) (2 prize claims): 0.000000000000331703 ETH (331703 wei)

Gas Cost: First Claim (wei): 0.000000000000240139 ETH (240139 wei)
Gas Cost: Each Following Claim (wei): 0.000000000000091564 ETH (91564 wei)

Gas Cost: First Claim (USD): $0.01 $0.005860983064237487
Gas Cost: Each Following Claim (USD): $0 $0.002299656358445114

5b. 1 Claim(s):

Total gas cost: 1 Claim(s) (USD): $0.01 ($0.005860983064237487)

Next Claim Reward: 1 Claim(s) (WEI): 0.000006946453283584 WETH (6946453283584 wei)
Next Claim Reward: 1 Claim(s) (USD): $0.02 ($0.021840920324538993)

Net profit = (Gross Profit - Gas Cost [Avg])
$0.02 = ($0.02 - $0.01) $0.015979937260301506 = ($0.021840920324538993 - $0.005860983064237487)

******************
5c. Profit/Loss (USD):

Net profit = (Gross Profit - Gas Cost [Max])
$-0.01 = ($0 - $0.01) $-0.005860983064237487 = ($0 - $0.005860983064237487)

Claiming tier #3 currently not profitable.
Not profitable to claim for Draw #3, Tier: #3
Not profitable to claim any more tiers yet for Draw #3
