Operating on: 11155420 - Optimism Sepolia
Config - MIN_PROFIT_THRESHOLD_USD: -0.1

Starting ...
Getting prize pool info ...
Getting prize context ...

******************
1. Prize token: WETH

┌────────────┬──────────────────────────────────────────────┬──────────┬─────────────────┬────────┬──────────────┐
│ (index)    │ address                                      │ decimals │ name            │ symbol │ assetRateUsd │
├────────────┼──────────────────────────────────────────────┼──────────┼─────────────────┼────────┼──────────────┤
│ prizeToken │ '0x3749e4DA7558BeD9b0819dE7f8C7eFc271Db004e' │ 18       │ 'Wrapped Ether' │ 'WETH' │ 3517.5457    │
└────────────┴──────────────────────────────────────────────┴──────────┴─────────────────┴────────┴──────────────┘
┌─────────┬──────────┬───────────────────────────────┐
│ (index) │ numTiers │ tiersRangeArray               │
├─────────┼──────────┼───────────────────────────────┤
│ tiers   │ 7        │ [ 0, 1, 2, ... 4 more items ] │
└─────────┴──────────┴───────────────────────────────┘
Draw ID: 11
Prize Token WETH MarketRate USD:  $3517.5457

******************
Getting prize vaults ...
Found 6 prize vaults.

350 prizes already claimed for draw #11.
5064 prizes remaining to be claimed...




******************
Processing:
Vault:     0x75ca27bb45d689c18f350592e036ee4e10a68d06
Tier:      #5 (Canary tier)
# prizes:  367

5a. Calculating # of profitable claims ...

Native (Gas) Token ETH Market Rate (USD): $3517.34

Estimated gas limit (wei) (1 prize claim): 0.000000000000185778 ETH (185778 wei)
Estimated gas limit (wei) (2 prize claims): 0.000000000000270878 ETH (270878 wei)

Gas Cost: First Claim (wei): 0.000000000000185778 ETH (185778 wei)
Gas Cost: Each Following Claim (wei): 0.0000000000000851 ETH (85100 wei)

Gas Cost: First Claim (USD): $0.03 $0.026489575437568573
Gas Cost: Each Following Claim (USD): $0.03 $0.03201385183653022

5b. 1 Claim(s):

Total gas cost: 1 Claim(s) (USD): $0.03 ($0.026489575437568573)

Next Claim Reward: 1 Claim(s) (WEI): 0.000002648584597366 WETH (2648584597366 wei)
Next Claim Reward: 1 Claim(s) (USD): $0.01 ($0.009316517361551004)

Net profit = (Gross Profit - Gas Cost [Avg])
$-0.02 = ($0.01 - $0.03) $-0.01717305807601757 = ($0.009316517361551004 - $0.026489575437568573)

******************
5c. Profit/Loss (USD):

Net profit = (Gross Profit - Gas Cost [Max])
$-0.03 = ($0 - $0.03) $-0.026489575437568573 = ($0 - $0.026489575437568573)

Claiming tier #5 (Canary tier) currently not profitable.
Not profitable to claim for Draw #11, Tier: #5 (Canary tier)




******************
Processing:
Vault:     0x798a13b071a8aac2d55109a53a2ba4230444619d
Tier:      #5 (Canary tier)
# prizes:  35

Tier #5 (Canary tier) not profitable, skipping ...





******************
Processing:
Vault:     0xa18d434e584b24b364b506cf2b5cc0cef6be5d5c
Tier:      #5 (Canary tier)
# prizes:  534

Tier #5 (Canary tier) not profitable, skipping ...





******************
Processing:
Vault:     0x75ca27bb45d689c18f350592e036ee4e10a68d06
Tier:      #6 (Canary tier)
# prizes:  1579

Tier #6 (Canary tier) not profitable, skipping ...





******************
Processing:
Vault:     0x798a13b071a8aac2d55109a53a2ba4230444619d
Tier:      #6 (Canary tier)
# prizes:  224

Tier #6 (Canary tier) not profitable, skipping ...





******************
Processing:
Vault:     0xa18d434e584b24b364b506cf2b5cc0cef6be5d5c
Tier:      #6 (Canary tier)
# prizes:  2325

Tier #6 (Canary tier) not profitable, skipping ...

