Operating on: 11155420 - Optimism Sepolia

Config - REWARD_RECIPIENT not provided, setting swap recipient to relayer address: 0x06003274c3a7926c04cA8d6903cc691fE8f3CEC2
Config - MIN_PROFIT_THRESHOLD_USD: 0.05

Starting ...
Getting prize pool info ...
Getting prize context ...

******************
1. Prize token: WETH

┌────────────┬──────────────────────────────────────────────┬──────────┬─────────────────┬────────┬──────────────┐
│ (index)    │ address                                      │ decimals │ name            │ symbol │ assetRateUsd │
├────────────┼──────────────────────────────────────────────┼──────────┼─────────────────┼────────┼──────────────┤
│ prizeToken │ '0xC355F97a3Aa2808Acb536E555764b8FB26fB4b37' │ 18       │ 'Wrapped Ether' │ 'WETH' │ 3044.6948    │
└────────────┴──────────────────────────────────────────────┴──────────┴─────────────────┴────────┴──────────────┘
┌─────────┬──────────┬───────────────────────────────┐
│ (index) │ numTiers │ tiersRangeArray               │
├─────────┼──────────┼───────────────────────────────┤
│ tiers   │ 7        │ [ 0, 1, 2, ... 4 more items ] │
└─────────┴──────────┴───────────────────────────────┘
Draw ID: 23
Prize Token WETH MarketRate USD:  $3044.6948

******************
Getting prize vaults ...
Found 6 prize vaults.

519 prizes already claimed for draw #23.
4967 prizes remaining to be claimed...




******************
Processing:
Vault:     0x7fad91a4a29109303188d8758f1a9d60ce988349
Tier:      #4
# prizes:  5

5a. Calculating # of profitable claims ...

Native (Gas) Token ETH Market Rate (USD): $3039.16

Estimated gas limit (wei) (1 prize claim): 0.000000000000222717 ETH (222717 wei)
Estimated gas limit (wei) (2 prize claims): 0.00000000000033708 ETH (337080 wei)

Gas Cost: First Claim (wei): 0.000000000000222717 ETH (222717 wei)
Gas Cost: Each Following Claim (wei): 0.000000000000114363 ETH (114363 wei)

Gas Cost: First Claim (USD): $0.01 $0.012090455911961194
Gas Cost: Each Following Claim (USD): $0.01 $0.014366869780393107

5b. 1 Claim(s):

Total gas cost: 1 Claim(s) (USD): $0.01 ($0.012090455911961194)

Next Claim Reward: 1 Claim(s) (WEI): 0.000232982729034055 WETH (232982729034055 wei)
Next Claim Reward: 1 Claim(s) (USD): $0.71 ($0.7093613035797963)

Net profit = (Gross Profit - Gas Cost [Avg])
$0.7 = ($0.71 - $0.01) $0.6972708476678351 = ($0.7093613035797963 - $0.012090455911961194)


5b. 2 Claim(s):

Total gas cost: 2 Claim(s) (USD): $0.03 ($0.026457325692354303)

Claim Reward: 1 Claim(s) (WEI): 0.000232982729034055 WETH (232982729034055 wei)
Claim Reward: 1 Claim(s) (USD): $0.71 ($0.7093613035797963)

Next Claim Reward: 2 Claim(s) (WEI): 0.00046596545806811 WETH (465965458068110 wei)
Next Claim Reward: 2 Claim(s) (USD): $1.42 ($1.4187226071595926)

Net profit = (Gross Profit - Gas Cost [Avg])
$1.39 = ($1.42 - $0.03) $1.3922652814672383 = ($1.4187226071595926 - $0.026457325692354303)


5b. 3 Claim(s):

Total gas cost: 3 Claim(s) (USD): $0.04 ($0.040824195472747404)

Claim Reward: 2 Claim(s) (WEI): 0.00046596545806811 WETH (465965458068110 wei)
Claim Reward: 2 Claim(s) (USD): $1.42 ($1.4187226071595926)

Next Claim Reward: 3 Claim(s) (WEI): 0.000698948187102165 WETH (698948187102165 wei)
Next Claim Reward: 3 Claim(s) (USD): $2.13 ($2.128083910739389)

Net profit = (Gross Profit - Gas Cost [Avg])
$2.09 = ($2.13 - $0.04) $2.0872597152666414 = ($2.128083910739389 - $0.040824195472747404)


5b. 4 Claim(s):

Total gas cost: 4 Claim(s) (USD): $0.06 ($0.05519106525314051)

Claim Reward: 3 Claim(s) (WEI): 0.000698948187102165 WETH (698948187102165 wei)
Claim Reward: 3 Claim(s) (USD): $2.13 ($2.128083910739389)

Next Claim Reward: 4 Claim(s) (WEI): 0.00093193091613622 WETH (931930916136220 wei)
Next Claim Reward: 4 Claim(s) (USD): $2.84 ($2.8374452143191853)

Net profit = (Gross Profit - Gas Cost [Avg])
$2.78 = ($2.84 - $0.06) $2.782254149066045 = ($2.8374452143191853 - $0.05519106525314051)


5b. 5 Claim(s):

Total gas cost: 5 Claim(s) (USD): $0.07 ($0.06955793503353362)

Claim Reward: 4 Claim(s) (WEI): 0.00093193091613622 WETH (931930916136220 wei)
Claim Reward: 4 Claim(s) (USD): $2.84 ($2.8374452143191853)

Next Claim Reward: 5 Claim(s) (WEI): 0.001164913645170275 WETH (1164913645170275 wei)
Next Claim Reward: 5 Claim(s) (USD): $3.55 ($3.546806517898981)

Net profit = (Gross Profit - Gas Cost [Avg])
$3.48 = ($3.55 - $0.07) $3.4772485828654474 = ($3.546806517898981 - $0.06955793503353362)


******************
5c. Profit/Loss (USD):

Net profit = (Gross Profit - Gas Cost [Max])
$3.48 = ($3.55 - $0.07) $3.4772485828654474 = ($3.546806517898981 - $0.06955793503353362)

Submitting transaction to claim 5 prize(s):

0x7fad91a4a29109303188d8758f1a9d60ce988349-0xF4193a78d79e53C57016EE559EEA320B5A5688E0-4-38
0x7fad91a4a29109303188d8758f1a9d60ce988349-0x232bfd153B924a7b3ED675A56f495475AB0F31a9-4-213
0x7fad91a4a29109303188d8758f1a9d60ce988349-0x3aA71a7A1bEFC16172c97d10E9D9158040B4b1a3-4-64
0x7fad91a4a29109303188d8758f1a9d60ce988349-0x953E64002A52C725923956428744aAF714e5Ee32-4-23
0x7fad91a4a29109303188d8758f1a9d60ce988349-0x791965F2A428cCd2028698863b81c2e7Af881d24-4-79



Execute Claim Transaction for Tier #4



Transaction sent! ✔
Transaction hash: 0xa050417322f9f56a98edc340ab349fb89e299033209a69f6876ccc3d3a6b1a64
Waiting on transaction to be confirmed ...
Tx confirmed !




******************
Processing:
Vault:     0x33335296c9b020ca3252e4953c11decfdce816b8
Tier:      #5 (Canary tier)
# prizes:  343

5a. Calculating # of profitable claims ...

Native (Gas) Token ETH Market Rate (USD): $3039.16

Estimated gas limit (wei) (1 prize claim): 0.000000000000189823 ETH (189823 wei)
Estimated gas limit (wei) (2 prize claims): 0.00000000000027496 ETH (274960 wei)

Gas Cost: First Claim (wei): 0.000000000000189823 ETH (189823 wei)
Gas Cost: Each Following Claim (wei): 0.000000000000085137 ETH (85137 wei)

Gas Cost: First Claim (USD): $0.01 $0.011990460590448676
Gas Cost: Each Following Claim (USD): $0.01 $0.014317111936904756

5b. 1 Claim(s):

Total gas cost: 1 Claim(s) (USD): $0.01 ($0.011990460590448676)

Next Claim Reward: 1 Claim(s) (WEI): 0.000012501607899857 WETH (12501607899857 wei)
Next Claim Reward: 1 Claim(s) (USD): $0.04 ($0.03806358056433353)

Net profit = (Gross Profit - Gas Cost [Avg])
$0.03 = ($0.04 - $0.01) $0.026073119973884853 = ($0.03806358056433353 - $0.011990460590448676)

******************
5c. Profit/Loss (USD):

Net profit = (Gross Profit - Gas Cost [Max])
$-0.01 = ($0 - $0.01) $-0.011990460590448676 = ($0 - $0.011990460590448676)

Claiming tier #5 (Canary tier) currently not profitable.
Not profitable to claim for Draw #23, Tier: #5 (Canary tier)




******************
Processing:
Vault:     0x75b2f4b3ec5adf7077f928992524cc547e74f768
Tier:      #5 (Canary tier)
# prizes:  5

Tier #5 (Canary tier) not profitable, skipping ...





******************
Processing:
Vault:     0x7fad91a4a29109303188d8758f1a9d60ce988349
Tier:      #5 (Canary tier)
# prizes:  523

Tier #5 (Canary tier) not profitable, skipping ...





******************
Processing:
Vault:     0x33335296c9b020ca3252e4953c11decfdce816b8
Tier:      #6 (Canary tier)
# prizes:  1539

Tier #6 (Canary tier) not profitable, skipping ...





******************
Processing:
Vault:     0x75b2f4b3ec5adf7077f928992524cc547e74f768
Tier:      #6 (Canary tier)
# prizes:  160

Tier #6 (Canary tier) not profitable, skipping ...





******************
Processing:
Vault:     0x7fad91a4a29109303188d8758f1a9d60ce988349
Tier:      #6 (Canary tier)
# prizes:  2392

Tier #6 (Canary tier) not profitable, skipping ...

