Operating on: 11155420 - Optimism Sepolia

Config - REWARD_RECIPIENT not provided, setting swap recipient to relayer address: 0x06003274c3a7926c04cA8d6903cc691fE8f3CEC2
Config - MIN_PROFIT_THRESHOLD_USD: 0.05

Starting ...
Getting prize pool info ...
Getting prize context ...

******************
1. Prize token: WETH

┌────────────┬──────────────────────────────────────────────┬──────────┬─────────────────┬────────┬──────────────┐
│ (index)    │ address                                      │ decimals │ name            │ symbol │ assetRateUsd │
├────────────┼──────────────────────────────────────────────┼──────────┼─────────────────┼────────┼──────────────┤
│ prizeToken │ '0xC355F97a3Aa2808Acb536E555764b8FB26fB4b37' │ 18       │ 'Wrapped Ether' │ 'WETH' │ 2949.2073    │
└────────────┴──────────────────────────────────────────────┴──────────┴─────────────────┴────────┴──────────────┘
┌─────────┬──────────┬───────────────────────────────┐
│ (index) │ numTiers │ tiersRangeArray               │
├─────────┼──────────┼───────────────────────────────┤
│ tiers   │ 7        │ [ 0, 1, 2, ... 4 more items ] │
└─────────┴──────────┴───────────────────────────────┘
Draw ID: 28
Prize Token WETH MarketRate USD:  $2949.2073

******************
Getting prize vaults ...
Found 6 prize vaults.

950 prizes already claimed for draw #28.
4433 prizes remaining to be claimed...




******************
Processing:
Vault:     0x33335296c9b020ca3252e4953c11decfdce816b8
Tier:      #5 (Canary tier)
# prizes:  181

5a. Calculating # of profitable claims ...

Native (Gas) Token ETH Market Rate (USD): $2953.68

Estimated gas limit (wei) (1 prize claim): 0.000000000000186369 ETH (186369 wei)
Estimated gas limit (wei) (2 prize claims): 0.000000000000270862 ETH (270862 wei)

Gas Cost: First Claim (wei): 0.000000000000186369 ETH (186369 wei)
Gas Cost: Each Following Claim (wei): 0.000000000000084493 ETH (84493 wei)

Gas Cost: First Claim (USD): $0.11 $0.10502860374431568
Gas Cost: Each Following Claim (USD): $0.13 $0.12885621050583082

5b. 1 Claim(s):

Total gas cost: 1 Claim(s) (USD): $0.11 ($0.10502860374431568)

Next Claim Reward: 1 Claim(s) (WEI): 0.000013369488028144 WETH (13369488028144 wei)
Next Claim Reward: 1 Claim(s) (USD): $0.04 ($0.03942939168986489)

Net profit = (Gross Profit - Gas Cost [Avg])
$-0.07 = ($0.04 - $0.11) $-0.0655992120544508 = ($0.03942939168986489 - $0.10502860374431568)

******************
5c. Profit/Loss (USD):

Net profit = (Gross Profit - Gas Cost [Max])
$-0.11 = ($0 - $0.11) $-0.10502860374431568 = ($0 - $0.10502860374431568)

Claiming tier #5 (Canary tier) currently not profitable.
Not profitable to claim for Draw #28, Tier: #5 (Canary tier)




******************
Processing:
Vault:     0x7fad91a4a29109303188d8758f1a9d60ce988349
Tier:      #5 (Canary tier)
# prizes:  533

Tier #5 (Canary tier) not profitable, skipping ...





******************
Processing:
Vault:     0x33335296c9b020ca3252e4953c11decfdce816b8
Tier:      #6 (Canary tier)
# prizes:  1396

Tier #6 (Canary tier) not profitable, skipping ...





******************
Processing:
Vault:     0x75b2f4b3ec5adf7077f928992524cc547e74f768
Tier:      #6 (Canary tier)
# prizes:  77

Tier #6 (Canary tier) not profitable, skipping ...





******************
Processing:
Vault:     0x7fad91a4a29109303188d8758f1a9d60ce988349
Tier:      #6 (Canary tier)
# prizes:  2243

Tier #6 (Canary tier) not profitable, skipping ...





******************
Processing:
Vault:     0xdea4278d8b01b71523bfd6a8fc36fea67f349e47
Tier:      #6 (Canary tier)
# prizes:  1

Tier #6 (Canary tier) not profitable, skipping ...





******************
Processing:
Vault:     0xe590741416acbdba094f7d70beaef6060cc6d21e
Tier:      #6 (Canary tier)
# prizes:  2

Tier #6 (Canary tier) not profitable, skipping ...

