Operating on: 11155420 - Optimism Sepolia

Config - REWARD_RECIPIENT not provided, setting swap recipient to relayer address: 0x06003274c3a7926c04cA8d6903cc691fE8f3CEC2
Config - MIN_PROFIT_THRESHOLD_USD: -0.1

Starting ...
Getting prize pool info ...
Getting prize context ...

******************
1. Prize token: WETH

┌────────────┬──────────────────────────────────────────────┬──────────┬─────────────────┬────────┬──────────────┐
│ (index)    │ address                                      │ decimals │ name            │ symbol │ assetRateUsd │
├────────────┼──────────────────────────────────────────────┼──────────┼─────────────────┼────────┼──────────────┤
│ prizeToken │ '0x058C8222f77978f4e3Fa3aC1914cd541A1F882Cc' │ 18       │ 'Wrapped Ether' │ 'WETH' │ 3530.6597    │
└────────────┴──────────────────────────────────────────────┴──────────┴─────────────────┴────────┴──────────────┘
┌─────────┬──────────┬──────────────────────────────┐
│ (index) │ numTiers │ tiersRangeArray              │
├─────────┼──────────┼──────────────────────────────┤
│ tiers   │ 4        │ [ 0, 1, 2, ... 1 more item ] │
└─────────┴──────────┴──────────────────────────────┘
Draw ID: 1
Prize Token WETH MarketRate USD:  $3530.6597

******************
Getting prize vaults ...
Found 6 prize vaults.

No claimed prizes for draw #1.
78 prizes remaining to be claimed...




******************
Processing:
Vault:     0xea47f7735eaf6b1e6502c21f50f65e84f7daa824
Tier:      #1
# prizes:  6

5a. Calculating # of profitable claims ...

Native (Gas) Token ETH Market Rate (USD): $3529.67

Estimated gas limit (wei) (1 prize claim): 0.000000000000251063 ETH (251063 wei)
Estimated gas limit (wei) (2 prize claims): 0.000000000000354061 ETH (354061 wei)

Gas Cost: First Claim (wei): 0.000000000000251063 ETH (251063 wei)
Gas Cost: Each Following Claim (wei): 0.000000000000102998 ETH (102998 wei)

Gas Cost: First Claim (USD): $0.27 $0.27242110332831837
Gas Cost: Each Following Claim (USD): $0.33 $0.3341056157528692

5b. 1 Claim(s):

Total gas cost: 1 Claim(s) (USD): $0.27 ($0.27242110332831837)

Next Claim Reward: 1 Claim(s) (WEI): 0.000108924638679557 WETH (108924638679557 wei)
Next Claim Reward: 1 Claim(s) (USD): $0.38 ($0.38457583212297314)

Net profit = (Gross Profit - Gas Cost [Avg])
$0.11 = ($0.38 - $0.27) $0.11215472879465477 = ($0.38457583212297314 - $0.27242110332831837)


5b. 2 Claim(s):

Total gas cost: 2 Claim(s) (USD): $0.61 ($0.6065267190811876)

Claim Reward: 1 Claim(s) (WEI): 0.000108924638679557 WETH (108924638679557 wei)
Claim Reward: 1 Claim(s) (USD): $0.38 ($0.38457583212297314)

Next Claim Reward: 2 Claim(s) (WEI): 0.00021035062117434 WETH (210350621174340 wei)
Next Claim Reward: 2 Claim(s) (USD): $0.74 ($0.742676461050209)

Net profit = (Gross Profit - Gas Cost [Avg])
$0.14 = ($0.74 - $0.61) $0.1361497419690214 = ($0.742676461050209 - $0.6065267190811876)


5b. 3 Claim(s):

Total gas cost: 3 Claim(s) (USD): $0.94 ($0.9406323348340567)

Claim Reward: 2 Claim(s) (WEI): 0.00021035062117434 WETH (210350621174340 wei)
Claim Reward: 2 Claim(s) (USD): $0.74 ($0.742676461050209)

Next Claim Reward: 3 Claim(s) (WEI): 0.000304794174531408 WETH (304794174531408 wei)
Next Claim Reward: 3 Claim(s) (USD): $1.08 ($1.0761245088128086)

Net profit = (Gross Profit - Gas Cost [Avg])
$0.14 = ($1.08 - $0.94) $0.1354921739787519 = ($1.0761245088128086 - $0.9406323348340567)

******************
5c. Profit/Loss (USD):

Net profit = (Gross Profit - Gas Cost [Max])
$-0.2 = ($0.74 - $0.94) $-0.1979558737838477 = ($0.742676461050209 - $0.9406323348340567)

Submitting transaction to claim 2 prize(s):

0xea47f7735eaf6b1e6502c21f50f65e84f7daa824-0x88d7398A6e44B91F997C1Ff752470015F2B658AF-1-2
0xea47f7735eaf6b1e6502c21f50f65e84f7daa824-0x08459CEeD31e5Ec7019E0d514667B90FeaD26216-1-3



Execute Claim Transaction for Tier #1



Transaction sent! ✔
Transaction hash: 0xbb33c465a6d25de68ba19ee80b0b05f8ada7cd8648bceabc6ce1ee529433690b
Waiting on transaction to be confirmed ...
Tx confirmed !




******************
Processing:
Vault:     0x80436148e5fab18b58a33b24f79977d6934ff0e4
Tier:      #2 (Canary tier)
# prizes:  2

5a. Calculating # of profitable claims ...

Native (Gas) Token ETH Market Rate (USD): $3529.67

Estimated gas limit (wei) (1 prize claim): 0.000000000000166071 ETH (166071 wei)
Estimated gas limit (wei) (2 prize claims): 0.000000000000238676 ETH (238676 wei)

Gas Cost: First Claim (wei): 0.000000000000166071 ETH (166071 wei)
Gas Cost: Each Following Claim (wei): 0.000000000000072605 ETH (72605 wei)

Gas Cost: First Claim (USD): $0.27 $0.27305414298796443
Gas Cost: Each Following Claim (USD): $0.33 $0.3349314204293947

5b. 1 Claim(s):

Total gas cost: 1 Claim(s) (USD): $0.27 ($0.27305414298796443)

Next Claim Reward: 1 Claim(s) (WEI): 0.000023947057141533 WETH (23947057141533 wei)
Next Claim Reward: 1 Claim(s) (USD): $0.08 ($0.08454890958320777)

Net profit = (Gross Profit - Gas Cost [Avg])
$-0.19 = ($0.08 - $0.27) $-0.18850523340475667 = ($0.08454890958320777 - $0.27305414298796443)

******************
5c. Profit/Loss (USD):

Net profit = (Gross Profit - Gas Cost [Max])
$-0.27 = ($0 - $0.27) $-0.27305414298796443 = ($0 - $0.27305414298796443)

Claiming tier #2 (Canary tier) currently not profitable.
Not profitable to claim for Draw #1, Tier: #2 (Canary tier)




******************
Processing:
Vault:     0xea47f7735eaf6b1e6502c21f50f65e84f7daa824
Tier:      #2 (Canary tier)
# prizes:  16

Tier #2 (Canary tier) not profitable, skipping ...





******************
Processing:
Vault:     0x80436148e5fab18b58a33b24f79977d6934ff0e4
Tier:      #3 (Canary tier)
# prizes:  13

Tier #3 (Canary tier) not profitable, skipping ...





******************
Processing:
Vault:     0xea47f7735eaf6b1e6502c21f50f65e84f7daa824
Tier:      #3 (Canary tier)
# prizes:  41

Tier #3 (Canary tier) not profitable, skipping ...

