Operating on: 10 - Optimism

Config - REWARD_RECIPIENT not provided, setting swap recipient to relayer address: 0xf9A3856b5368f60f2837c797A993F46C6ea7117d
Config - MIN_PROFIT_THRESHOLD_USD: 0.05

Starting ...
Getting prize pool info ...
Getting prize context ...

******************
1. Prize token: WETH

┌────────────┬──────────────────────────────────────────────┬──────────┬─────────────────┬────────┬──────────────┐
│ (index)    │ address                                      │ decimals │ name            │ symbol │ assetRateUsd │
├────────────┼──────────────────────────────────────────────┼──────────┼─────────────────┼────────┼──────────────┤
│ prizeToken │ '0x4200000000000000000000000000000000000006' │ 18       │ 'Wrapped Ether' │ 'WETH' │ 3143.5713    │
└────────────┴──────────────────────────────────────────────┴──────────┴─────────────────┴────────┴──────────────┘
┌─────────┬──────────┬───────────────────────────────┐
│ (index) │ numTiers │ tiersRangeArray               │
├─────────┼──────────┼───────────────────────────────┤
│ tiers   │ 5        │ [ 0, 1, 2, ... 2 more items ] │
└─────────┴──────────┴───────────────────────────────┘
Draw ID: 2
Prize Token WETH MarketRate USD:  $3143.5713

******************
Getting prize vaults ...
Found 13 prize vaults.

333 prizes already claimed for draw #2.
4 prizes remaining to be claimed...




******************
Processing:
Vault:     0xa52e38a9147f5ea9e0c5547376c21c9e3f3e5e1f
Tier:      #4 (Canary tier)
# prizes:  4

5a. Calculating # of profitable claims ...

Native (Gas) Token ETH Market Rate (USD): $3147.29

Estimated gas limit (wei) (1 prize claim): 0.000000000000205001 ETH (205001 wei)
Estimated gas limit (wei) (2 prize claims): 0.000000000000294318 ETH (294318 wei)

Gas Cost: First Claim (wei): 0.000000000000205001 ETH (205001 wei)
Gas Cost: Each Following Claim (wei): 0.000000000000089317 ETH (89317 wei)

Gas Cost: First Claim (USD): $0 $0.004868785694724612
Gas Cost: Each Following Claim (USD): $0 $0.0022173974519170366

5b. 1 Claim(s):

Total gas cost: 1 Claim(s) (USD): $0 ($0.004868785694724612)

Next Claim Reward: 1 Claim(s) (WEI): 0.000017007955088404 WETH (17007955088404 wei)
Next Claim Reward: 1 Claim(s) (USD): $0.05 ($0.05346571948759578)

Net profit = (Gross Profit - Gas Cost [Avg])
$0.05 = ($0.05 - $0) $0.048596933792871166 = ($0.05346571948759578 - $0.004868785694724612)

******************
5c. Profit/Loss (USD):

Net profit = (Gross Profit - Gas Cost [Max])
$0 = ($0 - $0) $-0.004868785694724612 = ($0 - $0.004868785694724612)

Claiming tier #4 (Canary tier) currently not profitable.
Not profitable to claim for Draw #2, Tier: #4 (Canary tier)
