Operating on: 11155420 - Optimism Sepolia
Config - MIN_PROFIT_THRESHOLD_USD: -0.1

Starting ...
Getting prize pool info ...
Getting prize context ...

******************
1. Prize token: WETH

┌────────────┬──────────────────────────────────────────────┬──────────┬─────────────────┬────────┬──────────────┐
│ (index)    │ address                                      │ decimals │ name            │ symbol │ assetRateUsd │
├────────────┼──────────────────────────────────────────────┼──────────┼─────────────────┼────────┼──────────────┤
│ prizeToken │ '0x28Dae98474c0EeDF4Ee74Da5300Dd89dE5466E62' │ 18       │ 'Wrapped Ether' │ 'WETH' │ 3542.8271    │
└────────────┴──────────────────────────────────────────────┴──────────┴─────────────────┴────────┴──────────────┘
┌─────────┬──────────┬──────────────────────────────┐
│ (index) │ numTiers │ tiersRangeArray              │
├─────────┼──────────┼──────────────────────────────┤
│ tiers   │ 4        │ [ 0, 1, 2, ... 1 more item ] │
└─────────┴──────────┴──────────────────────────────┘
Draw ID: 18
Prize Token WETH MarketRate USD:  $3542.8271

******************
Getting prize vaults ...
Found 6 prize vaults.

17 prizes already claimed for draw #18.
72 prizes remaining to be claimed...




******************
Processing:
Vault:     0x887db83c6b90b8c6d3a0729e1299c6153220649e
Tier:      #3 (Canary tier)
# prizes:  26

5a. Calculating # of profitable claims ...

Native (Gas) Token ETH Market Rate (USD): $3501.77

Estimated gas limit (wei) (1 prize claim): 0.00000000000018549 ETH (185490 wei)
Estimated gas limit (wei) (2 prize claims): 0.000000000000270314 ETH (270314 wei)

Gas Cost: First Claim (wei): 0.00000000000018549 ETH (185490 wei)
Gas Cost: Each Following Claim (wei): 0.000000000000084824 ETH (84824 wei)

Gas Cost: First Claim (USD): $1.2 $1.2025998430617
Gas Cost: Each Following Claim (USD): $1.48 $1.4766650843335538

5b. 1 Claim(s):

Total gas cost: 1 Claim(s) (USD): $1.2 ($1.2025998430617)

Next Claim Reward: 1 Claim(s) (WEI): 0.000040238395329599 WETH (40238395329599 wei)
Next Claim Reward: 1 Claim(s) (USD): $0.14 ($0.14255767743421677)

Net profit = (Gross Profit - Gas Cost [Avg])
$-1.06 = ($0.14 - $1.2) $-1.0600421656274832 = ($0.14255767743421677 - $1.2025998430617)

******************
5c. Profit/Loss (USD):

Net profit = (Gross Profit - Gas Cost [Max])
$-1.2 = ($0 - $1.2) $-1.2025998430617 = ($0 - $1.2025998430617)

Claiming tier #3 (Canary tier) currently not profitable.
Not profitable to claim for Draw #18, Tier: #3 (Canary tier)




******************
Processing:
Vault:     0xc1f6251c8b8ca9ea535dd297cb9cbfe49efa6bb0
Tier:      #3 (Canary tier)
# prizes:  15

Tier #3 (Canary tier) not profitable, skipping ...





******************
Processing:
Vault:     0xe0462dc45922ca4d8d50748504b1d383349a25df
Tier:      #3 (Canary tier)
# prizes:  31

Tier #3 (Canary tier) not profitable, skipping ...

