Operating on: 11155420 - Optimism Sepolia

Config - REWARD_RECIPIENT not provided, setting swap recipient to relayer address: 0x06003274c3a7926c04cA8d6903cc691fE8f3CEC2
Config - MIN_PROFIT_THRESHOLD_USD: 0.05

Starting ...
Getting prize pool info ...
Getting prize context ...

******************
1. Prize token: WETH

┌────────────┬──────────────────────────────────────────────┬──────────┬─────────────────┬────────┬──────────────┐
│ (index)    │ address                                      │ decimals │ name            │ symbol │ assetRateUsd │
├────────────┼──────────────────────────────────────────────┼──────────┼─────────────────┼────────┼──────────────┤
│ prizeToken │ '0xC355F97a3Aa2808Acb536E555764b8FB26fB4b37' │ 18       │ 'Wrapped Ether' │ 'WETH' │ 3090.4568    │
└────────────┴──────────────────────────────────────────────┴──────────┴─────────────────┴────────┴──────────────┘
┌─────────┬──────────┬───────────────────────────────┐
│ (index) │ numTiers │ tiersRangeArray               │
├─────────┼──────────┼───────────────────────────────┤
│ tiers   │ 6        │ [ 0, 1, 2, ... 3 more items ] │
└─────────┴──────────┴───────────────────────────────┘
Draw ID: 18
Prize Token WETH MarketRate USD:  $3090.4568

******************
Getting prize vaults ...
Found 6 prize vaults.

419 prizes already claimed for draw #18.
928 prizes remaining to be claimed...




******************
Processing:
Vault:     0x7fad91a4a29109303188d8758f1a9d60ce988349
Tier:      #4 (Canary tier)
# prizes:  24

5a. Calculating # of profitable claims ...

Native (Gas) Token ETH Market Rate (USD): $3089.58

Estimated gas limit (wei) (1 prize claim): 0.00000000000019107 ETH (191070 wei)
Estimated gas limit (wei) (2 prize claims): 0.000000000000277442 ETH (277442 wei)

Gas Cost: First Claim (wei): 0.00000000000019107 ETH (191070 wei)
Gas Cost: Each Following Claim (wei): 0.000000000000086372 ETH (86372 wei)

Gas Cost: First Claim (USD): $0.01 $0.013643576837494021
Gas Cost: Each Following Claim (USD): $0.02 $0.01630018275511479

5b. 1 Claim(s):

Total gas cost: 1 Claim(s) (USD): $0.01 ($0.013643576837494021)

Next Claim Reward: 1 Claim(s) (WEI): 0.000065041422449101 WETH (65041422449101 wei)
Next Claim Reward: 1 Claim(s) (USD): $0.2 ($0.20100770628949682)

Net profit = (Gross Profit - Gas Cost [Avg])
$0.19 = ($0.2 - $0.01) $0.18736412945200281 = ($0.20100770628949682 - $0.013643576837494021)


5b. 2 Claim(s):

Total gas cost: 2 Claim(s) (USD): $0.03 ($0.02994375959260881)

Claim Reward: 1 Claim(s) (WEI): 0.000065041422449101 WETH (65041422449101 wei)
Claim Reward: 1 Claim(s) (USD): $0.2 ($0.20100770628949682)

Next Claim Reward: 2 Claim(s) (WEI): 0.000130082844898202 WETH (130082844898202 wei)
Next Claim Reward: 2 Claim(s) (USD): $0.4 ($0.40201541257899365)

Net profit = (Gross Profit - Gas Cost [Avg])
$0.37 = ($0.4 - $0.03) $0.37207165298638484 = ($0.40201541257899365 - $0.02994375959260881)


5b. 3 Claim(s):

Total gas cost: 3 Claim(s) (USD): $0.05 ($0.0462439423477236)

Claim Reward: 2 Claim(s) (WEI): 0.000130082844898202 WETH (130082844898202 wei)
Claim Reward: 2 Claim(s) (USD): $0.4 ($0.40201541257899365)

Next Claim Reward: 3 Claim(s) (WEI): 0.000195124267347303 WETH (195124267347303 wei)
Next Claim Reward: 3 Claim(s) (USD): $0.6 ($0.6030231188684906)

Net profit = (Gross Profit - Gas Cost [Avg])
$0.56 = ($0.6 - $0.05) $0.556779176520767 = ($0.6030231188684906 - $0.0462439423477236)


5b. 4 Claim(s):

Total gas cost: 4 Claim(s) (USD): $0.06 ($0.0625441251028384)

Claim Reward: 3 Claim(s) (WEI): 0.000195124267347303 WETH (195124267347303 wei)
Claim Reward: 3 Claim(s) (USD): $0.6 ($0.6030231188684906)

Next Claim Reward: 4 Claim(s) (WEI): 0.000260165689796404 WETH (260165689796404 wei)
Next Claim Reward: 4 Claim(s) (USD): $0.8 ($0.8040308251579873)

Net profit = (Gross Profit - Gas Cost [Avg])
$0.74 = ($0.8 - $0.06) $0.7414867000551489 = ($0.8040308251579873 - $0.0625441251028384)


5b. 5 Claim(s):

Total gas cost: 5 Claim(s) (USD): $0.08 ($0.07884430785795318)

Claim Reward: 4 Claim(s) (WEI): 0.000260165689796404 WETH (260165689796404 wei)
Claim Reward: 4 Claim(s) (USD): $0.8 ($0.8040308251579873)

Next Claim Reward: 5 Claim(s) (WEI): 0.000325207112245505 WETH (325207112245505 wei)
Next Claim Reward: 5 Claim(s) (USD): $1.01 ($1.0050385314474841)

Net profit = (Gross Profit - Gas Cost [Avg])
$0.93 = ($1.01 - $0.08) $0.926194223589531 = ($1.0050385314474841 - $0.07884430785795318)


5b. 6 Claim(s):

Total gas cost: 6 Claim(s) (USD): $0.1 ($0.09514449061306797)

Claim Reward: 5 Claim(s) (WEI): 0.000325207112245505 WETH (325207112245505 wei)
Claim Reward: 5 Claim(s) (USD): $1.01 ($1.0050385314474841)

Next Claim Reward: 6 Claim(s) (WEI): 0.000390248534694606 WETH (390248534694606 wei)
Next Claim Reward: 6 Claim(s) (USD): $1.21 ($1.2060462377369812)

Net profit = (Gross Profit - Gas Cost [Avg])
$1.11 = ($1.21 - $0.1) $1.110901747123913 = ($1.2060462377369812 - $0.09514449061306797)


5b. 7 Claim(s):

Total gas cost: 7 Claim(s) (USD): $0.11 ($0.11144467336818277)

Claim Reward: 6 Claim(s) (WEI): 0.000390248534694606 WETH (390248534694606 wei)
Claim Reward: 6 Claim(s) (USD): $1.21 ($1.2060462377369812)

Next Claim Reward: 7 Claim(s) (WEI): 0.000455289957143707 WETH (455289957143707 wei)
Next Claim Reward: 7 Claim(s) (USD): $1.41 ($1.4070539440264778)

Net profit = (Gross Profit - Gas Cost [Avg])
$1.3 = ($1.41 - $0.11) $1.295609270658295 = ($1.4070539440264778 - $0.11144467336818277)


5b. 8 Claim(s):

Total gas cost: 8 Claim(s) (USD): $0.13 ($0.12774485612329756)

Claim Reward: 7 Claim(s) (WEI): 0.000455289957143707 WETH (455289957143707 wei)
Claim Reward: 7 Claim(s) (USD): $1.41 ($1.4070539440264778)

Next Claim Reward: 8 Claim(s) (WEI): 0.000520331379592808 WETH (520331379592808 wei)
Next Claim Reward: 8 Claim(s) (USD): $1.61 ($1.6080616503159746)

Net profit = (Gross Profit - Gas Cost [Avg])
$1.48 = ($1.61 - $0.13) $1.4803167941926771 = ($1.6080616503159746 - $0.12774485612329756)


5b. 9 Claim(s):

Total gas cost: 9 Claim(s) (USD): $0.14 ($0.14404503887841233)

Claim Reward: 8 Claim(s) (WEI): 0.000520331379592808 WETH (520331379592808 wei)
Claim Reward: 8 Claim(s) (USD): $1.61 ($1.6080616503159746)

Next Claim Reward: 9 Claim(s) (WEI): 0.000585372802041909 WETH (585372802041909 wei)
Next Claim Reward: 9 Claim(s) (USD): $1.81 ($1.8090693566054716)

Net profit = (Gross Profit - Gas Cost [Avg])
$1.67 = ($1.81 - $0.14) $1.6650243177270594 = ($1.8090693566054716 - $0.14404503887841233)


5b. 10 Claim(s):

Total gas cost: 10 Claim(s) (USD): $0.16 ($0.16034522163352713)

Claim Reward: 9 Claim(s) (WEI): 0.000585372802041909 WETH (585372802041909 wei)
Claim Reward: 9 Claim(s) (USD): $1.81 ($1.8090693566054716)

Next Claim Reward: 10 Claim(s) (WEI): 0.00065041422449101 WETH (650414224491010 wei)
Next Claim Reward: 10 Claim(s) (USD): $2.01 ($2.0100770628949682)

Net profit = (Gross Profit - Gas Cost [Avg])
$1.85 = ($2.01 - $0.16) $1.8497318412614412 = ($2.0100770628949682 - $0.16034522163352713)


5b. 11 Claim(s):

Total gas cost: 11 Claim(s) (USD): $0.18 ($0.1766454043886419)

Claim Reward: 10 Claim(s) (WEI): 0.00065041422449101 WETH (650414224491010 wei)
Claim Reward: 10 Claim(s) (USD): $2.01 ($2.0100770628949682)

Next Claim Reward: 11 Claim(s) (WEI): 0.000715455646940111 WETH (715455646940111 wei)
Next Claim Reward: 11 Claim(s) (USD): $2.21 ($2.211084769184465)

Net profit = (Gross Profit - Gas Cost [Avg])
$2.03 = ($2.21 - $0.18) $2.034439364795823 = ($2.211084769184465 - $0.1766454043886419)


5b. 12 Claim(s):

Total gas cost: 12 Claim(s) (USD): $0.19 ($0.1929455871437567)

Claim Reward: 11 Claim(s) (WEI): 0.000715455646940111 WETH (715455646940111 wei)
Claim Reward: 11 Claim(s) (USD): $2.21 ($2.211084769184465)

Next Claim Reward: 12 Claim(s) (WEI): 0.000780497069389212 WETH (780497069389212 wei)
Next Claim Reward: 12 Claim(s) (USD): $2.41 ($2.4120924754739623)

Net profit = (Gross Profit - Gas Cost [Avg])
$2.22 = ($2.41 - $0.19) $2.2191468883302057 = ($2.4120924754739623 - $0.1929455871437567)


5b. 13 Claim(s):

Total gas cost: 13 Claim(s) (USD): $0.21 ($0.2092457698988715)

Claim Reward: 12 Claim(s) (WEI): 0.000780497069389212 WETH (780497069389212 wei)
Claim Reward: 12 Claim(s) (USD): $2.41 ($2.4120924754739623)

Next Claim Reward: 13 Claim(s) (WEI): 0.000845538491838313 WETH (845538491838313 wei)
Next Claim Reward: 13 Claim(s) (USD): $2.61 ($2.6131001817634587)

Net profit = (Gross Profit - Gas Cost [Avg])
$2.4 = ($2.61 - $0.21) $2.4038544118645873 = ($2.6131001817634587 - $0.2092457698988715)


5b. 14 Claim(s):

Total gas cost: 14 Claim(s) (USD): $0.23 ($0.22554595265398628)

Claim Reward: 13 Claim(s) (WEI): 0.000845538491838313 WETH (845538491838313 wei)
Claim Reward: 13 Claim(s) (USD): $2.61 ($2.6131001817634587)

Next Claim Reward: 14 Claim(s) (WEI): 0.000910579914287414 WETH (910579914287414 wei)
Next Claim Reward: 14 Claim(s) (USD): $2.81 ($2.8141078880529555)

Net profit = (Gross Profit - Gas Cost [Avg])
$2.59 = ($2.81 - $0.23) $2.5885619353989693 = ($2.8141078880529555 - $0.22554595265398628)


5b. 15 Claim(s):

Total gas cost: 15 Claim(s) (USD): $0.24 ($0.24184613540910108)

Claim Reward: 14 Claim(s) (WEI): 0.000910579914287414 WETH (910579914287414 wei)
Claim Reward: 14 Claim(s) (USD): $2.81 ($2.8141078880529555)

Next Claim Reward: 15 Claim(s) (WEI): 0.000975621336736515 WETH (975621336736515 wei)
Next Claim Reward: 15 Claim(s) (USD): $3.02 ($3.0151155943424524)

Net profit = (Gross Profit - Gas Cost [Avg])
$2.77 = ($3.02 - $0.24) $2.7732694589333513 = ($3.0151155943424524 - $0.24184613540910108)


5b. 16 Claim(s):

Total gas cost: 16 Claim(s) (USD): $0.26 ($0.25814631816421585)

Claim Reward: 15 Claim(s) (WEI): 0.000975621336736515 WETH (975621336736515 wei)
Claim Reward: 15 Claim(s) (USD): $3.02 ($3.0151155943424524)

Next Claim Reward: 16 Claim(s) (WEI): 0.001040662759185616 WETH (1040662759185616 wei)
Next Claim Reward: 16 Claim(s) (USD): $3.22 ($3.216123300631949)

Net profit = (Gross Profit - Gas Cost [Avg])
$2.96 = ($3.22 - $0.26) $2.9579769824677333 = ($3.216123300631949 - $0.25814631816421585)


5b. 17 Claim(s):

Total gas cost: 17 Claim(s) (USD): $0.27 ($0.27444650091933065)

Claim Reward: 16 Claim(s) (WEI): 0.001040662759185616 WETH (1040662759185616 wei)
Claim Reward: 16 Claim(s) (USD): $3.22 ($3.216123300631949)

Next Claim Reward: 17 Claim(s) (WEI): 0.001105704181634717 WETH (1105704181634717 wei)
Next Claim Reward: 17 Claim(s) (USD): $3.42 ($3.417131006921446)

Net profit = (Gross Profit - Gas Cost [Avg])
$3.14 = ($3.42 - $0.27) $3.1426845060021154 = ($3.417131006921446 - $0.27444650091933065)


5b. 18 Claim(s):

Total gas cost: 18 Claim(s) (USD): $0.29 ($0.29074668367444545)

Claim Reward: 17 Claim(s) (WEI): 0.001105704181634717 WETH (1105704181634717 wei)
Claim Reward: 17 Claim(s) (USD): $3.42 ($3.417131006921446)

Next Claim Reward: 18 Claim(s) (WEI): 0.001170745604083818 WETH (1170745604083818 wei)
Next Claim Reward: 18 Claim(s) (USD): $3.62 ($3.6181387132109433)

Net profit = (Gross Profit - Gas Cost [Avg])
$3.33 = ($3.62 - $0.29) $3.327392029536498 = ($3.6181387132109433 - $0.29074668367444545)


5b. 19 Claim(s):

Total gas cost: 19 Claim(s) (USD): $0.31 ($0.30704686642956025)

Claim Reward: 18 Claim(s) (WEI): 0.001170745604083818 WETH (1170745604083818 wei)
Claim Reward: 18 Claim(s) (USD): $3.62 ($3.6181387132109433)

Next Claim Reward: 19 Claim(s) (WEI): 0.001235787026532919 WETH (1235787026532919 wei)
Next Claim Reward: 19 Claim(s) (USD): $3.82 ($3.8191464195004396)

Net profit = (Gross Profit - Gas Cost [Avg])
$3.51 = ($3.82 - $0.31) $3.5120995530708794 = ($3.8191464195004396 - $0.30704686642956025)


5b. 20 Claim(s):

Total gas cost: 20 Claim(s) (USD): $0.32 ($0.323347049184675)

Claim Reward: 19 Claim(s) (WEI): 0.001235787026532919 WETH (1235787026532919 wei)
Claim Reward: 19 Claim(s) (USD): $3.82 ($3.8191464195004396)

Next Claim Reward: 20 Claim(s) (WEI): 0.00130082844898202 WETH (1300828448982020 wei)
Next Claim Reward: 20 Claim(s) (USD): $4.02 ($4.0201541257899365)

Net profit = (Gross Profit - Gas Cost [Avg])
$3.7 = ($4.02 - $0.32) $3.6968070766052614 = ($4.0201541257899365 - $0.323347049184675)


5b. 21 Claim(s):

Total gas cost: 21 Claim(s) (USD): $0.34 ($0.3396472319397898)

Claim Reward: 20 Claim(s) (WEI): 0.00130082844898202 WETH (1300828448982020 wei)
Claim Reward: 20 Claim(s) (USD): $4.02 ($4.0201541257899365)

Next Claim Reward: 21 Claim(s) (WEI): 0.001365869871431121 WETH (1365869871431121 wei)
Next Claim Reward: 21 Claim(s) (USD): $4.22 ($4.221161832079434)

Net profit = (Gross Profit - Gas Cost [Avg])
$3.88 = ($4.22 - $0.34) $3.8815146001396443 = ($4.221161832079434 - $0.3396472319397898)


5b. 22 Claim(s):

Total gas cost: 22 Claim(s) (USD): $0.36 ($0.3559474146949046)

Claim Reward: 21 Claim(s) (WEI): 0.001365869871431121 WETH (1365869871431121 wei)
Claim Reward: 21 Claim(s) (USD): $4.22 ($4.221161832079434)

Next Claim Reward: 22 Claim(s) (WEI): 0.001430911293880222 WETH (1430911293880222 wei)
Next Claim Reward: 22 Claim(s) (USD): $4.42 ($4.42216953836893)

Net profit = (Gross Profit - Gas Cost [Avg])
$4.07 = ($4.42 - $0.36) $4.0662221236740255 = ($4.42216953836893 - $0.3559474146949046)


5b. 23 Claim(s):

Total gas cost: 23 Claim(s) (USD): $0.37 ($0.3722475974500194)

Claim Reward: 22 Claim(s) (WEI): 0.001430911293880222 WETH (1430911293880222 wei)
Claim Reward: 22 Claim(s) (USD): $4.42 ($4.42216953836893)

Next Claim Reward: 23 Claim(s) (WEI): 0.001495952716329323 WETH (1495952716329323 wei)
Next Claim Reward: 23 Claim(s) (USD): $4.62 ($4.623177244658427)

Net profit = (Gross Profit - Gas Cost [Avg])
$4.25 = ($4.62 - $0.37) $4.250929647208408 = ($4.623177244658427 - $0.3722475974500194)


5b. 24 Claim(s):

Total gas cost: 24 Claim(s) (USD): $0.39 ($0.3885477802051342)

Claim Reward: 23 Claim(s) (WEI): 0.001495952716329323 WETH (1495952716329323 wei)
Claim Reward: 23 Claim(s) (USD): $4.62 ($4.623177244658427)

Next Claim Reward: 24 Claim(s) (WEI): 0.001560994138778424 WETH (1560994138778424 wei)
Next Claim Reward: 24 Claim(s) (USD): $4.82 ($4.824184950947925)

Net profit = (Gross Profit - Gas Cost [Avg])
$4.44 = ($4.82 - $0.39) $4.43563717074279 = ($4.824184950947925 - $0.3885477802051342)


******************
5c. Profit/Loss (USD):

Net profit = (Gross Profit - Gas Cost [Max])
$4.44 = ($4.82 - $0.39) $4.43563717074279 = ($4.824184950947925 - $0.3885477802051342)

Submitting transaction to claim 24 prize(s):

0x7fad91a4a29109303188d8758f1a9d60ce988349-0x78F7038bc95089A9531Af9f5A6b4185586c4ee16-4-90
0x7fad91a4a29109303188d8758f1a9d60ce988349-0xcEE0587f1024B706a96F81e2AAD50Ce885CDBaA7-4-67
0x7fad91a4a29109303188d8758f1a9d60ce988349-0x7be69C7bfbf53aa6F6b94874fBa75f9757f2e89D-4-225
0x7fad91a4a29109303188d8758f1a9d60ce988349-0xec201fa1C735314B1855166aB14BDc3E7A6A2987-4-15
0x7fad91a4a29109303188d8758f1a9d60ce988349-0x10Dd0079739B6b3D30fb2Beded6Ae4CAcE627Af5-4-229
0x7fad91a4a29109303188d8758f1a9d60ce988349-0x1Be7FBd75DA89AEcCeC842f391eD8f17230837c3-4-7
0x7fad91a4a29109303188d8758f1a9d60ce988349-0xC164D052595c4FEf808E30eAf4398f94dA662c77-4-188
0x7fad91a4a29109303188d8758f1a9d60ce988349-0x9a2e9C417A12A66433932393AF1DB65e1F0A6800-4-212
0x7fad91a4a29109303188d8758f1a9d60ce988349-0x3112D5699510010a16f0db0f000aAB2b77e0949C-4-89
0x7fad91a4a29109303188d8758f1a9d60ce988349-0x30b8535B1C37E804625D2C9E5cD0637F3e3968b3-4-23
0x7fad91a4a29109303188d8758f1a9d60ce988349-0x2D273d937283e9C2AB2411c434B38780cA05d186-4-41
0x7fad91a4a29109303188d8758f1a9d60ce988349-0x45B4B7eF801AA4c0241f6CD337a5948EBCD594E3-4-70
0x7fad91a4a29109303188d8758f1a9d60ce988349-0x42621916dfFfD3cf335F4C74d768b13E96d72ea1-4-76
0x7fad91a4a29109303188d8758f1a9d60ce988349-0xadd0C807D4F88a62991770a202063CfBB638F524-4-142
0x7fad91a4a29109303188d8758f1a9d60ce988349-0x2C3d0f1c959FB2691A5020dbCef531a080fD9263-4-179
0x7fad91a4a29109303188d8758f1a9d60ce988349-0xe5F2bE7aE80903Ea6f164318358A757361b8C177-4-181
0x7fad91a4a29109303188d8758f1a9d60ce988349-0x4Af4079dC013dd81956F12dAf0962Ae2c33De350-4-86
0x7fad91a4a29109303188d8758f1a9d60ce988349-0x9427d4b799055829C13eA12f988A51dE744Bbb81-4-5
0x7fad91a4a29109303188d8758f1a9d60ce988349-0x45545e477E4a9D84eA30982d51441548Ee15e361-4-55
0x7fad91a4a29109303188d8758f1a9d60ce988349-0x36bf423733424187214b4A70FB7fce9B957a03E1-4-69
0x7fad91a4a29109303188d8758f1a9d60ce988349-0x5FE0f2192b90D1bFC70808Eb2988B89796A79651-4-161
0x7fad91a4a29109303188d8758f1a9d60ce988349-0x081b21FcaA7f9D05dCDF0DE09aA5653df9962e11-4-57
0x7fad91a4a29109303188d8758f1a9d60ce988349-0x7dd71ED3Eb71e4f404788bA99c6466c7E1fF8A3C-4-123
0x7fad91a4a29109303188d8758f1a9d60ce988349-0x93E403A70328095a95BFED3b123913c0dd59eC33-4-17



Execute Claim Transaction for Tier #4 (Canary tier)



Transaction sent! ✔
Transaction hash: 0xf0794d6b2d8f4ec83a3275605be73e19f49aa58a04af8d84887905ee48c0871f
Waiting on transaction to be confirmed ...
Tx confirmed !




******************
Processing:
Vault:     0x33335296c9b020ca3252e4953c11decfdce816b8
Tier:      #5 (Canary tier)
# prizes:  343

5a. Calculating # of profitable claims ...

Native (Gas) Token ETH Market Rate (USD): $3089.58

Estimated gas limit (wei) (1 prize claim): 0.0000000000001924 ETH (192400 wei)
Estimated gas limit (wei) (2 prize claims): 0.000000000000280115 ETH (280115 wei)

Gas Cost: First Claim (wei): 0.0000000000001924 ETH (192400 wei)
Gas Cost: Each Following Claim (wei): 0.000000000000087715 ETH (87715 wei)

Gas Cost: First Claim (USD): $0.01 $0.013647687014397654
Gas Cost: Each Following Claim (USD): $0.02 $0.016349035510874143

5b. 1 Claim(s):

Total gas cost: 1 Claim(s) (USD): $0.01 ($0.013647687014397654)

Next Claim Reward: 1 Claim(s) (WEI): 0.000016260355612275 WETH (16260355612275 wei)
Next Claim Reward: 1 Claim(s) (USD): $0.05 ($0.050251926572373436)

Net profit = (Gross Profit - Gas Cost [Avg])
$0.04 = ($0.05 - $0.01) $0.03660423955797578 = ($0.050251926572373436 - $0.013647687014397654)

******************
5c. Profit/Loss (USD):

Net profit = (Gross Profit - Gas Cost [Max])
$-0.01 = ($0 - $0.01) $-0.013647687014397654 = ($0 - $0.013647687014397654)

Claiming tier #5 (Canary tier) currently not profitable.
Not profitable to claim for Draw #18, Tier: #5 (Canary tier)




******************
Processing:
Vault:     0x7fad91a4a29109303188d8758f1a9d60ce988349
Tier:      #5 (Canary tier)
# prizes:  561

Tier #5 (Canary tier) not profitable, skipping ...

