Operating on: 11155420 - Optimism Sepolia

Config - REWARD_RECIPIENT not provided, setting swap recipient to relayer address: 0x06003274c3a7926c04cA8d6903cc691fE8f3CEC2
Config - MIN_PROFIT_THRESHOLD_USD: -0.3

Starting ...
Getting prize pool info ...
Getting prize context ...

******************
1. Prize token: WETH

┌────────────┬──────────────────────────────────────────────┬──────────┬─────────────────┬────────┬──────────────┐
│ (index)    │ address                                      │ decimals │ name            │ symbol │ assetRateUsd │
├────────────┼──────────────────────────────────────────────┼──────────┼─────────────────┼────────┼──────────────┤
│ prizeToken │ '0xC355F97a3Aa2808Acb536E555764b8FB26fB4b37' │ 18       │ 'Wrapped Ether' │ 'WETH' │ 3085.1958    │
└────────────┴──────────────────────────────────────────────┴──────────┴─────────────────┴────────┴──────────────┘
┌─────────┬──────────┬───────────────────────────────┐
│ (index) │ numTiers │ tiersRangeArray               │
├─────────┼──────────┼───────────────────────────────┤
│ tiers   │ 6        │ [ 0, 1, 2, ... 3 more items ] │
└─────────┴──────────┴───────────────────────────────┘
Draw ID: 8
Prize Token WETH MarketRate USD:  $3085.1958

******************
Getting prize vaults ...
Found 6 prize vaults.

539 prizes already claimed for draw #8.
789 prizes remaining to be claimed...




******************
Processing:
Vault:     0x7fad91a4a29109303188d8758f1a9d60ce988349
Tier:      #4 (Canary tier)
# prizes:  27

5a. Calculating # of profitable claims ...

Native (Gas) Token ETH Market Rate (USD): $3082.6

Estimated gas limit (wei) (1 prize claim): 0.000000000000179016 ETH (179016 wei)
Estimated gas limit (wei) (2 prize claims): 0.000000000000261385 ETH (261385 wei)

Gas Cost: First Claim (wei): 0.000000000000179016 ETH (179016 wei)
Gas Cost: Each Following Claim (wei): 0.000000000000082369 ETH (82369 wei)

Gas Cost: First Claim (USD): $0.01 $0.011682827621322058
Gas Cost: Each Following Claim (USD): $0.01 $0.013887999970258726

5b. 1 Claim(s):

Total gas cost: 1 Claim(s) (USD): $0.01 ($0.011682827621322058)

Next Claim Reward: 1 Claim(s) (WEI): 0.000029338606478083 WETH (29338606478083 wei)
Next Claim Reward: 1 Claim(s) (USD): $0.09 ($0.09051534548403446)

Net profit = (Gross Profit - Gas Cost [Avg])
$0.08 = ($0.09 - $0.01) $0.0788325178627124 = ($0.09051534548403446 - $0.011682827621322058)


5b. 2 Claim(s):

Total gas cost: 2 Claim(s) (USD): $0.03 ($0.02557082759158078)

Claim Reward: 1 Claim(s) (WEI): 0.000029338606478083 WETH (29338606478083 wei)
Claim Reward: 1 Claim(s) (USD): $0.09 ($0.09051534548403446)

Next Claim Reward: 2 Claim(s) (WEI): 0.000058677212956166 WETH (58677212956166 wei)
Next Claim Reward: 2 Claim(s) (USD): $0.18 ($0.18103069096806892)

Net profit = (Gross Profit - Gas Cost [Avg])
$0.16 = ($0.18 - $0.03) $0.15545986337648815 = ($0.18103069096806892 - $0.02557082759158078)


5b. 3 Claim(s):

Total gas cost: 3 Claim(s) (USD): $0.04 ($0.03945882756183951)

Claim Reward: 2 Claim(s) (WEI): 0.000058677212956166 WETH (58677212956166 wei)
Claim Reward: 2 Claim(s) (USD): $0.18 ($0.18103069096806892)

Next Claim Reward: 3 Claim(s) (WEI): 0.000088015819434249 WETH (88015819434249 wei)
Next Claim Reward: 3 Claim(s) (USD): $0.27 ($0.2715460364521034)

Net profit = (Gross Profit - Gas Cost [Avg])
$0.23 = ($0.27 - $0.04) $0.2320872088902639 = ($0.2715460364521034 - $0.03945882756183951)


5b. 4 Claim(s):

Total gas cost: 4 Claim(s) (USD): $0.05 ($0.05334682753209823)

Claim Reward: 3 Claim(s) (WEI): 0.000088015819434249 WETH (88015819434249 wei)
Claim Reward: 3 Claim(s) (USD): $0.27 ($0.2715460364521034)

Next Claim Reward: 4 Claim(s) (WEI): 0.000117354425912332 WETH (117354425912332 wei)
Next Claim Reward: 4 Claim(s) (USD): $0.36 ($0.36206138193613785)

Net profit = (Gross Profit - Gas Cost [Avg])
$0.31 = ($0.36 - $0.05) $0.3087145544040396 = ($0.36206138193613785 - $0.05334682753209823)


5b. 5 Claim(s):

Total gas cost: 5 Claim(s) (USD): $0.07 ($0.06723482750235696)

Claim Reward: 4 Claim(s) (WEI): 0.000117354425912332 WETH (117354425912332 wei)
Claim Reward: 4 Claim(s) (USD): $0.36 ($0.36206138193613785)

Next Claim Reward: 5 Claim(s) (WEI): 0.000146693032390415 WETH (146693032390415 wei)
Next Claim Reward: 5 Claim(s) (USD): $0.45 ($0.4525767274201723)

Net profit = (Gross Profit - Gas Cost [Avg])
$0.39 = ($0.45 - $0.07) $0.3853418999178153 = ($0.4525767274201723 - $0.06723482750235696)


5b. 6 Claim(s):

Total gas cost: 6 Claim(s) (USD): $0.08 ($0.08112282747261568)

Claim Reward: 5 Claim(s) (WEI): 0.000146693032390415 WETH (146693032390415 wei)
Claim Reward: 5 Claim(s) (USD): $0.45 ($0.4525767274201723)

Next Claim Reward: 6 Claim(s) (WEI): 0.000176031638868498 WETH (176031638868498 wei)
Next Claim Reward: 6 Claim(s) (USD): $0.54 ($0.5430920729042068)

Net profit = (Gross Profit - Gas Cost [Avg])
$0.46 = ($0.54 - $0.08) $0.4619692454315911 = ($0.5430920729042068 - $0.08112282747261568)


5b. 7 Claim(s):

Total gas cost: 7 Claim(s) (USD): $0.1 ($0.09501082744287441)

Claim Reward: 6 Claim(s) (WEI): 0.000176031638868498 WETH (176031638868498 wei)
Claim Reward: 6 Claim(s) (USD): $0.54 ($0.5430920729042068)

Next Claim Reward: 7 Claim(s) (WEI): 0.000205370245346581 WETH (205370245346581 wei)
Next Claim Reward: 7 Claim(s) (USD): $0.63 ($0.6336074183882412)

Net profit = (Gross Profit - Gas Cost [Avg])
$0.54 = ($0.63 - $0.1) $0.5385965909453668 = ($0.6336074183882412 - $0.09501082744287441)


5b. 8 Claim(s):

Total gas cost: 8 Claim(s) (USD): $0.11 ($0.10889882741313314)

Claim Reward: 7 Claim(s) (WEI): 0.000205370245346581 WETH (205370245346581 wei)
Claim Reward: 7 Claim(s) (USD): $0.63 ($0.6336074183882412)

Next Claim Reward: 8 Claim(s) (WEI): 0.000234708851824664 WETH (234708851824664 wei)
Next Claim Reward: 8 Claim(s) (USD): $0.72 ($0.7241227638722757)

Net profit = (Gross Profit - Gas Cost [Avg])
$0.62 = ($0.72 - $0.11) $0.6152239364591425 = ($0.7241227638722757 - $0.10889882741313314)


5b. 9 Claim(s):

Total gas cost: 9 Claim(s) (USD): $0.12 ($0.12278682738339186)

Claim Reward: 8 Claim(s) (WEI): 0.000234708851824664 WETH (234708851824664 wei)
Claim Reward: 8 Claim(s) (USD): $0.72 ($0.7241227638722757)

Next Claim Reward: 9 Claim(s) (WEI): 0.000264047458302747 WETH (264047458302747 wei)
Next Claim Reward: 9 Claim(s) (USD): $0.81 ($0.8146381093563101)

Net profit = (Gross Profit - Gas Cost [Avg])
$0.69 = ($0.81 - $0.12) $0.6918512819729182 = ($0.8146381093563101 - $0.12278682738339186)


5b. 10 Claim(s):

Total gas cost: 10 Claim(s) (USD): $0.14 ($0.13667482735365058)

Claim Reward: 9 Claim(s) (WEI): 0.000264047458302747 WETH (264047458302747 wei)
Claim Reward: 9 Claim(s) (USD): $0.81 ($0.8146381093563101)

Next Claim Reward: 10 Claim(s) (WEI): 0.00029338606478083 WETH (293386064780830 wei)
Next Claim Reward: 10 Claim(s) (USD): $0.91 ($0.9051534548403446)

Net profit = (Gross Profit - Gas Cost [Avg])
$0.77 = ($0.91 - $0.14) $0.768478627486694 = ($0.9051534548403446 - $0.13667482735365058)


5b. 11 Claim(s):

Total gas cost: 11 Claim(s) (USD): $0.15 ($0.1505628273239093)

Claim Reward: 10 Claim(s) (WEI): 0.00029338606478083 WETH (293386064780830 wei)
Claim Reward: 10 Claim(s) (USD): $0.91 ($0.9051534548403446)

Next Claim Reward: 11 Claim(s) (WEI): 0.000322724671258913 WETH (322724671258913 wei)
Next Claim Reward: 11 Claim(s) (USD): $1 ($0.9956688003243791)

Net profit = (Gross Profit - Gas Cost [Avg])
$0.85 = ($1 - $0.15) $0.8451059730004697 = ($0.9956688003243791 - $0.1505628273239093)


5b. 12 Claim(s):

Total gas cost: 12 Claim(s) (USD): $0.16 ($0.16445082729416804)

Claim Reward: 11 Claim(s) (WEI): 0.000322724671258913 WETH (322724671258913 wei)
Claim Reward: 11 Claim(s) (USD): $1 ($0.9956688003243791)

Next Claim Reward: 12 Claim(s) (WEI): 0.000352063277736996 WETH (352063277736996 wei)
Next Claim Reward: 12 Claim(s) (USD): $1.09 ($1.0861841458084136)

Net profit = (Gross Profit - Gas Cost [Avg])
$0.92 = ($1.09 - $0.16) $0.9217333185142456 = ($1.0861841458084136 - $0.16445082729416804)


5b. 13 Claim(s):

Total gas cost: 13 Claim(s) (USD): $0.18 ($0.17833882726442676)

Claim Reward: 12 Claim(s) (WEI): 0.000352063277736996 WETH (352063277736996 wei)
Claim Reward: 12 Claim(s) (USD): $1.09 ($1.0861841458084136)

Next Claim Reward: 13 Claim(s) (WEI): 0.000381401884215079 WETH (381401884215079 wei)
Next Claim Reward: 13 Claim(s) (USD): $1.18 ($1.176699491292448)

Net profit = (Gross Profit - Gas Cost [Avg])
$1 = ($1.18 - $0.18) $0.9983606640280213 = ($1.176699491292448 - $0.17833882726442676)


5b. 14 Claim(s):

Total gas cost: 14 Claim(s) (USD): $0.19 ($0.19222682723468548)

Claim Reward: 13 Claim(s) (WEI): 0.000381401884215079 WETH (381401884215079 wei)
Claim Reward: 13 Claim(s) (USD): $1.18 ($1.176699491292448)

Next Claim Reward: 14 Claim(s) (WEI): 0.000410740490693162 WETH (410740490693162 wei)
Next Claim Reward: 14 Claim(s) (USD): $1.27 ($1.2672148367764824)

Net profit = (Gross Profit - Gas Cost [Avg])
$1.07 = ($1.27 - $0.19) $1.074988009541797 = ($1.2672148367764824 - $0.19222682723468548)


5b. 15 Claim(s):

Total gas cost: 15 Claim(s) (USD): $0.21 ($0.20611482720494423)

Claim Reward: 14 Claim(s) (WEI): 0.000410740490693162 WETH (410740490693162 wei)
Claim Reward: 14 Claim(s) (USD): $1.27 ($1.2672148367764824)

Next Claim Reward: 15 Claim(s) (WEI): 0.000440079097171245 WETH (440079097171245 wei)
Next Claim Reward: 15 Claim(s) (USD): $1.36 ($1.357730182260517)

Net profit = (Gross Profit - Gas Cost [Avg])
$1.15 = ($1.36 - $0.21) $1.1516153550555728 = ($1.357730182260517 - $0.20611482720494423)


5b. 16 Claim(s):

Total gas cost: 16 Claim(s) (USD): $0.22 ($0.22000282717520295)

Claim Reward: 15 Claim(s) (WEI): 0.000440079097171245 WETH (440079097171245 wei)
Claim Reward: 15 Claim(s) (USD): $1.36 ($1.357730182260517)

Next Claim Reward: 16 Claim(s) (WEI): 0.000469417703649328 WETH (469417703649328 wei)
Next Claim Reward: 16 Claim(s) (USD): $1.45 ($1.4482455277445514)

Net profit = (Gross Profit - Gas Cost [Avg])
$1.23 = ($1.45 - $0.22) $1.2282427005693484 = ($1.4482455277445514 - $0.22000282717520295)


5b. 17 Claim(s):

Total gas cost: 17 Claim(s) (USD): $0.23 ($0.23389082714546167)

Claim Reward: 16 Claim(s) (WEI): 0.000469417703649328 WETH (469417703649328 wei)
Claim Reward: 16 Claim(s) (USD): $1.45 ($1.4482455277445514)

Next Claim Reward: 17 Claim(s) (WEI): 0.000498756310127411 WETH (498756310127411 wei)
Next Claim Reward: 17 Claim(s) (USD): $1.54 ($1.5387608732285858)

Net profit = (Gross Profit - Gas Cost [Avg])
$1.3 = ($1.54 - $0.23) $1.3048700460831242 = ($1.5387608732285858 - $0.23389082714546167)


5b. 18 Claim(s):

Total gas cost: 18 Claim(s) (USD): $0.25 ($0.24777882711572038)

Claim Reward: 17 Claim(s) (WEI): 0.000498756310127411 WETH (498756310127411 wei)
Claim Reward: 17 Claim(s) (USD): $1.54 ($1.5387608732285858)

Next Claim Reward: 18 Claim(s) (WEI): 0.000528094916605494 WETH (528094916605494 wei)
Next Claim Reward: 18 Claim(s) (USD): $1.63 ($1.6292762187126202)

Net profit = (Gross Profit - Gas Cost [Avg])
$1.38 = ($1.63 - $0.25) $1.3814973915968998 = ($1.6292762187126202 - $0.24777882711572038)


5b. 19 Claim(s):

Total gas cost: 19 Claim(s) (USD): $0.26 ($0.2616668270859791)

Claim Reward: 18 Claim(s) (WEI): 0.000528094916605494 WETH (528094916605494 wei)
Claim Reward: 18 Claim(s) (USD): $1.63 ($1.6292762187126202)

Next Claim Reward: 19 Claim(s) (WEI): 0.000557433523083577 WETH (557433523083577 wei)
Next Claim Reward: 19 Claim(s) (USD): $1.72 ($1.7197915641966548)

Net profit = (Gross Profit - Gas Cost [Avg])
$1.46 = ($1.72 - $0.26) $1.4581247371106758 = ($1.7197915641966548 - $0.2616668270859791)


5b. 20 Claim(s):

Total gas cost: 20 Claim(s) (USD): $0.28 ($0.27555482705623785)

Claim Reward: 19 Claim(s) (WEI): 0.000557433523083577 WETH (557433523083577 wei)
Claim Reward: 19 Claim(s) (USD): $1.72 ($1.7197915641966548)

Next Claim Reward: 20 Claim(s) (WEI): 0.00058677212956166 WETH (586772129561660 wei)
Next Claim Reward: 20 Claim(s) (USD): $1.81 ($1.8103069096806892)

Net profit = (Gross Profit - Gas Cost [Avg])
$1.53 = ($1.81 - $0.28) $1.5347520826244514 = ($1.8103069096806892 - $0.27555482705623785)


5b. 21 Claim(s):

Total gas cost: 21 Claim(s) (USD): $0.29 ($0.28944282702649654)

Claim Reward: 20 Claim(s) (WEI): 0.00058677212956166 WETH (586772129561660 wei)
Claim Reward: 20 Claim(s) (USD): $1.81 ($1.8103069096806892)

Next Claim Reward: 21 Claim(s) (WEI): 0.000616110736039743 WETH (616110736039743 wei)
Next Claim Reward: 21 Claim(s) (USD): $1.9 ($1.9008222551647238)

Net profit = (Gross Profit - Gas Cost [Avg])
$1.61 = ($1.9 - $0.29) $1.6113794281382272 = ($1.9008222551647238 - $0.28944282702649654)


5b. 22 Claim(s):

Total gas cost: 22 Claim(s) (USD): $0.3 ($0.3033308269967553)

Claim Reward: 21 Claim(s) (WEI): 0.000616110736039743 WETH (616110736039743 wei)
Claim Reward: 21 Claim(s) (USD): $1.9 ($1.9008222551647238)

Next Claim Reward: 22 Claim(s) (WEI): 0.000645449342517826 WETH (645449342517826 wei)
Next Claim Reward: 22 Claim(s) (USD): $1.99 ($1.9913376006487582)

Net profit = (Gross Profit - Gas Cost [Avg])
$1.69 = ($1.99 - $0.3) $1.688006773652003 = ($1.9913376006487582 - $0.3033308269967553)


5b. 23 Claim(s):

Total gas cost: 23 Claim(s) (USD): $0.32 ($0.31721882696701403)

Claim Reward: 22 Claim(s) (WEI): 0.000645449342517826 WETH (645449342517826 wei)
Claim Reward: 22 Claim(s) (USD): $1.99 ($1.9913376006487582)

Next Claim Reward: 23 Claim(s) (WEI): 0.000674787948995909 WETH (674787948995909 wei)
Next Claim Reward: 23 Claim(s) (USD): $2.08 ($2.0818529461327926)

Net profit = (Gross Profit - Gas Cost [Avg])
$1.76 = ($2.08 - $0.32) $1.7646341191657786 = ($2.0818529461327926 - $0.31721882696701403)


5b. 24 Claim(s):

Total gas cost: 24 Claim(s) (USD): $0.33 ($0.3311068269372727)

Claim Reward: 23 Claim(s) (WEI): 0.000674787948995909 WETH (674787948995909 wei)
Claim Reward: 23 Claim(s) (USD): $2.08 ($2.0818529461327926)

Next Claim Reward: 24 Claim(s) (WEI): 0.000704126555473992 WETH (704126555473992 wei)
Next Claim Reward: 24 Claim(s) (USD): $2.17 ($2.172368291616827)

Net profit = (Gross Profit - Gas Cost [Avg])
$1.84 = ($2.17 - $0.33) $1.8412614646795544 = ($2.172368291616827 - $0.3311068269372727)


5b. 25 Claim(s):

Total gas cost: 25 Claim(s) (USD): $0.34 ($0.34499482690753147)

Claim Reward: 24 Claim(s) (WEI): 0.000704126555473992 WETH (704126555473992 wei)
Claim Reward: 24 Claim(s) (USD): $2.17 ($2.172368291616827)

Next Claim Reward: 25 Claim(s) (WEI): 0.000733465161952075 WETH (733465161952075 wei)
Next Claim Reward: 25 Claim(s) (USD): $2.26 ($2.2628836371008614)

Net profit = (Gross Profit - Gas Cost [Avg])
$1.92 = ($2.26 - $0.34) $1.9178888101933298 = ($2.2628836371008614 - $0.34499482690753147)


5b. 26 Claim(s):

Total gas cost: 26 Claim(s) (USD): $0.36 ($0.3588828268777902)

Claim Reward: 25 Claim(s) (WEI): 0.000733465161952075 WETH (733465161952075 wei)
Claim Reward: 25 Claim(s) (USD): $2.26 ($2.2628836371008614)

Next Claim Reward: 26 Claim(s) (WEI): 0.000762803768430158 WETH (762803768430158 wei)
Next Claim Reward: 26 Claim(s) (USD): $2.35 ($2.353398982584896)

Net profit = (Gross Profit - Gas Cost [Avg])
$1.99 = ($2.35 - $0.36) $1.9945161557071058 = ($2.353398982584896 - $0.3588828268777902)


5b. 27 Claim(s):

Total gas cost: 27 Claim(s) (USD): $0.37 ($0.3727708268480489)

Claim Reward: 26 Claim(s) (WEI): 0.000762803768430158 WETH (762803768430158 wei)
Claim Reward: 26 Claim(s) (USD): $2.35 ($2.353398982584896)

Next Claim Reward: 27 Claim(s) (WEI): 0.000792142374908241 WETH (792142374908241 wei)
Next Claim Reward: 27 Claim(s) (USD): $2.44 ($2.4439143280689306)

Net profit = (Gross Profit - Gas Cost [Avg])
$2.07 = ($2.44 - $0.37) $2.071143501220882 = ($2.4439143280689306 - $0.3727708268480489)


******************
5c. Profit/Loss (USD):

Net profit = (Gross Profit - Gas Cost [Max])
$2.07 = ($2.44 - $0.37) $2.071143501220882 = ($2.4439143280689306 - $0.3727708268480489)

Submitting transaction to claim 27 prize(s):

0x7fad91a4a29109303188d8758f1a9d60ce988349-0x241a78bc1Bf4325e2Ef0953FEdc3bB3Ca3f46266-4-36
0x7fad91a4a29109303188d8758f1a9d60ce988349-0x63d6E54231bA6B9A7C92B6fd00f1AbD77d82f9cF-4-76
0x7fad91a4a29109303188d8758f1a9d60ce988349-0xADf6bb18612c820d48401B7f3D5235b4460892e4-4-111
0x7fad91a4a29109303188d8758f1a9d60ce988349-0xec201fa1C735314B1855166aB14BDc3E7A6A2987-4-27
0x7fad91a4a29109303188d8758f1a9d60ce988349-0x5Af625Fc4e588fB471D80f17B625A7ba3FB9eABf-4-112
0x7fad91a4a29109303188d8758f1a9d60ce988349-0x6A6C74a35E78E1a64Ebc88438dd0ca4a1256EBe9-4-222
0x7fad91a4a29109303188d8758f1a9d60ce988349-0xba33bDcAC4eC85e046aE5371e6C79564dB1c891d-4-97
0x7fad91a4a29109303188d8758f1a9d60ce988349-0x3098728E4273bbA5bf24d4e5171A6f969483ff66-4-167
0x7fad91a4a29109303188d8758f1a9d60ce988349-0x66Bec23DD3AC7e00907674CEC60A20168BEeed4C-4-43
0x7fad91a4a29109303188d8758f1a9d60ce988349-0x8e591B5a5e5a0A373Dba062771DA80C7AE4bF592-4-102
0x7fad91a4a29109303188d8758f1a9d60ce988349-0x710Bb272d6D210D38887D44514dc69F0fE73F267-4-177
0x7fad91a4a29109303188d8758f1a9d60ce988349-0xD3bAaEFbba30A4aaA3B30630C6336C37a7CE1230-4-231
0x7fad91a4a29109303188d8758f1a9d60ce988349-0x01885923b76Ec5206eba18A3d61Bf671D9EC940e-4-179
0x7fad91a4a29109303188d8758f1a9d60ce988349-0xB770Abad9A5E47503dD34a8E515B5cF8D00f9cE0-4-220
0x7fad91a4a29109303188d8758f1a9d60ce988349-0xa28fe1Cefd7EDa950bb21164735b7a4b3c0E5FD8-4-34
0x7fad91a4a29109303188d8758f1a9d60ce988349-0x36b5eD9687A1176D2f57b89F63CE3B14Dc8D7DfC-4-188
0x7fad91a4a29109303188d8758f1a9d60ce988349-0xD9D2bb09Db2F7e687D253e7D5B361D229558a19e-4-187
0x7fad91a4a29109303188d8758f1a9d60ce988349-0xd89cce77F6DE91381c3543f35E64d3e6916788B3-4-133
0x7fad91a4a29109303188d8758f1a9d60ce988349-0x270c789788466351413731ee920D365c77CF8B3a-4-247
0x7fad91a4a29109303188d8758f1a9d60ce988349-0xBFbD7b814c00cB5B2902b030F5A5A84335663630-4-86
0x7fad91a4a29109303188d8758f1a9d60ce988349-0x881C4662b31dC7FDbD2311390E0484d2Ec130d2E-4-151
0x7fad91a4a29109303188d8758f1a9d60ce988349-0x75ddee2F017C5c2A7863c8d5d29d7d88C26AE562-4-42
0x7fad91a4a29109303188d8758f1a9d60ce988349-0x9427d4b799055829C13eA12f988A51dE744Bbb81-4-118
0x7fad91a4a29109303188d8758f1a9d60ce988349-0x3CBe8970b26340F739b48f3dB42fc605a7AB679B-4-54
0x7fad91a4a29109303188d8758f1a9d60ce988349-0x2e0949A6F56529f696B7ea9BA994d97f7C7c6CdB-4-35
0x7fad91a4a29109303188d8758f1a9d60ce988349-0x6204C25B2bF2C4fa1fA119674e9b4BfB4b8Bb3dd-4-85
0x7fad91a4a29109303188d8758f1a9d60ce988349-0x7332463b261e314cd05d2548467c4E4AC27F9168-4-100



Execute Claim Transaction for Tier #4 (Canary tier)



Transaction sent! ✔
Transaction hash: 0xd9676d101d994909b4a6d256c13a1f401add8e36d330b8df20f463fde61ef2b2
Waiting on transaction to be confirmed ...
Tx confirmed !




******************
Processing:
Vault:     0x33335296c9b020ca3252e4953c11decfdce816b8
Tier:      #5 (Canary tier)
# prizes:  326

5a. Calculating # of profitable claims ...

Native (Gas) Token ETH Market Rate (USD): $3082.6

Estimated gas limit (wei) (1 prize claim): 0.000000000000173546 ETH (173546 wei)
Estimated gas limit (wei) (2 prize claims): 0.000000000000255015 ETH (255015 wei)

Gas Cost: First Claim (wei): 0.000000000000173546 ETH (173546 wei)
Gas Cost: Each Following Claim (wei): 0.000000000000081469 ETH (81469 wei)

Gas Cost: First Claim (USD): $0.01 $0.01170408483202437
Gas Cost: Each Following Claim (USD): $0.01 $0.013999587843086482

5b. 1 Claim(s):

Total gas cost: 1 Claim(s) (USD): $0.01 ($0.01170408483202437)

Next Claim Reward: 1 Claim(s) (WEI): 0.00000733465161952 WETH (7334651619520 wei)
Next Claim Reward: 1 Claim(s) (USD): $0.02 ($0.0226288363710063)

Net profit = (Gross Profit - Gas Cost [Avg])
$0.01 = ($0.02 - $0.01) $0.010924751538981932 = ($0.0226288363710063 - $0.01170408483202437)


5b. 2 Claim(s):

Total gas cost: 2 Claim(s) (USD): $0.03 ($0.025703672675110853)

Claim Reward: 1 Claim(s) (WEI): 0.00000733465161952 WETH (7334651619520 wei)
Claim Reward: 1 Claim(s) (USD): $0.02 ($0.0226288363710063)

Next Claim Reward: 2 Claim(s) (WEI): 0.00001466930323904 WETH (14669303239040 wei)
Next Claim Reward: 2 Claim(s) (USD): $0.05 ($0.0452576727420126)

Net profit = (Gross Profit - Gas Cost [Avg])
$0.02 = ($0.05 - $0.03) $0.01955400006690175 = ($0.0452576727420126 - $0.025703672675110853)


5b. 3 Claim(s):

Total gas cost: 3 Claim(s) (USD): $0.04 ($0.039703260518197336)

Claim Reward: 2 Claim(s) (WEI): 0.00001466930323904 WETH (14669303239040 wei)
Claim Reward: 2 Claim(s) (USD): $0.05 ($0.0452576727420126)

Next Claim Reward: 3 Claim(s) (WEI): 0.00002200395485856 WETH (22003954858560 wei)
Next Claim Reward: 3 Claim(s) (USD): $0.07 ($0.06788650911301891)

Net profit = (Gross Profit - Gas Cost [Avg])
$0.03 = ($0.07 - $0.04) $0.028183248594821575 = ($0.06788650911301891 - $0.039703260518197336)


5b. 4 Claim(s):

Total gas cost: 4 Claim(s) (USD): $0.05 ($0.05370284836128381)

Claim Reward: 3 Claim(s) (WEI): 0.00002200395485856 WETH (22003954858560 wei)
Claim Reward: 3 Claim(s) (USD): $0.07 ($0.06788650911301891)

Next Claim Reward: 4 Claim(s) (WEI): 0.00002933860647808 WETH (29338606478080 wei)
Next Claim Reward: 4 Claim(s) (USD): $0.09 ($0.0905153454840252)

Net profit = (Gross Profit - Gas Cost [Avg])
$0.04 = ($0.09 - $0.05) $0.03681249712274139 = ($0.0905153454840252 - $0.05370284836128381)


5b. 5 Claim(s):

Total gas cost: 5 Claim(s) (USD): $0.07 ($0.0677024362043703)

Claim Reward: 4 Claim(s) (WEI): 0.00002933860647808 WETH (29338606478080 wei)
Claim Reward: 4 Claim(s) (USD): $0.09 ($0.0905153454840252)

Next Claim Reward: 5 Claim(s) (WEI): 0.0000366732580976 WETH (36673258097600 wei)
Next Claim Reward: 5 Claim(s) (USD): $0.11 ($0.11314418185503151)

Net profit = (Gross Profit - Gas Cost [Avg])
$0.05 = ($0.11 - $0.07) $0.04544174565066121 = ($0.11314418185503151 - $0.0677024362043703)


5b. 6 Claim(s):

Total gas cost: 6 Claim(s) (USD): $0.08 ($0.08170202404745677)

Claim Reward: 5 Claim(s) (WEI): 0.0000366732580976 WETH (36673258097600 wei)
Claim Reward: 5 Claim(s) (USD): $0.11 ($0.11314418185503151)

Next Claim Reward: 6 Claim(s) (WEI): 0.00004400790971712 WETH (44007909717120 wei)
Next Claim Reward: 6 Claim(s) (USD): $0.14 ($0.13577301822603782)

Net profit = (Gross Profit - Gas Cost [Avg])
$0.05 = ($0.14 - $0.08) $0.05407099417858105 = ($0.13577301822603782 - $0.08170202404745677)


5b. 7 Claim(s):

Total gas cost: 7 Claim(s) (USD): $0.1 ($0.09570161189054326)

Claim Reward: 6 Claim(s) (WEI): 0.00004400790971712 WETH (44007909717120 wei)
Claim Reward: 6 Claim(s) (USD): $0.14 ($0.13577301822603782)

Next Claim Reward: 7 Claim(s) (WEI): 0.00005134256133664 WETH (51342561336640 wei)
Next Claim Reward: 7 Claim(s) (USD): $0.16 ($0.15840185459704412)

Net profit = (Gross Profit - Gas Cost [Avg])
$0.06 = ($0.16 - $0.1) $0.06270024270650086 = ($0.15840185459704412 - $0.09570161189054326)


5b. 8 Claim(s):

Total gas cost: 8 Claim(s) (USD): $0.11 ($0.10970119973362974)

Claim Reward: 7 Claim(s) (WEI): 0.00005134256133664 WETH (51342561336640 wei)
Claim Reward: 7 Claim(s) (USD): $0.16 ($0.15840185459704412)

Next Claim Reward: 8 Claim(s) (WEI): 0.00005867721295616 WETH (58677212956160 wei)
Next Claim Reward: 8 Claim(s) (USD): $0.18 ($0.1810306909680504)

Net profit = (Gross Profit - Gas Cost [Avg])
$0.07 = ($0.18 - $0.11) $0.07132949123442067 = ($0.1810306909680504 - $0.10970119973362974)


5b. 9 Claim(s):

Total gas cost: 9 Claim(s) (USD): $0.12 ($0.12370078757671622)

Claim Reward: 8 Claim(s) (WEI): 0.00005867721295616 WETH (58677212956160 wei)
Claim Reward: 8 Claim(s) (USD): $0.18 ($0.1810306909680504)

Next Claim Reward: 9 Claim(s) (WEI): 0.00006601186457568 WETH (66011864575680 wei)
Next Claim Reward: 9 Claim(s) (USD): $0.2 ($0.2036595273390567)

Net profit = (Gross Profit - Gas Cost [Avg])
$0.08 = ($0.2 - $0.12) $0.07995873976234048 = ($0.2036595273390567 - $0.12370078757671622)


5b. 10 Claim(s):

Total gas cost: 10 Claim(s) (USD): $0.14 ($0.1377003754198027)

Claim Reward: 9 Claim(s) (WEI): 0.00006601186457568 WETH (66011864575680 wei)
Claim Reward: 9 Claim(s) (USD): $0.2 ($0.2036595273390567)

Next Claim Reward: 10 Claim(s) (WEI): 0.0000733465161952 WETH (73346516195200 wei)
Next Claim Reward: 10 Claim(s) (USD): $0.23 ($0.22628836371006303)

Net profit = (Gross Profit - Gas Cost [Avg])
$0.09 = ($0.23 - $0.14) $0.08858798829026032 = ($0.22628836371006303 - $0.1377003754198027)


5b. 11 Claim(s):

Total gas cost: 11 Claim(s) (USD): $0.15 ($0.15169996326288918)

Claim Reward: 10 Claim(s) (WEI): 0.0000733465161952 WETH (73346516195200 wei)
Claim Reward: 10 Claim(s) (USD): $0.23 ($0.22628836371006303)

Next Claim Reward: 11 Claim(s) (WEI): 0.00008068116781472 WETH (80681167814720 wei)
Next Claim Reward: 11 Claim(s) (USD): $0.25 ($0.24891720008106932)

Net profit = (Gross Profit - Gas Cost [Avg])
$0.1 = ($0.25 - $0.15) $0.09721723681818015 = ($0.24891720008106932 - $0.15169996326288918)


5b. 12 Claim(s):

Total gas cost: 12 Claim(s) (USD): $0.17 ($0.16569955110597567)

Claim Reward: 11 Claim(s) (WEI): 0.00008068116781472 WETH (80681167814720 wei)
Claim Reward: 11 Claim(s) (USD): $0.25 ($0.24891720008106932)

Next Claim Reward: 12 Claim(s) (WEI): 0.00008801581943424 WETH (88015819434240 wei)
Next Claim Reward: 12 Claim(s) (USD): $0.27 ($0.27154603645207565)

Net profit = (Gross Profit - Gas Cost [Avg])
$0.11 = ($0.27 - $0.17) $0.10584648534609997 = ($0.27154603645207565 - $0.16569955110597567)


5b. 13 Claim(s):

Total gas cost: 13 Claim(s) (USD): $0.18 ($0.17969913894906214)

Claim Reward: 12 Claim(s) (WEI): 0.00008801581943424 WETH (88015819434240 wei)
Claim Reward: 12 Claim(s) (USD): $0.27 ($0.27154603645207565)

Next Claim Reward: 13 Claim(s) (WEI): 0.00009535047105376 WETH (95350471053760 wei)
Next Claim Reward: 13 Claim(s) (USD): $0.29 ($0.2941748728230819)

Net profit = (Gross Profit - Gas Cost [Avg])
$0.11 = ($0.29 - $0.18) $0.11447573387401977 = ($0.2941748728230819 - $0.17969913894906214)


5b. 14 Claim(s):

Total gas cost: 14 Claim(s) (USD): $0.19 ($0.19369872679214864)

Claim Reward: 13 Claim(s) (WEI): 0.00009535047105376 WETH (95350471053760 wei)
Claim Reward: 13 Claim(s) (USD): $0.29 ($0.2941748728230819)

Next Claim Reward: 14 Claim(s) (WEI): 0.00010268512267328 WETH (102685122673280 wei)
Next Claim Reward: 14 Claim(s) (USD): $0.32 ($0.31680370919408823)

Net profit = (Gross Profit - Gas Cost [Avg])
$0.12 = ($0.32 - $0.19) $0.1231049824019396 = ($0.31680370919408823 - $0.19369872679214864)


5b. 15 Claim(s):

Total gas cost: 15 Claim(s) (USD): $0.21 ($0.2076983146352351)

Claim Reward: 14 Claim(s) (WEI): 0.00010268512267328 WETH (102685122673280 wei)
Claim Reward: 14 Claim(s) (USD): $0.32 ($0.31680370919408823)

Next Claim Reward: 15 Claim(s) (WEI): 0.0001100197742928 WETH (110019774292800 wei)
Next Claim Reward: 15 Claim(s) (USD): $0.34 ($0.33943254556509456)

Net profit = (Gross Profit - Gas Cost [Avg])
$0.13 = ($0.34 - $0.21) $0.13173423092985945 = ($0.33943254556509456 - $0.2076983146352351)


5b. 16 Claim(s):

Total gas cost: 16 Claim(s) (USD): $0.22 ($0.2216979024783216)

Claim Reward: 15 Claim(s) (WEI): 0.0001100197742928 WETH (110019774292800 wei)
Claim Reward: 15 Claim(s) (USD): $0.34 ($0.33943254556509456)

Next Claim Reward: 16 Claim(s) (WEI): 0.00011735442591232 WETH (117354425912320 wei)
Next Claim Reward: 16 Claim(s) (USD): $0.36 ($0.3620613819361008)

Net profit = (Gross Profit - Gas Cost [Avg])
$0.14 = ($0.36 - $0.22) $0.14036347945777922 = ($0.3620613819361008 - $0.2216979024783216)


5b. 17 Claim(s):

Total gas cost: 17 Claim(s) (USD): $0.24 ($0.23569749032140808)

Claim Reward: 16 Claim(s) (WEI): 0.00011735442591232 WETH (117354425912320 wei)
Claim Reward: 16 Claim(s) (USD): $0.36 ($0.3620613819361008)

Next Claim Reward: 17 Claim(s) (WEI): 0.00012468907753184 WETH (124689077531840 wei)
Next Claim Reward: 17 Claim(s) (USD): $0.38 ($0.38469021830710715)

Net profit = (Gross Profit - Gas Cost [Avg])
$0.15 = ($0.38 - $0.24) $0.14899272798569907 = ($0.38469021830710715 - $0.23569749032140808)


5b. 18 Claim(s):

Total gas cost: 18 Claim(s) (USD): $0.25 ($0.24969707816449455)

Claim Reward: 17 Claim(s) (WEI): 0.00012468907753184 WETH (124689077531840 wei)
Claim Reward: 17 Claim(s) (USD): $0.38 ($0.38469021830710715)

Next Claim Reward: 18 Claim(s) (WEI): 0.00013202372915136 WETH (132023729151360 wei)
Next Claim Reward: 18 Claim(s) (USD): $0.41 ($0.4073190546781134)

Net profit = (Gross Profit - Gas Cost [Avg])
$0.16 = ($0.41 - $0.25) $0.15762197651361887 = ($0.4073190546781134 - $0.24969707816449455)


5b. 19 Claim(s):

Total gas cost: 19 Claim(s) (USD): $0.26 ($0.263696666007581)

Claim Reward: 18 Claim(s) (WEI): 0.00013202372915136 WETH (132023729151360 wei)
Claim Reward: 18 Claim(s) (USD): $0.41 ($0.4073190546781134)

Next Claim Reward: 19 Claim(s) (WEI): 0.00013935838077088 WETH (139358380770880 wei)
Next Claim Reward: 19 Claim(s) (USD): $0.43 ($0.4299478910491198)

Net profit = (Gross Profit - Gas Cost [Avg])
$0.17 = ($0.43 - $0.26) $0.16625122504153877 = ($0.4299478910491198 - $0.263696666007581)


5b. 20 Claim(s):

Total gas cost: 20 Claim(s) (USD): $0.28 ($0.27769625385066754)

Claim Reward: 19 Claim(s) (WEI): 0.00013935838077088 WETH (139358380770880 wei)
Claim Reward: 19 Claim(s) (USD): $0.43 ($0.4299478910491198)

Next Claim Reward: 20 Claim(s) (WEI): 0.0001466930323904 WETH (146693032390400 wei)
Next Claim Reward: 20 Claim(s) (USD): $0.45 ($0.45257672742012606)

Net profit = (Gross Profit - Gas Cost [Avg])
$0.17 = ($0.45 - $0.28) $0.17488047356945852 = ($0.45257672742012606 - $0.27769625385066754)


5b. 21 Claim(s):

Total gas cost: 21 Claim(s) (USD): $0.29 ($0.29169584169375395)

Claim Reward: 20 Claim(s) (WEI): 0.0001466930323904 WETH (146693032390400 wei)
Claim Reward: 20 Claim(s) (USD): $0.45 ($0.45257672742012606)

Next Claim Reward: 21 Claim(s) (WEI): 0.00015402768400992 WETH (154027684009920 wei)
Next Claim Reward: 21 Claim(s) (USD): $0.48 ($0.4752055637911323)

Net profit = (Gross Profit - Gas Cost [Avg])
$0.18 = ($0.48 - $0.29) $0.18350972209737837 = ($0.4752055637911323 - $0.29169584169375395)


5b. 22 Claim(s):

Total gas cost: 22 Claim(s) (USD): $0.31 ($0.3056954295368405)

Claim Reward: 21 Claim(s) (WEI): 0.00015402768400992 WETH (154027684009920 wei)
Claim Reward: 21 Claim(s) (USD): $0.48 ($0.4752055637911323)

Next Claim Reward: 22 Claim(s) (WEI): 0.00016136233562944 WETH (161362335629440 wei)
Next Claim Reward: 22 Claim(s) (USD): $0.5 ($0.49783440016213865)

Net profit = (Gross Profit - Gas Cost [Avg])
$0.19 = ($0.5 - $0.31) $0.19213897062529817 = ($0.49783440016213865 - $0.3056954295368405)


5b. 23 Claim(s):

Total gas cost: 23 Claim(s) (USD): $0.32 ($0.319695017379927)

Claim Reward: 22 Claim(s) (WEI): 0.00016136233562944 WETH (161362335629440 wei)
Claim Reward: 22 Claim(s) (USD): $0.5 ($0.49783440016213865)

Next Claim Reward: 23 Claim(s) (WEI): 0.00016869698724896 WETH (168696987248960 wei)
Next Claim Reward: 23 Claim(s) (USD): $0.52 ($0.5204632365331449)

Net profit = (Gross Profit - Gas Cost [Avg])
$0.2 = ($0.52 - $0.32) $0.20076821915321785 = ($0.5204632365331449 - $0.319695017379927)


5b. 24 Claim(s):

Total gas cost: 24 Claim(s) (USD): $0.33 ($0.3336946052230134)

Claim Reward: 23 Claim(s) (WEI): 0.00016869698724896 WETH (168696987248960 wei)
Claim Reward: 23 Claim(s) (USD): $0.52 ($0.5204632365331449)

Next Claim Reward: 24 Claim(s) (WEI): 0.00017603163886848 WETH (176031638868480 wei)
Next Claim Reward: 24 Claim(s) (USD): $0.54 ($0.5430920729041513)

Net profit = (Gross Profit - Gas Cost [Avg])
$0.21 = ($0.54 - $0.33) $0.20939746768113787 = ($0.5430920729041513 - $0.3336946052230134)


5b. 25 Claim(s):

Total gas cost: 25 Claim(s) (USD): $0.35 ($0.34769419306609994)

Claim Reward: 24 Claim(s) (WEI): 0.00017603163886848 WETH (176031638868480 wei)
Claim Reward: 24 Claim(s) (USD): $0.54 ($0.5430920729041513)

Next Claim Reward: 25 Claim(s) (WEI): 0.000183366290488 WETH (183366290488000 wei)
Next Claim Reward: 25 Claim(s) (USD): $0.57 ($0.5657209092751575)

Net profit = (Gross Profit - Gas Cost [Avg])
$0.22 = ($0.57 - $0.35) $0.21802671620905756 = ($0.5657209092751575 - $0.34769419306609994)


5b. 26 Claim(s):

Total gas cost: 26 Claim(s) (USD): $0.36 ($0.36169378090918636)

Claim Reward: 25 Claim(s) (WEI): 0.000183366290488 WETH (183366290488000 wei)
Claim Reward: 25 Claim(s) (USD): $0.57 ($0.5657209092751575)

Next Claim Reward: 26 Claim(s) (WEI): 0.00019070094210752 WETH (190700942107520 wei)
Next Claim Reward: 26 Claim(s) (USD): $0.59 ($0.5883497456461638)

Net profit = (Gross Profit - Gas Cost [Avg])
$0.23 = ($0.59 - $0.36) $0.22665596473697747 = ($0.5883497456461638 - $0.36169378090918636)


5b. 27 Claim(s):

Total gas cost: 27 Claim(s) (USD): $0.38 ($0.3756933687522729)

Claim Reward: 26 Claim(s) (WEI): 0.00019070094210752 WETH (190700942107520 wei)
Claim Reward: 26 Claim(s) (USD): $0.59 ($0.5883497456461638)

Next Claim Reward: 27 Claim(s) (WEI): 0.00019803559372704 WETH (198035593727040 wei)
Next Claim Reward: 27 Claim(s) (USD): $0.61 ($0.6109785820171701)

Net profit = (Gross Profit - Gas Cost [Avg])
$0.24 = ($0.61 - $0.38) $0.23528521326489726 = ($0.6109785820171701 - $0.3756933687522729)


5b. 28 Claim(s):

Total gas cost: 28 Claim(s) (USD): $0.39 ($0.3896929565953594)

Claim Reward: 27 Claim(s) (WEI): 0.00019803559372704 WETH (198035593727040 wei)
Claim Reward: 27 Claim(s) (USD): $0.61 ($0.6109785820171701)

Next Claim Reward: 28 Claim(s) (WEI): 0.00020537024534656 WETH (205370245346560 wei)
Next Claim Reward: 28 Claim(s) (USD): $0.63 ($0.6336074183881765)

Net profit = (Gross Profit - Gas Cost [Avg])
$0.24 = ($0.63 - $0.39) $0.24391446179281706 = ($0.6336074183881765 - $0.3896929565953594)


5b. 29 Claim(s):

Total gas cost: 29 Claim(s) (USD): $0.4 ($0.4036925444384458)

Claim Reward: 28 Claim(s) (WEI): 0.00020537024534656 WETH (205370245346560 wei)
Claim Reward: 28 Claim(s) (USD): $0.63 ($0.6336074183881765)

Next Claim Reward: 29 Claim(s) (WEI): 0.00021270489696608 WETH (212704896966080 wei)
Next Claim Reward: 29 Claim(s) (USD): $0.66 ($0.6562362547591828)

Net profit = (Gross Profit - Gas Cost [Avg])
$0.25 = ($0.66 - $0.4) $0.25254371032073697 = ($0.6562362547591828 - $0.4036925444384458)


5b. 30 Claim(s):

Total gas cost: 30 Claim(s) (USD): $0.42 ($0.41769213228153235)

Claim Reward: 29 Claim(s) (WEI): 0.00021270489696608 WETH (212704896966080 wei)
Claim Reward: 29 Claim(s) (USD): $0.66 ($0.6562362547591828)

Next Claim Reward: 30 Claim(s) (WEI): 0.0002200395485856 WETH (220039548585600 wei)
Next Claim Reward: 30 Claim(s) (USD): $0.68 ($0.6788650911301891)

Net profit = (Gross Profit - Gas Cost [Avg])
$0.26 = ($0.68 - $0.42) $0.26117295884865677 = ($0.6788650911301891 - $0.41769213228153235)

******************
5c. Profit/Loss (USD):

Net profit = (Gross Profit - Gas Cost [Max])
$0.24 = ($0.66 - $0.42) $0.23854412247765044 = ($0.6562362547591828 - $0.41769213228153235)

Submitting transaction to claim 29 prize(s):

0x33335296c9b020ca3252e4953c11decfdce816b8-0xecACBf9C800c190F27D5F30F5aDcb6332002F7C3-5-405
0x33335296c9b020ca3252e4953c11decfdce816b8-0xB0b42377cb0f0cD9584F97d46c9fB1D57b3faAae-5-553
0x33335296c9b020ca3252e4953c11decfdce816b8-0xB0b42377cb0f0cD9584F97d46c9fB1D57b3faAae-5-735
0x33335296c9b020ca3252e4953c11decfdce816b8-0x865F317638a61FB0a155535784899842a223c21B-5-209
0x33335296c9b020ca3252e4953c11decfdce816b8-0x24A94dda9DD5723f0e7A022484faA456321EfB2a-5-44
0x33335296c9b020ca3252e4953c11decfdce816b8-0x8Eb9353dAB5115EAE16c2F3EB79961817E7fc835-5-956
0x33335296c9b020ca3252e4953c11decfdce816b8-0xABc80718545C94569ebF9889aA9Bf99dFAA8D246-5-936
0x33335296c9b020ca3252e4953c11decfdce816b8-0x6860e92336E806CA3272A3d62D04Fd533CCF6194-5-500
0x33335296c9b020ca3252e4953c11decfdce816b8-0x6860e92336E806CA3272A3d62D04Fd533CCF6194-5-715
0x33335296c9b020ca3252e4953c11decfdce816b8-0xf5c4603e5501467a740D668f28E1756e7E2f5A6C-5-237
0x33335296c9b020ca3252e4953c11decfdce816b8-0xbD40936B05434ed90E42484B7CbE905F7B47f5C3-5-1008
0x33335296c9b020ca3252e4953c11decfdce816b8-0xce4A10a44B8Db5690959A997f919e528B3188FEC-5-640
0x33335296c9b020ca3252e4953c11decfdce816b8-0xfaAD91832aC2D4Bc4bE7AE930c3a4B031823806f-5-439
0x33335296c9b020ca3252e4953c11decfdce816b8-0xfebbd16b6613807Df402538077fB66Ac03A7AeD8-5-203
0x33335296c9b020ca3252e4953c11decfdce816b8-0x67754bEF56FFf7DA044A0879C9ABFd335eD29696-5-921
0x33335296c9b020ca3252e4953c11decfdce816b8-0x8B9a667fffcc14936609b4Be0b1D4139D29C1e23-5-898
0x33335296c9b020ca3252e4953c11decfdce816b8-0xBC13E6016153e7641eaAe4be7C24c7B285656bBA-5-906
0x33335296c9b020ca3252e4953c11decfdce816b8-0x395eEfC4A8B08FD38A712eB6f6E123E1193a4c6F-5-784
0x33335296c9b020ca3252e4953c11decfdce816b8-0xD0375E9ff53F7b661F915AA8F47D3c9831B0F39E-5-790
0x33335296c9b020ca3252e4953c11decfdce816b8-0x59e776541c2D1f733a659e37e4F70036F1B80924-5-104
0x33335296c9b020ca3252e4953c11decfdce816b8-0x2840A59c2A540260E33caAf5E5c6A3f642790580-5-470
0x33335296c9b020ca3252e4953c11decfdce816b8-0xD98580e57fC441bC9317c59a2d736aad897f84F1-5-702
0x33335296c9b020ca3252e4953c11decfdce816b8-0x0fcCe65f4E02d31B2BB33D75C1740E10b0D9bbbb-5-879
0x33335296c9b020ca3252e4953c11decfdce816b8-0xefCd9CAB26369BCFeFD5bD0c5CDac84DEb430814-5-746
0x33335296c9b020ca3252e4953c11decfdce816b8-0x3Cb60586F8189f772931593EB2020AB981D75aA0-5-569
0x33335296c9b020ca3252e4953c11decfdce816b8-0xcdcD833d3D8DC477a5B9A855Bce785647b8Efe53-5-170
0x33335296c9b020ca3252e4953c11decfdce816b8-0x7633139103AACbA1F1CFaa60D870b27106131712-5-561
0x33335296c9b020ca3252e4953c11decfdce816b8-0xEED4A883f9ef97135637d3Ec43eC2964384da7ae-5-1009
0x33335296c9b020ca3252e4953c11decfdce816b8-0x4491a0459d5f87c54E04C1c827f3644112BFDC4F-5-466



Execute Claim Transaction for Tier #5 (Canary tier)



Transaction sent! ✔
Transaction hash: 0xf00e76384aece2d5253c519ed33774dc6af578eeaf8435d5dc69b5f912e182f6
Waiting on transaction to be confirmed ...
Tx confirmed !




******************
Processing:
Vault:     0x75b2f4b3ec5adf7077f928992524cc547e74f768
Tier:      #5 (Canary tier)
# prizes:  12

5a. Calculating # of profitable claims ...

Native (Gas) Token ETH Market Rate (USD): $3082.6

Estimated gas limit (wei) (1 prize claim): 0.000000000000157676 ETH (157676 wei)
Estimated gas limit (wei) (2 prize claims): 0.000000000000231268 ETH (231268 wei)

Gas Cost: First Claim (wei): 0.000000000000157676 ETH (157676 wei)
Gas Cost: Each Following Claim (wei): 0.000000000000073592 ETH (73592 wei)

Gas Cost: First Claim (USD): $0.01 $0.013984892372875566
Gas Cost: Each Following Claim (USD): $0.02 $0.016864506834252165

5b. 1 Claim(s):

Total gas cost: 1 Claim(s) (USD): $0.01 ($0.013984892372875566)

Next Claim Reward: 1 Claim(s) (WEI): 0.00000733465161952 WETH (7334651619520 wei)
Next Claim Reward: 1 Claim(s) (USD): $0.02 ($0.0226288363710063)

Net profit = (Gross Profit - Gas Cost [Avg])
$0.01 = ($0.02 - $0.01) $0.008643943998130735 = ($0.0226288363710063 - $0.013984892372875566)


5b. 2 Claim(s):

Total gas cost: 2 Claim(s) (USD): $0.03 ($0.03084939920712773)

Claim Reward: 1 Claim(s) (WEI): 0.00000733465161952 WETH (7334651619520 wei)
Claim Reward: 1 Claim(s) (USD): $0.02 ($0.0226288363710063)

Next Claim Reward: 2 Claim(s) (WEI): 0.00001466930323904 WETH (14669303239040 wei)
Next Claim Reward: 2 Claim(s) (USD): $0.05 ($0.0452576727420126)

Net profit = (Gross Profit - Gas Cost [Avg])
$0.01 = ($0.05 - $0.03) $0.014408273534884872 = ($0.0452576727420126 - $0.03084939920712773)


5b. 3 Claim(s):

Total gas cost: 3 Claim(s) (USD): $0.05 ($0.0477139060413799)

Claim Reward: 2 Claim(s) (WEI): 0.00001466930323904 WETH (14669303239040 wei)
Claim Reward: 2 Claim(s) (USD): $0.05 ($0.0452576727420126)

Next Claim Reward: 3 Claim(s) (WEI): 0.00002200395485856 WETH (22003954858560 wei)
Next Claim Reward: 3 Claim(s) (USD): $0.07 ($0.06788650911301891)

Net profit = (Gross Profit - Gas Cost [Avg])
$0.02 = ($0.07 - $0.05) $0.02017260307163901 = ($0.06788650911301891 - $0.0477139060413799)


5b. 4 Claim(s):

Total gas cost: 4 Claim(s) (USD): $0.06 ($0.06457841287563205)

Claim Reward: 3 Claim(s) (WEI): 0.00002200395485856 WETH (22003954858560 wei)
Claim Reward: 3 Claim(s) (USD): $0.07 ($0.06788650911301891)

Next Claim Reward: 4 Claim(s) (WEI): 0.00002933860647808 WETH (29338606478080 wei)
Next Claim Reward: 4 Claim(s) (USD): $0.09 ($0.0905153454840252)

Net profit = (Gross Profit - Gas Cost [Avg])
$0.03 = ($0.09 - $0.06) $0.02593693260839315 = ($0.0905153454840252 - $0.06457841287563205)


5b. 5 Claim(s):

Total gas cost: 5 Claim(s) (USD): $0.08 ($0.08144291970988422)

Claim Reward: 4 Claim(s) (WEI): 0.00002933860647808 WETH (29338606478080 wei)
Claim Reward: 4 Claim(s) (USD): $0.09 ($0.0905153454840252)

Next Claim Reward: 5 Claim(s) (WEI): 0.0000366732580976 WETH (36673258097600 wei)
Next Claim Reward: 5 Claim(s) (USD): $0.11 ($0.11314418185503151)

Net profit = (Gross Profit - Gas Cost [Avg])
$0.03 = ($0.11 - $0.08) $0.03170126214514729 = ($0.11314418185503151 - $0.08144291970988422)


5b. 6 Claim(s):

Total gas cost: 6 Claim(s) (USD): $0.1 ($0.09830742654413639)

Claim Reward: 5 Claim(s) (WEI): 0.0000366732580976 WETH (36673258097600 wei)
Claim Reward: 5 Claim(s) (USD): $0.11 ($0.11314418185503151)

Next Claim Reward: 6 Claim(s) (WEI): 0.00004400790971712 WETH (44007909717120 wei)
Next Claim Reward: 6 Claim(s) (USD): $0.14 ($0.13577301822603782)

Net profit = (Gross Profit - Gas Cost [Avg])
$0.04 = ($0.14 - $0.1) $0.03746559168190143 = ($0.13577301822603782 - $0.09830742654413639)


5b. 7 Claim(s):

Total gas cost: 7 Claim(s) (USD): $0.12 ($0.11517193337838855)

Claim Reward: 6 Claim(s) (WEI): 0.00004400790971712 WETH (44007909717120 wei)
Claim Reward: 6 Claim(s) (USD): $0.14 ($0.13577301822603782)

Next Claim Reward: 7 Claim(s) (WEI): 0.00005134256133664 WETH (51342561336640 wei)
Next Claim Reward: 7 Claim(s) (USD): $0.16 ($0.15840185459704412)

Net profit = (Gross Profit - Gas Cost [Avg])
$0.04 = ($0.16 - $0.12) $0.04322992121865557 = ($0.15840185459704412 - $0.11517193337838855)


5b. 8 Claim(s):

Total gas cost: 8 Claim(s) (USD): $0.13 ($0.13203644021264072)

Claim Reward: 7 Claim(s) (WEI): 0.00005134256133664 WETH (51342561336640 wei)
Claim Reward: 7 Claim(s) (USD): $0.16 ($0.15840185459704412)

Next Claim Reward: 8 Claim(s) (WEI): 0.00005867721295616 WETH (58677212956160 wei)
Next Claim Reward: 8 Claim(s) (USD): $0.18 ($0.1810306909680504)

Net profit = (Gross Profit - Gas Cost [Avg])
$0.05 = ($0.18 - $0.13) $0.048994250755409696 = ($0.1810306909680504 - $0.13203644021264072)


5b. 9 Claim(s):

Total gas cost: 9 Claim(s) (USD): $0.15 ($0.14890094704689288)

Claim Reward: 8 Claim(s) (WEI): 0.00005867721295616 WETH (58677212956160 wei)
Claim Reward: 8 Claim(s) (USD): $0.18 ($0.1810306909680504)

Next Claim Reward: 9 Claim(s) (WEI): 0.00006601186457568 WETH (66011864575680 wei)
Next Claim Reward: 9 Claim(s) (USD): $0.2 ($0.2036595273390567)

Net profit = (Gross Profit - Gas Cost [Avg])
$0.05 = ($0.2 - $0.15) $0.05475858029216382 = ($0.2036595273390567 - $0.14890094704689288)


5b. 10 Claim(s):

Total gas cost: 10 Claim(s) (USD): $0.17 ($0.16576545388114505)

Claim Reward: 9 Claim(s) (WEI): 0.00006601186457568 WETH (66011864575680 wei)
Claim Reward: 9 Claim(s) (USD): $0.2 ($0.2036595273390567)

Next Claim Reward: 10 Claim(s) (WEI): 0.0000733465161952 WETH (73346516195200 wei)
Next Claim Reward: 10 Claim(s) (USD): $0.23 ($0.22628836371006303)

Net profit = (Gross Profit - Gas Cost [Avg])
$0.06 = ($0.23 - $0.17) $0.060522909828917976 = ($0.22628836371006303 - $0.16576545388114505)


5b. 11 Claim(s):

Total gas cost: 11 Claim(s) (USD): $0.18 ($0.18262996071539722)

Claim Reward: 10 Claim(s) (WEI): 0.0000733465161952 WETH (73346516195200 wei)
Claim Reward: 10 Claim(s) (USD): $0.23 ($0.22628836371006303)

Next Claim Reward: 11 Claim(s) (WEI): 0.00008068116781472 WETH (80681167814720 wei)
Next Claim Reward: 11 Claim(s) (USD): $0.25 ($0.24891720008106932)

Net profit = (Gross Profit - Gas Cost [Avg])
$0.07 = ($0.25 - $0.18) $0.0662872393656721 = ($0.24891720008106932 - $0.18262996071539722)


5b. 12 Claim(s):

Total gas cost: 12 Claim(s) (USD): $0.2 ($0.1994944675496494)

Claim Reward: 11 Claim(s) (WEI): 0.00008068116781472 WETH (80681167814720 wei)
Claim Reward: 11 Claim(s) (USD): $0.25 ($0.24891720008106932)

Next Claim Reward: 12 Claim(s) (WEI): 0.00008801581943424 WETH (88015819434240 wei)
Next Claim Reward: 12 Claim(s) (USD): $0.27 ($0.27154603645207565)

Net profit = (Gross Profit - Gas Cost [Avg])
$0.07 = ($0.27 - $0.2) $0.07205156890242626 = ($0.27154603645207565 - $0.1994944675496494)


******************
5c. Profit/Loss (USD):

Net profit = (Gross Profit - Gas Cost [Max])
$0.07 = ($0.27 - $0.2) $0.07205156890242626 = ($0.27154603645207565 - $0.1994944675496494)

Submitting transaction to claim 12 prize(s):

0x75b2f4b3ec5adf7077f928992524cc547e74f768-0x8713601daAB5A27d17A0149a1500C200F2d9C7B9-5-406
0x75b2f4b3ec5adf7077f928992524cc547e74f768-0x6282d73FaB4450069719019C6ce8edE4b433290C-5-276
0x75b2f4b3ec5adf7077f928992524cc547e74f768-0x7efb13e2e004a5b76aFC17EFD02FEA46D0B4f8c2-5-499
0x75b2f4b3ec5adf7077f928992524cc547e74f768-0xF7553a63e32c7c151a041aa399ccC75CCdac0b64-5-959
0x75b2f4b3ec5adf7077f928992524cc547e74f768-0x6df8aF25f0c034F98b45D197dD3f92C914BCC554-5-624
0x75b2f4b3ec5adf7077f928992524cc547e74f768-0x229FB66d219d3866D0292588784763E62736D8EA-5-542
0x75b2f4b3ec5adf7077f928992524cc547e74f768-0x6971528e306666d5719865dD3A4631cbb2a16e64-5-379
0x75b2f4b3ec5adf7077f928992524cc547e74f768-0x3Ab3B35708Ac5CA6A03e3DAE0C938f068B8673aD-5-978
0x75b2f4b3ec5adf7077f928992524cc547e74f768-0x8cE7A0aC06e2eb60234B81F776488B1501799891-5-409
0x75b2f4b3ec5adf7077f928992524cc547e74f768-0x845bAbE08c2d0E81C9F095665031697B2887a08F-5-937
0x75b2f4b3ec5adf7077f928992524cc547e74f768-0x4B8ad150FE8e471e8c3375901B0472064E2A9422-5-308
0x75b2f4b3ec5adf7077f928992524cc547e74f768-0x7b3cdCCb082Dc967366E12f287bbcE1C41AC0591-5-587



Execute Claim Transaction for Tier #5 (Canary tier)



Transaction sent! ✔
Transaction hash: 0x61e9a5b3a1dadbde4423eda094ad1ffe2d1ed5d0b9f9248413a929ee3b3c0428
Waiting on transaction to be confirmed ...
Tx confirmed !




******************
Processing:
Vault:     0x7fad91a4a29109303188d8758f1a9d60ce988349
Tier:      #5 (Canary tier)
# prizes:  424

5a. Calculating # of profitable claims ...

Native (Gas) Token ETH Market Rate (USD): $3082.6

Estimated gas limit (wei) (1 prize claim): 0.000000000000173533 ETH (173533 wei)
Estimated gas limit (wei) (2 prize claims): 0.000000000000249236 ETH (249236 wei)

Gas Cost: First Claim (wei): 0.000000000000173533 ETH (173533 wei)
Gas Cost: Each Following Claim (wei): 0.000000000000075703 ETH (75703 wei)

Gas Cost: First Claim (USD): $0.01 $0.011665922902261195
Gas Cost: Each Following Claim (USD): $0.01 $0.013943686674112882

5b. 1 Claim(s):

Total gas cost: 1 Claim(s) (USD): $0.01 ($0.011665922902261195)

Next Claim Reward: 1 Claim(s) (WEI): 0.00000733465161952 WETH (7334651619520 wei)
Next Claim Reward: 1 Claim(s) (USD): $0.02 ($0.0226288363710063)

Net profit = (Gross Profit - Gas Cost [Avg])
$0.01 = ($0.02 - $0.01) $0.010962913468745106 = ($0.0226288363710063 - $0.011665922902261195)


5b. 2 Claim(s):

Total gas cost: 2 Claim(s) (USD): $0.03 ($0.02560960957637408)

Claim Reward: 1 Claim(s) (WEI): 0.00000733465161952 WETH (7334651619520 wei)
Claim Reward: 1 Claim(s) (USD): $0.02 ($0.0226288363710063)

Next Claim Reward: 2 Claim(s) (WEI): 0.00001466930323904 WETH (14669303239040 wei)
Next Claim Reward: 2 Claim(s) (USD): $0.05 ($0.0452576727420126)

Net profit = (Gross Profit - Gas Cost [Avg])
$0.02 = ($0.05 - $0.03) $0.019648063165638524 = ($0.0452576727420126 - $0.02560960957637408)


5b. 3 Claim(s):

Total gas cost: 3 Claim(s) (USD): $0.04 ($0.03955329625048696)

Claim Reward: 2 Claim(s) (WEI): 0.00001466930323904 WETH (14669303239040 wei)
Claim Reward: 2 Claim(s) (USD): $0.05 ($0.0452576727420126)

Next Claim Reward: 3 Claim(s) (WEI): 0.00002200395485856 WETH (22003954858560 wei)
Next Claim Reward: 3 Claim(s) (USD): $0.07 ($0.06788650911301891)

Net profit = (Gross Profit - Gas Cost [Avg])
$0.03 = ($0.07 - $0.04) $0.028333212862531952 = ($0.06788650911301891 - $0.03955329625048696)


5b. 4 Claim(s):

Total gas cost: 4 Claim(s) (USD): $0.05 ($0.05349698292459984)

Claim Reward: 3 Claim(s) (WEI): 0.00002200395485856 WETH (22003954858560 wei)
Claim Reward: 3 Claim(s) (USD): $0.07 ($0.06788650911301891)

Next Claim Reward: 4 Claim(s) (WEI): 0.00002933860647808 WETH (29338606478080 wei)
Next Claim Reward: 4 Claim(s) (USD): $0.09 ($0.0905153454840252)

Net profit = (Gross Profit - Gas Cost [Avg])
$0.04 = ($0.09 - $0.05) $0.037018362559425366 = ($0.0905153454840252 - $0.05349698292459984)


5b. 5 Claim(s):

Total gas cost: 5 Claim(s) (USD): $0.07 ($0.06744066959871273)

Claim Reward: 4 Claim(s) (WEI): 0.00002933860647808 WETH (29338606478080 wei)
Claim Reward: 4 Claim(s) (USD): $0.09 ($0.0905153454840252)

Next Claim Reward: 5 Claim(s) (WEI): 0.0000366732580976 WETH (36673258097600 wei)
Next Claim Reward: 5 Claim(s) (USD): $0.11 ($0.11314418185503151)

Net profit = (Gross Profit - Gas Cost [Avg])
$0.05 = ($0.11 - $0.07) $0.04570351225631879 = ($0.11314418185503151 - $0.06744066959871273)


5b. 6 Claim(s):

Total gas cost: 6 Claim(s) (USD): $0.08 ($0.0813843562728256)

Claim Reward: 5 Claim(s) (WEI): 0.0000366732580976 WETH (36673258097600 wei)
Claim Reward: 5 Claim(s) (USD): $0.11 ($0.11314418185503151)

Next Claim Reward: 6 Claim(s) (WEI): 0.00004400790971712 WETH (44007909717120 wei)
Next Claim Reward: 6 Claim(s) (USD): $0.14 ($0.13577301822603782)

Net profit = (Gross Profit - Gas Cost [Avg])
$0.05 = ($0.14 - $0.08) $0.05438866195321222 = ($0.13577301822603782 - $0.0813843562728256)


5b. 7 Claim(s):

Total gas cost: 7 Claim(s) (USD): $0.1 ($0.09532804294693849)

Claim Reward: 6 Claim(s) (WEI): 0.00004400790971712 WETH (44007909717120 wei)
Claim Reward: 6 Claim(s) (USD): $0.14 ($0.13577301822603782)

Next Claim Reward: 7 Claim(s) (WEI): 0.00005134256133664 WETH (51342561336640 wei)
Next Claim Reward: 7 Claim(s) (USD): $0.16 ($0.15840185459704412)

Net profit = (Gross Profit - Gas Cost [Avg])
$0.06 = ($0.16 - $0.1) $0.06307381165010563 = ($0.15840185459704412 - $0.09532804294693849)


5b. 8 Claim(s):

Total gas cost: 8 Claim(s) (USD): $0.11 ($0.10927172962105136)

Claim Reward: 7 Claim(s) (WEI): 0.00005134256133664 WETH (51342561336640 wei)
Claim Reward: 7 Claim(s) (USD): $0.16 ($0.15840185459704412)

Next Claim Reward: 8 Claim(s) (WEI): 0.00005867721295616 WETH (58677212956160 wei)
Next Claim Reward: 8 Claim(s) (USD): $0.18 ($0.1810306909680504)

Net profit = (Gross Profit - Gas Cost [Avg])
$0.07 = ($0.18 - $0.11) $0.07175896134699905 = ($0.1810306909680504 - $0.10927172962105136)


5b. 9 Claim(s):

Total gas cost: 9 Claim(s) (USD): $0.12 ($0.12321541629516425)

Claim Reward: 8 Claim(s) (WEI): 0.00005867721295616 WETH (58677212956160 wei)
Claim Reward: 8 Claim(s) (USD): $0.18 ($0.1810306909680504)

Next Claim Reward: 9 Claim(s) (WEI): 0.00006601186457568 WETH (66011864575680 wei)
Next Claim Reward: 9 Claim(s) (USD): $0.2 ($0.2036595273390567)

Net profit = (Gross Profit - Gas Cost [Avg])
$0.08 = ($0.2 - $0.12) $0.08044411104389246 = ($0.2036595273390567 - $0.12321541629516425)


5b. 10 Claim(s):

Total gas cost: 10 Claim(s) (USD): $0.14 ($0.13715910296927714)

Claim Reward: 9 Claim(s) (WEI): 0.00006601186457568 WETH (66011864575680 wei)
Claim Reward: 9 Claim(s) (USD): $0.2 ($0.2036595273390567)

Next Claim Reward: 10 Claim(s) (WEI): 0.0000733465161952 WETH (73346516195200 wei)
Next Claim Reward: 10 Claim(s) (USD): $0.23 ($0.22628836371006303)

Net profit = (Gross Profit - Gas Cost [Avg])
$0.09 = ($0.23 - $0.14) $0.08912926074078589 = ($0.22628836371006303 - $0.13715910296927714)


5b. 11 Claim(s):

Total gas cost: 11 Claim(s) (USD): $0.15 ($0.15110278964339002)

Claim Reward: 10 Claim(s) (WEI): 0.0000733465161952 WETH (73346516195200 wei)
Claim Reward: 10 Claim(s) (USD): $0.23 ($0.22628836371006303)

Next Claim Reward: 11 Claim(s) (WEI): 0.00008068116781472 WETH (80681167814720 wei)
Next Claim Reward: 11 Claim(s) (USD): $0.25 ($0.24891720008106932)

Net profit = (Gross Profit - Gas Cost [Avg])
$0.1 = ($0.25 - $0.15) $0.0978144104376793 = ($0.24891720008106932 - $0.15110278964339002)


5b. 12 Claim(s):

Total gas cost: 12 Claim(s) (USD): $0.17 ($0.1650464763175029)

Claim Reward: 11 Claim(s) (WEI): 0.00008068116781472 WETH (80681167814720 wei)
Claim Reward: 11 Claim(s) (USD): $0.25 ($0.24891720008106932)

Next Claim Reward: 12 Claim(s) (WEI): 0.00008801581943424 WETH (88015819434240 wei)
Next Claim Reward: 12 Claim(s) (USD): $0.27 ($0.27154603645207565)

Net profit = (Gross Profit - Gas Cost [Avg])
$0.11 = ($0.27 - $0.17) $0.10649956013457273 = ($0.27154603645207565 - $0.1650464763175029)


5b. 13 Claim(s):

Total gas cost: 13 Claim(s) (USD): $0.18 ($0.1789901629916158)

Claim Reward: 12 Claim(s) (WEI): 0.00008801581943424 WETH (88015819434240 wei)
Claim Reward: 12 Claim(s) (USD): $0.27 ($0.27154603645207565)

Next Claim Reward: 13 Claim(s) (WEI): 0.00009535047105376 WETH (95350471053760 wei)
Next Claim Reward: 13 Claim(s) (USD): $0.29 ($0.2941748728230819)

Net profit = (Gross Profit - Gas Cost [Avg])
$0.12 = ($0.29 - $0.18) $0.11518470983146611 = ($0.2941748728230819 - $0.1789901629916158)


5b. 14 Claim(s):

Total gas cost: 14 Claim(s) (USD): $0.19 ($0.19293384966572868)

Claim Reward: 13 Claim(s) (WEI): 0.00009535047105376 WETH (95350471053760 wei)
Claim Reward: 13 Claim(s) (USD): $0.29 ($0.2941748728230819)

Next Claim Reward: 14 Claim(s) (WEI): 0.00010268512267328 WETH (102685122673280 wei)
Next Claim Reward: 14 Claim(s) (USD): $0.32 ($0.31680370919408823)

Net profit = (Gross Profit - Gas Cost [Avg])
$0.12 = ($0.32 - $0.19) $0.12386985952835955 = ($0.31680370919408823 - $0.19293384966572868)


5b. 15 Claim(s):

Total gas cost: 15 Claim(s) (USD): $0.21 ($0.20687753633984154)

Claim Reward: 14 Claim(s) (WEI): 0.00010268512267328 WETH (102685122673280 wei)
Claim Reward: 14 Claim(s) (USD): $0.32 ($0.31680370919408823)

Next Claim Reward: 15 Claim(s) (WEI): 0.0001100197742928 WETH (110019774292800 wei)
Next Claim Reward: 15 Claim(s) (USD): $0.34 ($0.33943254556509456)

Net profit = (Gross Profit - Gas Cost [Avg])
$0.13 = ($0.34 - $0.21) $0.132555009225253 = ($0.33943254556509456 - $0.20687753633984154)


5b. 16 Claim(s):

Total gas cost: 16 Claim(s) (USD): $0.22 ($0.22082122301395443)

Claim Reward: 15 Claim(s) (WEI): 0.0001100197742928 WETH (110019774292800 wei)
Claim Reward: 15 Claim(s) (USD): $0.34 ($0.33943254556509456)

Next Claim Reward: 16 Claim(s) (WEI): 0.00011735442591232 WETH (117354425912320 wei)
Next Claim Reward: 16 Claim(s) (USD): $0.36 ($0.3620613819361008)

Net profit = (Gross Profit - Gas Cost [Avg])
$0.14 = ($0.36 - $0.22) $0.1412401589221464 = ($0.3620613819361008 - $0.22082122301395443)


5b. 17 Claim(s):

Total gas cost: 17 Claim(s) (USD): $0.23 ($0.23476490968806732)

Claim Reward: 16 Claim(s) (WEI): 0.00011735442591232 WETH (117354425912320 wei)
Claim Reward: 16 Claim(s) (USD): $0.36 ($0.3620613819361008)

Next Claim Reward: 17 Claim(s) (WEI): 0.00012468907753184 WETH (124689077531840 wei)
Next Claim Reward: 17 Claim(s) (USD): $0.38 ($0.38469021830710715)

Net profit = (Gross Profit - Gas Cost [Avg])
$0.15 = ($0.38 - $0.23) $0.14992530861903983 = ($0.38469021830710715 - $0.23476490968806732)


5b. 18 Claim(s):

Total gas cost: 18 Claim(s) (USD): $0.25 ($0.2487085963621802)

Claim Reward: 17 Claim(s) (WEI): 0.00012468907753184 WETH (124689077531840 wei)
Claim Reward: 17 Claim(s) (USD): $0.38 ($0.38469021830710715)

Next Claim Reward: 18 Claim(s) (WEI): 0.00013202372915136 WETH (132023729151360 wei)
Next Claim Reward: 18 Claim(s) (USD): $0.41 ($0.4073190546781134)

Net profit = (Gross Profit - Gas Cost [Avg])
$0.16 = ($0.41 - $0.25) $0.1586104583159332 = ($0.4073190546781134 - $0.2487085963621802)


5b. 19 Claim(s):

Total gas cost: 19 Claim(s) (USD): $0.26 ($0.26265228303629307)

Claim Reward: 18 Claim(s) (WEI): 0.00013202372915136 WETH (132023729151360 wei)
Claim Reward: 18 Claim(s) (USD): $0.41 ($0.4073190546781134)

Next Claim Reward: 19 Claim(s) (WEI): 0.00013935838077088 WETH (139358380770880 wei)
Next Claim Reward: 19 Claim(s) (USD): $0.43 ($0.4299478910491198)

Net profit = (Gross Profit - Gas Cost [Avg])
$0.17 = ($0.43 - $0.26) $0.16729560801282672 = ($0.4299478910491198 - $0.26265228303629307)


5b. 20 Claim(s):

Total gas cost: 20 Claim(s) (USD): $0.28 ($0.27659596971040595)

Claim Reward: 19 Claim(s) (WEI): 0.00013935838077088 WETH (139358380770880 wei)
Claim Reward: 19 Claim(s) (USD): $0.43 ($0.4299478910491198)

Next Claim Reward: 20 Claim(s) (WEI): 0.0001466930323904 WETH (146693032390400 wei)
Next Claim Reward: 20 Claim(s) (USD): $0.45 ($0.45257672742012606)

Net profit = (Gross Profit - Gas Cost [Avg])
$0.18 = ($0.45 - $0.28) $0.1759807577097201 = ($0.45257672742012606 - $0.27659596971040595)


5b. 21 Claim(s):

Total gas cost: 21 Claim(s) (USD): $0.29 ($0.29053965638451884)

Claim Reward: 20 Claim(s) (WEI): 0.0001466930323904 WETH (146693032390400 wei)
Claim Reward: 20 Claim(s) (USD): $0.45 ($0.45257672742012606)

Next Claim Reward: 21 Claim(s) (WEI): 0.00015402768400992 WETH (154027684009920 wei)
Next Claim Reward: 21 Claim(s) (USD): $0.48 ($0.4752055637911323)

Net profit = (Gross Profit - Gas Cost [Avg])
$0.18 = ($0.48 - $0.29) $0.18466590740661348 = ($0.4752055637911323 - $0.29053965638451884)


5b. 22 Claim(s):

Total gas cost: 22 Claim(s) (USD): $0.3 ($0.30448334305863173)

Claim Reward: 21 Claim(s) (WEI): 0.00015402768400992 WETH (154027684009920 wei)
Claim Reward: 21 Claim(s) (USD): $0.48 ($0.4752055637911323)

Next Claim Reward: 22 Claim(s) (WEI): 0.00016136233562944 WETH (161362335629440 wei)
Next Claim Reward: 22 Claim(s) (USD): $0.5 ($0.49783440016213865)

Net profit = (Gross Profit - Gas Cost [Avg])
$0.19 = ($0.5 - $0.3) $0.19335105710350692 = ($0.49783440016213865 - $0.30448334305863173)


5b. 23 Claim(s):

Total gas cost: 23 Claim(s) (USD): $0.32 ($0.3184270297327446)

Claim Reward: 22 Claim(s) (WEI): 0.00016136233562944 WETH (161362335629440 wei)
Claim Reward: 22 Claim(s) (USD): $0.5 ($0.49783440016213865)

Next Claim Reward: 23 Claim(s) (WEI): 0.00016869698724896 WETH (168696987248960 wei)
Next Claim Reward: 23 Claim(s) (USD): $0.52 ($0.5204632365331449)

Net profit = (Gross Profit - Gas Cost [Avg])
$0.2 = ($0.52 - $0.32) $0.20203620680040024 = ($0.5204632365331449 - $0.3184270297327446)


5b. 24 Claim(s):

Total gas cost: 24 Claim(s) (USD): $0.33 ($0.3323707164068575)

Claim Reward: 23 Claim(s) (WEI): 0.00016869698724896 WETH (168696987248960 wei)
Claim Reward: 23 Claim(s) (USD): $0.52 ($0.5204632365331449)

Next Claim Reward: 24 Claim(s) (WEI): 0.00017603163886848 WETH (176031638868480 wei)
Next Claim Reward: 24 Claim(s) (USD): $0.54 ($0.5430920729041513)

Net profit = (Gross Profit - Gas Cost [Avg])
$0.21 = ($0.54 - $0.33) $0.2107213564972938 = ($0.5430920729041513 - $0.3323707164068575)


5b. 25 Claim(s):

Total gas cost: 25 Claim(s) (USD): $0.35 ($0.3463144030809704)

Claim Reward: 24 Claim(s) (WEI): 0.00017603163886848 WETH (176031638868480 wei)
Claim Reward: 24 Claim(s) (USD): $0.54 ($0.5430920729041513)

Next Claim Reward: 25 Claim(s) (WEI): 0.000183366290488 WETH (183366290488000 wei)
Next Claim Reward: 25 Claim(s) (USD): $0.57 ($0.5657209092751575)

Net profit = (Gross Profit - Gas Cost [Avg])
$0.22 = ($0.57 - $0.35) $0.2194065061941871 = ($0.5657209092751575 - $0.3463144030809704)


5b. 26 Claim(s):

Total gas cost: 26 Claim(s) (USD): $0.36 ($0.3602580897550833)

Claim Reward: 25 Claim(s) (WEI): 0.000183366290488 WETH (183366290488000 wei)
Claim Reward: 25 Claim(s) (USD): $0.57 ($0.5657209092751575)

Next Claim Reward: 26 Claim(s) (WEI): 0.00019070094210752 WETH (190700942107520 wei)
Next Claim Reward: 26 Claim(s) (USD): $0.59 ($0.5883497456461638)

Net profit = (Gross Profit - Gas Cost [Avg])
$0.23 = ($0.59 - $0.36) $0.22809165589108055 = ($0.5883497456461638 - $0.3602580897550833)


5b. 27 Claim(s):

Total gas cost: 27 Claim(s) (USD): $0.37 ($0.37420177642919616)

Claim Reward: 26 Claim(s) (WEI): 0.00019070094210752 WETH (190700942107520 wei)
Claim Reward: 26 Claim(s) (USD): $0.59 ($0.5883497456461638)

Next Claim Reward: 27 Claim(s) (WEI): 0.00019803559372704 WETH (198035593727040 wei)
Next Claim Reward: 27 Claim(s) (USD): $0.61 ($0.6109785820171701)

Net profit = (Gross Profit - Gas Cost [Avg])
$0.24 = ($0.61 - $0.37) $0.23677680558797398 = ($0.6109785820171701 - $0.37420177642919616)


5b. 28 Claim(s):

Total gas cost: 28 Claim(s) (USD): $0.39 ($0.388145463103309)

Claim Reward: 27 Claim(s) (WEI): 0.00019803559372704 WETH (198035593727040 wei)
Claim Reward: 27 Claim(s) (USD): $0.61 ($0.6109785820171701)

Next Claim Reward: 28 Claim(s) (WEI): 0.00020537024534656 WETH (205370245346560 wei)
Next Claim Reward: 28 Claim(s) (USD): $0.63 ($0.6336074183881765)

Net profit = (Gross Profit - Gas Cost [Avg])
$0.25 = ($0.63 - $0.39) $0.24546195528486747 = ($0.6336074183881765 - $0.388145463103309)


5b. 29 Claim(s):

Total gas cost: 29 Claim(s) (USD): $0.4 ($0.4020891497774219)

Claim Reward: 28 Claim(s) (WEI): 0.00020537024534656 WETH (205370245346560 wei)
Claim Reward: 28 Claim(s) (USD): $0.63 ($0.6336074183881765)

Next Claim Reward: 29 Claim(s) (WEI): 0.00021270489696608 WETH (212704896966080 wei)
Next Claim Reward: 29 Claim(s) (USD): $0.66 ($0.6562362547591828)

Net profit = (Gross Profit - Gas Cost [Avg])
$0.25 = ($0.66 - $0.4) $0.2541471049817609 = ($0.6562362547591828 - $0.4020891497774219)


5b. 30 Claim(s):

Total gas cost: 30 Claim(s) (USD): $0.42 ($0.41603283645153477)

Claim Reward: 29 Claim(s) (WEI): 0.00021270489696608 WETH (212704896966080 wei)
Claim Reward: 29 Claim(s) (USD): $0.66 ($0.6562362547591828)

Next Claim Reward: 30 Claim(s) (WEI): 0.0002200395485856 WETH (220039548585600 wei)
Next Claim Reward: 30 Claim(s) (USD): $0.68 ($0.6788650911301891)

Net profit = (Gross Profit - Gas Cost [Avg])
$0.26 = ($0.68 - $0.42) $0.26283225467865434 = ($0.6788650911301891 - $0.41603283645153477)

******************
5c. Profit/Loss (USD):

Net profit = (Gross Profit - Gas Cost [Max])
$0.24 = ($0.66 - $0.42) $0.24020341830764802 = ($0.6562362547591828 - $0.41603283645153477)

Submitting transaction to claim 29 prize(s):

0x7fad91a4a29109303188d8758f1a9d60ce988349-0x73F0732D6c649AD79Dec91a2D4af936515BA4Bb3-5-2
0x7fad91a4a29109303188d8758f1a9d60ce988349-0x73F0732D6c649AD79Dec91a2D4af936515BA4Bb3-5-1010
0x7fad91a4a29109303188d8758f1a9d60ce988349-0xE61D00347720DF7fd0fa6673C92120BaCA74230d-5-906
0x7fad91a4a29109303188d8758f1a9d60ce988349-0x6AC1AD37101FF161A5A0B59d2Cd6a6cFD44F6830-5-202
0x7fad91a4a29109303188d8758f1a9d60ce988349-0x6AC1AD37101FF161A5A0B59d2Cd6a6cFD44F6830-5-417
0x7fad91a4a29109303188d8758f1a9d60ce988349-0x25aD65993865669Aab4c9EBC241c57Ef1dA08b55-5-427
0x7fad91a4a29109303188d8758f1a9d60ce988349-0x25aD65993865669Aab4c9EBC241c57Ef1dA08b55-5-848
0x7fad91a4a29109303188d8758f1a9d60ce988349-0x1cf7d7Cea368d84fe2CDB6556558b0548cA83726-5-312
0x7fad91a4a29109303188d8758f1a9d60ce988349-0x65D231b0500dD8DA377BC71aB18D2Aa68605048a-5-927
0x7fad91a4a29109303188d8758f1a9d60ce988349-0xe3683F21Cb917A3bc3b4F45CB725DDdF8a24955f-5-230
0x7fad91a4a29109303188d8758f1a9d60ce988349-0xD06d4d8b000833312D6865c690BC2D0d0C41B259-5-868
0x7fad91a4a29109303188d8758f1a9d60ce988349-0x7430A33fbdad69D51eC2aeE104C37ca3d230ad27-5-31
0x7fad91a4a29109303188d8758f1a9d60ce988349-0x7430A33fbdad69D51eC2aeE104C37ca3d230ad27-5-688
0x7fad91a4a29109303188d8758f1a9d60ce988349-0xb97F24b88B8636817D9f78fFB20b2497eC9758df-5-627
0x7fad91a4a29109303188d8758f1a9d60ce988349-0xEc2CcF2df95484A8E0B196DD26a07DC28FaF492D-5-209
0x7fad91a4a29109303188d8758f1a9d60ce988349-0x224841dFE519D9FCef88313c5166125178A8d8b6-5-806
0x7fad91a4a29109303188d8758f1a9d60ce988349-0xB7cC978F63637B4D7FdBd8a121A455128658E671-5-934
0x7fad91a4a29109303188d8758f1a9d60ce988349-0xDc1d80C414c32AB94d21C587c7f83bb904f370F9-5-991
0x7fad91a4a29109303188d8758f1a9d60ce988349-0x1B8Bf495df12d5FF056028704cc70cbdE120E029-5-379
0x7fad91a4a29109303188d8758f1a9d60ce988349-0xD5468eD77ee224e7a7Bea3474270173E917911dB-5-372
0x7fad91a4a29109303188d8758f1a9d60ce988349-0xD5468eD77ee224e7a7Bea3474270173E917911dB-5-891
0x7fad91a4a29109303188d8758f1a9d60ce988349-0x99E684fE2c7Fe150652B36900E3d4bb7F8520226-5-784
0x7fad91a4a29109303188d8758f1a9d60ce988349-0xca95Ce5D6BAF9017E94306f02c165361992897Fe-5-507
0x7fad91a4a29109303188d8758f1a9d60ce988349-0x9FEb7D488f75207a10d755914dfA48299e3B5BDE-5-551
0x7fad91a4a29109303188d8758f1a9d60ce988349-0x9FEb7D488f75207a10d755914dfA48299e3B5BDE-5-581
0x7fad91a4a29109303188d8758f1a9d60ce988349-0xbFf3De1b178E036A8877A3258294D4161126D70c-5-619
0x7fad91a4a29109303188d8758f1a9d60ce988349-0x8728B7f03e6e929003eF0dF6eCCdb6e9f318B690-5-1012
0x7fad91a4a29109303188d8758f1a9d60ce988349-0x1aEC1C1c23C83857609a8B2745b4f5b773bBA9d5-5-180
0x7fad91a4a29109303188d8758f1a9d60ce988349-0x1aEC1C1c23C83857609a8B2745b4f5b773bBA9d5-5-776



Execute Claim Transaction for Tier #5 (Canary tier)



Transaction sent! ✔
Transaction hash: 0x10f16eb271cf58bdcb8a845f18be799363fe818c6060605345a358987b16ef2b
Waiting on transaction to be confirmed ...
Tx confirmed !
