Operating on: 11155420 - Optimism Sepolia

Config - REWARD_RECIPIENT not provided, setting swap recipient to relayer address: 0x06003274c3a7926c04cA8d6903cc691fE8f3CEC2
Config - MIN_PROFIT_THRESHOLD_USD: -0.3

Starting ...
Getting prize pool info ...
Getting prize context ...

******************
1. Prize token: WETH

┌────────────┬──────────────────────────────────────────────┬──────────┬─────────────────┬────────┬──────────────┐
│ (index)    │ address                                      │ decimals │ name            │ symbol │ assetRateUsd │
├────────────┼──────────────────────────────────────────────┼──────────┼─────────────────┼────────┼──────────────┤
│ prizeToken │ '0xC355F97a3Aa2808Acb536E555764b8FB26fB4b37' │ 18       │ 'Wrapped Ether' │ 'WETH' │ 2959.0815    │
└────────────┴──────────────────────────────────────────────┴──────────┴─────────────────┴────────┴──────────────┘
┌─────────┬──────────┬───────────────────────────────┐
│ (index) │ numTiers │ tiersRangeArray               │
├─────────┼──────────┼───────────────────────────────┤
│ tiers   │ 5        │ [ 0, 1, 2, ... 2 more items ] │
└─────────┴──────────┴───────────────────────────────┘
Draw ID: 7
Prize Token WETH MarketRate USD:  $2959.0815

******************
Getting prize vaults ...
Found 6 prize vaults.

130 prizes already claimed for draw #7.
203 prizes remaining to be claimed...




******************
Processing:
Vault:     0x33335296c9b020ca3252e4953c11decfdce816b8
Tier:      #3 (Canary tier)
# prizes:  2

5a. Calculating # of profitable claims ...

Native (Gas) Token ETH Market Rate (USD): $2962.1

Estimated gas limit (wei) (1 prize claim): 0.000000000000181617 ETH (181617 wei)
Estimated gas limit (wei) (2 prize claims): 0.0000000000002666 ETH (266600 wei)

Gas Cost: First Claim (wei): 0.000000000000181617 ETH (181617 wei)
Gas Cost: Each Following Claim (wei): 0.000000000000084983 ETH (84983 wei)

Gas Cost: First Claim (USD): $0.01 $0.011662114524781587
Gas Cost: Each Following Claim (USD): $0.01 $0.013915531414896674

5b. 1 Claim(s):

Total gas cost: 1 Claim(s) (USD): $0.01 ($0.011662114524781587)

Next Claim Reward: 1 Claim(s) (WEI): 0.000151380133309625 WETH (151380133309625 wei)
Next Claim Reward: 1 Claim(s) (USD): $0.45 ($0.4479461519440451)

Net profit = (Gross Profit - Gas Cost [Avg])
$0.44 = ($0.45 - $0.01) $0.43628403741926347 = ($0.4479461519440451 - $0.011662114524781587)


5b. 2 Claim(s):

Total gas cost: 2 Claim(s) (USD): $0.03 ($0.025577645939678262)

Claim Reward: 1 Claim(s) (WEI): 0.000151380133309625 WETH (151380133309625 wei)
Claim Reward: 1 Claim(s) (USD): $0.45 ($0.4479461519440451)

Next Claim Reward: 2 Claim(s) (WEI): 0.00030276026661925 WETH (302760266619250 wei)
Next Claim Reward: 2 Claim(s) (USD): $0.9 ($0.8958923038880902)

Net profit = (Gross Profit - Gas Cost [Avg])
$0.87 = ($0.9 - $0.03) $0.8703146579484119 = ($0.8958923038880902 - $0.025577645939678262)


******************
5c. Profit/Loss (USD):

Net profit = (Gross Profit - Gas Cost [Max])
$0.87 = ($0.9 - $0.03) $0.8703146579484119 = ($0.8958923038880902 - $0.025577645939678262)

Submitting transaction to claim 2 prize(s):

0x33335296c9b020ca3252e4953c11decfdce816b8-0x6A117a1F0D271e35df5ad4356cf7cF8EbAC8E6d4-3-34
0x33335296c9b020ca3252e4953c11decfdce816b8-0x444FB53c29dFc483b44e27e9527F51EA2c8F3FED-3-8



Execute Claim Transaction for Tier #3 (Canary tier)



Transaction sent! ✔
Transaction hash: 0xa8d117e117da81dcf2fc8c8b99da5e541dd5693df9154e054c169d7530e8ae5d
Waiting on transaction to be confirmed ...
Tx confirmed !




******************
Processing:
Vault:     0x7fad91a4a29109303188d8758f1a9d60ce988349
Tier:      #3 (Canary tier)
# prizes:  2

5a. Calculating # of profitable claims ...

Native (Gas) Token ETH Market Rate (USD): $2962.1

Estimated gas limit (wei) (1 prize claim): 0.000000000000180288 ETH (180288 wei)
Estimated gas limit (wei) (2 prize claims): 0.000000000000263929 ETH (263929 wei)

Gas Cost: First Claim (wei): 0.000000000000180288 ETH (180288 wei)
Gas Cost: Each Following Claim (wei): 0.000000000000083641 ETH (83641 wei)

Gas Cost: First Claim (USD): $0.01 $0.0116581769018506
Gas Cost: Each Following Claim (USD): $0.01 $0.01387345934605141

5b. 1 Claim(s):

Total gas cost: 1 Claim(s) (USD): $0.01 ($0.0116581769018506)

Next Claim Reward: 1 Claim(s) (WEI): 0.000151380133309625 WETH (151380133309625 wei)
Next Claim Reward: 1 Claim(s) (USD): $0.45 ($0.4479461519440451)

Net profit = (Gross Profit - Gas Cost [Avg])
$0.44 = ($0.45 - $0.01) $0.43628797504219446 = ($0.4479461519440451 - $0.0116581769018506)


5b. 2 Claim(s):

Total gas cost: 2 Claim(s) (USD): $0.03 ($0.025531636247902008)

Claim Reward: 1 Claim(s) (WEI): 0.000151380133309625 WETH (151380133309625 wei)
Claim Reward: 1 Claim(s) (USD): $0.45 ($0.4479461519440451)

Next Claim Reward: 2 Claim(s) (WEI): 0.00030276026661925 WETH (302760266619250 wei)
Next Claim Reward: 2 Claim(s) (USD): $0.9 ($0.8958923038880902)

Net profit = (Gross Profit - Gas Cost [Avg])
$0.87 = ($0.9 - $0.03) $0.8703606676401882 = ($0.8958923038880902 - $0.025531636247902008)


******************
5c. Profit/Loss (USD):

Net profit = (Gross Profit - Gas Cost [Max])
$0.87 = ($0.9 - $0.03) $0.8703606676401882 = ($0.8958923038880902 - $0.025531636247902008)

Submitting transaction to claim 2 prize(s):

0x7fad91a4a29109303188d8758f1a9d60ce988349-0xf7288d7332B7Fe951c1309A4daECD3ea0C169C89-3-39
0x7fad91a4a29109303188d8758f1a9d60ce988349-0xBFbD7b814c00cB5B2902b030F5A5A84335663630-3-17



Execute Claim Transaction for Tier #3 (Canary tier)



Transaction sent! ✔
Transaction hash: 0xa720774bff04e1ace0697cb6470bcf4dc03b89d1245e2b9d954603ce7626c771
Waiting on transaction to be confirmed ...
Tx confirmed !




******************
Processing:
Vault:     0x33335296c9b020ca3252e4953c11decfdce816b8
Tier:      #4 (Canary tier)
# prizes:  64

5a. Calculating # of profitable claims ...

Native (Gas) Token ETH Market Rate (USD): $2962.1

Estimated gas limit (wei) (1 prize claim): 0.000000000000181617 ETH (181617 wei)
Estimated gas limit (wei) (2 prize claims): 0.0000000000002666 ETH (266600 wei)

Gas Cost: First Claim (wei): 0.000000000000181617 ETH (181617 wei)
Gas Cost: Each Following Claim (wei): 0.000000000000084983 ETH (84983 wei)

Gas Cost: First Claim (USD): $0.01 $0.011662114524781587
Gas Cost: Each Following Claim (USD): $0.01 $0.013915531414896674

5b. 1 Claim(s):

Total gas cost: 1 Claim(s) (USD): $0.01 ($0.011662114524781587)

Next Claim Reward: 1 Claim(s) (WEI): 0.000037845033327406 WETH (37845033327406 wei)
Next Claim Reward: 1 Claim(s) (USD): $0.11 ($0.11198653798601053)

Net profit = (Gross Profit - Gas Cost [Avg])
$0.1 = ($0.11 - $0.01) $0.10032442346122894 = ($0.11198653798601053 - $0.011662114524781587)


5b. 2 Claim(s):

Total gas cost: 2 Claim(s) (USD): $0.03 ($0.025577645939678262)

Claim Reward: 1 Claim(s) (WEI): 0.000037845033327406 WETH (37845033327406 wei)
Claim Reward: 1 Claim(s) (USD): $0.11 ($0.11198653798601053)

Next Claim Reward: 2 Claim(s) (WEI): 0.000075690066654812 WETH (75690066654812 wei)
Next Claim Reward: 2 Claim(s) (USD): $0.22 ($0.22397307597202107)

Net profit = (Gross Profit - Gas Cost [Avg])
$0.2 = ($0.22 - $0.03) $0.1983954300323428 = ($0.22397307597202107 - $0.025577645939678262)


5b. 3 Claim(s):

Total gas cost: 3 Claim(s) (USD): $0.04 ($0.039493177354574936)

Claim Reward: 2 Claim(s) (WEI): 0.000075690066654812 WETH (75690066654812 wei)
Claim Reward: 2 Claim(s) (USD): $0.22 ($0.22397307597202107)

Next Claim Reward: 3 Claim(s) (WEI): 0.000113535099982218 WETH (113535099982218 wei)
Next Claim Reward: 3 Claim(s) (USD): $0.34 ($0.3359596139580316)

Net profit = (Gross Profit - Gas Cost [Avg])
$0.3 = ($0.34 - $0.04) $0.2964664366034567 = ($0.3359596139580316 - $0.039493177354574936)


5b. 4 Claim(s):

Total gas cost: 4 Claim(s) (USD): $0.05 ($0.05340870876947161)

Claim Reward: 3 Claim(s) (WEI): 0.000113535099982218 WETH (113535099982218 wei)
Claim Reward: 3 Claim(s) (USD): $0.34 ($0.3359596139580316)

Next Claim Reward: 4 Claim(s) (WEI): 0.000151380133309624 WETH (151380133309624 wei)
Next Claim Reward: 4 Claim(s) (USD): $0.45 ($0.44794615194404214)

Net profit = (Gross Profit - Gas Cost [Avg])
$0.39 = ($0.45 - $0.05) $0.3945374431745705 = ($0.44794615194404214 - $0.05340870876947161)


5b. 5 Claim(s):

Total gas cost: 5 Claim(s) (USD): $0.07 ($0.06732424018436828)

Claim Reward: 4 Claim(s) (WEI): 0.000151380133309624 WETH (151380133309624 wei)
Claim Reward: 4 Claim(s) (USD): $0.45 ($0.44794615194404214)

Next Claim Reward: 5 Claim(s) (WEI): 0.00018922516663703 WETH (189225166637030 wei)
Next Claim Reward: 5 Claim(s) (USD): $0.56 ($0.5599326899300526)

Net profit = (Gross Profit - Gas Cost [Avg])
$0.49 = ($0.56 - $0.07) $0.49260844974568435 = ($0.5599326899300526 - $0.06732424018436828)


5b. 6 Claim(s):

Total gas cost: 6 Claim(s) (USD): $0.08 ($0.08123977159926496)

Claim Reward: 5 Claim(s) (WEI): 0.00018922516663703 WETH (189225166637030 wei)
Claim Reward: 5 Claim(s) (USD): $0.56 ($0.5599326899300526)

Next Claim Reward: 6 Claim(s) (WEI): 0.000227070199964436 WETH (227070199964436 wei)
Next Claim Reward: 6 Claim(s) (USD): $0.67 ($0.6719192279160632)

Net profit = (Gross Profit - Gas Cost [Avg])
$0.59 = ($0.67 - $0.08) $0.5906794563167982 = ($0.6719192279160632 - $0.08123977159926496)


5b. 7 Claim(s):

Total gas cost: 7 Claim(s) (USD): $0.1 ($0.09515530301416164)

Claim Reward: 6 Claim(s) (WEI): 0.000227070199964436 WETH (227070199964436 wei)
Claim Reward: 6 Claim(s) (USD): $0.67 ($0.6719192279160632)

Next Claim Reward: 7 Claim(s) (WEI): 0.000264915233291842 WETH (264915233291842 wei)
Next Claim Reward: 7 Claim(s) (USD): $0.78 ($0.7839057659020737)

Net profit = (Gross Profit - Gas Cost [Avg])
$0.69 = ($0.78 - $0.1) $0.6887504628879121 = ($0.7839057659020737 - $0.09515530301416164)


5b. 8 Claim(s):

Total gas cost: 8 Claim(s) (USD): $0.11 ($0.1090708344290583)

Claim Reward: 7 Claim(s) (WEI): 0.000264915233291842 WETH (264915233291842 wei)
Claim Reward: 7 Claim(s) (USD): $0.78 ($0.7839057659020737)

Next Claim Reward: 8 Claim(s) (WEI): 0.000302760266619248 WETH (302760266619248 wei)
Next Claim Reward: 8 Claim(s) (USD): $0.9 ($0.8958923038880843)

Net profit = (Gross Profit - Gas Cost [Avg])
$0.79 = ($0.9 - $0.11) $0.786821469459026 = ($0.8958923038880843 - $0.1090708344290583)


5b. 9 Claim(s):

Total gas cost: 9 Claim(s) (USD): $0.12 ($0.12298636584395498)

Claim Reward: 8 Claim(s) (WEI): 0.000302760266619248 WETH (302760266619248 wei)
Claim Reward: 8 Claim(s) (USD): $0.9 ($0.8958923038880843)

Next Claim Reward: 9 Claim(s) (WEI): 0.000340605299946654 WETH (340605299946654 wei)
Next Claim Reward: 9 Claim(s) (USD): $1.01 ($1.0078788418740947)

Net profit = (Gross Profit - Gas Cost [Avg])
$0.88 = ($1.01 - $0.12) $0.8848924760301398 = ($1.0078788418740947 - $0.12298636584395498)


5b. 10 Claim(s):

Total gas cost: 10 Claim(s) (USD): $0.14 ($0.13690189725885166)

Claim Reward: 9 Claim(s) (WEI): 0.000340605299946654 WETH (340605299946654 wei)
Claim Reward: 9 Claim(s) (USD): $1.01 ($1.0078788418740947)

Next Claim Reward: 10 Claim(s) (WEI): 0.00037845033327406 WETH (378450333274060 wei)
Next Claim Reward: 10 Claim(s) (USD): $1.12 ($1.1198653798601053)

Net profit = (Gross Profit - Gas Cost [Avg])
$0.98 = ($1.12 - $0.14) $0.9829634826012537 = ($1.1198653798601053 - $0.13690189725885166)


5b. 11 Claim(s):

Total gas cost: 11 Claim(s) (USD): $0.15 ($0.15081742867374834)

Claim Reward: 10 Claim(s) (WEI): 0.00037845033327406 WETH (378450333274060 wei)
Claim Reward: 10 Claim(s) (USD): $1.12 ($1.1198653798601053)

Next Claim Reward: 11 Claim(s) (WEI): 0.000416295366601466 WETH (416295366601466 wei)
Next Claim Reward: 11 Claim(s) (USD): $1.23 ($1.2318519178461158)

Net profit = (Gross Profit - Gas Cost [Avg])
$1.08 = ($1.23 - $0.15) $1.0810344891723676 = ($1.2318519178461158 - $0.15081742867374834)


5b. 12 Claim(s):

Total gas cost: 12 Claim(s) (USD): $0.16 ($0.164732960088645)

Claim Reward: 11 Claim(s) (WEI): 0.000416295366601466 WETH (416295366601466 wei)
Claim Reward: 11 Claim(s) (USD): $1.23 ($1.2318519178461158)

Next Claim Reward: 12 Claim(s) (WEI): 0.000454140399928872 WETH (454140399928872 wei)
Next Claim Reward: 12 Claim(s) (USD): $1.34 ($1.3438384558321264)

Net profit = (Gross Profit - Gas Cost [Avg])
$1.18 = ($1.34 - $0.16) $1.1791054957434814 = ($1.3438384558321264 - $0.164732960088645)


5b. 13 Claim(s):

Total gas cost: 13 Claim(s) (USD): $0.18 ($0.17864849150354167)

Claim Reward: 12 Claim(s) (WEI): 0.000454140399928872 WETH (454140399928872 wei)
Claim Reward: 12 Claim(s) (USD): $1.34 ($1.3438384558321264)

Next Claim Reward: 13 Claim(s) (WEI): 0.000491985433256278 WETH (491985433256278 wei)
Next Claim Reward: 13 Claim(s) (USD): $1.46 ($1.455824993818137)

Net profit = (Gross Profit - Gas Cost [Avg])
$1.28 = ($1.46 - $0.18) $1.2771765023145951 = ($1.455824993818137 - $0.17864849150354167)


5b. 14 Claim(s):

Total gas cost: 14 Claim(s) (USD): $0.19 ($0.19256402291843835)

Claim Reward: 13 Claim(s) (WEI): 0.000491985433256278 WETH (491985433256278 wei)
Claim Reward: 13 Claim(s) (USD): $1.46 ($1.455824993818137)

Next Claim Reward: 14 Claim(s) (WEI): 0.000529830466583684 WETH (529830466583684 wei)
Next Claim Reward: 14 Claim(s) (USD): $1.57 ($1.5678115318041475)

Net profit = (Gross Profit - Gas Cost [Avg])
$1.38 = ($1.57 - $0.19) $1.375247508885709 = ($1.5678115318041475 - $0.19256402291843835)


5b. 15 Claim(s):

Total gas cost: 15 Claim(s) (USD): $0.21 ($0.206479554333335)

Claim Reward: 14 Claim(s) (WEI): 0.000529830466583684 WETH (529830466583684 wei)
Claim Reward: 14 Claim(s) (USD): $1.57 ($1.5678115318041475)

Next Claim Reward: 15 Claim(s) (WEI): 0.00056767549991109 WETH (567675499911090 wei)
Next Claim Reward: 15 Claim(s) (USD): $1.68 ($1.6797980697901578)

Net profit = (Gross Profit - Gas Cost [Avg])
$1.47 = ($1.68 - $0.21) $1.4733185154568227 = ($1.6797980697901578 - $0.206479554333335)


5b. 16 Claim(s):

Total gas cost: 16 Claim(s) (USD): $0.22 ($0.2203950857482317)

Claim Reward: 15 Claim(s) (WEI): 0.00056767549991109 WETH (567675499911090 wei)
Claim Reward: 15 Claim(s) (USD): $1.68 ($1.6797980697901578)

Next Claim Reward: 16 Claim(s) (WEI): 0.000605520533238496 WETH (605520533238496 wei)
Next Claim Reward: 16 Claim(s) (USD): $1.79 ($1.7917846077761685)

Net profit = (Gross Profit - Gas Cost [Avg])
$1.57 = ($1.79 - $0.22) $1.5713895220279368 = ($1.7917846077761685 - $0.2203950857482317)


5b. 17 Claim(s):

Total gas cost: 17 Claim(s) (USD): $0.23 ($0.23431061716312837)

Claim Reward: 16 Claim(s) (WEI): 0.000605520533238496 WETH (605520533238496 wei)
Claim Reward: 16 Claim(s) (USD): $1.79 ($1.7917846077761685)

Next Claim Reward: 17 Claim(s) (WEI): 0.000643365566565902 WETH (643365566565902 wei)
Next Claim Reward: 17 Claim(s) (USD): $1.9 ($1.9037711457621789)

Net profit = (Gross Profit - Gas Cost [Avg])
$1.67 = ($1.9 - $0.23) $1.6694605285990505 = ($1.9037711457621789 - $0.23431061716312837)


5b. 18 Claim(s):

Total gas cost: 18 Claim(s) (USD): $0.25 ($0.24822614857802505)

Claim Reward: 17 Claim(s) (WEI): 0.000643365566565902 WETH (643365566565902 wei)
Claim Reward: 17 Claim(s) (USD): $1.9 ($1.9037711457621789)

Next Claim Reward: 18 Claim(s) (WEI): 0.000681210599893308 WETH (681210599893308 wei)
Next Claim Reward: 18 Claim(s) (USD): $2.02 ($2.0157576837481894)

Net profit = (Gross Profit - Gas Cost [Avg])
$1.77 = ($2.02 - $0.25) $1.7675315351701644 = ($2.0157576837481894 - $0.24822614857802505)


5b. 19 Claim(s):

Total gas cost: 19 Claim(s) (USD): $0.26 ($0.26214167999292176)

Claim Reward: 18 Claim(s) (WEI): 0.000681210599893308 WETH (681210599893308 wei)
Claim Reward: 18 Claim(s) (USD): $2.02 ($2.0157576837481894)

Next Claim Reward: 19 Claim(s) (WEI): 0.000719055633220714 WETH (719055633220714 wei)
Next Claim Reward: 19 Claim(s) (USD): $2.13 ($2.1277442217341997)

Net profit = (Gross Profit - Gas Cost [Avg])
$1.87 = ($2.13 - $0.26) $1.865602541741278 = ($2.1277442217341997 - $0.26214167999292176)


5b. 20 Claim(s):

Total gas cost: 20 Claim(s) (USD): $0.28 ($0.2760572114078184)

Claim Reward: 19 Claim(s) (WEI): 0.000719055633220714 WETH (719055633220714 wei)
Claim Reward: 19 Claim(s) (USD): $2.13 ($2.1277442217341997)

Next Claim Reward: 20 Claim(s) (WEI): 0.00075690066654812 WETH (756900666548120 wei)
Next Claim Reward: 20 Claim(s) (USD): $2.24 ($2.2397307597202105)

Net profit = (Gross Profit - Gas Cost [Avg])
$1.96 = ($2.24 - $0.28) $1.9636735483123922 = ($2.2397307597202105 - $0.2760572114078184)


5b. 21 Claim(s):

Total gas cost: 21 Claim(s) (USD): $0.29 ($0.2899727428227151)

Claim Reward: 20 Claim(s) (WEI): 0.00075690066654812 WETH (756900666548120 wei)
Claim Reward: 20 Claim(s) (USD): $2.24 ($2.2397307597202105)

Next Claim Reward: 21 Claim(s) (WEI): 0.000794745699875526 WETH (794745699875526 wei)
Next Claim Reward: 21 Claim(s) (USD): $2.35 ($2.3517172977062213)

Net profit = (Gross Profit - Gas Cost [Avg])
$2.06 = ($2.35 - $0.29) $2.0617445548835063 = ($2.3517172977062213 - $0.2899727428227151)


5b. 22 Claim(s):

Total gas cost: 22 Claim(s) (USD): $0.3 ($0.3038882742376118)

Claim Reward: 21 Claim(s) (WEI): 0.000794745699875526 WETH (794745699875526 wei)
Claim Reward: 21 Claim(s) (USD): $2.35 ($2.3517172977062213)

Next Claim Reward: 22 Claim(s) (WEI): 0.000832590733202932 WETH (832590733202932 wei)
Next Claim Reward: 22 Claim(s) (USD): $2.46 ($2.4637038356922316)

Net profit = (Gross Profit - Gas Cost [Avg])
$2.16 = ($2.46 - $0.3) $2.1598155614546197 = ($2.4637038356922316 - $0.3038882742376118)


5b. 23 Claim(s):

Total gas cost: 23 Claim(s) (USD): $0.32 ($0.31780380565250843)

Claim Reward: 22 Claim(s) (WEI): 0.000832590733202932 WETH (832590733202932 wei)
Claim Reward: 22 Claim(s) (USD): $2.46 ($2.4637038356922316)

Next Claim Reward: 23 Claim(s) (WEI): 0.000870435766530338 WETH (870435766530338 wei)
Next Claim Reward: 23 Claim(s) (USD): $2.58 ($2.5756903736782424)

Net profit = (Gross Profit - Gas Cost [Avg])
$2.26 = ($2.58 - $0.32) $2.257886568025734 = ($2.5756903736782424 - $0.31780380565250843)


5b. 24 Claim(s):

Total gas cost: 24 Claim(s) (USD): $0.33 ($0.33171933706740514)

Claim Reward: 23 Claim(s) (WEI): 0.000870435766530338 WETH (870435766530338 wei)
Claim Reward: 23 Claim(s) (USD): $2.58 ($2.5756903736782424)

Next Claim Reward: 24 Claim(s) (WEI): 0.000908280799857744 WETH (908280799857744 wei)
Next Claim Reward: 24 Claim(s) (USD): $2.69 ($2.6876769116642527)

Net profit = (Gross Profit - Gas Cost [Avg])
$2.36 = ($2.69 - $0.33) $2.3559575745968475 = ($2.6876769116642527 - $0.33171933706740514)


5b. 25 Claim(s):

Total gas cost: 25 Claim(s) (USD): $0.35 ($0.3456348684823018)

Claim Reward: 24 Claim(s) (WEI): 0.000908280799857744 WETH (908280799857744 wei)
Claim Reward: 24 Claim(s) (USD): $2.69 ($2.6876769116642527)

Next Claim Reward: 25 Claim(s) (WEI): 0.00094612583318515 WETH (946125833185150 wei)
Next Claim Reward: 25 Claim(s) (USD): $2.8 ($2.7996634496502635)

Net profit = (Gross Profit - Gas Cost [Avg])
$2.45 = ($2.8 - $0.35) $2.454028581167962 = ($2.7996634496502635 - $0.3456348684823018)


5b. 26 Claim(s):

Total gas cost: 26 Claim(s) (USD): $0.36 ($0.35955039989719845)

Claim Reward: 25 Claim(s) (WEI): 0.00094612583318515 WETH (946125833185150 wei)
Claim Reward: 25 Claim(s) (USD): $2.8 ($2.7996634496502635)

Next Claim Reward: 26 Claim(s) (WEI): 0.000983970866512556 WETH (983970866512556 wei)
Next Claim Reward: 26 Claim(s) (USD): $2.91 ($2.911649987636274)

Net profit = (Gross Profit - Gas Cost [Avg])
$2.55 = ($2.91 - $0.36) $2.5520995877390753 = ($2.911649987636274 - $0.35955039989719845)


5b. 27 Claim(s):

Total gas cost: 27 Claim(s) (USD): $0.37 ($0.37346593131209516)

Claim Reward: 26 Claim(s) (WEI): 0.000983970866512556 WETH (983970866512556 wei)
Claim Reward: 26 Claim(s) (USD): $2.91 ($2.911649987636274)

Next Claim Reward: 27 Claim(s) (WEI): 0.001021815899839962 WETH (1021815899839962 wei)
Next Claim Reward: 27 Claim(s) (USD): $3.02 ($3.023636525622284)

Net profit = (Gross Profit - Gas Cost [Avg])
$2.65 = ($3.02 - $0.37) $2.6501705943101888 = ($3.023636525622284 - $0.37346593131209516)


5b. 28 Claim(s):

Total gas cost: 28 Claim(s) (USD): $0.39 ($0.3873814627269918)

Claim Reward: 27 Claim(s) (WEI): 0.001021815899839962 WETH (1021815899839962 wei)
Claim Reward: 27 Claim(s) (USD): $3.02 ($3.023636525622284)

Next Claim Reward: 28 Claim(s) (WEI): 0.001059660933167368 WETH (1059660933167368 wei)
Next Claim Reward: 28 Claim(s) (USD): $3.14 ($3.135623063608295)

Net profit = (Gross Profit - Gas Cost [Avg])
$2.75 = ($3.14 - $0.39) $2.748241600881303 = ($3.135623063608295 - $0.3873814627269918)


5b. 29 Claim(s):

Total gas cost: 29 Claim(s) (USD): $0.4 ($0.40129699414188846)

Claim Reward: 28 Claim(s) (WEI): 0.001059660933167368 WETH (1059660933167368 wei)
Claim Reward: 28 Claim(s) (USD): $3.14 ($3.135623063608295)

Next Claim Reward: 29 Claim(s) (WEI): 0.001097505966494774 WETH (1097505966494774 wei)
Next Claim Reward: 29 Claim(s) (USD): $3.25 ($3.2476096015943057)

Net profit = (Gross Profit - Gas Cost [Avg])
$2.85 = ($3.25 - $0.4) $2.8463126074524174 = ($3.2476096015943057 - $0.40129699414188846)


5b. 30 Claim(s):

Total gas cost: 30 Claim(s) (USD): $0.42 ($0.4152125255567852)

Claim Reward: 29 Claim(s) (WEI): 0.001097505966494774 WETH (1097505966494774 wei)
Claim Reward: 29 Claim(s) (USD): $3.25 ($3.2476096015943057)

Next Claim Reward: 30 Claim(s) (WEI): 0.00113535099982218 WETH (1135350999822180 wei)
Next Claim Reward: 30 Claim(s) (USD): $3.36 ($3.3595961395803156)

Net profit = (Gross Profit - Gas Cost [Avg])
$2.94 = ($3.36 - $0.42) $2.9443836140235304 = ($3.3595961395803156 - $0.4152125255567852)

******************
5c. Profit/Loss (USD):

Net profit = (Gross Profit - Gas Cost [Max])
$2.83 = ($3.25 - $0.42) $2.8323970760375206 = ($3.2476096015943057 - $0.4152125255567852)

Submitting transaction to claim 29 prize(s):

0x33335296c9b020ca3252e4953c11decfdce816b8-0x1063b3fD92Da09a1aa46B4416D51716C7F6c0d31-4-252
0x33335296c9b020ca3252e4953c11decfdce816b8-0x21f03d357d47D0a84844F2df0E9e49275b09b635-4-73
0x33335296c9b020ca3252e4953c11decfdce816b8-0xe6C62849362573a709a8fac3E874fAe01f26D5bA-4-87
0x33335296c9b020ca3252e4953c11decfdce816b8-0x085d9ba6aBfDf0051A3f3f06DF272238d8b52774-4-2
0x33335296c9b020ca3252e4953c11decfdce816b8-0x90Fa1B8F2Ff5843cB96111a4D9A61398dDd33f64-4-65
0x33335296c9b020ca3252e4953c11decfdce816b8-0x169f7Ce2A99d28eD55a6Fb2bF51cD99B5ecc71c6-4-229
0x33335296c9b020ca3252e4953c11decfdce816b8-0xF51189966325Eeec9Fcb168ABFC0bAB2272f2daA-4-165
0x33335296c9b020ca3252e4953c11decfdce816b8-0x03FA8a5c68C30A0897ef25aA5Ac2FCA0266de291-4-78
0x33335296c9b020ca3252e4953c11decfdce816b8-0xCa4c1E70BccF398a4A3aF8123B8A243Be6bDc4D5-4-16
0x33335296c9b020ca3252e4953c11decfdce816b8-0x2840A59c2A540260E33caAf5E5c6A3f642790580-4-182
0x33335296c9b020ca3252e4953c11decfdce816b8-0x807D63f5DB762f5Fb2e00Bc3E10095052D525551-4-131
0x33335296c9b020ca3252e4953c11decfdce816b8-0x10E3fa94A45820c41674C33B7D1667032cb78f7A-4-231
0x33335296c9b020ca3252e4953c11decfdce816b8-0x3f0219aADC6E5DBF620F34db0C9Edb59884FEb22-4-69
0x33335296c9b020ca3252e4953c11decfdce816b8-0x58C29bD75e583d2a3C2FEaEEc1a416101fA3ae92-4-126
0x33335296c9b020ca3252e4953c11decfdce816b8-0x42c2c712C2f4EBf86431FA45d4a29fB45d34A493-4-210
0x33335296c9b020ca3252e4953c11decfdce816b8-0xf633a992d3AbE8a94f27d4A7c22a96ad67ABDD3D-4-10
0x33335296c9b020ca3252e4953c11decfdce816b8-0xe35CD7103e7ad1870dA4c33a884FeAc09D9479E6-4-7
0x33335296c9b020ca3252e4953c11decfdce816b8-0xBc57D716Fa87b341aBD2c5FdF63C653e8Cd54843-4-193
0x33335296c9b020ca3252e4953c11decfdce816b8-0x22952E1dB9ADE16488A2C3ea8bc5314a3B14D38d-4-79
0x33335296c9b020ca3252e4953c11decfdce816b8-0x0C7587118c6c2b9893C3f03BD1E7edE89df0b243-4-20
0x33335296c9b020ca3252e4953c11decfdce816b8-0x10880e9eaE02610815c36E6e5F1395c37b06A342-4-169
0x33335296c9b020ca3252e4953c11decfdce816b8-0x10880e9eaE02610815c36E6e5F1395c37b06A342-4-212
0x33335296c9b020ca3252e4953c11decfdce816b8-0x20eE282623DcFA0F6f7476D31274D45800484993-4-121
0x33335296c9b020ca3252e4953c11decfdce816b8-0xea1d098004eccEcB81CaC63dA0413722C0f66f8C-4-141
0x33335296c9b020ca3252e4953c11decfdce816b8-0xCaF0dC17672f2aB3187a4Bdd099A7aDc460a8D8B-4-113
0x33335296c9b020ca3252e4953c11decfdce816b8-0x24E7B506b40dAB261aF55d37dDB941EEA52a8daC-4-250
0x33335296c9b020ca3252e4953c11decfdce816b8-0xea37dDf8898587B6CF2b112e9372672e4359054A-4-112
0x33335296c9b020ca3252e4953c11decfdce816b8-0xd1a0266b4D7B44aD749023A11FDcF664e8a5cB17-4-223
0x33335296c9b020ca3252e4953c11decfdce816b8-0x731BE58B65B54b59a4d829C2E92F56d498a53e37-4-195



Execute Claim Transaction for Tier #4 (Canary tier)



Transaction sent! ✔
Transaction hash: 0xdc7e04037e3ca767e1a27235e22d68c389ce5665980564720ed0fdfb4b61da28
Waiting on transaction to be confirmed ...
Tx confirmed !




******************
Processing:
Vault:     0x7fad91a4a29109303188d8758f1a9d60ce988349
Tier:      #4 (Canary tier)
# prizes:  135

5a. Calculating # of profitable claims ...

Native (Gas) Token ETH Market Rate (USD): $2962.1

Estimated gas limit (wei) (1 prize claim): 0.000000000000180288 ETH (180288 wei)
Estimated gas limit (wei) (2 prize claims): 0.000000000000263941 ETH (263941 wei)

Gas Cost: First Claim (wei): 0.000000000000180288 ETH (180288 wei)
Gas Cost: Each Following Claim (wei): 0.000000000000083653 ETH (83653 wei)

Gas Cost: First Claim (USD): $0.01 $0.013048671831680724
Gas Cost: Each Following Claim (USD): $0.02 $0.015619550354798175

5b. 1 Claim(s):

Total gas cost: 1 Claim(s) (USD): $0.01 ($0.013048671831680724)

Next Claim Reward: 1 Claim(s) (WEI): 0.000037845033327406 WETH (37845033327406 wei)
Next Claim Reward: 1 Claim(s) (USD): $0.11 ($0.11198653798601053)

Net profit = (Gross Profit - Gas Cost [Avg])
$0.1 = ($0.11 - $0.01) $0.09893786615432981 = ($0.11198653798601053 - $0.013048671831680724)


5b. 2 Claim(s):

Total gas cost: 2 Claim(s) (USD): $0.03 ($0.0286682221864789)

Claim Reward: 1 Claim(s) (WEI): 0.000037845033327406 WETH (37845033327406 wei)
Claim Reward: 1 Claim(s) (USD): $0.11 ($0.11198653798601053)

Next Claim Reward: 2 Claim(s) (WEI): 0.000075690066654812 WETH (75690066654812 wei)
Next Claim Reward: 2 Claim(s) (USD): $0.22 ($0.22397307597202107)

Net profit = (Gross Profit - Gas Cost [Avg])
$0.2 = ($0.22 - $0.03) $0.19530485378554216 = ($0.22397307597202107 - $0.0286682221864789)


5b. 3 Claim(s):

Total gas cost: 3 Claim(s) (USD): $0.04 ($0.044287772541277075)

Claim Reward: 2 Claim(s) (WEI): 0.000075690066654812 WETH (75690066654812 wei)
Claim Reward: 2 Claim(s) (USD): $0.22 ($0.22397307597202107)

Next Claim Reward: 3 Claim(s) (WEI): 0.000113535099982218 WETH (113535099982218 wei)
Next Claim Reward: 3 Claim(s) (USD): $0.34 ($0.3359596139580316)

Net profit = (Gross Profit - Gas Cost [Avg])
$0.29 = ($0.34 - $0.04) $0.2916718414167545 = ($0.3359596139580316 - $0.044287772541277075)


5b. 4 Claim(s):

Total gas cost: 4 Claim(s) (USD): $0.06 ($0.05990732289607525)

Claim Reward: 3 Claim(s) (WEI): 0.000113535099982218 WETH (113535099982218 wei)
Claim Reward: 3 Claim(s) (USD): $0.34 ($0.3359596139580316)

Next Claim Reward: 4 Claim(s) (WEI): 0.000151380133309624 WETH (151380133309624 wei)
Next Claim Reward: 4 Claim(s) (USD): $0.45 ($0.44794615194404214)

Net profit = (Gross Profit - Gas Cost [Avg])
$0.39 = ($0.45 - $0.06) $0.3880388290479669 = ($0.44794615194404214 - $0.05990732289607525)


5b. 5 Claim(s):

Total gas cost: 5 Claim(s) (USD): $0.08 ($0.07552687325087343)

Claim Reward: 4 Claim(s) (WEI): 0.000151380133309624 WETH (151380133309624 wei)
Claim Reward: 4 Claim(s) (USD): $0.45 ($0.44794615194404214)

Next Claim Reward: 5 Claim(s) (WEI): 0.00018922516663703 WETH (189225166637030 wei)
Next Claim Reward: 5 Claim(s) (USD): $0.56 ($0.5599326899300526)

Net profit = (Gross Profit - Gas Cost [Avg])
$0.48 = ($0.56 - $0.08) $0.4844058166791792 = ($0.5599326899300526 - $0.07552687325087343)


5b. 6 Claim(s):

Total gas cost: 6 Claim(s) (USD): $0.09 ($0.0911464236056716)

Claim Reward: 5 Claim(s) (WEI): 0.00018922516663703 WETH (189225166637030 wei)
Claim Reward: 5 Claim(s) (USD): $0.56 ($0.5599326899300526)

Next Claim Reward: 6 Claim(s) (WEI): 0.000227070199964436 WETH (227070199964436 wei)
Next Claim Reward: 6 Claim(s) (USD): $0.67 ($0.6719192279160632)

Net profit = (Gross Profit - Gas Cost [Avg])
$0.58 = ($0.67 - $0.09) $0.5807728043103916 = ($0.6719192279160632 - $0.0911464236056716)


5b. 7 Claim(s):

Total gas cost: 7 Claim(s) (USD): $0.11 ($0.10676597396046977)

Claim Reward: 6 Claim(s) (WEI): 0.000227070199964436 WETH (227070199964436 wei)
Claim Reward: 6 Claim(s) (USD): $0.67 ($0.6719192279160632)

Next Claim Reward: 7 Claim(s) (WEI): 0.000264915233291842 WETH (264915233291842 wei)
Next Claim Reward: 7 Claim(s) (USD): $0.78 ($0.7839057659020737)

Net profit = (Gross Profit - Gas Cost [Avg])
$0.68 = ($0.78 - $0.11) $0.677139791941604 = ($0.7839057659020737 - $0.10676597396046977)


5b. 8 Claim(s):

Total gas cost: 8 Claim(s) (USD): $0.12 ($0.12238552431526795)

Claim Reward: 7 Claim(s) (WEI): 0.000264915233291842 WETH (264915233291842 wei)
Claim Reward: 7 Claim(s) (USD): $0.78 ($0.7839057659020737)

Next Claim Reward: 8 Claim(s) (WEI): 0.000302760266619248 WETH (302760266619248 wei)
Next Claim Reward: 8 Claim(s) (USD): $0.9 ($0.8958923038880843)

Net profit = (Gross Profit - Gas Cost [Avg])
$0.77 = ($0.9 - $0.12) $0.7735067795728163 = ($0.8958923038880843 - $0.12238552431526795)


5b. 9 Claim(s):

Total gas cost: 9 Claim(s) (USD): $0.14 ($0.13800507467006612)

Claim Reward: 8 Claim(s) (WEI): 0.000302760266619248 WETH (302760266619248 wei)
Claim Reward: 8 Claim(s) (USD): $0.9 ($0.8958923038880843)

Next Claim Reward: 9 Claim(s) (WEI): 0.000340605299946654 WETH (340605299946654 wei)
Next Claim Reward: 9 Claim(s) (USD): $1.01 ($1.0078788418740947)

Net profit = (Gross Profit - Gas Cost [Avg])
$0.87 = ($1.01 - $0.14) $0.8698737672040286 = ($1.0078788418740947 - $0.13800507467006612)


5b. 10 Claim(s):

Total gas cost: 10 Claim(s) (USD): $0.15 ($0.15362462502486432)

Claim Reward: 9 Claim(s) (WEI): 0.000340605299946654 WETH (340605299946654 wei)
Claim Reward: 9 Claim(s) (USD): $1.01 ($1.0078788418740947)

Next Claim Reward: 10 Claim(s) (WEI): 0.00037845033327406 WETH (378450333274060 wei)
Next Claim Reward: 10 Claim(s) (USD): $1.12 ($1.1198653798601053)

Net profit = (Gross Profit - Gas Cost [Avg])
$0.97 = ($1.12 - $0.15) $0.966240754835241 = ($1.1198653798601053 - $0.15362462502486432)


5b. 11 Claim(s):

Total gas cost: 11 Claim(s) (USD): $0.17 ($0.1692441753796625)

Claim Reward: 10 Claim(s) (WEI): 0.00037845033327406 WETH (378450333274060 wei)
Claim Reward: 10 Claim(s) (USD): $1.12 ($1.1198653798601053)

Next Claim Reward: 11 Claim(s) (WEI): 0.000416295366601466 WETH (416295366601466 wei)
Next Claim Reward: 11 Claim(s) (USD): $1.23 ($1.2318519178461158)

Net profit = (Gross Profit - Gas Cost [Avg])
$1.06 = ($1.23 - $0.17) $1.0626077424664533 = ($1.2318519178461158 - $0.1692441753796625)


5b. 12 Claim(s):

Total gas cost: 12 Claim(s) (USD): $0.18 ($0.18486372573446067)

Claim Reward: 11 Claim(s) (WEI): 0.000416295366601466 WETH (416295366601466 wei)
Claim Reward: 11 Claim(s) (USD): $1.23 ($1.2318519178461158)

Next Claim Reward: 12 Claim(s) (WEI): 0.000454140399928872 WETH (454140399928872 wei)
Next Claim Reward: 12 Claim(s) (USD): $1.34 ($1.3438384558321264)

Net profit = (Gross Profit - Gas Cost [Avg])
$1.16 = ($1.34 - $0.18) $1.1589747300976656 = ($1.3438384558321264 - $0.18486372573446067)


5b. 13 Claim(s):

Total gas cost: 13 Claim(s) (USD): $0.2 ($0.20048327608925884)

Claim Reward: 12 Claim(s) (WEI): 0.000454140399928872 WETH (454140399928872 wei)
Claim Reward: 12 Claim(s) (USD): $1.34 ($1.3438384558321264)

Next Claim Reward: 13 Claim(s) (WEI): 0.000491985433256278 WETH (491985433256278 wei)
Next Claim Reward: 13 Claim(s) (USD): $1.46 ($1.455824993818137)

Net profit = (Gross Profit - Gas Cost [Avg])
$1.26 = ($1.46 - $0.2) $1.2553417177288781 = ($1.455824993818137 - $0.20048327608925884)


5b. 14 Claim(s):

Total gas cost: 14 Claim(s) (USD): $0.22 ($0.216102826444057)

Claim Reward: 13 Claim(s) (WEI): 0.000491985433256278 WETH (491985433256278 wei)
Claim Reward: 13 Claim(s) (USD): $1.46 ($1.455824993818137)

Next Claim Reward: 14 Claim(s) (WEI): 0.000529830466583684 WETH (529830466583684 wei)
Next Claim Reward: 14 Claim(s) (USD): $1.57 ($1.5678115318041475)

Net profit = (Gross Profit - Gas Cost [Avg])
$1.35 = ($1.57 - $0.22) $1.3517087053600905 = ($1.5678115318041475 - $0.216102826444057)


5b. 15 Claim(s):

Total gas cost: 15 Claim(s) (USD): $0.23 ($0.23172237679885518)

Claim Reward: 14 Claim(s) (WEI): 0.000529830466583684 WETH (529830466583684 wei)
Claim Reward: 14 Claim(s) (USD): $1.57 ($1.5678115318041475)

Next Claim Reward: 15 Claim(s) (WEI): 0.00056767549991109 WETH (567675499911090 wei)
Next Claim Reward: 15 Claim(s) (USD): $1.68 ($1.6797980697901578)

Net profit = (Gross Profit - Gas Cost [Avg])
$1.45 = ($1.68 - $0.23) $1.4480756929913026 = ($1.6797980697901578 - $0.23172237679885518)


5b. 16 Claim(s):

Total gas cost: 16 Claim(s) (USD): $0.25 ($0.24734192715365336)

Claim Reward: 15 Claim(s) (WEI): 0.00056767549991109 WETH (567675499911090 wei)
Claim Reward: 15 Claim(s) (USD): $1.68 ($1.6797980697901578)

Next Claim Reward: 16 Claim(s) (WEI): 0.000605520533238496 WETH (605520533238496 wei)
Next Claim Reward: 16 Claim(s) (USD): $1.79 ($1.7917846077761685)

Net profit = (Gross Profit - Gas Cost [Avg])
$1.54 = ($1.79 - $0.25) $1.544442680622515 = ($1.7917846077761685 - $0.24734192715365336)


5b. 17 Claim(s):

Total gas cost: 17 Claim(s) (USD): $0.26 ($0.2629614775084515)

Claim Reward: 16 Claim(s) (WEI): 0.000605520533238496 WETH (605520533238496 wei)
Claim Reward: 16 Claim(s) (USD): $1.79 ($1.7917846077761685)

Next Claim Reward: 17 Claim(s) (WEI): 0.000643365566565902 WETH (643365566565902 wei)
Next Claim Reward: 17 Claim(s) (USD): $1.9 ($1.9037711457621789)

Net profit = (Gross Profit - Gas Cost [Avg])
$1.64 = ($1.9 - $0.26) $1.6408096682537274 = ($1.9037711457621789 - $0.2629614775084515)


5b. 18 Claim(s):

Total gas cost: 18 Claim(s) (USD): $0.28 ($0.27858102786324973)

Claim Reward: 17 Claim(s) (WEI): 0.000643365566565902 WETH (643365566565902 wei)
Claim Reward: 17 Claim(s) (USD): $1.9 ($1.9037711457621789)

Next Claim Reward: 18 Claim(s) (WEI): 0.000681210599893308 WETH (681210599893308 wei)
Next Claim Reward: 18 Claim(s) (USD): $2.02 ($2.0157576837481894)

Net profit = (Gross Profit - Gas Cost [Avg])
$1.74 = ($2.02 - $0.28) $1.7371766558849397 = ($2.0157576837481894 - $0.27858102786324973)


5b. 19 Claim(s):

Total gas cost: 19 Claim(s) (USD): $0.29 ($0.2942005782180479)

Claim Reward: 18 Claim(s) (WEI): 0.000681210599893308 WETH (681210599893308 wei)
Claim Reward: 18 Claim(s) (USD): $2.02 ($2.0157576837481894)

Next Claim Reward: 19 Claim(s) (WEI): 0.000719055633220714 WETH (719055633220714 wei)
Next Claim Reward: 19 Claim(s) (USD): $2.13 ($2.1277442217341997)

Net profit = (Gross Profit - Gas Cost [Avg])
$1.83 = ($2.13 - $0.29) $1.8335436435161518 = ($2.1277442217341997 - $0.2942005782180479)


5b. 20 Claim(s):

Total gas cost: 20 Claim(s) (USD): $0.31 ($0.3098201285728461)

Claim Reward: 19 Claim(s) (WEI): 0.000719055633220714 WETH (719055633220714 wei)
Claim Reward: 19 Claim(s) (USD): $2.13 ($2.1277442217341997)

Next Claim Reward: 20 Claim(s) (WEI): 0.00075690066654812 WETH (756900666548120 wei)
Next Claim Reward: 20 Claim(s) (USD): $2.24 ($2.2397307597202105)

Net profit = (Gross Profit - Gas Cost [Avg])
$1.93 = ($2.24 - $0.31) $1.9299106311473644 = ($2.2397307597202105 - $0.3098201285728461)


5b. 21 Claim(s):

Total gas cost: 21 Claim(s) (USD): $0.33 ($0.32543967892764425)

Claim Reward: 20 Claim(s) (WEI): 0.00075690066654812 WETH (756900666548120 wei)
Claim Reward: 20 Claim(s) (USD): $2.24 ($2.2397307597202105)

Next Claim Reward: 21 Claim(s) (WEI): 0.000794745699875526 WETH (794745699875526 wei)
Next Claim Reward: 21 Claim(s) (USD): $2.35 ($2.3517172977062213)

Net profit = (Gross Profit - Gas Cost [Avg])
$2.03 = ($2.35 - $0.33) $2.026277618778577 = ($2.3517172977062213 - $0.32543967892764425)


5b. 22 Claim(s):

Total gas cost: 22 Claim(s) (USD): $0.34 ($0.3410592292824424)

Claim Reward: 21 Claim(s) (WEI): 0.000794745699875526 WETH (794745699875526 wei)
Claim Reward: 21 Claim(s) (USD): $2.35 ($2.3517172977062213)

Next Claim Reward: 22 Claim(s) (WEI): 0.000832590733202932 WETH (832590733202932 wei)
Next Claim Reward: 22 Claim(s) (USD): $2.46 ($2.4637038356922316)

Net profit = (Gross Profit - Gas Cost [Avg])
$2.12 = ($2.46 - $0.34) $2.1226446064097892 = ($2.4637038356922316 - $0.3410592292824424)


5b. 23 Claim(s):

Total gas cost: 23 Claim(s) (USD): $0.36 ($0.3566787796372406)

Claim Reward: 22 Claim(s) (WEI): 0.000832590733202932 WETH (832590733202932 wei)
Claim Reward: 22 Claim(s) (USD): $2.46 ($2.4637038356922316)

Next Claim Reward: 23 Claim(s) (WEI): 0.000870435766530338 WETH (870435766530338 wei)
Next Claim Reward: 23 Claim(s) (USD): $2.58 ($2.5756903736782424)

Net profit = (Gross Profit - Gas Cost [Avg])
$2.22 = ($2.58 - $0.36) $2.219011594041002 = ($2.5756903736782424 - $0.3566787796372406)


5b. 24 Claim(s):

Total gas cost: 24 Claim(s) (USD): $0.37 ($0.37229832999203877)

Claim Reward: 23 Claim(s) (WEI): 0.000870435766530338 WETH (870435766530338 wei)
Claim Reward: 23 Claim(s) (USD): $2.58 ($2.5756903736782424)

Next Claim Reward: 24 Claim(s) (WEI): 0.000908280799857744 WETH (908280799857744 wei)
Next Claim Reward: 24 Claim(s) (USD): $2.69 ($2.6876769116642527)

Net profit = (Gross Profit - Gas Cost [Avg])
$2.32 = ($2.69 - $0.37) $2.315378581672214 = ($2.6876769116642527 - $0.37229832999203877)


5b. 25 Claim(s):

Total gas cost: 25 Claim(s) (USD): $0.39 ($0.38791788034683694)

Claim Reward: 24 Claim(s) (WEI): 0.000908280799857744 WETH (908280799857744 wei)
Claim Reward: 24 Claim(s) (USD): $2.69 ($2.6876769116642527)

Next Claim Reward: 25 Claim(s) (WEI): 0.00094612583318515 WETH (946125833185150 wei)
Next Claim Reward: 25 Claim(s) (USD): $2.8 ($2.7996634496502635)

Net profit = (Gross Profit - Gas Cost [Avg])
$2.41 = ($2.8 - $0.39) $2.4117455693034264 = ($2.7996634496502635 - $0.38791788034683694)


5b. 26 Claim(s):

Total gas cost: 26 Claim(s) (USD): $0.4 ($0.4035374307016351)

Claim Reward: 25 Claim(s) (WEI): 0.00094612583318515 WETH (946125833185150 wei)
Claim Reward: 25 Claim(s) (USD): $2.8 ($2.7996634496502635)

Next Claim Reward: 26 Claim(s) (WEI): 0.000983970866512556 WETH (983970866512556 wei)
Next Claim Reward: 26 Claim(s) (USD): $2.91 ($2.911649987636274)

Net profit = (Gross Profit - Gas Cost [Avg])
$2.51 = ($2.91 - $0.4) $2.5081125569346385 = ($2.911649987636274 - $0.4035374307016351)


5b. 27 Claim(s):

Total gas cost: 27 Claim(s) (USD): $0.42 ($0.4191569810564333)

Claim Reward: 26 Claim(s) (WEI): 0.000983970866512556 WETH (983970866512556 wei)
Claim Reward: 26 Claim(s) (USD): $2.91 ($2.911649987636274)

Next Claim Reward: 27 Claim(s) (WEI): 0.001021815899839962 WETH (1021815899839962 wei)
Next Claim Reward: 27 Claim(s) (USD): $3.02 ($3.023636525622284)

Net profit = (Gross Profit - Gas Cost [Avg])
$2.6 = ($3.02 - $0.42) $2.6044795445658506 = ($3.023636525622284 - $0.4191569810564333)


5b. 28 Claim(s):

Total gas cost: 28 Claim(s) (USD): $0.43 ($0.43477653141123146)

Claim Reward: 27 Claim(s) (WEI): 0.001021815899839962 WETH (1021815899839962 wei)
Claim Reward: 27 Claim(s) (USD): $3.02 ($3.023636525622284)

Next Claim Reward: 28 Claim(s) (WEI): 0.001059660933167368 WETH (1059660933167368 wei)
Next Claim Reward: 28 Claim(s) (USD): $3.14 ($3.135623063608295)

Net profit = (Gross Profit - Gas Cost [Avg])
$2.7 = ($3.14 - $0.43) $2.7008465321970636 = ($3.135623063608295 - $0.43477653141123146)


5b. 29 Claim(s):

Total gas cost: 29 Claim(s) (USD): $0.45 ($0.45039608176602963)

Claim Reward: 28 Claim(s) (WEI): 0.001059660933167368 WETH (1059660933167368 wei)
Claim Reward: 28 Claim(s) (USD): $3.14 ($3.135623063608295)

Next Claim Reward: 29 Claim(s) (WEI): 0.001097505966494774 WETH (1097505966494774 wei)
Next Claim Reward: 29 Claim(s) (USD): $3.25 ($3.2476096015943057)

Net profit = (Gross Profit - Gas Cost [Avg])
$2.8 = ($3.25 - $0.45) $2.797213519828276 = ($3.2476096015943057 - $0.45039608176602963)


5b. 30 Claim(s):

Total gas cost: 30 Claim(s) (USD): $0.47 ($0.4660156321208278)

Claim Reward: 29 Claim(s) (WEI): 0.001097505966494774 WETH (1097505966494774 wei)
Claim Reward: 29 Claim(s) (USD): $3.25 ($3.2476096015943057)

Next Claim Reward: 30 Claim(s) (WEI): 0.00113535099982218 WETH (1135350999822180 wei)
Next Claim Reward: 30 Claim(s) (USD): $3.36 ($3.3595961395803156)

Net profit = (Gross Profit - Gas Cost [Avg])
$2.89 = ($3.36 - $0.47) $2.893580507459488 = ($3.3595961395803156 - $0.4660156321208278)

******************
5c. Profit/Loss (USD):

Net profit = (Gross Profit - Gas Cost [Max])
$2.78 = ($3.25 - $0.47) $2.781593969473478 = ($3.2476096015943057 - $0.4660156321208278)

Submitting transaction to claim 29 prize(s):

0x7fad91a4a29109303188d8758f1a9d60ce988349-0x66B1629Eb0e9F2296a3073CB7025613f4fae85cf-4-228
0x7fad91a4a29109303188d8758f1a9d60ce988349-0x38397fD8656629970467246BFf1D8Ec167D5C4C6-4-49
0x7fad91a4a29109303188d8758f1a9d60ce988349-0xA90bC5480aac6dDe7A2f2E93AC36E42e399b92FD-4-7
0x7fad91a4a29109303188d8758f1a9d60ce988349-0x4B2A82970e14A1B11C9950C0CA9806cE2fD1A944-4-153
0x7fad91a4a29109303188d8758f1a9d60ce988349-0x1E0041269bE3f87cd764C933a6c068C55D8026a2-4-179
0x7fad91a4a29109303188d8758f1a9d60ce988349-0x367b15dd9d57C246fed6B350d553ea8081D39842-4-233
0x7fad91a4a29109303188d8758f1a9d60ce988349-0x4A82Da7a70b0d7f27dCEB214275ce03C6180262B-4-46
0x7fad91a4a29109303188d8758f1a9d60ce988349-0x4A82Da7a70b0d7f27dCEB214275ce03C6180262B-4-109
0x7fad91a4a29109303188d8758f1a9d60ce988349-0x17b33E17b1F01A6030D9bca7B4C8c7b235F301A6-4-96
0x7fad91a4a29109303188d8758f1a9d60ce988349-0x587dc668452aeB670b0eF21E68013B99edE68a3F-4-25
0x7fad91a4a29109303188d8758f1a9d60ce988349-0x587dc668452aeB670b0eF21E68013B99edE68a3F-4-182
0x7fad91a4a29109303188d8758f1a9d60ce988349-0xcDDEf2c039c4f6f44aeE89fd75a19BAAf10265B9-4-151
0x7fad91a4a29109303188d8758f1a9d60ce988349-0x9808e7936a984a89f82C754e961d736B49f4f0bb-4-9
0x7fad91a4a29109303188d8758f1a9d60ce988349-0x6AC1AD37101FF161A5A0B59d2Cd6a6cFD44F6830-4-25
0x7fad91a4a29109303188d8758f1a9d60ce988349-0x7981Eff94842eb68D803cA7c7f56d6608f6Ec5B6-4-226
0x7fad91a4a29109303188d8758f1a9d60ce988349-0x26E1346a8152c98E8423049570c3cf8Ba2DC318B-4-217
0x7fad91a4a29109303188d8758f1a9d60ce988349-0xF697019C524dE9dc11bD1fD0fE16A9f4B332899d-4-53
0x7fad91a4a29109303188d8758f1a9d60ce988349-0xFcCA066f235b06aD7804A7B6131D4d35CeD19244-4-80
0x7fad91a4a29109303188d8758f1a9d60ce988349-0xEc2CcF2df95484A8E0B196DD26a07DC28FaF492D-4-112
0x7fad91a4a29109303188d8758f1a9d60ce988349-0xDc1d80C414c32AB94d21C587c7f83bb904f370F9-4-41
0x7fad91a4a29109303188d8758f1a9d60ce988349-0xDc1d80C414c32AB94d21C587c7f83bb904f370F9-4-220
0x7fad91a4a29109303188d8758f1a9d60ce988349-0x7A5bB466CE72FbEF4036Cc7a8B0BD224fE42c136-4-101
0x7fad91a4a29109303188d8758f1a9d60ce988349-0x1beFD3cF6f0C52A6B4AB6a3de9Ce3Ccd2E28173f-4-59
0x7fad91a4a29109303188d8758f1a9d60ce988349-0xaAA8c3BA532677F6182f824413e3E4181e95aC75-4-10
0x7fad91a4a29109303188d8758f1a9d60ce988349-0x07F4B6bC5785bAD43dc9eB8381304A76bB96Ba0A-4-243
0x7fad91a4a29109303188d8758f1a9d60ce988349-0xD741906b9f0800369Cf0687DCEEB93D4f024700a-4-33
0x7fad91a4a29109303188d8758f1a9d60ce988349-0x659846883533e2FB5300CbcF5cb7bde09BA59C35-4-189
0x7fad91a4a29109303188d8758f1a9d60ce988349-0xf3Ba91dddCC37F8EAcfA84baF2a3fb9A22BDdCb4-4-19
0x7fad91a4a29109303188d8758f1a9d60ce988349-0x64771ab55f9b651bac48b201826e8c9ccd82B1BC-4-191



Execute Claim Transaction for Tier #4 (Canary tier)



Transaction sent! ✔
Transaction hash: 0x6d4d01e0f0bcf25aca5904de8aab6e5cc17e45881d5251a9a39b4e133575bdc7
Waiting on transaction to be confirmed ...
Tx confirmed !
