Operating on: 11155420 - Optimism Sepolia
Config - MIN_PROFIT_THRESHOLD_USD: -0.1

Starting ...
Getting prize pool info ...
Getting prize context ...

******************
1. Prize token: WETH

┌────────────┬──────────────────────────────────────────────┬──────────┬─────────────────┬────────┬──────────────┐
│ (index)    │ address                                      │ decimals │ name            │ symbol │ assetRateUsd │
├────────────┼──────────────────────────────────────────────┼──────────┼─────────────────┼────────┼──────────────┤
│ prizeToken │ '0x3749e4DA7558BeD9b0819dE7f8C7eFc271Db004e' │ 18       │ 'Wrapped Ether' │ 'WETH' │ 3544.4673    │
└────────────┴──────────────────────────────────────────────┴──────────┴─────────────────┴────────┴──────────────┘
┌─────────┬──────────┬───────────────────────────────┐
│ (index) │ numTiers │ tiersRangeArray               │
├─────────┼──────────┼───────────────────────────────┤
│ tiers   │ 5        │ [ 0, 1, 2, ... 2 more items ] │
└─────────┴──────────┴───────────────────────────────┘
Draw ID: 15
Prize Token WETH MarketRate USD:  $3544.4673

******************
Getting prize vaults ...
Found 6 prize vaults.

122 prizes already claimed for draw #15.
236 prizes remaining to be claimed...




******************
Processing:
Vault:     0x75ca27bb45d689c18f350592e036ee4e10a68d06
Tier:      #4 (Canary tier)
# prizes:  107

5a. Calculating # of profitable claims ...

Native (Gas) Token ETH Market Rate (USD): $3542.65

Estimated gas limit (wei) (1 prize claim): 0.000000000000183026 ETH (183026 wei)
Estimated gas limit (wei) (2 prize claims): 0.000000000000265375 ETH (265375 wei)

Gas Cost: First Claim (wei): 0.000000000000183026 ETH (183026 wei)
Gas Cost: Each Following Claim (wei): 0.000000000000082349 ETH (82349 wei)

Gas Cost: First Claim (USD): $0.13 $0.12578149733951718
Gas Cost: Each Following Claim (USD): $0.15 $0.1538964020805089

5b. 1 Claim(s):

Total gas cost: 1 Claim(s) (USD): $0.13 ($0.12578149733951718)

Next Claim Reward: 1 Claim(s) (WEI): 0.000026222678301585 WETH (26222678301585 wei)
Next Claim Reward: 1 Claim(s) (USD): $0.09 ($0.09294542575838756)

Net profit = (Gross Profit - Gas Cost [Avg])
$-0.03 = ($0.09 - $0.13) $-0.032836071581129625 = ($0.09294542575838756 - $0.12578149733951718)

******************
5c. Profit/Loss (USD):

Net profit = (Gross Profit - Gas Cost [Max])
$-0.13 = ($0 - $0.13) $-0.12578149733951718 = ($0 - $0.12578149733951718)

Claiming tier #4 (Canary tier) currently not profitable.
Not profitable to claim for Draw #15, Tier: #4 (Canary tier)




******************
Processing:
Vault:     0x798a13b071a8aac2d55109a53a2ba4230444619d
Tier:      #4 (Canary tier)
# prizes:  7

Tier #4 (Canary tier) not profitable, skipping ...





******************
Processing:
Vault:     0xa18d434e584b24b364b506cf2b5cc0cef6be5d5c
Tier:      #4 (Canary tier)
# prizes:  122

Tier #4 (Canary tier) not profitable, skipping ...

