Operating on: 11155420 - Optimism Sepolia
Config - MIN_PROFIT_THRESHOLD_USD: -0.1

Starting ...
Getting prize pool info ...
Getting prize context ...

******************
1. Prize token: WETH

┌────────────┬──────────────────────────────────────────────┬──────────┬─────────────────┬────────┬──────────────┐
│ (index)    │ address                                      │ decimals │ name            │ symbol │ assetRateUsd │
├────────────┼──────────────────────────────────────────────┼──────────┼─────────────────┼────────┼──────────────┤
│ prizeToken │ '0x28Dae98474c0EeDF4Ee74Da5300Dd89dE5466E62' │ 18       │ 'Wrapped Ether' │ 'WETH' │ 3519.3213    │
└────────────┴──────────────────────────────────────────────┴──────────┴─────────────────┴────────┴──────────────┘
┌─────────┬──────────┬──────────────────────────────┐
│ (index) │ numTiers │ tiersRangeArray              │
├─────────┼──────────┼──────────────────────────────┤
│ tiers   │ 4        │ [ 0, 1, 2, ... 1 more item ] │
└─────────┴──────────┴──────────────────────────────┘
Draw ID: 21
Prize Token WETH MarketRate USD:  $3519.3213

******************
Getting prize vaults ...
Found 6 prize vaults.

24 prizes already claimed for draw #21.
66 prizes remaining to be claimed...




******************
Processing:
Vault:     0x887db83c6b90b8c6d3a0729e1299c6153220649e
Tier:      #3 (Canary tier)
# prizes:  26

5a. Calculating # of profitable claims ...

Native (Gas) Token ETH Market Rate (USD): $3521.34

Estimated gas limit (wei) (1 prize claim): 0.000000000000186686 ETH (186686 wei)
Estimated gas limit (wei) (2 prize claims): 0.000000000000268976 ETH (268976 wei)

Gas Cost: First Claim (wei): 0.000000000000186686 ETH (186686 wei)
Gas Cost: Each Following Claim (wei): 0.00000000000008229 ETH (82290 wei)

Gas Cost: First Claim (USD): $0.85 $0.8522709509452034
Gas Cost: Each Following Claim (USD): $1.05 $1.0456719362831388

5b. 1 Claim(s):

Total gas cost: 1 Claim(s) (USD): $0.85 ($0.8522709509452034)

Next Claim Reward: 1 Claim(s) (WEI): 0.000051555481501222 WETH (51555481501222 wei)
Next Claim Reward: 1 Claim(s) (USD): $0.18 ($0.18144030417900656)

Net profit = (Gross Profit - Gas Cost [Avg])
$-0.67 = ($0.18 - $0.85) $-0.6708306467661969 = ($0.18144030417900656 - $0.8522709509452034)

******************
5c. Profit/Loss (USD):

Net profit = (Gross Profit - Gas Cost [Max])
$-0.85 = ($0 - $0.85) $-0.8522709509452034 = ($0 - $0.8522709509452034)

Claiming tier #3 (Canary tier) currently not profitable.
Not profitable to claim for Draw #21, Tier: #3 (Canary tier)




******************
Processing:
Vault:     0xc1f6251c8b8ca9ea535dd297cb9cbfe49efa6bb0
Tier:      #3 (Canary tier)
# prizes:  7

Tier #3 (Canary tier) not profitable, skipping ...





******************
Processing:
Vault:     0xe0462dc45922ca4d8d50748504b1d383349a25df
Tier:      #3 (Canary tier)
# prizes:  33

Tier #3 (Canary tier) not profitable, skipping ...

