Operating on: 11155420 - Optimism Sepolia
Config - MIN_PROFIT_THRESHOLD_USD: -0.1

Starting ...
Getting prize pool info ...
Getting prize context ...

******************
1. Prize token: WETH

┌────────────┬──────────────────────────────────────────────┬──────────┬─────────────────┬────────┬──────────────┐
│ (index)    │ address                                      │ decimals │ name            │ symbol │ assetRateUsd │
├────────────┼──────────────────────────────────────────────┼──────────┼─────────────────┼────────┼──────────────┤
│ prizeToken │ '0x3749e4DA7558BeD9b0819dE7f8C7eFc271Db004e' │ 18       │ 'Wrapped Ether' │ 'WETH' │ 3426.816     │
└────────────┴──────────────────────────────────────────────┴──────────┴─────────────────┴────────┴──────────────┘
┌─────────┬──────────┬───────────────────────────────┐
│ (index) │ numTiers │ tiersRangeArray               │
├─────────┼──────────┼───────────────────────────────┤
│ tiers   │ 6        │ [ 0, 1, 2, ... 3 more items ] │
└─────────┴──────────┴───────────────────────────────┘
Draw ID: 18
Prize Token WETH MarketRate USD:  $3426.816

******************
Getting prize vaults ...
Found 6 prize vaults.

73 prizes already claimed for draw #18.
1378 prizes remaining to be claimed...




******************
Processing:
Vault:     0xa18d434e584b24b364b506cf2b5cc0cef6be5d5c
Tier:      #3
# prizes:  7

5a. Calculating # of profitable claims ...

Native (Gas) Token ETH Market Rate (USD): $3426.51

Estimated gas limit (wei) (1 prize claim): 0.000000000000239488 ETH (239488 wei)
Estimated gas limit (wei) (2 prize claims): 0.000000000000351115 ETH (351115 wei)

Gas Cost: First Claim (wei): 0.000000000000239488 ETH (239488 wei)
Gas Cost: Each Following Claim (wei): 0.000000000000111627 ETH (111627 wei)

Gas Cost: First Claim (USD): $0.93 $0.9330851157574781
Gas Cost: Each Following Claim (USD): $1.14 $1.141584393800187

5b. 1 Claim(s):

Total gas cost: 1 Claim(s) (USD): $0.93 ($0.9330851157574781)

Next Claim Reward: 1 Claim(s) (WEI): 0.000317374998207072 WETH (317374998207072 wei)
Next Claim Reward: 1 Claim(s) (USD): $1.09 ($1.0875857218559657)

Net profit = (Gross Profit - Gas Cost [Avg])
$0.15 = ($1.09 - $0.93) $0.1545006060984876 = ($1.0875857218559657 - $0.9330851157574781)


5b. 2 Claim(s):

Total gas cost: 2 Claim(s) (USD): $2.07 ($2.074669509557665)

Claim Reward: 1 Claim(s) (WEI): 0.000317374998207072 WETH (317374998207072 wei)
Claim Reward: 1 Claim(s) (USD): $1.09 ($1.0875857218559657)

Next Claim Reward: 2 Claim(s) (WEI): 0.000634749996414144 WETH (634749996414144 wei)
Next Claim Reward: 2 Claim(s) (USD): $2.18 ($2.1751714437119314)

Net profit = (Gross Profit - Gas Cost [Avg])
$0.1 = ($2.18 - $2.07) $0.10050193415426634 = ($2.1751714437119314 - $2.074669509557665)

******************
5c. Profit/Loss (USD):

Net profit = (Gross Profit - Gas Cost [Max])
$-0.99 = ($1.09 - $2.07) $-0.9870837877016994 = ($1.0875857218559657 - $2.074669509557665)

Claiming tier #3 currently not profitable.

Execute Claim Transaction for Tier #3



Transaction sent! ✔
Transaction hash: 0x707cdb0add2eb2ce3f22be2de02c871f8f27c4bf4e03d653716c59523cfde3f2
Waiting on transaction to be confirmed ...
Tx confirmed !




******************
Processing:
Vault:     0x75ca27bb45d689c18f350592e036ee4e10a68d06
Tier:      #4 (Canary tier)
# prizes:  116

5a. Calculating # of profitable claims ...

Native (Gas) Token ETH Market Rate (USD): $3426.51

Estimated gas limit (wei) (1 prize claim): 0.000000000000189066 ETH (189066 wei)
Estimated gas limit (wei) (2 prize claims): 0.000000000000275438 ETH (275438 wei)

Gas Cost: First Claim (wei): 0.000000000000189066 ETH (189066 wei)
Gas Cost: Each Following Claim (wei): 0.000000000000086372 ETH (86372 wei)

Gas Cost: First Claim (USD): $0.93 $0.9329123007318432
Gas Cost: Each Following Claim (USD): $1.14 $1.144679624905932

5b. 1 Claim(s):

Total gas cost: 1 Claim(s) (USD): $0.93 ($0.9329123007318432)

Next Claim Reward: 1 Claim(s) (WEI): 0.000017703893977539 WETH (17703893977539 wei)
Next Claim Reward: 1 Claim(s) (USD): $0.06 ($0.06066798714453428)

Net profit = (Gross Profit - Gas Cost [Avg])
$-0.87 = ($0.06 - $0.93) $-0.8722443135873089 = ($0.06066798714453428 - $0.9329123007318432)

******************
5c. Profit/Loss (USD):

Net profit = (Gross Profit - Gas Cost [Max])
$-0.93 = ($0 - $0.93) $-0.9329123007318432 = ($0 - $0.9329123007318432)

Claiming tier #4 (Canary tier) currently not profitable.
Not profitable to claim for Draw #18, Tier: #4 (Canary tier)




******************
Processing:
Vault:     0x798a13b071a8aac2d55109a53a2ba4230444619d
Tier:      #4 (Canary tier)
# prizes:  15

Tier #4 (Canary tier) not profitable, skipping ...





******************
Processing:
Vault:     0xa18d434e584b24b364b506cf2b5cc0cef6be5d5c
Tier:      #4 (Canary tier)
# prizes:  158

Tier #4 (Canary tier) not profitable, skipping ...





******************
Processing:
Vault:     0x75ca27bb45d689c18f350592e036ee4e10a68d06
Tier:      #5 (Canary tier)
# prizes:  420

Tier #5 (Canary tier) not profitable, skipping ...





******************
Processing:
Vault:     0x798a13b071a8aac2d55109a53a2ba4230444619d
Tier:      #5 (Canary tier)
# prizes:  88

Tier #5 (Canary tier) not profitable, skipping ...





******************
Processing:
Vault:     0xa18d434e584b24b364b506cf2b5cc0cef6be5d5c
Tier:      #5 (Canary tier)
# prizes:  574

Tier #5 (Canary tier) not profitable, skipping ...

