Operating on: 11155420 - Optimism Sepolia

Config - REWARD_RECIPIENT not provided, setting swap recipient to relayer address: 0x06003274c3a7926c04cA8d6903cc691fE8f3CEC2
Config - MIN_PROFIT_THRESHOLD_USD: 0.05

Starting ...
Getting prize pool info ...
Getting prize context ...

******************
1. Prize token: WETH

┌────────────┬──────────────────────────────────────────────┬──────────┬─────────────────┬────────┬──────────────┐
│ (index)    │ address                                      │ decimals │ name            │ symbol │ assetRateUsd │
├────────────┼──────────────────────────────────────────────┼──────────┼─────────────────┼────────┼──────────────┤
│ prizeToken │ '0xC355F97a3Aa2808Acb536E555764b8FB26fB4b37' │ 18       │ 'Wrapped Ether' │ 'WETH' │ 3046.1992    │
└────────────┴──────────────────────────────────────────────┴──────────┴─────────────────┴────────┴──────────────┘
┌─────────┬──────────┬───────────────────────────────┐
│ (index) │ numTiers │ tiersRangeArray               │
├─────────┼──────────┼───────────────────────────────┤
│ tiers   │ 7        │ [ 0, 1, 2, ... 4 more items ] │
└─────────┴──────────┴───────────────────────────────┘
Draw ID: 20
Prize Token WETH MarketRate USD:  $3046.1992

******************
Getting prize vaults ...
Found 6 prize vaults.

433 prizes already claimed for draw #20.
5012 prizes remaining to be claimed...




******************
Processing:
Vault:     0x7fad91a4a29109303188d8758f1a9d60ce988349
Tier:      #4
# prizes:  36

5a. Calculating # of profitable claims ...

Native (Gas) Token ETH Market Rate (USD): $3048.24

Estimated gas limit (wei) (1 prize claim): 0.000000000000244478 ETH (244478 wei)
Estimated gas limit (wei) (2 prize claims): 0.000000000000361351 ETH (361351 wei)

Gas Cost: First Claim (wei): 0.000000000000244478 ETH (244478 wei)
Gas Cost: Each Following Claim (wei): 0.000000000000116873 ETH (116873 wei)

Gas Cost: First Claim (USD): $0.03 $0.02586229012192556
Gas Cost: Each Following Claim (USD): $0.03 $0.031207667715991406

5b. 1 Claim(s):

Total gas cost: 1 Claim(s) (USD): $0.03 ($0.02586229012192556)

Next Claim Reward: 1 Claim(s) (WEI): 0.000121824841156388 WETH (121824841156388 wei)
Next Claim Reward: 1 Claim(s) (USD): $0.37 ($0.37110273367071617)

Net profit = (Gross Profit - Gas Cost [Avg])
$0.35 = ($0.37 - $0.03) $0.34524044354879063 = ($0.37110273367071617 - $0.02586229012192556)


5b. 2 Claim(s):

Total gas cost: 2 Claim(s) (USD): $0.06 ($0.05706995783791696)

Claim Reward: 1 Claim(s) (WEI): 0.000121824841156388 WETH (121824841156388 wei)
Claim Reward: 1 Claim(s) (USD): $0.37 ($0.37110273367071617)

Next Claim Reward: 2 Claim(s) (WEI): 0.000243649682312776 WETH (243649682312776 wei)
Next Claim Reward: 2 Claim(s) (USD): $0.74 ($0.7422054673414323)

Net profit = (Gross Profit - Gas Cost [Avg])
$0.69 = ($0.74 - $0.06) $0.6851355095035154 = ($0.7422054673414323 - $0.05706995783791696)


5b. 3 Claim(s):

Total gas cost: 3 Claim(s) (USD): $0.09 ($0.08827762555390838)

Claim Reward: 2 Claim(s) (WEI): 0.000243649682312776 WETH (243649682312776 wei)
Claim Reward: 2 Claim(s) (USD): $0.74 ($0.7422054673414323)

Next Claim Reward: 3 Claim(s) (WEI): 0.000365474523469164 WETH (365474523469164 wei)
Next Claim Reward: 3 Claim(s) (USD): $1.11 ($1.1133082010121484)

Net profit = (Gross Profit - Gas Cost [Avg])
$1.03 = ($1.11 - $0.09) $1.02503057545824 = ($1.1133082010121484 - $0.08827762555390838)


5b. 4 Claim(s):

Total gas cost: 4 Claim(s) (USD): $0.12 ($0.11948529326989979)

Claim Reward: 3 Claim(s) (WEI): 0.000365474523469164 WETH (365474523469164 wei)
Claim Reward: 3 Claim(s) (USD): $1.11 ($1.1133082010121484)

Next Claim Reward: 4 Claim(s) (WEI): 0.000487299364625552 WETH (487299364625552 wei)
Next Claim Reward: 4 Claim(s) (USD): $1.48 ($1.4844109346828647)

Net profit = (Gross Profit - Gas Cost [Avg])
$1.36 = ($1.48 - $0.12) $1.364925641412965 = ($1.4844109346828647 - $0.11948529326989979)


5b. 5 Claim(s):

Total gas cost: 5 Claim(s) (USD): $0.15 ($0.1506929609858912)

Claim Reward: 4 Claim(s) (WEI): 0.000487299364625552 WETH (487299364625552 wei)
Claim Reward: 4 Claim(s) (USD): $1.48 ($1.4844109346828647)

Next Claim Reward: 5 Claim(s) (WEI): 0.00060912420578194 WETH (609124205781940 wei)
Next Claim Reward: 5 Claim(s) (USD): $1.86 ($1.8555136683535811)

Net profit = (Gross Profit - Gas Cost [Avg])
$1.7 = ($1.86 - $0.15) $1.70482070736769 = ($1.8555136683535811 - $0.1506929609858912)


5b. 6 Claim(s):

Total gas cost: 6 Claim(s) (USD): $0.18 ($0.1819006287018826)

Claim Reward: 5 Claim(s) (WEI): 0.00060912420578194 WETH (609124205781940 wei)
Claim Reward: 5 Claim(s) (USD): $1.86 ($1.8555136683535811)

Next Claim Reward: 6 Claim(s) (WEI): 0.000730949046938328 WETH (730949046938328 wei)
Next Claim Reward: 6 Claim(s) (USD): $2.23 ($2.226616402024297)

Net profit = (Gross Profit - Gas Cost [Avg])
$2.04 = ($2.23 - $0.18) $2.044715773322414 = ($2.226616402024297 - $0.1819006287018826)


5b. 7 Claim(s):

Total gas cost: 7 Claim(s) (USD): $0.21 ($0.21310829641787402)

Claim Reward: 6 Claim(s) (WEI): 0.000730949046938328 WETH (730949046938328 wei)
Claim Reward: 6 Claim(s) (USD): $2.23 ($2.226616402024297)

Next Claim Reward: 7 Claim(s) (WEI): 0.000852773888094716 WETH (852773888094716 wei)
Next Claim Reward: 7 Claim(s) (USD): $2.6 ($2.597719135695013)

Net profit = (Gross Profit - Gas Cost [Avg])
$2.38 = ($2.6 - $0.21) $2.3846108392771392 = ($2.597719135695013 - $0.21310829641787402)


5b. 8 Claim(s):

Total gas cost: 8 Claim(s) (USD): $0.24 ($0.24431596413386542)

Claim Reward: 7 Claim(s) (WEI): 0.000852773888094716 WETH (852773888094716 wei)
Claim Reward: 7 Claim(s) (USD): $2.6 ($2.597719135695013)

Next Claim Reward: 8 Claim(s) (WEI): 0.000974598729251104 WETH (974598729251104 wei)
Next Claim Reward: 8 Claim(s) (USD): $2.97 ($2.9688218693657293)

Net profit = (Gross Profit - Gas Cost [Avg])
$2.72 = ($2.97 - $0.24) $2.724505905231864 = ($2.9688218693657293 - $0.24431596413386542)


5b. 9 Claim(s):

Total gas cost: 9 Claim(s) (USD): $0.28 ($0.2755236318498568)

Claim Reward: 8 Claim(s) (WEI): 0.000974598729251104 WETH (974598729251104 wei)
Claim Reward: 8 Claim(s) (USD): $2.97 ($2.9688218693657293)

Next Claim Reward: 9 Claim(s) (WEI): 0.001096423570407492 WETH (1096423570407492 wei)
Next Claim Reward: 9 Claim(s) (USD): $3.34 ($3.339924603036446)

Net profit = (Gross Profit - Gas Cost [Avg])
$3.06 = ($3.34 - $0.28) $3.0644009711865894 = ($3.339924603036446 - $0.2755236318498568)


5b. 10 Claim(s):

Total gas cost: 10 Claim(s) (USD): $0.31 ($0.3067312995658482)

Claim Reward: 9 Claim(s) (WEI): 0.001096423570407492 WETH (1096423570407492 wei)
Claim Reward: 9 Claim(s) (USD): $3.34 ($3.339924603036446)

Next Claim Reward: 10 Claim(s) (WEI): 0.00121824841156388 WETH (1218248411563880 wei)
Next Claim Reward: 10 Claim(s) (USD): $3.71 ($3.7110273367071622)

Net profit = (Gross Profit - Gas Cost [Avg])
$3.4 = ($3.71 - $0.31) $3.404296037141314 = ($3.7110273367071622 - $0.3067312995658482)


5b. 11 Claim(s):

Total gas cost: 11 Claim(s) (USD): $0.34 ($0.3379389672818396)

Claim Reward: 10 Claim(s) (WEI): 0.00121824841156388 WETH (1218248411563880 wei)
Claim Reward: 10 Claim(s) (USD): $3.71 ($3.7110273367071622)

Next Claim Reward: 11 Claim(s) (WEI): 0.001340073252720268 WETH (1340073252720268 wei)
Next Claim Reward: 11 Claim(s) (USD): $4.08 ($4.082130070377878)

Net profit = (Gross Profit - Gas Cost [Avg])
$3.74 = ($4.08 - $0.34) $3.744191103096038 = ($4.082130070377878 - $0.3379389672818396)


5b. 12 Claim(s):

Total gas cost: 12 Claim(s) (USD): $0.37 ($0.369146634997831)

Claim Reward: 11 Claim(s) (WEI): 0.001340073252720268 WETH (1340073252720268 wei)
Claim Reward: 11 Claim(s) (USD): $4.08 ($4.082130070377878)

Next Claim Reward: 12 Claim(s) (WEI): 0.001461898093876656 WETH (1461898093876656 wei)
Next Claim Reward: 12 Claim(s) (USD): $4.45 ($4.453232804048594)

Net profit = (Gross Profit - Gas Cost [Avg])
$4.08 = ($4.45 - $0.37) $4.084086169050763 = ($4.453232804048594 - $0.369146634997831)


5b. 13 Claim(s):

Total gas cost: 13 Claim(s) (USD): $0.4 ($0.40035430271382244)

Claim Reward: 12 Claim(s) (WEI): 0.001461898093876656 WETH (1461898093876656 wei)
Claim Reward: 12 Claim(s) (USD): $4.45 ($4.453232804048594)

Next Claim Reward: 13 Claim(s) (WEI): 0.001583722935033044 WETH (1583722935033044 wei)
Next Claim Reward: 13 Claim(s) (USD): $4.82 ($4.8243355377193105)

Net profit = (Gross Profit - Gas Cost [Avg])
$4.42 = ($4.82 - $0.4) $4.423981235005488 = ($4.8243355377193105 - $0.40035430271382244)


5b. 14 Claim(s):

Total gas cost: 14 Claim(s) (USD): $0.43 ($0.4315619704298138)

Claim Reward: 13 Claim(s) (WEI): 0.001583722935033044 WETH (1583722935033044 wei)
Claim Reward: 13 Claim(s) (USD): $4.82 ($4.8243355377193105)

Next Claim Reward: 14 Claim(s) (WEI): 0.001705547776189432 WETH (1705547776189432 wei)
Next Claim Reward: 14 Claim(s) (USD): $5.2 ($5.195438271390026)

Net profit = (Gross Profit - Gas Cost [Avg])
$4.76 = ($5.2 - $0.43) $4.763876300960212 = ($5.195438271390026 - $0.4315619704298138)


5b. 15 Claim(s):

Total gas cost: 15 Claim(s) (USD): $0.46 ($0.46276963814580524)

Claim Reward: 14 Claim(s) (WEI): 0.001705547776189432 WETH (1705547776189432 wei)
Claim Reward: 14 Claim(s) (USD): $5.2 ($5.195438271390026)

Next Claim Reward: 15 Claim(s) (WEI): 0.00182737261734582 WETH (1827372617345820 wei)
Next Claim Reward: 15 Claim(s) (USD): $5.57 ($5.566541005060743)

Net profit = (Gross Profit - Gas Cost [Avg])
$5.1 = ($5.57 - $0.46) $5.103771366914938 = ($5.566541005060743 - $0.46276963814580524)


5b. 16 Claim(s):

Total gas cost: 16 Claim(s) (USD): $0.49 ($0.4939773058617966)

Claim Reward: 15 Claim(s) (WEI): 0.00182737261734582 WETH (1827372617345820 wei)
Claim Reward: 15 Claim(s) (USD): $5.57 ($5.566541005060743)

Next Claim Reward: 16 Claim(s) (WEI): 0.001949197458502208 WETH (1949197458502208 wei)
Next Claim Reward: 16 Claim(s) (USD): $5.94 ($5.937643738731459)

Net profit = (Gross Profit - Gas Cost [Avg])
$5.44 = ($5.94 - $0.49) $5.443666432869662 = ($5.937643738731459 - $0.4939773058617966)


5b. 17 Claim(s):

Total gas cost: 17 Claim(s) (USD): $0.53 ($0.525184973577788)

Claim Reward: 16 Claim(s) (WEI): 0.001949197458502208 WETH (1949197458502208 wei)
Claim Reward: 16 Claim(s) (USD): $5.94 ($5.937643738731459)

Next Claim Reward: 17 Claim(s) (WEI): 0.002071022299658596 WETH (2071022299658596 wei)
Next Claim Reward: 17 Claim(s) (USD): $6.31 ($6.308746472402176)

Net profit = (Gross Profit - Gas Cost [Avg])
$5.78 = ($6.31 - $0.53) $5.783561498824389 = ($6.308746472402176 - $0.525184973577788)


5b. 18 Claim(s):

Total gas cost: 18 Claim(s) (USD): $0.56 ($0.5563926412937794)

Claim Reward: 17 Claim(s) (WEI): 0.002071022299658596 WETH (2071022299658596 wei)
Claim Reward: 17 Claim(s) (USD): $6.31 ($6.308746472402176)

Next Claim Reward: 18 Claim(s) (WEI): 0.002192847140814984 WETH (2192847140814984 wei)
Next Claim Reward: 18 Claim(s) (USD): $6.68 ($6.679849206072892)

Net profit = (Gross Profit - Gas Cost [Avg])
$6.12 = ($6.68 - $0.56) $6.123456564779112 = ($6.679849206072892 - $0.5563926412937794)


5b. 19 Claim(s):

Total gas cost: 19 Claim(s) (USD): $0.59 ($0.5876003090097709)

Claim Reward: 18 Claim(s) (WEI): 0.002192847140814984 WETH (2192847140814984 wei)
Claim Reward: 18 Claim(s) (USD): $6.68 ($6.679849206072892)

Next Claim Reward: 19 Claim(s) (WEI): 0.002314671981971372 WETH (2314671981971372 wei)
Next Claim Reward: 19 Claim(s) (USD): $7.05 ($7.050951939743609)

Net profit = (Gross Profit - Gas Cost [Avg])
$6.46 = ($7.05 - $0.59) $6.463351630733838 = ($7.050951939743609 - $0.5876003090097709)


5b. 20 Claim(s):

Total gas cost: 20 Claim(s) (USD): $0.62 ($0.6188079767257623)

Claim Reward: 19 Claim(s) (WEI): 0.002314671981971372 WETH (2314671981971372 wei)
Claim Reward: 19 Claim(s) (USD): $7.05 ($7.050951939743609)

Next Claim Reward: 20 Claim(s) (WEI): 0.00243649682312776 WETH (2436496823127760 wei)
Next Claim Reward: 20 Claim(s) (USD): $7.42 ($7.4220546734143245)

Net profit = (Gross Profit - Gas Cost [Avg])
$6.8 = ($7.42 - $0.62) $6.8032466966885625 = ($7.4220546734143245 - $0.6188079767257623)


5b. 21 Claim(s):

Total gas cost: 21 Claim(s) (USD): $0.65 ($0.6500156444417536)

Claim Reward: 20 Claim(s) (WEI): 0.00243649682312776 WETH (2436496823127760 wei)
Claim Reward: 20 Claim(s) (USD): $7.42 ($7.4220546734143245)

Next Claim Reward: 21 Claim(s) (WEI): 0.002558321664284148 WETH (2558321664284148 wei)
Next Claim Reward: 21 Claim(s) (USD): $7.79 ($7.793157407085041)

Net profit = (Gross Profit - Gas Cost [Avg])
$7.14 = ($7.79 - $0.65) $7.143141762643287 = ($7.793157407085041 - $0.6500156444417536)


5b. 22 Claim(s):

Total gas cost: 22 Claim(s) (USD): $0.68 ($0.6812233121577451)

Claim Reward: 21 Claim(s) (WEI): 0.002558321664284148 WETH (2558321664284148 wei)
Claim Reward: 21 Claim(s) (USD): $7.79 ($7.793157407085041)

Next Claim Reward: 22 Claim(s) (WEI): 0.002680146505440536 WETH (2680146505440536 wei)
Next Claim Reward: 22 Claim(s) (USD): $8.16 ($8.164260140755756)

Net profit = (Gross Profit - Gas Cost [Avg])
$7.48 = ($8.16 - $0.68) $7.483036828598011 = ($8.164260140755756 - $0.6812233121577451)


5b. 23 Claim(s):

Total gas cost: 23 Claim(s) (USD): $0.71 ($0.7124309798737365)

Claim Reward: 22 Claim(s) (WEI): 0.002680146505440536 WETH (2680146505440536 wei)
Claim Reward: 22 Claim(s) (USD): $8.16 ($8.164260140755756)

Next Claim Reward: 23 Claim(s) (WEI): 0.002801971346596924 WETH (2801971346596924 wei)
Next Claim Reward: 23 Claim(s) (USD): $8.54 ($8.535362874426472)

Net profit = (Gross Profit - Gas Cost [Avg])
$7.82 = ($8.54 - $0.71) $7.8229318945527355 = ($8.535362874426472 - $0.7124309798737365)


5b. 24 Claim(s):

Total gas cost: 24 Claim(s) (USD): $0.74 ($0.7436386475897279)

Claim Reward: 23 Claim(s) (WEI): 0.002801971346596924 WETH (2801971346596924 wei)
Claim Reward: 23 Claim(s) (USD): $8.54 ($8.535362874426472)

Next Claim Reward: 24 Claim(s) (WEI): 0.002923796187753312 WETH (2923796187753312 wei)
Next Claim Reward: 24 Claim(s) (USD): $8.91 ($8.906465608097188)

Net profit = (Gross Profit - Gas Cost [Avg])
$8.16 = ($8.91 - $0.74) $8.16282696050746 = ($8.906465608097188 - $0.7436386475897279)


5b. 25 Claim(s):

Total gas cost: 25 Claim(s) (USD): $0.77 ($0.7748463153057193)

Claim Reward: 24 Claim(s) (WEI): 0.002923796187753312 WETH (2923796187753312 wei)
Claim Reward: 24 Claim(s) (USD): $8.91 ($8.906465608097188)

Next Claim Reward: 25 Claim(s) (WEI): 0.0030456210289097 WETH (3045621028909700 wei)
Next Claim Reward: 25 Claim(s) (USD): $9.28 ($9.277568341767905)

Net profit = (Gross Profit - Gas Cost [Avg])
$8.5 = ($9.28 - $0.77) $8.502722026462186 = ($9.277568341767905 - $0.7748463153057193)


5b. 26 Claim(s):

Total gas cost: 26 Claim(s) (USD): $0.81 ($0.8060539830217107)

Claim Reward: 25 Claim(s) (WEI): 0.0030456210289097 WETH (3045621028909700 wei)
Claim Reward: 25 Claim(s) (USD): $9.28 ($9.277568341767905)

Next Claim Reward: 26 Claim(s) (WEI): 0.003167445870066088 WETH (3167445870066088 wei)
Next Claim Reward: 26 Claim(s) (USD): $9.65 ($9.648671075438621)

Net profit = (Gross Profit - Gas Cost [Avg])
$8.84 = ($9.65 - $0.81) $8.84261709241691 = ($9.648671075438621 - $0.8060539830217107)


5b. 27 Claim(s):

Total gas cost: 27 Claim(s) (USD): $0.84 ($0.8372616507377021)

Claim Reward: 26 Claim(s) (WEI): 0.003167445870066088 WETH (3167445870066088 wei)
Claim Reward: 26 Claim(s) (USD): $9.65 ($9.648671075438621)

Next Claim Reward: 27 Claim(s) (WEI): 0.003289270711222476 WETH (3289270711222476 wei)
Next Claim Reward: 27 Claim(s) (USD): $10.02 ($10.019773809109337)

Net profit = (Gross Profit - Gas Cost [Avg])
$9.18 = ($10.02 - $0.84) $9.182512158371635 = ($10.019773809109337 - $0.8372616507377021)


5b. 28 Claim(s):

Total gas cost: 28 Claim(s) (USD): $0.87 ($0.8684693184536935)

Claim Reward: 27 Claim(s) (WEI): 0.003289270711222476 WETH (3289270711222476 wei)
Claim Reward: 27 Claim(s) (USD): $10.02 ($10.019773809109337)

Next Claim Reward: 28 Claim(s) (WEI): 0.003411095552378864 WETH (3411095552378864 wei)
Next Claim Reward: 28 Claim(s) (USD): $10.39 ($10.390876542780052)

Net profit = (Gross Profit - Gas Cost [Avg])
$9.52 = ($10.39 - $0.87) $9.52240722432636 = ($10.390876542780052 - $0.8684693184536935)


5b. 29 Claim(s):

Total gas cost: 29 Claim(s) (USD): $0.9 ($0.899676986169685)

Claim Reward: 28 Claim(s) (WEI): 0.003411095552378864 WETH (3411095552378864 wei)
Claim Reward: 28 Claim(s) (USD): $10.39 ($10.390876542780052)

Next Claim Reward: 29 Claim(s) (WEI): 0.003532920393535252 WETH (3532920393535252 wei)
Next Claim Reward: 29 Claim(s) (USD): $10.76 ($10.76197927645077)

Net profit = (Gross Profit - Gas Cost [Avg])
$9.86 = ($10.76 - $0.9) $9.862302290281086 = ($10.76197927645077 - $0.899676986169685)


5b. 30 Claim(s):

Total gas cost: 30 Claim(s) (USD): $0.93 ($0.9308846538856763)

Claim Reward: 29 Claim(s) (WEI): 0.003532920393535252 WETH (3532920393535252 wei)
Claim Reward: 29 Claim(s) (USD): $10.76 ($10.76197927645077)

Next Claim Reward: 30 Claim(s) (WEI): 0.00365474523469164 WETH (3654745234691640 wei)
Next Claim Reward: 30 Claim(s) (USD): $11.13 ($11.133082010121486)

Net profit = (Gross Profit - Gas Cost [Avg])
$10.2 = ($11.13 - $0.93) $10.202197356235809 = ($11.133082010121486 - $0.9308846538856763)

******************
5c. Profit/Loss (USD):

Net profit = (Gross Profit - Gas Cost [Max])
$9.83 = ($10.76 - $0.93) $9.831094622565093 = ($10.76197927645077 - $0.9308846538856763)

Submitting transaction to claim 29 prize(s):

0x7fad91a4a29109303188d8758f1a9d60ce988349-0x94c05b5F0296cC057dcdb3942639Db52B7c8eF34-4-113
0x7fad91a4a29109303188d8758f1a9d60ce988349-0x60936DB5cebE8032161823fBca2A8Cf88dab0165-4-97
0x7fad91a4a29109303188d8758f1a9d60ce988349-0x39763371E8CE3f4eCA1bc7E932B79c34D9e070dd-4-32
0x7fad91a4a29109303188d8758f1a9d60ce988349-0x2dDc86f807B9F776bDf564261383A25D0b35423e-4-158
0x7fad91a4a29109303188d8758f1a9d60ce988349-0x4198654c46A97cAadB061D8Ef8d03bF03b6c716A-4-242
0x7fad91a4a29109303188d8758f1a9d60ce988349-0xb1F22E58E383AAeb9D248317a0E0C54501F994cD-4-162
0x7fad91a4a29109303188d8758f1a9d60ce988349-0xD7FEC305A59d3496b91c72743ebf3B627665Fb56-4-244
0x7fad91a4a29109303188d8758f1a9d60ce988349-0x8fde1525e3E755252923C8741c5D67454AE8A3a6-4-23
0x7fad91a4a29109303188d8758f1a9d60ce988349-0xba33bDcAC4eC85e046aE5371e6C79564dB1c891d-4-27
0x7fad91a4a29109303188d8758f1a9d60ce988349-0x6B4C3348008BeAeA74d2430857AE75b1f8CF07f9-4-195
0x7fad91a4a29109303188d8758f1a9d60ce988349-0x22f0175F2b38D74d82954863A01f2b1969457548-4-21
0x7fad91a4a29109303188d8758f1a9d60ce988349-0x17866287B4B4e908DB374014085fA2feE8481862-4-3
0x7fad91a4a29109303188d8758f1a9d60ce988349-0xbcf4208eF1A0138cEa7BC8A688fdCAA6A21b488F-4-198
0x7fad91a4a29109303188d8758f1a9d60ce988349-0xe84Acc232c4a407a4db0180Efe30FA2827aD36C0-4-146
0x7fad91a4a29109303188d8758f1a9d60ce988349-0x72bbf8e5FFd1c64cD82C5ABE1B51a588b54723E1-4-210
0x7fad91a4a29109303188d8758f1a9d60ce988349-0x803AE7712FDecaD144c95aaCBa5Faa2dfd2cdCAB-4-135
0x7fad91a4a29109303188d8758f1a9d60ce988349-0xFebe6F7622D51d61162A41Af719089AAcF0E5c2d-4-91
0x7fad91a4a29109303188d8758f1a9d60ce988349-0xf4085547962E6BE04D9A766Ddb160b79f626Ff11-4-245
0x7fad91a4a29109303188d8758f1a9d60ce988349-0x45B4B7eF801AA4c0241f6CD337a5948EBCD594E3-4-255
0x7fad91a4a29109303188d8758f1a9d60ce988349-0x68F6751C5eDCF8Fc3E9BC1639b1745ab0cc0A10D-4-215
0x7fad91a4a29109303188d8758f1a9d60ce988349-0xB6442f9FCCb5c7c6B14A735d09D050E24669E42a-4-27
0x7fad91a4a29109303188d8758f1a9d60ce988349-0xB6442f9FCCb5c7c6B14A735d09D050E24669E42a-4-85
0x7fad91a4a29109303188d8758f1a9d60ce988349-0x31620D04b2DCA253f3c8DA4b51b3235827b8C079-4-34
0x7fad91a4a29109303188d8758f1a9d60ce988349-0xEeF69C0068f21D695f7847CA606b9187Ce2Ab50A-4-107
0x7fad91a4a29109303188d8758f1a9d60ce988349-0x3aA71a7A1bEFC16172c97d10E9D9158040B4b1a3-4-230
0x7fad91a4a29109303188d8758f1a9d60ce988349-0x7D2833100635396e54c394382a5B6542A15c68b9-4-32
0x7fad91a4a29109303188d8758f1a9d60ce988349-0xa27c00dc13E84564B2d407405B28e71001967Cd6-4-148
0x7fad91a4a29109303188d8758f1a9d60ce988349-0xB0788C957bC995dcDB6B26b41c7a360785fa9855-4-121
0x7fad91a4a29109303188d8758f1a9d60ce988349-0xB0788C957bC995dcDB6B26b41c7a360785fa9855-4-234



Execute Claim Transaction for Tier #4



Transaction sent! ✔
Transaction hash: 0x9a7c9c105c199a9a3f3b920aca29faa6fc42b7eaed9aa67dcb7408a5f5b73ddf
Waiting on transaction to be confirmed ...
Tx confirmed !




******************
Processing:
Vault:     0x33335296c9b020ca3252e4953c11decfdce816b8
Tier:      #5 (Canary tier)
# prizes:  366

5a. Calculating # of profitable claims ...

Native (Gas) Token ETH Market Rate (USD): $3048.24

Estimated gas limit (wei) (1 prize claim): 0.000000000000194366 ETH (194366 wei)
Estimated gas limit (wei) (2 prize claims): 0.000000000000282006 ETH (282006 wei)

Gas Cost: First Claim (wei): 0.000000000000194366 ETH (194366 wei)
Gas Cost: Each Following Claim (wei): 0.00000000000008764 ETH (87640 wei)

Gas Cost: First Claim (USD): $0.02 $0.02482736690488587
Gas Cost: Each Following Claim (USD): $0.03 $0.0300161207779057

5b. 1 Claim(s):

Total gas cost: 1 Claim(s) (USD): $0.02 ($0.02482736690488587)

Next Claim Reward: 1 Claim(s) (WEI): 0.000012182484115638 WETH (12182484115638 wei)
Next Claim Reward: 1 Claim(s) (USD): $0.04 ($0.03711027336706919)

Net profit = (Gross Profit - Gas Cost [Avg])
$0.01 = ($0.04 - $0.02) $0.012282906462183316 = ($0.03711027336706919 - $0.02482736690488587)

******************
5c. Profit/Loss (USD):

Net profit = (Gross Profit - Gas Cost [Max])
$-0.02 = ($0 - $0.02) $-0.02482736690488587 = ($0 - $0.02482736690488587)

Claiming tier #5 (Canary tier) currently not profitable.
Not profitable to claim for Draw #20, Tier: #5 (Canary tier)




******************
Processing:
Vault:     0x75b2f4b3ec5adf7077f928992524cc547e74f768
Tier:      #5 (Canary tier)
# prizes:  33

Tier #5 (Canary tier) not profitable, skipping ...





******************
Processing:
Vault:     0x7fad91a4a29109303188d8758f1a9d60ce988349
Tier:      #5 (Canary tier)
# prizes:  560

Tier #5 (Canary tier) not profitable, skipping ...





******************
Processing:
Vault:     0x33335296c9b020ca3252e4953c11decfdce816b8
Tier:      #6 (Canary tier)
# prizes:  1501

Tier #6 (Canary tier) not profitable, skipping ...





******************
Processing:
Vault:     0x75b2f4b3ec5adf7077f928992524cc547e74f768
Tier:      #6 (Canary tier)
# prizes:  269

Tier #6 (Canary tier) not profitable, skipping ...





******************
Processing:
Vault:     0x7fad91a4a29109303188d8758f1a9d60ce988349
Tier:      #6 (Canary tier)
# prizes:  2247

Tier #6 (Canary tier) not profitable, skipping ...

