Operating on: 11155420 - Optimism Sepolia

Config - REWARD_RECIPIENT not provided, setting swap recipient to relayer address: 0x06003274c3a7926c04cA8d6903cc691fE8f3CEC2
Config - MIN_PROFIT_THRESHOLD_USD: -0.1

Starting ...
Getting prize pool info ...
Getting prize context ...

******************
1. Prize token: WETH

┌────────────┬──────────────────────────────────────────────┬──────────┬─────────────────┬────────┬──────────────┐
│ (index)    │ address                                      │ decimals │ name            │ symbol │ assetRateUsd │
├────────────┼──────────────────────────────────────────────┼──────────┼─────────────────┼────────┼──────────────┤
│ prizeToken │ '0xC355F97a3Aa2808Acb536E555764b8FB26fB4b37' │ 18       │ 'Wrapped Ether' │ 'WETH' │ 3007.443     │
└────────────┴──────────────────────────────────────────────┴──────────┴─────────────────┴────────┴──────────────┘
┌─────────┬──────────┬───────────────────────────────┐
│ (index) │ numTiers │ tiersRangeArray               │
├─────────┼──────────┼───────────────────────────────┤
│ tiers   │ 6        │ [ 0, 1, 2, ... 3 more items ] │
└─────────┴──────────┴───────────────────────────────┘
Draw ID: 5
Prize Token WETH MarketRate USD:  $3007.443

******************
Getting prize vaults ...
Found 6 prize vaults.

198 prizes already claimed for draw #5.
1128 prizes remaining to be claimed...




******************
Processing:
Vault:     0x33335296c9b020ca3252e4953c11decfdce816b8
Tier:      #4 (Canary tier)
# prizes:  99

5a. Calculating # of profitable claims ...

Native (Gas) Token ETH Market Rate (USD): $2930.86

Estimated gas limit (wei) (1 prize claim): 0.000000000000181032 ETH (181032 wei)
Estimated gas limit (wei) (2 prize claims): 0.000000000000263413 ETH (263413 wei)

Gas Cost: First Claim (wei): 0.000000000000181032 ETH (181032 wei)
Gas Cost: Each Following Claim (wei): 0.000000000000082381 ETH (82381 wei)

Gas Cost: First Claim (USD): $0.02 $0.01620234065720685
Gas Cost: Each Following Claim (USD): $0.02 $0.01949113267296997

5b. 1 Claim(s):

Total gas cost: 1 Claim(s) (USD): $0.02 ($0.01620234065720685)

Next Claim Reward: 1 Claim(s) (WEI): 0.000020778170984667 WETH (20778170984667 wei)
Next Claim Reward: 1 Claim(s) (USD): $0.06 ($0.06248916488063988)

Net profit = (Gross Profit - Gas Cost [Avg])
$0.05 = ($0.06 - $0.02) $0.046286824223433026 = ($0.06248916488063988 - $0.01620234065720685)


5b. 2 Claim(s):

Total gas cost: 2 Claim(s) (USD): $0.04 ($0.03569347333017682)

Claim Reward: 1 Claim(s) (WEI): 0.000020778170984667 WETH (20778170984667 wei)
Claim Reward: 1 Claim(s) (USD): $0.06 ($0.06248916488063988)

Next Claim Reward: 2 Claim(s) (WEI): 0.000041556341969334 WETH (41556341969334 wei)
Next Claim Reward: 2 Claim(s) (USD): $0.12 ($0.12497832976127976)

Net profit = (Gross Profit - Gas Cost [Avg])
$0.09 = ($0.12 - $0.04) $0.08928485643110294 = ($0.12497832976127976 - $0.03569347333017682)


5b. 3 Claim(s):

Total gas cost: 3 Claim(s) (USD): $0.06 ($0.055184606003146786)

Claim Reward: 2 Claim(s) (WEI): 0.000041556341969334 WETH (41556341969334 wei)
Claim Reward: 2 Claim(s) (USD): $0.12 ($0.12497832976127976)

Next Claim Reward: 3 Claim(s) (WEI): 0.000062334512954001 WETH (62334512954001 wei)
Next Claim Reward: 3 Claim(s) (USD): $0.19 ($0.18746749464191964)

Net profit = (Gross Profit - Gas Cost [Avg])
$0.13 = ($0.19 - $0.06) $0.13228288863877286 = ($0.18746749464191964 - $0.055184606003146786)


5b. 4 Claim(s):

Total gas cost: 4 Claim(s) (USD): $0.07 ($0.07467573867611677)

Claim Reward: 3 Claim(s) (WEI): 0.000062334512954001 WETH (62334512954001 wei)
Claim Reward: 3 Claim(s) (USD): $0.19 ($0.18746749464191964)

Next Claim Reward: 4 Claim(s) (WEI): 0.000083112683938668 WETH (83112683938668 wei)
Next Claim Reward: 4 Claim(s) (USD): $0.25 ($0.24995665952255952)

Net profit = (Gross Profit - Gas Cost [Avg])
$0.18 = ($0.25 - $0.07) $0.17528092084644276 = ($0.24995665952255952 - $0.07467573867611677)


5b. 5 Claim(s):

Total gas cost: 5 Claim(s) (USD): $0.09 ($0.09416687134908673)

Claim Reward: 4 Claim(s) (WEI): 0.000083112683938668 WETH (83112683938668 wei)
Claim Reward: 4 Claim(s) (USD): $0.25 ($0.24995665952255952)

Next Claim Reward: 5 Claim(s) (WEI): 0.000103890854923335 WETH (103890854923335 wei)
Next Claim Reward: 5 Claim(s) (USD): $0.31 ($0.3124458244031994)

Net profit = (Gross Profit - Gas Cost [Avg])
$0.22 = ($0.31 - $0.09) $0.21827895305411266 = ($0.3124458244031994 - $0.09416687134908673)


5b. 6 Claim(s):

Total gas cost: 6 Claim(s) (USD): $0.11 ($0.1136580040220567)

Claim Reward: 5 Claim(s) (WEI): 0.000103890854923335 WETH (103890854923335 wei)
Claim Reward: 5 Claim(s) (USD): $0.31 ($0.3124458244031994)

Next Claim Reward: 6 Claim(s) (WEI): 0.000124669025908002 WETH (124669025908002 wei)
Next Claim Reward: 6 Claim(s) (USD): $0.37 ($0.3749349892838393)

Net profit = (Gross Profit - Gas Cost [Avg])
$0.26 = ($0.37 - $0.11) $0.26127698526178256 = ($0.3749349892838393 - $0.1136580040220567)


5b. 7 Claim(s):

Total gas cost: 7 Claim(s) (USD): $0.13 ($0.13314913669502668)

Claim Reward: 6 Claim(s) (WEI): 0.000124669025908002 WETH (124669025908002 wei)
Claim Reward: 6 Claim(s) (USD): $0.37 ($0.3749349892838393)

Next Claim Reward: 7 Claim(s) (WEI): 0.000145447196892669 WETH (145447196892669 wei)
Next Claim Reward: 7 Claim(s) (USD): $0.44 ($0.43742415416447916)

Net profit = (Gross Profit - Gas Cost [Avg])
$0.3 = ($0.44 - $0.13) $0.3042750174694525 = ($0.43742415416447916 - $0.13314913669502668)


5b. 8 Claim(s):

Total gas cost: 8 Claim(s) (USD): $0.15 ($0.15264026936799663)

Claim Reward: 7 Claim(s) (WEI): 0.000145447196892669 WETH (145447196892669 wei)
Claim Reward: 7 Claim(s) (USD): $0.44 ($0.43742415416447916)

Next Claim Reward: 8 Claim(s) (WEI): 0.000166225367877336 WETH (166225367877336 wei)
Next Claim Reward: 8 Claim(s) (USD): $0.5 ($0.49991331904511904)

Net profit = (Gross Profit - Gas Cost [Avg])
$0.35 = ($0.5 - $0.15) $0.3472730496771224 = ($0.49991331904511904 - $0.15264026936799663)


5b. 9 Claim(s):

Total gas cost: 9 Claim(s) (USD): $0.17 ($0.1721314020409666)

Claim Reward: 8 Claim(s) (WEI): 0.000166225367877336 WETH (166225367877336 wei)
Claim Reward: 8 Claim(s) (USD): $0.5 ($0.49991331904511904)

Next Claim Reward: 9 Claim(s) (WEI): 0.000187003538862003 WETH (187003538862003 wei)
Next Claim Reward: 9 Claim(s) (USD): $0.56 ($0.5624024839257589)

Net profit = (Gross Profit - Gas Cost [Avg])
$0.39 = ($0.56 - $0.17) $0.39027108188479226 = ($0.5624024839257589 - $0.1721314020409666)


5b. 10 Claim(s):

Total gas cost: 10 Claim(s) (USD): $0.19 ($0.1916225347139366)

Claim Reward: 9 Claim(s) (WEI): 0.000187003538862003 WETH (187003538862003 wei)
Claim Reward: 9 Claim(s) (USD): $0.56 ($0.5624024839257589)

Next Claim Reward: 10 Claim(s) (WEI): 0.00020778170984667 WETH (207781709846670 wei)
Next Claim Reward: 10 Claim(s) (USD): $0.62 ($0.6248916488063988)

Net profit = (Gross Profit - Gas Cost [Avg])
$0.43 = ($0.62 - $0.19) $0.4332691140924622 = ($0.6248916488063988 - $0.1916225347139366)


5b. 11 Claim(s):

Total gas cost: 11 Claim(s) (USD): $0.21 ($0.21111366738690654)

Claim Reward: 10 Claim(s) (WEI): 0.00020778170984667 WETH (207781709846670 wei)
Claim Reward: 10 Claim(s) (USD): $0.62 ($0.6248916488063988)

Next Claim Reward: 11 Claim(s) (WEI): 0.000228559880831337 WETH (228559880831337 wei)
Next Claim Reward: 11 Claim(s) (USD): $0.69 ($0.6873808136870386)

Net profit = (Gross Profit - Gas Cost [Avg])
$0.48 = ($0.69 - $0.21) $0.4762671463001321 = ($0.6873808136870386 - $0.21111366738690654)


5b. 12 Claim(s):

Total gas cost: 12 Claim(s) (USD): $0.23 ($0.23060480005987652)

Claim Reward: 11 Claim(s) (WEI): 0.000228559880831337 WETH (228559880831337 wei)
Claim Reward: 11 Claim(s) (USD): $0.69 ($0.6873808136870386)

Next Claim Reward: 12 Claim(s) (WEI): 0.000249338051816004 WETH (249338051816004 wei)
Next Claim Reward: 12 Claim(s) (USD): $0.75 ($0.7498699785676786)

Net profit = (Gross Profit - Gas Cost [Avg])
$0.52 = ($0.75 - $0.23) $0.5192651785078021 = ($0.7498699785676786 - $0.23060480005987652)


5b. 13 Claim(s):

Total gas cost: 13 Claim(s) (USD): $0.25 ($0.25009593273284647)

Claim Reward: 12 Claim(s) (WEI): 0.000249338051816004 WETH (249338051816004 wei)
Claim Reward: 12 Claim(s) (USD): $0.75 ($0.7498699785676786)

Next Claim Reward: 13 Claim(s) (WEI): 0.000270116222800671 WETH (270116222800671 wei)
Next Claim Reward: 13 Claim(s) (USD): $0.81 ($0.8123591434483185)

Net profit = (Gross Profit - Gas Cost [Avg])
$0.56 = ($0.81 - $0.25) $0.562263210715472 = ($0.8123591434483185 - $0.25009593273284647)


5b. 14 Claim(s):

Total gas cost: 14 Claim(s) (USD): $0.27 ($0.26958706540581645)

Claim Reward: 13 Claim(s) (WEI): 0.000270116222800671 WETH (270116222800671 wei)
Claim Reward: 13 Claim(s) (USD): $0.81 ($0.8123591434483185)

Next Claim Reward: 14 Claim(s) (WEI): 0.000290894393785338 WETH (290894393785338 wei)
Next Claim Reward: 14 Claim(s) (USD): $0.87 ($0.8748483083289583)

Net profit = (Gross Profit - Gas Cost [Avg])
$0.61 = ($0.87 - $0.27) $0.6052612429231419 = ($0.8748483083289583 - $0.26958706540581645)


5b. 15 Claim(s):

Total gas cost: 15 Claim(s) (USD): $0.29 ($0.2890781980787864)

Claim Reward: 14 Claim(s) (WEI): 0.000290894393785338 WETH (290894393785338 wei)
Claim Reward: 14 Claim(s) (USD): $0.87 ($0.8748483083289583)

Next Claim Reward: 15 Claim(s) (WEI): 0.000311672564770005 WETH (311672564770005 wei)
Next Claim Reward: 15 Claim(s) (USD): $0.94 ($0.9373374732095981)

Net profit = (Gross Profit - Gas Cost [Avg])
$0.65 = ($0.94 - $0.29) $0.6482592751308118 = ($0.9373374732095981 - $0.2890781980787864)


5b. 16 Claim(s):

Total gas cost: 16 Claim(s) (USD): $0.31 ($0.30856933075175635)

Claim Reward: 15 Claim(s) (WEI): 0.000311672564770005 WETH (311672564770005 wei)
Claim Reward: 15 Claim(s) (USD): $0.94 ($0.9373374732095981)

Next Claim Reward: 16 Claim(s) (WEI): 0.000332450735754672 WETH (332450735754672 wei)
Next Claim Reward: 16 Claim(s) (USD): $1 ($0.9998266380902381)

Net profit = (Gross Profit - Gas Cost [Avg])
$0.69 = ($1 - $0.31) $0.6912573073384818 = ($0.9998266380902381 - $0.30856933075175635)


5b. 17 Claim(s):

Total gas cost: 17 Claim(s) (USD): $0.33 ($0.32806046342472633)

Claim Reward: 16 Claim(s) (WEI): 0.000332450735754672 WETH (332450735754672 wei)
Claim Reward: 16 Claim(s) (USD): $1 ($0.9998266380902381)

Next Claim Reward: 17 Claim(s) (WEI): 0.000353228906739339 WETH (353228906739339 wei)
Next Claim Reward: 17 Claim(s) (USD): $1.06 ($1.0623158029708781)

Net profit = (Gross Profit - Gas Cost [Avg])
$0.73 = ($1.06 - $0.33) $0.7342553395461517 = ($1.0623158029708781 - $0.32806046342472633)


5b. 18 Claim(s):

Total gas cost: 18 Claim(s) (USD): $0.35 ($0.3475515960976963)

Claim Reward: 17 Claim(s) (WEI): 0.000353228906739339 WETH (353228906739339 wei)
Claim Reward: 17 Claim(s) (USD): $1.06 ($1.0623158029708781)

Next Claim Reward: 18 Claim(s) (WEI): 0.000374007077724006 WETH (374007077724006 wei)
Next Claim Reward: 18 Claim(s) (USD): $1.12 ($1.1248049678515177)

Net profit = (Gross Profit - Gas Cost [Avg])
$0.78 = ($1.12 - $0.35) $0.7772533717538215 = ($1.1248049678515177 - $0.3475515960976963)


5b. 19 Claim(s):

Total gas cost: 19 Claim(s) (USD): $0.37 ($0.3670427287706663)

Claim Reward: 18 Claim(s) (WEI): 0.000374007077724006 WETH (374007077724006 wei)
Claim Reward: 18 Claim(s) (USD): $1.12 ($1.1248049678515177)

Next Claim Reward: 19 Claim(s) (WEI): 0.000394785248708673 WETH (394785248708673 wei)
Next Claim Reward: 19 Claim(s) (USD): $1.19 ($1.1872941327321578)

Net profit = (Gross Profit - Gas Cost [Avg])
$0.82 = ($1.19 - $0.37) $0.8202514039614914 = ($1.1872941327321578 - $0.3670427287706663)


5b. 20 Claim(s):

Total gas cost: 20 Claim(s) (USD): $0.39 ($0.3865338614436362)

Claim Reward: 19 Claim(s) (WEI): 0.000394785248708673 WETH (394785248708673 wei)
Claim Reward: 19 Claim(s) (USD): $1.19 ($1.1872941327321578)

Next Claim Reward: 20 Claim(s) (WEI): 0.00041556341969334 WETH (415563419693340 wei)
Next Claim Reward: 20 Claim(s) (USD): $1.25 ($1.2497832976127976)

Net profit = (Gross Profit - Gas Cost [Avg])
$0.86 = ($1.25 - $0.39) $0.8632494361691614 = ($1.2497832976127976 - $0.3865338614436362)


5b. 21 Claim(s):

Total gas cost: 21 Claim(s) (USD): $0.41 ($0.4060249941166062)

Claim Reward: 20 Claim(s) (WEI): 0.00041556341969334 WETH (415563419693340 wei)
Claim Reward: 20 Claim(s) (USD): $1.25 ($1.2497832976127976)

Next Claim Reward: 21 Claim(s) (WEI): 0.000436341590678007 WETH (436341590678007 wei)
Next Claim Reward: 21 Claim(s) (USD): $1.31 ($1.3122724624934377)

Net profit = (Gross Profit - Gas Cost [Avg])
$0.91 = ($1.31 - $0.41) $0.9062474683768315 = ($1.3122724624934377 - $0.4060249941166062)


5b. 22 Claim(s):

Total gas cost: 22 Claim(s) (USD): $0.43 ($0.4255161267895762)

Claim Reward: 21 Claim(s) (WEI): 0.000436341590678007 WETH (436341590678007 wei)
Claim Reward: 21 Claim(s) (USD): $1.31 ($1.3122724624934377)

Next Claim Reward: 22 Claim(s) (WEI): 0.000457119761662674 WETH (457119761662674 wei)
Next Claim Reward: 22 Claim(s) (USD): $1.37 ($1.3747616273740773)

Net profit = (Gross Profit - Gas Cost [Avg])
$0.95 = ($1.37 - $0.43) $0.9492455005845011 = ($1.3747616273740773 - $0.4255161267895762)


5b. 23 Claim(s):

Total gas cost: 23 Claim(s) (USD): $0.45 ($0.44500725946254616)

Claim Reward: 22 Claim(s) (WEI): 0.000457119761662674 WETH (457119761662674 wei)
Claim Reward: 22 Claim(s) (USD): $1.37 ($1.3747616273740773)

Next Claim Reward: 23 Claim(s) (WEI): 0.000477897932647341 WETH (477897932647341 wei)
Next Claim Reward: 23 Claim(s) (USD): $1.44 ($1.4372507922547173)

Net profit = (Gross Profit - Gas Cost [Avg])
$0.99 = ($1.44 - $0.45) $0.9922435327921711 = ($1.4372507922547173 - $0.44500725946254616)


5b. 24 Claim(s):

Total gas cost: 24 Claim(s) (USD): $0.46 ($0.46449839213551614)

Claim Reward: 23 Claim(s) (WEI): 0.000477897932647341 WETH (477897932647341 wei)
Claim Reward: 23 Claim(s) (USD): $1.44 ($1.4372507922547173)

Next Claim Reward: 24 Claim(s) (WEI): 0.000498676103632008 WETH (498676103632008 wei)
Next Claim Reward: 24 Claim(s) (USD): $1.5 ($1.4997399571353571)

Net profit = (Gross Profit - Gas Cost [Avg])
$1.04 = ($1.5 - $0.46) $1.035241564999841 = ($1.4997399571353571 - $0.46449839213551614)


5b. 25 Claim(s):

Total gas cost: 25 Claim(s) (USD): $0.48 ($0.4839895248084861)

Claim Reward: 24 Claim(s) (WEI): 0.000498676103632008 WETH (498676103632008 wei)
Claim Reward: 24 Claim(s) (USD): $1.5 ($1.4997399571353571)

Next Claim Reward: 25 Claim(s) (WEI): 0.000519454274616675 WETH (519454274616675 wei)
Next Claim Reward: 25 Claim(s) (USD): $1.56 ($1.5622291220159972)

Net profit = (Gross Profit - Gas Cost [Avg])
$1.08 = ($1.56 - $0.48) $1.078239597207511 = ($1.5622291220159972 - $0.4839895248084861)


5b. 26 Claim(s):

Total gas cost: 26 Claim(s) (USD): $0.5 ($0.5034806574814561)

Claim Reward: 25 Claim(s) (WEI): 0.000519454274616675 WETH (519454274616675 wei)
Claim Reward: 25 Claim(s) (USD): $1.56 ($1.5622291220159972)

Next Claim Reward: 26 Claim(s) (WEI): 0.000540232445601342 WETH (540232445601342 wei)
Next Claim Reward: 26 Claim(s) (USD): $1.62 ($1.624718286896637)

Net profit = (Gross Profit - Gas Cost [Avg])
$1.12 = ($1.62 - $0.5) $1.121237629415181 = ($1.624718286896637 - $0.5034806574814561)


5b. 27 Claim(s):

Total gas cost: 27 Claim(s) (USD): $0.52 ($0.5229717901544261)

Claim Reward: 26 Claim(s) (WEI): 0.000540232445601342 WETH (540232445601342 wei)
Claim Reward: 26 Claim(s) (USD): $1.62 ($1.624718286896637)

Next Claim Reward: 27 Claim(s) (WEI): 0.000561010616586009 WETH (561010616586009 wei)
Next Claim Reward: 27 Claim(s) (USD): $1.69 ($1.687207451777277)

Net profit = (Gross Profit - Gas Cost [Avg])
$1.16 = ($1.69 - $0.52) $1.1642356616228509 = ($1.687207451777277 - $0.5229717901544261)


5b. 28 Claim(s):

Total gas cost: 28 Claim(s) (USD): $0.54 ($0.5424629228273959)

Claim Reward: 27 Claim(s) (WEI): 0.000561010616586009 WETH (561010616586009 wei)
Claim Reward: 27 Claim(s) (USD): $1.69 ($1.687207451777277)

Next Claim Reward: 28 Claim(s) (WEI): 0.000581788787570676 WETH (581788787570676 wei)
Next Claim Reward: 28 Claim(s) (USD): $1.75 ($1.7496966166579166)

Net profit = (Gross Profit - Gas Cost [Avg])
$1.21 = ($1.75 - $0.54) $1.2072336938305206 = ($1.7496966166579166 - $0.5424629228273959)


5b. 29 Claim(s):

Total gas cost: 29 Claim(s) (USD): $0.56 ($0.5619540555003659)

Claim Reward: 28 Claim(s) (WEI): 0.000581788787570676 WETH (581788787570676 wei)
Claim Reward: 28 Claim(s) (USD): $1.75 ($1.7496966166579166)

Next Claim Reward: 29 Claim(s) (WEI): 0.000602566958555343 WETH (602566958555343 wei)
Next Claim Reward: 29 Claim(s) (USD): $1.81 ($1.8121857815385565)

Net profit = (Gross Profit - Gas Cost [Avg])
$1.25 = ($1.81 - $0.56) $1.2502317260381905 = ($1.8121857815385565 - $0.5619540555003659)


5b. 30 Claim(s):

Total gas cost: 30 Claim(s) (USD): $0.58 ($0.5814451881733359)

Claim Reward: 29 Claim(s) (WEI): 0.000602566958555343 WETH (602566958555343 wei)
Claim Reward: 29 Claim(s) (USD): $1.81 ($1.8121857815385565)

Next Claim Reward: 30 Claim(s) (WEI): 0.00062334512954001 WETH (623345129540010 wei)
Next Claim Reward: 30 Claim(s) (USD): $1.87 ($1.8746749464191963)

Net profit = (Gross Profit - Gas Cost [Avg])
$1.29 = ($1.87 - $0.58) $1.2932297582458605 = ($1.8746749464191963 - $0.5814451881733359)

******************
5c. Profit/Loss (USD):

Net profit = (Gross Profit - Gas Cost [Max])
$1.23 = ($1.81 - $0.58) $1.2307405933652205 = ($1.8121857815385565 - $0.5814451881733359)

Submitting transaction to claim 29 prize(s):

0x33335296c9b020ca3252e4953c11decfdce816b8-0x54c902A277b03Ba09490970707978c5b87dCd96E-4-31
0x33335296c9b020ca3252e4953c11decfdce816b8-0x0B347ED6a6CcD39D574D0935F0e4075e4199c316-4-105
0x33335296c9b020ca3252e4953c11decfdce816b8-0x9bA43f54De24C05f843420d170954A1311D8cB14-4-148
0x33335296c9b020ca3252e4953c11decfdce816b8-0x64EBE8c71E93F09bcce890DDeF0A734e40DD80d3-4-151
0x33335296c9b020ca3252e4953c11decfdce816b8-0xa2B6b5f216094c0cCdAF2944A9130BF819c80E5a-4-155
0x33335296c9b020ca3252e4953c11decfdce816b8-0x9ED8cb2aa333f2066671d60B68a595822750a45A-4-22
0x33335296c9b020ca3252e4953c11decfdce816b8-0x9ED8cb2aa333f2066671d60B68a595822750a45A-4-215
0x33335296c9b020ca3252e4953c11decfdce816b8-0x9ad6Cbf9c719C3bAF564b9fD5Ff399485C27d433-4-215
0x33335296c9b020ca3252e4953c11decfdce816b8-0xcE034f5187A13dAA3D9e258e502688c37cAa2591-4-222
0x33335296c9b020ca3252e4953c11decfdce816b8-0xA84De351BbdBB080cA411c912EC02c590721243A-4-44
0x33335296c9b020ca3252e4953c11decfdce816b8-0x86AB2437478A101F2C65f1abeD350f8B495e7d01-4-200
0x33335296c9b020ca3252e4953c11decfdce816b8-0x1Bc24cc357bddEB77cCA1355B5A9f159c1c21F59-4-45
0x33335296c9b020ca3252e4953c11decfdce816b8-0x4E2C4c6b2B2287cDCa67d24Dec93F40EEFD54bBe-4-153
0x33335296c9b020ca3252e4953c11decfdce816b8-0xC1135f980EE11E8eEd595D3e7df1b4350767e5d8-4-204
0x33335296c9b020ca3252e4953c11decfdce816b8-0x4DFb8217AA8649f1aD600210784C2130c5E5273c-4-75
0x33335296c9b020ca3252e4953c11decfdce816b8-0x4DFb8217AA8649f1aD600210784C2130c5E5273c-4-239
0x33335296c9b020ca3252e4953c11decfdce816b8-0x298B60F3388CBdb17937D51554773B480C2D2bA2-4-20
0x33335296c9b020ca3252e4953c11decfdce816b8-0x781DD0d1c4075812B860c3bdc2657BF7dB5477aD-4-200
0x33335296c9b020ca3252e4953c11decfdce816b8-0xC23Edad03eD4eeC01b4F613349e50F247A3aFC6D-4-59
0x33335296c9b020ca3252e4953c11decfdce816b8-0x68b8acDac8f25ce6eEA2bfFAcCe17AE0d22426c4-4-255
0x33335296c9b020ca3252e4953c11decfdce816b8-0xddb2F8C03C985676A03a029EA89A866795FF50b2-4-102
0x33335296c9b020ca3252e4953c11decfdce816b8-0x6eEe0dE9FE18B0A05D6520466aAf0Fe41d1851C0-4-157
0x33335296c9b020ca3252e4953c11decfdce816b8-0x3caEF326ae68265DFD49A9465c5f419BBaC5c631-4-203
0x33335296c9b020ca3252e4953c11decfdce816b8-0xbB7F375f675d455C6AD174DbA69011A38203990d-4-12
0x33335296c9b020ca3252e4953c11decfdce816b8-0x82BBC9954D673B37b6dEF925F1D57a046777438F-4-90
0x33335296c9b020ca3252e4953c11decfdce816b8-0xDB661bcc16E247659174175aE2833c2eA558caB8-4-98
0x33335296c9b020ca3252e4953c11decfdce816b8-0x3f6093335F136fADF0ECdE6223224B841f2409a7-4-88
0x33335296c9b020ca3252e4953c11decfdce816b8-0x57512cB3079220868a615dD310dA6e51d1E744C6-4-166
0x33335296c9b020ca3252e4953c11decfdce816b8-0xc246a950371Ae6Ba92333f76399C5d8ab8a3F042-4-127



Execute Claim Transaction for Tier #4 (Canary tier)


