Operating on: 11155420 - Optimism Sepolia

Config - REWARD_RECIPIENT not provided, setting swap recipient to relayer address: 0x06003274c3a7926c04cA8d6903cc691fE8f3CEC2
Config - MIN_PROFIT_THRESHOLD_USD: 0.05

Starting ...
Getting prize pool info ...
Getting prize context ...

******************
1. Prize token: WETH

┌────────────┬──────────────────────────────────────────────┬──────────┬─────────────────┬────────┬──────────────┐
│ (index)    │ address                                      │ decimals │ name            │ symbol │ assetRateUsd │
├────────────┼──────────────────────────────────────────────┼──────────┼─────────────────┼────────┼──────────────┤
│ prizeToken │ '0xC355F97a3Aa2808Acb536E555764b8FB26fB4b37' │ 18       │ 'Wrapped Ether' │ 'WETH' │ 3105.0144    │
└────────────┴──────────────────────────────────────────────┴──────────┴─────────────────┴────────┴──────────────┘
┌─────────┬──────────┬───────────────────────────────┐
│ (index) │ numTiers │ tiersRangeArray               │
├─────────┼──────────┼───────────────────────────────┤
│ tiers   │ 6        │ [ 0, 1, 2, ... 3 more items ] │
└─────────┴──────────┴───────────────────────────────┘
Draw ID: 18
Prize Token WETH MarketRate USD:  $3105.0144

******************
Getting prize vaults ...
Found 6 prize vaults.

322 prizes already claimed for draw #18.
1025 prizes remaining to be claimed...




******************
Processing:
Vault:     0x33335296c9b020ca3252e4953c11decfdce816b8
Tier:      #4 (Canary tier)
# prizes:  35

5a. Calculating # of profitable claims ...

Native (Gas) Token ETH Market Rate (USD): $3098.58

Estimated gas limit (wei) (1 prize claim): 0.0000000000001924 ETH (192400 wei)
Estimated gas limit (wei) (2 prize claims): 0.000000000000280103 ETH (280103 wei)

Gas Cost: First Claim (wei): 0.0000000000001924 ETH (192400 wei)
Gas Cost: Each Following Claim (wei): 0.000000000000087703 ETH (87703 wei)

Gas Cost: First Claim (USD): $0.03 $0.02713573139623229
Gas Cost: Each Following Claim (USD): $0.03 $0.03287046463930203

5b. 1 Claim(s):

Total gas cost: 1 Claim(s) (USD): $0.03 ($0.02713573139623229)

Next Claim Reward: 1 Claim(s) (WEI): 0.000065041422449101 WETH (65041422449101 wei)
Next Claim Reward: 1 Claim(s) (USD): $0.2 ($0.20195455330094186)

Net profit = (Gross Profit - Gas Cost [Avg])
$0.17 = ($0.2 - $0.03) $0.17481882190470957 = ($0.20195455330094186 - $0.02713573139623229)


5b. 2 Claim(s):

Total gas cost: 2 Claim(s) (USD): $0.06 ($0.06000619603553432)

Claim Reward: 1 Claim(s) (WEI): 0.000065041422449101 WETH (65041422449101 wei)
Claim Reward: 1 Claim(s) (USD): $0.2 ($0.20195455330094186)

Next Claim Reward: 2 Claim(s) (WEI): 0.000130082844898202 WETH (130082844898202 wei)
Next Claim Reward: 2 Claim(s) (USD): $0.4 ($0.4039091066018837)

Net profit = (Gross Profit - Gas Cost [Avg])
$0.34 = ($0.4 - $0.06) $0.3439029105663494 = ($0.4039091066018837 - $0.06000619603553432)


5b. 3 Claim(s):

Total gas cost: 3 Claim(s) (USD): $0.09 ($0.09287666067483635)

Claim Reward: 2 Claim(s) (WEI): 0.000130082844898202 WETH (130082844898202 wei)
Claim Reward: 2 Claim(s) (USD): $0.4 ($0.4039091066018837)

Next Claim Reward: 3 Claim(s) (WEI): 0.000195124267347303 WETH (195124267347303 wei)
Next Claim Reward: 3 Claim(s) (USD): $0.61 ($0.6058636599028256)

Net profit = (Gross Profit - Gas Cost [Avg])
$0.51 = ($0.61 - $0.09) $0.5129869992279893 = ($0.6058636599028256 - $0.09287666067483635)


5b. 4 Claim(s):

Total gas cost: 4 Claim(s) (USD): $0.13 ($0.12574712531413837)

Claim Reward: 3 Claim(s) (WEI): 0.000195124267347303 WETH (195124267347303 wei)
Claim Reward: 3 Claim(s) (USD): $0.61 ($0.6058636599028256)

Next Claim Reward: 4 Claim(s) (WEI): 0.000260165689796404 WETH (260165689796404 wei)
Next Claim Reward: 4 Claim(s) (USD): $0.81 ($0.8078182132037675)

Net profit = (Gross Profit - Gas Cost [Avg])
$0.68 = ($0.81 - $0.13) $0.6820710878896291 = ($0.8078182132037675 - $0.12574712531413837)


5b. 5 Claim(s):

Total gas cost: 5 Claim(s) (USD): $0.16 ($0.1586175899534404)

Claim Reward: 4 Claim(s) (WEI): 0.000260165689796404 WETH (260165689796404 wei)
Claim Reward: 4 Claim(s) (USD): $0.81 ($0.8078182132037675)

Next Claim Reward: 5 Claim(s) (WEI): 0.000325207112245505 WETH (325207112245505 wei)
Next Claim Reward: 5 Claim(s) (USD): $1.01 ($1.0097727665047094)

Net profit = (Gross Profit - Gas Cost [Avg])
$0.85 = ($1.01 - $0.16) $0.8511551765512689 = ($1.0097727665047094 - $0.1586175899534404)


5b. 6 Claim(s):

Total gas cost: 6 Claim(s) (USD): $0.19 ($0.19148805459274246)

Claim Reward: 5 Claim(s) (WEI): 0.000325207112245505 WETH (325207112245505 wei)
Claim Reward: 5 Claim(s) (USD): $1.01 ($1.0097727665047094)

Next Claim Reward: 6 Claim(s) (WEI): 0.000390248534694606 WETH (390248534694606 wei)
Next Claim Reward: 6 Claim(s) (USD): $1.21 ($1.2117273198056513)

Net profit = (Gross Profit - Gas Cost [Avg])
$1.02 = ($1.21 - $0.19) $1.0202392652129089 = ($1.2117273198056513 - $0.19148805459274246)


5b. 7 Claim(s):

Total gas cost: 7 Claim(s) (USD): $0.22 ($0.22435851923204447)

Claim Reward: 6 Claim(s) (WEI): 0.000390248534694606 WETH (390248534694606 wei)
Claim Reward: 6 Claim(s) (USD): $1.21 ($1.2117273198056513)

Next Claim Reward: 7 Claim(s) (WEI): 0.000455289957143707 WETH (455289957143707 wei)
Next Claim Reward: 7 Claim(s) (USD): $1.41 ($1.4136818731065932)

Net profit = (Gross Profit - Gas Cost [Avg])
$1.19 = ($1.41 - $0.22) $1.1893233538745487 = ($1.4136818731065932 - $0.22435851923204447)


5b. 8 Claim(s):

Total gas cost: 8 Claim(s) (USD): $0.26 ($0.25722898387134646)

Claim Reward: 7 Claim(s) (WEI): 0.000455289957143707 WETH (455289957143707 wei)
Claim Reward: 7 Claim(s) (USD): $1.41 ($1.4136818731065932)

Next Claim Reward: 8 Claim(s) (WEI): 0.000520331379592808 WETH (520331379592808 wei)
Next Claim Reward: 8 Claim(s) (USD): $1.62 ($1.615636426407535)

Net profit = (Gross Profit - Gas Cost [Avg])
$1.36 = ($1.62 - $0.26) $1.3584074425361885 = ($1.615636426407535 - $0.25722898387134646)


5b. 9 Claim(s):

Total gas cost: 9 Claim(s) (USD): $0.29 ($0.2900994485106485)

Claim Reward: 8 Claim(s) (WEI): 0.000520331379592808 WETH (520331379592808 wei)
Claim Reward: 8 Claim(s) (USD): $1.62 ($1.615636426407535)

Next Claim Reward: 9 Claim(s) (WEI): 0.000585372802041909 WETH (585372802041909 wei)
Next Claim Reward: 9 Claim(s) (USD): $1.82 ($1.817590979708477)

Net profit = (Gross Profit - Gas Cost [Avg])
$1.53 = ($1.82 - $0.29) $1.5274915311978285 = ($1.817590979708477 - $0.2900994485106485)


5b. 10 Claim(s):

Total gas cost: 10 Claim(s) (USD): $0.32 ($0.32296991314995055)

Claim Reward: 9 Claim(s) (WEI): 0.000585372802041909 WETH (585372802041909 wei)
Claim Reward: 9 Claim(s) (USD): $1.82 ($1.817590979708477)

Next Claim Reward: 10 Claim(s) (WEI): 0.00065041422449101 WETH (650414224491010 wei)
Next Claim Reward: 10 Claim(s) (USD): $2.02 ($2.0195455330094187)

Net profit = (Gross Profit - Gas Cost [Avg])
$1.7 = ($2.02 - $0.32) $1.6965756198594681 = ($2.0195455330094187 - $0.32296991314995055)


5b. 11 Claim(s):

Total gas cost: 11 Claim(s) (USD): $0.36 ($0.3558403777892526)

Claim Reward: 10 Claim(s) (WEI): 0.00065041422449101 WETH (650414224491010 wei)
Claim Reward: 10 Claim(s) (USD): $2.02 ($2.0195455330094187)

Next Claim Reward: 11 Claim(s) (WEI): 0.000715455646940111 WETH (715455646940111 wei)
Next Claim Reward: 11 Claim(s) (USD): $2.22 ($2.2215000863103604)

Net profit = (Gross Profit - Gas Cost [Avg])
$1.87 = ($2.22 - $0.36) $1.865659708521108 = ($2.2215000863103604 - $0.3558403777892526)


5b. 12 Claim(s):

Total gas cost: 12 Claim(s) (USD): $0.39 ($0.3887108424285546)

Claim Reward: 11 Claim(s) (WEI): 0.000715455646940111 WETH (715455646940111 wei)
Claim Reward: 11 Claim(s) (USD): $2.22 ($2.2215000863103604)

Next Claim Reward: 12 Claim(s) (WEI): 0.000780497069389212 WETH (780497069389212 wei)
Next Claim Reward: 12 Claim(s) (USD): $2.42 ($2.4234546396113026)

Net profit = (Gross Profit - Gas Cost [Avg])
$2.03 = ($2.42 - $0.39) $2.034743797182748 = ($2.4234546396113026 - $0.3887108424285546)


5b. 13 Claim(s):

Total gas cost: 13 Claim(s) (USD): $0.42 ($0.4215813070678566)

Claim Reward: 12 Claim(s) (WEI): 0.000780497069389212 WETH (780497069389212 wei)
Claim Reward: 12 Claim(s) (USD): $2.42 ($2.4234546396113026)

Next Claim Reward: 13 Claim(s) (WEI): 0.000845538491838313 WETH (845538491838313 wei)
Next Claim Reward: 13 Claim(s) (USD): $2.63 ($2.6254091929122443)

Net profit = (Gross Profit - Gas Cost [Avg])
$2.2 = ($2.63 - $0.42) $2.2038278858443876 = ($2.6254091929122443 - $0.4215813070678566)


5b. 14 Claim(s):

Total gas cost: 14 Claim(s) (USD): $0.45 ($0.45445177170715867)

Claim Reward: 13 Claim(s) (WEI): 0.000845538491838313 WETH (845538491838313 wei)
Claim Reward: 13 Claim(s) (USD): $2.63 ($2.6254091929122443)

Next Claim Reward: 14 Claim(s) (WEI): 0.000910579914287414 WETH (910579914287414 wei)
Next Claim Reward: 14 Claim(s) (USD): $2.83 ($2.8273637462131864)

Net profit = (Gross Profit - Gas Cost [Avg])
$2.37 = ($2.83 - $0.45) $2.3729119745060276 = ($2.8273637462131864 - $0.45445177170715867)


5b. 15 Claim(s):

Total gas cost: 15 Claim(s) (USD): $0.49 ($0.48732223634646066)

Claim Reward: 14 Claim(s) (WEI): 0.000910579914287414 WETH (910579914287414 wei)
Claim Reward: 14 Claim(s) (USD): $2.83 ($2.8273637462131864)

Next Claim Reward: 15 Claim(s) (WEI): 0.000975621336736515 WETH (975621336736515 wei)
Next Claim Reward: 15 Claim(s) (USD): $3.03 ($3.029318299514128)

Net profit = (Gross Profit - Gas Cost [Avg])
$2.54 = ($3.03 - $0.49) $2.5419960631676677 = ($3.029318299514128 - $0.48732223634646066)


5b. 16 Claim(s):

Total gas cost: 16 Claim(s) (USD): $0.52 ($0.5201927009857628)

Claim Reward: 15 Claim(s) (WEI): 0.000975621336736515 WETH (975621336736515 wei)
Claim Reward: 15 Claim(s) (USD): $3.03 ($3.029318299514128)

Next Claim Reward: 16 Claim(s) (WEI): 0.001040662759185616 WETH (1040662759185616 wei)
Next Claim Reward: 16 Claim(s) (USD): $3.23 ($3.23127285281507)

Net profit = (Gross Profit - Gas Cost [Avg])
$2.71 = ($3.23 - $0.52) $2.7110801518293073 = ($3.23127285281507 - $0.5201927009857628)


5b. 17 Claim(s):

Total gas cost: 17 Claim(s) (USD): $0.55 ($0.5530631656250647)

Claim Reward: 16 Claim(s) (WEI): 0.001040662759185616 WETH (1040662759185616 wei)
Claim Reward: 16 Claim(s) (USD): $3.23 ($3.23127285281507)

Next Claim Reward: 17 Claim(s) (WEI): 0.001105704181634717 WETH (1105704181634717 wei)
Next Claim Reward: 17 Claim(s) (USD): $3.43 ($3.4332274061160115)

Net profit = (Gross Profit - Gas Cost [Avg])
$2.88 = ($3.43 - $0.55) $2.880164240490947 = ($3.4332274061160115 - $0.5530631656250647)


5b. 18 Claim(s):

Total gas cost: 18 Claim(s) (USD): $0.59 ($0.5859336302643667)

Claim Reward: 17 Claim(s) (WEI): 0.001105704181634717 WETH (1105704181634717 wei)
Claim Reward: 17 Claim(s) (USD): $3.43 ($3.4332274061160115)

Next Claim Reward: 18 Claim(s) (WEI): 0.001170745604083818 WETH (1170745604083818 wei)
Next Claim Reward: 18 Claim(s) (USD): $3.64 ($3.635181959416954)

Net profit = (Gross Profit - Gas Cost [Avg])
$3.05 = ($3.64 - $0.59) $3.0492483291525874 = ($3.635181959416954 - $0.5859336302643667)


5b. 19 Claim(s):

Total gas cost: 19 Claim(s) (USD): $0.62 ($0.6188040949036688)

Claim Reward: 18 Claim(s) (WEI): 0.001170745604083818 WETH (1170745604083818 wei)
Claim Reward: 18 Claim(s) (USD): $3.64 ($3.635181959416954)

Next Claim Reward: 19 Claim(s) (WEI): 0.001235787026532919 WETH (1235787026532919 wei)
Next Claim Reward: 19 Claim(s) (USD): $3.84 ($3.837136512717896)

Net profit = (Gross Profit - Gas Cost [Avg])
$3.22 = ($3.84 - $0.62) $3.218332417814227 = ($3.837136512717896 - $0.6188040949036688)


5b. 20 Claim(s):

Total gas cost: 20 Claim(s) (USD): $0.65 ($0.6516745595429708)

Claim Reward: 19 Claim(s) (WEI): 0.001235787026532919 WETH (1235787026532919 wei)
Claim Reward: 19 Claim(s) (USD): $3.84 ($3.837136512717896)

Next Claim Reward: 20 Claim(s) (WEI): 0.00130082844898202 WETH (1300828448982020 wei)
Next Claim Reward: 20 Claim(s) (USD): $4.04 ($4.0390910660188375)

Net profit = (Gross Profit - Gas Cost [Avg])
$3.39 = ($4.04 - $0.65) $3.3874165064758666 = ($4.0390910660188375 - $0.6516745595429708)


5b. 21 Claim(s):

Total gas cost: 21 Claim(s) (USD): $0.68 ($0.6845450241822729)

Claim Reward: 20 Claim(s) (WEI): 0.00130082844898202 WETH (1300828448982020 wei)
Claim Reward: 20 Claim(s) (USD): $4.04 ($4.0390910660188375)

Next Claim Reward: 21 Claim(s) (WEI): 0.001365869871431121 WETH (1365869871431121 wei)
Next Claim Reward: 21 Claim(s) (USD): $4.24 ($4.241045619319779)

Net profit = (Gross Profit - Gas Cost [Avg])
$3.56 = ($4.24 - $0.68) $3.556500595137506 = ($4.241045619319779 - $0.6845450241822729)


5b. 22 Claim(s):

Total gas cost: 22 Claim(s) (USD): $0.72 ($0.7174154888215749)

Claim Reward: 21 Claim(s) (WEI): 0.001365869871431121 WETH (1365869871431121 wei)
Claim Reward: 21 Claim(s) (USD): $4.24 ($4.241045619319779)

Next Claim Reward: 22 Claim(s) (WEI): 0.001430911293880222 WETH (1430911293880222 wei)
Next Claim Reward: 22 Claim(s) (USD): $4.44 ($4.443000172620721)

Net profit = (Gross Profit - Gas Cost [Avg])
$3.73 = ($4.44 - $0.72) $3.7255846837991458 = ($4.443000172620721 - $0.7174154888215749)


5b. 23 Claim(s):

Total gas cost: 23 Claim(s) (USD): $0.75 ($0.7502859534608769)

Claim Reward: 22 Claim(s) (WEI): 0.001430911293880222 WETH (1430911293880222 wei)
Claim Reward: 22 Claim(s) (USD): $4.44 ($4.443000172620721)

Next Claim Reward: 23 Claim(s) (WEI): 0.001495952716329323 WETH (1495952716329323 wei)
Next Claim Reward: 23 Claim(s) (USD): $4.64 ($4.644954725921663)

Net profit = (Gross Profit - Gas Cost [Avg])
$3.89 = ($4.64 - $0.75) $3.894668772460786 = ($4.644954725921663 - $0.7502859534608769)


5b. 24 Claim(s):

Total gas cost: 24 Claim(s) (USD): $0.78 ($0.783156418100179)

Claim Reward: 23 Claim(s) (WEI): 0.001495952716329323 WETH (1495952716329323 wei)
Claim Reward: 23 Claim(s) (USD): $4.64 ($4.644954725921663)

Next Claim Reward: 24 Claim(s) (WEI): 0.001560994138778424 WETH (1560994138778424 wei)
Next Claim Reward: 24 Claim(s) (USD): $4.85 ($4.846909279222605)

Net profit = (Gross Profit - Gas Cost [Avg])
$4.06 = ($4.85 - $0.78) $4.063752861122426 = ($4.846909279222605 - $0.783156418100179)


5b. 25 Claim(s):

Total gas cost: 25 Claim(s) (USD): $0.82 ($0.816026882739481)

Claim Reward: 24 Claim(s) (WEI): 0.001560994138778424 WETH (1560994138778424 wei)
Claim Reward: 24 Claim(s) (USD): $4.85 ($4.846909279222605)

Next Claim Reward: 25 Claim(s) (WEI): 0.001626035561227525 WETH (1626035561227525 wei)
Next Claim Reward: 25 Claim(s) (USD): $5.05 ($5.048863832523547)

Net profit = (Gross Profit - Gas Cost [Avg])
$4.23 = ($5.05 - $0.82) $4.232836949784065 = ($5.048863832523547 - $0.816026882739481)


5b. 26 Claim(s):

Total gas cost: 26 Claim(s) (USD): $0.85 ($0.848897347378783)

Claim Reward: 25 Claim(s) (WEI): 0.001626035561227525 WETH (1626035561227525 wei)
Claim Reward: 25 Claim(s) (USD): $5.05 ($5.048863832523547)

Next Claim Reward: 26 Claim(s) (WEI): 0.001691076983676626 WETH (1691076983676626 wei)
Next Claim Reward: 26 Claim(s) (USD): $5.25 ($5.250818385824489)

Net profit = (Gross Profit - Gas Cost [Avg])
$4.4 = ($5.25 - $0.85) $4.401921038445706 = ($5.250818385824489 - $0.848897347378783)


5b. 27 Claim(s):

Total gas cost: 27 Claim(s) (USD): $0.88 ($0.8817678120180851)

Claim Reward: 26 Claim(s) (WEI): 0.001691076983676626 WETH (1691076983676626 wei)
Claim Reward: 26 Claim(s) (USD): $5.25 ($5.250818385824489)

Next Claim Reward: 27 Claim(s) (WEI): 0.001756118406125727 WETH (1756118406125727 wei)
Next Claim Reward: 27 Claim(s) (USD): $5.45 ($5.452772939125431)

Net profit = (Gross Profit - Gas Cost [Avg])
$4.57 = ($5.45 - $0.88) $4.571005127107346 = ($5.452772939125431 - $0.8817678120180851)


5b. 28 Claim(s):

Total gas cost: 28 Claim(s) (USD): $0.91 ($0.9146382766573871)

Claim Reward: 27 Claim(s) (WEI): 0.001756118406125727 WETH (1756118406125727 wei)
Claim Reward: 27 Claim(s) (USD): $5.45 ($5.452772939125431)

Next Claim Reward: 28 Claim(s) (WEI): 0.001821159828574828 WETH (1821159828574828 wei)
Next Claim Reward: 28 Claim(s) (USD): $5.65 ($5.654727492426373)

Net profit = (Gross Profit - Gas Cost [Avg])
$4.74 = ($5.65 - $0.91) $4.740089215768986 = ($5.654727492426373 - $0.9146382766573871)


5b. 29 Claim(s):

Total gas cost: 29 Claim(s) (USD): $0.95 ($0.947508741296689)

Claim Reward: 28 Claim(s) (WEI): 0.001821159828574828 WETH (1821159828574828 wei)
Claim Reward: 28 Claim(s) (USD): $5.65 ($5.654727492426373)

Next Claim Reward: 29 Claim(s) (WEI): 0.001886201251023929 WETH (1886201251023929 wei)
Next Claim Reward: 29 Claim(s) (USD): $5.86 ($5.8566820457273145)

Net profit = (Gross Profit - Gas Cost [Avg])
$4.91 = ($5.86 - $0.95) $4.909173304430626 = ($5.8566820457273145 - $0.947508741296689)


5b. 30 Claim(s):

Total gas cost: 30 Claim(s) (USD): $0.98 ($0.9803792059359911)

Claim Reward: 29 Claim(s) (WEI): 0.001886201251023929 WETH (1886201251023929 wei)
Claim Reward: 29 Claim(s) (USD): $5.86 ($5.8566820457273145)

Next Claim Reward: 30 Claim(s) (WEI): 0.00195124267347303 WETH (1951242673473030 wei)
Next Claim Reward: 30 Claim(s) (USD): $6.06 ($6.058636599028256)

Net profit = (Gross Profit - Gas Cost [Avg])
$5.08 = ($6.06 - $0.98) $5.078257393092265 = ($6.058636599028256 - $0.9803792059359911)

******************
5c. Profit/Loss (USD):

Net profit = (Gross Profit - Gas Cost [Max])
$4.88 = ($5.86 - $0.98) $4.8763028397913235 = ($5.8566820457273145 - $0.9803792059359911)

Submitting transaction to claim 29 prize(s):

0x33335296c9b020ca3252e4953c11decfdce816b8-0xB17Ae17A7b078d1565f439BF0EFE4845A8608334-4-200
0x33335296c9b020ca3252e4953c11decfdce816b8-0x526d7e8BcC24Cf0d7907ab43C77A04Ab2C4BC36A-4-99
0x33335296c9b020ca3252e4953c11decfdce816b8-0xE94A0bd034688d3d5296bB58d428C4Cc9F9405AE-4-14
0x33335296c9b020ca3252e4953c11decfdce816b8-0x94a291dCA753692eac56bE3A94Ea13d27FD7F88E-4-240
0x33335296c9b020ca3252e4953c11decfdce816b8-0xED85aD46Ad3CE107913d30B9EC53ECd687B4bd1a-4-161
0x33335296c9b020ca3252e4953c11decfdce816b8-0x2e752ab05A21B125D828A66BA455c07a195eDfB2-4-240
0x33335296c9b020ca3252e4953c11decfdce816b8-0xb367bAfB46D568B6e8FF73EE7ff685Ee9E0d87cB-4-29
0x33335296c9b020ca3252e4953c11decfdce816b8-0x67062972Ee97fEC61b4D2a5364e51c8bfC63B8B7-4-214
0x33335296c9b020ca3252e4953c11decfdce816b8-0xeB4c8ed8D2579688F1F7b78Fd9721d1dc7E0c1EF-4-192
0x33335296c9b020ca3252e4953c11decfdce816b8-0x79b05Bdc516BDB1eDEa340385763F94415394E8b-4-0
0x33335296c9b020ca3252e4953c11decfdce816b8-0x8e73659255c623436BC27cb21499FE8fa1f15692-4-138
0x33335296c9b020ca3252e4953c11decfdce816b8-0x72573e3617CD57B6c2D0300351E30c0c78C80c68-4-194
0x33335296c9b020ca3252e4953c11decfdce816b8-0x082B64227e290462718e948d0F26c55f3e65B9eE-4-109
0x33335296c9b020ca3252e4953c11decfdce816b8-0x1987Ed78C8256b0e1E4D61658F3F95e6d47e7533-4-44
0x33335296c9b020ca3252e4953c11decfdce816b8-0x4bC1ebDdec74B9340B9ed002882d5b9741C981CB-4-76
0x33335296c9b020ca3252e4953c11decfdce816b8-0xF8919751251A4869F8f126d951484527762028fD-4-55
0x33335296c9b020ca3252e4953c11decfdce816b8-0x51b59817D6864aB7461476CeA40dd058144CE908-4-71
0x33335296c9b020ca3252e4953c11decfdce816b8-0x776E849BFD58FaFBe99Dc02a19501D0FabF4Ecd0-4-152
0x33335296c9b020ca3252e4953c11decfdce816b8-0xDC99d65da203eF278cEC90aA74865b62055483aa-4-90
0x33335296c9b020ca3252e4953c11decfdce816b8-0xFe5D617fAe46298588E29939706f68DAA5C2Ece8-4-81
0x33335296c9b020ca3252e4953c11decfdce816b8-0x4fC6193df9785736BBE35880434E8e9222450426-4-38
0x33335296c9b020ca3252e4953c11decfdce816b8-0x20fa6C6903c47D705e0e21E1142F29D76999059a-4-177
0x33335296c9b020ca3252e4953c11decfdce816b8-0x9dfAcc073955949C2Be25b7439C0C0F04E226028-4-63
0x33335296c9b020ca3252e4953c11decfdce816b8-0xb414583ffcd8F95B2e706A71732e6e5fe98a950b-4-64
0x33335296c9b020ca3252e4953c11decfdce816b8-0x6f5dB0Aef3DFa02b85A14770a9bC229Fe8e19D78-4-68
0x33335296c9b020ca3252e4953c11decfdce816b8-0xab69247b6FC5983a014262D829F1c61fAaf44F59-4-177
0x33335296c9b020ca3252e4953c11decfdce816b8-0xC00C8b0B03fa25D07026e22BBe54158EbF62Cb4b-4-243
0x33335296c9b020ca3252e4953c11decfdce816b8-0x403121D8749d6555ED776BA095E905422d3dec6e-4-111
0x33335296c9b020ca3252e4953c11decfdce816b8-0x2B7a05795Bcdee5fd6e0911AC19ED60550589D78-4-129



Execute Claim Transaction for Tier #4 (Canary tier)



Transaction sent! ✔
Transaction hash: 0x87cea4e05bb743d0bbc6b1bf88bf19f8df5a8c4b1f7f56179795d71b64336699
Waiting on transaction to be confirmed ...
Tx confirmed !




******************
Processing:
Vault:     0x7fad91a4a29109303188d8758f1a9d60ce988349
Tier:      #4 (Canary tier)
# prizes:  69

5a. Calculating # of profitable claims ...

Native (Gas) Token ETH Market Rate (USD): $3098.58

Estimated gas limit (wei) (1 prize claim): 0.00000000000019107 ETH (191070 wei)
Estimated gas limit (wei) (2 prize claims): 0.000000000000277442 ETH (277442 wei)

Gas Cost: First Claim (wei): 0.00000000000019107 ETH (191070 wei)
Gas Cost: Each Following Claim (wei): 0.000000000000086372 ETH (86372 wei)

Gas Cost: First Claim (USD): $0.03 $0.027131609246312218
Gas Cost: Each Following Claim (USD): $0.03 $0.032866339390021114

5b. 1 Claim(s):

Total gas cost: 1 Claim(s) (USD): $0.03 ($0.027131609246312218)

Next Claim Reward: 1 Claim(s) (WEI): 0.000065041422449101 WETH (65041422449101 wei)
Next Claim Reward: 1 Claim(s) (USD): $0.2 ($0.20195455330094186)

Net profit = (Gross Profit - Gas Cost [Avg])
$0.17 = ($0.2 - $0.03) $0.17482294405462964 = ($0.20195455330094186 - $0.027131609246312218)


5b. 2 Claim(s):

Total gas cost: 2 Claim(s) (USD): $0.06 ($0.05999794863633333)

Claim Reward: 1 Claim(s) (WEI): 0.000065041422449101 WETH (65041422449101 wei)
Claim Reward: 1 Claim(s) (USD): $0.2 ($0.20195455330094186)

Next Claim Reward: 2 Claim(s) (WEI): 0.000130082844898202 WETH (130082844898202 wei)
Next Claim Reward: 2 Claim(s) (USD): $0.4 ($0.4039091066018837)

Net profit = (Gross Profit - Gas Cost [Avg])
$0.34 = ($0.4 - $0.06) $0.3439111579655504 = ($0.4039091066018837 - $0.05999794863633333)


5b. 3 Claim(s):

Total gas cost: 3 Claim(s) (USD): $0.09 ($0.09286428802635445)

Claim Reward: 2 Claim(s) (WEI): 0.000130082844898202 WETH (130082844898202 wei)
Claim Reward: 2 Claim(s) (USD): $0.4 ($0.4039091066018837)

Next Claim Reward: 3 Claim(s) (WEI): 0.000195124267347303 WETH (195124267347303 wei)
Next Claim Reward: 3 Claim(s) (USD): $0.61 ($0.6058636599028256)

Net profit = (Gross Profit - Gas Cost [Avg])
$0.51 = ($0.61 - $0.09) $0.5129993718764712 = ($0.6058636599028256 - $0.09286428802635445)


5b. 4 Claim(s):

Total gas cost: 4 Claim(s) (USD): $0.13 ($0.12573062741637556)

Claim Reward: 3 Claim(s) (WEI): 0.000195124267347303 WETH (195124267347303 wei)
Claim Reward: 3 Claim(s) (USD): $0.61 ($0.6058636599028256)

Next Claim Reward: 4 Claim(s) (WEI): 0.000260165689796404 WETH (260165689796404 wei)
Next Claim Reward: 4 Claim(s) (USD): $0.81 ($0.8078182132037675)

Net profit = (Gross Profit - Gas Cost [Avg])
$0.68 = ($0.81 - $0.13) $0.6820875857873919 = ($0.8078182132037675 - $0.12573062741637556)


5b. 5 Claim(s):

Total gas cost: 5 Claim(s) (USD): $0.16 ($0.15859696680639668)

Claim Reward: 4 Claim(s) (WEI): 0.000260165689796404 WETH (260165689796404 wei)
Claim Reward: 4 Claim(s) (USD): $0.81 ($0.8078182132037675)

Next Claim Reward: 5 Claim(s) (WEI): 0.000325207112245505 WETH (325207112245505 wei)
Next Claim Reward: 5 Claim(s) (USD): $1.01 ($1.0097727665047094)

Net profit = (Gross Profit - Gas Cost [Avg])
$0.85 = ($1.01 - $0.16) $0.8511757996983127 = ($1.0097727665047094 - $0.15859696680639668)


5b. 6 Claim(s):

Total gas cost: 6 Claim(s) (USD): $0.19 ($0.1914633061964178)

Claim Reward: 5 Claim(s) (WEI): 0.000325207112245505 WETH (325207112245505 wei)
Claim Reward: 5 Claim(s) (USD): $1.01 ($1.0097727665047094)

Next Claim Reward: 6 Claim(s) (WEI): 0.000390248534694606 WETH (390248534694606 wei)
Next Claim Reward: 6 Claim(s) (USD): $1.21 ($1.2117273198056513)

Net profit = (Gross Profit - Gas Cost [Avg])
$1.02 = ($1.21 - $0.19) $1.0202640136092336 = ($1.2117273198056513 - $0.1914633061964178)


5b. 7 Claim(s):

Total gas cost: 7 Claim(s) (USD): $0.22 ($0.2243296455864389)

Claim Reward: 6 Claim(s) (WEI): 0.000390248534694606 WETH (390248534694606 wei)
Claim Reward: 6 Claim(s) (USD): $1.21 ($1.2117273198056513)

Next Claim Reward: 7 Claim(s) (WEI): 0.000455289957143707 WETH (455289957143707 wei)
Next Claim Reward: 7 Claim(s) (USD): $1.41 ($1.4136818731065932)

Net profit = (Gross Profit - Gas Cost [Avg])
$1.19 = ($1.41 - $0.22) $1.1893522275201542 = ($1.4136818731065932 - $0.2243296455864389)


5b. 8 Claim(s):

Total gas cost: 8 Claim(s) (USD): $0.26 ($0.25719598497646)

Claim Reward: 7 Claim(s) (WEI): 0.000455289957143707 WETH (455289957143707 wei)
Claim Reward: 7 Claim(s) (USD): $1.41 ($1.4136818731065932)

Next Claim Reward: 8 Claim(s) (WEI): 0.000520331379592808 WETH (520331379592808 wei)
Next Claim Reward: 8 Claim(s) (USD): $1.62 ($1.615636426407535)

Net profit = (Gross Profit - Gas Cost [Avg])
$1.36 = ($1.62 - $0.26) $1.358440441431075 = ($1.615636426407535 - $0.25719598497646)


5b. 9 Claim(s):

Total gas cost: 9 Claim(s) (USD): $0.29 ($0.2900623243664811)

Claim Reward: 8 Claim(s) (WEI): 0.000520331379592808 WETH (520331379592808 wei)
Claim Reward: 8 Claim(s) (USD): $1.62 ($1.615636426407535)

Next Claim Reward: 9 Claim(s) (WEI): 0.000585372802041909 WETH (585372802041909 wei)
Next Claim Reward: 9 Claim(s) (USD): $1.82 ($1.817590979708477)

Net profit = (Gross Profit - Gas Cost [Avg])
$1.53 = ($1.82 - $0.29) $1.527528655341996 = ($1.817590979708477 - $0.2900623243664811)


5b. 10 Claim(s):

Total gas cost: 10 Claim(s) (USD): $0.32 ($0.3229286637565022)

Claim Reward: 9 Claim(s) (WEI): 0.000585372802041909 WETH (585372802041909 wei)
Claim Reward: 9 Claim(s) (USD): $1.82 ($1.817590979708477)

Next Claim Reward: 10 Claim(s) (WEI): 0.00065041422449101 WETH (650414224491010 wei)
Next Claim Reward: 10 Claim(s) (USD): $2.02 ($2.0195455330094187)

Net profit = (Gross Profit - Gas Cost [Avg])
$1.7 = ($2.02 - $0.32) $1.6966168692529164 = ($2.0195455330094187 - $0.3229286637565022)


5b. 11 Claim(s):

Total gas cost: 11 Claim(s) (USD): $0.36 ($0.35579500314652335)

Claim Reward: 10 Claim(s) (WEI): 0.00065041422449101 WETH (650414224491010 wei)
Claim Reward: 10 Claim(s) (USD): $2.02 ($2.0195455330094187)

Next Claim Reward: 11 Claim(s) (WEI): 0.000715455646940111 WETH (715455646940111 wei)
Next Claim Reward: 11 Claim(s) (USD): $2.22 ($2.2215000863103604)

Net profit = (Gross Profit - Gas Cost [Avg])
$1.87 = ($2.22 - $0.36) $1.865705083163837 = ($2.2215000863103604 - $0.35579500314652335)


5b. 12 Claim(s):

Total gas cost: 12 Claim(s) (USD): $0.39 ($0.38866134253654444)

Claim Reward: 11 Claim(s) (WEI): 0.000715455646940111 WETH (715455646940111 wei)
Claim Reward: 11 Claim(s) (USD): $2.22 ($2.2215000863103604)

Next Claim Reward: 12 Claim(s) (WEI): 0.000780497069389212 WETH (780497069389212 wei)
Next Claim Reward: 12 Claim(s) (USD): $2.42 ($2.4234546396113026)

Net profit = (Gross Profit - Gas Cost [Avg])
$2.03 = ($2.42 - $0.39) $2.034793297074758 = ($2.4234546396113026 - $0.38866134253654444)


5b. 13 Claim(s):

Total gas cost: 13 Claim(s) (USD): $0.42 ($0.42152768192656553)

Claim Reward: 12 Claim(s) (WEI): 0.000780497069389212 WETH (780497069389212 wei)
Claim Reward: 12 Claim(s) (USD): $2.42 ($2.4234546396113026)

Next Claim Reward: 13 Claim(s) (WEI): 0.000845538491838313 WETH (845538491838313 wei)
Next Claim Reward: 13 Claim(s) (USD): $2.63 ($2.6254091929122443)

Net profit = (Gross Profit - Gas Cost [Avg])
$2.2 = ($2.63 - $0.42) $2.2038815109856786 = ($2.6254091929122443 - $0.42152768192656553)


5b. 14 Claim(s):

Total gas cost: 14 Claim(s) (USD): $0.45 ($0.4543940213165867)

Claim Reward: 13 Claim(s) (WEI): 0.000845538491838313 WETH (845538491838313 wei)
Claim Reward: 13 Claim(s) (USD): $2.63 ($2.6254091929122443)

Next Claim Reward: 14 Claim(s) (WEI): 0.000910579914287414 WETH (910579914287414 wei)
Next Claim Reward: 14 Claim(s) (USD): $2.83 ($2.8273637462131864)

Net profit = (Gross Profit - Gas Cost [Avg])
$2.37 = ($2.83 - $0.45) $2.3729697248966 = ($2.8273637462131864 - $0.4543940213165867)


5b. 15 Claim(s):

Total gas cost: 15 Claim(s) (USD): $0.49 ($0.4872603607066078)

Claim Reward: 14 Claim(s) (WEI): 0.000910579914287414 WETH (910579914287414 wei)
Claim Reward: 14 Claim(s) (USD): $2.83 ($2.8273637462131864)

Next Claim Reward: 15 Claim(s) (WEI): 0.000975621336736515 WETH (975621336736515 wei)
Next Claim Reward: 15 Claim(s) (USD): $3.03 ($3.029318299514128)

Net profit = (Gross Profit - Gas Cost [Avg])
$2.54 = ($3.03 - $0.49) $2.5420579388075204 = ($3.029318299514128 - $0.4872603607066078)


5b. 16 Claim(s):

Total gas cost: 16 Claim(s) (USD): $0.52 ($0.520126700096629)

Claim Reward: 15 Claim(s) (WEI): 0.000975621336736515 WETH (975621336736515 wei)
Claim Reward: 15 Claim(s) (USD): $3.03 ($3.029318299514128)

Next Claim Reward: 16 Claim(s) (WEI): 0.001040662759185616 WETH (1040662759185616 wei)
Next Claim Reward: 16 Claim(s) (USD): $3.23 ($3.23127285281507)

Net profit = (Gross Profit - Gas Cost [Avg])
$2.71 = ($3.23 - $0.52) $2.711146152718441 = ($3.23127285281507 - $0.520126700096629)


5b. 17 Claim(s):

Total gas cost: 17 Claim(s) (USD): $0.55 ($0.55299303948665)

Claim Reward: 16 Claim(s) (WEI): 0.001040662759185616 WETH (1040662759185616 wei)
Claim Reward: 16 Claim(s) (USD): $3.23 ($3.23127285281507)

Next Claim Reward: 17 Claim(s) (WEI): 0.001105704181634717 WETH (1105704181634717 wei)
Next Claim Reward: 17 Claim(s) (USD): $3.43 ($3.4332274061160115)

Net profit = (Gross Profit - Gas Cost [Avg])
$2.88 = ($3.43 - $0.55) $2.8802343666293613 = ($3.4332274061160115 - $0.55299303948665)


5b. 18 Claim(s):

Total gas cost: 18 Claim(s) (USD): $0.59 ($0.5858593788766712)

Claim Reward: 17 Claim(s) (WEI): 0.001105704181634717 WETH (1105704181634717 wei)
Claim Reward: 17 Claim(s) (USD): $3.43 ($3.4332274061160115)

Next Claim Reward: 18 Claim(s) (WEI): 0.001170745604083818 WETH (1170745604083818 wei)
Next Claim Reward: 18 Claim(s) (USD): $3.64 ($3.635181959416954)

Net profit = (Gross Profit - Gas Cost [Avg])
$3.05 = ($3.64 - $0.59) $3.049322580540283 = ($3.635181959416954 - $0.5858593788766712)


5b. 19 Claim(s):

Total gas cost: 19 Claim(s) (USD): $0.62 ($0.6187257182666922)

Claim Reward: 18 Claim(s) (WEI): 0.001170745604083818 WETH (1170745604083818 wei)
Claim Reward: 18 Claim(s) (USD): $3.64 ($3.635181959416954)

Next Claim Reward: 19 Claim(s) (WEI): 0.001235787026532919 WETH (1235787026532919 wei)
Next Claim Reward: 19 Claim(s) (USD): $3.84 ($3.837136512717896)

Net profit = (Gross Profit - Gas Cost [Avg])
$3.22 = ($3.84 - $0.62) $3.2184107944512035 = ($3.837136512717896 - $0.6187257182666922)


5b. 20 Claim(s):

Total gas cost: 20 Claim(s) (USD): $0.65 ($0.6515920576567134)

Claim Reward: 19 Claim(s) (WEI): 0.001235787026532919 WETH (1235787026532919 wei)
Claim Reward: 19 Claim(s) (USD): $3.84 ($3.837136512717896)

Next Claim Reward: 20 Claim(s) (WEI): 0.00130082844898202 WETH (1300828448982020 wei)
Next Claim Reward: 20 Claim(s) (USD): $4.04 ($4.0390910660188375)

Net profit = (Gross Profit - Gas Cost [Avg])
$3.39 = ($4.04 - $0.65) $3.3874990083621244 = ($4.0390910660188375 - $0.6515920576567134)


5b. 21 Claim(s):

Total gas cost: 21 Claim(s) (USD): $0.68 ($0.6844583970467345)

Claim Reward: 20 Claim(s) (WEI): 0.00130082844898202 WETH (1300828448982020 wei)
Claim Reward: 20 Claim(s) (USD): $4.04 ($4.0390910660188375)

Next Claim Reward: 21 Claim(s) (WEI): 0.001365869871431121 WETH (1365869871431121 wei)
Next Claim Reward: 21 Claim(s) (USD): $4.24 ($4.241045619319779)

Net profit = (Gross Profit - Gas Cost [Avg])
$3.56 = ($4.24 - $0.68) $3.556587222273045 = ($4.241045619319779 - $0.6844583970467345)


5b. 22 Claim(s):

Total gas cost: 22 Claim(s) (USD): $0.72 ($0.7173247364367555)

Claim Reward: 21 Claim(s) (WEI): 0.001365869871431121 WETH (1365869871431121 wei)
Claim Reward: 21 Claim(s) (USD): $4.24 ($4.241045619319779)

Next Claim Reward: 22 Claim(s) (WEI): 0.001430911293880222 WETH (1430911293880222 wei)
Next Claim Reward: 22 Claim(s) (USD): $4.44 ($4.443000172620721)

Net profit = (Gross Profit - Gas Cost [Avg])
$3.73 = ($4.44 - $0.72) $3.7256754361839652 = ($4.443000172620721 - $0.7173247364367555)


5b. 23 Claim(s):

Total gas cost: 23 Claim(s) (USD): $0.75 ($0.7501910758267767)

Claim Reward: 22 Claim(s) (WEI): 0.001430911293880222 WETH (1430911293880222 wei)
Claim Reward: 22 Claim(s) (USD): $4.44 ($4.443000172620721)

Next Claim Reward: 23 Claim(s) (WEI): 0.001495952716329323 WETH (1495952716329323 wei)
Next Claim Reward: 23 Claim(s) (USD): $4.64 ($4.644954725921663)

Net profit = (Gross Profit - Gas Cost [Avg])
$3.89 = ($4.64 - $0.75) $3.8947636500948857 = ($4.644954725921663 - $0.7501910758267767)


5b. 24 Claim(s):

Total gas cost: 24 Claim(s) (USD): $0.78 ($0.7830574152167978)

Claim Reward: 23 Claim(s) (WEI): 0.001495952716329323 WETH (1495952716329323 wei)
Claim Reward: 23 Claim(s) (USD): $4.64 ($4.644954725921663)

Next Claim Reward: 24 Claim(s) (WEI): 0.001560994138778424 WETH (1560994138778424 wei)
Next Claim Reward: 24 Claim(s) (USD): $4.85 ($4.846909279222605)

Net profit = (Gross Profit - Gas Cost [Avg])
$4.06 = ($4.85 - $0.78) $4.063851864005807 = ($4.846909279222605 - $0.7830574152167978)


5b. 25 Claim(s):

Total gas cost: 25 Claim(s) (USD): $0.82 ($0.8159237546068189)

Claim Reward: 24 Claim(s) (WEI): 0.001560994138778424 WETH (1560994138778424 wei)
Claim Reward: 24 Claim(s) (USD): $4.85 ($4.846909279222605)

Next Claim Reward: 25 Claim(s) (WEI): 0.001626035561227525 WETH (1626035561227525 wei)
Next Claim Reward: 25 Claim(s) (USD): $5.05 ($5.048863832523547)

Net profit = (Gross Profit - Gas Cost [Avg])
$4.23 = ($5.05 - $0.82) $4.232940077916728 = ($5.048863832523547 - $0.8159237546068189)


5b. 26 Claim(s):

Total gas cost: 26 Claim(s) (USD): $0.85 ($0.84879009399684)

Claim Reward: 25 Claim(s) (WEI): 0.001626035561227525 WETH (1626035561227525 wei)
Claim Reward: 25 Claim(s) (USD): $5.05 ($5.048863832523547)

Next Claim Reward: 26 Claim(s) (WEI): 0.001691076983676626 WETH (1691076983676626 wei)
Next Claim Reward: 26 Claim(s) (USD): $5.25 ($5.250818385824489)

Net profit = (Gross Profit - Gas Cost [Avg])
$4.4 = ($5.25 - $0.85) $4.402028291827649 = ($5.250818385824489 - $0.84879009399684)


5b. 27 Claim(s):

Total gas cost: 27 Claim(s) (USD): $0.88 ($0.8816564333868612)

Claim Reward: 26 Claim(s) (WEI): 0.001691076983676626 WETH (1691076983676626 wei)
Claim Reward: 26 Claim(s) (USD): $5.25 ($5.250818385824489)

Next Claim Reward: 27 Claim(s) (WEI): 0.001756118406125727 WETH (1756118406125727 wei)
Next Claim Reward: 27 Claim(s) (USD): $5.45 ($5.452772939125431)

Net profit = (Gross Profit - Gas Cost [Avg])
$4.57 = ($5.45 - $0.88) $4.57111650573857 = ($5.452772939125431 - $0.8816564333868612)


5b. 28 Claim(s):

Total gas cost: 28 Claim(s) (USD): $0.91 ($0.9145227727768823)

Claim Reward: 27 Claim(s) (WEI): 0.001756118406125727 WETH (1756118406125727 wei)
Claim Reward: 27 Claim(s) (USD): $5.45 ($5.452772939125431)

Next Claim Reward: 28 Claim(s) (WEI): 0.001821159828574828 WETH (1821159828574828 wei)
Next Claim Reward: 28 Claim(s) (USD): $5.65 ($5.654727492426373)

Net profit = (Gross Profit - Gas Cost [Avg])
$4.74 = ($5.65 - $0.91) $4.7402047196494905 = ($5.654727492426373 - $0.9145227727768823)


5b. 29 Claim(s):

Total gas cost: 29 Claim(s) (USD): $0.95 ($0.9473891121669034)

Claim Reward: 28 Claim(s) (WEI): 0.001821159828574828 WETH (1821159828574828 wei)
Claim Reward: 28 Claim(s) (USD): $5.65 ($5.654727492426373)

Next Claim Reward: 29 Claim(s) (WEI): 0.001886201251023929 WETH (1886201251023929 wei)
Next Claim Reward: 29 Claim(s) (USD): $5.86 ($5.8566820457273145)

Net profit = (Gross Profit - Gas Cost [Avg])
$4.91 = ($5.86 - $0.95) $4.909292933560411 = ($5.8566820457273145 - $0.9473891121669034)


5b. 30 Claim(s):

Total gas cost: 30 Claim(s) (USD): $0.98 ($0.9802554515569245)

Claim Reward: 29 Claim(s) (WEI): 0.001886201251023929 WETH (1886201251023929 wei)
Claim Reward: 29 Claim(s) (USD): $5.86 ($5.8566820457273145)

Next Claim Reward: 30 Claim(s) (WEI): 0.00195124267347303 WETH (1951242673473030 wei)
Next Claim Reward: 30 Claim(s) (USD): $6.06 ($6.058636599028256)

Net profit = (Gross Profit - Gas Cost [Avg])
$5.08 = ($6.06 - $0.98) $5.078381147471331 = ($6.058636599028256 - $0.9802554515569245)

******************
5c. Profit/Loss (USD):

Net profit = (Gross Profit - Gas Cost [Max])
$4.88 = ($5.86 - $0.98) $4.87642659417039 = ($5.8566820457273145 - $0.9802554515569245)

Submitting transaction to claim 29 prize(s):

0x7fad91a4a29109303188d8758f1a9d60ce988349-0x3CA12cbB996EDF41cD49f58c6E24710e2732e083-4-241
0x7fad91a4a29109303188d8758f1a9d60ce988349-0x4e14747cE7fc52e0d9238c298BdD84995c1a1D36-4-109
0x7fad91a4a29109303188d8758f1a9d60ce988349-0x811701945DAd8F7ec1d42175Fde9DF071e1e5782-4-222
0x7fad91a4a29109303188d8758f1a9d60ce988349-0xFC1a7872782dB25E6431bEBcD6a74E0Be9E3B423-4-23
0x7fad91a4a29109303188d8758f1a9d60ce988349-0xFC1a7872782dB25E6431bEBcD6a74E0Be9E3B423-4-148
0x7fad91a4a29109303188d8758f1a9d60ce988349-0x018B7DbA9E6aB13D707CCffd64F6B2f81022D961-4-171
0x7fad91a4a29109303188d8758f1a9d60ce988349-0xe5073dd073e6b2301B611a7ebb5fA55cF3209bB0-4-73
0x7fad91a4a29109303188d8758f1a9d60ce988349-0xa8E09D63425822D5109eB47876F9386A3A0373e6-4-233
0x7fad91a4a29109303188d8758f1a9d60ce988349-0x231Cd4dCaceB073851CE02Bd782E2A94cD650ed3-4-129
0x7fad91a4a29109303188d8758f1a9d60ce988349-0x954fdf73645526ff873BAc97EA812150024AA581-4-224
0x7fad91a4a29109303188d8758f1a9d60ce988349-0x7Eabe3295cA1CEdF4f8b60E0c477Ac919042A4Eb-4-70
0x7fad91a4a29109303188d8758f1a9d60ce988349-0x3B42D6eBeF3A22321a142887c38B55B87e8BA24f-4-157
0x7fad91a4a29109303188d8758f1a9d60ce988349-0x5D48A73620AECdCed88c1ef04234A8f96b862E83-4-124
0x7fad91a4a29109303188d8758f1a9d60ce988349-0xbF8e36286366E08920886C276960eAce33e9A11d-4-85
0x7fad91a4a29109303188d8758f1a9d60ce988349-0xf0fa625877339581135035639CDC4020335D486f-4-138
0x7fad91a4a29109303188d8758f1a9d60ce988349-0xe2C92717fC458E7eE125635a49deC8982e2A83Cb-4-202
0x7fad91a4a29109303188d8758f1a9d60ce988349-0xf62da8A55Ae3b22A0e08d30762B312614A1C870F-4-60
0x7fad91a4a29109303188d8758f1a9d60ce988349-0x2E314dE0cC5AD4FdFF2B55F3AF43f905E7e10B0D-4-141
0x7fad91a4a29109303188d8758f1a9d60ce988349-0xADC70E52ca8cA36f5b24de0b047b98F225f9f59f-4-113
0x7fad91a4a29109303188d8758f1a9d60ce988349-0x60936DB5cebE8032161823fBca2A8Cf88dab0165-4-243
0x7fad91a4a29109303188d8758f1a9d60ce988349-0xb1fFBE2fbA75B4f418b6850E2688b1BfFCB69f6E-4-66
0x7fad91a4a29109303188d8758f1a9d60ce988349-0xc1c4de6dd6aa7C103a069bE88910C5AA0349FE7B-4-21
0x7fad91a4a29109303188d8758f1a9d60ce988349-0xc1c4de6dd6aa7C103a069bE88910C5AA0349FE7B-4-99
0x7fad91a4a29109303188d8758f1a9d60ce988349-0x2428aba9dE84b9cF1482765fA86EBCC54A1f08B7-4-141
0x7fad91a4a29109303188d8758f1a9d60ce988349-0x48bBAC620b84B50710121C47DB7b7229D09F5F63-4-208
0x7fad91a4a29109303188d8758f1a9d60ce988349-0x490bc21A581e75eA707905F9D69319390A4A85fB-4-236
0x7fad91a4a29109303188d8758f1a9d60ce988349-0x17FC767126C7b1084b92B7FBd2594e82BF7b7688-4-110
0x7fad91a4a29109303188d8758f1a9d60ce988349-0x45f77dBbDEe19b089717410cE485De1C16c6E044-4-25
0x7fad91a4a29109303188d8758f1a9d60ce988349-0x45f77dBbDEe19b089717410cE485De1C16c6E044-4-244



Execute Claim Transaction for Tier #4 (Canary tier)



Transaction sent! ✔
Transaction hash: 0xa44c36d222d2892f94057c62817243b63a67186f393ad78cc4069601810a78a7
Waiting on transaction to be confirmed ...
Tx confirmed !




******************
Processing:
Vault:     0x33335296c9b020ca3252e4953c11decfdce816b8
Tier:      #5 (Canary tier)
# prizes:  358

5a. Calculating # of profitable claims ...

Native (Gas) Token ETH Market Rate (USD): $3098.58

Estimated gas limit (wei) (1 prize claim): 0.0000000000001924 ETH (192400 wei)
Estimated gas limit (wei) (2 prize claims): 0.000000000000280115 ETH (280115 wei)

Gas Cost: First Claim (wei): 0.0000000000001924 ETH (192400 wei)
Gas Cost: Each Following Claim (wei): 0.000000000000087715 ETH (87715 wei)

Gas Cost: First Claim (USD): $0.03 $0.02713573139623229
Gas Cost: Each Following Claim (USD): $0.03 $0.03296139023700838

5b. 1 Claim(s):

Total gas cost: 1 Claim(s) (USD): $0.03 ($0.02713573139623229)

Next Claim Reward: 1 Claim(s) (WEI): 0.000016260355612275 WETH (16260355612275 wei)
Next Claim Reward: 1 Claim(s) (USD): $0.05 ($0.05048863832523469)

Net profit = (Gross Profit - Gas Cost [Avg])
$0.02 = ($0.05 - $0.03) $0.0233529069290024 = ($0.05048863832523469 - $0.02713573139623229)

******************
5c. Profit/Loss (USD):

Net profit = (Gross Profit - Gas Cost [Max])
$-0.03 = ($0 - $0.03) $-0.02713573139623229 = ($0 - $0.02713573139623229)

Claiming tier #5 (Canary tier) currently not profitable.
Not profitable to claim for Draw #18, Tier: #5 (Canary tier)




******************
Processing:
Vault:     0x75b2f4b3ec5adf7077f928992524cc547e74f768
Tier:      #5 (Canary tier)
# prizes:  2

Tier #5 (Canary tier) not profitable, skipping ...





******************
Processing:
Vault:     0x7fad91a4a29109303188d8758f1a9d60ce988349
Tier:      #5 (Canary tier)
# prizes:  561

Tier #5 (Canary tier) not profitable, skipping ...

