Operating on: 11155420 - Optimism Sepolia

Config - REWARD_RECIPIENT not provided, setting swap recipient to relayer address: 0x06003274c3a7926c04cA8d6903cc691fE8f3CEC2
Config - MIN_PROFIT_THRESHOLD_USD: 0.05

Starting ...
Getting prize pool info ...
Getting prize context ...

******************
1. Prize token: WETH

┌────────────┬──────────────────────────────────────────────┬──────────┬─────────────────┬────────┬──────────────┐
│ (index)    │ address                                      │ decimals │ name            │ symbol │ assetRateUsd │
├────────────┼──────────────────────────────────────────────┼──────────┼─────────────────┼────────┼──────────────┤
│ prizeToken │ '0xC355F97a3Aa2808Acb536E555764b8FB26fB4b37' │ 18       │ 'Wrapped Ether' │ 'WETH' │ 3076.0618    │
└────────────┴──────────────────────────────────────────────┴──────────┴─────────────────┴────────┴──────────────┘
┌─────────┬──────────┬───────────────────────────────┐
│ (index) │ numTiers │ tiersRangeArray               │
├─────────┼──────────┼───────────────────────────────┤
│ tiers   │ 7        │ [ 0, 1, 2, ... 4 more items ] │
└─────────┴──────────┴───────────────────────────────┘
Draw ID: 22
Prize Token WETH MarketRate USD:  $3076.0618

******************
Getting prize vaults ...
Found 6 prize vaults.

190 prizes already claimed for draw #22.
5055 prizes remaining to be claimed...




******************
Processing:
Vault:     0x33335296c9b020ca3252e4953c11decfdce816b8
Tier:      #4
# prizes:  62

5a. Calculating # of profitable claims ...

Native (Gas) Token ETH Market Rate (USD): $3077.74

Estimated gas limit (wei) (1 prize claim): 0.000000000000235527 ETH (235527 wei)
Estimated gas limit (wei) (2 prize claims): 0.000000000000345464 ETH (345464 wei)

Gas Cost: First Claim (wei): 0.000000000000235527 ETH (235527 wei)
Gas Cost: Each Following Claim (wei): 0.000000000000109937 ETH (109937 wei)

Gas Cost: First Claim (USD): $0.02 $0.015941134150043643
Gas Cost: Each Following Claim (USD): $0.02 $0.01902848981734722

5b. 1 Claim(s):

Total gas cost: 1 Claim(s) (USD): $0.02 ($0.015941134150043643)

Next Claim Reward: 1 Claim(s) (WEI): 0.000210988262664753 WETH (210988262664753 wei)
Next Claim Reward: 1 Claim(s) (USD): $0.65 ($0.6490129350314129)

Net profit = (Gross Profit - Gas Cost [Avg])
$0.63 = ($0.65 - $0.02) $0.6330718008813693 = ($0.6490129350314129 - $0.015941134150043643)


5b. 2 Claim(s):

Total gas cost: 2 Claim(s) (USD): $0.03 ($0.03496962396739087)

Claim Reward: 1 Claim(s) (WEI): 0.000210988262664753 WETH (210988262664753 wei)
Claim Reward: 1 Claim(s) (USD): $0.65 ($0.6490129350314129)

Next Claim Reward: 2 Claim(s) (WEI): 0.000421976525329506 WETH (421976525329506 wei)
Next Claim Reward: 2 Claim(s) (USD): $1.3 ($1.2980258700628258)

Net profit = (Gross Profit - Gas Cost [Avg])
$1.26 = ($1.3 - $0.03) $1.2630562460954349 = ($1.2980258700628258 - $0.03496962396739087)


5b. 3 Claim(s):

Total gas cost: 3 Claim(s) (USD): $0.05 ($0.05399811378473808)

Claim Reward: 2 Claim(s) (WEI): 0.000421976525329506 WETH (421976525329506 wei)
Claim Reward: 2 Claim(s) (USD): $1.3 ($1.2980258700628258)

Next Claim Reward: 3 Claim(s) (WEI): 0.000632964787994259 WETH (632964787994259 wei)
Next Claim Reward: 3 Claim(s) (USD): $1.95 ($1.9470388050942387)

Net profit = (Gross Profit - Gas Cost [Avg])
$1.89 = ($1.95 - $0.05) $1.8930406913095006 = ($1.9470388050942387 - $0.05399811378473808)


5b. 4 Claim(s):

Total gas cost: 4 Claim(s) (USD): $0.07 ($0.07302660360208531)

Claim Reward: 3 Claim(s) (WEI): 0.000632964787994259 WETH (632964787994259 wei)
Claim Reward: 3 Claim(s) (USD): $1.95 ($1.9470388050942387)

Next Claim Reward: 4 Claim(s) (WEI): 0.000843953050659012 WETH (843953050659012 wei)
Next Claim Reward: 4 Claim(s) (USD): $2.6 ($2.5960517401256515)

Net profit = (Gross Profit - Gas Cost [Avg])
$2.52 = ($2.6 - $0.07) $2.5230251365235663 = ($2.5960517401256515 - $0.07302660360208531)


5b. 5 Claim(s):

Total gas cost: 5 Claim(s) (USD): $0.09 ($0.09205509341943252)

Claim Reward: 4 Claim(s) (WEI): 0.000843953050659012 WETH (843953050659012 wei)
Claim Reward: 4 Claim(s) (USD): $2.6 ($2.5960517401256515)

Next Claim Reward: 5 Claim(s) (WEI): 0.001054941313323765 WETH (1054941313323765 wei)
Next Claim Reward: 5 Claim(s) (USD): $3.25 ($3.245064675157064)

Net profit = (Gross Profit - Gas Cost [Avg])
$3.15 = ($3.25 - $0.09) $3.153009581737632 = ($3.245064675157064 - $0.09205509341943252)


5b. 6 Claim(s):

Total gas cost: 6 Claim(s) (USD): $0.11 ($0.11108358323677975)

Claim Reward: 5 Claim(s) (WEI): 0.001054941313323765 WETH (1054941313323765 wei)
Claim Reward: 5 Claim(s) (USD): $3.25 ($3.245064675157064)

Next Claim Reward: 6 Claim(s) (WEI): 0.001265929575988518 WETH (1265929575988518 wei)
Next Claim Reward: 6 Claim(s) (USD): $3.89 ($3.8940776101884773)

Net profit = (Gross Profit - Gas Cost [Avg])
$3.78 = ($3.89 - $0.11) $3.7829940269516977 = ($3.8940776101884773 - $0.11108358323677975)


5b. 7 Claim(s):

Total gas cost: 7 Claim(s) (USD): $0.13 ($0.13011207305412698)

Claim Reward: 6 Claim(s) (WEI): 0.001265929575988518 WETH (1265929575988518 wei)
Claim Reward: 6 Claim(s) (USD): $3.89 ($3.8940776101884773)

Next Claim Reward: 7 Claim(s) (WEI): 0.001476917838653271 WETH (1476917838653271 wei)
Next Claim Reward: 7 Claim(s) (USD): $4.54 ($4.543090545219891)

Net profit = (Gross Profit - Gas Cost [Avg])
$4.41 = ($4.54 - $0.13) $4.412978472165764 = ($4.543090545219891 - $0.13011207305412698)


5b. 8 Claim(s):

Total gas cost: 8 Claim(s) (USD): $0.15 ($0.14914056287147417)

Claim Reward: 7 Claim(s) (WEI): 0.001476917838653271 WETH (1476917838653271 wei)
Claim Reward: 7 Claim(s) (USD): $4.54 ($4.543090545219891)

Next Claim Reward: 8 Claim(s) (WEI): 0.001687906101318024 WETH (1687906101318024 wei)
Next Claim Reward: 8 Claim(s) (USD): $5.19 ($5.192103480251303)

Net profit = (Gross Profit - Gas Cost [Avg])
$5.04 = ($5.19 - $0.15) $5.042962917379829 = ($5.192103480251303 - $0.14914056287147417)


5b. 9 Claim(s):

Total gas cost: 9 Claim(s) (USD): $0.17 ($0.1681690526888214)

Claim Reward: 8 Claim(s) (WEI): 0.001687906101318024 WETH (1687906101318024 wei)
Claim Reward: 8 Claim(s) (USD): $5.19 ($5.192103480251303)

Next Claim Reward: 9 Claim(s) (WEI): 0.001898894363982777 WETH (1898894363982777 wei)
Next Claim Reward: 9 Claim(s) (USD): $5.84 ($5.841116415282716)

Net profit = (Gross Profit - Gas Cost [Avg])
$5.67 = ($5.84 - $0.17) $5.672947362593895 = ($5.841116415282716 - $0.1681690526888214)


5b. 10 Claim(s):

Total gas cost: 10 Claim(s) (USD): $0.19 ($0.18719754250616863)

Claim Reward: 9 Claim(s) (WEI): 0.001898894363982777 WETH (1898894363982777 wei)
Claim Reward: 9 Claim(s) (USD): $5.84 ($5.841116415282716)

Next Claim Reward: 10 Claim(s) (WEI): 0.00210988262664753 WETH (2109882626647530 wei)
Next Claim Reward: 10 Claim(s) (USD): $6.49 ($6.490129350314128)

Net profit = (Gross Profit - Gas Cost [Avg])
$6.3 = ($6.49 - $0.19) $6.30293180780796 = ($6.490129350314128 - $0.18719754250616863)


5b. 11 Claim(s):

Total gas cost: 11 Claim(s) (USD): $0.21 ($0.20622603232351586)

Claim Reward: 10 Claim(s) (WEI): 0.00210988262664753 WETH (2109882626647530 wei)
Claim Reward: 10 Claim(s) (USD): $6.49 ($6.490129350314128)

Next Claim Reward: 11 Claim(s) (WEI): 0.002320870889312283 WETH (2320870889312283 wei)
Next Claim Reward: 11 Claim(s) (USD): $7.14 ($7.139142285345542)

Net profit = (Gross Profit - Gas Cost [Avg])
$6.93 = ($7.14 - $0.21) $6.932916253022027 = ($7.139142285345542 - $0.20622603232351586)


5b. 12 Claim(s):

Total gas cost: 12 Claim(s) (USD): $0.23 ($0.22525452214086306)

Claim Reward: 11 Claim(s) (WEI): 0.002320870889312283 WETH (2320870889312283 wei)
Claim Reward: 11 Claim(s) (USD): $7.14 ($7.139142285345542)

Next Claim Reward: 12 Claim(s) (WEI): 0.002531859151977036 WETH (2531859151977036 wei)
Next Claim Reward: 12 Claim(s) (USD): $7.79 ($7.788155220376955)

Net profit = (Gross Profit - Gas Cost [Avg])
$7.56 = ($7.79 - $0.23) $7.562900698236092 = ($7.788155220376955 - $0.22525452214086306)


5b. 13 Claim(s):

Total gas cost: 13 Claim(s) (USD): $0.24 ($0.24428301195821028)

Claim Reward: 12 Claim(s) (WEI): 0.002531859151977036 WETH (2531859151977036 wei)
Claim Reward: 12 Claim(s) (USD): $7.79 ($7.788155220376955)

Next Claim Reward: 13 Claim(s) (WEI): 0.002742847414641789 WETH (2742847414641789 wei)
Next Claim Reward: 13 Claim(s) (USD): $8.44 ($8.437168155408367)

Net profit = (Gross Profit - Gas Cost [Avg])
$8.19 = ($8.44 - $0.24) $8.192885143450157 = ($8.437168155408367 - $0.24428301195821028)


5b. 14 Claim(s):

Total gas cost: 14 Claim(s) (USD): $0.26 ($0.2633115017755575)

Claim Reward: 13 Claim(s) (WEI): 0.002742847414641789 WETH (2742847414641789 wei)
Claim Reward: 13 Claim(s) (USD): $8.44 ($8.437168155408367)

Next Claim Reward: 14 Claim(s) (WEI): 0.002953835677306542 WETH (2953835677306542 wei)
Next Claim Reward: 14 Claim(s) (USD): $9.09 ($9.086181090439782)

Net profit = (Gross Profit - Gas Cost [Avg])
$8.82 = ($9.09 - $0.26) $8.822869588664224 = ($9.086181090439782 - $0.2633115017755575)


5b. 15 Claim(s):

Total gas cost: 15 Claim(s) (USD): $0.28 ($0.28233999159290474)

Claim Reward: 14 Claim(s) (WEI): 0.002953835677306542 WETH (2953835677306542 wei)
Claim Reward: 14 Claim(s) (USD): $9.09 ($9.086181090439782)

Next Claim Reward: 15 Claim(s) (WEI): 0.003164823939971295 WETH (3164823939971295 wei)
Next Claim Reward: 15 Claim(s) (USD): $9.74 ($9.735194025471193)

Net profit = (Gross Profit - Gas Cost [Avg])
$9.45 = ($9.74 - $0.28) $9.452854033878289 = ($9.735194025471193 - $0.28233999159290474)


5b. 16 Claim(s):

Total gas cost: 16 Claim(s) (USD): $0.3 ($0.30136848141025196)

Claim Reward: 15 Claim(s) (WEI): 0.003164823939971295 WETH (3164823939971295 wei)
Claim Reward: 15 Claim(s) (USD): $9.74 ($9.735194025471193)

Next Claim Reward: 16 Claim(s) (WEI): 0.003375812202636048 WETH (3375812202636048 wei)
Next Claim Reward: 16 Claim(s) (USD): $10.38 ($10.384206960502606)

Net profit = (Gross Profit - Gas Cost [Avg])
$10.08 = ($10.38 - $0.3) $10.082838479092354 = ($10.384206960502606 - $0.30136848141025196)


5b. 17 Claim(s):

Total gas cost: 17 Claim(s) (USD): $0.32 ($0.3203969712275992)

Claim Reward: 16 Claim(s) (WEI): 0.003375812202636048 WETH (3375812202636048 wei)
Claim Reward: 16 Claim(s) (USD): $10.38 ($10.384206960502606)

Next Claim Reward: 17 Claim(s) (WEI): 0.003586800465300801 WETH (3586800465300801 wei)
Next Claim Reward: 17 Claim(s) (USD): $11.03 ($11.03321989553402)

Net profit = (Gross Profit - Gas Cost [Avg])
$10.71 = ($11.03 - $0.32) $10.71282292430642 = ($11.03321989553402 - $0.3203969712275992)


5b. 18 Claim(s):

Total gas cost: 18 Claim(s) (USD): $0.34 ($0.3394254610449464)

Claim Reward: 17 Claim(s) (WEI): 0.003586800465300801 WETH (3586800465300801 wei)
Claim Reward: 17 Claim(s) (USD): $11.03 ($11.03321989553402)

Next Claim Reward: 18 Claim(s) (WEI): 0.003797788727965554 WETH (3797788727965554 wei)
Next Claim Reward: 18 Claim(s) (USD): $11.68 ($11.682232830565432)

Net profit = (Gross Profit - Gas Cost [Avg])
$11.34 = ($11.68 - $0.34) $11.342807369520486 = ($11.682232830565432 - $0.3394254610449464)


5b. 19 Claim(s):

Total gas cost: 19 Claim(s) (USD): $0.36 ($0.35845395086229365)

Claim Reward: 18 Claim(s) (WEI): 0.003797788727965554 WETH (3797788727965554 wei)
Claim Reward: 18 Claim(s) (USD): $11.68 ($11.682232830565432)

Next Claim Reward: 19 Claim(s) (WEI): 0.004008776990630307 WETH (4008776990630307 wei)
Next Claim Reward: 19 Claim(s) (USD): $12.33 ($12.331245765596845)

Net profit = (Gross Profit - Gas Cost [Avg])
$11.97 = ($12.33 - $0.36) $11.972791814734553 = ($12.331245765596845 - $0.35845395086229365)


5b. 20 Claim(s):

Total gas cost: 20 Claim(s) (USD): $0.38 ($0.3774824406796409)

Claim Reward: 19 Claim(s) (WEI): 0.004008776990630307 WETH (4008776990630307 wei)
Claim Reward: 19 Claim(s) (USD): $12.33 ($12.331245765596845)

Next Claim Reward: 20 Claim(s) (WEI): 0.00421976525329506 WETH (4219765253295060 wei)
Next Claim Reward: 20 Claim(s) (USD): $12.98 ($12.980258700628257)

Net profit = (Gross Profit - Gas Cost [Avg])
$12.6 = ($12.98 - $0.38) $12.602776259948616 = ($12.980258700628257 - $0.3774824406796409)


5b. 21 Claim(s):

Total gas cost: 21 Claim(s) (USD): $0.4 ($0.3965109304969881)

Claim Reward: 20 Claim(s) (WEI): 0.00421976525329506 WETH (4219765253295060 wei)
Claim Reward: 20 Claim(s) (USD): $12.98 ($12.980258700628257)

Next Claim Reward: 21 Claim(s) (WEI): 0.004430753515959813 WETH (4430753515959813 wei)
Next Claim Reward: 21 Claim(s) (USD): $13.63 ($13.629271635659672)

Net profit = (Gross Profit - Gas Cost [Avg])
$13.23 = ($13.63 - $0.4) $13.232760705162683 = ($13.629271635659672 - $0.3965109304969881)


5b. 22 Claim(s):

Total gas cost: 22 Claim(s) (USD): $0.42 ($0.4155394203143353)

Claim Reward: 21 Claim(s) (WEI): 0.004430753515959813 WETH (4430753515959813 wei)
Claim Reward: 21 Claim(s) (USD): $13.63 ($13.629271635659672)

Next Claim Reward: 22 Claim(s) (WEI): 0.004641741778624566 WETH (4641741778624566 wei)
Next Claim Reward: 22 Claim(s) (USD): $14.28 ($14.278284570691085)

Net profit = (Gross Profit - Gas Cost [Avg])
$13.86 = ($14.28 - $0.42) $13.86274515037675 = ($14.278284570691085 - $0.4155394203143353)


5b. 23 Claim(s):

Total gas cost: 23 Claim(s) (USD): $0.43 ($0.4345679101316825)

Claim Reward: 22 Claim(s) (WEI): 0.004641741778624566 WETH (4641741778624566 wei)
Claim Reward: 22 Claim(s) (USD): $14.28 ($14.278284570691085)

Next Claim Reward: 23 Claim(s) (WEI): 0.004852730041289319 WETH (4852730041289319 wei)
Next Claim Reward: 23 Claim(s) (USD): $14.93 ($14.927297505722496)

Net profit = (Gross Profit - Gas Cost [Avg])
$14.49 = ($14.93 - $0.43) $14.492729595590813 = ($14.927297505722496 - $0.4345679101316825)


5b. 24 Claim(s):

Total gas cost: 24 Claim(s) (USD): $0.45 ($0.4535963999490297)

Claim Reward: 23 Claim(s) (WEI): 0.004852730041289319 WETH (4852730041289319 wei)
Claim Reward: 23 Claim(s) (USD): $14.93 ($14.927297505722496)

Next Claim Reward: 24 Claim(s) (WEI): 0.005063718303954072 WETH (5063718303954072 wei)
Next Claim Reward: 24 Claim(s) (USD): $15.58 ($15.57631044075391)

Net profit = (Gross Profit - Gas Cost [Avg])
$15.12 = ($15.58 - $0.45) $15.12271404080488 = ($15.57631044075391 - $0.4535963999490297)


5b. 25 Claim(s):

Total gas cost: 25 Claim(s) (USD): $0.47 ($0.47262488976637695)

Claim Reward: 24 Claim(s) (WEI): 0.005063718303954072 WETH (5063718303954072 wei)
Claim Reward: 24 Claim(s) (USD): $15.58 ($15.57631044075391)

Next Claim Reward: 25 Claim(s) (WEI): 0.005274706566618825 WETH (5274706566618825 wei)
Next Claim Reward: 25 Claim(s) (USD): $16.23 ($16.225323375785322)

Net profit = (Gross Profit - Gas Cost [Avg])
$15.75 = ($16.23 - $0.47) $15.752698486018945 = ($16.225323375785322 - $0.47262488976637695)


5b. 26 Claim(s):

Total gas cost: 26 Claim(s) (USD): $0.49 ($0.4916533795837242)

Claim Reward: 25 Claim(s) (WEI): 0.005274706566618825 WETH (5274706566618825 wei)
Claim Reward: 25 Claim(s) (USD): $16.23 ($16.225323375785322)

Next Claim Reward: 26 Claim(s) (WEI): 0.005485694829283578 WETH (5485694829283578 wei)
Next Claim Reward: 26 Claim(s) (USD): $16.87 ($16.874336310816734)

Net profit = (Gross Profit - Gas Cost [Avg])
$16.38 = ($16.87 - $0.49) $16.38268293123301 = ($16.874336310816734 - $0.4916533795837242)


5b. 27 Claim(s):

Total gas cost: 27 Claim(s) (USD): $0.51 ($0.5106818694010714)

Claim Reward: 26 Claim(s) (WEI): 0.005485694829283578 WETH (5485694829283578 wei)
Claim Reward: 26 Claim(s) (USD): $16.87 ($16.874336310816734)

Next Claim Reward: 27 Claim(s) (WEI): 0.005696683091948331 WETH (5696683091948331 wei)
Next Claim Reward: 27 Claim(s) (USD): $17.52 ($17.52334924584815)

Net profit = (Gross Profit - Gas Cost [Avg])
$17.01 = ($17.52 - $0.51) $17.012667376447077 = ($17.52334924584815 - $0.5106818694010714)


5b. 28 Claim(s):

Total gas cost: 28 Claim(s) (USD): $0.53 ($0.5297103592184186)

Claim Reward: 27 Claim(s) (WEI): 0.005696683091948331 WETH (5696683091948331 wei)
Claim Reward: 27 Claim(s) (USD): $17.52 ($17.52334924584815)

Next Claim Reward: 28 Claim(s) (WEI): 0.005907671354613084 WETH (5907671354613084 wei)
Next Claim Reward: 28 Claim(s) (USD): $18.17 ($18.172362180879563)

Net profit = (Gross Profit - Gas Cost [Avg])
$17.64 = ($18.17 - $0.53) $17.642651821661143 = ($18.172362180879563 - $0.5297103592184186)


5b. 29 Claim(s):

Total gas cost: 29 Claim(s) (USD): $0.55 ($0.5487388490357658)

Claim Reward: 28 Claim(s) (WEI): 0.005907671354613084 WETH (5907671354613084 wei)
Claim Reward: 28 Claim(s) (USD): $18.17 ($18.172362180879563)

Next Claim Reward: 29 Claim(s) (WEI): 0.006118659617277837 WETH (6118659617277837 wei)
Next Claim Reward: 29 Claim(s) (USD): $18.82 ($18.821375115910975)

Net profit = (Gross Profit - Gas Cost [Avg])
$18.27 = ($18.82 - $0.55) $18.27263626687521 = ($18.821375115910975 - $0.5487388490357658)


5b. 30 Claim(s):

Total gas cost: 30 Claim(s) (USD): $0.57 ($0.567767338853113)

Claim Reward: 29 Claim(s) (WEI): 0.006118659617277837 WETH (6118659617277837 wei)
Claim Reward: 29 Claim(s) (USD): $18.82 ($18.821375115910975)

Next Claim Reward: 30 Claim(s) (WEI): 0.00632964787994259 WETH (6329647879942590 wei)
Next Claim Reward: 30 Claim(s) (USD): $19.47 ($19.470388050942386)

Net profit = (Gross Profit - Gas Cost [Avg])
$18.9 = ($19.47 - $0.57) $18.902620712089274 = ($19.470388050942386 - $0.567767338853113)

******************
5c. Profit/Loss (USD):

Net profit = (Gross Profit - Gas Cost [Max])
$18.25 = ($18.82 - $0.57) $18.253607777057862 = ($18.821375115910975 - $0.567767338853113)

Submitting transaction to claim 29 prize(s):

0x33335296c9b020ca3252e4953c11decfdce816b8-0x3Fd197507AA929fEE5674e76Eb20F2f62A18b5B8-4-80
0x33335296c9b020ca3252e4953c11decfdce816b8-0x4E211cf7347133645caF571E018765997A741b22-4-21
0x33335296c9b020ca3252e4953c11decfdce816b8-0x62262BAA77936ce8fD9350d77874209169a756b9-4-18
0x33335296c9b020ca3252e4953c11decfdce816b8-0x4Ab2D486ca9f4184aB8Eb106DB7F878d44247079-4-184
0x33335296c9b020ca3252e4953c11decfdce816b8-0x53Af7B8397666D09E9470305A7BD749F08982317-4-172
0x33335296c9b020ca3252e4953c11decfdce816b8-0xf37481D9DCcBF698ce1cBE9f891C4a5E5e771c67-4-131
0x33335296c9b020ca3252e4953c11decfdce816b8-0x9c453c73039dCB14b346ca1c753998Af725cBAc2-4-134
0x33335296c9b020ca3252e4953c11decfdce816b8-0x60fdf4C8b08Cbe72f1F522AEA01555A2eCEb2e7c-4-104
0x33335296c9b020ca3252e4953c11decfdce816b8-0x4e884516144BFf2116CD9FcD2424AE14ef5c253B-4-86
0x33335296c9b020ca3252e4953c11decfdce816b8-0xBE3fa6142BA93775f9982f37F15D0589A7b5cd96-4-191
0x33335296c9b020ca3252e4953c11decfdce816b8-0x30579F29790C6f0Dd3B9E0062C53De195Bb74C3a-4-158
0x33335296c9b020ca3252e4953c11decfdce816b8-0x7c2845b8Bf6c64A683261F5dC9AF9e3FB0aBde80-4-145
0x33335296c9b020ca3252e4953c11decfdce816b8-0x2Ed66c9c446Ce5614EC79062D568de6C689aCaba-4-187
0x33335296c9b020ca3252e4953c11decfdce816b8-0xa93aB918716E6BfFFE0a74091846De5e7eDEd9ed-4-245
0x33335296c9b020ca3252e4953c11decfdce816b8-0x43f95C13196cEA6371D8B6264Ab7c6784B8A4860-4-143
0x33335296c9b020ca3252e4953c11decfdce816b8-0x431D5D5a6627d124c4A99c01753604F7328dcEB8-4-147
0x33335296c9b020ca3252e4953c11decfdce816b8-0xba58114c09227317476422C4BEd12B9457725cEb-4-203
0x33335296c9b020ca3252e4953c11decfdce816b8-0x6604786328cf91B5AA1D8A08396ECdB91742B15e-4-218
0x33335296c9b020ca3252e4953c11decfdce816b8-0x4d28E7a3426867385B51019485ccD414eD60aaeF-4-204
0x33335296c9b020ca3252e4953c11decfdce816b8-0x17Ad37Cf7e2E0CC7C3340b7957e35f4F1A092aAc-4-7
0x33335296c9b020ca3252e4953c11decfdce816b8-0x212Aa504d0074ecf3D202978FD024c8A7A1274d5-4-191
0x33335296c9b020ca3252e4953c11decfdce816b8-0x97FAAB2651B1235f847Df40e864975DEFeBB3DC8-4-244
0x33335296c9b020ca3252e4953c11decfdce816b8-0xD874969ba9133f112AEdDc49b69865B418183206-4-137
0x33335296c9b020ca3252e4953c11decfdce816b8-0x06e1a3fEd0F8B3b178bE102ab25A1A15c16D08Ff-4-129
0x33335296c9b020ca3252e4953c11decfdce816b8-0xe71D35cCBaE2433ba609B3c193C6f13D55D83674-4-73
0x33335296c9b020ca3252e4953c11decfdce816b8-0xe71D35cCBaE2433ba609B3c193C6f13D55D83674-4-185
0x33335296c9b020ca3252e4953c11decfdce816b8-0x3623353Bfd25f55d8F549C0e15b6882F4525507A-4-33
0x33335296c9b020ca3252e4953c11decfdce816b8-0x3ce046c5f5Ff633920e7288fC6d30ee64928241F-4-112
0x33335296c9b020ca3252e4953c11decfdce816b8-0x169f7Ce2A99d28eD55a6Fb2bF51cD99B5ecc71c6-4-12



Execute Claim Transaction for Tier #4



Transaction sent! ✔
Transaction hash: 0xdfdd7c3d67742ddf8f4b004b3019d9602fc550da55cd65b6ae788a197bac3a4f
Waiting on transaction to be confirmed ...
Tx confirmed !




******************
Processing:
Vault:     0x7fad91a4a29109303188d8758f1a9d60ce988349
Tier:      #4
# prizes:  112

5a. Calculating # of profitable claims ...

Native (Gas) Token ETH Market Rate (USD): $3077.74

Estimated gas limit (wei) (1 prize claim): 0.000000000000222717 ETH (222717 wei)
Estimated gas limit (wei) (2 prize claims): 0.000000000000319845 ETH (319845 wei)

Gas Cost: First Claim (wei): 0.000000000000222717 ETH (222717 wei)
Gas Cost: Each Following Claim (wei): 0.000000000000097128 ETH (97128 wei)

Gas Cost: First Claim (USD): $0.02 $0.0178036858462344
Gas Cost: Each Following Claim (USD): $0.02 $0.02132528830915556

5b. 1 Claim(s):

Total gas cost: 1 Claim(s) (USD): $0.02 ($0.0178036858462344)

Next Claim Reward: 1 Claim(s) (WEI): 0.000210988262664753 WETH (210988262664753 wei)
Next Claim Reward: 1 Claim(s) (USD): $0.65 ($0.6490129350314129)

Net profit = (Gross Profit - Gas Cost [Avg])
$0.63 = ($0.65 - $0.02) $0.6312092491851785 = ($0.6490129350314129 - $0.0178036858462344)


5b. 2 Claim(s):

Total gas cost: 2 Claim(s) (USD): $0.04 ($0.03912897415538996)

Claim Reward: 1 Claim(s) (WEI): 0.000210988262664753 WETH (210988262664753 wei)
Claim Reward: 1 Claim(s) (USD): $0.65 ($0.6490129350314129)

Next Claim Reward: 2 Claim(s) (WEI): 0.000421976525329506 WETH (421976525329506 wei)
Next Claim Reward: 2 Claim(s) (USD): $1.3 ($1.2980258700628258)

Net profit = (Gross Profit - Gas Cost [Avg])
$1.26 = ($1.3 - $0.04) $1.2588968959074358 = ($1.2980258700628258 - $0.03912897415538996)


5b. 3 Claim(s):

Total gas cost: 3 Claim(s) (USD): $0.06 ($0.06045426246454552)

Claim Reward: 2 Claim(s) (WEI): 0.000421976525329506 WETH (421976525329506 wei)
Claim Reward: 2 Claim(s) (USD): $1.3 ($1.2980258700628258)

Next Claim Reward: 3 Claim(s) (WEI): 0.000632964787994259 WETH (632964787994259 wei)
Next Claim Reward: 3 Claim(s) (USD): $1.95 ($1.9470388050942387)

Net profit = (Gross Profit - Gas Cost [Avg])
$1.89 = ($1.95 - $0.06) $1.8865845426296932 = ($1.9470388050942387 - $0.06045426246454552)


5b. 4 Claim(s):

Total gas cost: 4 Claim(s) (USD): $0.08 ($0.08177955077370108)

Claim Reward: 3 Claim(s) (WEI): 0.000632964787994259 WETH (632964787994259 wei)
Claim Reward: 3 Claim(s) (USD): $1.95 ($1.9470388050942387)

Next Claim Reward: 4 Claim(s) (WEI): 0.000843953050659012 WETH (843953050659012 wei)
Next Claim Reward: 4 Claim(s) (USD): $2.6 ($2.5960517401256515)

Net profit = (Gross Profit - Gas Cost [Avg])
$2.51 = ($2.6 - $0.08) $2.5142721893519506 = ($2.5960517401256515 - $0.08177955077370108)


5b. 5 Claim(s):

Total gas cost: 5 Claim(s) (USD): $0.1 ($0.10310483908285664)

Claim Reward: 4 Claim(s) (WEI): 0.000843953050659012 WETH (843953050659012 wei)
Claim Reward: 4 Claim(s) (USD): $2.6 ($2.5960517401256515)

Next Claim Reward: 5 Claim(s) (WEI): 0.001054941313323765 WETH (1054941313323765 wei)
Next Claim Reward: 5 Claim(s) (USD): $3.25 ($3.245064675157064)

Net profit = (Gross Profit - Gas Cost [Avg])
$3.14 = ($3.25 - $0.1) $3.1419598360742076 = ($3.245064675157064 - $0.10310483908285664)


5b. 6 Claim(s):

Total gas cost: 6 Claim(s) (USD): $0.12 ($0.1244301273920122)

Claim Reward: 5 Claim(s) (WEI): 0.001054941313323765 WETH (1054941313323765 wei)
Claim Reward: 5 Claim(s) (USD): $3.25 ($3.245064675157064)

Next Claim Reward: 6 Claim(s) (WEI): 0.001265929575988518 WETH (1265929575988518 wei)
Next Claim Reward: 6 Claim(s) (USD): $3.89 ($3.8940776101884773)

Net profit = (Gross Profit - Gas Cost [Avg])
$3.77 = ($3.89 - $0.12) $3.769647482796465 = ($3.8940776101884773 - $0.1244301273920122)


5b. 7 Claim(s):

Total gas cost: 7 Claim(s) (USD): $0.15 ($0.14575541570116776)

Claim Reward: 6 Claim(s) (WEI): 0.001265929575988518 WETH (1265929575988518 wei)
Claim Reward: 6 Claim(s) (USD): $3.89 ($3.8940776101884773)

Next Claim Reward: 7 Claim(s) (WEI): 0.001476917838653271 WETH (1476917838653271 wei)
Next Claim Reward: 7 Claim(s) (USD): $4.54 ($4.543090545219891)

Net profit = (Gross Profit - Gas Cost [Avg])
$4.4 = ($4.54 - $0.15) $4.397335129518723 = ($4.543090545219891 - $0.14575541570116776)


5b. 8 Claim(s):

Total gas cost: 8 Claim(s) (USD): $0.17 ($0.16708070401032332)

Claim Reward: 7 Claim(s) (WEI): 0.001476917838653271 WETH (1476917838653271 wei)
Claim Reward: 7 Claim(s) (USD): $4.54 ($4.543090545219891)

Next Claim Reward: 8 Claim(s) (WEI): 0.001687906101318024 WETH (1687906101318024 wei)
Next Claim Reward: 8 Claim(s) (USD): $5.19 ($5.192103480251303)

Net profit = (Gross Profit - Gas Cost [Avg])
$5.03 = ($5.19 - $0.17) $5.02502277624098 = ($5.192103480251303 - $0.16708070401032332)


5b. 9 Claim(s):

Total gas cost: 9 Claim(s) (USD): $0.19 ($0.18840599231947888)

Claim Reward: 8 Claim(s) (WEI): 0.001687906101318024 WETH (1687906101318024 wei)
Claim Reward: 8 Claim(s) (USD): $5.19 ($5.192103480251303)

Next Claim Reward: 9 Claim(s) (WEI): 0.001898894363982777 WETH (1898894363982777 wei)
Next Claim Reward: 9 Claim(s) (USD): $5.84 ($5.841116415282716)

Net profit = (Gross Profit - Gas Cost [Avg])
$5.65 = ($5.84 - $0.19) $5.652710422963238 = ($5.841116415282716 - $0.18840599231947888)


5b. 10 Claim(s):

Total gas cost: 10 Claim(s) (USD): $0.21 ($0.20973128062863444)

Claim Reward: 9 Claim(s) (WEI): 0.001898894363982777 WETH (1898894363982777 wei)
Claim Reward: 9 Claim(s) (USD): $5.84 ($5.841116415282716)

Next Claim Reward: 10 Claim(s) (WEI): 0.00210988262664753 WETH (2109882626647530 wei)
Next Claim Reward: 10 Claim(s) (USD): $6.49 ($6.490129350314128)

Net profit = (Gross Profit - Gas Cost [Avg])
$6.28 = ($6.49 - $0.21) $6.280398069685494 = ($6.490129350314128 - $0.20973128062863444)


5b. 11 Claim(s):

Total gas cost: 11 Claim(s) (USD): $0.23 ($0.23105656893779)

Claim Reward: 10 Claim(s) (WEI): 0.00210988262664753 WETH (2109882626647530 wei)
Claim Reward: 10 Claim(s) (USD): $6.49 ($6.490129350314128)

Next Claim Reward: 11 Claim(s) (WEI): 0.002320870889312283 WETH (2320870889312283 wei)
Next Claim Reward: 11 Claim(s) (USD): $7.14 ($7.139142285345542)

Net profit = (Gross Profit - Gas Cost [Avg])
$6.91 = ($7.14 - $0.23) $6.9080857164077525 = ($7.139142285345542 - $0.23105656893779)


5b. 12 Claim(s):

Total gas cost: 12 Claim(s) (USD): $0.25 ($0.25238185724694556)

Claim Reward: 11 Claim(s) (WEI): 0.002320870889312283 WETH (2320870889312283 wei)
Claim Reward: 11 Claim(s) (USD): $7.14 ($7.139142285345542)

Next Claim Reward: 12 Claim(s) (WEI): 0.002531859151977036 WETH (2531859151977036 wei)
Next Claim Reward: 12 Claim(s) (USD): $7.79 ($7.788155220376955)

Net profit = (Gross Profit - Gas Cost [Avg])
$7.54 = ($7.79 - $0.25) $7.5357733631300095 = ($7.788155220376955 - $0.25238185724694556)


5b. 13 Claim(s):

Total gas cost: 13 Claim(s) (USD): $0.27 ($0.2737071455561011)

Claim Reward: 12 Claim(s) (WEI): 0.002531859151977036 WETH (2531859151977036 wei)
Claim Reward: 12 Claim(s) (USD): $7.79 ($7.788155220376955)

Next Claim Reward: 13 Claim(s) (WEI): 0.002742847414641789 WETH (2742847414641789 wei)
Next Claim Reward: 13 Claim(s) (USD): $8.44 ($8.437168155408367)

Net profit = (Gross Profit - Gas Cost [Avg])
$8.16 = ($8.44 - $0.27) $8.163461009852266 = ($8.437168155408367 - $0.2737071455561011)


5b. 14 Claim(s):

Total gas cost: 14 Claim(s) (USD): $0.3 ($0.2950324338652567)

Claim Reward: 13 Claim(s) (WEI): 0.002742847414641789 WETH (2742847414641789 wei)
Claim Reward: 13 Claim(s) (USD): $8.44 ($8.437168155408367)

Next Claim Reward: 14 Claim(s) (WEI): 0.002953835677306542 WETH (2953835677306542 wei)
Next Claim Reward: 14 Claim(s) (USD): $9.09 ($9.086181090439782)

Net profit = (Gross Profit - Gas Cost [Avg])
$8.79 = ($9.09 - $0.3) $8.791148656574524 = ($9.086181090439782 - $0.2950324338652567)


5b. 15 Claim(s):

Total gas cost: 15 Claim(s) (USD): $0.32 ($0.31635772217441227)

Claim Reward: 14 Claim(s) (WEI): 0.002953835677306542 WETH (2953835677306542 wei)
Claim Reward: 14 Claim(s) (USD): $9.09 ($9.086181090439782)

Next Claim Reward: 15 Claim(s) (WEI): 0.003164823939971295 WETH (3164823939971295 wei)
Next Claim Reward: 15 Claim(s) (USD): $9.74 ($9.735194025471193)

Net profit = (Gross Profit - Gas Cost [Avg])
$9.42 = ($9.74 - $0.32) $9.41883630329678 = ($9.735194025471193 - $0.31635772217441227)


5b. 16 Claim(s):

Total gas cost: 16 Claim(s) (USD): $0.34 ($0.33768301048356775)

Claim Reward: 15 Claim(s) (WEI): 0.003164823939971295 WETH (3164823939971295 wei)
Claim Reward: 15 Claim(s) (USD): $9.74 ($9.735194025471193)

Next Claim Reward: 16 Claim(s) (WEI): 0.003375812202636048 WETH (3375812202636048 wei)
Next Claim Reward: 16 Claim(s) (USD): $10.38 ($10.384206960502606)

Net profit = (Gross Profit - Gas Cost [Avg])
$10.05 = ($10.38 - $0.34) $10.046523950019038 = ($10.384206960502606 - $0.33768301048356775)


5b. 17 Claim(s):

Total gas cost: 17 Claim(s) (USD): $0.36 ($0.35900829879272333)

Claim Reward: 16 Claim(s) (WEI): 0.003375812202636048 WETH (3375812202636048 wei)
Claim Reward: 16 Claim(s) (USD): $10.38 ($10.384206960502606)

Next Claim Reward: 17 Claim(s) (WEI): 0.003586800465300801 WETH (3586800465300801 wei)
Next Claim Reward: 17 Claim(s) (USD): $11.03 ($11.03321989553402)

Net profit = (Gross Profit - Gas Cost [Avg])
$10.67 = ($11.03 - $0.36) $10.674211596741296 = ($11.03321989553402 - $0.35900829879272333)


5b. 18 Claim(s):

Total gas cost: 18 Claim(s) (USD): $0.38 ($0.3803335871018789)

Claim Reward: 17 Claim(s) (WEI): 0.003586800465300801 WETH (3586800465300801 wei)
Claim Reward: 17 Claim(s) (USD): $11.03 ($11.03321989553402)

Next Claim Reward: 18 Claim(s) (WEI): 0.003797788727965554 WETH (3797788727965554 wei)
Next Claim Reward: 18 Claim(s) (USD): $11.68 ($11.682232830565432)

Net profit = (Gross Profit - Gas Cost [Avg])
$11.3 = ($11.68 - $0.38) $11.301899243463554 = ($11.682232830565432 - $0.3803335871018789)


5b. 19 Claim(s):

Total gas cost: 19 Claim(s) (USD): $0.4 ($0.4016588754110345)

Claim Reward: 18 Claim(s) (WEI): 0.003797788727965554 WETH (3797788727965554 wei)
Claim Reward: 18 Claim(s) (USD): $11.68 ($11.682232830565432)

Next Claim Reward: 19 Claim(s) (WEI): 0.004008776990630307 WETH (4008776990630307 wei)
Next Claim Reward: 19 Claim(s) (USD): $12.33 ($12.331245765596845)

Net profit = (Gross Profit - Gas Cost [Avg])
$11.93 = ($12.33 - $0.4) $11.929586890185812 = ($12.331245765596845 - $0.4016588754110345)


5b. 20 Claim(s):

Total gas cost: 20 Claim(s) (USD): $0.42 ($0.42298416372019)

Claim Reward: 19 Claim(s) (WEI): 0.004008776990630307 WETH (4008776990630307 wei)
Claim Reward: 19 Claim(s) (USD): $12.33 ($12.331245765596845)

Next Claim Reward: 20 Claim(s) (WEI): 0.00421976525329506 WETH (4219765253295060 wei)
Next Claim Reward: 20 Claim(s) (USD): $12.98 ($12.980258700628257)

Net profit = (Gross Profit - Gas Cost [Avg])
$12.56 = ($12.98 - $0.42) $12.557274536908066 = ($12.980258700628257 - $0.42298416372019)


5b. 21 Claim(s):

Total gas cost: 21 Claim(s) (USD): $0.44 ($0.4443094520293456)

Claim Reward: 20 Claim(s) (WEI): 0.00421976525329506 WETH (4219765253295060 wei)
Claim Reward: 20 Claim(s) (USD): $12.98 ($12.980258700628257)

Next Claim Reward: 21 Claim(s) (WEI): 0.004430753515959813 WETH (4430753515959813 wei)
Next Claim Reward: 21 Claim(s) (USD): $13.63 ($13.629271635659672)

Net profit = (Gross Profit - Gas Cost [Avg])
$13.18 = ($13.63 - $0.44) $13.184962183630326 = ($13.629271635659672 - $0.4443094520293456)


5b. 22 Claim(s):

Total gas cost: 22 Claim(s) (USD): $0.47 ($0.46563474033850116)

Claim Reward: 21 Claim(s) (WEI): 0.004430753515959813 WETH (4430753515959813 wei)
Claim Reward: 21 Claim(s) (USD): $13.63 ($13.629271635659672)

Next Claim Reward: 22 Claim(s) (WEI): 0.004641741778624566 WETH (4641741778624566 wei)
Next Claim Reward: 22 Claim(s) (USD): $14.28 ($14.278284570691085)

Net profit = (Gross Profit - Gas Cost [Avg])
$13.81 = ($14.28 - $0.47) $13.812649830352584 = ($14.278284570691085 - $0.46563474033850116)


5b. 23 Claim(s):

Total gas cost: 23 Claim(s) (USD): $0.49 ($0.48696002864765675)

Claim Reward: 22 Claim(s) (WEI): 0.004641741778624566 WETH (4641741778624566 wei)
Claim Reward: 22 Claim(s) (USD): $14.28 ($14.278284570691085)

Next Claim Reward: 23 Claim(s) (WEI): 0.004852730041289319 WETH (4852730041289319 wei)
Next Claim Reward: 23 Claim(s) (USD): $14.93 ($14.927297505722496)

Net profit = (Gross Profit - Gas Cost [Avg])
$14.44 = ($14.93 - $0.49) $14.44033747707484 = ($14.927297505722496 - $0.48696002864765675)


5b. 24 Claim(s):

Total gas cost: 24 Claim(s) (USD): $0.51 ($0.5082853169568122)

Claim Reward: 23 Claim(s) (WEI): 0.004852730041289319 WETH (4852730041289319 wei)
Claim Reward: 23 Claim(s) (USD): $14.93 ($14.927297505722496)

Next Claim Reward: 24 Claim(s) (WEI): 0.005063718303954072 WETH (5063718303954072 wei)
Next Claim Reward: 24 Claim(s) (USD): $15.58 ($15.57631044075391)

Net profit = (Gross Profit - Gas Cost [Avg])
$15.07 = ($15.58 - $0.51) $15.068025123797097 = ($15.57631044075391 - $0.5082853169568122)


5b. 25 Claim(s):

Total gas cost: 25 Claim(s) (USD): $0.53 ($0.5296106052659678)

Claim Reward: 24 Claim(s) (WEI): 0.005063718303954072 WETH (5063718303954072 wei)
Claim Reward: 24 Claim(s) (USD): $15.58 ($15.57631044075391)

Next Claim Reward: 25 Claim(s) (WEI): 0.005274706566618825 WETH (5274706566618825 wei)
Next Claim Reward: 25 Claim(s) (USD): $16.23 ($16.225323375785322)

Net profit = (Gross Profit - Gas Cost [Avg])
$15.7 = ($16.23 - $0.53) $15.695712770519355 = ($16.225323375785322 - $0.5296106052659678)


5b. 26 Claim(s):

Total gas cost: 26 Claim(s) (USD): $0.55 ($0.5509358935751234)

Claim Reward: 25 Claim(s) (WEI): 0.005274706566618825 WETH (5274706566618825 wei)
Claim Reward: 25 Claim(s) (USD): $16.23 ($16.225323375785322)

Next Claim Reward: 26 Claim(s) (WEI): 0.005485694829283578 WETH (5485694829283578 wei)
Next Claim Reward: 26 Claim(s) (USD): $16.87 ($16.874336310816734)

Net profit = (Gross Profit - Gas Cost [Avg])
$16.32 = ($16.87 - $0.55) $16.32340041724161 = ($16.874336310816734 - $0.5509358935751234)


5b. 27 Claim(s):

Total gas cost: 27 Claim(s) (USD): $0.57 ($0.572261181884279)

Claim Reward: 26 Claim(s) (WEI): 0.005485694829283578 WETH (5485694829283578 wei)
Claim Reward: 26 Claim(s) (USD): $16.87 ($16.874336310816734)

Next Claim Reward: 27 Claim(s) (WEI): 0.005696683091948331 WETH (5696683091948331 wei)
Next Claim Reward: 27 Claim(s) (USD): $17.52 ($17.52334924584815)

Net profit = (Gross Profit - Gas Cost [Avg])
$16.95 = ($17.52 - $0.57) $16.95108806396387 = ($17.52334924584815 - $0.572261181884279)


5b. 28 Claim(s):

Total gas cost: 28 Claim(s) (USD): $0.59 ($0.5935864701934345)

Claim Reward: 27 Claim(s) (WEI): 0.005696683091948331 WETH (5696683091948331 wei)
Claim Reward: 27 Claim(s) (USD): $17.52 ($17.52334924584815)

Next Claim Reward: 28 Claim(s) (WEI): 0.005907671354613084 WETH (5907671354613084 wei)
Next Claim Reward: 28 Claim(s) (USD): $18.17 ($18.172362180879563)

Net profit = (Gross Profit - Gas Cost [Avg])
$17.58 = ($18.17 - $0.59) $17.57877571068613 = ($18.172362180879563 - $0.5935864701934345)


5b. 29 Claim(s):

Total gas cost: 29 Claim(s) (USD): $0.61 ($0.6149117585025901)

Claim Reward: 28 Claim(s) (WEI): 0.005907671354613084 WETH (5907671354613084 wei)
Claim Reward: 28 Claim(s) (USD): $18.17 ($18.172362180879563)

Next Claim Reward: 29 Claim(s) (WEI): 0.006118659617277837 WETH (6118659617277837 wei)
Next Claim Reward: 29 Claim(s) (USD): $18.82 ($18.821375115910975)

Net profit = (Gross Profit - Gas Cost [Avg])
$18.21 = ($18.82 - $0.61) $18.206463357408385 = ($18.821375115910975 - $0.6149117585025901)


5b. 30 Claim(s):

Total gas cost: 30 Claim(s) (USD): $0.64 ($0.6362370468117456)

Claim Reward: 29 Claim(s) (WEI): 0.006118659617277837 WETH (6118659617277837 wei)
Claim Reward: 29 Claim(s) (USD): $18.82 ($18.821375115910975)

Next Claim Reward: 30 Claim(s) (WEI): 0.00632964787994259 WETH (6329647879942590 wei)
Next Claim Reward: 30 Claim(s) (USD): $19.47 ($19.470388050942386)

Net profit = (Gross Profit - Gas Cost [Avg])
$18.83 = ($19.47 - $0.64) $18.83415100413064 = ($19.470388050942386 - $0.6362370468117456)

******************
5c. Profit/Loss (USD):

Net profit = (Gross Profit - Gas Cost [Max])
$18.19 = ($18.82 - $0.64) $18.185138069099228 = ($18.821375115910975 - $0.6362370468117456)

Submitting transaction to claim 29 prize(s):

0x7fad91a4a29109303188d8758f1a9d60ce988349-0xc33b1466911B0C4430c4FA94F8c0Ad6155ea807F-4-25
0x7fad91a4a29109303188d8758f1a9d60ce988349-0x03f5612AF1262cEB45842b30EF7DE44c87E6e77F-4-255
0x7fad91a4a29109303188d8758f1a9d60ce988349-0xEf9FcDf648CABf81637705E2B05483b587236a50-4-146
0x7fad91a4a29109303188d8758f1a9d60ce988349-0x64ab54D6449bc7604448fF7E88B47E3014f2674a-4-68
0x7fad91a4a29109303188d8758f1a9d60ce988349-0xEfc07915645E60B894631CcFEc67A418AB1741C4-4-87
0x7fad91a4a29109303188d8758f1a9d60ce988349-0x94B10675Beae0Be70E05e1340E8E863476D4E04f-4-234
0x7fad91a4a29109303188d8758f1a9d60ce988349-0x15e167bdbB6D33049F83CE132CF707Be41d7c60c-4-195
0x7fad91a4a29109303188d8758f1a9d60ce988349-0xf3e0f19b8d0AC0EF06098051d72460E89eEfB1Ae-4-32
0x7fad91a4a29109303188d8758f1a9d60ce988349-0x2547b01B794Dc60fdc59Ad80Cd7BD1A6b58E06a5-4-136
0x7fad91a4a29109303188d8758f1a9d60ce988349-0xcefceF697f58a5155148aFC71b45455d2C9F69bB-4-49
0x7fad91a4a29109303188d8758f1a9d60ce988349-0xF7f70C81c161E4A8Ce2B004eb20564e3e13A35c5-4-113
0x7fad91a4a29109303188d8758f1a9d60ce988349-0x0c3dc0dabF123a7DbeCf3645745558913D5C878b-4-45
0x7fad91a4a29109303188d8758f1a9d60ce988349-0xf67c1d53AeC6CD8945C468b25EeCE6ecaFc855B7-4-156
0x7fad91a4a29109303188d8758f1a9d60ce988349-0xA807DEAf5b5d317804957d62f64720170d8E1aD1-4-118
0x7fad91a4a29109303188d8758f1a9d60ce988349-0x2E8333CF35B5D91378eDDe625E4610577D32a87c-4-216
0x7fad91a4a29109303188d8758f1a9d60ce988349-0x32190a59c8bC86fdDb3407c7A4c28680073E26FE-4-195
0x7fad91a4a29109303188d8758f1a9d60ce988349-0xfA2719B9b1865d2362E449C0ab096Ab08Ae6CBC3-4-143
0x7fad91a4a29109303188d8758f1a9d60ce988349-0x9808e7936a984a89f82C754e961d736B49f4f0bb-4-166
0x7fad91a4a29109303188d8758f1a9d60ce988349-0x03d5177759e2e1EC127Bd1dE00A5e1Fba7dB79b4-4-73
0x7fad91a4a29109303188d8758f1a9d60ce988349-0x420cD5492bF514DbFF21f07267E1A2AD9fcBC372-4-103
0x7fad91a4a29109303188d8758f1a9d60ce988349-0xbC520064a29485952c61531Da9d23d05BC27cF85-4-7
0x7fad91a4a29109303188d8758f1a9d60ce988349-0xAa71e34118325fE4B00eFe099Cd9F70EE35b2567-4-29
0x7fad91a4a29109303188d8758f1a9d60ce988349-0xc560593a4aED6c18D12454Ef96e9641A70b2B908-4-233
0x7fad91a4a29109303188d8758f1a9d60ce988349-0x059C48Cf940BAEa89c4bDfa5D8bf723DC5797b12-4-33
0x7fad91a4a29109303188d8758f1a9d60ce988349-0xe5492aC2066062ddee45CC02AB3Afb5AF26C5048-4-52
0x7fad91a4a29109303188d8758f1a9d60ce988349-0xa882c7Dd68cb5BCdC0Aec0383c4d086E545B430d-4-232
0x7fad91a4a29109303188d8758f1a9d60ce988349-0x497922778D59362eBFE045b3d75B8bE20F8d1168-4-157
0x7fad91a4a29109303188d8758f1a9d60ce988349-0x701264B534866BcE21976872D8383fe5b7964809-4-37
0x7fad91a4a29109303188d8758f1a9d60ce988349-0x6187f1767664d6e0083dF41Ff05FC1320c239e14-4-192



Execute Claim Transaction for Tier #4



Transaction sent! ✔
Transaction hash: 0x0a9052d4772e894e89bb1dbab78e4fdeb0b27fe66e3481cea5e152b00896a808
Waiting on transaction to be confirmed ...
Tx confirmed !




******************
Processing:
Vault:     0x33335296c9b020ca3252e4953c11decfdce816b8
Tier:      #5 (Canary tier)
# prizes:  356

5a. Calculating # of profitable claims ...

Native (Gas) Token ETH Market Rate (USD): $3077.74

Estimated gas limit (wei) (1 prize claim): 0.000000000000185409 ETH (185409 wei)
Estimated gas limit (wei) (2 prize claims): 0.000000000000266108 ETH (266108 wei)

Gas Cost: First Claim (wei): 0.000000000000185409 ETH (185409 wei)
Gas Cost: Each Following Claim (wei): 0.000000000000080699 ETH (80699 wei)

Gas Cost: First Claim (USD): $0.02 $0.017747456038946247
Gas Cost: Each Following Claim (USD): $0.02 $0.021333334828881036

5b. 1 Claim(s):

Total gas cost: 1 Claim(s) (USD): $0.02 ($0.017747456038946247)

Next Claim Reward: 1 Claim(s) (WEI): 0.000012408441886033 WETH (12408441886033 wei)
Next Claim Reward: 1 Claim(s) (USD): $0.04 ($0.03816913408314607)

Net profit = (Gross Profit - Gas Cost [Avg])
$0.02 = ($0.04 - $0.02) $0.02042167804419982 = ($0.03816913408314607 - $0.017747456038946247)

******************
5c. Profit/Loss (USD):

Net profit = (Gross Profit - Gas Cost [Max])
$-0.02 = ($0 - $0.02) $-0.017747456038946247 = ($0 - $0.017747456038946247)

Claiming tier #5 (Canary tier) currently not profitable.
Not profitable to claim for Draw #22, Tier: #5 (Canary tier)




******************
Processing:
Vault:     0x75b2f4b3ec5adf7077f928992524cc547e74f768
Tier:      #5 (Canary tier)
# prizes:  50

Tier #5 (Canary tier) not profitable, skipping ...





******************
Processing:
Vault:     0x7fad91a4a29109303188d8758f1a9d60ce988349
Tier:      #5 (Canary tier)
# prizes:  526

Tier #5 (Canary tier) not profitable, skipping ...





******************
Processing:
Vault:     0x33335296c9b020ca3252e4953c11decfdce816b8
Tier:      #6 (Canary tier)
# prizes:  1535

Tier #6 (Canary tier) not profitable, skipping ...





******************
Processing:
Vault:     0x75b2f4b3ec5adf7077f928992524cc547e74f768
Tier:      #6 (Canary tier)
# prizes:  217

Tier #6 (Canary tier) not profitable, skipping ...





******************
Processing:
Vault:     0x7fad91a4a29109303188d8758f1a9d60ce988349
Tier:      #6 (Canary tier)
# prizes:  2197

Tier #6 (Canary tier) not profitable, skipping ...

