Operating on: 11155420 - Optimism Sepolia

Config - REWARD_RECIPIENT not provided, setting swap recipient to relayer address: 0x06003274c3a7926c04cA8d6903cc691fE8f3CEC2
Config - MIN_PROFIT_THRESHOLD_USD: 0.05

Starting ...
Getting prize pool info ...
Getting prize context ...

******************
1. Prize token: WETH

┌────────────┬──────────────────────────────────────────────┬──────────┬─────────────────┬────────┬──────────────┐
│ (index)    │ address                                      │ decimals │ name            │ symbol │ assetRateUsd │
├────────────┼──────────────────────────────────────────────┼──────────┼─────────────────┼────────┼──────────────┤
│ prizeToken │ '0xC355F97a3Aa2808Acb536E555764b8FB26fB4b37' │ 18       │ 'Wrapped Ether' │ 'WETH' │ 3073.4924    │
└────────────┴──────────────────────────────────────────────┴──────────┴─────────────────┴────────┴──────────────┘
┌─────────┬──────────┬───────────────────────────────┐
│ (index) │ numTiers │ tiersRangeArray               │
├─────────┼──────────┼───────────────────────────────┤
│ tiers   │ 7        │ [ 0, 1, 2, ... 4 more items ] │
└─────────┴──────────┴───────────────────────────────┘
Draw ID: 27
Prize Token WETH MarketRate USD:  $3073.4924

******************
Getting prize vaults ...
Found 6 prize vaults.

627 prizes already claimed for draw #27.
4702 prizes remaining to be claimed...




******************
Processing:
Vault:     0x33335296c9b020ca3252e4953c11decfdce816b8
Tier:      #5 (Canary tier)
# prizes:  305

5a. Calculating # of profitable claims ...

Native (Gas) Token ETH Market Rate (USD): $3070.58

Estimated gas limit (wei) (1 prize claim): 0.000000000000189835 ETH (189835 wei)
Estimated gas limit (wei) (2 prize claims): 0.000000000000274972 ETH (274972 wei)

Gas Cost: First Claim (wei): 0.000000000000189835 ETH (189835 wei)
Gas Cost: Each Following Claim (wei): 0.000000000000085137 ETH (85137 wei)

Gas Cost: First Claim (USD): $0.06 $0.06318053556942466
Gas Cost: Each Following Claim (USD): $0.08 $0.0773155005271008

5b. 1 Claim(s):

Total gas cost: 1 Claim(s) (USD): $0.06 ($0.06318053556942466)

Next Claim Reward: 1 Claim(s) (WEI): 0.000013132948374663 WETH (13132948374663 wei)
Next Claim Reward: 1 Claim(s) (USD): $0.04 ($0.04036401701911908)

Net profit = (Gross Profit - Gas Cost [Avg])
$-0.02 = ($0.04 - $0.06) $-0.022816518550305573 = ($0.04036401701911908 - $0.06318053556942466)

******************
5c. Profit/Loss (USD):

Net profit = (Gross Profit - Gas Cost [Max])
$-0.06 = ($0 - $0.06) $-0.06318053556942466 = ($0 - $0.06318053556942466)

Claiming tier #5 (Canary tier) currently not profitable.
Not profitable to claim for Draw #27, Tier: #5 (Canary tier)




******************
Processing:
Vault:     0x7fad91a4a29109303188d8758f1a9d60ce988349
Tier:      #5 (Canary tier)
# prizes:  454

Tier #5 (Canary tier) not profitable, skipping ...





******************
Processing:
Vault:     0xdea4278d8b01b71523bfd6a8fc36fea67f349e47
Tier:      #5 (Canary tier)
# prizes:  1

Tier #5 (Canary tier) not profitable, skipping ...





******************
Processing:
Vault:     0x33335296c9b020ca3252e4953c11decfdce816b8
Tier:      #6 (Canary tier)
# prizes:  1432

Tier #6 (Canary tier) not profitable, skipping ...





******************
Processing:
Vault:     0x75b2f4b3ec5adf7077f928992524cc547e74f768
Tier:      #6 (Canary tier)
# prizes:  204

Tier #6 (Canary tier) not profitable, skipping ...





******************
Processing:
Vault:     0x7fad91a4a29109303188d8758f1a9d60ce988349
Tier:      #6 (Canary tier)
# prizes:  2298

Tier #6 (Canary tier) not profitable, skipping ...





******************
Processing:
Vault:     0xc0832b2d1380ec5550f86cd6c6bc2e9402c1f55c
Tier:      #6 (Canary tier)
# prizes:  4

Tier #6 (Canary tier) not profitable, skipping ...





******************
Processing:
Vault:     0xdea4278d8b01b71523bfd6a8fc36fea67f349e47
Tier:      #6 (Canary tier)
# prizes:  4

Tier #6 (Canary tier) not profitable, skipping ...

