Operating on: 11155420 - Optimism Sepolia

Config - REWARD_RECIPIENT not provided, setting swap recipient to relayer address: 0x06003274c3a7926c04cA8d6903cc691fE8f3CEC2
Config - MIN_PROFIT_THRESHOLD_USD: -0.3

Starting ...
Getting prize pool info ...
Getting prize context ...

******************
1. Prize token: WETH

┌────────────┬──────────────────────────────────────────────┬──────────┬─────────────────┬────────┬──────────────┐
│ (index)    │ address                                      │ decimals │ name            │ symbol │ assetRateUsd │
├────────────┼──────────────────────────────────────────────┼──────────┼─────────────────┼────────┼──────────────┤
│ prizeToken │ '0xC355F97a3Aa2808Acb536E555764b8FB26fB4b37' │ 18       │ 'Wrapped Ether' │ 'WETH' │ 3077.8992    │
└────────────┴──────────────────────────────────────────────┴──────────┴─────────────────┴────────┴──────────────┘
┌─────────┬──────────┬───────────────────────────────┐
│ (index) │ numTiers │ tiersRangeArray               │
├─────────┼──────────┼───────────────────────────────┤
│ tiers   │ 6        │ [ 0, 1, 2, ... 3 more items ] │
└─────────┴──────────┴───────────────────────────────┘
Draw ID: 11
Prize Token WETH MarketRate USD:  $3077.8992

******************
Getting prize vaults ...
Found 6 prize vaults.

563 prizes already claimed for draw #11.
797 prizes remaining to be claimed...




******************
Processing:
Vault:     0x7fad91a4a29109303188d8758f1a9d60ce988349
Tier:      #4 (Canary tier)
# prizes:  70

5a. Calculating # of profitable claims ...

Native (Gas) Token ETH Market Rate (USD): $3074.39

Estimated gas limit (wei) (1 prize claim): 0.000000000000189727 ETH (189727 wei)
Estimated gas limit (wei) (2 prize claims): 0.000000000000274769 ETH (274769 wei)

Gas Cost: First Claim (wei): 0.000000000000189727 ETH (189727 wei)
Gas Cost: Each Following Claim (wei): 0.000000000000085042 ETH (85042 wei)

Gas Cost: First Claim (USD): $0.02 $0.01769354358178925
Gas Cost: Each Following Claim (USD): $0.02 $0.02129146000613759

5b. 1 Claim(s):

Total gas cost: 1 Claim(s) (USD): $0.02 ($0.01769354358178925)

Next Claim Reward: 1 Claim(s) (WEI): 0.000049342724276558 WETH (49342724276558 wei)
Next Claim Reward: 1 Claim(s) (USD): $0.15 ($0.15187193157663845)

Net profit = (Gross Profit - Gas Cost [Avg])
$0.13 = ($0.15 - $0.02) $0.13417838799484919 = ($0.15187193157663845 - $0.01769354358178925)


5b. 2 Claim(s):

Total gas cost: 2 Claim(s) (USD): $0.04 ($0.038985003587926836)

Claim Reward: 1 Claim(s) (WEI): 0.000049342724276558 WETH (49342724276558 wei)
Claim Reward: 1 Claim(s) (USD): $0.15 ($0.15187193157663845)

Next Claim Reward: 2 Claim(s) (WEI): 0.000098685448553116 WETH (98685448553116 wei)
Next Claim Reward: 2 Claim(s) (USD): $0.3 ($0.3037438631532769)

Net profit = (Gross Profit - Gas Cost [Avg])
$0.26 = ($0.3 - $0.04) $0.26475885956535006 = ($0.3037438631532769 - $0.038985003587926836)


5b. 3 Claim(s):

Total gas cost: 3 Claim(s) (USD): $0.06 ($0.060276463594064425)

Claim Reward: 2 Claim(s) (WEI): 0.000098685448553116 WETH (98685448553116 wei)
Claim Reward: 2 Claim(s) (USD): $0.3 ($0.3037438631532769)

Next Claim Reward: 3 Claim(s) (WEI): 0.000148028172829674 WETH (148028172829674 wei)
Next Claim Reward: 3 Claim(s) (USD): $0.46 ($0.4556157947299153)

Net profit = (Gross Profit - Gas Cost [Avg])
$0.4 = ($0.46 - $0.06) $0.3953393311358509 = ($0.4556157947299153 - $0.060276463594064425)


5b. 4 Claim(s):

Total gas cost: 4 Claim(s) (USD): $0.08 ($0.08156792360020201)

Claim Reward: 3 Claim(s) (WEI): 0.000148028172829674 WETH (148028172829674 wei)
Claim Reward: 3 Claim(s) (USD): $0.46 ($0.4556157947299153)

Next Claim Reward: 4 Claim(s) (WEI): 0.000197370897106232 WETH (197370897106232 wei)
Next Claim Reward: 4 Claim(s) (USD): $0.61 ($0.6074877263065538)

Net profit = (Gross Profit - Gas Cost [Avg])
$0.53 = ($0.61 - $0.08) $0.5259198027063517 = ($0.6074877263065538 - $0.08156792360020201)


5b. 5 Claim(s):

Total gas cost: 5 Claim(s) (USD): $0.1 ($0.1028593836063396)

Claim Reward: 4 Claim(s) (WEI): 0.000197370897106232 WETH (197370897106232 wei)
Claim Reward: 4 Claim(s) (USD): $0.61 ($0.6074877263065538)

Next Claim Reward: 5 Claim(s) (WEI): 0.00024671362138279 WETH (246713621382790 wei)
Next Claim Reward: 5 Claim(s) (USD): $0.76 ($0.7593596578831923)

Net profit = (Gross Profit - Gas Cost [Avg])
$0.66 = ($0.76 - $0.1) $0.6565002742768526 = ($0.7593596578831923 - $0.1028593836063396)


5b. 6 Claim(s):

Total gas cost: 6 Claim(s) (USD): $0.12 ($0.12415084361247719)

Claim Reward: 5 Claim(s) (WEI): 0.00024671362138279 WETH (246713621382790 wei)
Claim Reward: 5 Claim(s) (USD): $0.76 ($0.7593596578831923)

Next Claim Reward: 6 Claim(s) (WEI): 0.000296056345659348 WETH (296056345659348 wei)
Next Claim Reward: 6 Claim(s) (USD): $0.91 ($0.9112315894598306)

Net profit = (Gross Profit - Gas Cost [Avg])
$0.79 = ($0.91 - $0.12) $0.7870807458473534 = ($0.9112315894598306 - $0.12415084361247719)


5b. 7 Claim(s):

Total gas cost: 7 Claim(s) (USD): $0.15 ($0.1454423036186148)

Claim Reward: 6 Claim(s) (WEI): 0.000296056345659348 WETH (296056345659348 wei)
Claim Reward: 6 Claim(s) (USD): $0.91 ($0.9112315894598306)

Next Claim Reward: 7 Claim(s) (WEI): 0.000345399069935906 WETH (345399069935906 wei)
Next Claim Reward: 7 Claim(s) (USD): $1.06 ($1.063103521036469)

Net profit = (Gross Profit - Gas Cost [Avg])
$0.92 = ($1.06 - $0.15) $0.9176612174178542 = ($1.063103521036469 - $0.1454423036186148)


5b. 8 Claim(s):

Total gas cost: 8 Claim(s) (USD): $0.17 ($0.1667337636247524)

Claim Reward: 7 Claim(s) (WEI): 0.000345399069935906 WETH (345399069935906 wei)
Claim Reward: 7 Claim(s) (USD): $1.06 ($1.063103521036469)

Next Claim Reward: 8 Claim(s) (WEI): 0.000394741794212464 WETH (394741794212464 wei)
Next Claim Reward: 8 Claim(s) (USD): $1.21 ($1.2149754526131076)

Net profit = (Gross Profit - Gas Cost [Avg])
$1.05 = ($1.21 - $0.17) $1.0482416889883552 = ($1.2149754526131076 - $0.1667337636247524)


5b. 9 Claim(s):

Total gas cost: 9 Claim(s) (USD): $0.19 ($0.18802522363088997)

Claim Reward: 8 Claim(s) (WEI): 0.000394741794212464 WETH (394741794212464 wei)
Claim Reward: 8 Claim(s) (USD): $1.21 ($1.2149754526131076)

Next Claim Reward: 9 Claim(s) (WEI): 0.000444084518489022 WETH (444084518489022 wei)
Next Claim Reward: 9 Claim(s) (USD): $1.37 ($1.366847384189746)

Net profit = (Gross Profit - Gas Cost [Avg])
$1.18 = ($1.37 - $0.19) $1.178822160558856 = ($1.366847384189746 - $0.18802522363088997)


5b. 10 Claim(s):

Total gas cost: 10 Claim(s) (USD): $0.21 ($0.20931668363702755)

Claim Reward: 9 Claim(s) (WEI): 0.000444084518489022 WETH (444084518489022 wei)
Claim Reward: 9 Claim(s) (USD): $1.37 ($1.366847384189746)

Next Claim Reward: 10 Claim(s) (WEI): 0.00049342724276558 WETH (493427242765580 wei)
Next Claim Reward: 10 Claim(s) (USD): $1.52 ($1.5187193157663845)

Net profit = (Gross Profit - Gas Cost [Avg])
$1.31 = ($1.52 - $0.21) $1.309402632129357 = ($1.5187193157663845 - $0.20931668363702755)


5b. 11 Claim(s):

Total gas cost: 11 Claim(s) (USD): $0.23 ($0.23060814364316515)

Claim Reward: 10 Claim(s) (WEI): 0.00049342724276558 WETH (493427242765580 wei)
Claim Reward: 10 Claim(s) (USD): $1.52 ($1.5187193157663845)

Next Claim Reward: 11 Claim(s) (WEI): 0.000542769967042138 WETH (542769967042138 wei)
Next Claim Reward: 11 Claim(s) (USD): $1.67 ($1.670591247343023)

Net profit = (Gross Profit - Gas Cost [Avg])
$1.44 = ($1.67 - $0.23) $1.4399831036998578 = ($1.670591247343023 - $0.23060814364316515)


5b. 12 Claim(s):

Total gas cost: 12 Claim(s) (USD): $0.25 ($0.25189960364930275)

Claim Reward: 11 Claim(s) (WEI): 0.000542769967042138 WETH (542769967042138 wei)
Claim Reward: 11 Claim(s) (USD): $1.67 ($1.670591247343023)

Next Claim Reward: 12 Claim(s) (WEI): 0.000592112691318696 WETH (592112691318696 wei)
Next Claim Reward: 12 Claim(s) (USD): $1.82 ($1.8224631789196613)

Net profit = (Gross Profit - Gas Cost [Avg])
$1.57 = ($1.82 - $0.25) $1.5705635752703584 = ($1.8224631789196613 - $0.25189960364930275)


5b. 13 Claim(s):

Total gas cost: 13 Claim(s) (USD): $0.27 ($0.2731910636554403)

Claim Reward: 12 Claim(s) (WEI): 0.000592112691318696 WETH (592112691318696 wei)
Claim Reward: 12 Claim(s) (USD): $1.82 ($1.8224631789196613)

Next Claim Reward: 13 Claim(s) (WEI): 0.000641455415595254 WETH (641455415595254 wei)
Next Claim Reward: 13 Claim(s) (USD): $1.97 ($1.9743351104962998)

Net profit = (Gross Profit - Gas Cost [Avg])
$1.7 = ($1.97 - $0.27) $1.7011440468408594 = ($1.9743351104962998 - $0.2731910636554403)


5b. 14 Claim(s):

Total gas cost: 14 Claim(s) (USD): $0.29 ($0.2944825236615779)

Claim Reward: 13 Claim(s) (WEI): 0.000641455415595254 WETH (641455415595254 wei)
Claim Reward: 13 Claim(s) (USD): $1.97 ($1.9743351104962998)

Next Claim Reward: 14 Claim(s) (WEI): 0.000690798139871812 WETH (690798139871812 wei)
Next Claim Reward: 14 Claim(s) (USD): $2.13 ($2.126207042072938)

Net profit = (Gross Profit - Gas Cost [Avg])
$1.83 = ($2.13 - $0.29) $1.83172451841136 = ($2.126207042072938 - $0.2944825236615779)


5b. 15 Claim(s):

Total gas cost: 15 Claim(s) (USD): $0.32 ($0.31577398366771553)

Claim Reward: 14 Claim(s) (WEI): 0.000690798139871812 WETH (690798139871812 wei)
Claim Reward: 14 Claim(s) (USD): $2.13 ($2.126207042072938)

Next Claim Reward: 15 Claim(s) (WEI): 0.00074014086414837 WETH (740140864148370 wei)
Next Claim Reward: 15 Claim(s) (USD): $2.28 ($2.2780789736495763)

Net profit = (Gross Profit - Gas Cost [Avg])
$1.96 = ($2.28 - $0.32) $1.9623049899818608 = ($2.2780789736495763 - $0.31577398366771553)


5b. 16 Claim(s):

Total gas cost: 16 Claim(s) (USD): $0.34 ($0.3370654436738531)

Claim Reward: 15 Claim(s) (WEI): 0.00074014086414837 WETH (740140864148370 wei)
Claim Reward: 15 Claim(s) (USD): $2.28 ($2.2780789736495763)

Next Claim Reward: 16 Claim(s) (WEI): 0.000789483588424928 WETH (789483588424928 wei)
Next Claim Reward: 16 Claim(s) (USD): $2.43 ($2.429950905226215)

Net profit = (Gross Profit - Gas Cost [Avg])
$2.09 = ($2.43 - $0.34) $2.092885461552362 = ($2.429950905226215 - $0.3370654436738531)


5b. 17 Claim(s):

Total gas cost: 17 Claim(s) (USD): $0.36 ($0.3583569036799907)

Claim Reward: 16 Claim(s) (WEI): 0.000789483588424928 WETH (789483588424928 wei)
Claim Reward: 16 Claim(s) (USD): $2.43 ($2.429950905226215)

Next Claim Reward: 17 Claim(s) (WEI): 0.000838826312701486 WETH (838826312701486 wei)
Next Claim Reward: 17 Claim(s) (USD): $2.58 ($2.5818228368028535)

Net profit = (Gross Profit - Gas Cost [Avg])
$2.22 = ($2.58 - $0.36) $2.223465933122863 = ($2.5818228368028535 - $0.3583569036799907)


5b. 18 Claim(s):

Total gas cost: 18 Claim(s) (USD): $0.38 ($0.37964836368612825)

Claim Reward: 17 Claim(s) (WEI): 0.000838826312701486 WETH (838826312701486 wei)
Claim Reward: 17 Claim(s) (USD): $2.58 ($2.5818228368028535)

Next Claim Reward: 18 Claim(s) (WEI): 0.000888169036978044 WETH (888169036978044 wei)
Next Claim Reward: 18 Claim(s) (USD): $2.73 ($2.733694768379492)

Net profit = (Gross Profit - Gas Cost [Avg])
$2.35 = ($2.73 - $0.38) $2.3540464046933636 = ($2.733694768379492 - $0.37964836368612825)


5b. 19 Claim(s):

Total gas cost: 19 Claim(s) (USD): $0.4 ($0.40093982369226583)

Claim Reward: 18 Claim(s) (WEI): 0.000888169036978044 WETH (888169036978044 wei)
Claim Reward: 18 Claim(s) (USD): $2.73 ($2.733694768379492)

Next Claim Reward: 19 Claim(s) (WEI): 0.000937511761254602 WETH (937511761254602 wei)
Next Claim Reward: 19 Claim(s) (USD): $2.89 ($2.8855666999561302)

Net profit = (Gross Profit - Gas Cost [Avg])
$2.48 = ($2.89 - $0.4) $2.4846268762638646 = ($2.8855666999561302 - $0.40093982369226583)


5b. 20 Claim(s):

Total gas cost: 20 Claim(s) (USD): $0.42 ($0.42223128369840346)

Claim Reward: 19 Claim(s) (WEI): 0.000937511761254602 WETH (937511761254602 wei)
Claim Reward: 19 Claim(s) (USD): $2.89 ($2.8855666999561302)

Next Claim Reward: 20 Claim(s) (WEI): 0.00098685448553116 WETH (986854485531160 wei)
Next Claim Reward: 20 Claim(s) (USD): $3.04 ($3.037438631532769)

Net profit = (Gross Profit - Gas Cost [Avg])
$2.62 = ($3.04 - $0.42) $2.6152073478343656 = ($3.037438631532769 - $0.42223128369840346)


5b. 21 Claim(s):

Total gas cost: 21 Claim(s) (USD): $0.44 ($0.44352274370454103)

Claim Reward: 20 Claim(s) (WEI): 0.00098685448553116 WETH (986854485531160 wei)
Claim Reward: 20 Claim(s) (USD): $3.04 ($3.037438631532769)

Next Claim Reward: 21 Claim(s) (WEI): 0.001036197209807718 WETH (1036197209807718 wei)
Next Claim Reward: 21 Claim(s) (USD): $3.19 ($3.1893105631094074)

Net profit = (Gross Profit - Gas Cost [Avg])
$2.75 = ($3.19 - $0.44) $2.7457878194048666 = ($3.1893105631094074 - $0.44352274370454103)


5b. 22 Claim(s):

Total gas cost: 22 Claim(s) (USD): $0.46 ($0.4648142037106786)

Claim Reward: 21 Claim(s) (WEI): 0.001036197209807718 WETH (1036197209807718 wei)
Claim Reward: 21 Claim(s) (USD): $3.19 ($3.1893105631094074)

Next Claim Reward: 22 Claim(s) (WEI): 0.001085539934084276 WETH (1085539934084276 wei)
Next Claim Reward: 22 Claim(s) (USD): $3.34 ($3.341182494686046)

Net profit = (Gross Profit - Gas Cost [Avg])
$2.88 = ($3.34 - $0.46) $2.876368290975367 = ($3.341182494686046 - $0.4648142037106786)


5b. 23 Claim(s):

Total gas cost: 23 Claim(s) (USD): $0.49 ($0.48610566371681624)

Claim Reward: 22 Claim(s) (WEI): 0.001085539934084276 WETH (1085539934084276 wei)
Claim Reward: 22 Claim(s) (USD): $3.34 ($3.341182494686046)

Next Claim Reward: 23 Claim(s) (WEI): 0.001134882658360834 WETH (1134882658360834 wei)
Next Claim Reward: 23 Claim(s) (USD): $3.49 ($3.493054426262684)

Net profit = (Gross Profit - Gas Cost [Avg])
$3.01 = ($3.49 - $0.49) $3.0069487625458677 = ($3.493054426262684 - $0.48610566371681624)


5b. 24 Claim(s):

Total gas cost: 24 Claim(s) (USD): $0.51 ($0.5073971237229538)

Claim Reward: 23 Claim(s) (WEI): 0.001134882658360834 WETH (1134882658360834 wei)
Claim Reward: 23 Claim(s) (USD): $3.49 ($3.493054426262684)

Next Claim Reward: 24 Claim(s) (WEI): 0.001184225382637392 WETH (1184225382637392 wei)
Next Claim Reward: 24 Claim(s) (USD): $3.64 ($3.6449263578393225)

Net profit = (Gross Profit - Gas Cost [Avg])
$3.14 = ($3.64 - $0.51) $3.1375292341163687 = ($3.6449263578393225 - $0.5073971237229538)


5b. 25 Claim(s):

Total gas cost: 25 Claim(s) (USD): $0.53 ($0.5286885837290913)

Claim Reward: 24 Claim(s) (WEI): 0.001184225382637392 WETH (1184225382637392 wei)
Claim Reward: 24 Claim(s) (USD): $3.64 ($3.6449263578393225)

Next Claim Reward: 25 Claim(s) (WEI): 0.00123356810691395 WETH (1233568106913950 wei)
Next Claim Reward: 25 Claim(s) (USD): $3.8 ($3.796798289415961)

Net profit = (Gross Profit - Gas Cost [Avg])
$3.27 = ($3.8 - $0.53) $3.2681097056868698 = ($3.796798289415961 - $0.5286885837290913)


5b. 26 Claim(s):

Total gas cost: 26 Claim(s) (USD): $0.55 ($0.5499800437352289)

Claim Reward: 25 Claim(s) (WEI): 0.00123356810691395 WETH (1233568106913950 wei)
Claim Reward: 25 Claim(s) (USD): $3.8 ($3.796798289415961)

Next Claim Reward: 26 Claim(s) (WEI): 0.001282910831190508 WETH (1282910831190508 wei)
Next Claim Reward: 26 Claim(s) (USD): $3.95 ($3.9486702209925997)

Net profit = (Gross Profit - Gas Cost [Avg])
$3.4 = ($3.95 - $0.55) $3.3986901772573708 = ($3.9486702209925997 - $0.5499800437352289)


5b. 27 Claim(s):

Total gas cost: 27 Claim(s) (USD): $0.57 ($0.5712715037413665)

Claim Reward: 26 Claim(s) (WEI): 0.001282910831190508 WETH (1282910831190508 wei)
Claim Reward: 26 Claim(s) (USD): $3.95 ($3.9486702209925997)

Next Claim Reward: 27 Claim(s) (WEI): 0.001332253555467066 WETH (1332253555467066 wei)
Next Claim Reward: 27 Claim(s) (USD): $4.1 ($4.100542152569238)

Net profit = (Gross Profit - Gas Cost [Avg])
$3.53 = ($4.1 - $0.57) $3.529270648827872 = ($4.100542152569238 - $0.5712715037413665)


5b. 28 Claim(s):

Total gas cost: 28 Claim(s) (USD): $0.59 ($0.5925629637475041)

Claim Reward: 27 Claim(s) (WEI): 0.001332253555467066 WETH (1332253555467066 wei)
Claim Reward: 27 Claim(s) (USD): $4.1 ($4.100542152569238)

Next Claim Reward: 28 Claim(s) (WEI): 0.001381596279743624 WETH (1381596279743624 wei)
Next Claim Reward: 28 Claim(s) (USD): $4.25 ($4.252414084145876)

Net profit = (Gross Profit - Gas Cost [Avg])
$3.66 = ($4.25 - $0.59) $3.659851120398372 = ($4.252414084145876 - $0.5925629637475041)


5b. 29 Claim(s):

Total gas cost: 29 Claim(s) (USD): $0.61 ($0.6138544237536417)

Claim Reward: 28 Claim(s) (WEI): 0.001381596279743624 WETH (1381596279743624 wei)
Claim Reward: 28 Claim(s) (USD): $4.25 ($4.252414084145876)

Next Claim Reward: 29 Claim(s) (WEI): 0.001430939004020182 WETH (1430939004020182 wei)
Next Claim Reward: 29 Claim(s) (USD): $4.4 ($4.404286015722515)

Net profit = (Gross Profit - Gas Cost [Avg])
$3.79 = ($4.4 - $0.61) $3.790431591968873 = ($4.404286015722515 - $0.6138544237536417)


5b. 30 Claim(s):

Total gas cost: 30 Claim(s) (USD): $0.64 ($0.6351458837597793)

Claim Reward: 29 Claim(s) (WEI): 0.001430939004020182 WETH (1430939004020182 wei)
Claim Reward: 29 Claim(s) (USD): $4.4 ($4.404286015722515)

Next Claim Reward: 30 Claim(s) (WEI): 0.00148028172829674 WETH (1480281728296740 wei)
Next Claim Reward: 30 Claim(s) (USD): $4.56 ($4.556157947299153)

Net profit = (Gross Profit - Gas Cost [Avg])
$3.92 = ($4.56 - $0.64) $3.9210120635393735 = ($4.556157947299153 - $0.6351458837597793)

******************
5c. Profit/Loss (USD):

Net profit = (Gross Profit - Gas Cost [Max])
$3.77 = ($4.4 - $0.64) $3.7691401319627356 = ($4.404286015722515 - $0.6351458837597793)

Submitting transaction to claim 29 prize(s):

0x7fad91a4a29109303188d8758f1a9d60ce988349-0x14623f00404BF002E2c1c60C1C35ea8BF7F521B6-4-240
0x7fad91a4a29109303188d8758f1a9d60ce988349-0xa9B1E25C79265E91a374216F8981E4E532Df7ebE-4-10
0x7fad91a4a29109303188d8758f1a9d60ce988349-0x8057Bb8c2d2A08D6339C9c25DebDB5DE5249F30A-4-106
0x7fad91a4a29109303188d8758f1a9d60ce988349-0x45526D1cc92831A105fA423D7f506f40a25F7C7F-4-129
0x7fad91a4a29109303188d8758f1a9d60ce988349-0x1c58b3b0123fCFE03cF33B3eD0dc1D762Ff95ae6-4-221
0x7fad91a4a29109303188d8758f1a9d60ce988349-0x35e4C6f5b3b5d1c896220f7b7169A06976131d6b-4-150
0x7fad91a4a29109303188d8758f1a9d60ce988349-0xbAa2F71419a0720F2bE0E8e14BbcBE023483d13a-4-54
0x7fad91a4a29109303188d8758f1a9d60ce988349-0x249c8d666D8E285eed4205a4a5064b7Fa7ec9F77-4-48
0x7fad91a4a29109303188d8758f1a9d60ce988349-0x5B84d796ad4E118C76aBB4529c565713EF1b5e5D-4-109
0x7fad91a4a29109303188d8758f1a9d60ce988349-0x44914EAcBeF88F2E1E584DC4930BD3039024f72B-4-176
0x7fad91a4a29109303188d8758f1a9d60ce988349-0x63859aF16Ee4F335DD5A9C0B8579B392554219d8-4-227
0x7fad91a4a29109303188d8758f1a9d60ce988349-0x17FC767126C7b1084b92B7FBd2594e82BF7b7688-4-217
0x7fad91a4a29109303188d8758f1a9d60ce988349-0x7be69C7bfbf53aa6F6b94874fBa75f9757f2e89D-4-112
0x7fad91a4a29109303188d8758f1a9d60ce988349-0x6A6C74a35E78E1a64Ebc88438dd0ca4a1256EBe9-4-251
0x7fad91a4a29109303188d8758f1a9d60ce988349-0xdD2adaF863110FD872111387324f8488Cd1042c4-4-54
0x7fad91a4a29109303188d8758f1a9d60ce988349-0x6f29f2eC54954aA1a69Ba2aFdd6F786f7Ea68967-4-98
0x7fad91a4a29109303188d8758f1a9d60ce988349-0xe4aDd5DF0327b0259A115C22ec98EA5C37C19aeE-4-17
0x7fad91a4a29109303188d8758f1a9d60ce988349-0x6484740E4c5bFBD8256F62ffA557eAcBF81806d0-4-195
0x7fad91a4a29109303188d8758f1a9d60ce988349-0x7D63c389807370E2B6AbEd5Bf4C27666b4CE1C5f-4-167
0x7fad91a4a29109303188d8758f1a9d60ce988349-0x36b5eD9687A1176D2f57b89F63CE3B14Dc8D7DfC-4-251
0x7fad91a4a29109303188d8758f1a9d60ce988349-0xBCf4C3FfB36dD0CF0e8c706D00a4c69212863b08-4-139
0x7fad91a4a29109303188d8758f1a9d60ce988349-0x6B339A4Af1FaED707BE1c382E7a54AcB971EF1CA-4-139
0x7fad91a4a29109303188d8758f1a9d60ce988349-0x31561FBdaE4EEfD12D4bf0039691932B8a7B45C9-4-128
0x7fad91a4a29109303188d8758f1a9d60ce988349-0x435d2A5fea4e0dbA584886a56f3A1f08faD01231-4-127
0x7fad91a4a29109303188d8758f1a9d60ce988349-0x435d2A5fea4e0dbA584886a56f3A1f08faD01231-4-233
0x7fad91a4a29109303188d8758f1a9d60ce988349-0xdab1AF3D5875a4c8f22cC546AF64CB41A5Bd5f86-4-155
0x7fad91a4a29109303188d8758f1a9d60ce988349-0xfc8DCc62FCEA84dF07316bA44ECe7d5F417836BC-4-65
0x7fad91a4a29109303188d8758f1a9d60ce988349-0x08cAea5ff86f3E77fbA9e6d7811507fd9b76Eac4-4-108
0x7fad91a4a29109303188d8758f1a9d60ce988349-0xb174547C4ca1C74CE18cdEdd6b2d3c87bc2BE904-4-203



Execute Claim Transaction for Tier #4 (Canary tier)



Transaction sent! ✔
Transaction hash: 0x774c6202dc898a0a652a2a29fa90999a997f91b4818ee6e9e3f7c9c06ca85b00
Waiting on transaction to be confirmed ...
Tx confirmed !




******************
Processing:
Vault:     0x33335296c9b020ca3252e4953c11decfdce816b8
Tier:      #5 (Canary tier)
# prizes:  157

5a. Calculating # of profitable claims ...

Native (Gas) Token ETH Market Rate (USD): $3074.39

Estimated gas limit (wei) (1 prize claim): 0.000000000000191044 ETH (191044 wei)
Estimated gas limit (wei) (2 prize claims): 0.000000000000277403 ETH (277403 wei)

Gas Cost: First Claim (wei): 0.000000000000191044 ETH (191044 wei)
Gas Cost: Each Following Claim (wei): 0.000000000000086359 ETH (86359 wei)

Gas Cost: First Claim (USD): $0.02 $0.017756391174448365
Gas Cost: Each Following Claim (USD): $0.02 $0.02141310519948497

5b. 1 Claim(s):

Total gas cost: 1 Claim(s) (USD): $0.02 ($0.017756391174448365)

Next Claim Reward: 1 Claim(s) (WEI): 0.000012335681069139 WETH (12335681069139 wei)
Next Claim Reward: 1 Claim(s) (USD): $0.04 ($0.03796798289415807)

Net profit = (Gross Profit - Gas Cost [Avg])
$0.02 = ($0.04 - $0.02) $0.020211591719709706 = ($0.03796798289415807 - $0.017756391174448365)


5b. 2 Claim(s):

Total gas cost: 2 Claim(s) (USD): $0.04 ($0.039169496373933334)

Claim Reward: 1 Claim(s) (WEI): 0.000012335681069139 WETH (12335681069139 wei)
Claim Reward: 1 Claim(s) (USD): $0.04 ($0.03796798289415807)

Next Claim Reward: 2 Claim(s) (WEI): 0.000024671362138278 WETH (24671362138278 wei)
Next Claim Reward: 2 Claim(s) (USD): $0.08 ($0.07593596578831614)

Net profit = (Gross Profit - Gas Cost [Avg])
$0.04 = ($0.08 - $0.04) $0.03676646941438281 = ($0.07593596578831614 - $0.039169496373933334)


5b. 3 Claim(s):

Total gas cost: 3 Claim(s) (USD): $0.06 ($0.0605826015734183)

Claim Reward: 2 Claim(s) (WEI): 0.000024671362138278 WETH (24671362138278 wei)
Claim Reward: 2 Claim(s) (USD): $0.08 ($0.07593596578831614)

Next Claim Reward: 3 Claim(s) (WEI): 0.000037007043207417 WETH (37007043207417 wei)
Next Claim Reward: 3 Claim(s) (USD): $0.11 ($0.11390394868247422)

Net profit = (Gross Profit - Gas Cost [Avg])
$0.05 = ($0.11 - $0.06) $0.05332134710905592 = ($0.11390394868247422 - $0.0605826015734183)


5b. 4 Claim(s):

Total gas cost: 4 Claim(s) (USD): $0.08 ($0.08199570677290327)

Claim Reward: 3 Claim(s) (WEI): 0.000037007043207417 WETH (37007043207417 wei)
Claim Reward: 3 Claim(s) (USD): $0.11 ($0.11390394868247422)

Next Claim Reward: 4 Claim(s) (WEI): 0.000049342724276556 WETH (49342724276556 wei)
Next Claim Reward: 4 Claim(s) (USD): $0.15 ($0.15187193157663229)

Net profit = (Gross Profit - Gas Cost [Avg])
$0.07 = ($0.15 - $0.08) $0.06987622480372901 = ($0.15187193157663229 - $0.08199570677290327)


5b. 5 Claim(s):

Total gas cost: 5 Claim(s) (USD): $0.1 ($0.10340881197238824)

Claim Reward: 4 Claim(s) (WEI): 0.000049342724276556 WETH (49342724276556 wei)
Claim Reward: 4 Claim(s) (USD): $0.15 ($0.15187193157663229)

Next Claim Reward: 5 Claim(s) (WEI): 0.000061678405345695 WETH (61678405345695 wei)
Next Claim Reward: 5 Claim(s) (USD): $0.19 ($0.18983991447079035)

Net profit = (Gross Profit - Gas Cost [Avg])
$0.09 = ($0.19 - $0.1) $0.08643110249840211 = ($0.18983991447079035 - $0.10340881197238824)


5b. 6 Claim(s):

Total gas cost: 6 Claim(s) (USD): $0.12 ($0.12482191717187321)

Claim Reward: 5 Claim(s) (WEI): 0.000061678405345695 WETH (61678405345695 wei)
Claim Reward: 5 Claim(s) (USD): $0.19 ($0.18983991447079035)

Next Claim Reward: 6 Claim(s) (WEI): 0.000074014086414834 WETH (74014086414834 wei)
Next Claim Reward: 6 Claim(s) (USD): $0.23 ($0.22780789736494844)

Net profit = (Gross Profit - Gas Cost [Avg])
$0.1 = ($0.23 - $0.12) $0.10298598019307523 = ($0.22780789736494844 - $0.12482191717187321)


5b. 7 Claim(s):

Total gas cost: 7 Claim(s) (USD): $0.15 ($0.14623502237135816)

Claim Reward: 6 Claim(s) (WEI): 0.000074014086414834 WETH (74014086414834 wei)
Claim Reward: 6 Claim(s) (USD): $0.23 ($0.22780789736494844)

Next Claim Reward: 7 Claim(s) (WEI): 0.000086349767483973 WETH (86349767483973 wei)
Next Claim Reward: 7 Claim(s) (USD): $0.27 ($0.26577588025910653)

Net profit = (Gross Profit - Gas Cost [Avg])
$0.12 = ($0.27 - $0.15) $0.11954085788774838 = ($0.26577588025910653 - $0.14623502237135816)


5b. 8 Claim(s):

Total gas cost: 8 Claim(s) (USD): $0.17 ($0.16764812757084313)

Claim Reward: 7 Claim(s) (WEI): 0.000086349767483973 WETH (86349767483973 wei)
Claim Reward: 7 Claim(s) (USD): $0.27 ($0.26577588025910653)

Next Claim Reward: 8 Claim(s) (WEI): 0.000098685448553112 WETH (98685448553112 wei)
Next Claim Reward: 8 Claim(s) (USD): $0.3 ($0.30374386315326457)

Net profit = (Gross Profit - Gas Cost [Avg])
$0.14 = ($0.3 - $0.17) $0.13609573558242144 = ($0.30374386315326457 - $0.16764812757084313)


5b. 9 Claim(s):

Total gas cost: 9 Claim(s) (USD): $0.19 ($0.1890612327703281)

Claim Reward: 8 Claim(s) (WEI): 0.000098685448553112 WETH (98685448553112 wei)
Claim Reward: 8 Claim(s) (USD): $0.3 ($0.30374386315326457)

Next Claim Reward: 9 Claim(s) (WEI): 0.000111021129622251 WETH (111021129622251 wei)
Next Claim Reward: 9 Claim(s) (USD): $0.34 ($0.3417118460474226)

Net profit = (Gross Profit - Gas Cost [Avg])
$0.15 = ($0.34 - $0.19) $0.1526506132770945 = ($0.3417118460474226 - $0.1890612327703281)


5b. 10 Claim(s):

Total gas cost: 10 Claim(s) (USD): $0.21 ($0.21047433796981307)

Claim Reward: 9 Claim(s) (WEI): 0.000111021129622251 WETH (111021129622251 wei)
Claim Reward: 9 Claim(s) (USD): $0.34 ($0.3417118460474226)

Next Claim Reward: 10 Claim(s) (WEI): 0.00012335681069139 WETH (123356810691390 wei)
Next Claim Reward: 10 Claim(s) (USD): $0.38 ($0.3796798289415807)

Net profit = (Gross Profit - Gas Cost [Avg])
$0.17 = ($0.38 - $0.21) $0.16920549097176762 = ($0.3796798289415807 - $0.21047433796981307)


5b. 11 Claim(s):

Total gas cost: 11 Claim(s) (USD): $0.23 ($0.23188744316929805)

Claim Reward: 10 Claim(s) (WEI): 0.00012335681069139 WETH (123356810691390 wei)
Claim Reward: 10 Claim(s) (USD): $0.38 ($0.3796798289415807)

Next Claim Reward: 11 Claim(s) (WEI): 0.000135692491760529 WETH (135692491760529 wei)
Next Claim Reward: 11 Claim(s) (USD): $0.42 ($0.4176478118357388)

Net profit = (Gross Profit - Gas Cost [Avg])
$0.19 = ($0.42 - $0.23) $0.18576036866644074 = ($0.4176478118357388 - $0.23188744316929805)


5b. 12 Claim(s):

Total gas cost: 12 Claim(s) (USD): $0.25 ($0.253300548368783)

Claim Reward: 11 Claim(s) (WEI): 0.000135692491760529 WETH (135692491760529 wei)
Claim Reward: 11 Claim(s) (USD): $0.42 ($0.4176478118357388)

Next Claim Reward: 12 Claim(s) (WEI): 0.000148028172829668 WETH (148028172829668 wei)
Next Claim Reward: 12 Claim(s) (USD): $0.46 ($0.4556157947298969)

Net profit = (Gross Profit - Gas Cost [Avg])
$0.2 = ($0.46 - $0.25) $0.20231524636111387 = ($0.4556157947298969 - $0.253300548368783)


5b. 13 Claim(s):

Total gas cost: 13 Claim(s) (USD): $0.27 ($0.274713653568268)

Claim Reward: 12 Claim(s) (WEI): 0.000148028172829668 WETH (148028172829668 wei)
Claim Reward: 12 Claim(s) (USD): $0.46 ($0.4556157947298969)

Next Claim Reward: 13 Claim(s) (WEI): 0.000160363853898807 WETH (160363853898807 wei)
Next Claim Reward: 13 Claim(s) (USD): $0.49 ($0.4935837776240549)

Net profit = (Gross Profit - Gas Cost [Avg])
$0.22 = ($0.49 - $0.27) $0.21887012405578693 = ($0.4935837776240549 - $0.274713653568268)


5b. 14 Claim(s):

Total gas cost: 14 Claim(s) (USD): $0.3 ($0.29612675876775296)

Claim Reward: 13 Claim(s) (WEI): 0.000160363853898807 WETH (160363853898807 wei)
Claim Reward: 13 Claim(s) (USD): $0.49 ($0.4935837776240549)

Next Claim Reward: 14 Claim(s) (WEI): 0.000172699534967946 WETH (172699534967946 wei)
Next Claim Reward: 14 Claim(s) (USD): $0.53 ($0.5315517605182131)

Net profit = (Gross Profit - Gas Cost [Avg])
$0.24 = ($0.53 - $0.3) $0.2354250017504601 = ($0.5315517605182131 - $0.29612675876775296)


5b. 15 Claim(s):

Total gas cost: 15 Claim(s) (USD): $0.32 ($0.31753986396723793)

Claim Reward: 14 Claim(s) (WEI): 0.000172699534967946 WETH (172699534967946 wei)
Claim Reward: 14 Claim(s) (USD): $0.53 ($0.5315517605182131)

Next Claim Reward: 15 Claim(s) (WEI): 0.000185035216037085 WETH (185035216037085 wei)
Next Claim Reward: 15 Claim(s) (USD): $0.57 ($0.5695197434123711)

Net profit = (Gross Profit - Gas Cost [Avg])
$0.25 = ($0.57 - $0.32) $0.25197987944513317 = ($0.5695197434123711 - $0.31753986396723793)


5b. 16 Claim(s):

Total gas cost: 16 Claim(s) (USD): $0.34 ($0.3389529691667229)

Claim Reward: 15 Claim(s) (WEI): 0.000185035216037085 WETH (185035216037085 wei)
Claim Reward: 15 Claim(s) (USD): $0.57 ($0.5695197434123711)

Next Claim Reward: 16 Claim(s) (WEI): 0.000197370897106224 WETH (197370897106224 wei)
Next Claim Reward: 16 Claim(s) (USD): $0.61 ($0.6074877263065291)

Net profit = (Gross Profit - Gas Cost [Avg])
$0.27 = ($0.61 - $0.34) $0.26853475713980623 = ($0.6074877263065291 - $0.3389529691667229)


5b. 17 Claim(s):

Total gas cost: 17 Claim(s) (USD): $0.36 ($0.3603660743662079)

Claim Reward: 16 Claim(s) (WEI): 0.000197370897106224 WETH (197370897106224 wei)
Claim Reward: 16 Claim(s) (USD): $0.61 ($0.6074877263065291)

Next Claim Reward: 17 Claim(s) (WEI): 0.000209706578175363 WETH (209706578175363 wei)
Next Claim Reward: 17 Claim(s) (USD): $0.65 ($0.6454557092006872)

Net profit = (Gross Profit - Gas Cost [Avg])
$0.29 = ($0.65 - $0.36) $0.2850896348344793 = ($0.6454557092006872 - $0.3603660743662079)


5b. 18 Claim(s):

Total gas cost: 18 Claim(s) (USD): $0.38 ($0.38177917956569285)

Claim Reward: 17 Claim(s) (WEI): 0.000209706578175363 WETH (209706578175363 wei)
Claim Reward: 17 Claim(s) (USD): $0.65 ($0.6454557092006872)

Next Claim Reward: 18 Claim(s) (WEI): 0.000222042259244502 WETH (222042259244502 wei)
Next Claim Reward: 18 Claim(s) (USD): $0.68 ($0.6834236920948452)

Net profit = (Gross Profit - Gas Cost [Avg])
$0.3 = ($0.68 - $0.38) $0.30164451252915236 = ($0.6834236920948452 - $0.38177917956569285)


5b. 19 Claim(s):

Total gas cost: 19 Claim(s) (USD): $0.4 ($0.4031922847651778)

Claim Reward: 18 Claim(s) (WEI): 0.000222042259244502 WETH (222042259244502 wei)
Claim Reward: 18 Claim(s) (USD): $0.68 ($0.6834236920948452)

Next Claim Reward: 19 Claim(s) (WEI): 0.000234377940313641 WETH (234377940313641 wei)
Next Claim Reward: 19 Claim(s) (USD): $0.72 ($0.7213916749890034)

Net profit = (Gross Profit - Gas Cost [Avg])
$0.32 = ($0.72 - $0.4) $0.31819939022382554 = ($0.7213916749890034 - $0.4031922847651778)


5b. 20 Claim(s):

Total gas cost: 20 Claim(s) (USD): $0.42 ($0.4246053899646628)

Claim Reward: 19 Claim(s) (WEI): 0.000234377940313641 WETH (234377940313641 wei)
Claim Reward: 19 Claim(s) (USD): $0.72 ($0.7213916749890034)

Next Claim Reward: 20 Claim(s) (WEI): 0.00024671362138278 WETH (246713621382780 wei)
Next Claim Reward: 20 Claim(s) (USD): $0.76 ($0.7593596578831614)

Net profit = (Gross Profit - Gas Cost [Avg])
$0.33 = ($0.76 - $0.42) $0.3347542679184986 = ($0.7593596578831614 - $0.4246053899646628)


5b. 21 Claim(s):

Total gas cost: 21 Claim(s) (USD): $0.45 ($0.44601849516414777)

Claim Reward: 20 Claim(s) (WEI): 0.00024671362138278 WETH (246713621382780 wei)
Claim Reward: 20 Claim(s) (USD): $0.76 ($0.7593596578831614)

Next Claim Reward: 21 Claim(s) (WEI): 0.000259049302451919 WETH (259049302451919 wei)
Next Claim Reward: 21 Claim(s) (USD): $0.8 ($0.7973276407773194)

Net profit = (Gross Profit - Gas Cost [Avg])
$0.35 = ($0.8 - $0.45) $0.35130914561317167 = ($0.7973276407773194 - $0.44601849516414777)


5b. 22 Claim(s):

Total gas cost: 22 Claim(s) (USD): $0.47 ($0.46743160036363274)

Claim Reward: 21 Claim(s) (WEI): 0.000259049302451919 WETH (259049302451919 wei)
Claim Reward: 21 Claim(s) (USD): $0.8 ($0.7973276407773194)

Next Claim Reward: 22 Claim(s) (WEI): 0.000271384983521058 WETH (271384983521058 wei)
Next Claim Reward: 22 Claim(s) (USD): $0.84 ($0.8352956236714776)

Net profit = (Gross Profit - Gas Cost [Avg])
$0.37 = ($0.84 - $0.47) $0.36786402330784485 = ($0.8352956236714776 - $0.46743160036363274)


5b. 23 Claim(s):

Total gas cost: 23 Claim(s) (USD): $0.49 ($0.4888447055631177)

Claim Reward: 22 Claim(s) (WEI): 0.000271384983521058 WETH (271384983521058 wei)
Claim Reward: 22 Claim(s) (USD): $0.84 ($0.8352956236714776)

Next Claim Reward: 23 Claim(s) (WEI): 0.000283720664590197 WETH (283720664590197 wei)
Next Claim Reward: 23 Claim(s) (USD): $0.87 ($0.8732636065656356)

Net profit = (Gross Profit - Gas Cost [Avg])
$0.38 = ($0.87 - $0.49) $0.3844189010025179 = ($0.8732636065656356 - $0.4888447055631177)


5b. 24 Claim(s):

Total gas cost: 24 Claim(s) (USD): $0.51 ($0.5102578107626027)

Claim Reward: 23 Claim(s) (WEI): 0.000283720664590197 WETH (283720664590197 wei)
Claim Reward: 23 Claim(s) (USD): $0.87 ($0.8732636065656356)

Next Claim Reward: 24 Claim(s) (WEI): 0.000296056345659336 WETH (296056345659336 wei)
Next Claim Reward: 24 Claim(s) (USD): $0.91 ($0.9112315894597938)

Net profit = (Gross Profit - Gas Cost [Avg])
$0.4 = ($0.91 - $0.51) $0.4009737786971911 = ($0.9112315894597938 - $0.5102578107626027)


5b. 25 Claim(s):

Total gas cost: 25 Claim(s) (USD): $0.53 ($0.5316709159620876)

Claim Reward: 24 Claim(s) (WEI): 0.000296056345659336 WETH (296056345659336 wei)
Claim Reward: 24 Claim(s) (USD): $0.91 ($0.9112315894597938)

Next Claim Reward: 25 Claim(s) (WEI): 0.000308392026728475 WETH (308392026728475 wei)
Next Claim Reward: 25 Claim(s) (USD): $0.95 ($0.9491995723539518)

Net profit = (Gross Profit - Gas Cost [Avg])
$0.42 = ($0.95 - $0.53) $0.4175286563918642 = ($0.9491995723539518 - $0.5316709159620876)


5b. 26 Claim(s):

Total gas cost: 26 Claim(s) (USD): $0.55 ($0.5530840211615726)

Claim Reward: 25 Claim(s) (WEI): 0.000308392026728475 WETH (308392026728475 wei)
Claim Reward: 25 Claim(s) (USD): $0.95 ($0.9491995723539518)

Next Claim Reward: 26 Claim(s) (WEI): 0.000320727707797614 WETH (320727707797614 wei)
Next Claim Reward: 26 Claim(s) (USD): $0.99 ($0.9871675552481098)

Net profit = (Gross Profit - Gas Cost [Avg])
$0.43 = ($0.99 - $0.55) $0.4340835340865372 = ($0.9871675552481098 - $0.5530840211615726)


5b. 27 Claim(s):

Total gas cost: 27 Claim(s) (USD): $0.57 ($0.5744971263610575)

Claim Reward: 26 Claim(s) (WEI): 0.000320727707797614 WETH (320727707797614 wei)
Claim Reward: 26 Claim(s) (USD): $0.99 ($0.9871675552481098)

Next Claim Reward: 27 Claim(s) (WEI): 0.000333063388866753 WETH (333063388866753 wei)
Next Claim Reward: 27 Claim(s) (USD): $1.03 ($1.025135538142268)

Net profit = (Gross Profit - Gas Cost [Avg])
$0.45 = ($1.03 - $0.57) $0.45063841178121045 = ($1.025135538142268 - $0.5744971263610575)


5b. 28 Claim(s):

Total gas cost: 28 Claim(s) (USD): $0.6 ($0.5959102315605426)

Claim Reward: 27 Claim(s) (WEI): 0.000333063388866753 WETH (333063388866753 wei)
Claim Reward: 27 Claim(s) (USD): $1.03 ($1.025135538142268)

Next Claim Reward: 28 Claim(s) (WEI): 0.000345399069935892 WETH (345399069935892 wei)
Next Claim Reward: 28 Claim(s) (USD): $1.06 ($1.0631035210364261)

Net profit = (Gross Profit - Gas Cost [Avg])
$0.47 = ($1.06 - $0.6) $0.46719328947588357 = ($1.0631035210364261 - $0.5959102315605426)


5b. 29 Claim(s):

Total gas cost: 29 Claim(s) (USD): $0.62 ($0.6173233367600275)

Claim Reward: 28 Claim(s) (WEI): 0.000345399069935892 WETH (345399069935892 wei)
Claim Reward: 28 Claim(s) (USD): $1.06 ($1.0631035210364261)

Next Claim Reward: 29 Claim(s) (WEI): 0.000357734751005031 WETH (357734751005031 wei)
Next Claim Reward: 29 Claim(s) (USD): $1.1 ($1.101071503930584)

Net profit = (Gross Profit - Gas Cost [Avg])
$0.48 = ($1.1 - $0.62) $0.4837481671705566 = ($1.101071503930584 - $0.6173233367600275)


5b. 30 Claim(s):

Total gas cost: 30 Claim(s) (USD): $0.64 ($0.6387364419595125)

Claim Reward: 29 Claim(s) (WEI): 0.000357734751005031 WETH (357734751005031 wei)
Claim Reward: 29 Claim(s) (USD): $1.1 ($1.101071503930584)

Next Claim Reward: 30 Claim(s) (WEI): 0.00037007043207417 WETH (370070432074170 wei)
Next Claim Reward: 30 Claim(s) (USD): $1.14 ($1.1390394868247422)

Net profit = (Gross Profit - Gas Cost [Avg])
$0.5 = ($1.14 - $0.64) $0.5003030448652297 = ($1.1390394868247422 - $0.6387364419595125)

******************
5c. Profit/Loss (USD):

Net profit = (Gross Profit - Gas Cost [Max])
$0.46 = ($1.1 - $0.64) $0.46233506197107155 = ($1.101071503930584 - $0.6387364419595125)

Submitting transaction to claim 29 prize(s):

0x33335296c9b020ca3252e4953c11decfdce816b8-0xA92fc4C3855aAEAA315FFbe0e7D5A6dE7207a570-5-148
0x33335296c9b020ca3252e4953c11decfdce816b8-0xa4c12D7BC6b25b6CE53410634c6f0bdcE1b6BA29-5-978
0x33335296c9b020ca3252e4953c11decfdce816b8-0xa31475d3068E052dA52ec63926f60cD40dDe44C7-5-700
0x33335296c9b020ca3252e4953c11decfdce816b8-0x80bfE403A56D0bB38265697fc85ad6EEcfE4C791-5-842
0x33335296c9b020ca3252e4953c11decfdce816b8-0x10c48c425a8a9220db90CDe655b8FE9E1faC75dC-5-542
0x33335296c9b020ca3252e4953c11decfdce816b8-0x5C9c17C6b89e91757A8F5428Ea699EC28c482bE5-5-239
0x33335296c9b020ca3252e4953c11decfdce816b8-0x8842cF6525cD1e771D464F862DdA050BDCAbcc9c-5-168
0x33335296c9b020ca3252e4953c11decfdce816b8-0x782f60b99eD452382ac2cbFb23AB587650270C90-5-613
0x33335296c9b020ca3252e4953c11decfdce816b8-0x49647743446162AFA74B1589F9D9bCe6ebB4D737-5-123
0x33335296c9b020ca3252e4953c11decfdce816b8-0x49647743446162AFA74B1589F9D9bCe6ebB4D737-5-261
0x33335296c9b020ca3252e4953c11decfdce816b8-0xE4BCe6aec679333395C64fEf2Db69344569A73e6-5-728
0x33335296c9b020ca3252e4953c11decfdce816b8-0xea61045af627dc0CBFa3c8f14Ead868F8fE93B39-5-454
0x33335296c9b020ca3252e4953c11decfdce816b8-0x58A193e19bA37A9ef06E23A0d6b4e4780786CbD7-5-89
0x33335296c9b020ca3252e4953c11decfdce816b8-0x2F3954Cfe2D96e563775383996D709F50A266209-5-522
0x33335296c9b020ca3252e4953c11decfdce816b8-0xe39b635daf0a2CC59F4Db6B04b24Cf5534b2c83F-5-631
0x33335296c9b020ca3252e4953c11decfdce816b8-0xb2049582744A8122575cC7BcCf789F127D617B3A-5-669
0x33335296c9b020ca3252e4953c11decfdce816b8-0x03696B8CA3Cf317B15d005f55A59404053d2d083-5-880
0x33335296c9b020ca3252e4953c11decfdce816b8-0x59324903c60B49f07b84b748265b8501165CF6f7-5-1016
0x33335296c9b020ca3252e4953c11decfdce816b8-0xdbF6076301FBc4981d148a5709E959689786740a-5-488
0x33335296c9b020ca3252e4953c11decfdce816b8-0xbf13E0C6C909e7C0d9e6A11BbC8E9a07B07DBD3c-5-115
0x33335296c9b020ca3252e4953c11decfdce816b8-0x274d061CE56DC72C22e763FCe5b9F5f0c31747B4-5-6
0x33335296c9b020ca3252e4953c11decfdce816b8-0x075270ab5B8C60d8ab17307F0bB97b86f037Bb84-5-308
0x33335296c9b020ca3252e4953c11decfdce816b8-0x11Fbd4F72FaaeD7D6FaB0C574B1B4639d4d1a57C-5-758
0x33335296c9b020ca3252e4953c11decfdce816b8-0xDbFdbd28f0C0fA83f939dd54EBa22C101424EF95-5-593
0x33335296c9b020ca3252e4953c11decfdce816b8-0xDbFdbd28f0C0fA83f939dd54EBa22C101424EF95-5-612
0x33335296c9b020ca3252e4953c11decfdce816b8-0x5C4E974e2Da3844f12eF40Dd1679813c4E0B4461-5-942
0x33335296c9b020ca3252e4953c11decfdce816b8-0xFB83D2E04172e98927319A981D944B4fe0253cB3-5-93
0x33335296c9b020ca3252e4953c11decfdce816b8-0xD314400297f1dEbaF1C2fed37D1b03Ce7D14ecAB-5-820
0x33335296c9b020ca3252e4953c11decfdce816b8-0x7Ad9653C474Ea699A5E33cC0F97673a1ACeEa7fb-5-825



Execute Claim Transaction for Tier #5 (Canary tier)



Transaction sent! ✔
Transaction hash: 0x3e5fb71a3023948661b386942d5a156ed2e26724452f6d286ce325dc25a22640
Waiting on transaction to be confirmed ...
Tx confirmed !




******************
Processing:
Vault:     0x7fad91a4a29109303188d8758f1a9d60ce988349
Tier:      #5 (Canary tier)
# prizes:  570

5a. Calculating # of profitable claims ...

Native (Gas) Token ETH Market Rate (USD): $3074.39

Estimated gas limit (wei) (1 prize claim): 0.000000000000189751 ETH (189751 wei)
Estimated gas limit (wei) (2 prize claims): 0.000000000000268757 ETH (268757 wei)

Gas Cost: First Claim (wei): 0.000000000000189751 ETH (189751 wei)
Gas Cost: Each Following Claim (wei): 0.000000000000079006 ETH (79006 wei)

Gas Cost: First Claim (USD): $0.02 $0.019951317285941725
Gas Cost: Each Following Claim (USD): $0.02 $0.024083640697554698

5b. 1 Claim(s):

Total gas cost: 1 Claim(s) (USD): $0.02 ($0.019951317285941725)

Next Claim Reward: 1 Claim(s) (WEI): 0.000012335681069139 WETH (12335681069139 wei)
Next Claim Reward: 1 Claim(s) (USD): $0.04 ($0.03796798289415807)

Net profit = (Gross Profit - Gas Cost [Avg])
$0.02 = ($0.04 - $0.02) $0.018016665608216346 = ($0.03796798289415807 - $0.019951317285941725)


5b. 2 Claim(s):

Total gas cost: 2 Claim(s) (USD): $0.04 ($0.04403495798349642)

Claim Reward: 1 Claim(s) (WEI): 0.000012335681069139 WETH (12335681069139 wei)
Claim Reward: 1 Claim(s) (USD): $0.04 ($0.03796798289415807)

Next Claim Reward: 2 Claim(s) (WEI): 0.000024671362138278 WETH (24671362138278 wei)
Next Claim Reward: 2 Claim(s) (USD): $0.08 ($0.07593596578831614)

Net profit = (Gross Profit - Gas Cost [Avg])
$0.03 = ($0.08 - $0.04) $0.03190100780481972 = ($0.07593596578831614 - $0.04403495798349642)


5b. 3 Claim(s):

Total gas cost: 3 Claim(s) (USD): $0.07 ($0.06811859868105112)

Claim Reward: 2 Claim(s) (WEI): 0.000024671362138278 WETH (24671362138278 wei)
Claim Reward: 2 Claim(s) (USD): $0.08 ($0.07593596578831614)

Next Claim Reward: 3 Claim(s) (WEI): 0.000037007043207417 WETH (37007043207417 wei)
Next Claim Reward: 3 Claim(s) (USD): $0.11 ($0.11390394868247422)

Net profit = (Gross Profit - Gas Cost [Avg])
$0.05 = ($0.11 - $0.07) $0.0457853500014231 = ($0.11390394868247422 - $0.06811859868105112)


5b. 4 Claim(s):

Total gas cost: 4 Claim(s) (USD): $0.09 ($0.09220223937860582)

Claim Reward: 3 Claim(s) (WEI): 0.000037007043207417 WETH (37007043207417 wei)
Claim Reward: 3 Claim(s) (USD): $0.11 ($0.11390394868247422)

Next Claim Reward: 4 Claim(s) (WEI): 0.000049342724276556 WETH (49342724276556 wei)
Next Claim Reward: 4 Claim(s) (USD): $0.15 ($0.15187193157663229)

Net profit = (Gross Profit - Gas Cost [Avg])
$0.06 = ($0.15 - $0.09) $0.05966969219802647 = ($0.15187193157663229 - $0.09220223937860582)


5b. 5 Claim(s):

Total gas cost: 5 Claim(s) (USD): $0.12 ($0.11628588007616052)

Claim Reward: 4 Claim(s) (WEI): 0.000049342724276556 WETH (49342724276556 wei)
Claim Reward: 4 Claim(s) (USD): $0.15 ($0.15187193157663229)

Next Claim Reward: 5 Claim(s) (WEI): 0.000061678405345695 WETH (61678405345695 wei)
Next Claim Reward: 5 Claim(s) (USD): $0.19 ($0.18983991447079035)

Net profit = (Gross Profit - Gas Cost [Avg])
$0.07 = ($0.19 - $0.12) $0.07355403439462983 = ($0.18983991447079035 - $0.11628588007616052)


5b. 6 Claim(s):

Total gas cost: 6 Claim(s) (USD): $0.14 ($0.14036952077371523)

Claim Reward: 5 Claim(s) (WEI): 0.000061678405345695 WETH (61678405345695 wei)
Claim Reward: 5 Claim(s) (USD): $0.19 ($0.18983991447079035)

Next Claim Reward: 6 Claim(s) (WEI): 0.000074014086414834 WETH (74014086414834 wei)
Next Claim Reward: 6 Claim(s) (USD): $0.23 ($0.22780789736494844)

Net profit = (Gross Profit - Gas Cost [Avg])
$0.09 = ($0.23 - $0.14) $0.08743837659123321 = ($0.22780789736494844 - $0.14036952077371523)


5b. 7 Claim(s):

Total gas cost: 7 Claim(s) (USD): $0.16 ($0.16445316147126993)

Claim Reward: 6 Claim(s) (WEI): 0.000074014086414834 WETH (74014086414834 wei)
Claim Reward: 6 Claim(s) (USD): $0.23 ($0.22780789736494844)

Next Claim Reward: 7 Claim(s) (WEI): 0.000086349767483973 WETH (86349767483973 wei)
Next Claim Reward: 7 Claim(s) (USD): $0.27 ($0.26577588025910653)

Net profit = (Gross Profit - Gas Cost [Avg])
$0.1 = ($0.27 - $0.16) $0.10132271878783661 = ($0.26577588025910653 - $0.16445316147126993)


5b. 8 Claim(s):

Total gas cost: 8 Claim(s) (USD): $0.19 ($0.18853680216882462)

Claim Reward: 7 Claim(s) (WEI): 0.000086349767483973 WETH (86349767483973 wei)
Claim Reward: 7 Claim(s) (USD): $0.27 ($0.26577588025910653)

Next Claim Reward: 8 Claim(s) (WEI): 0.000098685448553112 WETH (98685448553112 wei)
Next Claim Reward: 8 Claim(s) (USD): $0.3 ($0.30374386315326457)

Net profit = (Gross Profit - Gas Cost [Avg])
$0.12 = ($0.3 - $0.19) $0.11520706098443995 = ($0.30374386315326457 - $0.18853680216882462)


5b. 9 Claim(s):

Total gas cost: 9 Claim(s) (USD): $0.21 ($0.21262044286637932)

Claim Reward: 8 Claim(s) (WEI): 0.000098685448553112 WETH (98685448553112 wei)
Claim Reward: 8 Claim(s) (USD): $0.3 ($0.30374386315326457)

Next Claim Reward: 9 Claim(s) (WEI): 0.000111021129622251 WETH (111021129622251 wei)
Next Claim Reward: 9 Claim(s) (USD): $0.34 ($0.3417118460474226)

Net profit = (Gross Profit - Gas Cost [Avg])
$0.13 = ($0.34 - $0.21) $0.12909140318104328 = ($0.3417118460474226 - $0.21262044286637932)


5b. 10 Claim(s):

Total gas cost: 10 Claim(s) (USD): $0.24 ($0.23670408356393402)

Claim Reward: 9 Claim(s) (WEI): 0.000111021129622251 WETH (111021129622251 wei)
Claim Reward: 9 Claim(s) (USD): $0.34 ($0.3417118460474226)

Next Claim Reward: 10 Claim(s) (WEI): 0.00012335681069139 WETH (123356810691390 wei)
Next Claim Reward: 10 Claim(s) (USD): $0.38 ($0.3796798289415807)

Net profit = (Gross Profit - Gas Cost [Avg])
$0.14 = ($0.38 - $0.24) $0.14297574537764668 = ($0.3796798289415807 - $0.23670408356393402)


5b. 11 Claim(s):

Total gas cost: 11 Claim(s) (USD): $0.26 ($0.2607877242614887)

Claim Reward: 10 Claim(s) (WEI): 0.00012335681069139 WETH (123356810691390 wei)
Claim Reward: 10 Claim(s) (USD): $0.38 ($0.3796798289415807)

Next Claim Reward: 11 Claim(s) (WEI): 0.000135692491760529 WETH (135692491760529 wei)
Next Claim Reward: 11 Claim(s) (USD): $0.42 ($0.4176478118357388)

Net profit = (Gross Profit - Gas Cost [Avg])
$0.16 = ($0.42 - $0.26) $0.15686008757425007 = ($0.4176478118357388 - $0.2607877242614887)


5b. 12 Claim(s):

Total gas cost: 12 Claim(s) (USD): $0.28 ($0.2848713649590434)

Claim Reward: 11 Claim(s) (WEI): 0.000135692491760529 WETH (135692491760529 wei)
Claim Reward: 11 Claim(s) (USD): $0.42 ($0.4176478118357388)

Next Claim Reward: 12 Claim(s) (WEI): 0.000148028172829668 WETH (148028172829668 wei)
Next Claim Reward: 12 Claim(s) (USD): $0.46 ($0.4556157947298969)

Net profit = (Gross Profit - Gas Cost [Avg])
$0.17 = ($0.46 - $0.28) $0.17074442977085347 = ($0.4556157947298969 - $0.2848713649590434)


5b. 13 Claim(s):

Total gas cost: 13 Claim(s) (USD): $0.31 ($0.3089550056565981)

Claim Reward: 12 Claim(s) (WEI): 0.000148028172829668 WETH (148028172829668 wei)
Claim Reward: 12 Claim(s) (USD): $0.46 ($0.4556157947298969)

Next Claim Reward: 13 Claim(s) (WEI): 0.000160363853898807 WETH (160363853898807 wei)
Next Claim Reward: 13 Claim(s) (USD): $0.49 ($0.4935837776240549)

Net profit = (Gross Profit - Gas Cost [Avg])
$0.18 = ($0.49 - $0.31) $0.1846287719674568 = ($0.4935837776240549 - $0.3089550056565981)


5b. 14 Claim(s):

Total gas cost: 14 Claim(s) (USD): $0.33 ($0.3330386463541528)

Claim Reward: 13 Claim(s) (WEI): 0.000160363853898807 WETH (160363853898807 wei)
Claim Reward: 13 Claim(s) (USD): $0.49 ($0.4935837776240549)

Next Claim Reward: 14 Claim(s) (WEI): 0.000172699534967946 WETH (172699534967946 wei)
Next Claim Reward: 14 Claim(s) (USD): $0.53 ($0.5315517605182131)

Net profit = (Gross Profit - Gas Cost [Avg])
$0.2 = ($0.53 - $0.33) $0.19851311416406026 = ($0.5315517605182131 - $0.3330386463541528)


5b. 15 Claim(s):

Total gas cost: 15 Claim(s) (USD): $0.36 ($0.3571222870517075)

Claim Reward: 14 Claim(s) (WEI): 0.000172699534967946 WETH (172699534967946 wei)
Claim Reward: 14 Claim(s) (USD): $0.53 ($0.5315517605182131)

Next Claim Reward: 15 Claim(s) (WEI): 0.000185035216037085 WETH (185035216037085 wei)
Next Claim Reward: 15 Claim(s) (USD): $0.57 ($0.5695197434123711)

Net profit = (Gross Profit - Gas Cost [Avg])
$0.21 = ($0.57 - $0.36) $0.2123974563606636 = ($0.5695197434123711 - $0.3571222870517075)


5b. 16 Claim(s):

Total gas cost: 16 Claim(s) (USD): $0.38 ($0.3812059277492622)

Claim Reward: 15 Claim(s) (WEI): 0.000185035216037085 WETH (185035216037085 wei)
Claim Reward: 15 Claim(s) (USD): $0.57 ($0.5695197434123711)

Next Claim Reward: 16 Claim(s) (WEI): 0.000197370897106224 WETH (197370897106224 wei)
Next Claim Reward: 16 Claim(s) (USD): $0.61 ($0.6074877263065291)

Net profit = (Gross Profit - Gas Cost [Avg])
$0.23 = ($0.61 - $0.38) $0.22628179855726693 = ($0.6074877263065291 - $0.3812059277492622)


5b. 17 Claim(s):

Total gas cost: 17 Claim(s) (USD): $0.41 ($0.4052895684468169)

Claim Reward: 16 Claim(s) (WEI): 0.000197370897106224 WETH (197370897106224 wei)
Claim Reward: 16 Claim(s) (USD): $0.61 ($0.6074877263065291)

Next Claim Reward: 17 Claim(s) (WEI): 0.000209706578175363 WETH (209706578175363 wei)
Next Claim Reward: 17 Claim(s) (USD): $0.65 ($0.6454557092006872)

Net profit = (Gross Profit - Gas Cost [Avg])
$0.24 = ($0.65 - $0.41) $0.24016614075387027 = ($0.6454557092006872 - $0.4052895684468169)


5b. 18 Claim(s):

Total gas cost: 18 Claim(s) (USD): $0.43 ($0.4293732091443716)

Claim Reward: 17 Claim(s) (WEI): 0.000209706578175363 WETH (209706578175363 wei)
Claim Reward: 17 Claim(s) (USD): $0.65 ($0.6454557092006872)

Next Claim Reward: 18 Claim(s) (WEI): 0.000222042259244502 WETH (222042259244502 wei)
Next Claim Reward: 18 Claim(s) (USD): $0.68 ($0.6834236920948452)

Net profit = (Gross Profit - Gas Cost [Avg])
$0.25 = ($0.68 - $0.43) $0.2540504829504736 = ($0.6834236920948452 - $0.4293732091443716)


5b. 19 Claim(s):

Total gas cost: 19 Claim(s) (USD): $0.45 ($0.4534568498419263)

Claim Reward: 18 Claim(s) (WEI): 0.000222042259244502 WETH (222042259244502 wei)
Claim Reward: 18 Claim(s) (USD): $0.68 ($0.6834236920948452)

Next Claim Reward: 19 Claim(s) (WEI): 0.000234377940313641 WETH (234377940313641 wei)
Next Claim Reward: 19 Claim(s) (USD): $0.72 ($0.7213916749890034)

Net profit = (Gross Profit - Gas Cost [Avg])
$0.27 = ($0.72 - $0.45) $0.26793482514707706 = ($0.7213916749890034 - $0.4534568498419263)


5b. 20 Claim(s):

Total gas cost: 20 Claim(s) (USD): $0.48 ($0.477540490539481)

Claim Reward: 19 Claim(s) (WEI): 0.000234377940313641 WETH (234377940313641 wei)
Claim Reward: 19 Claim(s) (USD): $0.72 ($0.7213916749890034)

Next Claim Reward: 20 Claim(s) (WEI): 0.00024671362138278 WETH (246713621382780 wei)
Next Claim Reward: 20 Claim(s) (USD): $0.76 ($0.7593596578831614)

Net profit = (Gross Profit - Gas Cost [Avg])
$0.28 = ($0.76 - $0.48) $0.2818191673436804 = ($0.7593596578831614 - $0.477540490539481)


5b. 21 Claim(s):

Total gas cost: 21 Claim(s) (USD): $0.5 ($0.5016241312370356)

Claim Reward: 20 Claim(s) (WEI): 0.00024671362138278 WETH (246713621382780 wei)
Claim Reward: 20 Claim(s) (USD): $0.76 ($0.7593596578831614)

Next Claim Reward: 21 Claim(s) (WEI): 0.000259049302451919 WETH (259049302451919 wei)
Next Claim Reward: 21 Claim(s) (USD): $0.8 ($0.7973276407773194)

Net profit = (Gross Profit - Gas Cost [Avg])
$0.3 = ($0.8 - $0.5) $0.2957035095402838 = ($0.7973276407773194 - $0.5016241312370356)


5b. 22 Claim(s):

Total gas cost: 22 Claim(s) (USD): $0.53 ($0.5257077719345903)

Claim Reward: 21 Claim(s) (WEI): 0.000259049302451919 WETH (259049302451919 wei)
Claim Reward: 21 Claim(s) (USD): $0.8 ($0.7973276407773194)

Next Claim Reward: 22 Claim(s) (WEI): 0.000271384983521058 WETH (271384983521058 wei)
Next Claim Reward: 22 Claim(s) (USD): $0.84 ($0.8352956236714776)

Net profit = (Gross Profit - Gas Cost [Avg])
$0.31 = ($0.84 - $0.53) $0.3095878517368873 = ($0.8352956236714776 - $0.5257077719345903)


5b. 23 Claim(s):

Total gas cost: 23 Claim(s) (USD): $0.55 ($0.549791412632145)

Claim Reward: 22 Claim(s) (WEI): 0.000271384983521058 WETH (271384983521058 wei)
Claim Reward: 22 Claim(s) (USD): $0.84 ($0.8352956236714776)

Next Claim Reward: 23 Claim(s) (WEI): 0.000283720664590197 WETH (283720664590197 wei)
Next Claim Reward: 23 Claim(s) (USD): $0.87 ($0.8732636065656356)

Net profit = (Gross Profit - Gas Cost [Avg])
$0.32 = ($0.87 - $0.55) $0.3234721939334906 = ($0.8732636065656356 - $0.549791412632145)


5b. 24 Claim(s):

Total gas cost: 24 Claim(s) (USD): $0.57 ($0.5738750533296998)

Claim Reward: 23 Claim(s) (WEI): 0.000283720664590197 WETH (283720664590197 wei)
Claim Reward: 23 Claim(s) (USD): $0.87 ($0.8732636065656356)

Next Claim Reward: 24 Claim(s) (WEI): 0.000296056345659336 WETH (296056345659336 wei)
Next Claim Reward: 24 Claim(s) (USD): $0.91 ($0.9112315894597938)

Net profit = (Gross Profit - Gas Cost [Avg])
$0.34 = ($0.91 - $0.57) $0.337356536130094 = ($0.9112315894597938 - $0.5738750533296998)


5b. 25 Claim(s):

Total gas cost: 25 Claim(s) (USD): $0.6 ($0.5979586940272544)

Claim Reward: 24 Claim(s) (WEI): 0.000296056345659336 WETH (296056345659336 wei)
Claim Reward: 24 Claim(s) (USD): $0.91 ($0.9112315894597938)

Next Claim Reward: 25 Claim(s) (WEI): 0.000308392026728475 WETH (308392026728475 wei)
Next Claim Reward: 25 Claim(s) (USD): $0.95 ($0.9491995723539518)

Net profit = (Gross Profit - Gas Cost [Avg])
$0.35 = ($0.95 - $0.6) $0.35124087832669737 = ($0.9491995723539518 - $0.5979586940272544)


5b. 26 Claim(s):

Total gas cost: 26 Claim(s) (USD): $0.62 ($0.6220423347248091)

Claim Reward: 25 Claim(s) (WEI): 0.000308392026728475 WETH (308392026728475 wei)
Claim Reward: 25 Claim(s) (USD): $0.95 ($0.9491995723539518)

Next Claim Reward: 26 Claim(s) (WEI): 0.000320727707797614 WETH (320727707797614 wei)
Next Claim Reward: 26 Claim(s) (USD): $0.99 ($0.9871675552481098)

Net profit = (Gross Profit - Gas Cost [Avg])
$0.37 = ($0.99 - $0.62) $0.36512522052330076 = ($0.9871675552481098 - $0.6220423347248091)


5b. 27 Claim(s):

Total gas cost: 27 Claim(s) (USD): $0.65 ($0.6461259754223638)

Claim Reward: 26 Claim(s) (WEI): 0.000320727707797614 WETH (320727707797614 wei)
Claim Reward: 26 Claim(s) (USD): $0.99 ($0.9871675552481098)

Next Claim Reward: 27 Claim(s) (WEI): 0.000333063388866753 WETH (333063388866753 wei)
Next Claim Reward: 27 Claim(s) (USD): $1.03 ($1.025135538142268)

Net profit = (Gross Profit - Gas Cost [Avg])
$0.38 = ($1.03 - $0.65) $0.37900956271990416 = ($1.025135538142268 - $0.6461259754223638)


5b. 28 Claim(s):

Total gas cost: 28 Claim(s) (USD): $0.67 ($0.6702096161199186)

Claim Reward: 27 Claim(s) (WEI): 0.000333063388866753 WETH (333063388866753 wei)
Claim Reward: 27 Claim(s) (USD): $1.03 ($1.025135538142268)

Next Claim Reward: 28 Claim(s) (WEI): 0.000345399069935892 WETH (345399069935892 wei)
Next Claim Reward: 28 Claim(s) (USD): $1.06 ($1.0631035210364261)

Net profit = (Gross Profit - Gas Cost [Avg])
$0.39 = ($1.06 - $0.67) $0.39289390491650755 = ($1.0631035210364261 - $0.6702096161199186)


5b. 29 Claim(s):

Total gas cost: 29 Claim(s) (USD): $0.69 ($0.6942932568174732)

Claim Reward: 28 Claim(s) (WEI): 0.000345399069935892 WETH (345399069935892 wei)
Claim Reward: 28 Claim(s) (USD): $1.06 ($1.0631035210364261)

Next Claim Reward: 29 Claim(s) (WEI): 0.000357734751005031 WETH (357734751005031 wei)
Next Claim Reward: 29 Claim(s) (USD): $1.1 ($1.101071503930584)

Net profit = (Gross Profit - Gas Cost [Avg])
$0.41 = ($1.1 - $0.69) $0.40677824711311084 = ($1.101071503930584 - $0.6942932568174732)


5b. 30 Claim(s):

Total gas cost: 30 Claim(s) (USD): $0.72 ($0.7183768975150279)

Claim Reward: 29 Claim(s) (WEI): 0.000357734751005031 WETH (357734751005031 wei)
Claim Reward: 29 Claim(s) (USD): $1.1 ($1.101071503930584)

Next Claim Reward: 30 Claim(s) (WEI): 0.00037007043207417 WETH (370070432074170 wei)
Next Claim Reward: 30 Claim(s) (USD): $1.14 ($1.1390394868247422)

Net profit = (Gross Profit - Gas Cost [Avg])
$0.42 = ($1.14 - $0.72) $0.42066258930971434 = ($1.1390394868247422 - $0.7183768975150279)

******************
5c. Profit/Loss (USD):

Net profit = (Gross Profit - Gas Cost [Max])
$0.38 = ($1.1 - $0.72) $0.3826946064155562 = ($1.101071503930584 - $0.7183768975150279)

Submitting transaction to claim 29 prize(s):

0x7fad91a4a29109303188d8758f1a9d60ce988349-0x6aD5d436Fa984B60e379288Be22337186537A248-5-369
0x7fad91a4a29109303188d8758f1a9d60ce988349-0x6aD5d436Fa984B60e379288Be22337186537A248-5-866
0x7fad91a4a29109303188d8758f1a9d60ce988349-0xA9d34Cd28F0af4D9666A25267156D6fc2f403582-5-876
0x7fad91a4a29109303188d8758f1a9d60ce988349-0xed28979ca0c4c643Fa16F0Ae35fcd90172C014EA-5-886
0x7fad91a4a29109303188d8758f1a9d60ce988349-0xD4795c6ac3a92Da5EFC1C6a5bE08f994b9308BB9-5-504
0x7fad91a4a29109303188d8758f1a9d60ce988349-0x32391da51ae24D413B17B65BF1Fc85F2a008470C-5-61
0x7fad91a4a29109303188d8758f1a9d60ce988349-0x2E3e23abC38f7F417708982a49cf0d294835907e-5-768
0x7fad91a4a29109303188d8758f1a9d60ce988349-0x3Cc62eaB8066fB1A596EC40BF4beb9BD9a82630a-5-659
0x7fad91a4a29109303188d8758f1a9d60ce988349-0xcF0203C23ff10d05c569fbd19dDF06d66e6b0859-5-367
0x7fad91a4a29109303188d8758f1a9d60ce988349-0x67D1F31fbF29FbF057324318BD3FBDe244c0C565-5-566
0x7fad91a4a29109303188d8758f1a9d60ce988349-0x49593761A24B0d1578f4Fa34FcDfD544F5E6a776-5-169
0x7fad91a4a29109303188d8758f1a9d60ce988349-0xC40F737aA7499b0b37E3288885715389aa5E57c8-5-967
0x7fad91a4a29109303188d8758f1a9d60ce988349-0xC8ccBb711026E8D944c93c9F639D7F818b9208d0-5-34
0x7fad91a4a29109303188d8758f1a9d60ce988349-0xC14915d4CFF60DE55bd19CA3fDbf2850E6ac201e-5-10
0x7fad91a4a29109303188d8758f1a9d60ce988349-0xC14915d4CFF60DE55bd19CA3fDbf2850E6ac201e-5-336
0x7fad91a4a29109303188d8758f1a9d60ce988349-0x88a30a0a0012A162d8b7501Ca904F4Fe6ED0d8d5-5-812
0x7fad91a4a29109303188d8758f1a9d60ce988349-0xAaDacdb389bfDAa5f7504593374cd6DC53A85A1F-5-134
0x7fad91a4a29109303188d8758f1a9d60ce988349-0xA5680b9f2a4251518C8A3eDcD6Ee10DCdEa6A438-5-385
0x7fad91a4a29109303188d8758f1a9d60ce988349-0xa44dCE6d213e30c3cC39c5f43D439935b3b06992-5-540
0x7fad91a4a29109303188d8758f1a9d60ce988349-0x713DdA1138022b429125D8B2C03C2ff6B93698B1-5-318
0x7fad91a4a29109303188d8758f1a9d60ce988349-0xCBBE0288031D88D3E196fb193F89F11B35859927-5-446
0x7fad91a4a29109303188d8758f1a9d60ce988349-0xCBBE0288031D88D3E196fb193F89F11B35859927-5-859
0x7fad91a4a29109303188d8758f1a9d60ce988349-0xCBBE0288031D88D3E196fb193F89F11B35859927-5-881
0x7fad91a4a29109303188d8758f1a9d60ce988349-0x1e920eB33119A0a19d8A57F47398B4A9A5847e5c-5-269
0x7fad91a4a29109303188d8758f1a9d60ce988349-0x4B2A82970e14A1B11C9950C0CA9806cE2fD1A944-5-422
0x7fad91a4a29109303188d8758f1a9d60ce988349-0xE84C99F5343733953c19C182D535352625CD0432-5-806
0x7fad91a4a29109303188d8758f1a9d60ce988349-0x0F88D2cC350448F2C158ffAb1f5A0FF6e72DaFD9-5-92
0x7fad91a4a29109303188d8758f1a9d60ce988349-0x024c3C40BFd1C5d8bd1D537B726fE0C90A899AfE-5-435
0x7fad91a4a29109303188d8758f1a9d60ce988349-0xF7f70C81c161E4A8Ce2B004eb20564e3e13A35c5-5-43



Execute Claim Transaction for Tier #5 (Canary tier)



Transaction sent! ✔
Transaction hash: 0x1c99439b0801ba81bc4f3236978a9a048d8c0615c492ab9260701924e6a42752
Waiting on transaction to be confirmed ...
Tx confirmed !
