Operating on: 11155420 - Optimism Sepolia
Config - MIN_PROFIT_THRESHOLD_USD: -0.1

Starting ...
Getting prize pool info ...
Getting prize context ...

******************
1. Prize token: WETH

┌────────────┬──────────────────────────────────────────────┬──────────┬─────────────────┬────────┬──────────────┐
│ (index)    │ address                                      │ decimals │ name            │ symbol │ assetRateUsd │
├────────────┼──────────────────────────────────────────────┼──────────┼─────────────────┼────────┼──────────────┤
│ prizeToken │ '0x28Dae98474c0EeDF4Ee74Da5300Dd89dE5466E62' │ 18       │ 'Wrapped Ether' │ 'WETH' │ 3507.885     │
└────────────┴──────────────────────────────────────────────┴──────────┴─────────────────┴────────┴──────────────┘
┌─────────┬──────────┬──────────────────────────────┐
│ (index) │ numTiers │ tiersRangeArray              │
├─────────┼──────────┼──────────────────────────────┤
│ tiers   │ 4        │ [ 0, 1, 2, ... 1 more item ] │
└─────────┴──────────┴──────────────────────────────┘
Draw ID: 21
Prize Token WETH MarketRate USD:  $3507.885

******************
Getting prize vaults ...
Found 6 prize vaults.

16 prizes already claimed for draw #21.
74 prizes remaining to be claimed...




******************
Processing:
Vault:     0x887db83c6b90b8c6d3a0729e1299c6153220649e
Tier:      #1
# prizes:  2

5a. Calculating # of profitable claims ...

Native (Gas) Token ETH Market Rate (USD): $3512.53

Estimated gas limit (wei) (1 prize claim): 0.000000000000256519 ETH (256519 wei)
Estimated gas limit (wei) (2 prize claims): 0.000000000000368061 ETH (368061 wei)

Gas Cost: First Claim (wei): 0.000000000000256519 ETH (256519 wei)
Gas Cost: Each Following Claim (wei): 0.000000000000111542 ETH (111542 wei)

Gas Cost: First Claim (USD): $0.88 $0.8843991091444866
Gas Cost: Each Following Claim (USD): $1.08 $1.081897795638161

5b. 1 Claim(s):

Total gas cost: 1 Claim(s) (USD): $0.88 ($0.8843991091444866)

Next Claim Reward: 1 Claim(s) (WEI): 0.000050180061828069 WETH (50180061828069 wei)
Next Claim Reward: 1 Claim(s) (USD): $0.18 ($0.17602588618575585)

Net profit = (Gross Profit - Gas Cost [Avg])
$-0.71 = ($0.18 - $0.88) $-0.7083732229587307 = ($0.17602588618575585 - $0.8843991091444866)

******************
5c. Profit/Loss (USD):

Net profit = (Gross Profit - Gas Cost [Max])
$-0.88 = ($0 - $0.88) $-0.8843991091444866 = ($0 - $0.8843991091444866)

Claiming tier #1 currently not profitable.
Not profitable to claim for Draw #21, Tier: #1
Not profitable to claim any more tiers yet for Draw #21
