Operating on: 11155420 - Optimism Sepolia

Config - REWARD_RECIPIENT not provided, setting swap recipient to relayer address: 0x06003274c3a7926c04cA8d6903cc691fE8f3CEC2
Config - MIN_PROFIT_THRESHOLD_USD: -0.1

Starting ...
Getting prize pool info ...
Getting prize context ...

******************
1. Prize token: WETH

┌────────────┬──────────────────────────────────────────────┬──────────┬─────────────────┬────────┬──────────────┐
│ (index)    │ address                                      │ decimals │ name            │ symbol │ assetRateUsd │
├────────────┼──────────────────────────────────────────────┼──────────┼─────────────────┼────────┼──────────────┤
│ prizeToken │ '0xC355F97a3Aa2808Acb536E555764b8FB26fB4b37' │ 18       │ 'Wrapped Ether' │ 'WETH' │ 3114.4211    │
└────────────┴──────────────────────────────────────────────┴──────────┴─────────────────┴────────┴──────────────┘
┌─────────┬──────────┬───────────────────────────────┐
│ (index) │ numTiers │ tiersRangeArray               │
├─────────┼──────────┼───────────────────────────────┤
│ tiers   │ 6        │ [ 0, 1, 2, ... 3 more items ] │
└─────────┴──────────┴───────────────────────────────┘
Draw ID: 5
Prize Token WETH MarketRate USD:  $3114.4211

******************
Getting prize vaults ...
Found 6 prize vaults.

198 prizes already claimed for draw #5.
1128 prizes remaining to be claimed...




******************
Processing:
Vault:     0x33335296c9b020ca3252e4953c11decfdce816b8
Tier:      #4 (Canary tier)
# prizes:  99

5a. Calculating # of profitable claims ...

Native (Gas) Token ETH Market Rate (USD): $3044.22

Estimated gas limit (wei) (1 prize claim): 0.000000000000181032 ETH (181032 wei)
Estimated gas limit (wei) (2 prize claims): 0.000000000000263413 ETH (263413 wei)

Gas Cost: First Claim (wei): 0.000000000000181032 ETH (181032 wei)
Gas Cost: Each Following Claim (wei): 0.000000000000082381 ETH (82381 wei)

Gas Cost: First Claim (USD): $0.01 $0.011543513816224024
Gas Cost: Each Following Claim (USD): $0.01 $0.013752774320058097

5b. 1 Claim(s):

Total gas cost: 1 Claim(s) (USD): $0.01 ($0.011543513816224024)

Next Claim Reward: 1 Claim(s) (WEI): 0.000020778170984667 WETH (20778170984667 wei)
Next Claim Reward: 1 Claim(s) (USD): $0.06 ($0.06471197413405469)

Net profit = (Gross Profit - Gas Cost [Avg])
$0.05 = ($0.06 - $0.01) $0.053168460317830665 = ($0.06471197413405469 - $0.011543513816224024)


5b. 2 Claim(s):

Total gas cost: 2 Claim(s) (USD): $0.03 ($0.02529628813628212)

Claim Reward: 1 Claim(s) (WEI): 0.000020778170984667 WETH (20778170984667 wei)
Claim Reward: 1 Claim(s) (USD): $0.06 ($0.06471197413405469)

Next Claim Reward: 2 Claim(s) (WEI): 0.000041556341969334 WETH (41556341969334 wei)
Next Claim Reward: 2 Claim(s) (USD): $0.13 ($0.12942394826810938)

Net profit = (Gross Profit - Gas Cost [Avg])
$0.1 = ($0.13 - $0.03) $0.10412766013182725 = ($0.12942394826810938 - $0.02529628813628212)


5b. 3 Claim(s):

Total gas cost: 3 Claim(s) (USD): $0.04 ($0.03904906245634022)

Claim Reward: 2 Claim(s) (WEI): 0.000041556341969334 WETH (41556341969334 wei)
Claim Reward: 2 Claim(s) (USD): $0.13 ($0.12942394826810938)

Next Claim Reward: 3 Claim(s) (WEI): 0.000062334512954001 WETH (62334512954001 wei)
Next Claim Reward: 3 Claim(s) (USD): $0.19 ($0.19413592240216404)

Net profit = (Gross Profit - Gas Cost [Avg])
$0.16 = ($0.19 - $0.04) $0.15508685994582383 = ($0.19413592240216404 - $0.03904906245634022)


5b. 4 Claim(s):

Total gas cost: 4 Claim(s) (USD): $0.05 ($0.05280183677639831)

Claim Reward: 3 Claim(s) (WEI): 0.000062334512954001 WETH (62334512954001 wei)
Claim Reward: 3 Claim(s) (USD): $0.19 ($0.19413592240216404)

Next Claim Reward: 4 Claim(s) (WEI): 0.000083112683938668 WETH (83112683938668 wei)
Next Claim Reward: 4 Claim(s) (USD): $0.26 ($0.25884789653621876)

Net profit = (Gross Profit - Gas Cost [Avg])
$0.21 = ($0.26 - $0.05) $0.20604605975982043 = ($0.25884789653621876 - $0.05280183677639831)


5b. 5 Claim(s):

Total gas cost: 5 Claim(s) (USD): $0.07 ($0.06655461109645641)

Claim Reward: 4 Claim(s) (WEI): 0.000083112683938668 WETH (83112683938668 wei)
Claim Reward: 4 Claim(s) (USD): $0.26 ($0.25884789653621876)

Next Claim Reward: 5 Claim(s) (WEI): 0.000103890854923335 WETH (103890854923335 wei)
Next Claim Reward: 5 Claim(s) (USD): $0.32 ($0.3235598706702734)

Net profit = (Gross Profit - Gas Cost [Avg])
$0.26 = ($0.32 - $0.07) $0.25700525957381704 = ($0.3235598706702734 - $0.06655461109645641)


5b. 6 Claim(s):

Total gas cost: 6 Claim(s) (USD): $0.08 ($0.08030738541651451)

Claim Reward: 5 Claim(s) (WEI): 0.000103890854923335 WETH (103890854923335 wei)
Claim Reward: 5 Claim(s) (USD): $0.32 ($0.3235598706702734)

Next Claim Reward: 6 Claim(s) (WEI): 0.000124669025908002 WETH (124669025908002 wei)
Next Claim Reward: 6 Claim(s) (USD): $0.39 ($0.3882718448043281)

Net profit = (Gross Profit - Gas Cost [Avg])
$0.31 = ($0.39 - $0.08) $0.3079644593878136 = ($0.3882718448043281 - $0.08030738541651451)


5b. 7 Claim(s):

Total gas cost: 7 Claim(s) (USD): $0.09 ($0.0940601597365726)

Claim Reward: 6 Claim(s) (WEI): 0.000124669025908002 WETH (124669025908002 wei)
Claim Reward: 6 Claim(s) (USD): $0.39 ($0.3882718448043281)

Next Claim Reward: 7 Claim(s) (WEI): 0.000145447196892669 WETH (145447196892669 wei)
Next Claim Reward: 7 Claim(s) (USD): $0.45 ($0.45298381893838274)

Net profit = (Gross Profit - Gas Cost [Avg])
$0.36 = ($0.45 - $0.09) $0.35892365920181013 = ($0.45298381893838274 - $0.0940601597365726)


5b. 8 Claim(s):

Total gas cost: 8 Claim(s) (USD): $0.11 ($0.1078129340566307)

Claim Reward: 7 Claim(s) (WEI): 0.000145447196892669 WETH (145447196892669 wei)
Claim Reward: 7 Claim(s) (USD): $0.45 ($0.45298381893838274)

Next Claim Reward: 8 Claim(s) (WEI): 0.000166225367877336 WETH (166225367877336 wei)
Next Claim Reward: 8 Claim(s) (USD): $0.52 ($0.5176957930724375)

Net profit = (Gross Profit - Gas Cost [Avg])
$0.41 = ($0.52 - $0.11) $0.4098828590158068 = ($0.5176957930724375 - $0.1078129340566307)


5b. 9 Claim(s):

Total gas cost: 9 Claim(s) (USD): $0.12 ($0.1215657083766888)

Claim Reward: 8 Claim(s) (WEI): 0.000166225367877336 WETH (166225367877336 wei)
Claim Reward: 8 Claim(s) (USD): $0.52 ($0.5176957930724375)

Next Claim Reward: 9 Claim(s) (WEI): 0.000187003538862003 WETH (187003538862003 wei)
Next Claim Reward: 9 Claim(s) (USD): $0.58 ($0.5824077672064921)

Net profit = (Gross Profit - Gas Cost [Avg])
$0.46 = ($0.58 - $0.12) $0.46084205882980334 = ($0.5824077672064921 - $0.1215657083766888)


5b. 10 Claim(s):

Total gas cost: 10 Claim(s) (USD): $0.14 ($0.1353184826967469)

Claim Reward: 9 Claim(s) (WEI): 0.000187003538862003 WETH (187003538862003 wei)
Claim Reward: 9 Claim(s) (USD): $0.58 ($0.5824077672064921)

Next Claim Reward: 10 Claim(s) (WEI): 0.00020778170984667 WETH (207781709846670 wei)
Next Claim Reward: 10 Claim(s) (USD): $0.65 ($0.6471197413405468)

Net profit = (Gross Profit - Gas Cost [Avg])
$0.51 = ($0.65 - $0.14) $0.5118012586437999 = ($0.6471197413405468 - $0.1353184826967469)


5b. 11 Claim(s):

Total gas cost: 11 Claim(s) (USD): $0.15 ($0.14907125701680501)

Claim Reward: 10 Claim(s) (WEI): 0.00020778170984667 WETH (207781709846670 wei)
Claim Reward: 10 Claim(s) (USD): $0.65 ($0.6471197413405468)

Next Claim Reward: 11 Claim(s) (WEI): 0.000228559880831337 WETH (228559880831337 wei)
Next Claim Reward: 11 Claim(s) (USD): $0.71 ($0.7118317154746014)

Net profit = (Gross Profit - Gas Cost [Avg])
$0.56 = ($0.71 - $0.15) $0.5627604584577964 = ($0.7118317154746014 - $0.14907125701680501)


5b. 12 Claim(s):

Total gas cost: 12 Claim(s) (USD): $0.16 ($0.16282403133686307)

Claim Reward: 11 Claim(s) (WEI): 0.000228559880831337 WETH (228559880831337 wei)
Claim Reward: 11 Claim(s) (USD): $0.71 ($0.7118317154746014)

Next Claim Reward: 12 Claim(s) (WEI): 0.000249338051816004 WETH (249338051816004 wei)
Next Claim Reward: 12 Claim(s) (USD): $0.78 ($0.7765436896086562)

Net profit = (Gross Profit - Gas Cost [Avg])
$0.61 = ($0.78 - $0.16) $0.6137196582717931 = ($0.7765436896086562 - $0.16282403133686307)


5b. 13 Claim(s):

Total gas cost: 13 Claim(s) (USD): $0.18 ($0.1765768056569212)

Claim Reward: 12 Claim(s) (WEI): 0.000249338051816004 WETH (249338051816004 wei)
Claim Reward: 12 Claim(s) (USD): $0.78 ($0.7765436896086562)

Next Claim Reward: 13 Claim(s) (WEI): 0.000270116222800671 WETH (270116222800671 wei)
Next Claim Reward: 13 Claim(s) (USD): $0.84 ($0.8412556637427109)

Net profit = (Gross Profit - Gas Cost [Avg])
$0.66 = ($0.84 - $0.18) $0.6646788580857896 = ($0.8412556637427109 - $0.1765768056569212)


5b. 14 Claim(s):

Total gas cost: 14 Claim(s) (USD): $0.19 ($0.1903295799769793)

Claim Reward: 13 Claim(s) (WEI): 0.000270116222800671 WETH (270116222800671 wei)
Claim Reward: 13 Claim(s) (USD): $0.84 ($0.8412556637427109)

Next Claim Reward: 14 Claim(s) (WEI): 0.000290894393785338 WETH (290894393785338 wei)
Next Claim Reward: 14 Claim(s) (USD): $0.91 ($0.9059676378767655)

Net profit = (Gross Profit - Gas Cost [Avg])
$0.72 = ($0.91 - $0.19) $0.7156380578997862 = ($0.9059676378767655 - $0.1903295799769793)


5b. 15 Claim(s):

Total gas cost: 15 Claim(s) (USD): $0.2 ($0.20408235429703736)

Claim Reward: 14 Claim(s) (WEI): 0.000290894393785338 WETH (290894393785338 wei)
Claim Reward: 14 Claim(s) (USD): $0.91 ($0.9059676378767655)

Next Claim Reward: 15 Claim(s) (WEI): 0.000311672564770005 WETH (311672564770005 wei)
Next Claim Reward: 15 Claim(s) (USD): $0.97 ($0.9706796120108202)

Net profit = (Gross Profit - Gas Cost [Avg])
$0.77 = ($0.97 - $0.2) $0.7665972577137828 = ($0.9706796120108202 - $0.20408235429703736)


5b. 16 Claim(s):

Total gas cost: 16 Claim(s) (USD): $0.22 ($0.21783512861709547)

Claim Reward: 15 Claim(s) (WEI): 0.000311672564770005 WETH (311672564770005 wei)
Claim Reward: 15 Claim(s) (USD): $0.97 ($0.9706796120108202)

Next Claim Reward: 16 Claim(s) (WEI): 0.000332450735754672 WETH (332450735754672 wei)
Next Claim Reward: 16 Claim(s) (USD): $1.04 ($1.035391586144875)

Net profit = (Gross Profit - Gas Cost [Avg])
$0.82 = ($1.04 - $0.22) $0.8175564575277796 = ($1.035391586144875 - $0.21783512861709547)


5b. 17 Claim(s):

Total gas cost: 17 Claim(s) (USD): $0.23 ($0.2315879029371536)

Claim Reward: 16 Claim(s) (WEI): 0.000332450735754672 WETH (332450735754672 wei)
Claim Reward: 16 Claim(s) (USD): $1.04 ($1.035391586144875)

Next Claim Reward: 17 Claim(s) (WEI): 0.000353228906739339 WETH (353228906739339 wei)
Next Claim Reward: 17 Claim(s) (USD): $1.1 ($1.1001035602789297)

Net profit = (Gross Profit - Gas Cost [Avg])
$0.87 = ($1.1 - $0.23) $0.8685156573417762 = ($1.1001035602789297 - $0.2315879029371536)


5b. 18 Claim(s):

Total gas cost: 18 Claim(s) (USD): $0.25 ($0.24534067725721165)

Claim Reward: 17 Claim(s) (WEI): 0.000353228906739339 WETH (353228906739339 wei)
Claim Reward: 17 Claim(s) (USD): $1.1 ($1.1001035602789297)

Next Claim Reward: 18 Claim(s) (WEI): 0.000374007077724006 WETH (374007077724006 wei)
Next Claim Reward: 18 Claim(s) (USD): $1.16 ($1.1648155344129842)

Net profit = (Gross Profit - Gas Cost [Avg])
$0.92 = ($1.16 - $0.25) $0.9194748571557726 = ($1.1648155344129842 - $0.24534067725721165)


5b. 19 Claim(s):

Total gas cost: 19 Claim(s) (USD): $0.26 ($0.25909345157726976)

Claim Reward: 18 Claim(s) (WEI): 0.000374007077724006 WETH (374007077724006 wei)
Claim Reward: 18 Claim(s) (USD): $1.16 ($1.1648155344129842)

Next Claim Reward: 19 Claim(s) (WEI): 0.000394785248708673 WETH (394785248708673 wei)
Next Claim Reward: 19 Claim(s) (USD): $1.23 ($1.229527508547039)

Net profit = (Gross Profit - Gas Cost [Avg])
$0.97 = ($1.23 - $0.26) $0.9704340569697691 = ($1.229527508547039 - $0.25909345157726976)


5b. 20 Claim(s):

Total gas cost: 20 Claim(s) (USD): $0.27 ($0.2728462258973279)

Claim Reward: 19 Claim(s) (WEI): 0.000394785248708673 WETH (394785248708673 wei)
Claim Reward: 19 Claim(s) (USD): $1.23 ($1.229527508547039)

Next Claim Reward: 20 Claim(s) (WEI): 0.00041556341969334 WETH (415563419693340 wei)
Next Claim Reward: 20 Claim(s) (USD): $1.29 ($1.2942394826810937)

Net profit = (Gross Profit - Gas Cost [Avg])
$1.02 = ($1.29 - $0.27) $1.0213932567837658 = ($1.2942394826810937 - $0.2728462258973279)


5b. 21 Claim(s):

Total gas cost: 21 Claim(s) (USD): $0.29 ($0.286599000217386)

Claim Reward: 20 Claim(s) (WEI): 0.00041556341969334 WETH (415563419693340 wei)
Claim Reward: 20 Claim(s) (USD): $1.29 ($1.2942394826810937)

Next Claim Reward: 21 Claim(s) (WEI): 0.000436341590678007 WETH (436341590678007 wei)
Next Claim Reward: 21 Claim(s) (USD): $1.36 ($1.3589514568151484)

Net profit = (Gross Profit - Gas Cost [Avg])
$1.07 = ($1.36 - $0.29) $1.0723524565977625 = ($1.3589514568151484 - $0.286599000217386)


5b. 22 Claim(s):

Total gas cost: 22 Claim(s) (USD): $0.3 ($0.30035177453744405)

Claim Reward: 21 Claim(s) (WEI): 0.000436341590678007 WETH (436341590678007 wei)
Claim Reward: 21 Claim(s) (USD): $1.36 ($1.3589514568151484)

Next Claim Reward: 22 Claim(s) (WEI): 0.000457119761662674 WETH (457119761662674 wei)
Next Claim Reward: 22 Claim(s) (USD): $1.42 ($1.423663430949203)

Net profit = (Gross Profit - Gas Cost [Avg])
$1.12 = ($1.42 - $0.3) $1.123311656411759 = ($1.423663430949203 - $0.30035177453744405)


5b. 23 Claim(s):

Total gas cost: 23 Claim(s) (USD): $0.31 ($0.31410454885750216)

Claim Reward: 22 Claim(s) (WEI): 0.000457119761662674 WETH (457119761662674 wei)
Claim Reward: 22 Claim(s) (USD): $1.42 ($1.423663430949203)

Next Claim Reward: 23 Claim(s) (WEI): 0.000477897932647341 WETH (477897932647341 wei)
Next Claim Reward: 23 Claim(s) (USD): $1.49 ($1.4883754050832576)

Net profit = (Gross Profit - Gas Cost [Avg])
$1.17 = ($1.49 - $0.31) $1.1742708562257556 = ($1.4883754050832576 - $0.31410454885750216)


5b. 24 Claim(s):

Total gas cost: 24 Claim(s) (USD): $0.33 ($0.3278573231775603)

Claim Reward: 23 Claim(s) (WEI): 0.000477897932647341 WETH (477897932647341 wei)
Claim Reward: 23 Claim(s) (USD): $1.49 ($1.4883754050832576)

Next Claim Reward: 24 Claim(s) (WEI): 0.000498676103632008 WETH (498676103632008 wei)
Next Claim Reward: 24 Claim(s) (USD): $1.55 ($1.5530873792173123)

Net profit = (Gross Profit - Gas Cost [Avg])
$1.23 = ($1.55 - $0.33) $1.225230056039752 = ($1.5530873792173123 - $0.3278573231775603)


5b. 25 Claim(s):

Total gas cost: 25 Claim(s) (USD): $0.34 ($0.34161009749761834)

Claim Reward: 24 Claim(s) (WEI): 0.000498676103632008 WETH (498676103632008 wei)
Claim Reward: 24 Claim(s) (USD): $1.55 ($1.5530873792173123)

Next Claim Reward: 25 Claim(s) (WEI): 0.000519454274616675 WETH (519454274616675 wei)
Next Claim Reward: 25 Claim(s) (USD): $1.62 ($1.617799353351367)

Net profit = (Gross Profit - Gas Cost [Avg])
$1.28 = ($1.62 - $0.34) $1.2761892558537486 = ($1.617799353351367 - $0.34161009749761834)


5b. 26 Claim(s):

Total gas cost: 26 Claim(s) (USD): $0.36 ($0.35536287181767645)

Claim Reward: 25 Claim(s) (WEI): 0.000519454274616675 WETH (519454274616675 wei)
Claim Reward: 25 Claim(s) (USD): $1.62 ($1.617799353351367)

Next Claim Reward: 26 Claim(s) (WEI): 0.000540232445601342 WETH (540232445601342 wei)
Next Claim Reward: 26 Claim(s) (USD): $1.68 ($1.6825113274854218)

Net profit = (Gross Profit - Gas Cost [Avg])
$1.33 = ($1.68 - $0.36) $1.3271484556677453 = ($1.6825113274854218 - $0.35536287181767645)


5b. 27 Claim(s):

Total gas cost: 27 Claim(s) (USD): $0.37 ($0.36911564613773457)

Claim Reward: 26 Claim(s) (WEI): 0.000540232445601342 WETH (540232445601342 wei)
Claim Reward: 26 Claim(s) (USD): $1.68 ($1.6825113274854218)

Next Claim Reward: 27 Claim(s) (WEI): 0.000561010616586009 WETH (561010616586009 wei)
Next Claim Reward: 27 Claim(s) (USD): $1.75 ($1.7472233016194765)

Net profit = (Gross Profit - Gas Cost [Avg])
$1.38 = ($1.75 - $0.37) $1.378107655481742 = ($1.7472233016194765 - $0.36911564613773457)


5b. 28 Claim(s):

Total gas cost: 28 Claim(s) (USD): $0.38 ($0.3828684204577927)

Claim Reward: 27 Claim(s) (WEI): 0.000561010616586009 WETH (561010616586009 wei)
Claim Reward: 27 Claim(s) (USD): $1.75 ($1.7472233016194765)

Next Claim Reward: 28 Claim(s) (WEI): 0.000581788787570676 WETH (581788787570676 wei)
Next Claim Reward: 28 Claim(s) (USD): $1.81 ($1.811935275753531)

Net profit = (Gross Profit - Gas Cost [Avg])
$1.43 = ($1.81 - $0.38) $1.4290668552957384 = ($1.811935275753531 - $0.3828684204577927)


5b. 29 Claim(s):

Total gas cost: 29 Claim(s) (USD): $0.4 ($0.39662119477785074)

Claim Reward: 28 Claim(s) (WEI): 0.000581788787570676 WETH (581788787570676 wei)
Claim Reward: 28 Claim(s) (USD): $1.81 ($1.811935275753531)

Next Claim Reward: 29 Claim(s) (WEI): 0.000602566958555343 WETH (602566958555343 wei)
Next Claim Reward: 29 Claim(s) (USD): $1.88 ($1.8766472498875857)

Net profit = (Gross Profit - Gas Cost [Avg])
$1.48 = ($1.88 - $0.4) $1.480026055109735 = ($1.8766472498875857 - $0.39662119477785074)


5b. 30 Claim(s):

Total gas cost: 30 Claim(s) (USD): $0.41 ($0.41037396909790885)

Claim Reward: 29 Claim(s) (WEI): 0.000602566958555343 WETH (602566958555343 wei)
Claim Reward: 29 Claim(s) (USD): $1.88 ($1.8766472498875857)

Next Claim Reward: 30 Claim(s) (WEI): 0.00062334512954001 WETH (623345129540010 wei)
Next Claim Reward: 30 Claim(s) (USD): $1.94 ($1.9413592240216404)

Net profit = (Gross Profit - Gas Cost [Avg])
$1.53 = ($1.94 - $0.41) $1.5309852549237315 = ($1.9413592240216404 - $0.41037396909790885)

******************
5c. Profit/Loss (USD):

Net profit = (Gross Profit - Gas Cost [Max])
$1.47 = ($1.88 - $0.41) $1.4662732807896768 = ($1.8766472498875857 - $0.41037396909790885)

Submitting transaction to claim 29 prize(s):

0x33335296c9b020ca3252e4953c11decfdce816b8-0xcE034f5187A13dAA3D9e258e502688c37cAa2591-4-222
0x33335296c9b020ca3252e4953c11decfdce816b8-0xA84De351BbdBB080cA411c912EC02c590721243A-4-44
0x33335296c9b020ca3252e4953c11decfdce816b8-0x86AB2437478A101F2C65f1abeD350f8B495e7d01-4-200
0x33335296c9b020ca3252e4953c11decfdce816b8-0x1Bc24cc357bddEB77cCA1355B5A9f159c1c21F59-4-45
0x33335296c9b020ca3252e4953c11decfdce816b8-0x4E2C4c6b2B2287cDCa67d24Dec93F40EEFD54bBe-4-153
0x33335296c9b020ca3252e4953c11decfdce816b8-0xC1135f980EE11E8eEd595D3e7df1b4350767e5d8-4-204
0x33335296c9b020ca3252e4953c11decfdce816b8-0x4DFb8217AA8649f1aD600210784C2130c5E5273c-4-75
0x33335296c9b020ca3252e4953c11decfdce816b8-0x4DFb8217AA8649f1aD600210784C2130c5E5273c-4-239
0x33335296c9b020ca3252e4953c11decfdce816b8-0x298B60F3388CBdb17937D51554773B480C2D2bA2-4-20
0x33335296c9b020ca3252e4953c11decfdce816b8-0x781DD0d1c4075812B860c3bdc2657BF7dB5477aD-4-200
0x33335296c9b020ca3252e4953c11decfdce816b8-0xC23Edad03eD4eeC01b4F613349e50F247A3aFC6D-4-59
0x33335296c9b020ca3252e4953c11decfdce816b8-0x68b8acDac8f25ce6eEA2bfFAcCe17AE0d22426c4-4-255
0x33335296c9b020ca3252e4953c11decfdce816b8-0xddb2F8C03C985676A03a029EA89A866795FF50b2-4-102
0x33335296c9b020ca3252e4953c11decfdce816b8-0x6eEe0dE9FE18B0A05D6520466aAf0Fe41d1851C0-4-157
0x33335296c9b020ca3252e4953c11decfdce816b8-0x3caEF326ae68265DFD49A9465c5f419BBaC5c631-4-203
0x33335296c9b020ca3252e4953c11decfdce816b8-0xbB7F375f675d455C6AD174DbA69011A38203990d-4-12
0x33335296c9b020ca3252e4953c11decfdce816b8-0x82BBC9954D673B37b6dEF925F1D57a046777438F-4-90
0x33335296c9b020ca3252e4953c11decfdce816b8-0xDB661bcc16E247659174175aE2833c2eA558caB8-4-98
0x33335296c9b020ca3252e4953c11decfdce816b8-0x3f6093335F136fADF0ECdE6223224B841f2409a7-4-88
0x33335296c9b020ca3252e4953c11decfdce816b8-0x57512cB3079220868a615dD310dA6e51d1E744C6-4-166
0x33335296c9b020ca3252e4953c11decfdce816b8-0xc246a950371Ae6Ba92333f76399C5d8ab8a3F042-4-127
0x33335296c9b020ca3252e4953c11decfdce816b8-0xc1EC0Cb06979f098ED44E168C54746148F07046F-4-18
0x33335296c9b020ca3252e4953c11decfdce816b8-0x27d52824c7180D86c5873C56f0C2c9e746f93C79-4-171
0x33335296c9b020ca3252e4953c11decfdce816b8-0xCa4c1E70BccF398a4A3aF8123B8A243Be6bDc4D5-4-23
0x33335296c9b020ca3252e4953c11decfdce816b8-0xcD467C660b2695BF5CB5B06C065eb41898F4d52A-4-119
0x33335296c9b020ca3252e4953c11decfdce816b8-0x2aDC11Fc1e1C171215E2B5cd9231B319e289B951-4-101
0x33335296c9b020ca3252e4953c11decfdce816b8-0x7e1a3F3344962C29D09f929ef8a584a5338E3F07-4-170
0x33335296c9b020ca3252e4953c11decfdce816b8-0xc18cD361E98C6A8433814Ff580f8378cFc58436C-4-145
0x33335296c9b020ca3252e4953c11decfdce816b8-0xc6019CF1dB855e27e08aD3ea2A90C628C2849C54-4-40



Execute Claim Transaction for Tier #4 (Canary tier)


