Operating on: 11155420 - Optimism Sepolia

Config - REWARD_RECIPIENT not provided, setting swap recipient to relayer address: 0x06003274c3a7926c04cA8d6903cc691fE8f3CEC2
Config - MIN_PROFIT_THRESHOLD_USD: 0.05

Starting ...
Getting prize pool info ...
Getting prize context ...

******************
1. Prize token: WETH

┌────────────┬──────────────────────────────────────────────┬──────────┬─────────────────┬────────┬──────────────┐
│ (index)    │ address                                      │ decimals │ name            │ symbol │ assetRateUsd │
├────────────┼──────────────────────────────────────────────┼──────────┼─────────────────┼────────┼──────────────┤
│ prizeToken │ '0xC355F97a3Aa2808Acb536E555764b8FB26fB4b37' │ 18       │ 'Wrapped Ether' │ 'WETH' │ 3103.8452    │
└────────────┴──────────────────────────────────────────────┴──────────┴─────────────────┴────────┴──────────────┘
┌─────────┬──────────┬───────────────────────────────┐
│ (index) │ numTiers │ tiersRangeArray               │
├─────────┼──────────┼───────────────────────────────┤
│ tiers   │ 7        │ [ 0, 1, 2, ... 4 more items ] │
└─────────┴──────────┴───────────────────────────────┘
Draw ID: 24
Prize Token WETH MarketRate USD:  $3103.8452

******************
Getting prize vaults ...
Found 6 prize vaults.

293 prizes already claimed for draw #24.
5051 prizes remaining to be claimed...




******************
Processing:
Vault:     0x33335296c9b020ca3252e4953c11decfdce816b8
Tier:      #4
# prizes:  23

5a. Calculating # of profitable claims ...

Native (Gas) Token ETH Market Rate (USD): $3107.37

Estimated gas limit (wei) (1 prize claim): 0.000000000000239963 ETH (239963 wei)
Estimated gas limit (wei) (2 prize claims): 0.000000000000354336 ETH (354336 wei)

Gas Cost: First Claim (wei): 0.000000000000239963 ETH (239963 wei)
Gas Cost: Each Following Claim (wei): 0.000000000000114373 ETH (114373 wei)

Gas Cost: First Claim (USD): $0.01 $0.013874101739490344
Gas Cost: Each Following Claim (USD): $0.02 $0.01648106843342691

5b. 1 Claim(s):

Total gas cost: 1 Claim(s) (USD): $0.01 ($0.013874101739490344)

Next Claim Reward: 1 Claim(s) (WEI): 0.000223921570087488 WETH (223921570087488 wei)
Next Claim Reward: 1 Claim(s) (USD): $0.7 ($0.6950178904925133)

Net profit = (Gross Profit - Gas Cost [Avg])
$0.68 = ($0.7 - $0.01) $0.681143788753023 = ($0.6950178904925133 - $0.013874101739490344)


5b. 2 Claim(s):

Total gas cost: 2 Claim(s) (USD): $0.03 ($0.030355170172917254)

Claim Reward: 1 Claim(s) (WEI): 0.000223921570087488 WETH (223921570087488 wei)
Claim Reward: 1 Claim(s) (USD): $0.7 ($0.6950178904925133)

Next Claim Reward: 2 Claim(s) (WEI): 0.000447566372949044 WETH (447566372949044 wei)
Next Claim Reward: 2 Claim(s) (USD): $1.39 ($1.3891767383593001)

Net profit = (Gross Profit - Gas Cost [Avg])
$1.36 = ($1.39 - $0.03) $1.3588215681863829 = ($1.3891767383593001 - $0.030355170172917254)


5b. 3 Claim(s):

Total gas cost: 3 Claim(s) (USD): $0.05 ($0.046836238606344165)

Claim Reward: 2 Claim(s) (WEI): 0.000447566372949044 WETH (447566372949044 wei)
Claim Reward: 2 Claim(s) (USD): $1.39 ($1.3891767383593001)

Next Claim Reward: 3 Claim(s) (WEI): 0.000670934750669166 WETH (670934750669166 wei)
Next Claim Reward: 3 Claim(s) (USD): $2.08 ($2.082477605377688)

Net profit = (Gross Profit - Gas Cost [Avg])
$2.04 = ($2.08 - $0.05) $2.0356413667713436 = ($2.082477605377688 - $0.046836238606344165)


5b. 4 Claim(s):

Total gas cost: 4 Claim(s) (USD): $0.06 ($0.06331730703977108)

Claim Reward: 3 Claim(s) (WEI): 0.000670934750669166 WETH (670934750669166 wei)
Claim Reward: 3 Claim(s) (USD): $2.08 ($2.082477605377688)

Next Claim Reward: 4 Claim(s) (WEI): 0.000894027044909528 WETH (894027044909528 wei)
Next Claim Reward: 4 Claim(s) (USD): $2.77 ($2.774921552012623)

Net profit = (Gross Profit - Gas Cost [Avg])
$2.71 = ($2.77 - $0.06) $2.711604244972852 = ($2.774921552012623 - $0.06331730703977108)


5b. 5 Claim(s):

Total gas cost: 5 Claim(s) (USD): $0.08 ($0.07979837547319799)

Claim Reward: 4 Claim(s) (WEI): 0.000894027044909528 WETH (894027044909528 wei)
Claim Reward: 4 Claim(s) (USD): $2.77 ($2.774921552012623)

Next Claim Reward: 5 Claim(s) (WEI): 0.00111684359690952 WETH (1116843596909520 wei)
Next Claim Reward: 5 Claim(s) (USD): $3.47 ($3.4665096374183486)

Net profit = (Gross Profit - Gas Cost [Avg])
$3.39 = ($3.47 - $0.08) $3.3867112619451505 = ($3.4665096374183486 - $0.07979837547319799)


5b. 6 Claim(s):

Total gas cost: 6 Claim(s) (USD): $0.1 ($0.09627944390662489)

Claim Reward: 5 Claim(s) (WEI): 0.00111684359690952 WETH (1116843596909520 wei)
Claim Reward: 5 Claim(s) (USD): $3.47 ($3.4665096374183486)

Next Claim Reward: 6 Claim(s) (WEI): 0.001339384747486752 WETH (1339384747486752 wei)
Next Claim Reward: 6 Claim(s) (USD): $4.16 ($4.157242919439968)

Net profit = (Gross Profit - Gas Cost [Avg])
$4.06 = ($4.16 - $0.1) $4.060963475533343 = ($4.157242919439968 - $0.09627944390662489)


5b. 7 Claim(s):

Total gas cost: 7 Claim(s) (USD): $0.11 ($0.11276051234005181)

Claim Reward: 6 Claim(s) (WEI): 0.001339384747486752 WETH (1339384747486752 wei)
Claim Reward: 6 Claim(s) (USD): $4.16 ($4.157242919439968)

Next Claim Reward: 7 Claim(s) (WEI): 0.001561650837037585 WETH (1561650837037585 wei)
Next Claim Reward: 7 Claim(s) (USD): $4.85 ($4.847122454615091)

Net profit = (Gross Profit - Gas Cost [Avg])
$4.73 = ($4.85 - $0.11) $4.734361942275039 = ($4.847122454615091 - $0.11276051234005181)


5b. 8 Claim(s):

Total gas cost: 8 Claim(s) (USD): $0.13 ($0.12924158077347872)

Claim Reward: 7 Claim(s) (WEI): 0.001561650837037585 WETH (1561650837037585 wei)
Claim Reward: 7 Claim(s) (USD): $4.85 ($4.847122454615091)

Next Claim Reward: 8 Claim(s) (WEI): 0.001783642205537656 WETH (1783642205537656 wei)
Next Claim Reward: 8 Claim(s) (USD): $5.54 ($5.536149298175467)

Net profit = (Gross Profit - Gas Cost [Avg])
$5.41 = ($5.54 - $0.13) $5.406907717401989 = ($5.536149298175467 - $0.12924158077347872)


5b. 9 Claim(s):

Total gas cost: 9 Claim(s) (USD): $0.15 ($0.14572264920690564)

Claim Reward: 8 Claim(s) (WEI): 0.001783642205537656 WETH (1783642205537656 wei)
Claim Reward: 8 Claim(s) (USD): $5.54 ($5.536149298175467)

Next Claim Reward: 9 Claim(s) (WEI): 0.002005359192542376 WETH (2005359192542376 wei)
Next Claim Reward: 9 Claim(s) (USD): $6.22 ($6.22432450404853)

Net profit = (Gross Profit - Gas Cost [Avg])
$6.08 = ($6.22 - $0.15) $6.078601854841625 = ($6.22432450404853 - $0.14572264920690564)


5b. 10 Claim(s):

Total gas cost: 10 Claim(s) (USD): $0.16 ($0.16220371764033253)

Claim Reward: 9 Claim(s) (WEI): 0.002005359192542376 WETH (2005359192542376 wei)
Claim Reward: 9 Claim(s) (USD): $6.22 ($6.22432450404853)

Next Claim Reward: 10 Claim(s) (WEI): 0.00222680213718749 WETH (2226802137187490 wei)
Next Claim Reward: 10 Claim(s) (USD): $6.91 ($6.9116491248591325)

Net profit = (Gross Profit - Gas Cost [Avg])
$6.75 = ($6.91 - $0.16) $6.7494454072188 = ($6.9116491248591325 - $0.16220371764033253)


5b. 11 Claim(s):

Total gas cost: 11 Claim(s) (USD): $0.18 ($0.17868478607375943)

Claim Reward: 10 Claim(s) (WEI): 0.00222680213718749 WETH (2226802137187490 wei)
Claim Reward: 10 Claim(s) (USD): $6.91 ($6.9116491248591325)

Next Claim Reward: 11 Claim(s) (WEI): 0.002447971378189546 WETH (2447971378189546 wei)
Next Claim Reward: 11 Claim(s) (USD): $7.6 ($7.598124211931007)

Net profit = (Gross Profit - Gas Cost [Avg])
$7.42 = ($7.6 - $0.18) $7.419439425857248 = ($7.598124211931007 - $0.17868478607375943)


5b. 12 Claim(s):

Total gas cost: 12 Claim(s) (USD): $0.2 ($0.19516585450718638)

Claim Reward: 11 Claim(s) (WEI): 0.002447971378189546 WETH (2447971378189546 wei)
Claim Reward: 11 Claim(s) (USD): $7.6 ($7.598124211931007)

Next Claim Reward: 12 Claim(s) (WEI): 0.002668867253846448 WETH (2668867253846448 wei)
Next Claim Reward: 12 Claim(s) (USD): $8.28 ($8.28375081528848)

Net profit = (Gross Profit - Gas Cost [Avg])
$8.09 = ($8.28 - $0.2) $8.088584960781294 = ($8.28375081528848 - $0.19516585450718638)


5b. 13 Claim(s):

Total gas cost: 13 Claim(s) (USD): $0.21 ($0.21164692294061327)

Claim Reward: 12 Claim(s) (WEI): 0.002668867253846448 WETH (2668867253846448 wei)
Claim Reward: 12 Claim(s) (USD): $8.28 ($8.28375081528848)

Next Claim Reward: 13 Claim(s) (WEI): 0.002889490102037981 WETH (2889490102037981 wei)
Next Claim Reward: 13 Claim(s) (USD): $8.97 ($8.9685299836581)

Net profit = (Gross Profit - Gas Cost [Avg])
$8.76 = ($8.97 - $0.21) $8.756883060717486 = ($8.9685299836581 - $0.21164692294061327)


5b. 14 Claim(s):

Total gas cost: 14 Claim(s) (USD): $0.23 ($0.22812799137404016)

Claim Reward: 13 Claim(s) (WEI): 0.002889490102037981 WETH (2889490102037981 wei)
Claim Reward: 13 Claim(s) (USD): $8.97 ($8.9685299836581)

Next Claim Reward: 14 Claim(s) (WEI): 0.003109840260226266 WETH (3109840260226266 wei)
Next Claim Reward: 14 Claim(s) (USD): $9.65 ($9.652462764470046)

Net profit = (Gross Profit - Gas Cost [Avg])
$9.42 = ($9.65 - $0.23) $9.424334773096007 = ($9.652462764470046 - $0.22812799137404016)


5b. 15 Claim(s):

Total gas cost: 15 Claim(s) (USD): $0.24 ($0.2446090598074671)

Claim Reward: 14 Claim(s) (WEI): 0.003109840260226266 WETH (3109840260226266 wei)
Claim Reward: 14 Claim(s) (USD): $9.65 ($9.652462764470046)

Next Claim Reward: 15 Claim(s) (WEI): 0.003329918065456365 WETH (3329918065456365 wei)
Next Claim Reward: 15 Claim(s) (USD): $10.34 ($10.335550203860025)

Net profit = (Gross Profit - Gas Cost [Avg])
$10.09 = ($10.34 - $0.24) $10.090941144052557 = ($10.335550203860025 - $0.2446090598074671)


5b. 16 Claim(s):

Total gas cost: 16 Claim(s) (USD): $0.26 ($0.261090128240894)

Claim Reward: 15 Claim(s) (WEI): 0.003329918065456365 WETH (3329918065456365 wei)
Claim Reward: 15 Claim(s) (USD): $10.34 ($10.335550203860025)

Next Claim Reward: 16 Claim(s) (WEI): 0.003549723854356752 WETH (3549723854356752 wei)
Next Claim Reward: 16 Claim(s) (USD): $11.02 ($11.017793346670704)

Net profit = (Gross Profit - Gas Cost [Avg])
$10.76 = ($11.02 - $0.26) $10.75670321842981 = ($11.017793346670704 - $0.261090128240894)


5b. 17 Claim(s):

Total gas cost: 17 Claim(s) (USD): $0.28 ($0.2775711966743209)

Claim Reward: 16 Claim(s) (WEI): 0.003549723854356752 WETH (3549723854356752 wei)
Claim Reward: 16 Claim(s) (USD): $11.02 ($11.017793346670704)

Next Claim Reward: 17 Claim(s) (WEI): 0.003769257963139777 WETH (3769257963139777 wei)
Next Claim Reward: 17 Claim(s) (USD): $11.7 ($11.699193236453175)

Net profit = (Gross Profit - Gas Cost [Avg])
$11.42 = ($11.7 - $0.28) $11.421622039778853 = ($11.699193236453175 - $0.2775711966743209)


5b. 18 Claim(s):

Total gas cost: 18 Claim(s) (USD): $0.29 ($0.2940522651077478)

Claim Reward: 17 Claim(s) (WEI): 0.003769257963139777 WETH (3769257963139777 wei)
Claim Reward: 17 Claim(s) (USD): $11.7 ($11.699193236453175)

Next Claim Reward: 18 Claim(s) (WEI): 0.003988520727602274 WETH (3988520727602274 wei)
Next Claim Reward: 18 Claim(s) (USD): $12.38 ($12.379750915468827)

Net profit = (Gross Profit - Gas Cost [Avg])
$12.09 = ($12.38 - $0.29) $12.08569865036108 = ($12.379750915468827 - $0.2940522651077478)


5b. 19 Claim(s):

Total gas cost: 19 Claim(s) (USD): $0.31 ($0.31053333354117474)

Claim Reward: 18 Claim(s) (WEI): 0.003988520727602274 WETH (3988520727602274 wei)
Claim Reward: 18 Claim(s) (USD): $12.38 ($12.379750915468827)

Next Claim Reward: 19 Claim(s) (WEI): 0.004207512483126053 WETH (4207512483126053 wei)
Next Claim Reward: 19 Claim(s) (USD): $13.06 ($13.059467424690881)

Net profit = (Gross Profit - Gas Cost [Avg])
$12.75 = ($13.06 - $0.31) $12.748934091149707 = ($13.059467424690881 - $0.31053333354117474)


5b. 20 Claim(s):

Total gas cost: 20 Claim(s) (USD): $0.33 ($0.32701440197460163)

Claim Reward: 19 Claim(s) (WEI): 0.004207512483126053 WETH (4207512483126053 wei)
Claim Reward: 19 Claim(s) (USD): $13.06 ($13.059467424690881)

Next Claim Reward: 20 Claim(s) (WEI): 0.00442623356467832 WETH (4426233564678320 wei)
Next Claim Reward: 20 Claim(s) (USD): $13.74 ($13.738343803805693)

Net profit = (Gross Profit - Gas Cost [Avg])
$13.41 = ($13.74 - $0.33) $13.411329401831091 = ($13.738343803805693 - $0.32701440197460163)


5b. 21 Claim(s):

Total gas cost: 21 Claim(s) (USD): $0.34 ($0.3434954704080285)

Claim Reward: 20 Claim(s) (WEI): 0.00442623356467832 WETH (4426233564678320 wei)
Claim Reward: 20 Claim(s) (USD): $13.74 ($13.738343803805693)

Next Claim Reward: 21 Claim(s) (WEI): 0.00464468430681234 WETH (4644684306812340 wei)
Next Claim Reward: 21 Claim(s) (USD): $14.42 ($14.41638109121481)

Net profit = (Gross Profit - Gas Cost [Avg])
$14.07 = ($14.42 - $0.34) $14.072885620806781 = ($14.41638109121481 - $0.3434954704080285)


5b. 22 Claim(s):

Total gas cost: 22 Claim(s) (USD): $0.36 ($0.3599765388414555)

Claim Reward: 21 Claim(s) (WEI): 0.00464468430681234 WETH (4644684306812340 wei)
Claim Reward: 21 Claim(s) (USD): $14.42 ($14.41638109121481)

Next Claim Reward: 22 Claim(s) (WEI): 0.004862865043667818 WETH (4862865043667818 wei)
Next Claim Reward: 22 Claim(s) (USD): $15.09 ($15.093580324036147)

Net profit = (Gross Profit - Gas Cost [Avg])
$14.73 = ($15.09 - $0.36) $14.733603785194692 = ($15.093580324036147 - $0.3599765388414555)


5b. 23 Claim(s):

Total gas cost: 23 Claim(s) (USD): $0.38 ($0.37645760727488237)

Claim Reward: 22 Claim(s) (WEI): 0.004862865043667818 WETH (4862865043667818 wei)
Claim Reward: 22 Claim(s) (USD): $15.09 ($15.093580324036147)

Next Claim Reward: 23 Claim(s) (WEI): 0.005080776108971468 WETH (5080776108971468 wei)
Next Claim Reward: 23 Claim(s) (USD): $15.77 ($15.769942538105768)

Net profit = (Gross Profit - Gas Cost [Avg])
$15.39 = ($15.77 - $0.38) $15.393484930830885 = ($15.769942538105768 - $0.37645760727488237)


******************
5c. Profit/Loss (USD):

Net profit = (Gross Profit - Gas Cost [Max])
$15.39 = ($15.77 - $0.38) $15.393484930830885 = ($15.769942538105768 - $0.37645760727488237)

Submitting transaction to claim 23 prize(s):

0x33335296c9b020ca3252e4953c11decfdce816b8-0x189098a489de9eb2FCdecA11888c9EF2e7653848-4-13
0x33335296c9b020ca3252e4953c11decfdce816b8-0xcE241c09313a419FdA14F9012f4D35989c8f426A-4-63
0x33335296c9b020ca3252e4953c11decfdce816b8-0xa1ad7d1A24fb0F5e9DF1B356FB2a62bd2cA7E198-4-165
0x33335296c9b020ca3252e4953c11decfdce816b8-0x28aF575D1771BEaD109B3641fE56287B0ed74A98-4-118
0x33335296c9b020ca3252e4953c11decfdce816b8-0x8ea4EA3662bB363990B45dC6C5FAE9C7Ea8C2D83-4-127
0x33335296c9b020ca3252e4953c11decfdce816b8-0x05022015C3cEB67067c08fa9577Ea087Fec61b29-4-45
0x33335296c9b020ca3252e4953c11decfdce816b8-0xf75FFA157BCa1a8BaFE9a71bB0baAc50f193419d-4-116
0x33335296c9b020ca3252e4953c11decfdce816b8-0xF8919751251A4869F8f126d951484527762028fD-4-65
0x33335296c9b020ca3252e4953c11decfdce816b8-0xaa7A60C3c98A09AFBB25655c6FaE60697662b690-4-133
0x33335296c9b020ca3252e4953c11decfdce816b8-0x49625a50FD46380c1C737Cda61d2F5Ea092352eA-4-49
0x33335296c9b020ca3252e4953c11decfdce816b8-0x92B3A493EF6975357e687e1ee5629777a445CdDD-4-99
0x33335296c9b020ca3252e4953c11decfdce816b8-0x83085C3c28421BA7E9da9A595f2B66231B0087ca-4-2
0x33335296c9b020ca3252e4953c11decfdce816b8-0x83085C3c28421BA7E9da9A595f2B66231B0087ca-4-163
0x33335296c9b020ca3252e4953c11decfdce816b8-0x2f98E7C3982bB7EB8c07312318FB711A2d271612-4-212
0x33335296c9b020ca3252e4953c11decfdce816b8-0xB9Df9d22a83173F163ef3A564c683b4ebB2Dc0Bb-4-49
0x33335296c9b020ca3252e4953c11decfdce816b8-0x57C24Dc46Af4522F0667e9a2F5B1e878b4058272-4-173
0x33335296c9b020ca3252e4953c11decfdce816b8-0x3dcbE01b0CABe7066369D1EE5eC65849574b23D9-4-50
0x33335296c9b020ca3252e4953c11decfdce816b8-0x740cb7EAE4475330277b35B7A6FD32b7E84155F7-4-195
0x33335296c9b020ca3252e4953c11decfdce816b8-0x28673544840A59CCa235C1B4570E87Da6EC691D5-4-146
0x33335296c9b020ca3252e4953c11decfdce816b8-0xDF298B3F18d6f98AAd8F6033c8B43f409BF4b695-4-43
0x33335296c9b020ca3252e4953c11decfdce816b8-0x2b9b49D748214eac69d130A9667D5114ACCd5734-4-142
0x33335296c9b020ca3252e4953c11decfdce816b8-0xF5A9bA8c4D5bC47CB0c8daf037cd12D302BD4BCD-4-251
0x33335296c9b020ca3252e4953c11decfdce816b8-0xb0b3856ed20030556D6C8267a8F6C6dEB2642cB8-4-166



Execute Claim Transaction for Tier #4



Transaction sent! ✔
Transaction hash: 0x5b746a68c9fc8756f20e6b3147652a2bc1005c8e8ac04da26e729447c66dc27a
Waiting on transaction to be confirmed ...
Tx confirmed !




******************
Processing:
Vault:     0x7fad91a4a29109303188d8758f1a9d60ce988349
Tier:      #4
# prizes:  55

5a. Calculating # of profitable claims ...

Native (Gas) Token ETH Market Rate (USD): $3107.37

Estimated gas limit (wei) (1 prize claim): 0.000000000000222727 ETH (222727 wei)
Estimated gas limit (wei) (2 prize claims): 0.000000000000284461 ETH (284461 wei)

Gas Cost: First Claim (wei): 0.000000000000222727 ETH (222727 wei)
Gas Cost: Each Following Claim (wei): 0.000000000000061734 ETH (61734 wei)

Gas Cost: First Claim (USD): $0.01 $0.013315085750334231
Gas Cost: Each Following Claim (USD): $0.02 $0.01569661635933472

5b. 1 Claim(s):

Total gas cost: 1 Claim(s) (USD): $0.01 ($0.013315085750334231)

Next Claim Reward: 1 Claim(s) (WEI): 0.000220069639844349 WETH (220069639844349 wei)
Next Claim Reward: 1 Claim(s) (USD): $0.68 ($0.6830620952966114)

Net profit = (Gross Profit - Gas Cost [Avg])
$0.67 = ($0.68 - $0.01) $0.6697470095462772 = ($0.6830620952966114 - $0.013315085750334231)


5b. 2 Claim(s):

Total gas cost: 2 Claim(s) (USD): $0.03 ($0.029011702109668948)

Claim Reward: 1 Claim(s) (WEI): 0.000220069639844349 WETH (220069639844349 wei)
Claim Reward: 1 Claim(s) (USD): $0.68 ($0.6830620952966114)

Next Claim Reward: 2 Claim(s) (WEI): 0.00043986727345139 WETH (439867273451390 wei)
Next Claim Reward: 2 Claim(s) (USD): $1.37 ($1.3652799253391843)

Net profit = (Gross Profit - Gas Cost [Avg])
$1.34 = ($1.37 - $0.03) $1.3362682232295153 = ($1.3652799253391843 - $0.029011702109668948)


5b. 3 Claim(s):

Total gas cost: 3 Claim(s) (USD): $0.04 ($0.044708318469003666)

Claim Reward: 2 Claim(s) (WEI): 0.00043986727345139 WETH (439867273451390 wei)
Claim Reward: 2 Claim(s) (USD): $1.37 ($1.3652799253391843)

Next Claim Reward: 3 Claim(s) (WEI): 0.000659393237021034 WETH (659393237021034 wei)
Next Claim Reward: 3 Claim(s) (USD): $2.05 ($2.046654533640199)

Net profit = (Gross Profit - Gas Cost [Avg])
$2 = ($2.05 - $0.04) $2.0019462151711953 = ($2.046654533640199 - $0.044708318469003666)


5b. 4 Claim(s):

Total gas cost: 4 Claim(s) (USD): $0.06 ($0.060404934828338384)

Claim Reward: 3 Claim(s) (WEI): 0.000659393237021034 WETH (659393237021034 wei)
Claim Reward: 3 Claim(s) (USD): $2.05 ($2.046654533640199)

Next Claim Reward: 4 Claim(s) (WEI): 0.000878647866337648 WETH (878647866337648 wei)
Next Claim Reward: 4 Claim(s) (USD): $2.73 ($2.7271869624223504)

Net profit = (Gross Profit - Gas Cost [Avg])
$2.67 = ($2.73 - $0.06) $2.666782027594012 = ($2.7271869624223504 - $0.060404934828338384)


5b. 5 Claim(s):

Total gas cost: 5 Claim(s) (USD): $0.08 ($0.0761015511876731)

Claim Reward: 4 Claim(s) (WEI): 0.000878647866337648 WETH (878647866337648 wei)
Claim Reward: 4 Claim(s) (USD): $2.73 ($2.7271869624223504)

Next Claim Reward: 5 Claim(s) (WEI): 0.001097631496770565 WETH (1097631496770565 wei)
Next Claim Reward: 5 Claim(s) (USD): $3.41 ($3.406878252620134)

Net profit = (Gross Profit - Gas Cost [Avg])
$3.33 = ($3.41 - $0.08) $3.3307767014324607 = ($3.406878252620134 - $0.0761015511876731)


5b. 6 Claim(s):

Total gas cost: 6 Claim(s) (USD): $0.09 ($0.09179816754700783)

Claim Reward: 5 Claim(s) (WEI): 0.001097631496770565 WETH (1097631496770565 wei)
Claim Reward: 5 Claim(s) (USD): $3.41 ($3.406878252620134)

Next Claim Reward: 6 Claim(s) (WEI): 0.001316344463274612 WETH (1316344463274612 wei)
Next Claim Reward: 6 Claim(s) (USD): $4.09 ($4.085729443881481)

Net profit = (Gross Profit - Gas Cost [Avg])
$3.99 = ($4.09 - $0.09) $3.993931276334473 = ($4.085729443881481 - $0.09179816754700783)


5b. 7 Claim(s):

Total gas cost: 7 Claim(s) (USD): $0.11 ($0.10749478390634254)

Claim Reward: 6 Claim(s) (WEI): 0.001316344463274612 WETH (1316344463274612 wei)
Claim Reward: 6 Claim(s) (USD): $4.09 ($4.085729443881481)

Next Claim Reward: 7 Claim(s) (WEI): 0.001534787100390607 WETH (1534787100390607 wei)
Next Claim Reward: 7 Claim(s) (USD): $4.76 ($4.763741574569304)

Net profit = (Gross Profit - Gas Cost [Avg])
$4.66 = ($4.76 - $0.11) $4.656246790662961 = ($4.763741574569304 - $0.10749478390634254)


5b. 8 Claim(s):

Total gas cost: 8 Claim(s) (USD): $0.12 ($0.12319140026567725)

Claim Reward: 7 Claim(s) (WEI): 0.001534787100390607 WETH (1534787100390607 wei)
Claim Reward: 7 Claim(s) (USD): $4.76 ($4.763741574569304)

Next Claim Reward: 8 Claim(s) (WEI): 0.001752959742245864 WETH (1752959742245864 wei)
Next Claim Reward: 8 Claim(s) (USD): $5.44 ($5.440915681763062)

Net profit = (Gross Profit - Gas Cost [Avg])
$5.32 = ($5.44 - $0.12) $5.3177242814973855 = ($5.440915681763062 - $0.12319140026567725)


5b. 9 Claim(s):

Total gas cost: 9 Claim(s) (USD): $0.14 ($0.138888016625012)

Claim Reward: 8 Claim(s) (WEI): 0.001752959742245864 WETH (1752959742245864 wei)
Claim Reward: 8 Claim(s) (USD): $5.44 ($5.440915681763062)

Next Claim Reward: 9 Claim(s) (WEI): 0.001970862722554725 WETH (1970862722554725 wei)
Next Claim Reward: 9 Claim(s) (USD): $6.12 ($6.117252801260416)

Net profit = (Gross Profit - Gas Cost [Avg])
$5.98 = ($6.12 - $0.14) $5.978364784635404 = ($6.117252801260416 - $0.138888016625012)


5b. 10 Claim(s):

Total gas cost: 10 Claim(s) (USD): $0.15 ($0.15458463298434671)

Claim Reward: 9 Claim(s) (WEI): 0.001970862722554725 WETH (1970862722554725 wei)
Claim Reward: 9 Claim(s) (USD): $6.12 ($6.117252801260416)

Next Claim Reward: 10 Claim(s) (WEI): 0.00218849637461907 WETH (2188496374619070 wei)
Next Claim Reward: 10 Claim(s) (USD): $6.79 ($6.792753967578802)

Net profit = (Gross Profit - Gas Cost [Avg])
$6.64 = ($6.79 - $0.15) $6.638169334594456 = ($6.792753967578802 - $0.15458463298434671)


5b. 11 Claim(s):

Total gas cost: 11 Claim(s) (USD): $0.17 ($0.17028124934368144)

Claim Reward: 10 Claim(s) (WEI): 0.00218849637461907 WETH (2188496374619070 wei)
Claim Reward: 10 Claim(s) (USD): $6.79 ($6.792753967578802)

Next Claim Reward: 11 Claim(s) (WEI): 0.002405861031328799 WETH (2405861031328799 wei)
Next Claim Reward: 11 Claim(s) (USD): $7.47 ($7.4674202139569426)

Net profit = (Gross Profit - Gas Cost [Avg])
$7.3 = ($7.47 - $0.17) $7.297138964613261 = ($7.4674202139569426 - $0.17028124934368144)


5b. 12 Claim(s):

Total gas cost: 12 Claim(s) (USD): $0.19 ($0.18597786570301614)

Claim Reward: 11 Claim(s) (WEI): 0.002405861031328799 WETH (2405861031328799 wei)
Claim Reward: 11 Claim(s) (USD): $7.47 ($7.4674202139569426)

Next Claim Reward: 12 Claim(s) (WEI): 0.002622957025162368 WETH (2622957025162368 wei)
Next Claim Reward: 12 Claim(s) (USD): $8.14 ($8.141252572356494)

Net profit = (Gross Profit - Gas Cost [Avg])
$7.96 = ($8.14 - $0.19) $7.955274706653478 = ($8.141252572356494 - $0.18597786570301614)


5b. 13 Claim(s):

Total gas cost: 13 Claim(s) (USD): $0.2 ($0.20167448206235086)

Claim Reward: 12 Claim(s) (WEI): 0.002622957025162368 WETH (2622957025162368 wei)
Claim Reward: 12 Claim(s) (USD): $8.14 ($8.141252572356494)

Next Claim Reward: 13 Claim(s) (WEI): 0.002839784688187304 WETH (2839784688187304 wei)
Next Claim Reward: 13 Claim(s) (USD): $8.81 ($8.814252073463662)

Net profit = (Gross Profit - Gas Cost [Avg])
$8.61 = ($8.81 - $0.2) $8.61257759140131 = ($8.814252073463662 - $0.20167448206235086)


5b. 14 Claim(s):

Total gas cost: 14 Claim(s) (USD): $0.22 ($0.2173710984216856)

Claim Reward: 13 Claim(s) (WEI): 0.002839784688187304 WETH (2839784688187304 wei)
Claim Reward: 13 Claim(s) (USD): $8.81 ($8.814252073463662)

Next Claim Reward: 14 Claim(s) (WEI): 0.003056344352060664 WETH (3056344352060664 wei)
Next Claim Reward: 14 Claim(s) (USD): $9.49 ($9.486419746690602)

Net profit = (Gross Profit - Gas Cost [Avg])
$9.27 = ($9.49 - $0.22) $9.269048648268917 = ($9.486419746690602 - $0.2173710984216856)


5b. 15 Claim(s):

Total gas cost: 15 Claim(s) (USD): $0.23 ($0.23306771478102029)

Claim Reward: 14 Claim(s) (WEI): 0.003056344352060664 WETH (3056344352060664 wei)
Claim Reward: 14 Claim(s) (USD): $9.49 ($9.486419746690602)

Next Claim Reward: 15 Claim(s) (WEI): 0.00327263634802962 WETH (3272636348029620 wei)
Next Claim Reward: 15 Claim(s) (USD): $10.16 ($10.157756620177267)

Net profit = (Gross Profit - Gas Cost [Avg])
$9.92 = ($10.16 - $0.23) $9.924688905396247 = ($10.157756620177267 - $0.23306771478102029)


5b. 16 Claim(s):

Total gas cost: 16 Claim(s) (USD): $0.25 ($0.248764331140355)

Claim Reward: 15 Claim(s) (WEI): 0.00327263634802962 WETH (3272636348029620 wei)
Claim Reward: 15 Claim(s) (USD): $10.16 ($10.157756620177267)

Next Claim Reward: 16 Claim(s) (WEI): 0.003488661006931872 WETH (3488661006931872 wei)
Next Claim Reward: 16 Claim(s) (USD): $10.83 ($10.828263720792657)

Net profit = (Gross Profit - Gas Cost [Avg])
$10.58 = ($10.83 - $0.25) $10.579499389652302 = ($10.828263720792657 - $0.248764331140355)


5b. 17 Claim(s):

Total gas cost: 17 Claim(s) (USD): $0.26 ($0.26446094749968974)

Claim Reward: 16 Claim(s) (WEI): 0.003488661006931872 WETH (3488661006931872 wei)
Claim Reward: 16 Claim(s) (USD): $10.83 ($10.828263720792657)

Next Claim Reward: 17 Claim(s) (WEI): 0.003704418659196257 WETH (3704418659196257 wei)
Next Claim Reward: 17 Claim(s) (USD): $11.5 ($11.49794207413674)

Net profit = (Gross Profit - Gas Cost [Avg])
$11.23 = ($11.5 - $0.26) $11.23348112663705 = ($11.49794207413674 - $0.26446094749968974)


5b. 18 Claim(s):

Total gas cost: 18 Claim(s) (USD): $0.28 ($0.28015756385902446)

Claim Reward: 17 Claim(s) (WEI): 0.003704418659196257 WETH (3704418659196257 wei)
Claim Reward: 17 Claim(s) (USD): $11.5 ($11.49794207413674)

Next Claim Reward: 18 Claim(s) (WEI): 0.003919909634843166 WETH (3919909634843166 wei)
Next Claim Reward: 18 Claim(s) (USD): $12.17 ($12.166792704541715)

Net profit = (Gross Profit - Gas Cost [Avg])
$11.89 = ($12.17 - $0.28) $11.88663514068269 = ($12.166792704541715 - $0.28015756385902446)


5b. 19 Claim(s):

Total gas cost: 19 Claim(s) (USD): $0.3 ($0.2958541802183592)

Claim Reward: 18 Claim(s) (WEI): 0.003919909634843166 WETH (3919909634843166 wei)
Claim Reward: 18 Claim(s) (USD): $12.17 ($12.166792704541715)

Next Claim Reward: 19 Claim(s) (WEI): 0.004135134263485096 WETH (4135134263485096 wei)
Next Claim Reward: 19 Claim(s) (USD): $12.83 ($12.834816635073752)

Net profit = (Gross Profit - Gas Cost [Avg])
$12.54 = ($12.83 - $0.3) $12.538962454855392 = ($12.834816635073752 - $0.2958541802183592)


5b. 20 Claim(s):

Total gas cost: 20 Claim(s) (USD): $0.31 ($0.3115507965776939)

Claim Reward: 19 Claim(s) (WEI): 0.004135134263485096 WETH (4135134263485096 wei)
Claim Reward: 19 Claim(s) (USD): $12.83 ($12.834816635073752)

Next Claim Reward: 20 Claim(s) (WEI): 0.00435009287432714 WETH (4350092874327140 wei)
Next Claim Reward: 20 Claim(s) (USD): $13.5 ($13.502014887534498)

Net profit = (Gross Profit - Gas Cost [Avg])
$13.19 = ($13.5 - $0.31) $13.190464090956805 = ($13.502014887534498 - $0.3115507965776939)


5b. 21 Claim(s):

Total gas cost: 21 Claim(s) (USD): $0.33 ($0.32724741293702864)

Claim Reward: 20 Claim(s) (WEI): 0.00435009287432714 WETH (4350092874327140 wei)
Claim Reward: 20 Claim(s) (USD): $13.5 ($13.502014887534498)

Next Claim Reward: 21 Claim(s) (WEI): 0.004564785796167492 WETH (4564785796167492 wei)
Next Claim Reward: 21 Claim(s) (USD): $14.17 ($14.16838848246265)

Net profit = (Gross Profit - Gas Cost [Avg])
$13.84 = ($14.17 - $0.33) $13.841141069525621 = ($14.16838848246265 - $0.32724741293702864)


5b. 22 Claim(s):

Total gas cost: 22 Claim(s) (USD): $0.34 ($0.3429440292963633)

Claim Reward: 21 Claim(s) (WEI): 0.004564785796167492 WETH (4564785796167492 wei)
Claim Reward: 21 Claim(s) (USD): $14.17 ($14.16838848246265)

Next Claim Reward: 22 Claim(s) (WEI): 0.004779213357397974 WETH (4779213357397974 wei)
Next Claim Reward: 22 Claim(s) (USD): $14.83 ($14.833938439135588)

Net profit = (Gross Profit - Gas Cost [Avg])
$14.49 = ($14.83 - $0.34) $14.490994409839224 = ($14.833938439135588 - $0.3429440292963633)


5b. 23 Claim(s):

Total gas cost: 23 Claim(s) (USD): $0.36 ($0.35864064565569803)

Claim Reward: 22 Claim(s) (WEI): 0.004779213357397974 WETH (4779213357397974 wei)
Claim Reward: 22 Claim(s) (USD): $14.83 ($14.833938439135588)

Next Claim Reward: 23 Claim(s) (WEI): 0.004993375886004477 WETH (4993375886004477 wei)
Next Claim Reward: 23 Claim(s) (USD): $15.5 ($15.498665775570743)

Net profit = (Gross Profit - Gas Cost [Avg])
$15.14 = ($15.5 - $0.36) $15.140025129915045 = ($15.498665775570743 - $0.35864064565569803)


5b. 24 Claim(s):

Total gas cost: 24 Claim(s) (USD): $0.37 ($0.37433726201503276)

Claim Reward: 23 Claim(s) (WEI): 0.004993375886004477 WETH (4993375886004477 wei)
Claim Reward: 23 Claim(s) (USD): $15.5 ($15.498665775570743)

Next Claim Reward: 24 Claim(s) (WEI): 0.005207273709567504 WETH (5207273709567504 wei)
Next Claim Reward: 24 Claim(s) (USD): $16.16 ($16.162571508527293)

Net profit = (Gross Profit - Gas Cost [Avg])
$15.79 = ($16.16 - $0.37) $15.78823424651226 = ($16.162571508527293 - $0.37433726201503276)


5b. 25 Claim(s):

Total gas cost: 25 Claim(s) (USD): $0.39 ($0.3900338783743675)

Claim Reward: 24 Claim(s) (WEI): 0.005207273709567504 WETH (5207273709567504 wei)
Claim Reward: 24 Claim(s) (USD): $16.16 ($16.162571508527293)

Next Claim Reward: 25 Claim(s) (WEI): 0.005420907155262725 WETH (5420907155262725 wei)
Next Claim Reward: 25 Claim(s) (USD): $16.83 ($16.825656653507867)

Net profit = (Gross Profit - Gas Cost [Avg])
$16.44 = ($16.83 - $0.39) $16.4356227751335 = ($16.825656653507867 - $0.3900338783743675)


5b. 26 Claim(s):

Total gas cost: 26 Claim(s) (USD): $0.41 ($0.4057304947337022)

Claim Reward: 25 Claim(s) (WEI): 0.005420907155262725 WETH (5420907155262725 wei)
Claim Reward: 25 Claim(s) (USD): $16.83 ($16.825656653507867)

Next Claim Reward: 26 Claim(s) (WEI): 0.005634276549861362 WETH (5634276549861362 wei)
Next Claim Reward: 26 Claim(s) (USD): $17.49 ($17.48792222475975)

Net profit = (Gross Profit - Gas Cost [Avg])
$17.08 = ($17.49 - $0.41) $17.082191730026047 = ($17.48792222475975 - $0.4057304947337022)


5b. 27 Claim(s):

Total gas cost: 27 Claim(s) (USD): $0.42 ($0.42142711109303693)

Claim Reward: 26 Claim(s) (WEI): 0.005634276549861362 WETH (5634276549861362 wei)
Claim Reward: 26 Claim(s) (USD): $17.49 ($17.48792222475975)

Next Claim Reward: 27 Claim(s) (WEI): 0.005847382219730733 WETH (5847382219730733 wei)
Next Claim Reward: 27 Claim(s) (USD): $18.15 ($18.14936923527658)

Net profit = (Gross Profit - Gas Cost [Avg])
$17.73 = ($18.15 - $0.42) $17.727942124183542 = ($18.14936923527658 - $0.42142711109303693)


5b. 28 Claim(s):

Total gas cost: 28 Claim(s) (USD): $0.44 ($0.43712372745237166)

Claim Reward: 27 Claim(s) (WEI): 0.005847382219730733 WETH (5847382219730733 wei)
Claim Reward: 27 Claim(s) (USD): $18.15 ($18.14936923527658)

Next Claim Reward: 28 Claim(s) (WEI): 0.006060224490834864 WETH (6060224490834864 wei)
Next Claim Reward: 28 Claim(s) (USD): $18.81 ($18.80999869680024)

Net profit = (Gross Profit - Gas Cost [Avg])
$18.37 = ($18.81 - $0.44) $18.37287496934787 = ($18.80999869680024 - $0.43712372745237166)


5b. 29 Claim(s):

Total gas cost: 29 Claim(s) (USD): $0.45 ($0.4528203438117063)

Claim Reward: 28 Claim(s) (WEI): 0.006060224490834864 WETH (6060224490834864 wei)
Claim Reward: 28 Claim(s) (USD): $18.81 ($18.80999869680024)

Next Claim Reward: 29 Claim(s) (WEI): 0.006272803688734748 WETH (6272803688734748 wei)
Next Claim Reward: 29 Claim(s) (USD): $19.47 ($19.46981161982164)

Net profit = (Gross Profit - Gas Cost [Avg])
$19.02 = ($19.47 - $0.45) $19.016991276009936 = ($19.46981161982164 - $0.4528203438117063)


5b. 30 Claim(s):

Total gas cost: 30 Claim(s) (USD): $0.47 ($0.46851696017104105)

Claim Reward: 29 Claim(s) (WEI): 0.006272803688734748 WETH (6272803688734748 wei)
Claim Reward: 29 Claim(s) (USD): $19.47 ($19.46981161982164)

Next Claim Reward: 30 Claim(s) (WEI): 0.00648512013858912 WETH (6485120138589120 wei)
Next Claim Reward: 30 Claim(s) (USD): $20.13 ($20.128809013583176)

Net profit = (Gross Profit - Gas Cost [Avg])
$19.66 = ($20.13 - $0.47) $19.660292053412135 = ($20.128809013583176 - $0.46851696017104105)

******************
5c. Profit/Loss (USD):

Net profit = (Gross Profit - Gas Cost [Max])
$19 = ($19.47 - $0.47) $19.0012946596506 = ($19.46981161982164 - $0.46851696017104105)

Submitting transaction to claim 29 prize(s):

0x7fad91a4a29109303188d8758f1a9d60ce988349-0xA807DEAf5b5d317804957d62f64720170d8E1aD1-4-55
0x7fad91a4a29109303188d8758f1a9d60ce988349-0x182A2764E9Ba0533E160F03B1855a4E5D2ABFbbD-4-138
0x7fad91a4a29109303188d8758f1a9d60ce988349-0xf4b2791CD09Bd6042A807Dd93B477ACF170A8e17-4-80
0x7fad91a4a29109303188d8758f1a9d60ce988349-0xba5b5671E0eb7364dA690bed6fC3Cf6c6d9478A5-4-156
0x7fad91a4a29109303188d8758f1a9d60ce988349-0x2d2388CCCE4ddf5821e57309DE58969258D93ab5-4-23
0x7fad91a4a29109303188d8758f1a9d60ce988349-0x2d2388CCCE4ddf5821e57309DE58969258D93ab5-4-76
0x7fad91a4a29109303188d8758f1a9d60ce988349-0x42B5c3AC5D1DF3436A5806C86c5aE30AB29A09dD-4-11
0x7fad91a4a29109303188d8758f1a9d60ce988349-0xf54bAf7C42f22CC2DF1039D5553e396615425BA8-4-47
0x7fad91a4a29109303188d8758f1a9d60ce988349-0x8F2F7846d5dB8117B580DB2a5cCA31491933ecF3-4-130
0x7fad91a4a29109303188d8758f1a9d60ce988349-0x44293008471b50dC39c6eE334C84bC6Ef69ee880-4-54
0x7fad91a4a29109303188d8758f1a9d60ce988349-0x57a7f9Cc477ef7e62C77b2947Fe917180ea3b03D-4-41
0x7fad91a4a29109303188d8758f1a9d60ce988349-0xd5ad45900EC4e7A8B590df692ebF1f89BCc771fe-4-153
0x7fad91a4a29109303188d8758f1a9d60ce988349-0xafAe9686D0C9d852A56a071cE35Be1Fad9A291e9-4-106
0x7fad91a4a29109303188d8758f1a9d60ce988349-0x24d4715885C8c0CB390EE4Fa97Df30657c4D5BBc-4-52
0x7fad91a4a29109303188d8758f1a9d60ce988349-0x1FA5dB8cCD060FCD608F7309b7357a6A89357B9c-4-59
0x7fad91a4a29109303188d8758f1a9d60ce988349-0x4b83608aeF0188185Af4b929494fb82D936AE781-4-71
0x7fad91a4a29109303188d8758f1a9d60ce988349-0xbB472004507655dbf20C4943EAA323b60b53286E-4-61
0x7fad91a4a29109303188d8758f1a9d60ce988349-0xE943B7D804C68712A00355281Ba25283dec8f4Fe-4-0
0x7fad91a4a29109303188d8758f1a9d60ce988349-0xb4724287D1F93e8831FF8858fC5ac3e3d076FEb3-4-248
0x7fad91a4a29109303188d8758f1a9d60ce988349-0x08F0043b7288c505964c31A3180E71C0882aD059-4-179
0x7fad91a4a29109303188d8758f1a9d60ce988349-0x6C7c21B58Ef4A3766eA9467dC7993C6B58b47cE6-4-112
0x7fad91a4a29109303188d8758f1a9d60ce988349-0xD10FC849D7B9832B49bE0911bd0a72292Df719a9-4-82
0x7fad91a4a29109303188d8758f1a9d60ce988349-0xe9D6f6375FbF34E7B3BF120fFe1Bdbaa8E12dA08-4-77
0x7fad91a4a29109303188d8758f1a9d60ce988349-0x6B4C3348008BeAeA74d2430857AE75b1f8CF07f9-4-35
0x7fad91a4a29109303188d8758f1a9d60ce988349-0x5350846d4427785082DbcF84545EE7b5aDDc214D-4-65
0x7fad91a4a29109303188d8758f1a9d60ce988349-0x69d7db157c227FD8b954D18b19E65fb42cA4fbb9-4-12
0x7fad91a4a29109303188d8758f1a9d60ce988349-0x8A3D1C9615c8DB4E1Ef6770D744c0DCBF1132566-4-193
0x7fad91a4a29109303188d8758f1a9d60ce988349-0x913082a1c56BA517555EFDb76614fA4520F32248-4-236
0x7fad91a4a29109303188d8758f1a9d60ce988349-0xaB9d050386e6f6AE92fbecBEa0AF7b838d2cBec5-4-235



Execute Claim Transaction for Tier #4



Transaction sent! ✔
Transaction hash: 0x656dfc48539f375c49fab1e068f32e4d3b24b3b17f8594c203d9e7d97bb74ebc
Waiting on transaction to be confirmed ...
Tx confirmed !




******************
Processing:
Vault:     0x33335296c9b020ca3252e4953c11decfdce816b8
Tier:      #5 (Canary tier)
# prizes:  383

5a. Calculating # of profitable claims ...

Native (Gas) Token ETH Market Rate (USD): $3107.37

Estimated gas limit (wei) (1 prize claim): 0.000000000000189835 ETH (189835 wei)
Estimated gas limit (wei) (2 prize claims): 0.000000000000268925 ETH (268925 wei)

Gas Cost: First Claim (wei): 0.000000000000189835 ETH (189835 wei)
Gas Cost: Each Following Claim (wei): 0.00000000000007909 ETH (79090 wei)

Gas Cost: First Claim (USD): $0.01 $0.01325608120238547
Gas Cost: Each Following Claim (USD): $0.02 $0.017110618420061438

5b. 1 Claim(s):

Total gas cost: 1 Claim(s) (USD): $0.01 ($0.01325608120238547)

Next Claim Reward: 1 Claim(s) (WEI): 0.000012965284525625 WETH (12965284525625 wei)
Next Claim Reward: 1 Claim(s) (USD): $0.04 ($0.040242236141495434)

Net profit = (Gross Profit - Gas Cost [Avg])
$0.03 = ($0.04 - $0.01) $0.02698615493910996 = ($0.040242236141495434 - $0.01325608120238547)

******************
5c. Profit/Loss (USD):

Net profit = (Gross Profit - Gas Cost [Max])
$-0.01 = ($0 - $0.01) $-0.01325608120238547 = ($0 - $0.01325608120238547)

Claiming tier #5 (Canary tier) currently not profitable.
Not profitable to claim for Draw #24, Tier: #5 (Canary tier)




******************
Processing:
Vault:     0x75b2f4b3ec5adf7077f928992524cc547e74f768
Tier:      #5 (Canary tier)
# prizes:  23

Tier #5 (Canary tier) not profitable, skipping ...





******************
Processing:
Vault:     0x7fad91a4a29109303188d8758f1a9d60ce988349
Tier:      #5 (Canary tier)
# prizes:  513

Tier #5 (Canary tier) not profitable, skipping ...





******************
Processing:
Vault:     0x33335296c9b020ca3252e4953c11decfdce816b8
Tier:      #6 (Canary tier)
# prizes:  1504

Tier #6 (Canary tier) not profitable, skipping ...





******************
Processing:
Vault:     0x75b2f4b3ec5adf7077f928992524cc547e74f768
Tier:      #6 (Canary tier)
# prizes:  200

Tier #6 (Canary tier) not profitable, skipping ...





******************
Processing:
Vault:     0x7fad91a4a29109303188d8758f1a9d60ce988349
Tier:      #6 (Canary tier)
# prizes:  2350

Tier #6 (Canary tier) not profitable, skipping ...

