Operating on: 11155420 - Optimism Sepolia

Config - REWARD_RECIPIENT not provided, setting swap recipient to relayer address: 0x06003274c3a7926c04cA8d6903cc691fE8f3CEC2
Config - MIN_PROFIT_THRESHOLD_USD: -0.3

Starting ...
Getting prize pool info ...
Getting prize context ...

******************
1. Prize token: WETH

┌────────────┬──────────────────────────────────────────────┬──────────┬─────────────────┬────────┬──────────────┐
│ (index)    │ address                                      │ decimals │ name            │ symbol │ assetRateUsd │
├────────────┼──────────────────────────────────────────────┼──────────┼─────────────────┼────────┼──────────────┤
│ prizeToken │ '0xC355F97a3Aa2808Acb536E555764b8FB26fB4b37' │ 18       │ 'Wrapped Ether' │ 'WETH' │ 3209.5881    │
└────────────┴──────────────────────────────────────────────┴──────────┴─────────────────┴────────┴──────────────┘
┌─────────┬──────────┬───────────────────────────────┐
│ (index) │ numTiers │ tiersRangeArray               │
├─────────┼──────────┼───────────────────────────────┤
│ tiers   │ 7        │ [ 0, 1, 2, ... 4 more items ] │
└─────────┴──────────┴───────────────────────────────┘
Draw ID: 16
Prize Token WETH MarketRate USD:  $3209.5881

******************
Getting prize vaults ...
Found 6 prize vaults.

1022 prizes already claimed for draw #16.
4430 prizes remaining to be claimed...




******************
Processing:
Vault:     0x33335296c9b020ca3252e4953c11decfdce816b8
Tier:      #5 (Canary tier)
# prizes:  193

5a. Calculating # of profitable claims ...

Native (Gas) Token ETH Market Rate (USD): $3199.95

Estimated gas limit (wei) (1 prize claim): 0.000000000000175277 ETH (175277 wei)
Estimated gas limit (wei) (2 prize claims): 0.000000000000252699 ETH (252699 wei)

Gas Cost: First Claim (wei): 0.000000000000175277 ETH (175277 wei)
Gas Cost: Each Following Claim (wei): 0.000000000000077422 ETH (77422 wei)

Gas Cost: First Claim (USD): $0.02 $0.015989201162869754
Gas Cost: Each Following Claim (USD): $0.02 $0.019186385272986658

5b. 1 Claim(s):

Total gas cost: 1 Claim(s) (USD): $0.02 ($0.015989201162869754)

Next Claim Reward: 1 Claim(s) (WEI): 0.00001019815274992 WETH (10198152749920 wei)
Next Claim Reward: 1 Claim(s) (USD): $0.03 ($0.032731869708125506)

Net profit = (Gross Profit - Gas Cost [Avg])
$0.02 = ($0.03 - $0.02) $0.016742668545255752 = ($0.032731869708125506 - $0.015989201162869754)


5b. 2 Claim(s):

Total gas cost: 2 Claim(s) (USD): $0.04 ($0.035175586435856415)

Claim Reward: 1 Claim(s) (WEI): 0.00001019815274992 WETH (10198152749920 wei)
Claim Reward: 1 Claim(s) (USD): $0.03 ($0.032731869708125506)

Next Claim Reward: 2 Claim(s) (WEI): 0.00002039630549984 WETH (20396305499840 wei)
Next Claim Reward: 2 Claim(s) (USD): $0.07 ($0.06546373941625101)

Net profit = (Gross Profit - Gas Cost [Avg])
$0.03 = ($0.07 - $0.04) $0.030288152980394598 = ($0.06546373941625101 - $0.035175586435856415)


5b. 3 Claim(s):

Total gas cost: 3 Claim(s) (USD): $0.05 ($0.05436197170884307)

Claim Reward: 2 Claim(s) (WEI): 0.00002039630549984 WETH (20396305499840 wei)
Claim Reward: 2 Claim(s) (USD): $0.07 ($0.06546373941625101)

Next Claim Reward: 3 Claim(s) (WEI): 0.00003059445824976 WETH (30594458249760 wei)
Next Claim Reward: 3 Claim(s) (USD): $0.1 ($0.09819560912437653)

Net profit = (Gross Profit - Gas Cost [Avg])
$0.04 = ($0.1 - $0.05) $0.04383363741553346 = ($0.09819560912437653 - $0.05436197170884307)


5b. 4 Claim(s):

Total gas cost: 4 Claim(s) (USD): $0.07 ($0.07354835698182972)

Claim Reward: 3 Claim(s) (WEI): 0.00003059445824976 WETH (30594458249760 wei)
Claim Reward: 3 Claim(s) (USD): $0.1 ($0.09819560912437653)

Next Claim Reward: 4 Claim(s) (WEI): 0.00004079261099968 WETH (40792610999680 wei)
Next Claim Reward: 4 Claim(s) (USD): $0.13 ($0.13092747883250203)

Net profit = (Gross Profit - Gas Cost [Avg])
$0.06 = ($0.13 - $0.07) $0.0573791218506723 = ($0.13092747883250203 - $0.07354835698182972)


5b. 5 Claim(s):

Total gas cost: 5 Claim(s) (USD): $0.09 ($0.09273474225481639)

Claim Reward: 4 Claim(s) (WEI): 0.00004079261099968 WETH (40792610999680 wei)
Claim Reward: 4 Claim(s) (USD): $0.13 ($0.13092747883250203)

Next Claim Reward: 5 Claim(s) (WEI): 0.0000509907637496 WETH (50990763749600 wei)
Next Claim Reward: 5 Claim(s) (USD): $0.16 ($0.16365934854062753)

Net profit = (Gross Profit - Gas Cost [Avg])
$0.07 = ($0.16 - $0.09) $0.07092460628581114 = ($0.16365934854062753 - $0.09273474225481639)


5b. 6 Claim(s):

Total gas cost: 6 Claim(s) (USD): $0.11 ($0.11192112752780305)

Claim Reward: 5 Claim(s) (WEI): 0.0000509907637496 WETH (50990763749600 wei)
Claim Reward: 5 Claim(s) (USD): $0.16 ($0.16365934854062753)

Next Claim Reward: 6 Claim(s) (WEI): 0.00006118891649952 WETH (61188916499520 wei)
Next Claim Reward: 6 Claim(s) (USD): $0.2 ($0.19639121824875305)

Net profit = (Gross Profit - Gas Cost [Avg])
$0.08 = ($0.2 - $0.11) $0.08447009072095 = ($0.19639121824875305 - $0.11192112752780305)


5b. 7 Claim(s):

Total gas cost: 7 Claim(s) (USD): $0.13 ($0.1311075128007897)

Claim Reward: 6 Claim(s) (WEI): 0.00006118891649952 WETH (61188916499520 wei)
Claim Reward: 6 Claim(s) (USD): $0.2 ($0.19639121824875305)

Next Claim Reward: 7 Claim(s) (WEI): 0.00007138706924944 WETH (71387069249440 wei)
Next Claim Reward: 7 Claim(s) (USD): $0.23 ($0.22912308795687855)

Net profit = (Gross Profit - Gas Cost [Avg])
$0.1 = ($0.23 - $0.13) $0.09801557515608886 = ($0.22912308795687855 - $0.1311075128007897)


5b. 8 Claim(s):

Total gas cost: 8 Claim(s) (USD): $0.15 ($0.15029389807377636)

Claim Reward: 7 Claim(s) (WEI): 0.00007138706924944 WETH (71387069249440 wei)
Claim Reward: 7 Claim(s) (USD): $0.23 ($0.22912308795687855)

Next Claim Reward: 8 Claim(s) (WEI): 0.00008158522199936 WETH (81585221999360 wei)
Next Claim Reward: 8 Claim(s) (USD): $0.26 ($0.26185495766500405)

Net profit = (Gross Profit - Gas Cost [Avg])
$0.11 = ($0.26 - $0.15) $0.1115610595912277 = ($0.26185495766500405 - $0.15029389807377636)


5b. 9 Claim(s):

Total gas cost: 9 Claim(s) (USD): $0.17 ($0.16948028334676302)

Claim Reward: 8 Claim(s) (WEI): 0.00008158522199936 WETH (81585221999360 wei)
Claim Reward: 8 Claim(s) (USD): $0.26 ($0.26185495766500405)

Next Claim Reward: 9 Claim(s) (WEI): 0.00009178337474928 WETH (91783374749280 wei)
Next Claim Reward: 9 Claim(s) (USD): $0.29 ($0.2945868273731296)

Net profit = (Gross Profit - Gas Cost [Avg])
$0.13 = ($0.29 - $0.17) $0.12510654402636656 = ($0.2945868273731296 - $0.16948028334676302)


5b. 10 Claim(s):

Total gas cost: 10 Claim(s) (USD): $0.19 ($0.18866666861974968)

Claim Reward: 9 Claim(s) (WEI): 0.00009178337474928 WETH (91783374749280 wei)
Claim Reward: 9 Claim(s) (USD): $0.29 ($0.2945868273731296)

Next Claim Reward: 10 Claim(s) (WEI): 0.0001019815274992 WETH (101981527499200 wei)
Next Claim Reward: 10 Claim(s) (USD): $0.33 ($0.32731869708125505)

Net profit = (Gross Profit - Gas Cost [Avg])
$0.14 = ($0.33 - $0.19) $0.13865202846150537 = ($0.32731869708125505 - $0.18866666861974968)


5b. 11 Claim(s):

Total gas cost: 11 Claim(s) (USD): $0.21 ($0.20785305389273634)

Claim Reward: 10 Claim(s) (WEI): 0.0001019815274992 WETH (101981527499200 wei)
Claim Reward: 10 Claim(s) (USD): $0.33 ($0.32731869708125505)

Next Claim Reward: 11 Claim(s) (WEI): 0.00011217968024912 WETH (112179680249120 wei)
Next Claim Reward: 11 Claim(s) (USD): $0.36 ($0.3600505667893806)

Net profit = (Gross Profit - Gas Cost [Avg])
$0.15 = ($0.36 - $0.21) $0.15219751289664424 = ($0.3600505667893806 - $0.20785305389273634)


5b. 12 Claim(s):

Total gas cost: 12 Claim(s) (USD): $0.23 ($0.227039439165723)

Claim Reward: 11 Claim(s) (WEI): 0.00011217968024912 WETH (112179680249120 wei)
Claim Reward: 11 Claim(s) (USD): $0.36 ($0.3600505667893806)

Next Claim Reward: 12 Claim(s) (WEI): 0.00012237783299904 WETH (122377832999040 wei)
Next Claim Reward: 12 Claim(s) (USD): $0.39 ($0.3927824364975061)

Net profit = (Gross Profit - Gas Cost [Avg])
$0.17 = ($0.39 - $0.23) $0.1657429973317831 = ($0.3927824364975061 - $0.227039439165723)


5b. 13 Claim(s):

Total gas cost: 13 Claim(s) (USD): $0.25 ($0.24622582443870963)

Claim Reward: 12 Claim(s) (WEI): 0.00012237783299904 WETH (122377832999040 wei)
Claim Reward: 12 Claim(s) (USD): $0.39 ($0.3927824364975061)

Next Claim Reward: 13 Claim(s) (WEI): 0.00013257598574896 WETH (132575985748960 wei)
Next Claim Reward: 13 Claim(s) (USD): $0.43 ($0.42551430620563163)

Net profit = (Gross Profit - Gas Cost [Avg])
$0.18 = ($0.43 - $0.25) $0.179288481766922 = ($0.42551430620563163 - $0.24622582443870963)


5b. 14 Claim(s):

Total gas cost: 14 Claim(s) (USD): $0.27 ($0.2654122097116963)

Claim Reward: 13 Claim(s) (WEI): 0.00013257598574896 WETH (132575985748960 wei)
Claim Reward: 13 Claim(s) (USD): $0.43 ($0.42551430620563163)

Next Claim Reward: 14 Claim(s) (WEI): 0.00014277413849888 WETH (142774138498880 wei)
Next Claim Reward: 14 Claim(s) (USD): $0.46 ($0.4582461759137571)

Net profit = (Gross Profit - Gas Cost [Avg])
$0.19 = ($0.46 - $0.27) $0.19283396620206078 = ($0.4582461759137571 - $0.2654122097116963)


5b. 15 Claim(s):

Total gas cost: 15 Claim(s) (USD): $0.28 ($0.284598594984683)

Claim Reward: 14 Claim(s) (WEI): 0.00014277413849888 WETH (142774138498880 wei)
Claim Reward: 14 Claim(s) (USD): $0.46 ($0.4582461759137571)

Next Claim Reward: 15 Claim(s) (WEI): 0.0001529722912488 WETH (152972291248800 wei)
Next Claim Reward: 15 Claim(s) (USD): $0.49 ($0.49097804562188263)

Net profit = (Gross Profit - Gas Cost [Avg])
$0.21 = ($0.49 - $0.28) $0.20637945063719965 = ($0.49097804562188263 - $0.284598594984683)


5b. 16 Claim(s):

Total gas cost: 16 Claim(s) (USD): $0.3 ($0.30378498025766965)

Claim Reward: 15 Claim(s) (WEI): 0.0001529722912488 WETH (152972291248800 wei)
Claim Reward: 15 Claim(s) (USD): $0.49 ($0.49097804562188263)

Next Claim Reward: 16 Claim(s) (WEI): 0.00016317044399872 WETH (163170443998720 wei)
Next Claim Reward: 16 Claim(s) (USD): $0.52 ($0.5237099153300081)

Net profit = (Gross Profit - Gas Cost [Avg])
$0.22 = ($0.52 - $0.3) $0.21992493507233846 = ($0.5237099153300081 - $0.30378498025766965)


5b. 17 Claim(s):

Total gas cost: 17 Claim(s) (USD): $0.32 ($0.3229713655306563)

Claim Reward: 16 Claim(s) (WEI): 0.00016317044399872 WETH (163170443998720 wei)
Claim Reward: 16 Claim(s) (USD): $0.52 ($0.5237099153300081)

Next Claim Reward: 17 Claim(s) (WEI): 0.00017336859674864 WETH (173368596748640 wei)
Next Claim Reward: 17 Claim(s) (USD): $0.56 ($0.5564417850381337)

Net profit = (Gross Profit - Gas Cost [Avg])
$0.23 = ($0.56 - $0.32) $0.23347041950747738 = ($0.5564417850381337 - $0.3229713655306563)


5b. 18 Claim(s):

Total gas cost: 18 Claim(s) (USD): $0.34 ($0.34215775080364297)

Claim Reward: 17 Claim(s) (WEI): 0.00017336859674864 WETH (173368596748640 wei)
Claim Reward: 17 Claim(s) (USD): $0.56 ($0.5564417850381337)

Next Claim Reward: 18 Claim(s) (WEI): 0.00018356674949856 WETH (183566749498560 wei)
Next Claim Reward: 18 Claim(s) (USD): $0.59 ($0.5891736547462592)

Net profit = (Gross Profit - Gas Cost [Avg])
$0.25 = ($0.59 - $0.34) $0.2470159039426162 = ($0.5891736547462592 - $0.34215775080364297)


5b. 19 Claim(s):

Total gas cost: 19 Claim(s) (USD): $0.36 ($0.36134413607662963)

Claim Reward: 18 Claim(s) (WEI): 0.00018356674949856 WETH (183566749498560 wei)
Claim Reward: 18 Claim(s) (USD): $0.59 ($0.5891736547462592)

Next Claim Reward: 19 Claim(s) (WEI): 0.00019376490224848 WETH (193764902248480 wei)
Next Claim Reward: 19 Claim(s) (USD): $0.62 ($0.6219055244543846)

Net profit = (Gross Profit - Gas Cost [Avg])
$0.26 = ($0.62 - $0.36) $0.260561388377755 = ($0.6219055244543846 - $0.36134413607662963)


5b. 20 Claim(s):

Total gas cost: 20 Claim(s) (USD): $0.38 ($0.3805305213496163)

Claim Reward: 19 Claim(s) (WEI): 0.00019376490224848 WETH (193764902248480 wei)
Claim Reward: 19 Claim(s) (USD): $0.62 ($0.6219055244543846)

Next Claim Reward: 20 Claim(s) (WEI): 0.0002039630549984 WETH (203963054998400 wei)
Next Claim Reward: 20 Claim(s) (USD): $0.65 ($0.6546373941625101)

Net profit = (Gross Profit - Gas Cost [Avg])
$0.27 = ($0.65 - $0.38) $0.2741068728128938 = ($0.6546373941625101 - $0.3805305213496163)


5b. 21 Claim(s):

Total gas cost: 21 Claim(s) (USD): $0.4 ($0.39971690662260295)

Claim Reward: 20 Claim(s) (WEI): 0.0002039630549984 WETH (203963054998400 wei)
Claim Reward: 20 Claim(s) (USD): $0.65 ($0.6546373941625101)

Next Claim Reward: 21 Claim(s) (WEI): 0.00021416120774832 WETH (214161207748320 wei)
Next Claim Reward: 21 Claim(s) (USD): $0.69 ($0.6873692638706357)

Net profit = (Gross Profit - Gas Cost [Avg])
$0.29 = ($0.69 - $0.4) $0.28765235724803273 = ($0.6873692638706357 - $0.39971690662260295)


5b. 22 Claim(s):

Total gas cost: 22 Claim(s) (USD): $0.42 ($0.4189032918955896)

Claim Reward: 21 Claim(s) (WEI): 0.00021416120774832 WETH (214161207748320 wei)
Claim Reward: 21 Claim(s) (USD): $0.69 ($0.6873692638706357)

Next Claim Reward: 22 Claim(s) (WEI): 0.00022435936049824 WETH (224359360498240 wei)
Next Claim Reward: 22 Claim(s) (USD): $0.72 ($0.7201011335787612)

Net profit = (Gross Profit - Gas Cost [Avg])
$0.3 = ($0.72 - $0.42) $0.30119784168317154 = ($0.7201011335787612 - $0.4189032918955896)


5b. 23 Claim(s):

Total gas cost: 23 Claim(s) (USD): $0.44 ($0.4380896771685763)

Claim Reward: 22 Claim(s) (WEI): 0.00022435936049824 WETH (224359360498240 wei)
Claim Reward: 22 Claim(s) (USD): $0.72 ($0.7201011335787612)

Next Claim Reward: 23 Claim(s) (WEI): 0.00023455751324816 WETH (234557513248160 wei)
Next Claim Reward: 23 Claim(s) (USD): $0.75 ($0.7528330032868866)

Net profit = (Gross Profit - Gas Cost [Avg])
$0.31 = ($0.75 - $0.44) $0.31474332611831035 = ($0.7528330032868866 - $0.4380896771685763)


5b. 24 Claim(s):

Total gas cost: 24 Claim(s) (USD): $0.46 ($0.45727606244156294)

Claim Reward: 23 Claim(s) (WEI): 0.00023455751324816 WETH (234557513248160 wei)
Claim Reward: 23 Claim(s) (USD): $0.75 ($0.7528330032868866)

Next Claim Reward: 24 Claim(s) (WEI): 0.00024475566599808 WETH (244755665998080 wei)
Next Claim Reward: 24 Claim(s) (USD): $0.79 ($0.7855648729950122)

Net profit = (Gross Profit - Gas Cost [Avg])
$0.33 = ($0.79 - $0.46) $0.3282888105534493 = ($0.7855648729950122 - $0.45727606244156294)


5b. 25 Claim(s):

Total gas cost: 25 Claim(s) (USD): $0.48 ($0.4764624477145495)

Claim Reward: 24 Claim(s) (WEI): 0.00024475566599808 WETH (244755665998080 wei)
Claim Reward: 24 Claim(s) (USD): $0.79 ($0.7855648729950122)

Next Claim Reward: 25 Claim(s) (WEI): 0.000254953818748 WETH (254953818748000 wei)
Next Claim Reward: 25 Claim(s) (USD): $0.82 ($0.8182967427031377)

Net profit = (Gross Profit - Gas Cost [Avg])
$0.34 = ($0.82 - $0.48) $0.3418342949885882 = ($0.8182967427031377 - $0.4764624477145495)


5b. 26 Claim(s):

Total gas cost: 26 Claim(s) (USD): $0.5 ($0.49564883298753615)

Claim Reward: 25 Claim(s) (WEI): 0.000254953818748 WETH (254953818748000 wei)
Claim Reward: 25 Claim(s) (USD): $0.82 ($0.8182967427031377)

Next Claim Reward: 26 Claim(s) (WEI): 0.00026515197149792 WETH (265151971497920 wei)
Next Claim Reward: 26 Claim(s) (USD): $0.85 ($0.8510286124112633)

Net profit = (Gross Profit - Gas Cost [Avg])
$0.36 = ($0.85 - $0.5) $0.3553797794237271 = ($0.8510286124112633 - $0.49564883298753615)


5b. 27 Claim(s):

Total gas cost: 27 Claim(s) (USD): $0.51 ($0.5148352182605228)

Claim Reward: 26 Claim(s) (WEI): 0.00026515197149792 WETH (265151971497920 wei)
Claim Reward: 26 Claim(s) (USD): $0.85 ($0.8510286124112633)

Next Claim Reward: 27 Claim(s) (WEI): 0.00027535012424784 WETH (275350124247840 wei)
Next Claim Reward: 27 Claim(s) (USD): $0.88 ($0.8837604821193886)

Net profit = (Gross Profit - Gas Cost [Avg])
$0.37 = ($0.88 - $0.51) $0.3689252638588658 = ($0.8837604821193886 - $0.5148352182605228)


5b. 28 Claim(s):

Total gas cost: 28 Claim(s) (USD): $0.53 ($0.5340216035335095)

Claim Reward: 27 Claim(s) (WEI): 0.00027535012424784 WETH (275350124247840 wei)
Claim Reward: 27 Claim(s) (USD): $0.88 ($0.8837604821193886)

Next Claim Reward: 28 Claim(s) (WEI): 0.00028554827699776 WETH (285548276997760 wei)
Next Claim Reward: 28 Claim(s) (USD): $0.92 ($0.9164923518275142)

Net profit = (Gross Profit - Gas Cost [Avg])
$0.38 = ($0.92 - $0.53) $0.38247074829400474 = ($0.9164923518275142 - $0.5340216035335095)


5b. 29 Claim(s):

Total gas cost: 29 Claim(s) (USD): $0.55 ($0.5532079888064961)

Claim Reward: 28 Claim(s) (WEI): 0.00028554827699776 WETH (285548276997760 wei)
Claim Reward: 28 Claim(s) (USD): $0.92 ($0.9164923518275142)

Next Claim Reward: 29 Claim(s) (WEI): 0.00029574642974768 WETH (295746429747680 wei)
Next Claim Reward: 29 Claim(s) (USD): $0.95 ($0.9492242215356397)

Net profit = (Gross Profit - Gas Cost [Avg])
$0.4 = ($0.95 - $0.55) $0.39601623272914355 = ($0.9492242215356397 - $0.5532079888064961)


5b. 30 Claim(s):

Total gas cost: 30 Claim(s) (USD): $0.57 ($0.5723943740794828)

Claim Reward: 29 Claim(s) (WEI): 0.00029574642974768 WETH (295746429747680 wei)
Claim Reward: 29 Claim(s) (USD): $0.95 ($0.9492242215356397)

Next Claim Reward: 30 Claim(s) (WEI): 0.0003059445824976 WETH (305944582497600 wei)
Next Claim Reward: 30 Claim(s) (USD): $0.98 ($0.9819560912437653)

Net profit = (Gross Profit - Gas Cost [Avg])
$0.41 = ($0.98 - $0.57) $0.40956171716428247 = ($0.9819560912437653 - $0.5723943740794828)

******************
5c. Profit/Loss (USD):

Net profit = (Gross Profit - Gas Cost [Max])
$0.38 = ($0.95 - $0.57) $0.3768298474561569 = ($0.9492242215356397 - $0.5723943740794828)

Submitting transaction to claim 29 prize(s):

0x33335296c9b020ca3252e4953c11decfdce816b8-0x2296d1443aB98d33918Eab0Db24CE4fCd8b5B0eA-5-1012
0x33335296c9b020ca3252e4953c11decfdce816b8-0x7933b77E7eE7CEa0e4cdd8c985AF924413473c34-5-195
0x33335296c9b020ca3252e4953c11decfdce816b8-0xba130d67C38A25D9E20FfE9CF0614f3F5696E33e-5-659
0x33335296c9b020ca3252e4953c11decfdce816b8-0x2996C137e0620B6BbF58fEbb3ed9B9abc22295a0-5-772
0x33335296c9b020ca3252e4953c11decfdce816b8-0x940f97C43C6a2A29Dd1d14BcFFa9F3dFfe8977dB-5-288
0x33335296c9b020ca3252e4953c11decfdce816b8-0x0D9620366E68E19299C321f857179633792Bd15B-5-616
0x33335296c9b020ca3252e4953c11decfdce816b8-0x8fAFAaAd0cCB61eb76ab9D77dB6A1f8F3bB9bB62-5-46
0x33335296c9b020ca3252e4953c11decfdce816b8-0x97d82cE1f7aa307602a0a10024E79079F5BE851c-5-986
0x33335296c9b020ca3252e4953c11decfdce816b8-0x57100D4583da2567739A264AB2d5E408b00EA566-5-20
0x33335296c9b020ca3252e4953c11decfdce816b8-0x503A02aDBab314e9bB1e4042D4322aD5Ea0036dB-5-426
0x33335296c9b020ca3252e4953c11decfdce816b8-0x503A02aDBab314e9bB1e4042D4322aD5Ea0036dB-5-473
0x33335296c9b020ca3252e4953c11decfdce816b8-0xD43a7486c07F5BC8fcfdaE58184c88706197C7C2-5-370
0x33335296c9b020ca3252e4953c11decfdce816b8-0x7322D2e6b94C061304C81C4645221e851b5Be40a-5-341
0x33335296c9b020ca3252e4953c11decfdce816b8-0x5E906b21Cd2D4e1AfC059bCdCD9b90a879E97F6F-5-786
0x33335296c9b020ca3252e4953c11decfdce816b8-0xf14FC1841530BBAdB2c04A5e7C32d0649868393a-5-314
0x33335296c9b020ca3252e4953c11decfdce816b8-0xfe21fD23007e3C0587C31c34051EC81c40374Fed-5-205
0x33335296c9b020ca3252e4953c11decfdce816b8-0xfBDd46B12E00ed88aA07687813542eBeeb9A0CbE-5-815
0x33335296c9b020ca3252e4953c11decfdce816b8-0x05b78aB3CD73d0802cD613bbeE278EAfff9b8860-5-303
0x33335296c9b020ca3252e4953c11decfdce816b8-0xd9d14692961e9188fBd8eAf06F49181f06B918AF-5-281
0x33335296c9b020ca3252e4953c11decfdce816b8-0xD9234138b5BA37874278B910FE332197efb390Fe-5-972
0x33335296c9b020ca3252e4953c11decfdce816b8-0x21dbE9697Daf3ddb0526f0d996812219C20Ea36E-5-931
0x33335296c9b020ca3252e4953c11decfdce816b8-0x4077ba2FeF9A500021DE372cd5073cde3fC9aeb4-5-854
0x33335296c9b020ca3252e4953c11decfdce816b8-0x0eE747B134Ed3231A0Eb3d3E1075FbD28A07499b-5-537
0x33335296c9b020ca3252e4953c11decfdce816b8-0xc6FB8292Aa637Eecd80801647284C37734552fd8-5-985
0x33335296c9b020ca3252e4953c11decfdce816b8-0xFcecb74122b788041cB32c8517ba8DcE884dDFAa-5-97
0x33335296c9b020ca3252e4953c11decfdce816b8-0x11f4b89E4638120FEd40122F0aEbe7a4dF572AB7-5-72
0x33335296c9b020ca3252e4953c11decfdce816b8-0xc3e543e6288814562869EA1BEC7443F1a1424281-5-320
0x33335296c9b020ca3252e4953c11decfdce816b8-0x4E211cf7347133645caF571E018765997A741b22-5-821
0x33335296c9b020ca3252e4953c11decfdce816b8-0x7ce44b3D3E924538CE42F80bD0b1E500D7f2dBD0-5-710



Execute Claim Transaction for Tier #5 (Canary tier)



Transaction sent! ✔
Transaction hash: 0x13eed3a10d492c4398b9420fb9ee194a46ad5aa93298c9a9e4f95e70fb23ea90
Waiting on transaction to be confirmed ...
Tx confirmed !




******************
Processing:
Vault:     0x7fad91a4a29109303188d8758f1a9d60ce988349
Tier:      #5 (Canary tier)
# prizes:  380

5a. Calculating # of profitable claims ...

Native (Gas) Token ETH Market Rate (USD): $3199.95

Estimated gas limit (wei) (1 prize claim): 0.000000000000183642 ETH (183642 wei)
Estimated gas limit (wei) (2 prize claims): 0.000000000000269441 ETH (269441 wei)

Gas Cost: First Claim (wei): 0.000000000000183642 ETH (183642 wei)
Gas Cost: Each Following Claim (wei): 0.000000000000085799 ETH (85799 wei)

Gas Cost: First Claim (USD): $0.02 $0.017921345842483814
Gas Cost: Each Following Claim (USD): $0.02 $0.02161125860979995

5b. 1 Claim(s):

Total gas cost: 1 Claim(s) (USD): $0.02 ($0.017921345842483814)

Next Claim Reward: 1 Claim(s) (WEI): 0.00001019815274992 WETH (10198152749920 wei)
Next Claim Reward: 1 Claim(s) (USD): $0.03 ($0.032731869708125506)

Net profit = (Gross Profit - Gas Cost [Avg])
$0.01 = ($0.03 - $0.02) $0.014810523865641693 = ($0.032731869708125506 - $0.017921345842483814)


5b. 2 Claim(s):

Total gas cost: 2 Claim(s) (USD): $0.04 ($0.039532604452283765)

Claim Reward: 1 Claim(s) (WEI): 0.00001019815274992 WETH (10198152749920 wei)
Claim Reward: 1 Claim(s) (USD): $0.03 ($0.032731869708125506)

Next Claim Reward: 2 Claim(s) (WEI): 0.00002039630549984 WETH (20396305499840 wei)
Next Claim Reward: 2 Claim(s) (USD): $0.07 ($0.06546373941625101)

Net profit = (Gross Profit - Gas Cost [Avg])
$0.03 = ($0.07 - $0.04) $0.025931134963967248 = ($0.06546373941625101 - $0.039532604452283765)


5b. 3 Claim(s):

Total gas cost: 3 Claim(s) (USD): $0.06 ($0.06114386306208372)

Claim Reward: 2 Claim(s) (WEI): 0.00002039630549984 WETH (20396305499840 wei)
Claim Reward: 2 Claim(s) (USD): $0.07 ($0.06546373941625101)

Next Claim Reward: 3 Claim(s) (WEI): 0.00003059445824976 WETH (30594458249760 wei)
Next Claim Reward: 3 Claim(s) (USD): $0.1 ($0.09819560912437653)

Net profit = (Gross Profit - Gas Cost [Avg])
$0.04 = ($0.1 - $0.06) $0.037051746062292806 = ($0.09819560912437653 - $0.06114386306208372)


5b. 4 Claim(s):

Total gas cost: 4 Claim(s) (USD): $0.08 ($0.08275512167188366)

Claim Reward: 3 Claim(s) (WEI): 0.00003059445824976 WETH (30594458249760 wei)
Claim Reward: 3 Claim(s) (USD): $0.1 ($0.09819560912437653)

Next Claim Reward: 4 Claim(s) (WEI): 0.00004079261099968 WETH (40792610999680 wei)
Next Claim Reward: 4 Claim(s) (USD): $0.13 ($0.13092747883250203)

Net profit = (Gross Profit - Gas Cost [Avg])
$0.05 = ($0.13 - $0.08) $0.048172357160618365 = ($0.13092747883250203 - $0.08275512167188366)


5b. 5 Claim(s):

Total gas cost: 5 Claim(s) (USD): $0.1 ($0.10436638028168362)

Claim Reward: 4 Claim(s) (WEI): 0.00004079261099968 WETH (40792610999680 wei)
Claim Reward: 4 Claim(s) (USD): $0.13 ($0.13092747883250203)

Next Claim Reward: 5 Claim(s) (WEI): 0.0000509907637496 WETH (50990763749600 wei)
Next Claim Reward: 5 Claim(s) (USD): $0.16 ($0.16365934854062753)

Net profit = (Gross Profit - Gas Cost [Avg])
$0.06 = ($0.16 - $0.1) $0.05929296825894391 = ($0.16365934854062753 - $0.10436638028168362)


5b. 6 Claim(s):

Total gas cost: 6 Claim(s) (USD): $0.13 ($0.12597763889148358)

Claim Reward: 5 Claim(s) (WEI): 0.0000509907637496 WETH (50990763749600 wei)
Claim Reward: 5 Claim(s) (USD): $0.16 ($0.16365934854062753)

Next Claim Reward: 6 Claim(s) (WEI): 0.00006118891649952 WETH (61188916499520 wei)
Next Claim Reward: 6 Claim(s) (USD): $0.2 ($0.19639121824875305)

Net profit = (Gross Profit - Gas Cost [Avg])
$0.07 = ($0.2 - $0.13) $0.07041357935726947 = ($0.19639121824875305 - $0.12597763889148358)


5b. 7 Claim(s):

Total gas cost: 7 Claim(s) (USD): $0.15 ($0.1475888975012835)

Claim Reward: 6 Claim(s) (WEI): 0.00006118891649952 WETH (61188916499520 wei)
Claim Reward: 6 Claim(s) (USD): $0.2 ($0.19639121824875305)

Next Claim Reward: 7 Claim(s) (WEI): 0.00007138706924944 WETH (71387069249440 wei)
Next Claim Reward: 7 Claim(s) (USD): $0.23 ($0.22912308795687855)

Net profit = (Gross Profit - Gas Cost [Avg])
$0.08 = ($0.23 - $0.15) $0.08153419045559504 = ($0.22912308795687855 - $0.1475888975012835)


5b. 8 Claim(s):

Total gas cost: 8 Claim(s) (USD): $0.17 ($0.16920015611108347)

Claim Reward: 7 Claim(s) (WEI): 0.00007138706924944 WETH (71387069249440 wei)
Claim Reward: 7 Claim(s) (USD): $0.23 ($0.22912308795687855)

Next Claim Reward: 8 Claim(s) (WEI): 0.00008158522199936 WETH (81585221999360 wei)
Next Claim Reward: 8 Claim(s) (USD): $0.26 ($0.26185495766500405)

Net profit = (Gross Profit - Gas Cost [Avg])
$0.09 = ($0.26 - $0.17) $0.09265480155392058 = ($0.26185495766500405 - $0.16920015611108347)


5b. 9 Claim(s):

Total gas cost: 9 Claim(s) (USD): $0.19 ($0.19081141472088342)

Claim Reward: 8 Claim(s) (WEI): 0.00008158522199936 WETH (81585221999360 wei)
Claim Reward: 8 Claim(s) (USD): $0.26 ($0.26185495766500405)

Next Claim Reward: 9 Claim(s) (WEI): 0.00009178337474928 WETH (91783374749280 wei)
Next Claim Reward: 9 Claim(s) (USD): $0.29 ($0.2945868273731296)

Net profit = (Gross Profit - Gas Cost [Avg])
$0.1 = ($0.29 - $0.19) $0.10377541265224616 = ($0.2945868273731296 - $0.19081141472088342)


5b. 10 Claim(s):

Total gas cost: 10 Claim(s) (USD): $0.21 ($0.21242267333068338)

Claim Reward: 9 Claim(s) (WEI): 0.00009178337474928 WETH (91783374749280 wei)
Claim Reward: 9 Claim(s) (USD): $0.29 ($0.2945868273731296)

Next Claim Reward: 10 Claim(s) (WEI): 0.0001019815274992 WETH (101981527499200 wei)
Next Claim Reward: 10 Claim(s) (USD): $0.33 ($0.32731869708125505)

Net profit = (Gross Profit - Gas Cost [Avg])
$0.11 = ($0.33 - $0.21) $0.11489602375057167 = ($0.32731869708125505 - $0.21242267333068338)


5b. 11 Claim(s):

Total gas cost: 11 Claim(s) (USD): $0.23 ($0.23403393194048333)

Claim Reward: 10 Claim(s) (WEI): 0.0001019815274992 WETH (101981527499200 wei)
Claim Reward: 10 Claim(s) (USD): $0.33 ($0.32731869708125505)

Next Claim Reward: 11 Claim(s) (WEI): 0.00011217968024912 WETH (112179680249120 wei)
Next Claim Reward: 11 Claim(s) (USD): $0.36 ($0.3600505667893806)

Net profit = (Gross Profit - Gas Cost [Avg])
$0.13 = ($0.36 - $0.23) $0.12601663484889725 = ($0.3600505667893806 - $0.23403393194048333)


5b. 12 Claim(s):

Total gas cost: 12 Claim(s) (USD): $0.26 ($0.2556451905502833)

Claim Reward: 11 Claim(s) (WEI): 0.00011217968024912 WETH (112179680249120 wei)
Claim Reward: 11 Claim(s) (USD): $0.36 ($0.3600505667893806)

Next Claim Reward: 12 Claim(s) (WEI): 0.00012237783299904 WETH (122377832999040 wei)
Next Claim Reward: 12 Claim(s) (USD): $0.39 ($0.3927824364975061)

Net profit = (Gross Profit - Gas Cost [Avg])
$0.14 = ($0.39 - $0.26) $0.13713724594722282 = ($0.3927824364975061 - $0.2556451905502833)


5b. 13 Claim(s):

Total gas cost: 13 Claim(s) (USD): $0.28 ($0.27725644916008324)

Claim Reward: 12 Claim(s) (WEI): 0.00012237783299904 WETH (122377832999040 wei)
Claim Reward: 12 Claim(s) (USD): $0.39 ($0.3927824364975061)

Next Claim Reward: 13 Claim(s) (WEI): 0.00013257598574896 WETH (132575985748960 wei)
Next Claim Reward: 13 Claim(s) (USD): $0.43 ($0.42551430620563163)

Net profit = (Gross Profit - Gas Cost [Avg])
$0.15 = ($0.43 - $0.28) $0.1482578570455484 = ($0.42551430620563163 - $0.27725644916008324)


5b. 14 Claim(s):

Total gas cost: 14 Claim(s) (USD): $0.3 ($0.2988677077698832)

Claim Reward: 13 Claim(s) (WEI): 0.00013257598574896 WETH (132575985748960 wei)
Claim Reward: 13 Claim(s) (USD): $0.43 ($0.42551430620563163)

Next Claim Reward: 14 Claim(s) (WEI): 0.00014277413849888 WETH (142774138498880 wei)
Next Claim Reward: 14 Claim(s) (USD): $0.46 ($0.4582461759137571)

Net profit = (Gross Profit - Gas Cost [Avg])
$0.16 = ($0.46 - $0.3) $0.1593784681438739 = ($0.4582461759137571 - $0.2988677077698832)


5b. 15 Claim(s):

Total gas cost: 15 Claim(s) (USD): $0.32 ($0.32047896637968315)

Claim Reward: 14 Claim(s) (WEI): 0.00014277413849888 WETH (142774138498880 wei)
Claim Reward: 14 Claim(s) (USD): $0.46 ($0.4582461759137571)

Next Claim Reward: 15 Claim(s) (WEI): 0.0001529722912488 WETH (152972291248800 wei)
Next Claim Reward: 15 Claim(s) (USD): $0.49 ($0.49097804562188263)

Net profit = (Gross Profit - Gas Cost [Avg])
$0.17 = ($0.49 - $0.32) $0.17049907924219948 = ($0.49097804562188263 - $0.32047896637968315)


5b. 16 Claim(s):

Total gas cost: 16 Claim(s) (USD): $0.34 ($0.3420902249894831)

Claim Reward: 15 Claim(s) (WEI): 0.0001529722912488 WETH (152972291248800 wei)
Claim Reward: 15 Claim(s) (USD): $0.49 ($0.49097804562188263)

Next Claim Reward: 16 Claim(s) (WEI): 0.00016317044399872 WETH (163170443998720 wei)
Next Claim Reward: 16 Claim(s) (USD): $0.52 ($0.5237099153300081)

Net profit = (Gross Profit - Gas Cost [Avg])
$0.18 = ($0.52 - $0.34) $0.181619690340525 = ($0.5237099153300081 - $0.3420902249894831)


5b. 17 Claim(s):

Total gas cost: 17 Claim(s) (USD): $0.36 ($0.36370148359928306)

Claim Reward: 16 Claim(s) (WEI): 0.00016317044399872 WETH (163170443998720 wei)
Claim Reward: 16 Claim(s) (USD): $0.52 ($0.5237099153300081)

Next Claim Reward: 17 Claim(s) (WEI): 0.00017336859674864 WETH (173368596748640 wei)
Next Claim Reward: 17 Claim(s) (USD): $0.56 ($0.5564417850381337)

Net profit = (Gross Profit - Gas Cost [Avg])
$0.19 = ($0.56 - $0.36) $0.19274030143885063 = ($0.5564417850381337 - $0.36370148359928306)


5b. 18 Claim(s):

Total gas cost: 18 Claim(s) (USD): $0.39 ($0.385312742209083)

Claim Reward: 17 Claim(s) (WEI): 0.00017336859674864 WETH (173368596748640 wei)
Claim Reward: 17 Claim(s) (USD): $0.56 ($0.5564417850381337)

Next Claim Reward: 18 Claim(s) (WEI): 0.00018356674949856 WETH (183566749498560 wei)
Next Claim Reward: 18 Claim(s) (USD): $0.59 ($0.5891736547462592)

Net profit = (Gross Profit - Gas Cost [Avg])
$0.2 = ($0.59 - $0.39) $0.20386091253717614 = ($0.5891736547462592 - $0.385312742209083)


5b. 19 Claim(s):

Total gas cost: 19 Claim(s) (USD): $0.41 ($0.40692400081888297)

Claim Reward: 18 Claim(s) (WEI): 0.00018356674949856 WETH (183566749498560 wei)
Claim Reward: 18 Claim(s) (USD): $0.59 ($0.5891736547462592)

Next Claim Reward: 19 Claim(s) (WEI): 0.00019376490224848 WETH (193764902248480 wei)
Next Claim Reward: 19 Claim(s) (USD): $0.62 ($0.6219055244543846)

Net profit = (Gross Profit - Gas Cost [Avg])
$0.21 = ($0.62 - $0.41) $0.21498152363550166 = ($0.6219055244543846 - $0.40692400081888297)


5b. 20 Claim(s):

Total gas cost: 20 Claim(s) (USD): $0.43 ($0.4285352594286829)

Claim Reward: 19 Claim(s) (WEI): 0.00019376490224848 WETH (193764902248480 wei)
Claim Reward: 19 Claim(s) (USD): $0.62 ($0.6219055244543846)

Next Claim Reward: 20 Claim(s) (WEI): 0.0002039630549984 WETH (203963054998400 wei)
Next Claim Reward: 20 Claim(s) (USD): $0.65 ($0.6546373941625101)

Net profit = (Gross Profit - Gas Cost [Avg])
$0.23 = ($0.65 - $0.43) $0.22610213473382718 = ($0.6546373941625101 - $0.4285352594286829)


5b. 21 Claim(s):

Total gas cost: 21 Claim(s) (USD): $0.45 ($0.4501465180384829)

Claim Reward: 20 Claim(s) (WEI): 0.0002039630549984 WETH (203963054998400 wei)
Claim Reward: 20 Claim(s) (USD): $0.65 ($0.6546373941625101)

Next Claim Reward: 21 Claim(s) (WEI): 0.00021416120774832 WETH (214161207748320 wei)
Next Claim Reward: 21 Claim(s) (USD): $0.69 ($0.6873692638706357)

Net profit = (Gross Profit - Gas Cost [Avg])
$0.24 = ($0.69 - $0.45) $0.2372227458321528 = ($0.6873692638706357 - $0.4501465180384829)


5b. 22 Claim(s):

Total gas cost: 22 Claim(s) (USD): $0.47 ($0.47175777664828283)

Claim Reward: 21 Claim(s) (WEI): 0.00021416120774832 WETH (214161207748320 wei)
Claim Reward: 21 Claim(s) (USD): $0.69 ($0.6873692638706357)

Next Claim Reward: 22 Claim(s) (WEI): 0.00022435936049824 WETH (224359360498240 wei)
Next Claim Reward: 22 Claim(s) (USD): $0.72 ($0.7201011335787612)

Net profit = (Gross Profit - Gas Cost [Avg])
$0.25 = ($0.72 - $0.47) $0.24834335693047832 = ($0.7201011335787612 - $0.47175777664828283)


5b. 23 Claim(s):

Total gas cost: 23 Claim(s) (USD): $0.49 ($0.4933690352580828)

Claim Reward: 22 Claim(s) (WEI): 0.00022435936049824 WETH (224359360498240 wei)
Claim Reward: 22 Claim(s) (USD): $0.72 ($0.7201011335787612)

Next Claim Reward: 23 Claim(s) (WEI): 0.00023455751324816 WETH (234557513248160 wei)
Next Claim Reward: 23 Claim(s) (USD): $0.75 ($0.7528330032868866)

Net profit = (Gross Profit - Gas Cost [Avg])
$0.26 = ($0.75 - $0.49) $0.25946396802880384 = ($0.7528330032868866 - $0.4933690352580828)


5b. 24 Claim(s):

Total gas cost: 24 Claim(s) (USD): $0.51 ($0.5149802938678827)

Claim Reward: 23 Claim(s) (WEI): 0.00023455751324816 WETH (234557513248160 wei)
Claim Reward: 23 Claim(s) (USD): $0.75 ($0.7528330032868866)

Next Claim Reward: 24 Claim(s) (WEI): 0.00024475566599808 WETH (244755665998080 wei)
Next Claim Reward: 24 Claim(s) (USD): $0.79 ($0.7855648729950122)

Net profit = (Gross Profit - Gas Cost [Avg])
$0.27 = ($0.79 - $0.51) $0.2705845791271295 = ($0.7855648729950122 - $0.5149802938678827)


5b. 25 Claim(s):

Total gas cost: 25 Claim(s) (USD): $0.54 ($0.5365915524776826)

Claim Reward: 24 Claim(s) (WEI): 0.00024475566599808 WETH (244755665998080 wei)
Claim Reward: 24 Claim(s) (USD): $0.79 ($0.7855648729950122)

Next Claim Reward: 25 Claim(s) (WEI): 0.000254953818748 WETH (254953818748000 wei)
Next Claim Reward: 25 Claim(s) (USD): $0.82 ($0.8182967427031377)

Net profit = (Gross Profit - Gas Cost [Avg])
$0.28 = ($0.82 - $0.54) $0.28170519022545504 = ($0.8182967427031377 - $0.5365915524776826)


5b. 26 Claim(s):

Total gas cost: 26 Claim(s) (USD): $0.56 ($0.5582028110874826)

Claim Reward: 25 Claim(s) (WEI): 0.000254953818748 WETH (254953818748000 wei)
Claim Reward: 25 Claim(s) (USD): $0.82 ($0.8182967427031377)

Next Claim Reward: 26 Claim(s) (WEI): 0.00026515197149792 WETH (265151971497920 wei)
Next Claim Reward: 26 Claim(s) (USD): $0.85 ($0.8510286124112633)

Net profit = (Gross Profit - Gas Cost [Avg])
$0.29 = ($0.85 - $0.56) $0.29282580132378067 = ($0.8510286124112633 - $0.5582028110874826)


5b. 27 Claim(s):

Total gas cost: 27 Claim(s) (USD): $0.58 ($0.5798140696972826)

Claim Reward: 26 Claim(s) (WEI): 0.00026515197149792 WETH (265151971497920 wei)
Claim Reward: 26 Claim(s) (USD): $0.85 ($0.8510286124112633)

Next Claim Reward: 27 Claim(s) (WEI): 0.00027535012424784 WETH (275350124247840 wei)
Next Claim Reward: 27 Claim(s) (USD): $0.88 ($0.8837604821193886)

Net profit = (Gross Profit - Gas Cost [Avg])
$0.3 = ($0.88 - $0.58) $0.30394641242210607 = ($0.8837604821193886 - $0.5798140696972826)


5b. 28 Claim(s):

Total gas cost: 28 Claim(s) (USD): $0.6 ($0.6014253283070825)

Claim Reward: 27 Claim(s) (WEI): 0.00027535012424784 WETH (275350124247840 wei)
Claim Reward: 27 Claim(s) (USD): $0.88 ($0.8837604821193886)

Next Claim Reward: 28 Claim(s) (WEI): 0.00028554827699776 WETH (285548276997760 wei)
Next Claim Reward: 28 Claim(s) (USD): $0.92 ($0.9164923518275142)

Net profit = (Gross Profit - Gas Cost [Avg])
$0.32 = ($0.92 - $0.6) $0.3150670235204317 = ($0.9164923518275142 - $0.6014253283070825)


5b. 29 Claim(s):

Total gas cost: 29 Claim(s) (USD): $0.62 ($0.6230365869168825)

Claim Reward: 28 Claim(s) (WEI): 0.00028554827699776 WETH (285548276997760 wei)
Claim Reward: 28 Claim(s) (USD): $0.92 ($0.9164923518275142)

Next Claim Reward: 29 Claim(s) (WEI): 0.00029574642974768 WETH (295746429747680 wei)
Next Claim Reward: 29 Claim(s) (USD): $0.95 ($0.9492242215356397)

Net profit = (Gross Profit - Gas Cost [Avg])
$0.33 = ($0.95 - $0.62) $0.3261876346187572 = ($0.9492242215356397 - $0.6230365869168825)


5b. 30 Claim(s):

Total gas cost: 30 Claim(s) (USD): $0.64 ($0.6446478455266824)

Claim Reward: 29 Claim(s) (WEI): 0.00029574642974768 WETH (295746429747680 wei)
Claim Reward: 29 Claim(s) (USD): $0.95 ($0.9492242215356397)

Next Claim Reward: 30 Claim(s) (WEI): 0.0003059445824976 WETH (305944582497600 wei)
Next Claim Reward: 30 Claim(s) (USD): $0.98 ($0.9819560912437653)

Net profit = (Gross Profit - Gas Cost [Avg])
$0.34 = ($0.98 - $0.64) $0.33730824571708284 = ($0.9819560912437653 - $0.6446478455266824)

******************
5c. Profit/Loss (USD):

Net profit = (Gross Profit - Gas Cost [Max])
$0.3 = ($0.95 - $0.64) $0.30457637600895726 = ($0.9492242215356397 - $0.6446478455266824)

Submitting transaction to claim 29 prize(s):

0x7fad91a4a29109303188d8758f1a9d60ce988349-0xc560593a4aED6c18D12454Ef96e9641A70b2B908-5-741
0x7fad91a4a29109303188d8758f1a9d60ce988349-0x72320b78e532Cc26AAcCbE96a316C918eE237A30-5-989
0x7fad91a4a29109303188d8758f1a9d60ce988349-0xDFfA146234688A8020C77F3eBfAE8a0aDaC6D057-5-818
0x7fad91a4a29109303188d8758f1a9d60ce988349-0x9998e8AbD97fFA75e090ccA25669FA875b076fB8-5-340
0x7fad91a4a29109303188d8758f1a9d60ce988349-0x8d41351EB36b01a3F705123516A8d68F53E8aCf1-5-120
0x7fad91a4a29109303188d8758f1a9d60ce988349-0x6F32A9a992c5553aBe9748cD91BF44D7279Cfd98-5-235
0x7fad91a4a29109303188d8758f1a9d60ce988349-0x7c91FB3ab7bCe5e1202e3298971DDCe7B8A2fb2A-5-812
0x7fad91a4a29109303188d8758f1a9d60ce988349-0xeCfB9e208Db5EB2c7cEB9F5aE1421B7eA468C10B-5-33
0x7fad91a4a29109303188d8758f1a9d60ce988349-0x9222f82d325aC990557832F2Cc959b4c0FeB03C7-5-606
0x7fad91a4a29109303188d8758f1a9d60ce988349-0xd2176266bCfac833c6Fdc88A9bA6386237301C15-5-72
0x7fad91a4a29109303188d8758f1a9d60ce988349-0x5390daD34257108A00138b62F7f06E7361C6BD3f-5-239
0x7fad91a4a29109303188d8758f1a9d60ce988349-0x53e7baEFBcC03c6AAF6EB44d3196a6d8e37bE05a-5-510
0x7fad91a4a29109303188d8758f1a9d60ce988349-0x53e7baEFBcC03c6AAF6EB44d3196a6d8e37bE05a-5-1017
0x7fad91a4a29109303188d8758f1a9d60ce988349-0xe410923aAe3C3000B6E4a72938eFAB4eC89aC452-5-601
0x7fad91a4a29109303188d8758f1a9d60ce988349-0xD7a61DE6333056F92477D9CdA85049F533Ac71BA-5-168
0x7fad91a4a29109303188d8758f1a9d60ce988349-0xb0cF844f20b64ec98F7DfadCaB52a24915335752-5-473
0x7fad91a4a29109303188d8758f1a9d60ce988349-0xFbF2384075a186B539311963227290335d8F5188-5-614
0x7fad91a4a29109303188d8758f1a9d60ce988349-0xFbF2384075a186B539311963227290335d8F5188-5-1005
0x7fad91a4a29109303188d8758f1a9d60ce988349-0x81a9A979a1F63d4cAA61CcB439942Cd5542dBC34-5-310
0x7fad91a4a29109303188d8758f1a9d60ce988349-0xF4027cb4009099387CB2bA1CF3b5745f51352Fa1-5-221
0x7fad91a4a29109303188d8758f1a9d60ce988349-0xF4027cb4009099387CB2bA1CF3b5745f51352Fa1-5-630
0x7fad91a4a29109303188d8758f1a9d60ce988349-0x5D054635e06069c5c73d42e6Aa3D4615f58ed2C2-5-779
0x7fad91a4a29109303188d8758f1a9d60ce988349-0x5D054635e06069c5c73d42e6Aa3D4615f58ed2C2-5-988
0x7fad91a4a29109303188d8758f1a9d60ce988349-0xC9d8d51BEE58BD13B0752F58195E2A230aA411eb-5-579
0x7fad91a4a29109303188d8758f1a9d60ce988349-0x703f78D790393Ce026e27e6472278E0e84A7974B-5-824
0x7fad91a4a29109303188d8758f1a9d60ce988349-0xfA2A423a33105D6A31552f7a5889A1B41C018876-5-834
0x7fad91a4a29109303188d8758f1a9d60ce988349-0x9F304ECAc2F9D9226c71750b6952E552c3Ec1A45-5-56
0x7fad91a4a29109303188d8758f1a9d60ce988349-0x5EB0Fe0C3a276a5226B508F186f12D2022181156-5-52
0x7fad91a4a29109303188d8758f1a9d60ce988349-0x5EB0Fe0C3a276a5226B508F186f12D2022181156-5-545



Execute Claim Transaction for Tier #5 (Canary tier)



Transaction sent! ✔
Transaction hash: 0x7ca6f5adf6b0fb8c6d9a9299d16baec221e9baaf7a6f74a47011d565dc29aa14
Waiting on transaction to be confirmed ...
Tx confirmed !




******************
Processing:
Vault:     0x33335296c9b020ca3252e4953c11decfdce816b8
Tier:      #6 (Canary tier)
# prizes:  1530

5a. Calculating # of profitable claims ...

Native (Gas) Token ETH Market Rate (USD): $3199.95

Estimated gas limit (wei) (1 prize claim): 0.000000000000175277 ETH (175277 wei)
Estimated gas limit (wei) (2 prize claims): 0.000000000000252699 ETH (252699 wei)

Gas Cost: First Claim (wei): 0.000000000000175277 ETH (175277 wei)
Gas Cost: Each Following Claim (wei): 0.000000000000077422 ETH (77422 wei)

Gas Cost: First Claim (USD): $0.02 $0.01789457151530321
Gas Cost: Each Following Claim (USD): $0.02 $0.021525286991159482

5b. 1 Claim(s):

Total gas cost: 1 Claim(s) (USD): $0.02 ($0.01789457151530321)

Next Claim Reward: 1 Claim(s) (WEI): 0.00000254953818748 WETH (2549538187480 wei)
Next Claim Reward: 1 Claim(s) (USD): $0.01 ($0.008182967427031377)

Net profit = (Gross Profit - Gas Cost [Avg])
$-0.01 = ($0.01 - $0.02) $-0.009711604088271835 = ($0.008182967427031377 - $0.01789457151530321)

******************
5c. Profit/Loss (USD):

Net profit = (Gross Profit - Gas Cost [Max])
$-0.02 = ($0 - $0.02) $-0.01789457151530321 = ($0 - $0.01789457151530321)

Claiming tier #6 (Canary tier) currently not profitable.
Not profitable to claim for Draw #16, Tier: #6 (Canary tier)




******************
Processing:
Vault:     0x75b2f4b3ec5adf7077f928992524cc547e74f768
Tier:      #6 (Canary tier)
# prizes:  155

Tier #6 (Canary tier) not profitable, skipping ...





******************
Processing:
Vault:     0x7fad91a4a29109303188d8758f1a9d60ce988349
Tier:      #6 (Canary tier)
# prizes:  2172

Tier #6 (Canary tier) not profitable, skipping ...

