Operating on: 11155420 - Optimism Sepolia

Config - REWARD_RECIPIENT not provided, setting swap recipient to relayer address: 0x06003274c3a7926c04cA8d6903cc691fE8f3CEC2
Config - MIN_PROFIT_THRESHOLD_USD: -0.1

Starting ...
Getting prize pool info ...
Getting prize context ...

******************
1. Prize token: WETH

┌────────────┬──────────────────────────────────────────────┬──────────┬─────────────────┬────────┬──────────────┐
│ (index)    │ address                                      │ decimals │ name            │ symbol │ assetRateUsd │
├────────────┼──────────────────────────────────────────────┼──────────┼─────────────────┼────────┼──────────────┤
│ prizeToken │ '0xC355F97a3Aa2808Acb536E555764b8FB26fB4b37' │ 18       │ 'Wrapped Ether' │ 'WETH' │ 3219.575     │
└────────────┴──────────────────────────────────────────────┴──────────┴─────────────────┴────────┴──────────────┘
┌─────────┬──────────┬───────────────────────────────┐
│ (index) │ numTiers │ tiersRangeArray               │
├─────────┼──────────┼───────────────────────────────┤
│ tiers   │ 6        │ [ 0, 1, 2, ... 3 more items ] │
└─────────┴──────────┴───────────────────────────────┘
Draw ID: 5
Prize Token WETH MarketRate USD:  $3219.575

******************
Getting prize vaults ...
Found 6 prize vaults.

198 prizes already claimed for draw #5.
1128 prizes remaining to be claimed...




******************
Processing:
Vault:     0x33335296c9b020ca3252e4953c11decfdce816b8
Tier:      #4 (Canary tier)
# prizes:  99

5a. Calculating # of profitable claims ...

Native (Gas) Token ETH Market Rate (USD): $3228.97

Estimated gas limit (wei) (1 prize claim): 0.000000000000175695 ETH (175695 wei)
Estimated gas limit (wei) (2 prize claims): 0.000000000000256773 ETH (256773 wei)

Gas Cost: First Claim (wei): 0.000000000000175695 ETH (175695 wei)
Gas Cost: Each Following Claim (wei): 0.000000000000081078 ETH (81078 wei)

Gas Cost: First Claim (USD): $0.01 $0.0147557217563898
Gas Cost: Each Following Claim (USD): $0.02 $0.01768945919993843

5b. 1 Claim(s):

Total gas cost: 1 Claim(s) (USD): $0.01 ($0.0147557217563898)

Next Claim Reward: 1 Claim(s) (WEI): 0.000020778170984667 WETH (20778170984667 wei)
Next Claim Reward: 1 Claim(s) (USD): $0.07 ($0.06689687984795925)

Net profit = (Gross Profit - Gas Cost [Avg])
$0.05 = ($0.07 - $0.01) $0.05214115809156945 = ($0.06689687984795925 - $0.0147557217563898)


5b. 2 Claim(s):

Total gas cost: 2 Claim(s) (USD): $0.03 ($0.03244518095632823)

Claim Reward: 1 Claim(s) (WEI): 0.000020778170984667 WETH (20778170984667 wei)
Claim Reward: 1 Claim(s) (USD): $0.07 ($0.06689687984795925)

Next Claim Reward: 2 Claim(s) (WEI): 0.000041556341969334 WETH (41556341969334 wei)
Next Claim Reward: 2 Claim(s) (USD): $0.13 ($0.1337937596959185)

Net profit = (Gross Profit - Gas Cost [Avg])
$0.1 = ($0.13 - $0.03) $0.10134857873959027 = ($0.1337937596959185 - $0.03244518095632823)


5b. 3 Claim(s):

Total gas cost: 3 Claim(s) (USD): $0.05 ($0.05013464015626666)

Claim Reward: 2 Claim(s) (WEI): 0.000041556341969334 WETH (41556341969334 wei)
Claim Reward: 2 Claim(s) (USD): $0.13 ($0.1337937596959185)

Next Claim Reward: 3 Claim(s) (WEI): 0.000062334512954001 WETH (62334512954001 wei)
Next Claim Reward: 3 Claim(s) (USD): $0.2 ($0.20069063954387775)

Net profit = (Gross Profit - Gas Cost [Avg])
$0.15 = ($0.2 - $0.05) $0.1505559993876111 = ($0.20069063954387775 - $0.05013464015626666)


5b. 4 Claim(s):

Total gas cost: 4 Claim(s) (USD): $0.07 ($0.06782409935620509)

Claim Reward: 3 Claim(s) (WEI): 0.000062334512954001 WETH (62334512954001 wei)
Claim Reward: 3 Claim(s) (USD): $0.2 ($0.20069063954387775)

Next Claim Reward: 4 Claim(s) (WEI): 0.000083112683938668 WETH (83112683938668 wei)
Next Claim Reward: 4 Claim(s) (USD): $0.27 ($0.267587519391837)

Net profit = (Gross Profit - Gas Cost [Avg])
$0.2 = ($0.27 - $0.07) $0.1997634200356319 = ($0.267587519391837 - $0.06782409935620509)


5b. 5 Claim(s):

Total gas cost: 5 Claim(s) (USD): $0.09 ($0.08551355855614352)

Claim Reward: 4 Claim(s) (WEI): 0.000083112683938668 WETH (83112683938668 wei)
Claim Reward: 4 Claim(s) (USD): $0.27 ($0.267587519391837)

Next Claim Reward: 5 Claim(s) (WEI): 0.000103890854923335 WETH (103890854923335 wei)
Next Claim Reward: 5 Claim(s) (USD): $0.33 ($0.3344843992397963)

Net profit = (Gross Profit - Gas Cost [Avg])
$0.25 = ($0.33 - $0.09) $0.24897084068365277 = ($0.3344843992397963 - $0.08551355855614352)


5b. 6 Claim(s):

Total gas cost: 6 Claim(s) (USD): $0.1 ($0.10320301775608196)

Claim Reward: 5 Claim(s) (WEI): 0.000103890854923335 WETH (103890854923335 wei)
Claim Reward: 5 Claim(s) (USD): $0.33 ($0.3344843992397963)

Next Claim Reward: 6 Claim(s) (WEI): 0.000124669025908002 WETH (124669025908002 wei)
Next Claim Reward: 6 Claim(s) (USD): $0.4 ($0.4013812790877555)

Net profit = (Gross Profit - Gas Cost [Avg])
$0.3 = ($0.4 - $0.1) $0.2981782613316736 = ($0.4013812790877555 - $0.10320301775608196)


5b. 7 Claim(s):

Total gas cost: 7 Claim(s) (USD): $0.12 ($0.12089247695602039)

Claim Reward: 6 Claim(s) (WEI): 0.000124669025908002 WETH (124669025908002 wei)
Claim Reward: 6 Claim(s) (USD): $0.4 ($0.4013812790877555)

Next Claim Reward: 7 Claim(s) (WEI): 0.000145447196892669 WETH (145447196892669 wei)
Next Claim Reward: 7 Claim(s) (USD): $0.47 ($0.46827815893571473)

Net profit = (Gross Profit - Gas Cost [Avg])
$0.35 = ($0.47 - $0.12) $0.3473856819796943 = ($0.46827815893571473 - $0.12089247695602039)


5b. 8 Claim(s):

Total gas cost: 8 Claim(s) (USD): $0.14 ($0.13858193615595882)

Claim Reward: 7 Claim(s) (WEI): 0.000145447196892669 WETH (145447196892669 wei)
Claim Reward: 7 Claim(s) (USD): $0.47 ($0.46827815893571473)

Next Claim Reward: 8 Claim(s) (WEI): 0.000166225367877336 WETH (166225367877336 wei)
Next Claim Reward: 8 Claim(s) (USD): $0.54 ($0.535175038783674)

Net profit = (Gross Profit - Gas Cost [Avg])
$0.4 = ($0.54 - $0.14) $0.3965931026277152 = ($0.535175038783674 - $0.13858193615595882)


5b. 9 Claim(s):

Total gas cost: 9 Claim(s) (USD): $0.16 ($0.15627139535589726)

Claim Reward: 8 Claim(s) (WEI): 0.000166225367877336 WETH (166225367877336 wei)
Claim Reward: 8 Claim(s) (USD): $0.54 ($0.535175038783674)

Next Claim Reward: 9 Claim(s) (WEI): 0.000187003538862003 WETH (187003538862003 wei)
Next Claim Reward: 9 Claim(s) (USD): $0.6 ($0.6020719186316332)

Net profit = (Gross Profit - Gas Cost [Avg])
$0.45 = ($0.6 - $0.16) $0.44580052327573594 = ($0.6020719186316332 - $0.15627139535589726)


5b. 10 Claim(s):

Total gas cost: 10 Claim(s) (USD): $0.17 ($0.17396085455583568)

Claim Reward: 9 Claim(s) (WEI): 0.000187003538862003 WETH (187003538862003 wei)
Claim Reward: 9 Claim(s) (USD): $0.6 ($0.6020719186316332)

Next Claim Reward: 10 Claim(s) (WEI): 0.00020778170984667 WETH (207781709846670 wei)
Next Claim Reward: 10 Claim(s) (USD): $0.67 ($0.6689687984795926)

Net profit = (Gross Profit - Gas Cost [Avg])
$0.5 = ($0.67 - $0.17) $0.4950079439237569 = ($0.6689687984795926 - $0.17396085455583568)


5b. 11 Claim(s):

Total gas cost: 11 Claim(s) (USD): $0.19 ($0.19165031375577413)

Claim Reward: 10 Claim(s) (WEI): 0.00020778170984667 WETH (207781709846670 wei)
Claim Reward: 10 Claim(s) (USD): $0.67 ($0.6689687984795926)

Next Claim Reward: 11 Claim(s) (WEI): 0.000228559880831337 WETH (228559880831337 wei)
Next Claim Reward: 11 Claim(s) (USD): $0.74 ($0.7358656783275518)

Net profit = (Gross Profit - Gas Cost [Avg])
$0.54 = ($0.74 - $0.19) $0.5442153645717777 = ($0.7358656783275518 - $0.19165031375577413)


5b. 12 Claim(s):

Total gas cost: 12 Claim(s) (USD): $0.21 ($0.20933977295571257)

Claim Reward: 11 Claim(s) (WEI): 0.000228559880831337 WETH (228559880831337 wei)
Claim Reward: 11 Claim(s) (USD): $0.74 ($0.7358656783275518)

Next Claim Reward: 12 Claim(s) (WEI): 0.000249338051816004 WETH (249338051816004 wei)
Next Claim Reward: 12 Claim(s) (USD): $0.8 ($0.802762558175511)

Net profit = (Gross Profit - Gas Cost [Avg])
$0.59 = ($0.8 - $0.21) $0.5934227852197984 = ($0.802762558175511 - $0.20933977295571257)


5b. 13 Claim(s):

Total gas cost: 13 Claim(s) (USD): $0.23 ($0.227029232155651)

Claim Reward: 12 Claim(s) (WEI): 0.000249338051816004 WETH (249338051816004 wei)
Claim Reward: 12 Claim(s) (USD): $0.8 ($0.802762558175511)

Next Claim Reward: 13 Claim(s) (WEI): 0.000270116222800671 WETH (270116222800671 wei)
Next Claim Reward: 13 Claim(s) (USD): $0.87 ($0.8696594380234703)

Net profit = (Gross Profit - Gas Cost [Avg])
$0.64 = ($0.87 - $0.23) $0.6426302058678194 = ($0.8696594380234703 - $0.227029232155651)


5b. 14 Claim(s):

Total gas cost: 14 Claim(s) (USD): $0.24 ($0.2447186913555894)

Claim Reward: 13 Claim(s) (WEI): 0.000270116222800671 WETH (270116222800671 wei)
Claim Reward: 13 Claim(s) (USD): $0.87 ($0.8696594380234703)

Next Claim Reward: 14 Claim(s) (WEI): 0.000290894393785338 WETH (290894393785338 wei)
Next Claim Reward: 14 Claim(s) (USD): $0.94 ($0.9365563178714295)

Net profit = (Gross Profit - Gas Cost [Avg])
$0.69 = ($0.94 - $0.24) $0.69183762651584 = ($0.9365563178714295 - $0.2447186913555894)


5b. 15 Claim(s):

Total gas cost: 15 Claim(s) (USD): $0.26 ($0.26240815055552785)

Claim Reward: 14 Claim(s) (WEI): 0.000290894393785338 WETH (290894393785338 wei)
Claim Reward: 14 Claim(s) (USD): $0.94 ($0.9365563178714295)

Next Claim Reward: 15 Claim(s) (WEI): 0.000311672564770005 WETH (311672564770005 wei)
Next Claim Reward: 15 Claim(s) (USD): $1 ($1.0034531977193888)

Net profit = (Gross Profit - Gas Cost [Avg])
$0.74 = ($1 - $0.26) $0.741045047163861 = ($1.0034531977193888 - $0.26240815055552785)


5b. 16 Claim(s):

Total gas cost: 16 Claim(s) (USD): $0.28 ($0.28009760975546627)

Claim Reward: 15 Claim(s) (WEI): 0.000311672564770005 WETH (311672564770005 wei)
Claim Reward: 15 Claim(s) (USD): $1 ($1.0034531977193888)

Next Claim Reward: 16 Claim(s) (WEI): 0.000332450735754672 WETH (332450735754672 wei)
Next Claim Reward: 16 Claim(s) (USD): $1.07 ($1.070350077567348)

Net profit = (Gross Profit - Gas Cost [Avg])
$0.79 = ($1.07 - $0.28) $0.7902524678118817 = ($1.070350077567348 - $0.28009760975546627)


5b. 17 Claim(s):

Total gas cost: 17 Claim(s) (USD): $0.3 ($0.2977870689554047)

Claim Reward: 16 Claim(s) (WEI): 0.000332450735754672 WETH (332450735754672 wei)
Claim Reward: 16 Claim(s) (USD): $1.07 ($1.070350077567348)

Next Claim Reward: 17 Claim(s) (WEI): 0.000353228906739339 WETH (353228906739339 wei)
Next Claim Reward: 17 Claim(s) (USD): $1.14 ($1.1372469574153075)

Net profit = (Gross Profit - Gas Cost [Avg])
$0.84 = ($1.14 - $0.3) $0.8394598884599027 = ($1.1372469574153075 - $0.2977870689554047)


5b. 18 Claim(s):

Total gas cost: 18 Claim(s) (USD): $0.32 ($0.3154765281553431)

Claim Reward: 17 Claim(s) (WEI): 0.000353228906739339 WETH (353228906739339 wei)
Claim Reward: 17 Claim(s) (USD): $1.14 ($1.1372469574153075)

Next Claim Reward: 18 Claim(s) (WEI): 0.000374007077724006 WETH (374007077724006 wei)
Next Claim Reward: 18 Claim(s) (USD): $1.2 ($1.2041438372632665)

Net profit = (Gross Profit - Gas Cost [Avg])
$0.89 = ($1.2 - $0.32) $0.8886673091079234 = ($1.2041438372632665 - $0.3154765281553431)


5b. 19 Claim(s):

Total gas cost: 19 Claim(s) (USD): $0.33 ($0.3331659873552815)

Claim Reward: 18 Claim(s) (WEI): 0.000374007077724006 WETH (374007077724006 wei)
Claim Reward: 18 Claim(s) (USD): $1.2 ($1.2041438372632665)

Next Claim Reward: 19 Claim(s) (WEI): 0.000394785248708673 WETH (394785248708673 wei)
Next Claim Reward: 19 Claim(s) (USD): $1.27 ($1.2710407171112257)

Net profit = (Gross Profit - Gas Cost [Avg])
$0.94 = ($1.27 - $0.33) $0.9378747297559442 = ($1.2710407171112257 - $0.3331659873552815)


5b. 20 Claim(s):

Total gas cost: 20 Claim(s) (USD): $0.35 ($0.35085544655522)

Claim Reward: 19 Claim(s) (WEI): 0.000394785248708673 WETH (394785248708673 wei)
Claim Reward: 19 Claim(s) (USD): $1.27 ($1.2710407171112257)

Next Claim Reward: 20 Claim(s) (WEI): 0.00041556341969334 WETH (415563419693340 wei)
Next Claim Reward: 20 Claim(s) (USD): $1.34 ($1.3379375969591851)

Net profit = (Gross Profit - Gas Cost [Avg])
$0.99 = ($1.34 - $0.35) $0.9870821504039651 = ($1.3379375969591851 - $0.35085544655522)


5b. 21 Claim(s):

Total gas cost: 21 Claim(s) (USD): $0.37 ($0.3685449057551584)

Claim Reward: 20 Claim(s) (WEI): 0.00041556341969334 WETH (415563419693340 wei)
Claim Reward: 20 Claim(s) (USD): $1.34 ($1.3379375969591851)

Next Claim Reward: 21 Claim(s) (WEI): 0.000436341590678007 WETH (436341590678007 wei)
Next Claim Reward: 21 Claim(s) (USD): $1.4 ($1.4048344768071444)

Net profit = (Gross Profit - Gas Cost [Avg])
$1.04 = ($1.4 - $0.37) $1.036289571051986 = ($1.4048344768071444 - $0.3685449057551584)


5b. 22 Claim(s):

Total gas cost: 22 Claim(s) (USD): $0.39 ($0.38623436495509683)

Claim Reward: 21 Claim(s) (WEI): 0.000436341590678007 WETH (436341590678007 wei)
Claim Reward: 21 Claim(s) (USD): $1.4 ($1.4048344768071444)

Next Claim Reward: 22 Claim(s) (WEI): 0.000457119761662674 WETH (457119761662674 wei)
Next Claim Reward: 22 Claim(s) (USD): $1.47 ($1.4717313566551036)

Net profit = (Gross Profit - Gas Cost [Avg])
$1.09 = ($1.47 - $0.39) $1.0854969917000068 = ($1.4717313566551036 - $0.38623436495509683)


5b. 23 Claim(s):

Total gas cost: 23 Claim(s) (USD): $0.4 ($0.4039238241550353)

Claim Reward: 22 Claim(s) (WEI): 0.000457119761662674 WETH (457119761662674 wei)
Claim Reward: 22 Claim(s) (USD): $1.47 ($1.4717313566551036)

Next Claim Reward: 23 Claim(s) (WEI): 0.000477897932647341 WETH (477897932647341 wei)
Next Claim Reward: 23 Claim(s) (USD): $1.54 ($1.5386282365030628)

Net profit = (Gross Profit - Gas Cost [Avg])
$1.13 = ($1.54 - $0.4) $1.1347044123480274 = ($1.5386282365030628 - $0.4039238241550353)


5b. 24 Claim(s):

Total gas cost: 24 Claim(s) (USD): $0.42 ($0.4216132833549737)

Claim Reward: 23 Claim(s) (WEI): 0.000477897932647341 WETH (477897932647341 wei)
Claim Reward: 23 Claim(s) (USD): $1.54 ($1.5386282365030628)

Next Claim Reward: 24 Claim(s) (WEI): 0.000498676103632008 WETH (498676103632008 wei)
Next Claim Reward: 24 Claim(s) (USD): $1.61 ($1.605525116351022)

Net profit = (Gross Profit - Gas Cost [Avg])
$1.18 = ($1.61 - $0.42) $1.1839118329960483 = ($1.605525116351022 - $0.4216132833549737)


5b. 25 Claim(s):

Total gas cost: 25 Claim(s) (USD): $0.44 ($0.43930274255491214)

Claim Reward: 24 Claim(s) (WEI): 0.000498676103632008 WETH (498676103632008 wei)
Claim Reward: 24 Claim(s) (USD): $1.61 ($1.605525116351022)

Next Claim Reward: 25 Claim(s) (WEI): 0.000519454274616675 WETH (519454274616675 wei)
Next Claim Reward: 25 Claim(s) (USD): $1.67 ($1.6724219961989815)

Net profit = (Gross Profit - Gas Cost [Avg])
$1.23 = ($1.67 - $0.44) $1.2331192536440694 = ($1.6724219961989815 - $0.43930274255491214)


5b. 26 Claim(s):

Total gas cost: 26 Claim(s) (USD): $0.46 ($0.45699220175485056)

Claim Reward: 25 Claim(s) (WEI): 0.000519454274616675 WETH (519454274616675 wei)
Claim Reward: 25 Claim(s) (USD): $1.67 ($1.6724219961989815)

Next Claim Reward: 26 Claim(s) (WEI): 0.000540232445601342 WETH (540232445601342 wei)
Next Claim Reward: 26 Claim(s) (USD): $1.74 ($1.7393188760469407)

Net profit = (Gross Profit - Gas Cost [Avg])
$1.28 = ($1.74 - $0.46) $1.28232667429209 = ($1.7393188760469407 - $0.45699220175485056)


5b. 27 Claim(s):

Total gas cost: 27 Claim(s) (USD): $0.47 ($0.474681660954789)

Claim Reward: 26 Claim(s) (WEI): 0.000540232445601342 WETH (540232445601342 wei)
Claim Reward: 26 Claim(s) (USD): $1.74 ($1.7393188760469407)

Next Claim Reward: 27 Claim(s) (WEI): 0.000561010616586009 WETH (561010616586009 wei)
Next Claim Reward: 27 Claim(s) (USD): $1.81 ($1.8062157558949)

Net profit = (Gross Profit - Gas Cost [Avg])
$1.33 = ($1.81 - $0.47) $1.3315340949401109 = ($1.8062157558949 - $0.474681660954789)


5b. 28 Claim(s):

Total gas cost: 28 Claim(s) (USD): $0.49 ($0.49237112015472745)

Claim Reward: 27 Claim(s) (WEI): 0.000561010616586009 WETH (561010616586009 wei)
Claim Reward: 27 Claim(s) (USD): $1.81 ($1.8062157558949)

Next Claim Reward: 28 Claim(s) (WEI): 0.000581788787570676 WETH (581788787570676 wei)
Next Claim Reward: 28 Claim(s) (USD): $1.87 ($1.873112635742859)

Net profit = (Gross Profit - Gas Cost [Avg])
$1.38 = ($1.87 - $0.49) $1.3807415155881315 = ($1.873112635742859 - $0.49237112015472745)


5b. 29 Claim(s):

Total gas cost: 29 Claim(s) (USD): $0.51 ($0.5100605793546659)

Claim Reward: 28 Claim(s) (WEI): 0.000581788787570676 WETH (581788787570676 wei)
Claim Reward: 28 Claim(s) (USD): $1.87 ($1.873112635742859)

Next Claim Reward: 29 Claim(s) (WEI): 0.000602566958555343 WETH (602566958555343 wei)
Next Claim Reward: 29 Claim(s) (USD): $1.94 ($1.9400095155908181)

Net profit = (Gross Profit - Gas Cost [Avg])
$1.43 = ($1.94 - $0.51) $1.4299489362361522 = ($1.9400095155908181 - $0.5100605793546659)


5b. 30 Claim(s):

Total gas cost: 30 Claim(s) (USD): $0.53 ($0.5277500385546043)

Claim Reward: 29 Claim(s) (WEI): 0.000602566958555343 WETH (602566958555343 wei)
Claim Reward: 29 Claim(s) (USD): $1.94 ($1.9400095155908181)

Next Claim Reward: 30 Claim(s) (WEI): 0.00062334512954001 WETH (623345129540010 wei)
Next Claim Reward: 30 Claim(s) (USD): $2.01 ($2.0069063954387776)

Net profit = (Gross Profit - Gas Cost [Avg])
$1.48 = ($2.01 - $0.53) $1.4791563568841732 = ($2.0069063954387776 - $0.5277500385546043)

******************
5c. Profit/Loss (USD):

Net profit = (Gross Profit - Gas Cost [Max])
$1.41 = ($1.94 - $0.53) $1.4122594770362138 = ($1.9400095155908181 - $0.5277500385546043)

Submitting transaction to claim 29 prize(s):

0x33335296c9b020ca3252e4953c11decfdce816b8-0xcE034f5187A13dAA3D9e258e502688c37cAa2591-4-222
0x33335296c9b020ca3252e4953c11decfdce816b8-0xA84De351BbdBB080cA411c912EC02c590721243A-4-44
0x33335296c9b020ca3252e4953c11decfdce816b8-0x86AB2437478A101F2C65f1abeD350f8B495e7d01-4-200
0x33335296c9b020ca3252e4953c11decfdce816b8-0x1Bc24cc357bddEB77cCA1355B5A9f159c1c21F59-4-45
0x33335296c9b020ca3252e4953c11decfdce816b8-0x4E2C4c6b2B2287cDCa67d24Dec93F40EEFD54bBe-4-153
0x33335296c9b020ca3252e4953c11decfdce816b8-0xC1135f980EE11E8eEd595D3e7df1b4350767e5d8-4-204
0x33335296c9b020ca3252e4953c11decfdce816b8-0x4DFb8217AA8649f1aD600210784C2130c5E5273c-4-75
0x33335296c9b020ca3252e4953c11decfdce816b8-0x4DFb8217AA8649f1aD600210784C2130c5E5273c-4-239
0x33335296c9b020ca3252e4953c11decfdce816b8-0x298B60F3388CBdb17937D51554773B480C2D2bA2-4-20
0x33335296c9b020ca3252e4953c11decfdce816b8-0x781DD0d1c4075812B860c3bdc2657BF7dB5477aD-4-200
0x33335296c9b020ca3252e4953c11decfdce816b8-0xC23Edad03eD4eeC01b4F613349e50F247A3aFC6D-4-59
0x33335296c9b020ca3252e4953c11decfdce816b8-0x68b8acDac8f25ce6eEA2bfFAcCe17AE0d22426c4-4-255
0x33335296c9b020ca3252e4953c11decfdce816b8-0xddb2F8C03C985676A03a029EA89A866795FF50b2-4-102
0x33335296c9b020ca3252e4953c11decfdce816b8-0x6eEe0dE9FE18B0A05D6520466aAf0Fe41d1851C0-4-157
0x33335296c9b020ca3252e4953c11decfdce816b8-0x3caEF326ae68265DFD49A9465c5f419BBaC5c631-4-203
0x33335296c9b020ca3252e4953c11decfdce816b8-0xbB7F375f675d455C6AD174DbA69011A38203990d-4-12
0x33335296c9b020ca3252e4953c11decfdce816b8-0x82BBC9954D673B37b6dEF925F1D57a046777438F-4-90
0x33335296c9b020ca3252e4953c11decfdce816b8-0xDB661bcc16E247659174175aE2833c2eA558caB8-4-98
0x33335296c9b020ca3252e4953c11decfdce816b8-0x3f6093335F136fADF0ECdE6223224B841f2409a7-4-88
0x33335296c9b020ca3252e4953c11decfdce816b8-0x57512cB3079220868a615dD310dA6e51d1E744C6-4-166
0x33335296c9b020ca3252e4953c11decfdce816b8-0xc246a950371Ae6Ba92333f76399C5d8ab8a3F042-4-127
0x33335296c9b020ca3252e4953c11decfdce816b8-0xc1EC0Cb06979f098ED44E168C54746148F07046F-4-18
0x33335296c9b020ca3252e4953c11decfdce816b8-0x27d52824c7180D86c5873C56f0C2c9e746f93C79-4-171
0x33335296c9b020ca3252e4953c11decfdce816b8-0xCa4c1E70BccF398a4A3aF8123B8A243Be6bDc4D5-4-23
0x33335296c9b020ca3252e4953c11decfdce816b8-0xcD467C660b2695BF5CB5B06C065eb41898F4d52A-4-119
0x33335296c9b020ca3252e4953c11decfdce816b8-0x2aDC11Fc1e1C171215E2B5cd9231B319e289B951-4-101
0x33335296c9b020ca3252e4953c11decfdce816b8-0x7e1a3F3344962C29D09f929ef8a584a5338E3F07-4-170
0x33335296c9b020ca3252e4953c11decfdce816b8-0xc18cD361E98C6A8433814Ff580f8378cFc58436C-4-145
0x33335296c9b020ca3252e4953c11decfdce816b8-0xc6019CF1dB855e27e08aD3ea2A90C628C2849C54-4-40



Execute Claim Transaction for Tier #4 (Canary tier)


