Operating on: 11155420 - Optimism Sepolia

Config - REWARD_RECIPIENT not provided, setting swap recipient to relayer address: 0x06003274c3a7926c04cA8d6903cc691fE8f3CEC2
Config - MIN_PROFIT_THRESHOLD_USD: 0.05

Starting ...
Getting prize pool info ...
Getting prize context ...

******************
1. Prize token: WETH

┌────────────┬──────────────────────────────────────────────┬──────────┬─────────────────┬────────┬──────────────┐
│ (index)    │ address                                      │ decimals │ name            │ symbol │ assetRateUsd │
├────────────┼──────────────────────────────────────────────┼──────────┼─────────────────┼────────┼──────────────┤
│ prizeToken │ '0xC355F97a3Aa2808Acb536E555764b8FB26fB4b37' │ 18       │ 'Wrapped Ether' │ 'WETH' │ 3045.894     │
└────────────┴──────────────────────────────────────────────┴──────────┴─────────────────┴────────┴──────────────┘
┌─────────┬──────────┬───────────────────────────────┐
│ (index) │ numTiers │ tiersRangeArray               │
├─────────┼──────────┼───────────────────────────────┤
│ tiers   │ 7        │ [ 0, 1, 2, ... 4 more items ] │
└─────────┴──────────┴───────────────────────────────┘
Draw ID: 28
Prize Token WETH MarketRate USD:  $3045.894

******************
Getting prize vaults ...
Found 6 prize vaults.

418 prizes already claimed for draw #28.
4965 prizes remaining to be claimed...




******************
Processing:
Vault:     0x33335296c9b020ca3252e4953c11decfdce816b8
Tier:      #4
# prizes:  47

5a. Calculating # of profitable claims ...

Native (Gas) Token ETH Market Rate (USD): $3039.83

Estimated gas limit (wei) (1 prize claim): 0.000000000000245935 ETH (245935 wei)
Estimated gas limit (wei) (2 prize claims): 0.000000000000347029 ETH (347029 wei)

Gas Cost: First Claim (wei): 0.000000000000245935 ETH (245935 wei)
Gas Cost: Each Following Claim (wei): 0.000000000000101094 ETH (101094 wei)

Gas Cost: First Claim (USD): $0.02 $0.01904211996793605
Gas Cost: Each Following Claim (USD): $0.02 $0.02277850428166949

5b. 1 Claim(s):

Total gas cost: 1 Claim(s) (USD): $0.02 ($0.01904211996793605)

Next Claim Reward: 1 Claim(s) (WEI): 0.000262226889774614 WETH (262226889774614 wei)
Next Claim Reward: 1 Claim(s) (USD): $0.8 ($0.7987153102031581)

Net profit = (Gross Profit - Gas Cost [Avg])
$0.78 = ($0.8 - $0.02) $0.7796731902352221 = ($0.7987153102031581 - $0.01904211996793605)


5b. 2 Claim(s):

Total gas cost: 2 Claim(s) (USD): $0.04 ($0.041820624249605545)

Claim Reward: 1 Claim(s) (WEI): 0.000262226889774614 WETH (262226889774614 wei)
Claim Reward: 1 Claim(s) (USD): $0.8 ($0.7987153102031581)

Next Claim Reward: 2 Claim(s) (WEI): 0.000524453779549228 WETH (524453779549228 wei)
Next Claim Reward: 2 Claim(s) (USD): $1.6 ($1.5974306204063162)

Net profit = (Gross Profit - Gas Cost [Avg])
$1.56 = ($1.6 - $0.04) $1.5556099961567107 = ($1.5974306204063162 - $0.041820624249605545)


5b. 3 Claim(s):

Total gas cost: 3 Claim(s) (USD): $0.06 ($0.06459912853127503)

Claim Reward: 2 Claim(s) (WEI): 0.000524453779549228 WETH (524453779549228 wei)
Claim Reward: 2 Claim(s) (USD): $1.6 ($1.5974306204063162)

Next Claim Reward: 3 Claim(s) (WEI): 0.000786680669323842 WETH (786680669323842 wei)
Next Claim Reward: 3 Claim(s) (USD): $2.4 ($2.396145930609474)

Net profit = (Gross Profit - Gas Cost [Avg])
$2.33 = ($2.4 - $0.06) $2.331546802078199 = ($2.396145930609474 - $0.06459912853127503)


5b. 4 Claim(s):

Total gas cost: 4 Claim(s) (USD): $0.09 ($0.08737763281294451)

Claim Reward: 3 Claim(s) (WEI): 0.000786680669323842 WETH (786680669323842 wei)
Claim Reward: 3 Claim(s) (USD): $2.4 ($2.396145930609474)

Next Claim Reward: 4 Claim(s) (WEI): 0.001048907559098456 WETH (1048907559098456 wei)
Next Claim Reward: 4 Claim(s) (USD): $3.19 ($3.1948612408126325)

Net profit = (Gross Profit - Gas Cost [Avg])
$3.11 = ($3.19 - $0.09) $3.107483607999688 = ($3.1948612408126325 - $0.08737763281294451)


5b. 5 Claim(s):

Total gas cost: 5 Claim(s) (USD): $0.11 ($0.11015613709461401)

Claim Reward: 4 Claim(s) (WEI): 0.001048907559098456 WETH (1048907559098456 wei)
Claim Reward: 4 Claim(s) (USD): $3.19 ($3.1948612408126325)

Next Claim Reward: 5 Claim(s) (WEI): 0.00131113444887307 WETH (1311134448873070 wei)
Next Claim Reward: 5 Claim(s) (USD): $3.99 ($3.9935765510157903)

Net profit = (Gross Profit - Gas Cost [Avg])
$3.88 = ($3.99 - $0.11) $3.8834204139211765 = ($3.9935765510157903 - $0.11015613709461401)


5b. 6 Claim(s):

Total gas cost: 6 Claim(s) (USD): $0.13 ($0.13293464137628352)

Claim Reward: 5 Claim(s) (WEI): 0.00131113444887307 WETH (1311134448873070 wei)
Claim Reward: 5 Claim(s) (USD): $3.99 ($3.9935765510157903)

Next Claim Reward: 6 Claim(s) (WEI): 0.001573361338647684 WETH (1573361338647684 wei)
Next Claim Reward: 6 Claim(s) (USD): $4.79 ($4.792291861218948)

Net profit = (Gross Profit - Gas Cost [Avg])
$4.66 = ($4.79 - $0.13) $4.659357219842665 = ($4.792291861218948 - $0.13293464137628352)


5b. 7 Claim(s):

Total gas cost: 7 Claim(s) (USD): $0.16 ($0.155713145657953)

Claim Reward: 6 Claim(s) (WEI): 0.001573361338647684 WETH (1573361338647684 wei)
Claim Reward: 6 Claim(s) (USD): $4.79 ($4.792291861218948)

Next Claim Reward: 7 Claim(s) (WEI): 0.001835588228422298 WETH (1835588228422298 wei)
Next Claim Reward: 7 Claim(s) (USD): $5.59 ($5.591007171422106)

Net profit = (Gross Profit - Gas Cost [Avg])
$5.44 = ($5.59 - $0.16) $5.435294025764153 = ($5.591007171422106 - $0.155713145657953)


5b. 8 Claim(s):

Total gas cost: 8 Claim(s) (USD): $0.18 ($0.1784916499396225)

Claim Reward: 7 Claim(s) (WEI): 0.001835588228422298 WETH (1835588228422298 wei)
Claim Reward: 7 Claim(s) (USD): $5.59 ($5.591007171422106)

Next Claim Reward: 8 Claim(s) (WEI): 0.002097815118196912 WETH (2097815118196912 wei)
Next Claim Reward: 8 Claim(s) (USD): $6.39 ($6.389722481625265)

Net profit = (Gross Profit - Gas Cost [Avg])
$6.21 = ($6.39 - $0.18) $6.211230831685643 = ($6.389722481625265 - $0.1784916499396225)


5b. 9 Claim(s):

Total gas cost: 9 Claim(s) (USD): $0.2 ($0.201270154221292)

Claim Reward: 8 Claim(s) (WEI): 0.002097815118196912 WETH (2097815118196912 wei)
Claim Reward: 8 Claim(s) (USD): $6.39 ($6.389722481625265)

Next Claim Reward: 9 Claim(s) (WEI): 0.002360042007971526 WETH (2360042007971526 wei)
Next Claim Reward: 9 Claim(s) (USD): $7.19 ($7.188437791828423)

Net profit = (Gross Profit - Gas Cost [Avg])
$6.99 = ($7.19 - $0.2) $6.987167637607131 = ($7.188437791828423 - $0.201270154221292)


5b. 10 Claim(s):

Total gas cost: 10 Claim(s) (USD): $0.22 ($0.2240486585029615)

Claim Reward: 9 Claim(s) (WEI): 0.002360042007971526 WETH (2360042007971526 wei)
Claim Reward: 9 Claim(s) (USD): $7.19 ($7.188437791828423)

Next Claim Reward: 10 Claim(s) (WEI): 0.00262226889774614 WETH (2622268897746140 wei)
Next Claim Reward: 10 Claim(s) (USD): $7.99 ($7.987153102031581)

Net profit = (Gross Profit - Gas Cost [Avg])
$7.76 = ($7.99 - $0.22) $7.763104443528619 = ($7.987153102031581 - $0.2240486585029615)


5b. 11 Claim(s):

Total gas cost: 11 Claim(s) (USD): $0.25 ($0.246827162784631)

Claim Reward: 10 Claim(s) (WEI): 0.00262226889774614 WETH (2622268897746140 wei)
Claim Reward: 10 Claim(s) (USD): $7.99 ($7.987153102031581)

Next Claim Reward: 11 Claim(s) (WEI): 0.002884495787520754 WETH (2884495787520754 wei)
Next Claim Reward: 11 Claim(s) (USD): $8.79 ($8.785868412234738)

Net profit = (Gross Profit - Gas Cost [Avg])
$8.54 = ($8.79 - $0.25) $8.539041249450106 = ($8.785868412234738 - $0.246827162784631)


5b. 12 Claim(s):

Total gas cost: 12 Claim(s) (USD): $0.27 ($0.26960566706630046)

Claim Reward: 11 Claim(s) (WEI): 0.002884495787520754 WETH (2884495787520754 wei)
Claim Reward: 11 Claim(s) (USD): $8.79 ($8.785868412234738)

Next Claim Reward: 12 Claim(s) (WEI): 0.003146722677295368 WETH (3146722677295368 wei)
Next Claim Reward: 12 Claim(s) (USD): $9.58 ($9.584583722437896)

Net profit = (Gross Profit - Gas Cost [Avg])
$9.31 = ($9.58 - $0.27) $9.314978055371595 = ($9.584583722437896 - $0.26960566706630046)


5b. 13 Claim(s):

Total gas cost: 13 Claim(s) (USD): $0.29 ($0.2923841713479699)

Claim Reward: 12 Claim(s) (WEI): 0.003146722677295368 WETH (3146722677295368 wei)
Claim Reward: 12 Claim(s) (USD): $9.58 ($9.584583722437896)

Next Claim Reward: 13 Claim(s) (WEI): 0.003408949567069982 WETH (3408949567069982 wei)
Next Claim Reward: 13 Claim(s) (USD): $10.38 ($10.383299032641055)

Net profit = (Gross Profit - Gas Cost [Avg])
$10.09 = ($10.38 - $0.29) $10.090914861293085 = ($10.383299032641055 - $0.2923841713479699)


5b. 14 Claim(s):

Total gas cost: 14 Claim(s) (USD): $0.32 ($0.3151626756296394)

Claim Reward: 13 Claim(s) (WEI): 0.003408949567069982 WETH (3408949567069982 wei)
Claim Reward: 13 Claim(s) (USD): $10.38 ($10.383299032641055)

Next Claim Reward: 14 Claim(s) (WEI): 0.003671176456844596 WETH (3671176456844596 wei)
Next Claim Reward: 14 Claim(s) (USD): $11.18 ($11.182014342844212)

Net profit = (Gross Profit - Gas Cost [Avg])
$10.87 = ($11.18 - $0.32) $10.866851667214572 = ($11.182014342844212 - $0.3151626756296394)


5b. 15 Claim(s):

Total gas cost: 15 Claim(s) (USD): $0.34 ($0.3379411799113089)

Claim Reward: 14 Claim(s) (WEI): 0.003671176456844596 WETH (3671176456844596 wei)
Claim Reward: 14 Claim(s) (USD): $11.18 ($11.182014342844212)

Next Claim Reward: 15 Claim(s) (WEI): 0.00393340334661921 WETH (3933403346619210 wei)
Next Claim Reward: 15 Claim(s) (USD): $11.98 ($11.980729653047371)

Net profit = (Gross Profit - Gas Cost [Avg])
$11.64 = ($11.98 - $0.34) $11.642788473136061 = ($11.980729653047371 - $0.3379411799113089)


5b. 16 Claim(s):

Total gas cost: 16 Claim(s) (USD): $0.36 ($0.3607196841929784)

Claim Reward: 15 Claim(s) (WEI): 0.00393340334661921 WETH (3933403346619210 wei)
Claim Reward: 15 Claim(s) (USD): $11.98 ($11.980729653047371)

Next Claim Reward: 16 Claim(s) (WEI): 0.004195630236393824 WETH (4195630236393824 wei)
Next Claim Reward: 16 Claim(s) (USD): $12.78 ($12.77944496325053)

Net profit = (Gross Profit - Gas Cost [Avg])
$12.42 = ($12.78 - $0.36) $12.41872527905755 = ($12.77944496325053 - $0.3607196841929784)


5b. 17 Claim(s):

Total gas cost: 17 Claim(s) (USD): $0.38 ($0.3834981884746479)

Claim Reward: 16 Claim(s) (WEI): 0.004195630236393824 WETH (4195630236393824 wei)
Claim Reward: 16 Claim(s) (USD): $12.78 ($12.77944496325053)

Next Claim Reward: 17 Claim(s) (WEI): 0.004457857126168438 WETH (4457857126168438 wei)
Next Claim Reward: 17 Claim(s) (USD): $13.58 ($13.578160273453687)

Net profit = (Gross Profit - Gas Cost [Avg])
$13.19 = ($13.58 - $0.38) $13.194662084979038 = ($13.578160273453687 - $0.3834981884746479)


5b. 18 Claim(s):

Total gas cost: 18 Claim(s) (USD): $0.41 ($0.4062766927563174)

Claim Reward: 17 Claim(s) (WEI): 0.004457857126168438 WETH (4457857126168438 wei)
Claim Reward: 17 Claim(s) (USD): $13.58 ($13.578160273453687)

Next Claim Reward: 18 Claim(s) (WEI): 0.004720084015943052 WETH (4720084015943052 wei)
Next Claim Reward: 18 Claim(s) (USD): $14.38 ($14.376875583656846)

Net profit = (Gross Profit - Gas Cost [Avg])
$13.97 = ($14.38 - $0.41) $13.970598890900527 = ($14.376875583656846 - $0.4062766927563174)


5b. 19 Claim(s):

Total gas cost: 19 Claim(s) (USD): $0.43 ($0.4290551970379869)

Claim Reward: 18 Claim(s) (WEI): 0.004720084015943052 WETH (4720084015943052 wei)
Claim Reward: 18 Claim(s) (USD): $14.38 ($14.376875583656846)

Next Claim Reward: 19 Claim(s) (WEI): 0.004982310905717666 WETH (4982310905717666 wei)
Next Claim Reward: 19 Claim(s) (USD): $15.18 ($15.175590893860003)

Net profit = (Gross Profit - Gas Cost [Avg])
$14.75 = ($15.18 - $0.43) $14.746535696822015 = ($15.175590893860003 - $0.4290551970379869)


5b. 20 Claim(s):

Total gas cost: 20 Claim(s) (USD): $0.45 ($0.4518337013196564)

Claim Reward: 19 Claim(s) (WEI): 0.004982310905717666 WETH (4982310905717666 wei)
Claim Reward: 19 Claim(s) (USD): $15.18 ($15.175590893860003)

Next Claim Reward: 20 Claim(s) (WEI): 0.00524453779549228 WETH (5244537795492280 wei)
Next Claim Reward: 20 Claim(s) (USD): $15.97 ($15.974306204063161)

Net profit = (Gross Profit - Gas Cost [Avg])
$15.52 = ($15.97 - $0.45) $15.522472502743504 = ($15.974306204063161 - $0.4518337013196564)


5b. 21 Claim(s):

Total gas cost: 21 Claim(s) (USD): $0.47 ($0.4746122056013259)

Claim Reward: 20 Claim(s) (WEI): 0.00524453779549228 WETH (5244537795492280 wei)
Claim Reward: 20 Claim(s) (USD): $15.97 ($15.974306204063161)

Next Claim Reward: 21 Claim(s) (WEI): 0.005506764685266894 WETH (5506764685266894 wei)
Next Claim Reward: 21 Claim(s) (USD): $16.77 ($16.773021514266322)

Net profit = (Gross Profit - Gas Cost [Avg])
$16.3 = ($16.77 - $0.47) $16.298409308664997 = ($16.773021514266322 - $0.4746122056013259)


5b. 22 Claim(s):

Total gas cost: 22 Claim(s) (USD): $0.5 ($0.49739070988299533)

Claim Reward: 21 Claim(s) (WEI): 0.005506764685266894 WETH (5506764685266894 wei)
Claim Reward: 21 Claim(s) (USD): $16.77 ($16.773021514266322)

Next Claim Reward: 22 Claim(s) (WEI): 0.005768991575041508 WETH (5768991575041508 wei)
Next Claim Reward: 22 Claim(s) (USD): $17.57 ($17.571736824469475)

Net profit = (Gross Profit - Gas Cost [Avg])
$17.07 = ($17.57 - $0.5) $17.07434611458648 = ($17.571736824469475 - $0.49739070988299533)


5b. 23 Claim(s):

Total gas cost: 23 Claim(s) (USD): $0.52 ($0.5201692141646649)

Claim Reward: 22 Claim(s) (WEI): 0.005768991575041508 WETH (5768991575041508 wei)
Claim Reward: 22 Claim(s) (USD): $17.57 ($17.571736824469475)

Next Claim Reward: 23 Claim(s) (WEI): 0.006031218464816122 WETH (6031218464816122 wei)
Next Claim Reward: 23 Claim(s) (USD): $18.37 ($18.370452134672636)

Net profit = (Gross Profit - Gas Cost [Avg])
$17.85 = ($18.37 - $0.52) $17.850282920507972 = ($18.370452134672636 - $0.5201692141646649)


5b. 24 Claim(s):

Total gas cost: 24 Claim(s) (USD): $0.54 ($0.5429477184463344)

Claim Reward: 23 Claim(s) (WEI): 0.006031218464816122 WETH (6031218464816122 wei)
Claim Reward: 23 Claim(s) (USD): $18.37 ($18.370452134672636)

Next Claim Reward: 24 Claim(s) (WEI): 0.006293445354590736 WETH (6293445354590736 wei)
Next Claim Reward: 24 Claim(s) (USD): $19.17 ($19.169167444875793)

Net profit = (Gross Profit - Gas Cost [Avg])
$18.63 = ($19.17 - $0.54) $18.626219726429458 = ($19.169167444875793 - $0.5429477184463344)


5b. 25 Claim(s):

Total gas cost: 25 Claim(s) (USD): $0.57 ($0.5657262227280038)

Claim Reward: 24 Claim(s) (WEI): 0.006293445354590736 WETH (6293445354590736 wei)
Claim Reward: 24 Claim(s) (USD): $19.17 ($19.169167444875793)

Next Claim Reward: 25 Claim(s) (WEI): 0.00655567224436535 WETH (6555672244365350 wei)
Next Claim Reward: 25 Claim(s) (USD): $19.97 ($19.967882755078953)

Net profit = (Gross Profit - Gas Cost [Avg])
$19.4 = ($19.97 - $0.57) $19.40215653235095 = ($19.967882755078953 - $0.5657262227280038)


5b. 26 Claim(s):

Total gas cost: 26 Claim(s) (USD): $0.59 ($0.5885047270096733)

Claim Reward: 25 Claim(s) (WEI): 0.00655567224436535 WETH (6555672244365350 wei)
Claim Reward: 25 Claim(s) (USD): $19.97 ($19.967882755078953)

Next Claim Reward: 26 Claim(s) (WEI): 0.006817899134139964 WETH (6817899134139964 wei)
Next Claim Reward: 26 Claim(s) (USD): $20.77 ($20.76659806528211)

Net profit = (Gross Profit - Gas Cost [Avg])
$20.18 = ($20.77 - $0.59) $20.178093338272436 = ($20.76659806528211 - $0.5885047270096733)


5b. 27 Claim(s):

Total gas cost: 27 Claim(s) (USD): $0.61 ($0.6112832312913428)

Claim Reward: 26 Claim(s) (WEI): 0.006817899134139964 WETH (6817899134139964 wei)
Claim Reward: 26 Claim(s) (USD): $20.77 ($20.76659806528211)

Next Claim Reward: 27 Claim(s) (WEI): 0.007080126023914578 WETH (7080126023914578 wei)
Next Claim Reward: 27 Claim(s) (USD): $21.57 ($21.565313375485267)

Net profit = (Gross Profit - Gas Cost [Avg])
$20.95 = ($21.57 - $0.61) $20.954030144193926 = ($21.565313375485267 - $0.6112832312913428)


5b. 28 Claim(s):

Total gas cost: 28 Claim(s) (USD): $0.63 ($0.6340617355730123)

Claim Reward: 27 Claim(s) (WEI): 0.007080126023914578 WETH (7080126023914578 wei)
Claim Reward: 27 Claim(s) (USD): $21.57 ($21.565313375485267)

Next Claim Reward: 28 Claim(s) (WEI): 0.007342352913689192 WETH (7342352913689192 wei)
Next Claim Reward: 28 Claim(s) (USD): $22.36 ($22.364028685688425)

Net profit = (Gross Profit - Gas Cost [Avg])
$21.73 = ($22.36 - $0.63) $21.72996695011541 = ($22.364028685688425 - $0.6340617355730123)


5b. 29 Claim(s):

Total gas cost: 29 Claim(s) (USD): $0.66 ($0.6568402398546818)

Claim Reward: 28 Claim(s) (WEI): 0.007342352913689192 WETH (7342352913689192 wei)
Claim Reward: 28 Claim(s) (USD): $22.36 ($22.364028685688425)

Next Claim Reward: 29 Claim(s) (WEI): 0.007604579803463806 WETH (7604579803463806 wei)
Next Claim Reward: 29 Claim(s) (USD): $23.16 ($23.162743995891585)

Net profit = (Gross Profit - Gas Cost [Avg])
$22.51 = ($23.16 - $0.66) $22.505903756036904 = ($23.162743995891585 - $0.6568402398546818)


5b. 30 Claim(s):

Total gas cost: 30 Claim(s) (USD): $0.68 ($0.6796187441363513)

Claim Reward: 29 Claim(s) (WEI): 0.007604579803463806 WETH (7604579803463806 wei)
Claim Reward: 29 Claim(s) (USD): $23.16 ($23.162743995891585)

Next Claim Reward: 30 Claim(s) (WEI): 0.00786680669323842 WETH (7866806693238420 wei)
Next Claim Reward: 30 Claim(s) (USD): $23.96 ($23.961459306094742)

Net profit = (Gross Profit - Gas Cost [Avg])
$23.28 = ($23.96 - $0.68) $23.28184056195839 = ($23.961459306094742 - $0.6796187441363513)

******************
5c. Profit/Loss (USD):

Net profit = (Gross Profit - Gas Cost [Max])
$22.48 = ($23.16 - $0.68) $22.483125251755233 = ($23.162743995891585 - $0.6796187441363513)

Submitting transaction to claim 29 prize(s):

0x33335296c9b020ca3252e4953c11decfdce816b8-0xEF3bd7916de1fdc06F73B1b2989e340fd935D61D-4-24
0x33335296c9b020ca3252e4953c11decfdce816b8-0x189098a489de9eb2FCdecA11888c9EF2e7653848-4-233
0x33335296c9b020ca3252e4953c11decfdce816b8-0x300E072620F09aC22B684f4774A92d5854C8Ef93-4-182
0x33335296c9b020ca3252e4953c11decfdce816b8-0xe617Da8B9e427BB97629757427999c2e634Ad262-4-176
0x33335296c9b020ca3252e4953c11decfdce816b8-0xD67C0DC373931cFfb6F239a93587aCE82Fd270ab-4-44
0x33335296c9b020ca3252e4953c11decfdce816b8-0x1B9dF116F4F0b2910235BCd766FF165a215283Ff-4-245
0x33335296c9b020ca3252e4953c11decfdce816b8-0x6D09dE42C33836d1cfAB702657bAa7abA481fd59-4-101
0x33335296c9b020ca3252e4953c11decfdce816b8-0x6524D6Be20CdfB30bFdc4ce9BfAa70e386728183-4-243
0x33335296c9b020ca3252e4953c11decfdce816b8-0x444FB53c29dFc483b44e27e9527F51EA2c8F3FED-4-133
0x33335296c9b020ca3252e4953c11decfdce816b8-0xf7Cc9f89A48230b6979d1a1dF187D004361353d4-4-40
0x33335296c9b020ca3252e4953c11decfdce816b8-0x26b5F0ac993E685a6e73683f71167d2Dba27579E-4-173
0x33335296c9b020ca3252e4953c11decfdce816b8-0x4798Bb7dc155e632D0EC504d0eF2046b4fB9a9d9-4-27
0x33335296c9b020ca3252e4953c11decfdce816b8-0x002703BA6c367C4Af2E62C08B7F14D3ACAA4d674-4-139
0x33335296c9b020ca3252e4953c11decfdce816b8-0x94d96AB6CC4B78864d57b725EbE0bb1d66cddC45-4-161
0x33335296c9b020ca3252e4953c11decfdce816b8-0x5e5EE74901E8C4b4179990454b483201407E201E-4-178
0x33335296c9b020ca3252e4953c11decfdce816b8-0xb1C3ed1455407D7296C0d587230eE6F34493EcdF-4-57
0x33335296c9b020ca3252e4953c11decfdce816b8-0xbdEC91aEae4949ED508e928f08a295BC0B6F7c18-4-156
0x33335296c9b020ca3252e4953c11decfdce816b8-0x322434977b3CcCAAD9F36Cc1146210d4B957058d-4-167
0x33335296c9b020ca3252e4953c11decfdce816b8-0xDe4755f3aC105490088a6f7988E41AEEc099FF93-4-165
0x33335296c9b020ca3252e4953c11decfdce816b8-0x6aff2B08D2D712Eb2d33e95D66944FF823d916EB-4-24
0x33335296c9b020ca3252e4953c11decfdce816b8-0x0a01b8C3bB89d8048b7415e49df6C6A852932C9f-4-147
0x33335296c9b020ca3252e4953c11decfdce816b8-0x7ff42BDdf70eBc73fA59d613Ea621E0C2C1db14B-4-39
0x33335296c9b020ca3252e4953c11decfdce816b8-0x165288137B55e94Fb8FB9053A2A1Be784aD1e297-4-37
0x33335296c9b020ca3252e4953c11decfdce816b8-0x83085C3c28421BA7E9da9A595f2B66231B0087ca-4-153
0x33335296c9b020ca3252e4953c11decfdce816b8-0xBb4AF502D0Bd7537851303a45989F24ecffc933B-4-147
0x33335296c9b020ca3252e4953c11decfdce816b8-0x359307BEeE4A260187d63a4934243Ea2Fb7546Fd-4-178
0x33335296c9b020ca3252e4953c11decfdce816b8-0xcE0dbACDa2BF0E8F938Bce0E9FB0Fa18BA7DDd59-4-10
0x33335296c9b020ca3252e4953c11decfdce816b8-0xB7278d11cbD88a9CbC96F2230a4b07622B08b28F-4-34
0x33335296c9b020ca3252e4953c11decfdce816b8-0xEA71783Fdbc0c502aa13620E092D5A26A9930CaB-4-32



Execute Claim Transaction for Tier #4



Transaction sent! ✔
Transaction hash: 0xfa35cd90d016974c3ea0675c3dfd58cabf400992118aaa9de615736a00b6f041
Waiting on transaction to be confirmed ...
Tx confirmed !




******************
Processing:
Vault:     0x7fad91a4a29109303188d8758f1a9d60ce988349
Tier:      #4
# prizes:  101

5a. Calculating # of profitable claims ...

Native (Gas) Token ETH Market Rate (USD): $3039.83

Estimated gas limit (wei) (1 prize claim): 0.000000000000228699 ETH (228699 wei)
Estimated gas limit (wei) (2 prize claims): 0.000000000000329793 ETH (329793 wei)

Gas Cost: First Claim (wei): 0.000000000000228699 ETH (228699 wei)
Gas Cost: Each Following Claim (wei): 0.000000000000101094 ETH (101094 wei)

Gas Cost: First Claim (USD): $0.02 $0.018990221431639295
Gas Cost: Each Following Claim (USD): $0.02 $0.022779129773484095

5b. 1 Claim(s):

Total gas cost: 1 Claim(s) (USD): $0.02 ($0.018990221431639295)

Next Claim Reward: 1 Claim(s) (WEI): 0.000262226889774614 WETH (262226889774614 wei)
Next Claim Reward: 1 Claim(s) (USD): $0.8 ($0.7987153102031581)

Net profit = (Gross Profit - Gas Cost [Avg])
$0.78 = ($0.8 - $0.02) $0.7797250887715188 = ($0.7987153102031581 - $0.018990221431639295)


5b. 2 Claim(s):

Total gas cost: 2 Claim(s) (USD): $0.04 ($0.04176935120512339)

Claim Reward: 1 Claim(s) (WEI): 0.000262226889774614 WETH (262226889774614 wei)
Claim Reward: 1 Claim(s) (USD): $0.8 ($0.7987153102031581)

Next Claim Reward: 2 Claim(s) (WEI): 0.000524453779549228 WETH (524453779549228 wei)
Next Claim Reward: 2 Claim(s) (USD): $1.6 ($1.5974306204063162)

Net profit = (Gross Profit - Gas Cost [Avg])
$1.56 = ($1.6 - $0.04) $1.5556612692011929 = ($1.5974306204063162 - $0.04176935120512339)


5b. 3 Claim(s):

Total gas cost: 3 Claim(s) (USD): $0.06 ($0.06454848097860749)

Claim Reward: 2 Claim(s) (WEI): 0.000524453779549228 WETH (524453779549228 wei)
Claim Reward: 2 Claim(s) (USD): $1.6 ($1.5974306204063162)

Next Claim Reward: 3 Claim(s) (WEI): 0.000786680669323842 WETH (786680669323842 wei)
Next Claim Reward: 3 Claim(s) (USD): $2.4 ($2.396145930609474)

Net profit = (Gross Profit - Gas Cost [Avg])
$2.33 = ($2.4 - $0.06) $2.3315974496308667 = ($2.396145930609474 - $0.06454848097860749)


5b. 4 Claim(s):

Total gas cost: 4 Claim(s) (USD): $0.09 ($0.08732761075209158)

Claim Reward: 3 Claim(s) (WEI): 0.000786680669323842 WETH (786680669323842 wei)
Claim Reward: 3 Claim(s) (USD): $2.4 ($2.396145930609474)

Next Claim Reward: 4 Claim(s) (WEI): 0.001048907559098456 WETH (1048907559098456 wei)
Next Claim Reward: 4 Claim(s) (USD): $3.19 ($3.1948612408126325)

Net profit = (Gross Profit - Gas Cost [Avg])
$3.11 = ($3.19 - $0.09) $3.1075336300605407 = ($3.1948612408126325 - $0.08732761075209158)


5b. 5 Claim(s):

Total gas cost: 5 Claim(s) (USD): $0.11 ($0.11010674052557567)

Claim Reward: 4 Claim(s) (WEI): 0.001048907559098456 WETH (1048907559098456 wei)
Claim Reward: 4 Claim(s) (USD): $3.19 ($3.1948612408126325)

Next Claim Reward: 5 Claim(s) (WEI): 0.00131113444887307 WETH (1311134448873070 wei)
Next Claim Reward: 5 Claim(s) (USD): $3.99 ($3.9935765510157903)

Net profit = (Gross Profit - Gas Cost [Avg])
$3.88 = ($3.99 - $0.11) $3.883469810490215 = ($3.9935765510157903 - $0.11010674052557567)


5b. 6 Claim(s):

Total gas cost: 6 Claim(s) (USD): $0.13 ($0.13288587029905977)

Claim Reward: 5 Claim(s) (WEI): 0.00131113444887307 WETH (1311134448873070 wei)
Claim Reward: 5 Claim(s) (USD): $3.99 ($3.9935765510157903)

Next Claim Reward: 6 Claim(s) (WEI): 0.001573361338647684 WETH (1573361338647684 wei)
Next Claim Reward: 6 Claim(s) (USD): $4.79 ($4.792291861218948)

Net profit = (Gross Profit - Gas Cost [Avg])
$4.66 = ($4.79 - $0.13) $4.659405990919889 = ($4.792291861218948 - $0.13288587029905977)


5b. 7 Claim(s):

Total gas cost: 7 Claim(s) (USD): $0.16 ($0.15566500007254386)

Claim Reward: 6 Claim(s) (WEI): 0.001573361338647684 WETH (1573361338647684 wei)
Claim Reward: 6 Claim(s) (USD): $4.79 ($4.792291861218948)

Next Claim Reward: 7 Claim(s) (WEI): 0.001835588228422298 WETH (1835588228422298 wei)
Next Claim Reward: 7 Claim(s) (USD): $5.59 ($5.591007171422106)

Net profit = (Gross Profit - Gas Cost [Avg])
$5.44 = ($5.59 - $0.16) $5.435342171349562 = ($5.591007171422106 - $0.15566500007254386)


5b. 8 Claim(s):

Total gas cost: 8 Claim(s) (USD): $0.18 ($0.17844412984602798)

Claim Reward: 7 Claim(s) (WEI): 0.001835588228422298 WETH (1835588228422298 wei)
Claim Reward: 7 Claim(s) (USD): $5.59 ($5.591007171422106)

Next Claim Reward: 8 Claim(s) (WEI): 0.002097815118196912 WETH (2097815118196912 wei)
Next Claim Reward: 8 Claim(s) (USD): $6.39 ($6.389722481625265)

Net profit = (Gross Profit - Gas Cost [Avg])
$6.21 = ($6.39 - $0.18) $6.211278351779237 = ($6.389722481625265 - $0.17844412984602798)


5b. 9 Claim(s):

Total gas cost: 9 Claim(s) (USD): $0.2 ($0.20122325961951204)

Claim Reward: 8 Claim(s) (WEI): 0.002097815118196912 WETH (2097815118196912 wei)
Claim Reward: 8 Claim(s) (USD): $6.39 ($6.389722481625265)

Next Claim Reward: 9 Claim(s) (WEI): 0.002360042007971526 WETH (2360042007971526 wei)
Next Claim Reward: 9 Claim(s) (USD): $7.19 ($7.188437791828423)

Net profit = (Gross Profit - Gas Cost [Avg])
$6.99 = ($7.19 - $0.2) $6.9872145322089105 = ($7.188437791828423 - $0.20122325961951204)


5b. 10 Claim(s):

Total gas cost: 10 Claim(s) (USD): $0.22 ($0.22400238939299616)

Claim Reward: 9 Claim(s) (WEI): 0.002360042007971526 WETH (2360042007971526 wei)
Claim Reward: 9 Claim(s) (USD): $7.19 ($7.188437791828423)

Next Claim Reward: 10 Claim(s) (WEI): 0.00262226889774614 WETH (2622268897746140 wei)
Next Claim Reward: 10 Claim(s) (USD): $7.99 ($7.987153102031581)

Net profit = (Gross Profit - Gas Cost [Avg])
$7.76 = ($7.99 - $0.22) $7.763150712638584 = ($7.987153102031581 - $0.22400238939299616)


5b. 11 Claim(s):

Total gas cost: 11 Claim(s) (USD): $0.25 ($0.24678151916648022)

Claim Reward: 10 Claim(s) (WEI): 0.00262226889774614 WETH (2622268897746140 wei)
Claim Reward: 10 Claim(s) (USD): $7.99 ($7.987153102031581)

Next Claim Reward: 11 Claim(s) (WEI): 0.002884495787520754 WETH (2884495787520754 wei)
Next Claim Reward: 11 Claim(s) (USD): $8.79 ($8.785868412234738)

Net profit = (Gross Profit - Gas Cost [Avg])
$8.54 = ($8.79 - $0.25) $8.539086893068257 = ($8.785868412234738 - $0.24678151916648022)


5b. 12 Claim(s):

Total gas cost: 12 Claim(s) (USD): $0.27 ($0.26956064893996434)

Claim Reward: 11 Claim(s) (WEI): 0.002884495787520754 WETH (2884495787520754 wei)
Claim Reward: 11 Claim(s) (USD): $8.79 ($8.785868412234738)

Next Claim Reward: 12 Claim(s) (WEI): 0.003146722677295368 WETH (3146722677295368 wei)
Next Claim Reward: 12 Claim(s) (USD): $9.58 ($9.584583722437896)

Net profit = (Gross Profit - Gas Cost [Avg])
$9.32 = ($9.58 - $0.27) $9.315023073497931 = ($9.584583722437896 - $0.26956064893996434)


5b. 13 Claim(s):

Total gas cost: 13 Claim(s) (USD): $0.29 ($0.29233977871344846)

Claim Reward: 12 Claim(s) (WEI): 0.003146722677295368 WETH (3146722677295368 wei)
Claim Reward: 12 Claim(s) (USD): $9.58 ($9.584583722437896)

Next Claim Reward: 13 Claim(s) (WEI): 0.003408949567069982 WETH (3408949567069982 wei)
Next Claim Reward: 13 Claim(s) (USD): $10.38 ($10.383299032641055)

Net profit = (Gross Profit - Gas Cost [Avg])
$10.09 = ($10.38 - $0.29) $10.090959253927608 = ($10.383299032641055 - $0.29233977871344846)


5b. 14 Claim(s):

Total gas cost: 14 Claim(s) (USD): $0.32 ($0.3151189084869325)

Claim Reward: 13 Claim(s) (WEI): 0.003408949567069982 WETH (3408949567069982 wei)
Claim Reward: 13 Claim(s) (USD): $10.38 ($10.383299032641055)

Next Claim Reward: 14 Claim(s) (WEI): 0.003671176456844596 WETH (3671176456844596 wei)
Next Claim Reward: 14 Claim(s) (USD): $11.18 ($11.182014342844212)

Net profit = (Gross Profit - Gas Cost [Avg])
$10.87 = ($11.18 - $0.32) $10.86689543435728 = ($11.182014342844212 - $0.3151189084869325)


5b. 15 Claim(s):

Total gas cost: 15 Claim(s) (USD): $0.34 ($0.33789803826041664)

Claim Reward: 14 Claim(s) (WEI): 0.003671176456844596 WETH (3671176456844596 wei)
Claim Reward: 14 Claim(s) (USD): $11.18 ($11.182014342844212)

Next Claim Reward: 15 Claim(s) (WEI): 0.00393340334661921 WETH (3933403346619210 wei)
Next Claim Reward: 15 Claim(s) (USD): $11.98 ($11.980729653047371)

Net profit = (Gross Profit - Gas Cost [Avg])
$11.64 = ($11.98 - $0.34) $11.642831614786955 = ($11.980729653047371 - $0.33789803826041664)


5b. 16 Claim(s):

Total gas cost: 16 Claim(s) (USD): $0.36 ($0.3606771680339007)

Claim Reward: 15 Claim(s) (WEI): 0.00393340334661921 WETH (3933403346619210 wei)
Claim Reward: 15 Claim(s) (USD): $11.98 ($11.980729653047371)

Next Claim Reward: 16 Claim(s) (WEI): 0.004195630236393824 WETH (4195630236393824 wei)
Next Claim Reward: 16 Claim(s) (USD): $12.78 ($12.77944496325053)

Net profit = (Gross Profit - Gas Cost [Avg])
$12.42 = ($12.78 - $0.36) $12.41876779521663 = ($12.77944496325053 - $0.3606771680339007)


5b. 17 Claim(s):

Total gas cost: 17 Claim(s) (USD): $0.38 ($0.3834562978073848)

Claim Reward: 16 Claim(s) (WEI): 0.004195630236393824 WETH (4195630236393824 wei)
Claim Reward: 16 Claim(s) (USD): $12.78 ($12.77944496325053)

Next Claim Reward: 17 Claim(s) (WEI): 0.004457857126168438 WETH (4457857126168438 wei)
Next Claim Reward: 17 Claim(s) (USD): $13.58 ($13.578160273453687)

Net profit = (Gross Profit - Gas Cost [Avg])
$13.19 = ($13.58 - $0.38) $13.194703975646302 = ($13.578160273453687 - $0.3834562978073848)


5b. 18 Claim(s):

Total gas cost: 18 Claim(s) (USD): $0.41 ($0.40623542758086895)

Claim Reward: 17 Claim(s) (WEI): 0.004457857126168438 WETH (4457857126168438 wei)
Claim Reward: 17 Claim(s) (USD): $13.58 ($13.578160273453687)

Next Claim Reward: 18 Claim(s) (WEI): 0.004720084015943052 WETH (4720084015943052 wei)
Next Claim Reward: 18 Claim(s) (USD): $14.38 ($14.376875583656846)

Net profit = (Gross Profit - Gas Cost [Avg])
$13.97 = ($14.38 - $0.41) $13.970640156075977 = ($14.376875583656846 - $0.40623542758086895)


5b. 19 Claim(s):

Total gas cost: 19 Claim(s) (USD): $0.43 ($0.429014557354353)

Claim Reward: 18 Claim(s) (WEI): 0.004720084015943052 WETH (4720084015943052 wei)
Claim Reward: 18 Claim(s) (USD): $14.38 ($14.376875583656846)

Next Claim Reward: 19 Claim(s) (WEI): 0.004982310905717666 WETH (4982310905717666 wei)
Next Claim Reward: 19 Claim(s) (USD): $15.18 ($15.175590893860003)

Net profit = (Gross Profit - Gas Cost [Avg])
$14.75 = ($15.18 - $0.43) $14.74657633650565 = ($15.175590893860003 - $0.429014557354353)


5b. 20 Claim(s):

Total gas cost: 20 Claim(s) (USD): $0.45 ($0.45179368712783713)

Claim Reward: 19 Claim(s) (WEI): 0.004982310905717666 WETH (4982310905717666 wei)
Claim Reward: 19 Claim(s) (USD): $15.18 ($15.175590893860003)

Next Claim Reward: 20 Claim(s) (WEI): 0.00524453779549228 WETH (5244537795492280 wei)
Next Claim Reward: 20 Claim(s) (USD): $15.97 ($15.974306204063161)

Net profit = (Gross Profit - Gas Cost [Avg])
$15.52 = ($15.97 - $0.45) $15.522512516935324 = ($15.974306204063161 - $0.45179368712783713)


5b. 21 Claim(s):

Total gas cost: 21 Claim(s) (USD): $0.47 ($0.4745728169013212)

Claim Reward: 20 Claim(s) (WEI): 0.00524453779549228 WETH (5244537795492280 wei)
Claim Reward: 20 Claim(s) (USD): $15.97 ($15.974306204063161)

Next Claim Reward: 21 Claim(s) (WEI): 0.005506764685266894 WETH (5506764685266894 wei)
Next Claim Reward: 21 Claim(s) (USD): $16.77 ($16.773021514266322)

Net profit = (Gross Profit - Gas Cost [Avg])
$16.3 = ($16.77 - $0.47) $16.298448697365 = ($16.773021514266322 - $0.4745728169013212)


5b. 22 Claim(s):

Total gas cost: 22 Claim(s) (USD): $0.5 ($0.4973519466748053)

Claim Reward: 21 Claim(s) (WEI): 0.005506764685266894 WETH (5506764685266894 wei)
Claim Reward: 21 Claim(s) (USD): $16.77 ($16.773021514266322)

Next Claim Reward: 22 Claim(s) (WEI): 0.005768991575041508 WETH (5768991575041508 wei)
Next Claim Reward: 22 Claim(s) (USD): $17.57 ($17.571736824469475)

Net profit = (Gross Profit - Gas Cost [Avg])
$17.07 = ($17.57 - $0.5) $17.07438487779467 = ($17.571736824469475 - $0.4973519466748053)


5b. 23 Claim(s):

Total gas cost: 23 Claim(s) (USD): $0.52 ($0.5201310764482894)

Claim Reward: 22 Claim(s) (WEI): 0.005768991575041508 WETH (5768991575041508 wei)
Claim Reward: 22 Claim(s) (USD): $17.57 ($17.571736824469475)

Next Claim Reward: 23 Claim(s) (WEI): 0.006031218464816122 WETH (6031218464816122 wei)
Next Claim Reward: 23 Claim(s) (USD): $18.37 ($18.370452134672636)

Net profit = (Gross Profit - Gas Cost [Avg])
$17.85 = ($18.37 - $0.52) $17.850321058224345 = ($18.370452134672636 - $0.5201310764482894)


5b. 24 Claim(s):

Total gas cost: 24 Claim(s) (USD): $0.54 ($0.5429102062217734)

Claim Reward: 23 Claim(s) (WEI): 0.006031218464816122 WETH (6031218464816122 wei)
Claim Reward: 23 Claim(s) (USD): $18.37 ($18.370452134672636)

Next Claim Reward: 24 Claim(s) (WEI): 0.006293445354590736 WETH (6293445354590736 wei)
Next Claim Reward: 24 Claim(s) (USD): $19.17 ($19.169167444875793)

Net profit = (Gross Profit - Gas Cost [Avg])
$18.63 = ($19.17 - $0.54) $18.62625723865402 = ($19.169167444875793 - $0.5429102062217734)


5b. 25 Claim(s):

Total gas cost: 25 Claim(s) (USD): $0.57 ($0.5656893359952576)

Claim Reward: 24 Claim(s) (WEI): 0.006293445354590736 WETH (6293445354590736 wei)
Claim Reward: 24 Claim(s) (USD): $19.17 ($19.169167444875793)

Next Claim Reward: 25 Claim(s) (WEI): 0.00655567224436535 WETH (6555672244365350 wei)
Next Claim Reward: 25 Claim(s) (USD): $19.97 ($19.967882755078953)

Net profit = (Gross Profit - Gas Cost [Avg])
$19.4 = ($19.97 - $0.57) $19.402193419083694 = ($19.967882755078953 - $0.5656893359952576)


5b. 26 Claim(s):

Total gas cost: 26 Claim(s) (USD): $0.59 ($0.5884684657687417)

Claim Reward: 25 Claim(s) (WEI): 0.00655567224436535 WETH (6555672244365350 wei)
Claim Reward: 25 Claim(s) (USD): $19.97 ($19.967882755078953)

Next Claim Reward: 26 Claim(s) (WEI): 0.006817899134139964 WETH (6817899134139964 wei)
Next Claim Reward: 26 Claim(s) (USD): $20.77 ($20.76659806528211)

Net profit = (Gross Profit - Gas Cost [Avg])
$20.18 = ($20.77 - $0.59) $20.17812959951337 = ($20.76659806528211 - $0.5884684657687417)


5b. 27 Claim(s):

Total gas cost: 27 Claim(s) (USD): $0.61 ($0.6112475955422257)

Claim Reward: 26 Claim(s) (WEI): 0.006817899134139964 WETH (6817899134139964 wei)
Claim Reward: 26 Claim(s) (USD): $20.77 ($20.76659806528211)

Next Claim Reward: 27 Claim(s) (WEI): 0.007080126023914578 WETH (7080126023914578 wei)
Next Claim Reward: 27 Claim(s) (USD): $21.57 ($21.565313375485267)

Net profit = (Gross Profit - Gas Cost [Avg])
$20.95 = ($21.57 - $0.61) $20.954065779943043 = ($21.565313375485267 - $0.6112475955422257)


5b. 28 Claim(s):

Total gas cost: 28 Claim(s) (USD): $0.63 ($0.6340267253157099)

Claim Reward: 27 Claim(s) (WEI): 0.007080126023914578 WETH (7080126023914578 wei)
Claim Reward: 27 Claim(s) (USD): $21.57 ($21.565313375485267)

Next Claim Reward: 28 Claim(s) (WEI): 0.007342352913689192 WETH (7342352913689192 wei)
Next Claim Reward: 28 Claim(s) (USD): $22.36 ($22.364028685688425)

Net profit = (Gross Profit - Gas Cost [Avg])
$21.73 = ($22.36 - $0.63) $21.730001960372714 = ($22.364028685688425 - $0.6340267253157099)


5b. 29 Claim(s):

Total gas cost: 29 Claim(s) (USD): $0.66 ($0.656805855089194)

Claim Reward: 28 Claim(s) (WEI): 0.007342352913689192 WETH (7342352913689192 wei)
Claim Reward: 28 Claim(s) (USD): $22.36 ($22.364028685688425)

Next Claim Reward: 29 Claim(s) (WEI): 0.007604579803463806 WETH (7604579803463806 wei)
Next Claim Reward: 29 Claim(s) (USD): $23.16 ($23.162743995891585)

Net profit = (Gross Profit - Gas Cost [Avg])
$22.51 = ($23.16 - $0.66) $22.505938140802392 = ($23.162743995891585 - $0.656805855089194)


5b. 30 Claim(s):

Total gas cost: 30 Claim(s) (USD): $0.68 ($0.679584984862678)

Claim Reward: 29 Claim(s) (WEI): 0.007604579803463806 WETH (7604579803463806 wei)
Claim Reward: 29 Claim(s) (USD): $23.16 ($23.162743995891585)

Next Claim Reward: 30 Claim(s) (WEI): 0.00786680669323842 WETH (7866806693238420 wei)
Next Claim Reward: 30 Claim(s) (USD): $23.96 ($23.961459306094742)

Net profit = (Gross Profit - Gas Cost [Avg])
$23.28 = ($23.96 - $0.68) $23.281874321232063 = ($23.961459306094742 - $0.679584984862678)

******************
5c. Profit/Loss (USD):

Net profit = (Gross Profit - Gas Cost [Max])
$22.48 = ($23.16 - $0.68) $22.483159011028906 = ($23.162743995891585 - $0.679584984862678)

Submitting transaction to claim 29 prize(s):

0x7fad91a4a29109303188d8758f1a9d60ce988349-0x09B6898194266d82c9dE99807942c1Ae0FdfBfc5-4-113
0x7fad91a4a29109303188d8758f1a9d60ce988349-0xe35Bec55Bbcbe62Ed97150DC3fc2835382D84a88-4-198
0x7fad91a4a29109303188d8758f1a9d60ce988349-0x0BDA5a23009459cADfCd53325Aa78BFAb8C1ff71-4-56
0x7fad91a4a29109303188d8758f1a9d60ce988349-0x3CA12cbB996EDF41cD49f58c6E24710e2732e083-4-204
0x7fad91a4a29109303188d8758f1a9d60ce988349-0x33Ee18986906BfbA79F19C03256b30cF9312c11F-4-240
0x7fad91a4a29109303188d8758f1a9d60ce988349-0x8A42577B45F8C17f107815fcDd595feFbbc5FF3b-4-245
0x7fad91a4a29109303188d8758f1a9d60ce988349-0xcb624415827cfd3EB656D9C2454436042a8c5Dc4-4-244
0x7fad91a4a29109303188d8758f1a9d60ce988349-0x887Acf6bC57BF63Fe3429d2Ca750E4D22f3082c5-4-49
0x7fad91a4a29109303188d8758f1a9d60ce988349-0xf6e48B80e2Dbc480a52F4D71ef63d76543C9FB15-4-42
0x7fad91a4a29109303188d8758f1a9d60ce988349-0xf6e48B80e2Dbc480a52F4D71ef63d76543C9FB15-4-49
0x7fad91a4a29109303188d8758f1a9d60ce988349-0xf6e48B80e2Dbc480a52F4D71ef63d76543C9FB15-4-229
0x7fad91a4a29109303188d8758f1a9d60ce988349-0x46B8bbdB55bEe6B37d9922D6640481099233021A-4-73
0x7fad91a4a29109303188d8758f1a9d60ce988349-0xe5073dd073e6b2301B611a7ebb5fA55cF3209bB0-4-72
0x7fad91a4a29109303188d8758f1a9d60ce988349-0xdab1AF3D5875a4c8f22cC546AF64CB41A5Bd5f86-4-9
0x7fad91a4a29109303188d8758f1a9d60ce988349-0x67dD4D9af77287a796d847b8bc4ce7ba50618769-4-51
0x7fad91a4a29109303188d8758f1a9d60ce988349-0x4b447ccaa52B582Ca46217eE1726D8C2cd083105-4-218
0x7fad91a4a29109303188d8758f1a9d60ce988349-0xFe7B013c9EB65BEf0779270ACeBAa08FF792E337-4-135
0x7fad91a4a29109303188d8758f1a9d60ce988349-0x6a35D5bCc2954eE27cD2D022224D1C10D6fB2576-4-250
0x7fad91a4a29109303188d8758f1a9d60ce988349-0x7Ddc90284F7E16F4134e882bA1631ffb5dB7429f-4-94
0x7fad91a4a29109303188d8758f1a9d60ce988349-0xd987C7A636A1400BAd33160838D9481D7F4916c8-4-13
0x7fad91a4a29109303188d8758f1a9d60ce988349-0x1A88d28e56d7b2c96F922e0c32Aa2360Fd5644bE-4-86
0x7fad91a4a29109303188d8758f1a9d60ce988349-0xAc1508915cbbEa069a02aC131925b7B781950876-4-228
0x7fad91a4a29109303188d8758f1a9d60ce988349-0x30B5e3517793d5b5C6d081212f7aE5468D0b7b74-4-210
0x7fad91a4a29109303188d8758f1a9d60ce988349-0x386CaB8B69f7931d114E59B013a4aA34B487c252-4-71
0x7fad91a4a29109303188d8758f1a9d60ce988349-0x1Aea841CCF7A7baa5B2908Cdc6C6870109462C1a-4-76
0x7fad91a4a29109303188d8758f1a9d60ce988349-0xCa7359b83374d997930BA3ca8A24741a2190e432-4-126
0x7fad91a4a29109303188d8758f1a9d60ce988349-0x4EF232e04bD127CFF0236622756DaA2c0baEd175-4-23
0x7fad91a4a29109303188d8758f1a9d60ce988349-0x231Cd4dCaceB073851CE02Bd782E2A94cD650ed3-4-1
0x7fad91a4a29109303188d8758f1a9d60ce988349-0x741867FAe6220F6786eD3cef3a6427f1426A171d-4-225



Execute Claim Transaction for Tier #4



Transaction sent! ✔
Transaction hash: 0xed305e5a63c4d7894683e0211b0c9efb4d58bcfbc5023fc36e420637bbe82e48
Waiting on transaction to be confirmed ...
Tx confirmed !




******************
Processing:
Vault:     0x33335296c9b020ca3252e4953c11decfdce816b8
Tier:      #5 (Canary tier)
# prizes:  323

5a. Calculating # of profitable claims ...

Native (Gas) Token ETH Market Rate (USD): $3039.83

Estimated gas limit (wei) (1 prize claim): 0.000000000000190323 ETH (190323 wei)
Estimated gas limit (wei) (2 prize claims): 0.000000000000278782 ETH (278782 wei)

Gas Cost: First Claim (wei): 0.000000000000190323 ETH (190323 wei)
Gas Cost: Each Following Claim (wei): 0.000000000000088459 ETH (88459 wei)

Gas Cost: First Claim (USD): $0.02 $0.018873535980010292
Gas Cost: Each Following Claim (USD): $0.02 $0.022803365632851774

5b. 1 Claim(s):

Total gas cost: 1 Claim(s) (USD): $0.02 ($0.018873535980010292)

Next Claim Reward: 1 Claim(s) (WEI): 0.000013369488028144 WETH (13369488028144 wei)
Next Claim Reward: 1 Claim(s) (USD): $0.04 ($0.04072204336799563)

Net profit = (Gross Profit - Gas Cost [Avg])
$0.02 = ($0.04 - $0.02) $0.02184850738798534 = ($0.04072204336799563 - $0.018873535980010292)

******************
5c. Profit/Loss (USD):

Net profit = (Gross Profit - Gas Cost [Max])
$-0.02 = ($0 - $0.02) $-0.018873535980010292 = ($0 - $0.018873535980010292)

Claiming tier #5 (Canary tier) currently not profitable.
Not profitable to claim for Draw #28, Tier: #5 (Canary tier)




******************
Processing:
Vault:     0x75b2f4b3ec5adf7077f928992524cc547e74f768
Tier:      #5 (Canary tier)
# prizes:  13

Tier #5 (Canary tier) not profitable, skipping ...





******************
Processing:
Vault:     0x7fad91a4a29109303188d8758f1a9d60ce988349
Tier:      #5 (Canary tier)
# prizes:  533

Tier #5 (Canary tier) not profitable, skipping ...





******************
Processing:
Vault:     0x33335296c9b020ca3252e4953c11decfdce816b8
Tier:      #6 (Canary tier)
# prizes:  1511

Tier #6 (Canary tier) not profitable, skipping ...





******************
Processing:
Vault:     0x75b2f4b3ec5adf7077f928992524cc547e74f768
Tier:      #6 (Canary tier)
# prizes:  191

Tier #6 (Canary tier) not profitable, skipping ...





******************
Processing:
Vault:     0x7fad91a4a29109303188d8758f1a9d60ce988349
Tier:      #6 (Canary tier)
# prizes:  2243

Tier #6 (Canary tier) not profitable, skipping ...





******************
Processing:
Vault:     0xdea4278d8b01b71523bfd6a8fc36fea67f349e47
Tier:      #6 (Canary tier)
# prizes:  1

Tier #6 (Canary tier) not profitable, skipping ...





******************
Processing:
Vault:     0xe590741416acbdba094f7d70beaef6060cc6d21e
Tier:      #6 (Canary tier)
# prizes:  2

Tier #6 (Canary tier) not profitable, skipping ...

