Operating on: 11155420 - Optimism Sepolia
Config - MIN_PROFIT_THRESHOLD_USD: -0.1

Starting ...
Getting prize pool info ...
Getting prize context ...

******************
1. Prize token: WETH

┌────────────┬──────────────────────────────────────────────┬──────────┬─────────────────┬────────┬──────────────┐
│ (index)    │ address                                      │ decimals │ name            │ symbol │ assetRateUsd │
├────────────┼──────────────────────────────────────────────┼──────────┼─────────────────┼────────┼──────────────┤
│ prizeToken │ '0x28Dae98474c0EeDF4Ee74Da5300Dd89dE5466E62' │ 18       │ 'Wrapped Ether' │ 'WETH' │ 3536.5347    │
└────────────┴──────────────────────────────────────────────┴──────────┴─────────────────┴────────┴──────────────┘
┌─────────┬──────────┬──────────────────────────────┐
│ (index) │ numTiers │ tiersRangeArray              │
├─────────┼──────────┼──────────────────────────────┤
│ tiers   │ 4        │ [ 0, 1, 2, ... 1 more item ] │
└─────────┴──────────┴──────────────────────────────┘
Draw ID: 18
Prize Token WETH MarketRate USD:  $3536.5347

******************
Getting prize vaults ...
Found 6 prize vaults.

12 prizes already claimed for draw #18.
77 prizes remaining to be claimed...




******************
Processing:
Vault:     0x887db83c6b90b8c6d3a0729e1299c6153220649e
Tier:      #1
# prizes:  3

5a. Calculating # of profitable claims ...

Native (Gas) Token ETH Market Rate (USD): $3503.33

Estimated gas limit (wei) (1 prize claim): 0.000000000000259037 ETH (259037 wei)
Estimated gas limit (wei) (2 prize claims): 0.000000000000373109 ETH (373109 wei)

Gas Cost: First Claim (wei): 0.000000000000259037 ETH (259037 wei)
Gas Cost: Each Following Claim (wei): 0.000000000000114072 ETH (114072 wei)

Gas Cost: First Claim (USD): $1.12 $1.1166537755805557
Gas Cost: Each Following Claim (USD): $1.37 $1.3700129215641295

5b. 1 Claim(s):

Total gas cost: 1 Claim(s) (USD): $1.12 ($1.1166537755805557)

Next Claim Reward: 1 Claim(s) (WEI): 0.000207097490936015 WETH (207097490936015 wei)
Next Claim Reward: 1 Claim(s) (USD): $0.73 ($0.7324074629781526)

Net profit = (Gross Profit - Gas Cost [Avg])
$-0.38 = ($0.73 - $1.12) $-0.38424631260240305 = ($0.7324074629781526 - $1.1166537755805557)

******************
5c. Profit/Loss (USD):

Net profit = (Gross Profit - Gas Cost [Max])
$-1.12 = ($0 - $1.12) $-1.1166537755805557 = ($0 - $1.1166537755805557)

Claiming tier #1 currently not profitable.
Not profitable to claim for Draw #18, Tier: #1
Not profitable to claim any more tiers yet for Draw #18
