Operating on: 11155420 - Optimism Sepolia
Config - MIN_PROFIT_THRESHOLD_USD: -0.1

Starting ...
Getting prize pool info ...
Getting prize context ...

******************
1. Prize token: WETH

┌────────────┬──────────────────────────────────────────────┬──────────┬─────────────────┬────────┬──────────────┐
│ (index)    │ address                                      │ decimals │ name            │ symbol │ assetRateUsd │
├────────────┼──────────────────────────────────────────────┼──────────┼─────────────────┼────────┼──────────────┤
│ prizeToken │ '0x28Dae98474c0EeDF4Ee74Da5300Dd89dE5466E62' │ 18       │ 'Wrapped Ether' │ 'WETH' │ 3540.4426    │
└────────────┴──────────────────────────────────────────────┴──────────┴─────────────────┴────────┴──────────────┘
┌─────────┬──────────┬──────────────────────────────┐
│ (index) │ numTiers │ tiersRangeArray              │
├─────────┼──────────┼──────────────────────────────┤
│ tiers   │ 4        │ [ 0, 1, 2, ... 1 more item ] │
└─────────┴──────────┴──────────────────────────────┘
Draw ID: 17
Prize Token WETH MarketRate USD:  $3540.4426

******************
Getting prize vaults ...
Found 6 prize vaults.

14 prizes already claimed for draw #17.
77 prizes remaining to be claimed...




******************
Processing:
Vault:     0x887db83c6b90b8c6d3a0729e1299c6153220649e
Tier:      #1
# prizes:  1

5a. Calculating # of profitable claims ...

Native (Gas) Token ETH Market Rate (USD): $3522.62

Estimated gas limit (wei) (1 prize claim): 0.000000000000228278 ETH (228278 wei)

Gas Cost: First Claim (wei): 0.000000000000228278 ETH (228278 wei)

Gas Cost: First Claim (USD): $1.17 $1.167096921660133

5b. 1 Claim(s):

Total gas cost: 1 Claim(s) (USD): $1.17 ($1.167096921660133)

Next Claim Reward: 1 Claim(s) (WEI): 0.000560938883623324 WETH (560938883623324 wei)
Next Claim Reward: 1 Claim(s) (USD): $1.99 ($1.9859719195764587)

Net profit = (Gross Profit - Gas Cost [Avg])
$0.82 = ($1.99 - $1.17) $0.8188749979163257 = ($1.9859719195764587 - $1.167096921660133)


******************
5c. Profit/Loss (USD):

Net profit = (Gross Profit - Gas Cost [Max])
$0.82 = ($1.99 - $1.17) $0.8188749979163257 = ($1.9859719195764587 - $1.167096921660133)

Claiming tier #1 currently not profitable.

Execute Claim Transaction for Tier #1



Transaction sent! ✔
Transaction hash: 0xbf0bcc418b9958e969a2f60435dca3c2dda807d24e64028626cddc1b7ba8ef34
Waiting on transaction to be confirmed ...
Tx confirmed !




******************
Processing:
Vault:     0xc1f6251c8b8ca9ea535dd297cb9cbfe49efa6bb0
Tier:      #2 (Canary tier)
# prizes:  1

5a. Calculating # of profitable claims ...

Native (Gas) Token ETH Market Rate (USD): $3522.62

Estimated gas limit (wei) (1 prize claim): 0.00000000000015603 ETH (156030 wei)

Gas Cost: First Claim (wei): 0.00000000000015603 ETH (156030 wei)

Gas Cost: First Claim (USD): $1.17 $1.1668423552758063

5b. 1 Claim(s):

Total gas cost: 1 Claim(s) (USD): $1.17 ($1.1668423552758063)

Next Claim Reward: 1 Claim(s) (WEI): 0.000153909321706567 WETH (153909321706567 wei)
Next Claim Reward: 1 Claim(s) (USD): $0.54 ($0.5449071191070345)

Net profit = (Gross Profit - Gas Cost [Avg])
$-0.62 = ($0.54 - $1.17) $-0.6219352361687718 = ($0.5449071191070345 - $1.1668423552758063)

******************
5c. Profit/Loss (USD):

Net profit = (Gross Profit - Gas Cost [Max])
$-1.17 = ($0 - $1.17) $-1.1668423552758063 = ($0 - $1.1668423552758063)

Claiming tier #2 (Canary tier) currently not profitable.
Not profitable to claim for Draw #17, Tier: #2 (Canary tier)




******************
Processing:
Vault:     0x887db83c6b90b8c6d3a0729e1299c6153220649e
Tier:      #3 (Canary tier)
# prizes:  34

Tier #3 (Canary tier) not profitable, skipping ...





******************
Processing:
Vault:     0xc1f6251c8b8ca9ea535dd297cb9cbfe49efa6bb0
Tier:      #3 (Canary tier)
# prizes:  10

Tier #3 (Canary tier) not profitable, skipping ...





******************
Processing:
Vault:     0xe0462dc45922ca4d8d50748504b1d383349a25df
Tier:      #3 (Canary tier)
# prizes:  31

Tier #3 (Canary tier) not profitable, skipping ...

