Operating on: 11155420 - Optimism Sepolia

Config - REWARD_RECIPIENT not provided, setting swap recipient to relayer address: 0x06003274c3a7926c04cA8d6903cc691fE8f3CEC2
Config - MIN_PROFIT_THRESHOLD_USD: -0.1

Starting ...
Getting prize pool info ...
Getting prize context ...

******************
1. Prize token: WETH

┌────────────┬──────────────────────────────────────────────┬──────────┬─────────────────┬────────┬──────────────┐
│ (index)    │ address                                      │ decimals │ name            │ symbol │ assetRateUsd │
├────────────┼──────────────────────────────────────────────┼──────────┼─────────────────┼────────┼──────────────┤
│ prizeToken │ '0xC355F97a3Aa2808Acb536E555764b8FB26fB4b37' │ 18       │ 'Wrapped Ether' │ 'WETH' │ 3234.7654    │
└────────────┴──────────────────────────────────────────────┴──────────┴─────────────────┴────────┴──────────────┘
┌─────────┬──────────┬───────────────────────────────┐
│ (index) │ numTiers │ tiersRangeArray               │
├─────────┼──────────┼───────────────────────────────┤
│ tiers   │ 6        │ [ 0, 1, 2, ... 3 more items ] │
└─────────┴──────────┴───────────────────────────────┘
Draw ID: 5
Prize Token WETH MarketRate USD:  $3234.7654

******************
Getting prize vaults ...
Found 6 prize vaults.

198 prizes already claimed for draw #5.
1128 prizes remaining to be claimed...




******************
Processing:
Vault:     0x33335296c9b020ca3252e4953c11decfdce816b8
Tier:      #4 (Canary tier)
# prizes:  99

5a. Calculating # of profitable claims ...

Native (Gas) Token ETH Market Rate (USD): $3224.73

Estimated gas limit (wei) (1 prize claim): 0.000000000000168402 ETH (168402 wei)
Estimated gas limit (wei) (2 prize claims): 0.000000000000241285 ETH (241285 wei)

Gas Cost: First Claim (wei): 0.000000000000168402 ETH (168402 wei)
Gas Cost: Each Following Claim (wei): 0.000000000000072883 ETH (72883 wei)

Gas Cost: First Claim (USD): $0.02 $0.01587028586324507
Gas Cost: Each Following Claim (USD): $0.02 $0.019061522707026067

5b. 1 Claim(s):

Total gas cost: 1 Claim(s) (USD): $0.02 ($0.01587028586324507)

Next Claim Reward: 1 Claim(s) (WEI): 0.000020778170984667 WETH (20778170984667 wei)
Next Claim Reward: 1 Claim(s) (USD): $0.07 ($0.06721250857648475)

Net profit = (Gross Profit - Gas Cost [Avg])
$0.05 = ($0.07 - $0.02) $0.05134222271323968 = ($0.06721250857648475 - $0.01587028586324507)


5b. 2 Claim(s):

Total gas cost: 2 Claim(s) (USD): $0.03 ($0.03493180857027114)

Claim Reward: 1 Claim(s) (WEI): 0.000020778170984667 WETH (20778170984667 wei)
Claim Reward: 1 Claim(s) (USD): $0.07 ($0.06721250857648475)

Next Claim Reward: 2 Claim(s) (WEI): 0.000041556341969334 WETH (41556341969334 wei)
Next Claim Reward: 2 Claim(s) (USD): $0.13 ($0.1344250171529695)

Net profit = (Gross Profit - Gas Cost [Avg])
$0.1 = ($0.13 - $0.03) $0.09949320858269836 = ($0.1344250171529695 - $0.03493180857027114)


5b. 3 Claim(s):

Total gas cost: 3 Claim(s) (USD): $0.05 ($0.053993331277297205)

Claim Reward: 2 Claim(s) (WEI): 0.000041556341969334 WETH (41556341969334 wei)
Claim Reward: 2 Claim(s) (USD): $0.13 ($0.1344250171529695)

Next Claim Reward: 3 Claim(s) (WEI): 0.000062334512954001 WETH (62334512954001 wei)
Next Claim Reward: 3 Claim(s) (USD): $0.2 ($0.20163752572945426)

Net profit = (Gross Profit - Gas Cost [Avg])
$0.15 = ($0.2 - $0.05) $0.14764419445215704 = ($0.20163752572945426 - $0.053993331277297205)


5b. 4 Claim(s):

Total gas cost: 4 Claim(s) (USD): $0.07 ($0.07305485398432326)

Claim Reward: 3 Claim(s) (WEI): 0.000062334512954001 WETH (62334512954001 wei)
Claim Reward: 3 Claim(s) (USD): $0.2 ($0.20163752572945426)

Next Claim Reward: 4 Claim(s) (WEI): 0.000083112683938668 WETH (83112683938668 wei)
Next Claim Reward: 4 Claim(s) (USD): $0.27 ($0.268850034305939)

Net profit = (Gross Profit - Gas Cost [Avg])
$0.2 = ($0.27 - $0.07) $0.19579518032161575 = ($0.268850034305939 - $0.07305485398432326)


5b. 5 Claim(s):

Total gas cost: 5 Claim(s) (USD): $0.09 ($0.09211637669134934)

Claim Reward: 4 Claim(s) (WEI): 0.000083112683938668 WETH (83112683938668 wei)
Claim Reward: 4 Claim(s) (USD): $0.27 ($0.268850034305939)

Next Claim Reward: 5 Claim(s) (WEI): 0.000103890854923335 WETH (103890854923335 wei)
Next Claim Reward: 5 Claim(s) (USD): $0.34 ($0.33606254288242376)

Net profit = (Gross Profit - Gas Cost [Avg])
$0.24 = ($0.34 - $0.09) $0.24394616619107443 = ($0.33606254288242376 - $0.09211637669134934)


5b. 6 Claim(s):

Total gas cost: 6 Claim(s) (USD): $0.11 ($0.11117789939837541)

Claim Reward: 5 Claim(s) (WEI): 0.000103890854923335 WETH (103890854923335 wei)
Claim Reward: 5 Claim(s) (USD): $0.34 ($0.33606254288242376)

Next Claim Reward: 6 Claim(s) (WEI): 0.000124669025908002 WETH (124669025908002 wei)
Next Claim Reward: 6 Claim(s) (USD): $0.4 ($0.4032750514589085)

Net profit = (Gross Profit - Gas Cost [Avg])
$0.29 = ($0.4 - $0.11) $0.2920971520605331 = ($0.4032750514589085 - $0.11117789939837541)


5b. 7 Claim(s):

Total gas cost: 7 Claim(s) (USD): $0.13 ($0.13023942210540146)

Claim Reward: 6 Claim(s) (WEI): 0.000124669025908002 WETH (124669025908002 wei)
Claim Reward: 6 Claim(s) (USD): $0.4 ($0.4032750514589085)

Next Claim Reward: 7 Claim(s) (WEI): 0.000145447196892669 WETH (145447196892669 wei)
Next Claim Reward: 7 Claim(s) (USD): $0.47 ($0.4704875600353932)

Net profit = (Gross Profit - Gas Cost [Avg])
$0.34 = ($0.47 - $0.13) $0.34024813792999176 = ($0.4704875600353932 - $0.13023942210540146)


5b. 8 Claim(s):

Total gas cost: 8 Claim(s) (USD): $0.15 ($0.14930094481242753)

Claim Reward: 7 Claim(s) (WEI): 0.000145447196892669 WETH (145447196892669 wei)
Claim Reward: 7 Claim(s) (USD): $0.47 ($0.4704875600353932)

Next Claim Reward: 8 Claim(s) (WEI): 0.000166225367877336 WETH (166225367877336 wei)
Next Claim Reward: 8 Claim(s) (USD): $0.54 ($0.537700068611878)

Net profit = (Gross Profit - Gas Cost [Avg])
$0.39 = ($0.54 - $0.15) $0.3883991237994505 = ($0.537700068611878 - $0.14930094481242753)


5b. 9 Claim(s):

Total gas cost: 9 Claim(s) (USD): $0.17 ($0.1683624675194536)

Claim Reward: 8 Claim(s) (WEI): 0.000166225367877336 WETH (166225367877336 wei)
Claim Reward: 8 Claim(s) (USD): $0.54 ($0.537700068611878)

Next Claim Reward: 9 Claim(s) (WEI): 0.000187003538862003 WETH (187003538862003 wei)
Next Claim Reward: 9 Claim(s) (USD): $0.6 ($0.6049125771883627)

Net profit = (Gross Profit - Gas Cost [Avg])
$0.44 = ($0.6 - $0.17) $0.43655010966890906 = ($0.6049125771883627 - $0.1683624675194536)


5b. 10 Claim(s):

Total gas cost: 10 Claim(s) (USD): $0.19 ($0.18742399022647968)

Claim Reward: 9 Claim(s) (WEI): 0.000187003538862003 WETH (187003538862003 wei)
Claim Reward: 9 Claim(s) (USD): $0.6 ($0.6049125771883627)

Next Claim Reward: 10 Claim(s) (WEI): 0.00020778170984667 WETH (207781709846670 wei)
Next Claim Reward: 10 Claim(s) (USD): $0.67 ($0.6721250857648475)

Net profit = (Gross Profit - Gas Cost [Avg])
$0.48 = ($0.67 - $0.19) $0.4847010955383678 = ($0.6721250857648475 - $0.18742399022647968)


5b. 11 Claim(s):

Total gas cost: 11 Claim(s) (USD): $0.21 ($0.20648551293350575)

Claim Reward: 10 Claim(s) (WEI): 0.00020778170984667 WETH (207781709846670 wei)
Claim Reward: 10 Claim(s) (USD): $0.67 ($0.6721250857648475)

Next Claim Reward: 11 Claim(s) (WEI): 0.000228559880831337 WETH (228559880831337 wei)
Next Claim Reward: 11 Claim(s) (USD): $0.74 ($0.7393375943413322)

Net profit = (Gross Profit - Gas Cost [Avg])
$0.53 = ($0.74 - $0.21) $0.5328520814078264 = ($0.7393375943413322 - $0.20648551293350575)


5b. 12 Claim(s):

Total gas cost: 12 Claim(s) (USD): $0.23 ($0.2255470356405318)

Claim Reward: 11 Claim(s) (WEI): 0.000228559880831337 WETH (228559880831337 wei)
Claim Reward: 11 Claim(s) (USD): $0.74 ($0.7393375943413322)

Next Claim Reward: 12 Claim(s) (WEI): 0.000249338051816004 WETH (249338051816004 wei)
Next Claim Reward: 12 Claim(s) (USD): $0.81 ($0.806550102917817)

Net profit = (Gross Profit - Gas Cost [Avg])
$0.58 = ($0.81 - $0.23) $0.5810030672772852 = ($0.806550102917817 - $0.2255470356405318)


5b. 13 Claim(s):

Total gas cost: 13 Claim(s) (USD): $0.24 ($0.24460855834755788)

Claim Reward: 12 Claim(s) (WEI): 0.000249338051816004 WETH (249338051816004 wei)
Claim Reward: 12 Claim(s) (USD): $0.81 ($0.806550102917817)

Next Claim Reward: 13 Claim(s) (WEI): 0.000270116222800671 WETH (270116222800671 wei)
Next Claim Reward: 13 Claim(s) (USD): $0.87 ($0.8737626114943018)

Net profit = (Gross Profit - Gas Cost [Avg])
$0.63 = ($0.87 - $0.24) $0.6291540531467439 = ($0.8737626114943018 - $0.24460855834755788)


5b. 14 Claim(s):

Total gas cost: 14 Claim(s) (USD): $0.26 ($0.26367008105458395)

Claim Reward: 13 Claim(s) (WEI): 0.000270116222800671 WETH (270116222800671 wei)
Claim Reward: 13 Claim(s) (USD): $0.87 ($0.8737626114943018)

Next Claim Reward: 14 Claim(s) (WEI): 0.000290894393785338 WETH (290894393785338 wei)
Next Claim Reward: 14 Claim(s) (USD): $0.94 ($0.9409751200707864)

Net profit = (Gross Profit - Gas Cost [Avg])
$0.68 = ($0.94 - $0.26) $0.6773050390162025 = ($0.9409751200707864 - $0.26367008105458395)


5b. 15 Claim(s):

Total gas cost: 15 Claim(s) (USD): $0.28 ($0.28273160376161)

Claim Reward: 14 Claim(s) (WEI): 0.000290894393785338 WETH (290894393785338 wei)
Claim Reward: 14 Claim(s) (USD): $0.94 ($0.9409751200707864)

Next Claim Reward: 15 Claim(s) (WEI): 0.000311672564770005 WETH (311672564770005 wei)
Next Claim Reward: 15 Claim(s) (USD): $1.01 ($1.008187628647271)

Net profit = (Gross Profit - Gas Cost [Avg])
$0.73 = ($1.01 - $0.28) $0.7254560248856611 = ($1.008187628647271 - $0.28273160376161)


5b. 16 Claim(s):

Total gas cost: 16 Claim(s) (USD): $0.3 ($0.3017931264686361)

Claim Reward: 15 Claim(s) (WEI): 0.000311672564770005 WETH (311672564770005 wei)
Claim Reward: 15 Claim(s) (USD): $1.01 ($1.008187628647271)

Next Claim Reward: 16 Claim(s) (WEI): 0.000332450735754672 WETH (332450735754672 wei)
Next Claim Reward: 16 Claim(s) (USD): $1.08 ($1.075400137223756)

Net profit = (Gross Profit - Gas Cost [Avg])
$0.77 = ($1.08 - $0.3) $0.77360701075512 = ($1.075400137223756 - $0.3017931264686361)


5b. 17 Claim(s):

Total gas cost: 17 Claim(s) (USD): $0.32 ($0.32085464917566214)

Claim Reward: 16 Claim(s) (WEI): 0.000332450735754672 WETH (332450735754672 wei)
Claim Reward: 16 Claim(s) (USD): $1.08 ($1.075400137223756)

Next Claim Reward: 17 Claim(s) (WEI): 0.000353228906739339 WETH (353228906739339 wei)
Next Claim Reward: 17 Claim(s) (USD): $1.14 ($1.1426126458002408)

Net profit = (Gross Profit - Gas Cost [Avg])
$0.82 = ($1.14 - $0.32) $0.8217579966245787 = ($1.1426126458002408 - $0.32085464917566214)


5b. 18 Claim(s):

Total gas cost: 18 Claim(s) (USD): $0.34 ($0.3399161718826882)

Claim Reward: 17 Claim(s) (WEI): 0.000353228906739339 WETH (353228906739339 wei)
Claim Reward: 17 Claim(s) (USD): $1.14 ($1.1426126458002408)

Next Claim Reward: 18 Claim(s) (WEI): 0.000374007077724006 WETH (374007077724006 wei)
Next Claim Reward: 18 Claim(s) (USD): $1.21 ($1.2098251543767253)

Net profit = (Gross Profit - Gas Cost [Avg])
$0.87 = ($1.21 - $0.34) $0.8699089824940371 = ($1.2098251543767253 - $0.3399161718826882)


5b. 19 Claim(s):

Total gas cost: 19 Claim(s) (USD): $0.36 ($0.3589776945897143)

Claim Reward: 18 Claim(s) (WEI): 0.000374007077724006 WETH (374007077724006 wei)
Claim Reward: 18 Claim(s) (USD): $1.21 ($1.2098251543767253)

Next Claim Reward: 19 Claim(s) (WEI): 0.000394785248708673 WETH (394785248708673 wei)
Next Claim Reward: 19 Claim(s) (USD): $1.28 ($1.27703766295321)

Net profit = (Gross Profit - Gas Cost [Avg])
$0.92 = ($1.28 - $0.36) $0.9180599683634958 = ($1.27703766295321 - $0.3589776945897143)


5b. 20 Claim(s):

Total gas cost: 20 Claim(s) (USD): $0.38 ($0.37803921729674034)

Claim Reward: 19 Claim(s) (WEI): 0.000394785248708673 WETH (394785248708673 wei)
Claim Reward: 19 Claim(s) (USD): $1.28 ($1.27703766295321)

Next Claim Reward: 20 Claim(s) (WEI): 0.00041556341969334 WETH (415563419693340 wei)
Next Claim Reward: 20 Claim(s) (USD): $1.34 ($1.344250171529695)

Net profit = (Gross Profit - Gas Cost [Avg])
$0.97 = ($1.34 - $0.38) $0.9662109542329547 = ($1.344250171529695 - $0.37803921729674034)


5b. 21 Claim(s):

Total gas cost: 21 Claim(s) (USD): $0.4 ($0.39710074000376644)

Claim Reward: 20 Claim(s) (WEI): 0.00041556341969334 WETH (415563419693340 wei)
Claim Reward: 20 Claim(s) (USD): $1.34 ($1.344250171529695)

Next Claim Reward: 21 Claim(s) (WEI): 0.000436341590678007 WETH (436341590678007 wei)
Next Claim Reward: 21 Claim(s) (USD): $1.41 ($1.4114626801061798)

Net profit = (Gross Profit - Gas Cost [Avg])
$1.01 = ($1.41 - $0.4) $1.0143619401024133 = ($1.4114626801061798 - $0.39710074000376644)


5b. 22 Claim(s):

Total gas cost: 22 Claim(s) (USD): $0.42 ($0.4161622627107925)

Claim Reward: 21 Claim(s) (WEI): 0.000436341590678007 WETH (436341590678007 wei)
Claim Reward: 21 Claim(s) (USD): $1.41 ($1.4114626801061798)

Next Claim Reward: 22 Claim(s) (WEI): 0.000457119761662674 WETH (457119761662674 wei)
Next Claim Reward: 22 Claim(s) (USD): $1.48 ($1.4786751886826643)

Net profit = (Gross Profit - Gas Cost [Avg])
$1.06 = ($1.48 - $0.42) $1.062512925971872 = ($1.4786751886826643 - $0.4161622627107925)


5b. 23 Claim(s):

Total gas cost: 23 Claim(s) (USD): $0.44 ($0.43522378541781853)

Claim Reward: 22 Claim(s) (WEI): 0.000457119761662674 WETH (457119761662674 wei)
Claim Reward: 22 Claim(s) (USD): $1.48 ($1.4786751886826643)

Next Claim Reward: 23 Claim(s) (WEI): 0.000477897932647341 WETH (477897932647341 wei)
Next Claim Reward: 23 Claim(s) (USD): $1.55 ($1.545887697259149)

Net profit = (Gross Profit - Gas Cost [Avg])
$1.11 = ($1.55 - $0.44) $1.1106639118413306 = ($1.545887697259149 - $0.43522378541781853)


5b. 24 Claim(s):

Total gas cost: 24 Claim(s) (USD): $0.45 ($0.45428530812484463)

Claim Reward: 23 Claim(s) (WEI): 0.000477897932647341 WETH (477897932647341 wei)
Claim Reward: 23 Claim(s) (USD): $1.55 ($1.545887697259149)

Next Claim Reward: 24 Claim(s) (WEI): 0.000498676103632008 WETH (498676103632008 wei)
Next Claim Reward: 24 Claim(s) (USD): $1.61 ($1.613100205835634)

Net profit = (Gross Profit - Gas Cost [Avg])
$1.16 = ($1.61 - $0.45) $1.1588148977107895 = ($1.613100205835634 - $0.45428530812484463)


5b. 25 Claim(s):

Total gas cost: 25 Claim(s) (USD): $0.47 ($0.4733468308318707)

Claim Reward: 24 Claim(s) (WEI): 0.000498676103632008 WETH (498676103632008 wei)
Claim Reward: 24 Claim(s) (USD): $1.61 ($1.613100205835634)

Next Claim Reward: 25 Claim(s) (WEI): 0.000519454274616675 WETH (519454274616675 wei)
Next Claim Reward: 25 Claim(s) (USD): $1.68 ($1.6803127144121188)

Net profit = (Gross Profit - Gas Cost [Avg])
$1.21 = ($1.68 - $0.47) $1.2069658835802481 = ($1.6803127144121188 - $0.4733468308318707)


5b. 26 Claim(s):

Total gas cost: 26 Claim(s) (USD): $0.49 ($0.4924083535388967)

Claim Reward: 25 Claim(s) (WEI): 0.000519454274616675 WETH (519454274616675 wei)
Claim Reward: 25 Claim(s) (USD): $1.68 ($1.6803127144121188)

Next Claim Reward: 26 Claim(s) (WEI): 0.000540232445601342 WETH (540232445601342 wei)
Next Claim Reward: 26 Claim(s) (USD): $1.75 ($1.7475252229886036)

Net profit = (Gross Profit - Gas Cost [Avg])
$1.26 = ($1.75 - $0.49) $1.2551168694497068 = ($1.7475252229886036 - $0.4924083535388967)


5b. 27 Claim(s):

Total gas cost: 27 Claim(s) (USD): $0.51 ($0.5114698762459229)

Claim Reward: 26 Claim(s) (WEI): 0.000540232445601342 WETH (540232445601342 wei)
Claim Reward: 26 Claim(s) (USD): $1.75 ($1.7475252229886036)

Next Claim Reward: 27 Claim(s) (WEI): 0.000561010616586009 WETH (561010616586009 wei)
Next Claim Reward: 27 Claim(s) (USD): $1.81 ($1.8147377315650883)

Net profit = (Gross Profit - Gas Cost [Avg])
$1.3 = ($1.81 - $0.51) $1.3032678553191654 = ($1.8147377315650883 - $0.5114698762459229)


5b. 28 Claim(s):

Total gas cost: 28 Claim(s) (USD): $0.53 ($0.530531398952949)

Claim Reward: 27 Claim(s) (WEI): 0.000561010616586009 WETH (561010616586009 wei)
Claim Reward: 27 Claim(s) (USD): $1.81 ($1.8147377315650883)

Next Claim Reward: 28 Claim(s) (WEI): 0.000581788787570676 WETH (581788787570676 wei)
Next Claim Reward: 28 Claim(s) (USD): $1.88 ($1.8819502401415729)

Net profit = (Gross Profit - Gas Cost [Avg])
$1.35 = ($1.88 - $0.53) $1.3514188411886239 = ($1.8819502401415729 - $0.530531398952949)


5b. 29 Claim(s):

Total gas cost: 29 Claim(s) (USD): $0.55 ($0.5495929216599749)

Claim Reward: 28 Claim(s) (WEI): 0.000581788787570676 WETH (581788787570676 wei)
Claim Reward: 28 Claim(s) (USD): $1.88 ($1.8819502401415729)

Next Claim Reward: 29 Claim(s) (WEI): 0.000602566958555343 WETH (602566958555343 wei)
Next Claim Reward: 29 Claim(s) (USD): $1.95 ($1.9491627487180576)

Net profit = (Gross Profit - Gas Cost [Avg])
$1.4 = ($1.95 - $0.55) $1.3995698270580827 = ($1.9491627487180576 - $0.5495929216599749)


5b. 30 Claim(s):

Total gas cost: 30 Claim(s) (USD): $0.57 ($0.568654444367001)

Claim Reward: 29 Claim(s) (WEI): 0.000602566958555343 WETH (602566958555343 wei)
Claim Reward: 29 Claim(s) (USD): $1.95 ($1.9491627487180576)

Next Claim Reward: 30 Claim(s) (WEI): 0.00062334512954001 WETH (623345129540010 wei)
Next Claim Reward: 30 Claim(s) (USD): $2.02 ($2.016375257294542)

Net profit = (Gross Profit - Gas Cost [Avg])
$1.45 = ($2.02 - $0.57) $1.4477208129275412 = ($2.016375257294542 - $0.568654444367001)

******************
5c. Profit/Loss (USD):

Net profit = (Gross Profit - Gas Cost [Max])
$1.38 = ($1.95 - $0.57) $1.3805083043510566 = ($1.9491627487180576 - $0.568654444367001)

Submitting transaction to claim 29 prize(s):

0x33335296c9b020ca3252e4953c11decfdce816b8-0xA84De351BbdBB080cA411c912EC02c590721243A-4-44
0x33335296c9b020ca3252e4953c11decfdce816b8-0x3f6093335F136fADF0ECdE6223224B841f2409a7-4-88
0x33335296c9b020ca3252e4953c11decfdce816b8-0x5C4E974e2Da3844f12eF40Dd1679813c4E0B4461-4-148
0x33335296c9b020ca3252e4953c11decfdce816b8-0x870C12CA030e65168359a06f55286f275FedD3a6-4-72
0x33335296c9b020ca3252e4953c11decfdce816b8-0x51b7bB418a0222f2180dA3b32f856576F3e972b6-4-195
0x33335296c9b020ca3252e4953c11decfdce816b8-0xcE034f5187A13dAA3D9e258e502688c37cAa2591-4-222
0x33335296c9b020ca3252e4953c11decfdce816b8-0x86AB2437478A101F2C65f1abeD350f8B495e7d01-4-200
0x33335296c9b020ca3252e4953c11decfdce816b8-0x1Bc24cc357bddEB77cCA1355B5A9f159c1c21F59-4-45
0x33335296c9b020ca3252e4953c11decfdce816b8-0x4E2C4c6b2B2287cDCa67d24Dec93F40EEFD54bBe-4-153
0x33335296c9b020ca3252e4953c11decfdce816b8-0xC1135f980EE11E8eEd595D3e7df1b4350767e5d8-4-204
0x33335296c9b020ca3252e4953c11decfdce816b8-0x4DFb8217AA8649f1aD600210784C2130c5E5273c-4-75
0x33335296c9b020ca3252e4953c11decfdce816b8-0x4DFb8217AA8649f1aD600210784C2130c5E5273c-4-239
0x33335296c9b020ca3252e4953c11decfdce816b8-0x298B60F3388CBdb17937D51554773B480C2D2bA2-4-20
0x33335296c9b020ca3252e4953c11decfdce816b8-0x781DD0d1c4075812B860c3bdc2657BF7dB5477aD-4-200
0x33335296c9b020ca3252e4953c11decfdce816b8-0xC23Edad03eD4eeC01b4F613349e50F247A3aFC6D-4-59
0x33335296c9b020ca3252e4953c11decfdce816b8-0x68b8acDac8f25ce6eEA2bfFAcCe17AE0d22426c4-4-255
0x33335296c9b020ca3252e4953c11decfdce816b8-0xddb2F8C03C985676A03a029EA89A866795FF50b2-4-102
0x33335296c9b020ca3252e4953c11decfdce816b8-0x6eEe0dE9FE18B0A05D6520466aAf0Fe41d1851C0-4-157
0x33335296c9b020ca3252e4953c11decfdce816b8-0x3caEF326ae68265DFD49A9465c5f419BBaC5c631-4-203
0x33335296c9b020ca3252e4953c11decfdce816b8-0xbB7F375f675d455C6AD174DbA69011A38203990d-4-12
0x33335296c9b020ca3252e4953c11decfdce816b8-0x82BBC9954D673B37b6dEF925F1D57a046777438F-4-90
0x33335296c9b020ca3252e4953c11decfdce816b8-0xDB661bcc16E247659174175aE2833c2eA558caB8-4-98
0x33335296c9b020ca3252e4953c11decfdce816b8-0x57512cB3079220868a615dD310dA6e51d1E744C6-4-166
0x33335296c9b020ca3252e4953c11decfdce816b8-0xc246a950371Ae6Ba92333f76399C5d8ab8a3F042-4-127
0x33335296c9b020ca3252e4953c11decfdce816b8-0xc1EC0Cb06979f098ED44E168C54746148F07046F-4-18
0x33335296c9b020ca3252e4953c11decfdce816b8-0x27d52824c7180D86c5873C56f0C2c9e746f93C79-4-171
0x33335296c9b020ca3252e4953c11decfdce816b8-0xCa4c1E70BccF398a4A3aF8123B8A243Be6bDc4D5-4-23
0x33335296c9b020ca3252e4953c11decfdce816b8-0xcD467C660b2695BF5CB5B06C065eb41898F4d52A-4-119
0x33335296c9b020ca3252e4953c11decfdce816b8-0x2aDC11Fc1e1C171215E2B5cd9231B319e289B951-4-101



Execute Claim Transaction for Tier #4 (Canary tier)


