Operating on: 11155420 - Optimism Sepolia

Config - REWARD_RECIPIENT not provided, setting swap recipient to relayer address: 0x06003274c3a7926c04cA8d6903cc691fE8f3CEC2
Config - MIN_PROFIT_THRESHOLD_USD: 0.05

Starting ...
Getting prize pool info ...
Getting prize context ...

******************
1. Prize token: WETH

┌────────────┬──────────────────────────────────────────────┬──────────┬─────────────────┬────────┬──────────────┐
│ (index)    │ address                                      │ decimals │ name            │ symbol │ assetRateUsd │
├────────────┼──────────────────────────────────────────────┼──────────┼─────────────────┼────────┼──────────────┤
│ prizeToken │ '0xC355F97a3Aa2808Acb536E555764b8FB26fB4b37' │ 18       │ 'Wrapped Ether' │ 'WETH' │ 3055.495     │
└────────────┴──────────────────────────────────────────────┴──────────┴─────────────────┴────────┴──────────────┘
┌─────────┬──────────┬───────────────────────────────┐
│ (index) │ numTiers │ tiersRangeArray               │
├─────────┼──────────┼───────────────────────────────┤
│ tiers   │ 7        │ [ 0, 1, 2, ... 4 more items ] │
└─────────┴──────────┴───────────────────────────────┘
Draw ID: 22
Prize Token WETH MarketRate USD:  $3055.495

******************
Getting prize vaults ...
Found 6 prize vaults.

1142 prizes already claimed for draw #22.
4103 prizes remaining to be claimed...




******************
Processing:
Vault:     0x33335296c9b020ca3252e4953c11decfdce816b8
Tier:      #5 (Canary tier)
# prizes:  231

5a. Calculating # of profitable claims ...

Native (Gas) Token ETH Market Rate (USD): $3055.65

Estimated gas limit (wei) (1 prize claim): 0.000000000000189835 ETH (189835 wei)
Estimated gas limit (wei) (2 prize claims): 0.000000000000274972 ETH (274972 wei)

Gas Cost: First Claim (wei): 0.000000000000189835 ETH (189835 wei)
Gas Cost: Each Following Claim (wei): 0.000000000000085137 ETH (85137 wei)

Gas Cost: First Claim (USD): $0.02 $0.019024944257337643
Gas Cost: Each Following Claim (USD): $0.02 $0.02296464733328913

5b. 1 Claim(s):

Total gas cost: 1 Claim(s) (USD): $0.02 ($0.019024944257337643)

Next Claim Reward: 1 Claim(s) (WEI): 0.000012408441886033 WETH (12408441886033 wei)
Next Claim Reward: 1 Claim(s) (USD): $0.04 ($0.037913932140564405)

Net profit = (Gross Profit - Gas Cost [Avg])
$0.02 = ($0.04 - $0.02) $0.018888987883226762 = ($0.037913932140564405 - $0.019024944257337643)

******************
5c. Profit/Loss (USD):

Net profit = (Gross Profit - Gas Cost [Max])
$-0.02 = ($0 - $0.02) $-0.019024944257337643 = ($0 - $0.019024944257337643)

Claiming tier #5 (Canary tier) currently not profitable.
Not profitable to claim for Draw #22, Tier: #5 (Canary tier)




******************
Processing:
Vault:     0x7fad91a4a29109303188d8758f1a9d60ce988349
Tier:      #5 (Canary tier)
# prizes:  382

Tier #5 (Canary tier) not profitable, skipping ...





******************
Processing:
Vault:     0x33335296c9b020ca3252e4953c11decfdce816b8
Tier:      #6 (Canary tier)
# prizes:  1383

Tier #6 (Canary tier) not profitable, skipping ...





******************
Processing:
Vault:     0x75b2f4b3ec5adf7077f928992524cc547e74f768
Tier:      #6 (Canary tier)
# prizes:  107

Tier #6 (Canary tier) not profitable, skipping ...





******************
Processing:
Vault:     0x7fad91a4a29109303188d8758f1a9d60ce988349
Tier:      #6 (Canary tier)
# prizes:  2000

Tier #6 (Canary tier) not profitable, skipping ...

