Operating on: 11155420 - Optimism Sepolia

Config - REWARD_RECIPIENT not provided, setting swap recipient to relayer address: 0x06003274c3a7926c04cA8d6903cc691fE8f3CEC2
Config - MIN_PROFIT_THRESHOLD_USD: -0.1

Starting ...
Getting prize pool info ...
Getting prize context ...

******************
1. Prize token: WETH

┌────────────┬──────────────────────────────────────────────┬──────────┬─────────────────┬────────┬──────────────┐
│ (index)    │ address                                      │ decimals │ name            │ symbol │ assetRateUsd │
├────────────┼──────────────────────────────────────────────┼──────────┼─────────────────┼────────┼──────────────┤
│ prizeToken │ '0x058C8222f77978f4e3Fa3aC1914cd541A1F882Cc' │ 18       │ 'Wrapped Ether' │ 'WETH' │ 3521.9802    │
└────────────┴──────────────────────────────────────────────┴──────────┴─────────────────┴────────┴──────────────┘
┌─────────┬──────────┬──────────────────────────────┐
│ (index) │ numTiers │ tiersRangeArray              │
├─────────┼──────────┼──────────────────────────────┤
│ tiers   │ 4        │ [ 0, 1, 2, ... 1 more item ] │
└─────────┴──────────┴──────────────────────────────┘
Draw ID: 2
Prize Token WETH MarketRate USD:  $3521.9802

******************
Getting prize vaults ...
Found 6 prize vaults.

84 prizes already claimed for draw #2.
0 prizes remaining to be claimed...

******************
No prizes left to claim. Exiting ...
