Operating on: 11155420 - Optimism Sepolia

Config - REWARD_RECIPIENT not provided, setting swap recipient to relayer address: 0x06003274c3a7926c04cA8d6903cc691fE8f3CEC2
Config - MIN_PROFIT_THRESHOLD_USD: 0.05

Starting ...
Getting prize pool info ...
Getting prize context ...

******************
1. Prize token: WETH

┌────────────┬──────────────────────────────────────────────┬──────────┬─────────────────┬────────┬──────────────┐
│ (index)    │ address                                      │ decimals │ name            │ symbol │ assetRateUsd │
├────────────┼──────────────────────────────────────────────┼──────────┼─────────────────┼────────┼──────────────┤
│ prizeToken │ '0xC355F97a3Aa2808Acb536E555764b8FB26fB4b37' │ 18       │ 'Wrapped Ether' │ 'WETH' │ 3083.7856    │
└────────────┴──────────────────────────────────────────────┴──────────┴─────────────────┴────────┴──────────────┘
┌─────────┬──────────┬───────────────────────────────┐
│ (index) │ numTiers │ tiersRangeArray               │
├─────────┼──────────┼───────────────────────────────┤
│ tiers   │ 7        │ [ 0, 1, 2, ... 4 more items ] │
└─────────┴──────────┴───────────────────────────────┘
Draw ID: 21
Prize Token WETH MarketRate USD:  $3083.7856

******************
Getting prize vaults ...
Found 6 prize vaults.

658 prizes already claimed for draw #21.
4824 prizes remaining to be claimed...




******************
Processing:
Vault:     0x33335296c9b020ca3252e4953c11decfdce816b8
Tier:      #5 (Canary tier)
# prizes:  307

5a. Calculating # of profitable claims ...

Native (Gas) Token ETH Market Rate (USD): $3080.48

Estimated gas limit (wei) (1 prize claim): 0.000000000000189004 ETH (189004 wei)
Estimated gas limit (wei) (2 prize claims): 0.000000000000276121 ETH (276121 wei)

Gas Cost: First Claim (wei): 0.000000000000189004 ETH (189004 wei)
Gas Cost: Each Following Claim (wei): 0.000000000000087117 ETH (87117 wei)

Gas Cost: First Claim (USD): $0.24 $0.24394279969303184
Gas Cost: Each Following Claim (USD): $0.3 $0.29900097120894187

5b. 1 Claim(s):

Total gas cost: 1 Claim(s) (USD): $0.24 ($0.24394279969303184)

Next Claim Reward: 1 Claim(s) (WEI): 0.000012210207247144 WETH (12210207247144 wei)
Next Claim Reward: 1 Claim(s) (USD): $0.04 ($0.03765366128175831)

Net profit = (Gross Profit - Gas Cost [Avg])
$-0.21 = ($0.04 - $0.24) $-0.20628913841127353 = ($0.03765366128175831 - $0.24394279969303184)

******************
5c. Profit/Loss (USD):

Net profit = (Gross Profit - Gas Cost [Max])
$-0.24 = ($0 - $0.24) $-0.24394279969303184 = ($0 - $0.24394279969303184)

Claiming tier #5 (Canary tier) currently not profitable.
Not profitable to claim for Draw #21, Tier: #5 (Canary tier)




******************
Processing:
Vault:     0x7fad91a4a29109303188d8758f1a9d60ce988349
Tier:      #5 (Canary tier)
# prizes:  571

Tier #5 (Canary tier) not profitable, skipping ...





******************
Processing:
Vault:     0x33335296c9b020ca3252e4953c11decfdce816b8
Tier:      #6 (Canary tier)
# prizes:  1579

Tier #6 (Canary tier) not profitable, skipping ...





******************
Processing:
Vault:     0x75b2f4b3ec5adf7077f928992524cc547e74f768
Tier:      #6 (Canary tier)
# prizes:  187

Tier #6 (Canary tier) not profitable, skipping ...





******************
Processing:
Vault:     0x7fad91a4a29109303188d8758f1a9d60ce988349
Tier:      #6 (Canary tier)
# prizes:  2180

Tier #6 (Canary tier) not profitable, skipping ...

