Operating on: 11155420 - Optimism Sepolia

Config - REWARD_RECIPIENT not provided, setting swap recipient to relayer address: 0x06003274c3a7926c04cA8d6903cc691fE8f3CEC2
Config - MIN_PROFIT_THRESHOLD_USD: -0.1

Starting ...
Getting prize pool info ...
Getting prize context ...

******************
1. Prize token: WETH

┌────────────┬──────────────────────────────────────────────┬──────────┬─────────────────┬────────┬──────────────┐
│ (index)    │ address                                      │ decimals │ name            │ symbol │ assetRateUsd │
├────────────┼──────────────────────────────────────────────┼──────────┼─────────────────┼────────┼──────────────┤
│ prizeToken │ '0xC355F97a3Aa2808Acb536E555764b8FB26fB4b37' │ 18       │ 'Wrapped Ether' │ 'WETH' │ 3254.0388    │
└────────────┴──────────────────────────────────────────────┴──────────┴─────────────────┴────────┴──────────────┘
┌─────────┬──────────┬───────────────────────────────┐
│ (index) │ numTiers │ tiersRangeArray               │
├─────────┼──────────┼───────────────────────────────┤
│ tiers   │ 5        │ [ 0, 1, 2, ... 2 more items ] │
└─────────┴──────────┴───────────────────────────────┘
Draw ID: 2
Prize Token WETH MarketRate USD:  $3254.0388

******************
Getting prize vaults ...
Found 6 prize vaults.

261 prizes already claimed for draw #2.
87 prizes remaining to be claimed...




******************
Processing:
Vault:     0x33335296c9b020ca3252e4953c11decfdce816b8
Tier:      #4 (Canary tier)
# prizes:  35

5a. Calculating # of profitable claims ...

Native (Gas) Token ETH Market Rate (USD): $3254.35

Estimated gas limit (wei) (1 prize claim): 0.000000000000169656 ETH (169656 wei)
Estimated gas limit (wei) (2 prize claims): 0.000000000000243775 ETH (243775 wei)

Gas Cost: First Claim (wei): 0.000000000000169656 ETH (169656 wei)
Gas Cost: Each Following Claim (wei): 0.000000000000074119 ETH (74119 wei)

Gas Cost: First Claim (USD): $0.01 $0.011850866148310279
Gas Cost: Each Following Claim (USD): $0.01 $0.014119467604486634

5b. 1 Claim(s):

Total gas cost: 1 Claim(s) (USD): $0.01 ($0.011850866148310279)

Next Claim Reward: 1 Claim(s) (WEI): 0.000008996529628046 WETH (8996529628046 wei)
Next Claim Reward: 1 Claim(s) (USD): $0.03 ($0.02927505647501125)

Net profit = (Gross Profit - Gas Cost [Avg])
$0.02 = ($0.03 - $0.01) $0.01742419032670097 = ($0.02927505647501125 - $0.011850866148310279)


5b. 2 Claim(s):

Total gas cost: 2 Claim(s) (USD): $0.03 ($0.025970333752796913)

Claim Reward: 1 Claim(s) (WEI): 0.000008996529628046 WETH (8996529628046 wei)
Claim Reward: 1 Claim(s) (USD): $0.03 ($0.02927505647501125)

Next Claim Reward: 2 Claim(s) (WEI): 0.000017993059256092 WETH (17993059256092 wei)
Next Claim Reward: 2 Claim(s) (USD): $0.06 ($0.0585501129500225)

Net profit = (Gross Profit - Gas Cost [Avg])
$0.03 = ($0.06 - $0.03) $0.032579779197225586 = ($0.0585501129500225 - $0.025970333752796913)


5b. 3 Claim(s):

Total gas cost: 3 Claim(s) (USD): $0.04 ($0.040089801357283544)

Claim Reward: 2 Claim(s) (WEI): 0.000017993059256092 WETH (17993059256092 wei)
Claim Reward: 2 Claim(s) (USD): $0.06 ($0.0585501129500225)

Next Claim Reward: 3 Claim(s) (WEI): 0.000026989588884138 WETH (26989588884138 wei)
Next Claim Reward: 3 Claim(s) (USD): $0.09 ($0.08782516942503375)

Net profit = (Gross Profit - Gas Cost [Avg])
$0.05 = ($0.09 - $0.04) $0.04773536806775021 = ($0.08782516942503375 - $0.040089801357283544)


5b. 4 Claim(s):

Total gas cost: 4 Claim(s) (USD): $0.05 ($0.05420926896177018)

Claim Reward: 3 Claim(s) (WEI): 0.000026989588884138 WETH (26989588884138 wei)
Claim Reward: 3 Claim(s) (USD): $0.09 ($0.08782516942503375)

Next Claim Reward: 4 Claim(s) (WEI): 0.000035986118512184 WETH (35986118512184 wei)
Next Claim Reward: 4 Claim(s) (USD): $0.12 ($0.117100225900045)

Net profit = (Gross Profit - Gas Cost [Avg])
$0.06 = ($0.12 - $0.05) $0.06289095693827482 = ($0.117100225900045 - $0.05420926896177018)


5b. 5 Claim(s):

Total gas cost: 5 Claim(s) (USD): $0.07 ($0.06832873656625682)

Claim Reward: 4 Claim(s) (WEI): 0.000035986118512184 WETH (35986118512184 wei)
Claim Reward: 4 Claim(s) (USD): $0.12 ($0.117100225900045)

Next Claim Reward: 5 Claim(s) (WEI): 0.00004498264814023 WETH (44982648140230 wei)
Next Claim Reward: 5 Claim(s) (USD): $0.15 ($0.14637528237505626)

Net profit = (Gross Profit - Gas Cost [Avg])
$0.08 = ($0.15 - $0.07) $0.07804654580879944 = ($0.14637528237505626 - $0.06832873656625682)


5b. 6 Claim(s):

Total gas cost: 6 Claim(s) (USD): $0.08 ($0.08244820417074346)

Claim Reward: 5 Claim(s) (WEI): 0.00004498264814023 WETH (44982648140230 wei)
Claim Reward: 5 Claim(s) (USD): $0.15 ($0.14637528237505626)

Next Claim Reward: 6 Claim(s) (WEI): 0.000053979177768276 WETH (53979177768276 wei)
Next Claim Reward: 6 Claim(s) (USD): $0.18 ($0.1756503388500675)

Net profit = (Gross Profit - Gas Cost [Avg])
$0.09 = ($0.18 - $0.08) $0.09320213467932405 = ($0.1756503388500675 - $0.08244820417074346)


5b. 7 Claim(s):

Total gas cost: 7 Claim(s) (USD): $0.1 ($0.09656767177523008)

Claim Reward: 6 Claim(s) (WEI): 0.000053979177768276 WETH (53979177768276 wei)
Claim Reward: 6 Claim(s) (USD): $0.18 ($0.1756503388500675)

Next Claim Reward: 7 Claim(s) (WEI): 0.000062975707396322 WETH (62975707396322 wei)
Next Claim Reward: 7 Claim(s) (USD): $0.2 ($0.20492539532507878)

Net profit = (Gross Profit - Gas Cost [Avg])
$0.11 = ($0.2 - $0.1) $0.1083577235498487 = ($0.20492539532507878 - $0.09656767177523008)


5b. 8 Claim(s):

Total gas cost: 8 Claim(s) (USD): $0.11 ($0.11068713937971672)

Claim Reward: 7 Claim(s) (WEI): 0.000062975707396322 WETH (62975707396322 wei)
Claim Reward: 7 Claim(s) (USD): $0.2 ($0.20492539532507878)

Next Claim Reward: 8 Claim(s) (WEI): 0.000071972237024368 WETH (71972237024368 wei)
Next Claim Reward: 8 Claim(s) (USD): $0.23 ($0.23420045180009)

Net profit = (Gross Profit - Gas Cost [Avg])
$0.12 = ($0.23 - $0.11) $0.12351331242037328 = ($0.23420045180009 - $0.11068713937971672)


5b. 9 Claim(s):

Total gas cost: 9 Claim(s) (USD): $0.12 ($0.12480660698420336)

Claim Reward: 8 Claim(s) (WEI): 0.000071972237024368 WETH (71972237024368 wei)
Claim Reward: 8 Claim(s) (USD): $0.23 ($0.23420045180009)

Next Claim Reward: 9 Claim(s) (WEI): 0.000080968766652414 WETH (80968766652414 wei)
Next Claim Reward: 9 Claim(s) (USD): $0.26 ($0.26347550827510124)

Net profit = (Gross Profit - Gas Cost [Avg])
$0.14 = ($0.26 - $0.12) $0.13866890129089787 = ($0.26347550827510124 - $0.12480660698420336)


5b. 10 Claim(s):

Total gas cost: 10 Claim(s) (USD): $0.14 ($0.13892607458868997)

Claim Reward: 9 Claim(s) (WEI): 0.000080968766652414 WETH (80968766652414 wei)
Claim Reward: 9 Claim(s) (USD): $0.26 ($0.26347550827510124)

Next Claim Reward: 10 Claim(s) (WEI): 0.00008996529628046 WETH (89965296280460 wei)
Next Claim Reward: 10 Claim(s) (USD): $0.29 ($0.2927505647501125)

Net profit = (Gross Profit - Gas Cost [Avg])
$0.15 = ($0.29 - $0.14) $0.15382449016142255 = ($0.2927505647501125 - $0.13892607458868997)


5b. 11 Claim(s):

Total gas cost: 11 Claim(s) (USD): $0.15 ($0.15304554219317662)

Claim Reward: 10 Claim(s) (WEI): 0.00008996529628046 WETH (89965296280460 wei)
Claim Reward: 10 Claim(s) (USD): $0.29 ($0.2927505647501125)

Next Claim Reward: 11 Claim(s) (WEI): 0.000098961825908506 WETH (98961825908506 wei)
Next Claim Reward: 11 Claim(s) (USD): $0.32 ($0.3220256212251238)

Net profit = (Gross Profit - Gas Cost [Avg])
$0.17 = ($0.32 - $0.15) $0.16898007903194717 = ($0.3220256212251238 - $0.15304554219317662)


5b. 12 Claim(s):

Total gas cost: 12 Claim(s) (USD): $0.17 ($0.16716500979766324)

Claim Reward: 11 Claim(s) (WEI): 0.000098961825908506 WETH (98961825908506 wei)
Claim Reward: 11 Claim(s) (USD): $0.32 ($0.3220256212251238)

Next Claim Reward: 12 Claim(s) (WEI): 0.000107958355536552 WETH (107958355536552 wei)
Next Claim Reward: 12 Claim(s) (USD): $0.35 ($0.351300677700135)

Net profit = (Gross Profit - Gas Cost [Avg])
$0.18 = ($0.35 - $0.17) $0.18413566790247177 = ($0.351300677700135 - $0.16716500979766324)


5b. 13 Claim(s):

Total gas cost: 13 Claim(s) (USD): $0.18 ($0.18128447740214987)

Claim Reward: 12 Claim(s) (WEI): 0.000107958355536552 WETH (107958355536552 wei)
Claim Reward: 12 Claim(s) (USD): $0.35 ($0.351300677700135)

Next Claim Reward: 13 Claim(s) (WEI): 0.000116954885164598 WETH (116954885164598 wei)
Next Claim Reward: 13 Claim(s) (USD): $0.38 ($0.38057573417514623)

Net profit = (Gross Profit - Gas Cost [Avg])
$0.2 = ($0.38 - $0.18) $0.19929125677299636 = ($0.38057573417514623 - $0.18128447740214987)


5b. 14 Claim(s):

Total gas cost: 14 Claim(s) (USD): $0.2 ($0.19540394500663652)

Claim Reward: 13 Claim(s) (WEI): 0.000116954885164598 WETH (116954885164598 wei)
Claim Reward: 13 Claim(s) (USD): $0.38 ($0.38057573417514623)

Next Claim Reward: 14 Claim(s) (WEI): 0.000125951414792644 WETH (125951414792644 wei)
Next Claim Reward: 14 Claim(s) (USD): $0.41 ($0.40985079065015756)

Net profit = (Gross Profit - Gas Cost [Avg])
$0.21 = ($0.41 - $0.2) $0.21444684564352104 = ($0.40985079065015756 - $0.19540394500663652)


5b. 15 Claim(s):

Total gas cost: 15 Claim(s) (USD): $0.21 ($0.20952341261112314)

Claim Reward: 14 Claim(s) (WEI): 0.000125951414792644 WETH (125951414792644 wei)
Claim Reward: 14 Claim(s) (USD): $0.41 ($0.40985079065015756)

Next Claim Reward: 15 Claim(s) (WEI): 0.00013494794442069 WETH (134947944420690 wei)
Next Claim Reward: 15 Claim(s) (USD): $0.44 ($0.4391258471251687)

Net profit = (Gross Profit - Gas Cost [Avg])
$0.23 = ($0.44 - $0.21) $0.22960243451404558 = ($0.4391258471251687 - $0.20952341261112314)


5b. 16 Claim(s):

Total gas cost: 16 Claim(s) (USD): $0.22 ($0.2236428802156098)

Claim Reward: 15 Claim(s) (WEI): 0.00013494794442069 WETH (134947944420690 wei)
Claim Reward: 15 Claim(s) (USD): $0.44 ($0.4391258471251687)

Next Claim Reward: 16 Claim(s) (WEI): 0.000143944474048736 WETH (143944474048736 wei)
Next Claim Reward: 16 Claim(s) (USD): $0.47 ($0.46840090360018)

Net profit = (Gross Profit - Gas Cost [Avg])
$0.24 = ($0.47 - $0.22) $0.2447580233845702 = ($0.46840090360018 - $0.2236428802156098)


5b. 17 Claim(s):

Total gas cost: 17 Claim(s) (USD): $0.24 ($0.23776234782009642)

Claim Reward: 16 Claim(s) (WEI): 0.000143944474048736 WETH (143944474048736 wei)
Claim Reward: 16 Claim(s) (USD): $0.47 ($0.46840090360018)

Next Claim Reward: 17 Claim(s) (WEI): 0.000152941003676782 WETH (152941003676782 wei)
Next Claim Reward: 17 Claim(s) (USD): $0.5 ($0.4976759600751912)

Net profit = (Gross Profit - Gas Cost [Avg])
$0.26 = ($0.5 - $0.24) $0.2599136122550948 = ($0.4976759600751912 - $0.23776234782009642)


5b. 18 Claim(s):

Total gas cost: 18 Claim(s) (USD): $0.25 ($0.25188181542458304)

Claim Reward: 17 Claim(s) (WEI): 0.000152941003676782 WETH (152941003676782 wei)
Claim Reward: 17 Claim(s) (USD): $0.5 ($0.4976759600751912)

Next Claim Reward: 18 Claim(s) (WEI): 0.000161937533304828 WETH (161937533304828 wei)
Next Claim Reward: 18 Claim(s) (USD): $0.53 ($0.5269510165502025)

Net profit = (Gross Profit - Gas Cost [Avg])
$0.28 = ($0.53 - $0.25) $0.27506920112561944 = ($0.5269510165502025 - $0.25188181542458304)


5b. 19 Claim(s):

Total gas cost: 19 Claim(s) (USD): $0.27 ($0.26600128302906967)

Claim Reward: 18 Claim(s) (WEI): 0.000161937533304828 WETH (161937533304828 wei)
Claim Reward: 18 Claim(s) (USD): $0.53 ($0.5269510165502025)

Next Claim Reward: 19 Claim(s) (WEI): 0.000170934062932874 WETH (170934062932874 wei)
Next Claim Reward: 19 Claim(s) (USD): $0.56 ($0.5562260730252138)

Net profit = (Gross Profit - Gas Cost [Avg])
$0.29 = ($0.56 - $0.27) $0.2902247899961441 = ($0.5562260730252138 - $0.26600128302906967)


5b. 20 Claim(s):

Total gas cost: 20 Claim(s) (USD): $0.28 ($0.28012075063355635)

Claim Reward: 19 Claim(s) (WEI): 0.000170934062932874 WETH (170934062932874 wei)
Claim Reward: 19 Claim(s) (USD): $0.56 ($0.5562260730252138)

Next Claim Reward: 20 Claim(s) (WEI): 0.00017993059256092 WETH (179930592560920 wei)
Next Claim Reward: 20 Claim(s) (USD): $0.59 ($0.585501129500225)

Net profit = (Gross Profit - Gas Cost [Avg])
$0.31 = ($0.59 - $0.28) $0.3053803788666687 = ($0.585501129500225 - $0.28012075063355635)


5b. 21 Claim(s):

Total gas cost: 21 Claim(s) (USD): $0.29 ($0.29424021823804297)

Claim Reward: 20 Claim(s) (WEI): 0.00017993059256092 WETH (179930592560920 wei)
Claim Reward: 20 Claim(s) (USD): $0.59 ($0.585501129500225)

Next Claim Reward: 21 Claim(s) (WEI): 0.000188927122188966 WETH (188927122188966 wei)
Next Claim Reward: 21 Claim(s) (USD): $0.61 ($0.6147761859752363)

Net profit = (Gross Profit - Gas Cost [Avg])
$0.32 = ($0.61 - $0.29) $0.32053596773719334 = ($0.6147761859752363 - $0.29424021823804297)


5b. 22 Claim(s):

Total gas cost: 22 Claim(s) (USD): $0.31 ($0.3083596858425296)

Claim Reward: 21 Claim(s) (WEI): 0.000188927122188966 WETH (188927122188966 wei)
Claim Reward: 21 Claim(s) (USD): $0.61 ($0.6147761859752363)

Next Claim Reward: 22 Claim(s) (WEI): 0.000197923651817012 WETH (197923651817012 wei)
Next Claim Reward: 22 Claim(s) (USD): $0.64 ($0.6440512424502476)

Net profit = (Gross Profit - Gas Cost [Avg])
$0.34 = ($0.64 - $0.31) $0.335691556607718 = ($0.6440512424502476 - $0.3083596858425296)


5b. 23 Claim(s):

Total gas cost: 23 Claim(s) (USD): $0.32 ($0.3224791534470162)

Claim Reward: 22 Claim(s) (WEI): 0.000197923651817012 WETH (197923651817012 wei)
Claim Reward: 22 Claim(s) (USD): $0.64 ($0.6440512424502476)

Next Claim Reward: 23 Claim(s) (WEI): 0.000206920181445058 WETH (206920181445058 wei)
Next Claim Reward: 23 Claim(s) (USD): $0.67 ($0.6733262989252587)

Net profit = (Gross Profit - Gas Cost [Avg])
$0.35 = ($0.67 - $0.32) $0.35084714547824253 = ($0.6733262989252587 - $0.3224791534470162)


5b. 24 Claim(s):

Total gas cost: 24 Claim(s) (USD): $0.34 ($0.33659862105150284)

Claim Reward: 23 Claim(s) (WEI): 0.000206920181445058 WETH (206920181445058 wei)
Claim Reward: 23 Claim(s) (USD): $0.67 ($0.6733262989252587)

Next Claim Reward: 24 Claim(s) (WEI): 0.000215916711073104 WETH (215916711073104 wei)
Next Claim Reward: 24 Claim(s) (USD): $0.7 ($0.70260135540027)

Net profit = (Gross Profit - Gas Cost [Avg])
$0.37 = ($0.7 - $0.34) $0.3660027343487672 = ($0.70260135540027 - $0.33659862105150284)


5b. 25 Claim(s):

Total gas cost: 25 Claim(s) (USD): $0.35 ($0.35071808865598947)

Claim Reward: 24 Claim(s) (WEI): 0.000215916711073104 WETH (215916711073104 wei)
Claim Reward: 24 Claim(s) (USD): $0.7 ($0.70260135540027)

Next Claim Reward: 25 Claim(s) (WEI): 0.00022491324070115 WETH (224913240701150 wei)
Next Claim Reward: 25 Claim(s) (USD): $0.73 ($0.7318764118752812)

Net profit = (Gross Profit - Gas Cost [Avg])
$0.38 = ($0.73 - $0.35) $0.3811583232192917 = ($0.7318764118752812 - $0.35071808865598947)


5b. 26 Claim(s):

Total gas cost: 26 Claim(s) (USD): $0.36 ($0.36483755626047615)

Claim Reward: 25 Claim(s) (WEI): 0.00022491324070115 WETH (224913240701150 wei)
Claim Reward: 25 Claim(s) (USD): $0.73 ($0.7318764118752812)

Next Claim Reward: 26 Claim(s) (WEI): 0.000233909770329196 WETH (233909770329196 wei)
Next Claim Reward: 26 Claim(s) (USD): $0.76 ($0.7611514683502925)

Net profit = (Gross Profit - Gas Cost [Avg])
$0.4 = ($0.76 - $0.36) $0.3963139120898163 = ($0.7611514683502925 - $0.36483755626047615)


5b. 27 Claim(s):

Total gas cost: 27 Claim(s) (USD): $0.38 ($0.37895702386496277)

Claim Reward: 26 Claim(s) (WEI): 0.000233909770329196 WETH (233909770329196 wei)
Claim Reward: 26 Claim(s) (USD): $0.76 ($0.7611514683502925)

Next Claim Reward: 27 Claim(s) (WEI): 0.000242906299957242 WETH (242906299957242 wei)
Next Claim Reward: 27 Claim(s) (USD): $0.79 ($0.7904265248253037)

Net profit = (Gross Profit - Gas Cost [Avg])
$0.41 = ($0.79 - $0.38) $0.41146950096034096 = ($0.7904265248253037 - $0.37895702386496277)


5b. 28 Claim(s):

Total gas cost: 28 Claim(s) (USD): $0.39 ($0.3930764914694494)

Claim Reward: 27 Claim(s) (WEI): 0.000242906299957242 WETH (242906299957242 wei)
Claim Reward: 27 Claim(s) (USD): $0.79 ($0.7904265248253037)

Next Claim Reward: 28 Claim(s) (WEI): 0.000251902829585288 WETH (251902829585288 wei)
Next Claim Reward: 28 Claim(s) (USD): $0.82 ($0.8197015813003151)

Net profit = (Gross Profit - Gas Cost [Avg])
$0.43 = ($0.82 - $0.39) $0.4266250898308657 = ($0.8197015813003151 - $0.3930764914694494)


5b. 29 Claim(s):

Total gas cost: 29 Claim(s) (USD): $0.41 ($0.407195959073936)

Claim Reward: 28 Claim(s) (WEI): 0.000251902829585288 WETH (251902829585288 wei)
Claim Reward: 28 Claim(s) (USD): $0.82 ($0.8197015813003151)

Next Claim Reward: 29 Claim(s) (WEI): 0.000260899359213334 WETH (260899359213334 wei)
Next Claim Reward: 29 Claim(s) (USD): $0.85 ($0.8489766377753262)

Net profit = (Gross Profit - Gas Cost [Avg])
$0.44 = ($0.85 - $0.41) $0.44178067870139015 = ($0.8489766377753262 - $0.407195959073936)


5b. 30 Claim(s):

Total gas cost: 30 Claim(s) (USD): $0.42 ($0.42131542667842264)

Claim Reward: 29 Claim(s) (WEI): 0.000260899359213334 WETH (260899359213334 wei)
Claim Reward: 29 Claim(s) (USD): $0.85 ($0.8489766377753262)

Next Claim Reward: 30 Claim(s) (WEI): 0.00026989588884138 WETH (269895888841380 wei)
Next Claim Reward: 30 Claim(s) (USD): $0.88 ($0.8782516942503374)

Net profit = (Gross Profit - Gas Cost [Avg])
$0.46 = ($0.88 - $0.42) $0.4569362675719148 = ($0.8782516942503374 - $0.42131542667842264)

******************
5c. Profit/Loss (USD):

Net profit = (Gross Profit - Gas Cost [Max])
$0.43 = ($0.85 - $0.42) $0.4276612110969035 = ($0.8489766377753262 - $0.42131542667842264)

Submitting transaction to claim 29 prize(s):

0x33335296c9b020ca3252e4953c11decfdce816b8-0x6524D6Be20CdfB30bFdc4ce9BfAa70e386728183-4-127
0x33335296c9b020ca3252e4953c11decfdce816b8-0x7C8B7651aCe39B38A56ed7065Ea39008739b7B39-4-41
0x33335296c9b020ca3252e4953c11decfdce816b8-0x47F646c3a85651F3E368911A2F2a9d7B36fa0C1E-4-251
0x33335296c9b020ca3252e4953c11decfdce816b8-0xF8919751251A4869F8f126d951484527762028fD-4-81
0x33335296c9b020ca3252e4953c11decfdce816b8-0x1955b4672F30cb926aD6BC122F5683BC1A07ba28-4-12
0x33335296c9b020ca3252e4953c11decfdce816b8-0xEb18093Ea15cB4a0553342e49BFc93Ef1398Db95-4-135
0x33335296c9b020ca3252e4953c11decfdce816b8-0x322434977b3CcCAAD9F36Cc1146210d4B957058d-4-169
0x33335296c9b020ca3252e4953c11decfdce816b8-0xb269c1659bc620a2990E6C5b8d71A5c36bF41B55-4-233
0x33335296c9b020ca3252e4953c11decfdce816b8-0x616d08E71c626Df0c0CE9bc2Fd16d2Dae4B46EfD-4-60
0x33335296c9b020ca3252e4953c11decfdce816b8-0x5302EbB2704C4d42e3b77eF22bC5eC71a8812d62-4-195
0x33335296c9b020ca3252e4953c11decfdce816b8-0x95140b511f6Dbca2fE00bA494d5889B2D71c7943-4-42
0x33335296c9b020ca3252e4953c11decfdce816b8-0x72688103D64fc23Ea091F74dA3219dd4909dD868-4-119
0x33335296c9b020ca3252e4953c11decfdce816b8-0xC4c4bcA3D17F15eE3B75827De8d50fAacEFaf163-4-226
0x33335296c9b020ca3252e4953c11decfdce816b8-0x88e568c19A013BFc11b801679a20c88e3862442B-4-114
0x33335296c9b020ca3252e4953c11decfdce816b8-0x2eB71D96e1742B59291E45502DF42fbe7Be02eC3-4-13
0x33335296c9b020ca3252e4953c11decfdce816b8-0xA7f92FD42aAcFc5B553c71E7D8a14fEC869019f8-4-0
0x33335296c9b020ca3252e4953c11decfdce816b8-0xB3D7625C208B826c3430c737b86f1F1273c8546d-4-111
0x33335296c9b020ca3252e4953c11decfdce816b8-0x8BC1149521f6c439656A53B9e8fd5ED4E901Bd7b-4-44
0x33335296c9b020ca3252e4953c11decfdce816b8-0xB122E4655653cC0A6b1Ea844D0F67bc3c85406AF-4-17
0x33335296c9b020ca3252e4953c11decfdce816b8-0x611AD0298613b2A1193dfc0044eC17F83CAbA8f9-4-188
0x33335296c9b020ca3252e4953c11decfdce816b8-0xA2F12Fdfce81B10f5B0a3E833d2FcE7D27771f9e-4-84
0x33335296c9b020ca3252e4953c11decfdce816b8-0xC5b862C8CFa9000BdE83f9371226463Fc8fE5db0-4-225
0x33335296c9b020ca3252e4953c11decfdce816b8-0x71346D881e192f21Cec153a8f449878838baDAd9-4-30
0x33335296c9b020ca3252e4953c11decfdce816b8-0x205f9dFe0A4C1F3f2ba35aB78Df29AcF0ad1b464-4-236
0x33335296c9b020ca3252e4953c11decfdce816b8-0x403121D8749d6555ED776BA095E905422d3dec6e-4-23
0x33335296c9b020ca3252e4953c11decfdce816b8-0xd6cebb093B629Cd7996D5749b6ce7916d496aF36-4-103
0x33335296c9b020ca3252e4953c11decfdce816b8-0xDcA091e62C0279D9598Db1da937D1E4a1D10B69e-4-166
0x33335296c9b020ca3252e4953c11decfdce816b8-0x8Eb9353dAB5115EAE16c2F3EB79961817E7fc835-4-72
0x33335296c9b020ca3252e4953c11decfdce816b8-0x72511Fa5b1624Ec40BcE64Fb624aF7430E894cF6-4-182



Execute Claim Transaction for Tier #4 (Canary tier)



Transaction sent! ✔
Transaction hash: 0xf220fb33059dd9457eaa455b386e139bd50b3bcd07d356286611f330e64f8373
Waiting on transaction to be confirmed ...
Tx confirmed !




******************
Processing:
Vault:     0x7fad91a4a29109303188d8758f1a9d60ce988349
Tier:      #4 (Canary tier)
# prizes:  52

5a. Calculating # of profitable claims ...

Native (Gas) Token ETH Market Rate (USD): $3254.35

Estimated gas limit (wei) (1 prize claim): 0.000000000000171435 ETH (171435 wei)
Estimated gas limit (wei) (2 prize claims): 0.000000000000247304 ETH (247304 wei)

Gas Cost: First Claim (wei): 0.000000000000171435 ETH (171435 wei)
Gas Cost: Each Following Claim (wei): 0.000000000000075869 ETH (75869 wei)

Gas Cost: First Claim (USD): $0.01 $0.013268977821581093
Gas Cost: Each Following Claim (USD): $0.02 $0.015859932532089904

5b. 1 Claim(s):

Total gas cost: 1 Claim(s) (USD): $0.01 ($0.013268977821581093)

Next Claim Reward: 1 Claim(s) (WEI): 0.000008996529628046 WETH (8996529628046 wei)
Next Claim Reward: 1 Claim(s) (USD): $0.03 ($0.02927505647501125)

Net profit = (Gross Profit - Gas Cost [Avg])
$0.02 = ($0.03 - $0.01) $0.016006078653430157 = ($0.02927505647501125 - $0.013268977821581093)


5b. 2 Claim(s):

Total gas cost: 2 Claim(s) (USD): $0.03 ($0.029128910353670996)

Claim Reward: 1 Claim(s) (WEI): 0.000008996529628046 WETH (8996529628046 wei)
Claim Reward: 1 Claim(s) (USD): $0.03 ($0.02927505647501125)

Next Claim Reward: 2 Claim(s) (WEI): 0.000017993059256092 WETH (17993059256092 wei)
Next Claim Reward: 2 Claim(s) (USD): $0.06 ($0.0585501129500225)

Net profit = (Gross Profit - Gas Cost [Avg])
$0.03 = ($0.06 - $0.03) $0.029421202596351503 = ($0.0585501129500225 - $0.029128910353670996)


5b. 3 Claim(s):

Total gas cost: 3 Claim(s) (USD): $0.04 ($0.044988842885760896)

Claim Reward: 2 Claim(s) (WEI): 0.000017993059256092 WETH (17993059256092 wei)
Claim Reward: 2 Claim(s) (USD): $0.06 ($0.0585501129500225)

Next Claim Reward: 3 Claim(s) (WEI): 0.000026989588884138 WETH (26989588884138 wei)
Next Claim Reward: 3 Claim(s) (USD): $0.09 ($0.08782516942503375)

Net profit = (Gross Profit - Gas Cost [Avg])
$0.04 = ($0.09 - $0.04) $0.042836326539272856 = ($0.08782516942503375 - $0.044988842885760896)


5b. 4 Claim(s):

Total gas cost: 4 Claim(s) (USD): $0.06 ($0.0608487754178508)

Claim Reward: 3 Claim(s) (WEI): 0.000026989588884138 WETH (26989588884138 wei)
Claim Reward: 3 Claim(s) (USD): $0.09 ($0.08782516942503375)

Next Claim Reward: 4 Claim(s) (WEI): 0.000035986118512184 WETH (35986118512184 wei)
Next Claim Reward: 4 Claim(s) (USD): $0.12 ($0.117100225900045)

Net profit = (Gross Profit - Gas Cost [Avg])
$0.06 = ($0.12 - $0.06) $0.056251450482194196 = ($0.117100225900045 - $0.0608487754178508)


5b. 5 Claim(s):

Total gas cost: 5 Claim(s) (USD): $0.08 ($0.07670870794994071)

Claim Reward: 4 Claim(s) (WEI): 0.000035986118512184 WETH (35986118512184 wei)
Claim Reward: 4 Claim(s) (USD): $0.12 ($0.117100225900045)

Next Claim Reward: 5 Claim(s) (WEI): 0.00004498264814023 WETH (44982648140230 wei)
Next Claim Reward: 5 Claim(s) (USD): $0.15 ($0.14637528237505626)

Net profit = (Gross Profit - Gas Cost [Avg])
$0.07 = ($0.15 - $0.08) $0.06966657442511555 = ($0.14637528237505626 - $0.07670870794994071)


5b. 6 Claim(s):

Total gas cost: 6 Claim(s) (USD): $0.09 ($0.09256864048203062)

Claim Reward: 5 Claim(s) (WEI): 0.00004498264814023 WETH (44982648140230 wei)
Claim Reward: 5 Claim(s) (USD): $0.15 ($0.14637528237505626)

Next Claim Reward: 6 Claim(s) (WEI): 0.000053979177768276 WETH (53979177768276 wei)
Next Claim Reward: 6 Claim(s) (USD): $0.18 ($0.1756503388500675)

Net profit = (Gross Profit - Gas Cost [Avg])
$0.08 = ($0.18 - $0.09) $0.08308169836803689 = ($0.1756503388500675 - $0.09256864048203062)


5b. 7 Claim(s):

Total gas cost: 7 Claim(s) (USD): $0.11 ($0.10842857301412051)

Claim Reward: 6 Claim(s) (WEI): 0.000053979177768276 WETH (53979177768276 wei)
Claim Reward: 6 Claim(s) (USD): $0.18 ($0.1756503388500675)

Next Claim Reward: 7 Claim(s) (WEI): 0.000062975707396322 WETH (62975707396322 wei)
Next Claim Reward: 7 Claim(s) (USD): $0.2 ($0.20492539532507878)

Net profit = (Gross Profit - Gas Cost [Avg])
$0.1 = ($0.2 - $0.11) $0.09649682231095827 = ($0.20492539532507878 - $0.10842857301412051)


5b. 8 Claim(s):

Total gas cost: 8 Claim(s) (USD): $0.12 ($0.12428850554621042)

Claim Reward: 7 Claim(s) (WEI): 0.000062975707396322 WETH (62975707396322 wei)
Claim Reward: 7 Claim(s) (USD): $0.2 ($0.20492539532507878)

Next Claim Reward: 8 Claim(s) (WEI): 0.000071972237024368 WETH (71972237024368 wei)
Next Claim Reward: 8 Claim(s) (USD): $0.23 ($0.23420045180009)

Net profit = (Gross Profit - Gas Cost [Avg])
$0.11 = ($0.23 - $0.12) $0.10991194625387958 = ($0.23420045180009 - $0.12428850554621042)


5b. 9 Claim(s):

Total gas cost: 9 Claim(s) (USD): $0.14 ($0.14014843807830032)

Claim Reward: 8 Claim(s) (WEI): 0.000071972237024368 WETH (71972237024368 wei)
Claim Reward: 8 Claim(s) (USD): $0.23 ($0.23420045180009)

Next Claim Reward: 9 Claim(s) (WEI): 0.000080968766652414 WETH (80968766652414 wei)
Next Claim Reward: 9 Claim(s) (USD): $0.26 ($0.26347550827510124)

Net profit = (Gross Profit - Gas Cost [Avg])
$0.12 = ($0.26 - $0.14) $0.12332707019680092 = ($0.26347550827510124 - $0.14014843807830032)


5b. 10 Claim(s):

Total gas cost: 10 Claim(s) (USD): $0.16 ($0.15600837061039022)

Claim Reward: 9 Claim(s) (WEI): 0.000080968766652414 WETH (80968766652414 wei)
Claim Reward: 9 Claim(s) (USD): $0.26 ($0.26347550827510124)

Next Claim Reward: 10 Claim(s) (WEI): 0.00008996529628046 WETH (89965296280460 wei)
Next Claim Reward: 10 Claim(s) (USD): $0.29 ($0.2927505647501125)

Net profit = (Gross Profit - Gas Cost [Avg])
$0.14 = ($0.29 - $0.16) $0.1367421941397223 = ($0.2927505647501125 - $0.15600837061039022)


5b. 11 Claim(s):

Total gas cost: 11 Claim(s) (USD): $0.17 ($0.17186830314248014)

Claim Reward: 10 Claim(s) (WEI): 0.00008996529628046 WETH (89965296280460 wei)
Claim Reward: 10 Claim(s) (USD): $0.29 ($0.2927505647501125)

Next Claim Reward: 11 Claim(s) (WEI): 0.000098961825908506 WETH (98961825908506 wei)
Next Claim Reward: 11 Claim(s) (USD): $0.32 ($0.3220256212251238)

Net profit = (Gross Profit - Gas Cost [Avg])
$0.15 = ($0.32 - $0.17) $0.15015731808264365 = ($0.3220256212251238 - $0.17186830314248014)


5b. 12 Claim(s):

Total gas cost: 12 Claim(s) (USD): $0.19 ($0.18772823567457003)

Claim Reward: 11 Claim(s) (WEI): 0.000098961825908506 WETH (98961825908506 wei)
Claim Reward: 11 Claim(s) (USD): $0.32 ($0.3220256212251238)

Next Claim Reward: 12 Claim(s) (WEI): 0.000107958355536552 WETH (107958355536552 wei)
Next Claim Reward: 12 Claim(s) (USD): $0.35 ($0.351300677700135)

Net profit = (Gross Profit - Gas Cost [Avg])
$0.16 = ($0.35 - $0.19) $0.16357244202556498 = ($0.351300677700135 - $0.18772823567457003)


5b. 13 Claim(s):

Total gas cost: 13 Claim(s) (USD): $0.2 ($0.20358816820665993)

Claim Reward: 12 Claim(s) (WEI): 0.000107958355536552 WETH (107958355536552 wei)
Claim Reward: 12 Claim(s) (USD): $0.35 ($0.351300677700135)

Next Claim Reward: 13 Claim(s) (WEI): 0.000116954885164598 WETH (116954885164598 wei)
Next Claim Reward: 13 Claim(s) (USD): $0.38 ($0.38057573417514623)

Net profit = (Gross Profit - Gas Cost [Avg])
$0.18 = ($0.38 - $0.2) $0.1769875659684863 = ($0.38057573417514623 - $0.20358816820665993)


5b. 14 Claim(s):

Total gas cost: 14 Claim(s) (USD): $0.22 ($0.21944810073874985)

Claim Reward: 13 Claim(s) (WEI): 0.000116954885164598 WETH (116954885164598 wei)
Claim Reward: 13 Claim(s) (USD): $0.38 ($0.38057573417514623)

Next Claim Reward: 14 Claim(s) (WEI): 0.000125951414792644 WETH (125951414792644 wei)
Next Claim Reward: 14 Claim(s) (USD): $0.41 ($0.40985079065015756)

Net profit = (Gross Profit - Gas Cost [Avg])
$0.19 = ($0.41 - $0.22) $0.1904026899114077 = ($0.40985079065015756 - $0.21944810073874985)


5b. 15 Claim(s):

Total gas cost: 15 Claim(s) (USD): $0.24 ($0.23530803327083974)

Claim Reward: 14 Claim(s) (WEI): 0.000125951414792644 WETH (125951414792644 wei)
Claim Reward: 14 Claim(s) (USD): $0.41 ($0.40985079065015756)

Next Claim Reward: 15 Claim(s) (WEI): 0.00013494794442069 WETH (134947944420690 wei)
Next Claim Reward: 15 Claim(s) (USD): $0.44 ($0.4391258471251687)

Net profit = (Gross Profit - Gas Cost [Avg])
$0.2 = ($0.44 - $0.24) $0.20381781385432898 = ($0.4391258471251687 - $0.23530803327083974)


5b. 16 Claim(s):

Total gas cost: 16 Claim(s) (USD): $0.25 ($0.25116796580292966)

Claim Reward: 15 Claim(s) (WEI): 0.00013494794442069 WETH (134947944420690 wei)
Claim Reward: 15 Claim(s) (USD): $0.44 ($0.4391258471251687)

Next Claim Reward: 16 Claim(s) (WEI): 0.000143944474048736 WETH (143944474048736 wei)
Next Claim Reward: 16 Claim(s) (USD): $0.47 ($0.46840090360018)

Net profit = (Gross Profit - Gas Cost [Avg])
$0.22 = ($0.47 - $0.25) $0.21723293779725034 = ($0.46840090360018 - $0.25116796580292966)


5b. 17 Claim(s):

Total gas cost: 17 Claim(s) (USD): $0.27 ($0.26702789833501955)

Claim Reward: 16 Claim(s) (WEI): 0.000143944474048736 WETH (143944474048736 wei)
Claim Reward: 16 Claim(s) (USD): $0.47 ($0.46840090360018)

Next Claim Reward: 17 Claim(s) (WEI): 0.000152941003676782 WETH (152941003676782 wei)
Next Claim Reward: 17 Claim(s) (USD): $0.5 ($0.4976759600751912)

Net profit = (Gross Profit - Gas Cost [Avg])
$0.23 = ($0.5 - $0.27) $0.23064806174017166 = ($0.4976759600751912 - $0.26702789833501955)


5b. 18 Claim(s):

Total gas cost: 18 Claim(s) (USD): $0.28 ($0.28288783086710945)

Claim Reward: 17 Claim(s) (WEI): 0.000152941003676782 WETH (152941003676782 wei)
Claim Reward: 17 Claim(s) (USD): $0.5 ($0.4976759600751912)

Next Claim Reward: 18 Claim(s) (WEI): 0.000161937533304828 WETH (161937533304828 wei)
Next Claim Reward: 18 Claim(s) (USD): $0.53 ($0.5269510165502025)

Net profit = (Gross Profit - Gas Cost [Avg])
$0.24 = ($0.53 - $0.28) $0.24406318568309304 = ($0.5269510165502025 - $0.28288783086710945)


5b. 19 Claim(s):

Total gas cost: 19 Claim(s) (USD): $0.3 ($0.29874776339919934)

Claim Reward: 18 Claim(s) (WEI): 0.000161937533304828 WETH (161937533304828 wei)
Claim Reward: 18 Claim(s) (USD): $0.53 ($0.5269510165502025)

Next Claim Reward: 19 Claim(s) (WEI): 0.000170934062932874 WETH (170934062932874 wei)
Next Claim Reward: 19 Claim(s) (USD): $0.56 ($0.5562260730252138)

Net profit = (Gross Profit - Gas Cost [Avg])
$0.26 = ($0.56 - $0.3) $0.2574783096260144 = ($0.5562260730252138 - $0.29874776339919934)


5b. 20 Claim(s):

Total gas cost: 20 Claim(s) (USD): $0.31 ($0.3146076959312893)

Claim Reward: 19 Claim(s) (WEI): 0.000170934062932874 WETH (170934062932874 wei)
Claim Reward: 19 Claim(s) (USD): $0.56 ($0.5562260730252138)

Next Claim Reward: 20 Claim(s) (WEI): 0.00017993059256092 WETH (179930592560920 wei)
Next Claim Reward: 20 Claim(s) (USD): $0.59 ($0.585501129500225)

Net profit = (Gross Profit - Gas Cost [Avg])
$0.27 = ($0.59 - $0.31) $0.27089343356893575 = ($0.585501129500225 - $0.3146076959312893)


5b. 21 Claim(s):

Total gas cost: 21 Claim(s) (USD): $0.33 ($0.3304676284633792)

Claim Reward: 20 Claim(s) (WEI): 0.00017993059256092 WETH (179930592560920 wei)
Claim Reward: 20 Claim(s) (USD): $0.59 ($0.585501129500225)

Next Claim Reward: 21 Claim(s) (WEI): 0.000188927122188966 WETH (188927122188966 wei)
Next Claim Reward: 21 Claim(s) (USD): $0.61 ($0.6147761859752363)

Net profit = (Gross Profit - Gas Cost [Avg])
$0.28 = ($0.61 - $0.33) $0.28430855751185713 = ($0.6147761859752363 - $0.3304676284633792)


5b. 22 Claim(s):

Total gas cost: 22 Claim(s) (USD): $0.35 ($0.3463275609954691)

Claim Reward: 21 Claim(s) (WEI): 0.000188927122188966 WETH (188927122188966 wei)
Claim Reward: 21 Claim(s) (USD): $0.61 ($0.6147761859752363)

Next Claim Reward: 22 Claim(s) (WEI): 0.000197923651817012 WETH (197923651817012 wei)
Next Claim Reward: 22 Claim(s) (USD): $0.64 ($0.6440512424502476)

Net profit = (Gross Profit - Gas Cost [Avg])
$0.3 = ($0.64 - $0.35) $0.2977236814547785 = ($0.6440512424502476 - $0.3463275609954691)


5b. 23 Claim(s):

Total gas cost: 23 Claim(s) (USD): $0.36 ($0.36218749352755897)

Claim Reward: 22 Claim(s) (WEI): 0.000197923651817012 WETH (197923651817012 wei)
Claim Reward: 22 Claim(s) (USD): $0.64 ($0.6440512424502476)

Next Claim Reward: 23 Claim(s) (WEI): 0.000206920181445058 WETH (206920181445058 wei)
Next Claim Reward: 23 Claim(s) (USD): $0.67 ($0.6733262989252587)

Net profit = (Gross Profit - Gas Cost [Avg])
$0.31 = ($0.67 - $0.36) $0.3111388053976998 = ($0.6733262989252587 - $0.36218749352755897)


5b. 24 Claim(s):

Total gas cost: 24 Claim(s) (USD): $0.38 ($0.37804742605964886)

Claim Reward: 23 Claim(s) (WEI): 0.000206920181445058 WETH (206920181445058 wei)
Claim Reward: 23 Claim(s) (USD): $0.67 ($0.6733262989252587)

Next Claim Reward: 24 Claim(s) (WEI): 0.000215916711073104 WETH (215916711073104 wei)
Next Claim Reward: 24 Claim(s) (USD): $0.7 ($0.70260135540027)

Net profit = (Gross Profit - Gas Cost [Avg])
$0.32 = ($0.7 - $0.38) $0.32455392934062116 = ($0.70260135540027 - $0.37804742605964886)


5b. 25 Claim(s):

Total gas cost: 25 Claim(s) (USD): $0.39 ($0.39390735859173875)

Claim Reward: 24 Claim(s) (WEI): 0.000215916711073104 WETH (215916711073104 wei)
Claim Reward: 24 Claim(s) (USD): $0.7 ($0.70260135540027)

Next Claim Reward: 25 Claim(s) (WEI): 0.00022491324070115 WETH (224913240701150 wei)
Next Claim Reward: 25 Claim(s) (USD): $0.73 ($0.7318764118752812)

Net profit = (Gross Profit - Gas Cost [Avg])
$0.34 = ($0.73 - $0.39) $0.33796905328354243 = ($0.7318764118752812 - $0.39390735859173875)


5b. 26 Claim(s):

Total gas cost: 26 Claim(s) (USD): $0.41 ($0.4097672911238287)

Claim Reward: 25 Claim(s) (WEI): 0.00022491324070115 WETH (224913240701150 wei)
Claim Reward: 25 Claim(s) (USD): $0.73 ($0.7318764118752812)

Next Claim Reward: 26 Claim(s) (WEI): 0.000233909770329196 WETH (233909770329196 wei)
Next Claim Reward: 26 Claim(s) (USD): $0.76 ($0.7611514683502925)

Net profit = (Gross Profit - Gas Cost [Avg])
$0.35 = ($0.76 - $0.41) $0.35138417722646376 = ($0.7611514683502925 - $0.4097672911238287)


5b. 27 Claim(s):

Total gas cost: 27 Claim(s) (USD): $0.43 ($0.4256272236559186)

Claim Reward: 26 Claim(s) (WEI): 0.000233909770329196 WETH (233909770329196 wei)
Claim Reward: 26 Claim(s) (USD): $0.76 ($0.7611514683502925)

Next Claim Reward: 27 Claim(s) (WEI): 0.000242906299957242 WETH (242906299957242 wei)
Next Claim Reward: 27 Claim(s) (USD): $0.79 ($0.7904265248253037)

Net profit = (Gross Profit - Gas Cost [Avg])
$0.36 = ($0.79 - $0.43) $0.36479930116938514 = ($0.7904265248253037 - $0.4256272236559186)


5b. 28 Claim(s):

Total gas cost: 28 Claim(s) (USD): $0.44 ($0.4414871561880085)

Claim Reward: 27 Claim(s) (WEI): 0.000242906299957242 WETH (242906299957242 wei)
Claim Reward: 27 Claim(s) (USD): $0.79 ($0.7904265248253037)

Next Claim Reward: 28 Claim(s) (WEI): 0.000251902829585288 WETH (251902829585288 wei)
Next Claim Reward: 28 Claim(s) (USD): $0.82 ($0.8197015813003151)

Net profit = (Gross Profit - Gas Cost [Avg])
$0.38 = ($0.82 - $0.44) $0.37821442511230663 = ($0.8197015813003151 - $0.4414871561880085)


5b. 29 Claim(s):

Total gas cost: 29 Claim(s) (USD): $0.46 ($0.4573470887200984)

Claim Reward: 28 Claim(s) (WEI): 0.000251902829585288 WETH (251902829585288 wei)
Claim Reward: 28 Claim(s) (USD): $0.82 ($0.8197015813003151)

Next Claim Reward: 29 Claim(s) (WEI): 0.000260899359213334 WETH (260899359213334 wei)
Next Claim Reward: 29 Claim(s) (USD): $0.85 ($0.8489766377753262)

Net profit = (Gross Profit - Gas Cost [Avg])
$0.39 = ($0.85 - $0.46) $0.3916295490552278 = ($0.8489766377753262 - $0.4573470887200984)


5b. 30 Claim(s):

Total gas cost: 30 Claim(s) (USD): $0.47 ($0.4732070212521883)

Claim Reward: 29 Claim(s) (WEI): 0.000260899359213334 WETH (260899359213334 wei)
Claim Reward: 29 Claim(s) (USD): $0.85 ($0.8489766377753262)

Next Claim Reward: 30 Claim(s) (WEI): 0.00026989588884138 WETH (269895888841380 wei)
Next Claim Reward: 30 Claim(s) (USD): $0.88 ($0.8782516942503374)

Net profit = (Gross Profit - Gas Cost [Avg])
$0.41 = ($0.88 - $0.47) $0.40504467299814917 = ($0.8782516942503374 - $0.4732070212521883)

******************
5c. Profit/Loss (USD):

Net profit = (Gross Profit - Gas Cost [Max])
$0.38 = ($0.85 - $0.47) $0.3757696165231379 = ($0.8489766377753262 - $0.4732070212521883)

Submitting transaction to claim 29 prize(s):

0x7fad91a4a29109303188d8758f1a9d60ce988349-0x57a46235bc91d20f0a13e7C765302aD4B01a3c53-4-163
0x7fad91a4a29109303188d8758f1a9d60ce988349-0x4b447D5074C7F5405B2eF545Fa4e3EA1224F5497-4-73
0x7fad91a4a29109303188d8758f1a9d60ce988349-0x5a0C4864561C09CF4Bd8d203e9679A205FEcA451-4-221
0x7fad91a4a29109303188d8758f1a9d60ce988349-0x1F5Cd4f030a3344eDe28dEB4C1Fc75e83Dc05B1d-4-129
0x7fad91a4a29109303188d8758f1a9d60ce988349-0x34ce5b23C77224f9754aef8D33675a2F99d53443-4-235
0x7fad91a4a29109303188d8758f1a9d60ce988349-0xE8bDB216f0C21156F7D877bed68c9d3695550F42-4-118
0x7fad91a4a29109303188d8758f1a9d60ce988349-0x260bB9fd3f3341915E17830d4Cf822C2933B3Edc-4-23
0x7fad91a4a29109303188d8758f1a9d60ce988349-0x13D150Dae2608f23dA2D56A0818290A13a9C9b98-4-55
0x7fad91a4a29109303188d8758f1a9d60ce988349-0x0Da98668Fd651AA317eB4EFdE0165b79747e98C2-4-33
0x7fad91a4a29109303188d8758f1a9d60ce988349-0xC5DD84985F989f0B4454b14ca287F142B69ff041-4-84
0x7fad91a4a29109303188d8758f1a9d60ce988349-0xfFeb5852E91AE47171A314606CBA07faa3C50F00-4-8
0x7fad91a4a29109303188d8758f1a9d60ce988349-0xfFeb5852E91AE47171A314606CBA07faa3C50F00-4-105
0x7fad91a4a29109303188d8758f1a9d60ce988349-0x33a58EDd4DF729Ff834ECa5107534C591Ef8EabC-4-48
0x7fad91a4a29109303188d8758f1a9d60ce988349-0xe6b407bC5A7D644D4ed78ee995F2Da905fC2aBFA-4-100
0x7fad91a4a29109303188d8758f1a9d60ce988349-0x30Dd3CE7fb3ef768696a032cc77C157c9e91A438-4-248
0x7fad91a4a29109303188d8758f1a9d60ce988349-0x5c763CD8Bfb39C09Ca363A9Dce06302d7c4Dbb6e-4-228
0x7fad91a4a29109303188d8758f1a9d60ce988349-0xA19c332f596522549A689A9cC1e8C0cdfFd31c57-4-103
0x7fad91a4a29109303188d8758f1a9d60ce988349-0x1Be7FBd75DA89AEcCeC842f391eD8f17230837c3-4-32
0x7fad91a4a29109303188d8758f1a9d60ce988349-0x4Da38FDb10D8e94fbFb23074189942C364c8191a-4-251
0x7fad91a4a29109303188d8758f1a9d60ce988349-0xC164D052595c4FEf808E30eAf4398f94dA662c77-4-225
0x7fad91a4a29109303188d8758f1a9d60ce988349-0x2947571cf552c4da90242AF6449c5C68AAdBBED2-4-227
0x7fad91a4a29109303188d8758f1a9d60ce988349-0xAFa96aac9d03Da7bc390779Ad7F1f92bfC1a8064-4-152
0x7fad91a4a29109303188d8758f1a9d60ce988349-0x76872F29A68CA6c66F6441DCebbD1cf71ED79620-4-27
0x7fad91a4a29109303188d8758f1a9d60ce988349-0x8f65e0Ce93Fe743989B118414BbF101ed3AFc391-4-160
0x7fad91a4a29109303188d8758f1a9d60ce988349-0x03FE8DeC2e5b27F40B1c5c5d1896C6AC263a95d5-4-0
0x7fad91a4a29109303188d8758f1a9d60ce988349-0x9a2e9C417A12A66433932393AF1DB65e1F0A6800-4-43
0x7fad91a4a29109303188d8758f1a9d60ce988349-0x094B932f608d6D5810541AE8dE9094B69D2408C7-4-145
0x7fad91a4a29109303188d8758f1a9d60ce988349-0x44d29b01086e3b7261435cf4a090e529cA8395Aa-4-208
0x7fad91a4a29109303188d8758f1a9d60ce988349-0x9442C46Ed344CcA7caF54CFdb9d7328dA72e8E29-4-17



Execute Claim Transaction for Tier #4 (Canary tier)



Transaction sent! ✔
Transaction hash: 0x2a79d211032e69b1295a0388909099dd253d2341e03850b5a8cfdb68f10b3ffa
Waiting on transaction to be confirmed ...
Tx confirmed !
