Operating on: 11155420 - Optimism Sepolia

Config - REWARD_RECIPIENT not provided, setting swap recipient to relayer address: 0x06003274c3a7926c04cA8d6903cc691fE8f3CEC2
Config - MIN_PROFIT_THRESHOLD_USD: 0.05

Starting ...
Getting prize pool info ...
Getting prize context ...

******************
1. Prize token: WETH

┌────────────┬──────────────────────────────────────────────┬──────────┬─────────────────┬────────┬──────────────┐
│ (index)    │ address                                      │ decimals │ name            │ symbol │ assetRateUsd │
├────────────┼──────────────────────────────────────────────┼──────────┼─────────────────┼────────┼──────────────┤
│ prizeToken │ '0xC355F97a3Aa2808Acb536E555764b8FB26fB4b37' │ 18       │ 'Wrapped Ether' │ 'WETH' │ 2972.1873    │
└────────────┴──────────────────────────────────────────────┴──────────┴─────────────────┴────────┴──────────────┘
┌─────────┬──────────┬───────────────────────────────┐
│ (index) │ numTiers │ tiersRangeArray               │
├─────────┼──────────┼───────────────────────────────┤
│ tiers   │ 7        │ [ 0, 1, 2, ... 4 more items ] │
└─────────┴──────────┴───────────────────────────────┘
Draw ID: 29
Prize Token WETH MarketRate USD:  $2972.1873

******************
Getting prize vaults ...
Found 6 prize vaults.

281 prizes already claimed for draw #29.
4963 prizes remaining to be claimed...




******************
Processing:
Vault:     0x33335296c9b020ca3252e4953c11decfdce816b8
Tier:      #4
# prizes:  36

5a. Calculating # of profitable claims ...

Native (Gas) Token ETH Market Rate (USD): $2977.81

Estimated gas limit (wei) (1 prize claim): 0.000000000000236248 ETH (236248 wei)
Estimated gas limit (wei) (2 prize claims): 0.000000000000344892 ETH (344892 wei)

Gas Cost: First Claim (wei): 0.000000000000236248 ETH (236248 wei)
Gas Cost: Each Following Claim (wei): 0.000000000000108644 ETH (108644 wei)

Gas Cost: First Claim (USD): $0.02 $0.017273974522694236
Gas Cost: Each Following Claim (USD): $0.02 $0.020677068645612747

5b. 1 Claim(s):

Total gas cost: 1 Claim(s) (USD): $0.02 ($0.017273974522694236)

Next Claim Reward: 1 Claim(s) (WEI): 0.00012708358552396 WETH (127083585523960 wei)
Next Claim Reward: 1 Claim(s) (USD): $0.38 ($0.37771621893277774)

Net profit = (Gross Profit - Gas Cost [Avg])
$0.36 = ($0.38 - $0.02) $0.3604422444100835 = ($0.37771621893277774 - $0.017273974522694236)


5b. 2 Claim(s):

Total gas cost: 2 Claim(s) (USD): $0.04 ($0.03795104316830698)

Claim Reward: 1 Claim(s) (WEI): 0.00012708358552396 WETH (127083585523960 wei)
Claim Reward: 1 Claim(s) (USD): $0.38 ($0.37771621893277774)

Next Claim Reward: 2 Claim(s) (WEI): 0.000254012532537762 WETH (254012532537762 wei)
Next Claim Reward: 2 Claim(s) (USD): $0.75 ($0.754972823249573)

Net profit = (Gross Profit - Gas Cost [Avg])
$0.72 = ($0.75 - $0.04) $0.717021780081266 = ($0.754972823249573 - $0.03795104316830698)


5b. 3 Claim(s):

Total gas cost: 3 Claim(s) (USD): $0.06 ($0.058628111813919734)

Claim Reward: 2 Claim(s) (WEI): 0.000254012532537762 WETH (254012532537762 wei)
Claim Reward: 2 Claim(s) (USD): $0.75 ($0.754972823249573)

Next Claim Reward: 3 Claim(s) (WEI): 0.000380787029209443 WETH (380787029209443 wei)
Next Claim Reward: 3 Claim(s) (USD): $1.13 ($1.1317703722210357)

Net profit = (Gross Profit - Gas Cost [Avg])
$1.07 = ($1.13 - $0.06) $1.073142260407116 = ($1.1317703722210357 - $0.058628111813919734)


5b. 4 Claim(s):

Total gas cost: 4 Claim(s) (USD): $0.08 ($0.07930518045953247)

Claim Reward: 3 Claim(s) (WEI): 0.000380787029209443 WETH (380787029209443 wei)
Claim Reward: 3 Claim(s) (USD): $1.13 ($1.1317703722210357)

Next Claim Reward: 4 Claim(s) (WEI): 0.000507407263478072 WETH (507407263478072 wei)
Next Claim Reward: 4 Claim(s) (USD): $1.51 ($1.5081094244372795)

Net profit = (Gross Profit - Gas Cost [Avg])
$1.43 = ($1.51 - $0.08) $1.428804243977747 = ($1.5081094244372795 - $0.07930518045953247)


5b. 5 Claim(s):

Total gas cost: 5 Claim(s) (USD): $0.1 ($0.09998224910514522)

Claim Reward: 4 Claim(s) (WEI): 0.000507407263478072 WETH (507407263478072 wei)
Claim Reward: 4 Claim(s) (USD): $1.51 ($1.5081094244372795)

Next Claim Reward: 5 Claim(s) (WEI): 0.000633873423054035 WETH (633873423054035 wei)
Next Claim Reward: 5 Claim(s) (USD): $1.88 ($1.88399053780873)

Net profit = (Gross Profit - Gas Cost [Avg])
$1.78 = ($1.88 - $0.1) $1.7840082887035849 = ($1.88399053780873 - $0.09998224910514522)


5b. 6 Claim(s):

Total gas cost: 6 Claim(s) (USD): $0.12 ($0.12065931775075797)

Claim Reward: 5 Claim(s) (WEI): 0.000633873423054035 WETH (633873423054035 wei)
Claim Reward: 5 Claim(s) (USD): $1.88 ($1.88399053780873)

Next Claim Reward: 6 Claim(s) (WEI): 0.000760185695419296 WETH (760185695419296 wei)
Next Claim Reward: 6 Claim(s) (USD): $2.26 ($2.2594142695668995)

Net profit = (Gross Profit - Gas Cost [Avg])
$2.14 = ($2.26 - $0.12) $2.1387549518161415 = ($2.2594142695668995 - $0.12065931775075797)


5b. 7 Claim(s):

Total gas cost: 7 Claim(s) (USD): $0.14 ($0.14133638639637072)

Claim Reward: 6 Claim(s) (WEI): 0.000760185695419296 WETH (760185695419296 wei)
Claim Reward: 6 Claim(s) (USD): $2.26 ($2.2594142695668995)

Next Claim Reward: 7 Claim(s) (WEI): 0.00088634426782769 WETH (886344267827690 wei)
Next Claim Reward: 7 Claim(s) (USD): $2.63 ($2.6343811762652587)

Net profit = (Gross Profit - Gas Cost [Avg])
$2.49 = ($2.63 - $0.14) $2.493044789868888 = ($2.6343811762652587 - $0.14133638639637072)


5b. 8 Claim(s):

Total gas cost: 8 Claim(s) (USD): $0.16 ($0.16201345504198347)

Claim Reward: 7 Claim(s) (WEI): 0.00088634426782769 WETH (886344267827690 wei)
Claim Reward: 7 Claim(s) (USD): $2.63 ($2.6343811762652587)

Next Claim Reward: 8 Claim(s) (WEI): 0.0010123493273052 WETH (1012349327305200 wei)
Next Claim Reward: 8 Claim(s) (USD): $3.01 ($3.0088918137800587)

Net profit = (Gross Profit - Gas Cost [Avg])
$2.85 = ($3.01 - $0.16) $2.846878358738075 = ($3.0088918137800587 - $0.16201345504198347)


5b. 9 Claim(s):

Total gas cost: 9 Claim(s) (USD): $0.18 ($0.18269052368759622)

Claim Reward: 8 Claim(s) (WEI): 0.0010123493273052 WETH (1012349327305200 wei)
Claim Reward: 8 Claim(s) (USD): $3.01 ($3.0088918137800587)

Next Claim Reward: 9 Claim(s) (WEI): 0.001138201060650237 WETH (1138201060650237 wei)
Next Claim Reward: 9 Claim(s) (USD): $3.38 ($3.382946737311164)

Net profit = (Gross Profit - Gas Cost [Avg])
$3.2 = ($3.38 - $0.18) $3.2002562136235677 = ($3.382946737311164 - $0.18269052368759622)


5b. 10 Claim(s):

Total gas cost: 10 Claim(s) (USD): $0.2 ($0.20336759233320897)

Claim Reward: 9 Claim(s) (WEI): 0.001138201060650237 WETH (1138201060650237 wei)
Claim Reward: 9 Claim(s) (USD): $3.38 ($3.382946737311164)

Next Claim Reward: 10 Claim(s) (WEI): 0.00126389965443389 WETH (1263899654433890 wei)
Next Claim Reward: 10 Claim(s) (USD): $3.76 ($3.7565465013827968)

Net profit = (Gross Profit - Gas Cost [Avg])
$3.55 = ($3.76 - $0.2) $3.553178909049588 = ($3.7565465013827968 - $0.20336759233320897)


5b. 11 Claim(s):

Total gas cost: 11 Claim(s) (USD): $0.22 ($0.22404466097882172)

Claim Reward: 10 Claim(s) (WEI): 0.00126389965443389 WETH (1263899654433890 wei)
Claim Reward: 10 Claim(s) (USD): $3.76 ($3.7565465013827968)

Next Claim Reward: 11 Claim(s) (WEI): 0.001389445295000257 WETH (1389445295000257 wei)
Next Claim Reward: 11 Claim(s) (USD): $4.13 ($4.129691659844518)

Net profit = (Gross Profit - Gas Cost [Avg])
$3.91 = ($4.13 - $0.22) $3.9056469988656963 = ($4.129691659844518 - $0.22404466097882172)


5b. 12 Claim(s):

Total gas cost: 12 Claim(s) (USD): $0.24 ($0.24472172962443448)

Claim Reward: 11 Claim(s) (WEI): 0.001389445295000257 WETH (1389445295000257 wei)
Claim Reward: 11 Claim(s) (USD): $4.13 ($4.129691659844518)

Next Claim Reward: 12 Claim(s) (WEI): 0.001514838168466644 WETH (1514838168466644 wei)
Next Claim Reward: 12 Claim(s) (USD): $4.5 ($4.50238276587182)

Net profit = (Gross Profit - Gas Cost [Avg])
$4.26 = ($4.5 - $0.24) $4.257661036247385 = ($4.50238276587182 - $0.24472172962443448)


5b. 13 Claim(s):

Total gas cost: 13 Claim(s) (USD): $0.27 ($0.2653987982700472)

Claim Reward: 12 Claim(s) (WEI): 0.001514838168466644 WETH (1514838168466644 wei)
Claim Reward: 12 Claim(s) (USD): $4.5 ($4.50238276587182)

Next Claim Reward: 13 Claim(s) (WEI): 0.001640078460723937 WETH (1640078460723937 wei)
Next Claim Reward: 13 Claim(s) (USD): $4.87 ($4.874620371967234)

Net profit = (Gross Profit - Gas Cost [Avg])
$4.61 = ($4.87 - $0.27) $4.609221573697187 = ($4.874620371967234 - $0.2653987982700472)


5b. 14 Claim(s):

Total gas cost: 14 Claim(s) (USD): $0.29 ($0.28607586691565995)

Claim Reward: 13 Claim(s) (WEI): 0.001640078460723937 WETH (1640078460723937 wei)
Claim Reward: 13 Claim(s) (USD): $4.87 ($4.874620371967234)

Next Claim Reward: 14 Claim(s) (WEI): 0.001765166357436776 WETH (1765166357436776 wei)
Next Claim Reward: 14 Claim(s) (USD): $5.25 ($5.2464050299608465)

Net profit = (Gross Profit - Gas Cost [Avg])
$4.96 = ($5.25 - $0.29) $4.960329163045187 = ($5.2464050299608465 - $0.28607586691565995)


5b. 15 Claim(s):

Total gas cost: 15 Claim(s) (USD): $0.31 ($0.3067529355612727)

Claim Reward: 14 Claim(s) (WEI): 0.001765166357436776 WETH (1765166357436776 wei)
Claim Reward: 14 Claim(s) (USD): $5.25 ($5.2464050299608465)

Next Claim Reward: 15 Claim(s) (WEI): 0.0018901020440439 WETH (1890102044043900 wei)
Next Claim Reward: 15 Claim(s) (USD): $5.62 ($5.617737291011321)

Net profit = (Gross Profit - Gas Cost [Avg])
$5.31 = ($5.62 - $0.31) $5.310984355450048 = ($5.617737291011321 - $0.3067529355612727)


5b. 16 Claim(s):

Total gas cost: 16 Claim(s) (USD): $0.33 ($0.32743000420688545)

Claim Reward: 15 Claim(s) (WEI): 0.0018901020440439 WETH (1890102044043900 wei)
Claim Reward: 15 Claim(s) (USD): $5.62 ($5.617737291011321)

Next Claim Reward: 16 Claim(s) (WEI): 0.002014885705758416 WETH (2014885705758416 wei)
Next Claim Reward: 16 Claim(s) (USD): $5.99 ($5.988617705606701)

Net profit = (Gross Profit - Gas Cost [Avg])
$5.66 = ($5.99 - $0.33) $5.6611877013998155 = ($5.988617705606701 - $0.32743000420688545)


5b. 17 Claim(s):

Total gas cost: 17 Claim(s) (USD): $0.35 ($0.3481070728524982)

Claim Reward: 16 Claim(s) (WEI): 0.002014885705758416 WETH (2014885705758416 wei)
Claim Reward: 16 Claim(s) (USD): $5.99 ($5.988617705606701)

Next Claim Reward: 17 Claim(s) (WEI): 0.002139517527568028 WETH (2139517527568028 wei)
Next Claim Reward: 17 Claim(s) (USD): $6.36 ($6.359046823565093)

Net profit = (Gross Profit - Gas Cost [Avg])
$6.01 = ($6.36 - $0.35) $6.010939750712595 = ($6.359046823565093 - $0.3481070728524982)


5b. 18 Claim(s):

Total gas cost: 18 Claim(s) (USD): $0.37 ($0.36878414149811095)

Claim Reward: 17 Claim(s) (WEI): 0.002139517527568028 WETH (2139517527568028 wei)
Claim Reward: 17 Claim(s) (USD): $6.36 ($6.359046823565093)

Next Claim Reward: 18 Claim(s) (WEI): 0.002263997694235374 WETH (2263997694235374 wei)
Next Claim Reward: 18 Claim(s) (USD): $6.73 ($6.729025194035661)

Net profit = (Gross Profit - Gas Cost [Avg])
$6.36 = ($6.73 - $0.37) $6.360241052537551 = ($6.729025194035661 - $0.36878414149811095)


5b. 19 Claim(s):

Total gas cost: 19 Claim(s) (USD): $0.39 ($0.3894612101437237)

Claim Reward: 18 Claim(s) (WEI): 0.002263997694235374 WETH (2263997694235374 wei)
Claim Reward: 18 Claim(s) (USD): $6.73 ($6.729025194035661)

Next Claim Reward: 19 Claim(s) (WEI): 0.002388326390298254 WETH (2388326390298254 wei)
Next Claim Reward: 19 Claim(s) (USD): $7.1 ($7.098553365499313)

Net profit = (Gross Profit - Gas Cost [Avg])
$6.71 = ($7.1 - $0.39) $6.70909215535559 = ($7.098553365499313 - $0.3894612101437237)


5b. 20 Claim(s):

Total gas cost: 20 Claim(s) (USD): $0.41 ($0.41013827878933645)

Claim Reward: 19 Claim(s) (WEI): 0.002388326390298254 WETH (2388326390298254 wei)
Claim Reward: 19 Claim(s) (USD): $7.1 ($7.098553365499313)

Next Claim Reward: 20 Claim(s) (WEI): 0.00251250380006992 WETH (2512503800069920 wei)
Next Claim Reward: 20 Claim(s) (USD): $7.47 ($7.467631885769556)

Net profit = (Gross Profit - Gas Cost [Avg])
$7.06 = ($7.47 - $0.41) $7.05749360698022 = ($7.467631885769556 - $0.41013827878933645)


5b. 21 Claim(s):

Total gas cost: 21 Claim(s) (USD): $0.43 ($0.4308153474349492)

Claim Reward: 20 Claim(s) (WEI): 0.00251250380006992 WETH (2512503800069920 wei)
Claim Reward: 20 Claim(s) (USD): $7.47 ($7.467631885769556)

Next Claim Reward: 21 Claim(s) (WEI): 0.00263653010763933 WETH (2636530107639330 wei)
Next Claim Reward: 21 Claim(s) (USD): $7.84 ($7.836261301993249)

Net profit = (Gross Profit - Gas Cost [Avg])
$7.41 = ($7.84 - $0.43) $7.4054459545583 = ($7.836261301993249 - $0.4308153474349492)


5b. 22 Claim(s):

Total gas cost: 22 Claim(s) (USD): $0.45 ($0.45149241608056195)

Claim Reward: 21 Claim(s) (WEI): 0.00263653010763933 WETH (2636530107639330 wei)
Claim Reward: 21 Claim(s) (USD): $7.84 ($7.836261301993249)

Next Claim Reward: 22 Claim(s) (WEI): 0.002760405496871462 WETH (2760405496871462 wei)
Next Claim Reward: 22 Claim(s) (USD): $8.2 ($8.20444216065155)

Net profit = (Gross Profit - Gas Cost [Avg])
$7.75 = ($8.2 - $0.45) $7.752949744570987 = ($8.20444216065155 - $0.45149241608056195)


5b. 23 Claim(s):

Total gas cost: 23 Claim(s) (USD): $0.47 ($0.4721694847261747)

Claim Reward: 22 Claim(s) (WEI): 0.002760405496871462 WETH (2760405496871462 wei)
Claim Reward: 22 Claim(s) (USD): $8.2 ($8.20444216065155)

Next Claim Reward: 23 Claim(s) (WEI): 0.002884130151407548 WETH (2884130151407548 wei)
Next Claim Reward: 23 Claim(s) (USD): $8.57 ($8.572175007560592)

Net profit = (Gross Profit - Gas Cost [Avg])
$8.1 = ($8.57 - $0.47) $8.100005522834417 = ($8.572175007560592 - $0.4721694847261747)


5b. 24 Claim(s):

Total gas cost: 24 Claim(s) (USD): $0.49 ($0.49284655337178745)

Claim Reward: 23 Claim(s) (WEI): 0.002884130151407548 WETH (2884130151407548 wei)
Claim Reward: 23 Claim(s) (USD): $8.57 ($8.572175007560592)

Next Claim Reward: 24 Claim(s) (WEI): 0.003007704254665368 WETH (3007704254665368 wei)
Next Claim Reward: 24 Claim(s) (USD): $8.94 ($8.939460387872373)

Net profit = (Gross Profit - Gas Cost [Avg])
$8.45 = ($8.94 - $0.49) $8.446613834500585 = ($8.939460387872373 - $0.49284655337178745)


5b. 25 Claim(s):

Total gas cost: 25 Claim(s) (USD): $0.51 ($0.5135236220174001)

Claim Reward: 24 Claim(s) (WEI): 0.003007704254665368 WETH (3007704254665368 wei)
Claim Reward: 24 Claim(s) (USD): $8.94 ($8.939460387872373)

Next Claim Reward: 25 Claim(s) (WEI): 0.0031311279898395 WETH (3131127989839500 wei)
Next Claim Reward: 25 Claim(s) (USD): $9.31 ($9.30629884607549)

Net profit = (Gross Profit - Gas Cost [Avg])
$8.79 = ($9.31 - $0.51) $8.79277522405809 = ($9.30629884607549 - $0.5135236220174001)


5b. 26 Claim(s):

Total gas cost: 26 Claim(s) (USD): $0.53 ($0.5342006906630129)

Claim Reward: 25 Claim(s) (WEI): 0.0031311279898395 WETH (3131127989839500 wei)
Claim Reward: 25 Claim(s) (USD): $9.31 ($9.30629884607549)

Next Claim Reward: 26 Claim(s) (WEI): 0.003254401539901668 WETH (3254401539901668 wei)
Next Claim Reward: 26 Claim(s) (USD): $9.67 ($9.672690925996182)

Net profit = (Gross Profit - Gas Cost [Avg])
$9.14 = ($9.67 - $0.53) $9.138490235333169 = ($9.672690925996182 - $0.5342006906630129)


5b. 27 Claim(s):

Total gas cost: 27 Claim(s) (USD): $0.55 ($0.5548777593086256)

Claim Reward: 26 Claim(s) (WEI): 0.003254401539901668 WETH (3254401539901668 wei)
Claim Reward: 26 Claim(s) (USD): $9.67 ($9.672690925996182)

Next Claim Reward: 27 Claim(s) (WEI): 0.003377525087600838 WETH (3377525087600838 wei)
Next Claim Reward: 27 Claim(s) (USD): $10.04 ($10.0386371707986)

Net profit = (Gross Profit - Gas Cost [Avg])
$9.48 = ($10.04 - $0.55) $9.483759411489974 = ($10.0386371707986 - $0.5548777593086256)


5b. 28 Claim(s):

Total gas cost: 28 Claim(s) (USD): $0.58 ($0.5755548279542384)

Claim Reward: 27 Claim(s) (WEI): 0.003377525087600838 WETH (3377525087600838 wei)
Claim Reward: 27 Claim(s) (USD): $10.04 ($10.0386371707986)

Next Claim Reward: 28 Claim(s) (WEI): 0.003500498815463692 WETH (3500498815463692 wei)
Next Claim Reward: 28 Claim(s) (USD): $10.4 ($10.404138122986229)

Net profit = (Gross Profit - Gas Cost [Avg])
$9.83 = ($10.4 - $0.58) $9.82858329503199 = ($10.404138122986229 - $0.5755548279542384)


5b. 29 Claim(s):

Total gas cost: 29 Claim(s) (USD): $0.6 ($0.5962318965998511)

Claim Reward: 28 Claim(s) (WEI): 0.003500498815463692 WETH (3500498815463692 wei)
Claim Reward: 28 Claim(s) (USD): $10.4 ($10.404138122986229)

Next Claim Reward: 29 Claim(s) (WEI): 0.003623322905794802 WETH (3623322905794802 wei)
Next Claim Reward: 29 Claim(s) (USD): $10.77 ($10.769194324402408)

Net profit = (Gross Profit - Gas Cost [Avg])
$10.17 = ($10.77 - $0.6) $10.172962427802556 = ($10.769194324402408 - $0.5962318965998511)


5b. 30 Claim(s):

Total gas cost: 30 Claim(s) (USD): $0.62 ($0.6169089652454639)

Claim Reward: 29 Claim(s) (WEI): 0.003623322905794802 WETH (3623322905794802 wei)
Claim Reward: 29 Claim(s) (USD): $10.77 ($10.769194324402408)

Next Claim Reward: 30 Claim(s) (WEI): 0.00374599754067684 WETH (3745997540676840 wei)
Next Claim Reward: 30 Claim(s) (USD): $11.13 ($11.133806316230938)

Net profit = (Gross Profit - Gas Cost [Avg])
$10.52 = ($11.13 - $0.62) $10.516897350985474 = ($11.133806316230938 - $0.6169089652454639)

******************
5c. Profit/Loss (USD):

Net profit = (Gross Profit - Gas Cost [Max])
$10.15 = ($10.77 - $0.62) $10.152285359156943 = ($10.769194324402408 - $0.6169089652454639)

Submitting transaction to claim 29 prize(s):

0x33335296c9b020ca3252e4953c11decfdce816b8-0x010b143F62EF068045bC4C7Ca67C37F614A3D592-4-56
0x33335296c9b020ca3252e4953c11decfdce816b8-0x6322B663cFBECf5063e9f2aEFFD625b139FeA43b-4-108
0x33335296c9b020ca3252e4953c11decfdce816b8-0x1e7f3E45d8b61223563113854efA51994B374375-4-162
0x33335296c9b020ca3252e4953c11decfdce816b8-0xa16fD0FD110C5917d71276a30E2b6ccd4073Cc78-4-155
0x33335296c9b020ca3252e4953c11decfdce816b8-0x00789d7032584DA6d0C031EF2F4457c5079CA7fC-4-55
0x33335296c9b020ca3252e4953c11decfdce816b8-0x6A4A564E7D6C6BDcC322F6c17d2cE4d429fbF2D4-4-162
0x33335296c9b020ca3252e4953c11decfdce816b8-0x05022015C3cEB67067c08fa9577Ea087Fec61b29-4-136
0x33335296c9b020ca3252e4953c11decfdce816b8-0x800c5Bf890D08f6DB93C4eE6B94EAb1A150bD3a0-4-200
0x33335296c9b020ca3252e4953c11decfdce816b8-0x510c0756944FEb5c7aB9681a50bB6f873398bBA8-4-176
0x33335296c9b020ca3252e4953c11decfdce816b8-0x9372aaD614033Ee0a76D126f0535cF86ce82CF27-4-216
0x33335296c9b020ca3252e4953c11decfdce816b8-0xa6b5070ea341118B87f13dE49e09821039f8D43F-4-21
0x33335296c9b020ca3252e4953c11decfdce816b8-0x7160772d488735Feffc53f4d2b6Af9237eeCcA8A-4-220
0x33335296c9b020ca3252e4953c11decfdce816b8-0x980017198F27B788AEd7A679fE1F4a67297D3f42-4-24
0x33335296c9b020ca3252e4953c11decfdce816b8-0x7ff42BDdf70eBc73fA59d613Ea621E0C2C1db14B-4-95
0x33335296c9b020ca3252e4953c11decfdce816b8-0xF63189Fc80e60Bb466E3Ab937d171a77035ac130-4-215
0x33335296c9b020ca3252e4953c11decfdce816b8-0x42A3270C36a95899CedD5e9c71DDFad337a73AA4-4-143
0x33335296c9b020ca3252e4953c11decfdce816b8-0xAD3Bf914f22491CAaD5645e52F46FCD9D62959Eb-4-59
0x33335296c9b020ca3252e4953c11decfdce816b8-0x347F1aC21b05cb3E014d607314aF78f318a67fd3-4-89
0x33335296c9b020ca3252e4953c11decfdce816b8-0xD37EA49E052AbD9A519C12e23925fa5D745e8e87-4-163
0x33335296c9b020ca3252e4953c11decfdce816b8-0x8ea4EA3662bB363990B45dC6C5FAE9C7Ea8C2D83-4-152
0x33335296c9b020ca3252e4953c11decfdce816b8-0x8F753fa0b520D014C75a9a1F91EcC795d43c5280-4-169
0x33335296c9b020ca3252e4953c11decfdce816b8-0x4D00D223B3780E039f7Ae6B39467C498ce22b5cc-4-176
0x33335296c9b020ca3252e4953c11decfdce816b8-0xBA79c5eF1E5C8D053C67D147af14Ed7600C11150-4-63
0x33335296c9b020ca3252e4953c11decfdce816b8-0x59B10ce56e9cAafc30115e1604D89989806a922C-4-72
0x33335296c9b020ca3252e4953c11decfdce816b8-0x40445BE5cABF85080CE493E9E383bCd7ba37E734-4-146
0x33335296c9b020ca3252e4953c11decfdce816b8-0x51F50C0Ea005151C45e3c947c47Ffe488422A2e9-4-22
0x33335296c9b020ca3252e4953c11decfdce816b8-0x22c2cbB42493028154a15edDa110D733e5D6d62d-4-193
0x33335296c9b020ca3252e4953c11decfdce816b8-0x854500EDF8a78620e61107C29510Bcb279aF99DB-4-238
0x33335296c9b020ca3252e4953c11decfdce816b8-0x0A99E36835F716dCE2A9ae940FD08236D5A621Ee-4-33



Execute Claim Transaction for Tier #4



Transaction sent! ✔
Transaction hash: 0x019c9f6db77382a4f66c64b3e35bf552b2685366665b6d4a1d5f6a963777d804
Waiting on transaction to be confirmed ...
Tx confirmed !




******************
Processing:
Vault:     0x7fad91a4a29109303188d8758f1a9d60ce988349
Tier:      #4
# prizes:  41

5a. Calculating # of profitable claims ...

Native (Gas) Token ETH Market Rate (USD): $2977.81

Estimated gas limit (wei) (1 prize claim): 0.000000000000228709 ETH (228709 wei)
Estimated gas limit (wei) (2 prize claims): 0.000000000000347049 ETH (347049 wei)

Gas Cost: First Claim (wei): 0.000000000000228709 ETH (228709 wei)
Gas Cost: Each Following Claim (wei): 0.00000000000011834 ETH (118340 wei)

Gas Cost: First Claim (USD): $0.02 $0.017251520428082475
Gas Cost: Each Following Claim (USD): $0.02 $0.02070594958760933

5b. 1 Claim(s):

Total gas cost: 1 Claim(s) (USD): $0.02 ($0.017251520428082475)

Next Claim Reward: 1 Claim(s) (WEI): 0.000123571094101584 WETH (123571094101584 wei)
Next Claim Reward: 1 Claim(s) (USD): $0.37 ($0.36727643653583286)

Net profit = (Gross Profit - Gas Cost [Avg])
$0.35 = ($0.37 - $0.02) $0.3500249161077504 = ($0.36727643653583286 - $0.017251520428082475)


5b. 2 Claim(s):

Total gas cost: 2 Claim(s) (USD): $0.04 ($0.0379574700156918)

Claim Reward: 1 Claim(s) (WEI): 0.000123571094101584 WETH (123571094101584 wei)
Claim Reward: 1 Claim(s) (USD): $0.37 ($0.36727643653583286)

Next Claim Reward: 2 Claim(s) (WEI): 0.00024699182378111 WETH (246991823781110 wei)
Next Claim Reward: 2 Claim(s) (USD): $0.73 ($0.7341059618460531)

Net profit = (Gross Profit - Gas Cost [Avg])
$0.7 = ($0.73 - $0.04) $0.6961484918303613 = ($0.7341059618460531 - $0.0379574700156918)


5b. 3 Claim(s):

Total gas cost: 3 Claim(s) (USD): $0.06 ($0.05866341960330114)

Claim Reward: 2 Claim(s) (WEI): 0.00024699182378111 WETH (246991823781110 wei)
Claim Reward: 2 Claim(s) (USD): $0.73 ($0.7341059618460531)

Next Claim Reward: 3 Claim(s) (WEI): 0.000370262372005797 WETH (370262372005797 wei)
Next Claim Reward: 3 Claim(s) (USD): $1.1 ($1.1004891197435054)

Net profit = (Gross Profit - Gas Cost [Avg])
$1.04 = ($1.1 - $0.06) $1.0418257001402043 = ($1.1004891197435054 - $0.05866341960330114)


5b. 4 Claim(s):

Total gas cost: 4 Claim(s) (USD): $0.08 ($0.07936936919091046)

Claim Reward: 3 Claim(s) (WEI): 0.000370262372005797 WETH (370262372005797 wei)
Claim Reward: 3 Claim(s) (USD): $1.1 ($1.1004891197435054)

Next Claim Reward: 4 Claim(s) (WEI): 0.000493382921520224 WETH (493382921520224 wei)
Next Claim Reward: 4 Claim(s) (USD): $1.47 ($1.4664264533793063)

Net profit = (Gross Profit - Gas Cost [Avg])
$1.39 = ($1.47 - $0.08) $1.3870570841883958 = ($1.4664264533793063 - $0.07936936919091046)


5b. 5 Claim(s):

Total gas cost: 5 Claim(s) (USD): $0.1 ($0.1000753187785198)

Claim Reward: 4 Claim(s) (WEI): 0.000493382921520224 WETH (493382921520224 wei)
Claim Reward: 4 Claim(s) (USD): $1.47 ($1.4664264533793063)

Next Claim Reward: 5 Claim(s) (WEI): 0.000616353654846605 WETH (616353654846605 wei)
Next Claim Reward: 5 Claim(s) (USD): $1.83 ($1.831918505243663)

Net profit = (Gross Profit - Gas Cost [Avg])
$1.73 = ($1.83 - $0.1) $1.7318431864651433 = ($1.831918505243663 - $0.1000753187785198)


5b. 6 Claim(s):

Total gas cost: 6 Claim(s) (USD): $0.12 ($0.12078126836612912)

Claim Reward: 5 Claim(s) (WEI): 0.000616353654846605 WETH (616353654846605 wei)
Claim Reward: 5 Claim(s) (USD): $1.83 ($1.831918505243663)

Next Claim Reward: 6 Claim(s) (WEI): 0.000739174754285046 WETH (739174754285046 wei)
Next Claim Reward: 6 Claim(s) (USD): $2.2 ($2.1969658171666344)

Net profit = (Gross Profit - Gas Cost [Avg])
$2.08 = ($2.2 - $0.12) $2.076184548800505 = ($2.1969658171666344 - $0.12078126836612912)


5b. 7 Claim(s):

Total gas cost: 7 Claim(s) (USD): $0.14 ($0.14148721795373845)

Claim Reward: 6 Claim(s) (WEI): 0.000739174754285046 WETH (739174754285046 wei)
Claim Reward: 6 Claim(s) (USD): $2.2 ($2.1969658171666344)

Next Claim Reward: 7 Claim(s) (WEI): 0.000861846401913847 WETH (861846401913847 wei)
Next Claim Reward: 7 Claim(s) (USD): $2.56 ($2.561568930319032)

Net profit = (Gross Profit - Gas Cost [Avg])
$2.42 = ($2.56 - $0.14) $2.4200817123652936 = ($2.561568930319032 - $0.14148721795373845)


5b. 8 Claim(s):

Total gas cost: 8 Claim(s) (USD): $0.16 ($0.1621931675413478)

Claim Reward: 7 Claim(s) (WEI): 0.000861846401913847 WETH (861846401913847 wei)
Claim Reward: 7 Claim(s) (USD): $2.56 ($2.561568930319032)

Next Claim Reward: 8 Claim(s) (WEI): 0.000984368779589728 WETH (984368779589728 wei)
Next Claim Reward: 8 Claim(s) (USD): $2.93 ($2.925728385213089)

Net profit = (Gross Profit - Gas Cost [Avg])
$2.76 = ($2.93 - $0.16) $2.763535217671741 = ($2.925728385213089 - $0.1621931675413478)


5b. 9 Claim(s):

Total gas cost: 9 Claim(s) (USD): $0.18 ($0.18289911712895712)

Claim Reward: 8 Claim(s) (WEI): 0.000984368779589728 WETH (984368779589728 wei)
Claim Reward: 8 Claim(s) (USD): $2.93 ($2.925728385213089)

Next Claim Reward: 9 Claim(s) (WEI): 0.001106742068948124 WETH (1106742068948124 wei)
Next Claim Reward: 9 Claim(s) (USD): $3.29 ($3.289444721703339)

Net profit = (Gross Profit - Gas Cost [Avg])
$3.11 = ($3.29 - $0.18) $3.106545604574382 = ($3.289444721703339 - $0.18289911712895712)


5b. 10 Claim(s):

Total gas cost: 10 Claim(s) (USD): $0.2 ($0.20360506671656645)

Claim Reward: 9 Claim(s) (WEI): 0.001106742068948124 WETH (1106742068948124 wei)
Claim Reward: 9 Claim(s) (USD): $3.29 ($3.289444721703339)

Next Claim Reward: 10 Claim(s) (WEI): 0.00122896645140347 WETH (1228966451403470 wei)
Next Claim Reward: 10 Claim(s) (USD): $3.65 ($3.6527184789874605)

Net profit = (Gross Profit - Gas Cost [Avg])
$3.45 = ($3.65 - $0.2) $3.449113412270894 = ($3.6527184789874605 - $0.20360506671656645)


5b. 11 Claim(s):

Total gas cost: 11 Claim(s) (USD): $0.22 ($0.22431101630417577)

Claim Reward: 10 Claim(s) (WEI): 0.00122896645140347 WETH (1228966451403470 wei)
Claim Reward: 10 Claim(s) (USD): $3.65 ($3.6527184789874605)

Next Claim Reward: 11 Claim(s) (WEI): 0.001351042108149437 WETH (1351042108149437 wei)
Next Claim Reward: 11 Claim(s) (USD): $4.02 ($4.015550195606983)

Net profit = (Gross Profit - Gas Cost [Avg])
$3.79 = ($4.02 - $0.22) $3.7912391793028073 = ($4.015550195606983 - $0.22431101630417577)


5b. 12 Claim(s):

Total gas cost: 12 Claim(s) (USD): $0.25 ($0.24501696589178512)

Claim Reward: 11 Claim(s) (WEI): 0.001351042108149437 WETH (1351042108149437 wei)
Claim Reward: 11 Claim(s) (USD): $4.02 ($4.015550195606983)

Next Claim Reward: 12 Claim(s) (WEI): 0.001472969220159216 WETH (1472969220159216 wei)
Next Claim Reward: 12 Claim(s) (USD): $4.38 ($4.377940409448126)

Net profit = (Gross Profit - Gas Cost [Avg])
$4.13 = ($4.38 - $0.25) $4.132923443556341 = ($4.377940409448126 - $0.24501696589178512)


5b. 13 Claim(s):

Total gas cost: 13 Claim(s) (USD): $0.27 ($0.2657229154793944)

Claim Reward: 12 Claim(s) (WEI): 0.001472969220159216 WETH (1472969220159216 wei)
Claim Reward: 12 Claim(s) (USD): $4.38 ($4.377940409448126)

Next Claim Reward: 13 Claim(s) (WEI): 0.001594747968185788 WETH (1594747968185788 wei)
Next Claim Reward: 13 Claim(s) (USD): $4.74 ($4.739889657742603)

Net profit = (Gross Profit - Gas Cost [Avg])
$4.47 = ($4.74 - $0.27) $4.4741667422632085 = ($4.739889657742603 - $0.2657229154793944)


5b. 14 Claim(s):

Total gas cost: 14 Claim(s) (USD): $0.29 ($0.28642886506700377)

Claim Reward: 13 Claim(s) (WEI): 0.001594747968185788 WETH (1594747968185788 wei)
Claim Reward: 13 Claim(s) (USD): $4.74 ($4.739889657742603)

Next Claim Reward: 14 Claim(s) (WEI): 0.00171637853276218 WETH (1716378532762180 wei)
Next Claim Reward: 14 Claim(s) (USD): $5.1 ($5.101398477068385)

Net profit = (Gross Profit - Gas Cost [Avg])
$4.81 = ($5.1 - $0.29) $4.814969612001382 = ($5.101398477068385 - $0.28642886506700377)


5b. 15 Claim(s):

Total gas cost: 15 Claim(s) (USD): $0.31 ($0.3071348146546131)

Claim Reward: 14 Claim(s) (WEI): 0.00171637853276218 WETH (1716378532762180 wei)
Claim Reward: 14 Claim(s) (USD): $5.1 ($5.101398477068385)

Next Claim Reward: 15 Claim(s) (WEI): 0.001837861094201745 WETH (1837861094201745 wei)
Next Claim Reward: 15 Claim(s) (USD): $5.46 ($5.46246740335053)

Net profit = (Gross Profit - Gas Cost [Avg])
$5.16 = ($5.46 - $0.31) $5.1553325886959165 = ($5.46246740335053 - $0.3071348146546131)


5b. 16 Claim(s):

Total gas cost: 16 Claim(s) (USD): $0.33 ($0.3278407642422224)

Claim Reward: 15 Claim(s) (WEI): 0.001837861094201745 WETH (1837861094201745 wei)
Claim Reward: 15 Claim(s) (USD): $5.46 ($5.46246740335053)

Next Claim Reward: 16 Claim(s) (WEI): 0.001959195832598448 WETH (1959195832598448 wei)
Next Claim Reward: 16 Claim(s) (USD): $5.82 ($5.823096971862033)

Net profit = (Gross Profit - Gas Cost [Avg])
$5.5 = ($5.82 - $0.33) $5.495256207619811 = ($5.823096971862033 - $0.3278407642422224)


5b. 17 Claim(s):

Total gas cost: 17 Claim(s) (USD): $0.35 ($0.34854671382983177)

Claim Reward: 16 Claim(s) (WEI): 0.001959195832598448 WETH (1959195832598448 wei)
Claim Reward: 16 Claim(s) (USD): $5.82 ($5.823096971862033)

Next Claim Reward: 17 Claim(s) (WEI): 0.002080382927827073 WETH (2080382927827073 wei)
Next Claim Reward: 17 Claim(s) (USD): $6.18 ($6.183287717224443)

Net profit = (Gross Profit - Gas Cost [Avg])
$5.83 = ($6.18 - $0.35) $5.834741003394612 = ($6.183287717224443 - $0.34854671382983177)


5b. 18 Claim(s):

Total gas cost: 18 Claim(s) (USD): $0.37 ($0.3692526634174411)

Claim Reward: 17 Claim(s) (WEI): 0.002080382927827073 WETH (2080382927827073 wei)
Claim Reward: 17 Claim(s) (USD): $6.18 ($6.183287717224443)

Next Claim Reward: 18 Claim(s) (WEI): 0.002201422559543568 WETH (2201422559543568 wei)
Next Claim Reward: 18 Claim(s) (USD): $6.54 ($6.543040173408887)

Net profit = (Gross Profit - Gas Cost [Avg])
$6.17 = ($6.54 - $0.37) $6.173787509991445 = ($6.543040173408887 - $0.3692526634174411)


5b. 19 Claim(s):

Total gas cost: 19 Claim(s) (USD): $0.39 ($0.3899586130050504)

Claim Reward: 18 Claim(s) (WEI): 0.002201422559543568 WETH (2201422559543568 wei)
Claim Reward: 18 Claim(s) (USD): $6.54 ($6.543040173408887)

Next Claim Reward: 19 Claim(s) (WEI): 0.002322314907185249 WETH (2322314907185249 wei)
Next Claim Reward: 19 Claim(s) (USD): $6.9 ($6.902354873736676)

Net profit = (Gross Profit - Gas Cost [Avg])
$6.51 = ($6.9 - $0.39) $6.5123962607316255 = ($6.902354873736676 - $0.3899586130050504)


5b. 20 Claim(s):

Total gas cost: 20 Claim(s) (USD): $0.41 ($0.41066456259265977)

Claim Reward: 19 Claim(s) (WEI): 0.002322314907185249 WETH (2322314907185249 wei)
Claim Reward: 19 Claim(s) (USD): $6.9 ($6.902354873736676)

Next Claim Reward: 20 Claim(s) (WEI): 0.00244306014997108 WETH (2443060149971080 wei)
Next Claim Reward: 20 Claim(s) (USD): $7.26 ($7.26123235088014)

Net profit = (Gross Profit - Gas Cost [Avg])
$6.85 = ($7.26 - $0.41) $6.85056778828748 = ($7.26123235088014 - $0.41066456259265977)


5b. 21 Claim(s):

Total gas cost: 21 Claim(s) (USD): $0.43 ($0.43137051218026906)

Claim Reward: 20 Claim(s) (WEI): 0.00244306014997108 WETH (2443060149971080 wei)
Claim Reward: 20 Claim(s) (USD): $7.26 ($7.26123235088014)

Next Claim Reward: 21 Claim(s) (WEI): 0.002563658466901959 WETH (2563658466901959 wei)
Next Claim Reward: 21 Claim(s) (USD): $7.62 ($7.619673136863472)

Net profit = (Gross Profit - Gas Cost [Avg])
$7.19 = ($7.62 - $0.43) $7.188302624683203 = ($7.619673136863472 - $0.43137051218026906)


5b. 22 Claim(s):

Total gas cost: 22 Claim(s) (USD): $0.45 ($0.4520764617678784)

Claim Reward: 21 Claim(s) (WEI): 0.002563658466901959 WETH (2563658466901959 wei)
Claim Reward: 21 Claim(s) (USD): $7.62 ($7.619673136863472)

Next Claim Reward: 22 Claim(s) (WEI): 0.002684110036760988 WETH (2684110036760988 wei)
Next Claim Reward: 22 Claim(s) (USD): $7.98 ($7.977677763063541)

Net profit = (Gross Profit - Gas Cost [Avg])
$7.53 = ($7.98 - $0.45) $7.525601301295663 = ($7.977677763063541 - $0.4520764617678784)


5b. 23 Claim(s):

Total gas cost: 23 Claim(s) (USD): $0.47 ($0.47278241135548776)

Claim Reward: 22 Claim(s) (WEI): 0.002684110036760988 WETH (2684110036760988 wei)
Claim Reward: 22 Claim(s) (USD): $7.98 ($7.977677763063541)

Next Claim Reward: 23 Claim(s) (WEI): 0.002804415038113674 WETH (2804415038113674 wei)
Next Claim Reward: 23 Claim(s) (USD): $8.34 ($8.335246760210477)

Net profit = (Gross Profit - Gas Cost [Avg])
$7.86 = ($8.34 - $0.47) $7.8624643488549895 = ($8.335246760210477 - $0.47278241135548776)


5b. 24 Claim(s):

Total gas cost: 24 Claim(s) (USD): $0.49 ($0.49348836094309706)

Claim Reward: 23 Claim(s) (WEI): 0.002804415038113674 WETH (2804415038113674 wei)
Claim Reward: 23 Claim(s) (USD): $8.34 ($8.335246760210477)

Next Claim Reward: 24 Claim(s) (WEI): 0.002924573649308304 WETH (2924573649308304 wei)
Next Claim Reward: 24 Claim(s) (USD): $8.69 ($8.692380658388794)

Net profit = (Gross Profit - Gas Cost [Avg])
$8.2 = ($8.69 - $0.49) $8.198892297445697 = ($8.692380658388794 - $0.49348836094309706)


5b. 25 Claim(s):

Total gas cost: 25 Claim(s) (USD): $0.51 ($0.5141943105307064)

Claim Reward: 24 Claim(s) (WEI): 0.002924573649308304 WETH (2924573649308304 wei)
Claim Reward: 24 Claim(s) (USD): $8.69 ($8.692380658388794)

Next Claim Reward: 25 Claim(s) (WEI): 0.003044586048476075 WETH (3044586048476075 wei)
Next Claim Reward: 25 Claim(s) (USD): $9.05 ($9.049079987037775)

Net profit = (Gross Profit - Gas Cost [Avg])
$8.53 = ($9.05 - $0.51) $8.534885676507068 = ($9.049079987037775 - $0.5141943105307064)


5b. 26 Claim(s):

Total gas cost: 26 Claim(s) (USD): $0.53 ($0.5349002601183157)

Claim Reward: 25 Claim(s) (WEI): 0.003044586048476075 WETH (3044586048476075 wei)
Claim Reward: 25 Claim(s) (USD): $9.05 ($9.049079987037775)

Next Claim Reward: 26 Claim(s) (WEI): 0.003164452413531474 WETH (3164452413531474 wei)
Next Claim Reward: 26 Claim(s) (USD): $9.41 ($9.405345274952596)

Net profit = (Gross Profit - Gas Cost [Avg])
$8.87 = ($9.41 - $0.53) $8.870445014834281 = ($9.405345274952596 - $0.5349002601183157)


5b. 27 Claim(s):

Total gas cost: 27 Claim(s) (USD): $0.56 ($0.555606209705925)

Claim Reward: 26 Claim(s) (WEI): 0.003164452413531474 WETH (3164452413531474 wei)
Claim Reward: 26 Claim(s) (USD): $9.41 ($9.405345274952596)

Next Claim Reward: 27 Claim(s) (WEI): 0.003284172922172526 WETH (3284172922172526 wei)
Next Claim Reward: 27 Claim(s) (USD): $9.76 ($9.76117705028507)

Net profit = (Gross Profit - Gas Cost [Avg])
$9.21 = ($9.76 - $0.56) $9.205570840579146 = ($9.76117705028507 - $0.555606209705925)


5b. 28 Claim(s):

Total gas cost: 28 Claim(s) (USD): $0.58 ($0.5763121592935343)

Claim Reward: 27 Claim(s) (WEI): 0.003284172922172526 WETH (3284172922172526 wei)
Claim Reward: 27 Claim(s) (USD): $9.76 ($9.76117705028507)

Next Claim Reward: 28 Claim(s) (WEI): 0.003403747751880952 WETH (3403747751880952 wei)
Next Claim Reward: 28 Claim(s) (USD): $10.12 ($10.116575840544117)

Net profit = (Gross Profit - Gas Cost [Avg])
$9.54 = ($10.12 - $0.58) $9.540263681250583 = ($10.116575840544117 - $0.5763121592935343)


5b. 29 Claim(s):

Total gas cost: 29 Claim(s) (USD): $0.6 ($0.5970181088811437)

Claim Reward: 28 Claim(s) (WEI): 0.003403747751880952 WETH (3403747751880952 wei)
Claim Reward: 28 Claim(s) (USD): $10.12 ($10.116575840544117)

Next Claim Reward: 29 Claim(s) (WEI): 0.003523177079922564 WETH (3523177079922564 wei)
Next Claim Reward: 29 Claim(s) (USD): $10.47 ($10.47154217259693)

Net profit = (Gross Profit - Gas Cost [Avg])
$9.87 = ($10.47 - $0.6) $9.874524063715786 = ($10.47154217259693 - $0.5970181088811437)


5b. 30 Claim(s):

Total gas cost: 30 Claim(s) (USD): $0.62 ($0.617724058468753)

Claim Reward: 29 Claim(s) (WEI): 0.003523177079922564 WETH (3523177079922564 wei)
Claim Reward: 29 Claim(s) (USD): $10.47 ($10.47154217259693)

Next Claim Reward: 30 Claim(s) (WEI): 0.00364246108334745 WETH (3642461083347450 wei)
Next Claim Reward: 30 Claim(s) (USD): $10.83 ($10.826076572669534)

Net profit = (Gross Profit - Gas Cost [Avg])
$10.21 = ($10.83 - $0.62) $10.208352514200781 = ($10.826076572669534 - $0.617724058468753)

******************
5c. Profit/Loss (USD):

Net profit = (Gross Profit - Gas Cost [Max])
$9.85 = ($10.47 - $0.62) $9.853818114128178 = ($10.47154217259693 - $0.617724058468753)

Submitting transaction to claim 29 prize(s):

0x7fad91a4a29109303188d8758f1a9d60ce988349-0xAae46fAe1e607e594d68e42ccF9B3143d5e318D3-4-177
0x7fad91a4a29109303188d8758f1a9d60ce988349-0x3e24C261ec62d03Af36dcBa867Ea7e6D2e3966F1-4-134
0x7fad91a4a29109303188d8758f1a9d60ce988349-0x96b7d09f0a209A1D0b0A54B851fbc90a10e9D35F-4-11
0x7fad91a4a29109303188d8758f1a9d60ce988349-0x8A42577B45F8C17f107815fcDd595feFbbc5FF3b-4-34
0x7fad91a4a29109303188d8758f1a9d60ce988349-0xEc058525673E0f953FFe3FA14c6eD5aA4e4dbBa3-4-241
0x7fad91a4a29109303188d8758f1a9d60ce988349-0x46B8bbdB55bEe6B37d9922D6640481099233021A-4-63
0x7fad91a4a29109303188d8758f1a9d60ce988349-0x0aff8DbC3dcf5E5c9369c5979916F359e8D34D76-4-162
0x7fad91a4a29109303188d8758f1a9d60ce988349-0xcF11eEb85417F4E414e0E68d1247767A8691d99F-4-217
0x7fad91a4a29109303188d8758f1a9d60ce988349-0x4d0D10A72825f5E30481D9bA552eCd2e1a0319D6-4-169
0x7fad91a4a29109303188d8758f1a9d60ce988349-0xD8b029150e849B7F400265111fd048734D497A54-4-104
0x7fad91a4a29109303188d8758f1a9d60ce988349-0x386CaB8B69f7931d114E59B013a4aA34B487c252-4-64
0x7fad91a4a29109303188d8758f1a9d60ce988349-0x2bC7432e3461414c81Fc9Ee523AEeCcdee2c5382-4-49
0x7fad91a4a29109303188d8758f1a9d60ce988349-0x2bC7432e3461414c81Fc9Ee523AEeCcdee2c5382-4-182
0x7fad91a4a29109303188d8758f1a9d60ce988349-0x02f31fECa5658Cc02473c9DdD57D28EB879cCFFa-4-76
0x7fad91a4a29109303188d8758f1a9d60ce988349-0xA693D7a96EeEd520b5Db0032A64d9E3447829450-4-106
0x7fad91a4a29109303188d8758f1a9d60ce988349-0x84C67Fc51E2d96AD08009809892a729cC2B358EF-4-153
0x7fad91a4a29109303188d8758f1a9d60ce988349-0x49f36388D4eEfB84E8522644443fFc692761cB4e-4-19
0x7fad91a4a29109303188d8758f1a9d60ce988349-0x49f36388D4eEfB84E8522644443fFc692761cB4e-4-30
0x7fad91a4a29109303188d8758f1a9d60ce988349-0xB353f02D9Dde5baBfeFC5BeBdcF2D6Bb231E4b8f-4-211
0x7fad91a4a29109303188d8758f1a9d60ce988349-0x72bFa718EA474f118208fF8d17b5f05AcD3943e7-4-67
0x7fad91a4a29109303188d8758f1a9d60ce988349-0xC27dF3574b067e5Ffba23768A8065210D7766Bd0-4-6
0x7fad91a4a29109303188d8758f1a9d60ce988349-0x888257e3848375D80B555eF4d4042e1dF2b61Fdb-4-45
0x7fad91a4a29109303188d8758f1a9d60ce988349-0x34ce5b23C77224f9754aef8D33675a2F99d53443-4-81
0x7fad91a4a29109303188d8758f1a9d60ce988349-0x17FC767126C7b1084b92B7FBd2594e82BF7b7688-4-81
0x7fad91a4a29109303188d8758f1a9d60ce988349-0xfD8Ce0CC15FaD703d2f900022bcB133AbFf26bD1-4-144
0x7fad91a4a29109303188d8758f1a9d60ce988349-0x00f029e977cBA588c44b1821ec1b3Ed9B6fe59FC-4-114
0x7fad91a4a29109303188d8758f1a9d60ce988349-0xAC1dEa17d0D9545447F98a0A6C5E7E80B2369A59-4-60
0x7fad91a4a29109303188d8758f1a9d60ce988349-0x38fA85Bd9A5A87D56E6A7db6f8F769637eEa84F6-4-236
0x7fad91a4a29109303188d8758f1a9d60ce988349-0xcEE0587f1024B706a96F81e2AAD50Ce885CDBaA7-4-105



Execute Claim Transaction for Tier #4



Transaction sent! ✔
Transaction hash: 0xe84a554a09bee50d8a78e56bf4fa8cd36996d22dc4c4cf178cb170cdd94d43c6
Waiting on transaction to be confirmed ...
Tx confirmed !




******************
Processing:
Vault:     0x33335296c9b020ca3252e4953c11decfdce816b8
Tier:      #5 (Canary tier)
# prizes:  367

5a. Calculating # of profitable claims ...

Native (Gas) Token ETH Market Rate (USD): $2977.81

Estimated gas limit (wei) (1 prize claim): 0.000000000000186108 ETH (186108 wei)
Estimated gas limit (wei) (2 prize claims): 0.000000000000265504 ETH (265504 wei)

Gas Cost: First Claim (wei): 0.000000000000186108 ETH (186108 wei)
Gas Cost: Each Following Claim (wei): 0.000000000000079396 ETH (79396 wei)

Gas Cost: First Claim (USD): $0.02 $0.017124630014990053
Gas Cost: Each Following Claim (USD): $0.02 $0.02058995183526851

5b. 1 Claim(s):

Total gas cost: 1 Claim(s) (USD): $0.02 ($0.017124630014990053)

Next Claim Reward: 1 Claim(s) (WEI): 0.000013598557961719 WETH (13598557961719 wei)
Next Claim Reward: 1 Claim(s) (USD): $0.04 ($0.0404174612721351)

Net profit = (Gross Profit - Gas Cost [Avg])
$0.02 = ($0.04 - $0.02) $0.023292831257145048 = ($0.0404174612721351 - $0.017124630014990053)

******************
5c. Profit/Loss (USD):

Net profit = (Gross Profit - Gas Cost [Max])
$-0.02 = ($0 - $0.02) $-0.017124630014990053 = ($0 - $0.017124630014990053)

Claiming tier #5 (Canary tier) currently not profitable.
Not profitable to claim for Draw #29, Tier: #5 (Canary tier)




******************
Processing:
Vault:     0x75b2f4b3ec5adf7077f928992524cc547e74f768
Tier:      #5 (Canary tier)
# prizes:  41

Tier #5 (Canary tier) not profitable, skipping ...





******************
Processing:
Vault:     0x7fad91a4a29109303188d8758f1a9d60ce988349
Tier:      #5 (Canary tier)
# prizes:  515

Tier #5 (Canary tier) not profitable, skipping ...





******************
Processing:
Vault:     0x33335296c9b020ca3252e4953c11decfdce816b8
Tier:      #6 (Canary tier)
# prizes:  1429

Tier #6 (Canary tier) not profitable, skipping ...





******************
Processing:
Vault:     0x75b2f4b3ec5adf7077f928992524cc547e74f768
Tier:      #6 (Canary tier)
# prizes:  204

Tier #6 (Canary tier) not profitable, skipping ...





******************
Processing:
Vault:     0x7fad91a4a29109303188d8758f1a9d60ce988349
Tier:      #6 (Canary tier)
# prizes:  2327

Tier #6 (Canary tier) not profitable, skipping ...





******************
Processing:
Vault:     0xdea4278d8b01b71523bfd6a8fc36fea67f349e47
Tier:      #6 (Canary tier)
# prizes:  1

Tier #6 (Canary tier) not profitable, skipping ...





******************
Processing:
Vault:     0xe590741416acbdba094f7d70beaef6060cc6d21e
Tier:      #6 (Canary tier)
# prizes:  2

Tier #6 (Canary tier) not profitable, skipping ...

