Operating on: 11155420 - Optimism Sepolia
Config - MIN_PROFIT_THRESHOLD_USD: -0.1

Starting ...
Getting prize pool info ...
Getting prize context ...

******************
1. Prize token: WETH

┌────────────┬──────────────────────────────────────────────┬──────────┬─────────────────┬────────┬──────────────┐
│ (index)    │ address                                      │ decimals │ name            │ symbol │ assetRateUsd │
├────────────┼──────────────────────────────────────────────┼──────────┼─────────────────┼────────┼──────────────┤
│ prizeToken │ '0x3749e4DA7558BeD9b0819dE7f8C7eFc271Db004e' │ 18       │ 'Wrapped Ether' │ 'WETH' │ 3469.8936    │
└────────────┴──────────────────────────────────────────────┴──────────┴─────────────────┴────────┴──────────────┘
┌─────────┬──────────┬──────────────────────────────┐
│ (index) │ numTiers │ tiersRangeArray              │
├─────────┼──────────┼──────────────────────────────┤
│ tiers   │ 4        │ [ 0, 1, 2, ... 1 more item ] │
└─────────┴──────────┴──────────────────────────────┘
Draw ID: 20
Prize Token WETH MarketRate USD:  $3469.8936

******************
Getting prize vaults ...
Found 6 prize vaults.

No claimed prizes for draw #20.
76 prizes remaining to be claimed...




******************
Processing:
Vault:     0x75ca27bb45d689c18f350592e036ee4e10a68d06
Tier:      #1
# prizes:  1

5a. Calculating # of profitable claims ...

Native (Gas) Token ETH Market Rate (USD): $3473.92

Estimated gas limit (wei) (1 prize claim): 0.000000000000256273 ETH (256273 wei)

Gas Cost: First Claim (wei): 0.000000000000256273 ETH (256273 wei)

Gas Cost: First Claim (USD): $1.29 $1.2948288934232546

5b. 1 Claim(s):

Total gas cost: 1 Claim(s) (USD): $1.29 ($1.2948288934232546)

Next Claim Reward: 1 Claim(s) (WEI): 0.014725465251877047 WETH (14725465251877047 wei)
Next Claim Reward: 1 Claim(s) (USD): $51.1 ($51.095797634510554)

Net profit = (Gross Profit - Gas Cost [Avg])
$49.8 = ($51.1 - $1.29) $49.800968741087296 = ($51.095797634510554 - $1.2948288934232546)


******************
5c. Profit/Loss (USD):

Net profit = (Gross Profit - Gas Cost [Max])
$49.8 = ($51.1 - $1.29) $49.800968741087296 = ($51.095797634510554 - $1.2948288934232546)

Claiming tier #1 currently not profitable.

Execute Claim Transaction for Tier #1



Transaction sent! ✔
Transaction hash: 0x5a87942b3a75dfc4f851713218260581801c2d7fb6e262e54ff0c6ab69582ffa
Waiting on transaction to be confirmed ...
Tx confirmed !




******************
Processing:
Vault:     0x798a13b071a8aac2d55109a53a2ba4230444619d
Tier:      #1
# prizes:  1

5a. Calculating # of profitable claims ...

Native (Gas) Token ETH Market Rate (USD): $3473.92

Estimated gas limit (wei) (1 prize claim): 0.000000000000195926 ETH (195926 wei)

Gas Cost: First Claim (wei): 0.000000000000195926 ETH (195926 wei)

Gas Cost: First Claim (USD): $1.15 $1.1508482582899737

5b. 1 Claim(s):

Total gas cost: 1 Claim(s) (USD): $1.15 ($1.1508482582899737)

Next Claim Reward: 1 Claim(s) (WEI): 0.014195182059241599 WETH (14195182059241599 wei)
Next Claim Reward: 1 Claim(s) (USD): $49.26 ($49.25577137819724)

Net profit = (Gross Profit - Gas Cost [Avg])
$48.1 = ($49.26 - $1.15) $48.10492311990726 = ($49.25577137819724 - $1.1508482582899737)


******************
5c. Profit/Loss (USD):

Net profit = (Gross Profit - Gas Cost [Max])
$48.1 = ($49.26 - $1.15) $48.10492311990726 = ($49.25577137819724 - $1.1508482582899737)

Claiming tier #1 currently not profitable.

Execute Claim Transaction for Tier #1



Transaction sent! ✔
Transaction hash: 0x40be9f8ed603149e28f0a69fa788ddae737fbaf3b95eb7c107bc62252763eeeb
Waiting on transaction to be confirmed ...
Tx confirmed !




******************
Processing:
Vault:     0xa18d434e584b24b364b506cf2b5cc0cef6be5d5c
Tier:      #1
# prizes:  2

5a. Calculating # of profitable claims ...

Native (Gas) Token ETH Market Rate (USD): $3473.92

Estimated gas limit (wei) (1 prize claim): 0.000000000000217625 ETH (217625 wei)
Estimated gas limit (wei) (2 prize claims): 0.000000000000307459 ETH (307459 wei)

Gas Cost: First Claim (wei): 0.000000000000217625 ETH (217625 wei)
Gas Cost: Each Following Claim (wei): 0.000000000000089834 ETH (89834 wei)

Gas Cost: First Claim (USD): $1.15 $1.1469981716796436
Gas Cost: Each Following Claim (USD): $1.4 $1.4043277176552973

5b. 1 Claim(s):

Total gas cost: 1 Claim(s) (USD): $1.15 ($1.1469981716796436)

Next Claim Reward: 1 Claim(s) (WEI): 0.013683995055390801 WETH (13683995055390801 wei)
Next Claim Reward: 1 Claim(s) (USD): $47.48 ($47.482006865132185)

Net profit = (Gross Profit - Gas Cost [Avg])
$46.34 = ($47.48 - $1.15) $46.335008693452544 = ($47.482006865132185 - $1.1469981716796436)


5b. 2 Claim(s):

Total gas cost: 2 Claim(s) (USD): $2.55 ($2.551325889334941)

Claim Reward: 1 Claim(s) (WEI): 0.013683995055390801 WETH (13683995055390801 wei)
Claim Reward: 1 Claim(s) (USD): $47.48 ($47.482006865132185)

Next Claim Reward: 2 Claim(s) (WEI): 0.026529486938908086 WETH (26529486938908086 wei)
Next Claim Reward: 2 Claim(s) (USD): $92.05 ($92.05449694060076)

Net profit = (Gross Profit - Gas Cost [Avg])
$89.5 = ($92.05 - $2.55) $89.50317105126581 = ($92.05449694060076 - $2.551325889334941)


******************
5c. Profit/Loss (USD):

Net profit = (Gross Profit - Gas Cost [Max])
$89.5 = ($92.05 - $2.55) $89.50317105126581 = ($92.05449694060076 - $2.551325889334941)

Submitting transaction to claim 2 prize(s):

0xa18d434e584b24b364b506cf2b5cc0cef6be5d5c-0x28B998984b3736a7A11C8ea68D33e516b5c55268-1-0
0xa18d434e584b24b364b506cf2b5cc0cef6be5d5c-0xe3Aa805b6EfF99E265E739C2307a89552BE9F36A-1-0



Execute Claim Transaction for Tier #1



Transaction sent! ✔
Transaction hash: 0x35312ef8db2f2d151a05b8f2a52a764a8c98065947cd9f1b768f6e09eabbcd6f
Waiting on transaction to be confirmed ...
Tx confirmed !




******************
Processing:
Vault:     0x75ca27bb45d689c18f350592e036ee4e10a68d06
Tier:      #2 (Canary tier)
# prizes:  8

5a. Calculating # of profitable claims ...

Native (Gas) Token ETH Market Rate (USD): $3473.92

Estimated gas limit (wei) (1 prize claim): 0.000000000000180534 ETH (180534 wei)
Estimated gas limit (wei) (2 prize claims): 0.000000000000258374 ETH (258374 wei)

Gas Cost: First Claim (wei): 0.000000000000180534 ETH (180534 wei)
Gas Cost: Each Following Claim (wei): 0.00000000000007784 ETH (77840 wei)

Gas Cost: First Claim (USD): $1.06 $1.06393607790287
Gas Cost: Each Following Claim (USD): $1.31 $1.3055152461770423

5b. 1 Claim(s):

Total gas cost: 1 Claim(s) (USD): $1.06 ($1.06393607790287)

Next Claim Reward: 1 Claim(s) (WEI): 0.000844848743824917 WETH (844848743824917 wei)
Next Claim Reward: 1 Claim(s) (USD): $2.93 ($2.9315352491661186)

Net profit = (Gross Profit - Gas Cost [Avg])
$1.87 = ($2.93 - $1.06) $1.8675991712632487 = ($2.9315352491661186 - $1.06393607790287)


5b. 2 Claim(s):

Total gas cost: 2 Claim(s) (USD): $2.37 ($2.369451324079912)

Claim Reward: 1 Claim(s) (WEI): 0.000844848743824917 WETH (844848743824917 wei)
Claim Reward: 1 Claim(s) (USD): $2.93 ($2.9315352491661186)

Next Claim Reward: 2 Claim(s) (WEI): 0.001689697487649834 WETH (1689697487649834 wei)
Next Claim Reward: 2 Claim(s) (USD): $5.86 ($5.863070498332237)

Net profit = (Gross Profit - Gas Cost [Avg])
$3.49 = ($5.86 - $2.37) $3.4936191742523253 = ($5.863070498332237 - $2.369451324079912)


5b. 3 Claim(s):

Total gas cost: 3 Claim(s) (USD): $3.67 ($3.6749665702569545)

Claim Reward: 2 Claim(s) (WEI): 0.001689697487649834 WETH (1689697487649834 wei)
Claim Reward: 2 Claim(s) (USD): $5.86 ($5.863070498332237)

Next Claim Reward: 3 Claim(s) (WEI): 0.002534546231474751 WETH (2534546231474751 wei)
Next Claim Reward: 3 Claim(s) (USD): $8.79 ($8.794605747498357)

Net profit = (Gross Profit - Gas Cost [Avg])
$5.12 = ($8.79 - $3.67) $5.119639177241403 = ($8.794605747498357 - $3.6749665702569545)


5b. 4 Claim(s):

Total gas cost: 4 Claim(s) (USD): $4.98 ($4.980481816433997)

Claim Reward: 3 Claim(s) (WEI): 0.002534546231474751 WETH (2534546231474751 wei)
Claim Reward: 3 Claim(s) (USD): $8.79 ($8.794605747498357)

Next Claim Reward: 4 Claim(s) (WEI): 0.003379394975299668 WETH (3379394975299668 wei)
Next Claim Reward: 4 Claim(s) (USD): $11.73 ($11.726140996664475)

Net profit = (Gross Profit - Gas Cost [Avg])
$6.75 = ($11.73 - $4.98) $6.7456591802304775 = ($11.726140996664475 - $4.980481816433997)


5b. 5 Claim(s):

Total gas cost: 5 Claim(s) (USD): $6.29 ($6.285997062611039)

Claim Reward: 4 Claim(s) (WEI): 0.003379394975299668 WETH (3379394975299668 wei)
Claim Reward: 4 Claim(s) (USD): $11.73 ($11.726140996664475)

Next Claim Reward: 5 Claim(s) (WEI): 0.004224243719124585 WETH (4224243719124585 wei)
Next Claim Reward: 5 Claim(s) (USD): $14.66 ($14.657676245830595)

Net profit = (Gross Profit - Gas Cost [Avg])
$8.37 = ($14.66 - $6.29) $8.371679183219555 = ($14.657676245830595 - $6.285997062611039)


5b. 6 Claim(s):

Total gas cost: 6 Claim(s) (USD): $7.59 ($7.591512308788081)

Claim Reward: 5 Claim(s) (WEI): 0.004224243719124585 WETH (4224243719124585 wei)
Claim Reward: 5 Claim(s) (USD): $14.66 ($14.657676245830595)

Next Claim Reward: 6 Claim(s) (WEI): 0.005069092462949502 WETH (5069092462949502 wei)
Next Claim Reward: 6 Claim(s) (USD): $17.59 ($17.589211494996714)

Net profit = (Gross Profit - Gas Cost [Avg])
$10 = ($17.59 - $7.59) $9.997699186208633 = ($17.589211494996714 - $7.591512308788081)


5b. 7 Claim(s):

Total gas cost: 7 Claim(s) (USD): $8.9 ($8.897027554965124)

Claim Reward: 6 Claim(s) (WEI): 0.005069092462949502 WETH (5069092462949502 wei)
Claim Reward: 6 Claim(s) (USD): $17.59 ($17.589211494996714)

Next Claim Reward: 7 Claim(s) (WEI): 0.005913941206774419 WETH (5913941206774419 wei)
Next Claim Reward: 7 Claim(s) (USD): $20.52 ($20.52074674416283)

Net profit = (Gross Profit - Gas Cost [Avg])
$11.62 = ($20.52 - $8.9) $11.623719189197708 = ($20.52074674416283 - $8.897027554965124)


5b. 8 Claim(s):

Total gas cost: 8 Claim(s) (USD): $10.2 ($10.202542801142165)

Claim Reward: 7 Claim(s) (WEI): 0.005913941206774419 WETH (5913941206774419 wei)
Claim Reward: 7 Claim(s) (USD): $20.52 ($20.52074674416283)

Next Claim Reward: 8 Claim(s) (WEI): 0.006758789950599336 WETH (6758789950599336 wei)
Next Claim Reward: 8 Claim(s) (USD): $23.45 ($23.45228199332895)

Net profit = (Gross Profit - Gas Cost [Avg])
$13.25 = ($23.45 - $10.2) $13.249739192186784 = ($23.45228199332895 - $10.202542801142165)


******************
5c. Profit/Loss (USD):

Net profit = (Gross Profit - Gas Cost [Max])
$13.25 = ($23.45 - $10.2) $13.249739192186784 = ($23.45228199332895 - $10.202542801142165)

Submitting transaction to claim 8 prize(s):

0x75ca27bb45d689c18f350592e036ee4e10a68d06-0x17FC34478D0AFb4e2E5547b09987794e302b4FEE-2-6
0x75ca27bb45d689c18f350592e036ee4e10a68d06-0x8098031657F45E1BFcB1fe3594b82CFc2F846aDa-2-6
0x75ca27bb45d689c18f350592e036ee4e10a68d06-0xbf3Ad4A697d6c44c97ac152D04ec5576837C494B-2-1
0x75ca27bb45d689c18f350592e036ee4e10a68d06-0x5Dc0E6607578d50efe189E4751e93740130df15E-2-14
0x75ca27bb45d689c18f350592e036ee4e10a68d06-0x917C195775c8230bC749E978a4E4Aa848CF9694b-2-8
0x75ca27bb45d689c18f350592e036ee4e10a68d06-0x551e42258b6a229F8b2A1ea478bbC14fC2e7EE59-2-9
0x75ca27bb45d689c18f350592e036ee4e10a68d06-0x551e42258b6a229F8b2A1ea478bbC14fC2e7EE59-2-14
0x75ca27bb45d689c18f350592e036ee4e10a68d06-0x3d872779a4BE8B9aeBF60Af6F15C8FA864EC09F5-2-1



Execute Claim Transaction for Tier #2 (Canary tier)



Transaction sent! ✔
Transaction hash: 0x0cf936581051e19556ef63708adcb90e62288a977d723a8a13e59fe423801761
Waiting on transaction to be confirmed ...
Tx confirmed !




******************
Processing:
Vault:     0xa18d434e584b24b364b506cf2b5cc0cef6be5d5c
Tier:      #2 (Canary tier)
# prizes:  7

5a. Calculating # of profitable claims ...

Native (Gas) Token ETH Market Rate (USD): $3473.92

Estimated gas limit (wei) (1 prize claim): 0.000000000000180534 ETH (180534 wei)
Estimated gas limit (wei) (2 prize claims): 0.000000000000258361 ETH (258361 wei)

Gas Cost: First Claim (wei): 0.000000000000180534 ETH (180534 wei)
Gas Cost: Each Following Claim (wei): 0.000000000000077827 ETH (77827 wei)

Gas Cost: First Claim (USD): $1.06 $1.06393607790287
Gas Cost: Each Following Claim (USD): $1.3 $1.301886160870962

5b. 1 Claim(s):

Total gas cost: 1 Claim(s) (USD): $1.06 ($1.06393607790287)

Next Claim Reward: 1 Claim(s) (WEI): 0.000844848743824917 WETH (844848743824917 wei)
Next Claim Reward: 1 Claim(s) (USD): $2.93 ($2.9315352491661186)

Net profit = (Gross Profit - Gas Cost [Avg])
$1.87 = ($2.93 - $1.06) $1.8675991712632487 = ($2.9315352491661186 - $1.06393607790287)


5b. 2 Claim(s):

Total gas cost: 2 Claim(s) (USD): $2.37 ($2.365822238773832)

Claim Reward: 1 Claim(s) (WEI): 0.000844848743824917 WETH (844848743824917 wei)
Claim Reward: 1 Claim(s) (USD): $2.93 ($2.9315352491661186)

Next Claim Reward: 2 Claim(s) (WEI): 0.001689697487649834 WETH (1689697487649834 wei)
Next Claim Reward: 2 Claim(s) (USD): $5.86 ($5.863070498332237)

Net profit = (Gross Profit - Gas Cost [Avg])
$3.5 = ($5.86 - $2.37) $3.4972482595584053 = ($5.863070498332237 - $2.365822238773832)


5b. 3 Claim(s):

Total gas cost: 3 Claim(s) (USD): $3.67 ($3.667708399644794)

Claim Reward: 2 Claim(s) (WEI): 0.001689697487649834 WETH (1689697487649834 wei)
Claim Reward: 2 Claim(s) (USD): $5.86 ($5.863070498332237)

Next Claim Reward: 3 Claim(s) (WEI): 0.002534546231474751 WETH (2534546231474751 wei)
Next Claim Reward: 3 Claim(s) (USD): $8.79 ($8.794605747498357)

Net profit = (Gross Profit - Gas Cost [Avg])
$5.13 = ($8.79 - $3.67) $5.126897347853563 = ($8.794605747498357 - $3.667708399644794)


5b. 4 Claim(s):

Total gas cost: 4 Claim(s) (USD): $4.97 ($4.969594560515755)

Claim Reward: 3 Claim(s) (WEI): 0.002534546231474751 WETH (2534546231474751 wei)
Claim Reward: 3 Claim(s) (USD): $8.79 ($8.794605747498357)

Next Claim Reward: 4 Claim(s) (WEI): 0.003379394975299668 WETH (3379394975299668 wei)
Next Claim Reward: 4 Claim(s) (USD): $11.73 ($11.726140996664475)

Net profit = (Gross Profit - Gas Cost [Avg])
$6.76 = ($11.73 - $4.97) $6.756546436148719 = ($11.726140996664475 - $4.969594560515755)


5b. 5 Claim(s):

Total gas cost: 5 Claim(s) (USD): $6.27 ($6.271480721386718)

Claim Reward: 4 Claim(s) (WEI): 0.003379394975299668 WETH (3379394975299668 wei)
Claim Reward: 4 Claim(s) (USD): $11.73 ($11.726140996664475)

Next Claim Reward: 5 Claim(s) (WEI): 0.004224243719124585 WETH (4224243719124585 wei)
Next Claim Reward: 5 Claim(s) (USD): $14.66 ($14.657676245830595)

Net profit = (Gross Profit - Gas Cost [Avg])
$8.39 = ($14.66 - $6.27) $8.386195524443878 = ($14.657676245830595 - $6.271480721386718)


5b. 6 Claim(s):

Total gas cost: 6 Claim(s) (USD): $7.57 ($7.57336688225768)

Claim Reward: 5 Claim(s) (WEI): 0.004224243719124585 WETH (4224243719124585 wei)
Claim Reward: 5 Claim(s) (USD): $14.66 ($14.657676245830595)

Next Claim Reward: 6 Claim(s) (WEI): 0.005069092462949502 WETH (5069092462949502 wei)
Next Claim Reward: 6 Claim(s) (USD): $17.59 ($17.589211494996714)

Net profit = (Gross Profit - Gas Cost [Avg])
$10.02 = ($17.59 - $7.57) $10.015844612739034 = ($17.589211494996714 - $7.57336688225768)


5b. 7 Claim(s):

Total gas cost: 7 Claim(s) (USD): $8.88 ($8.875253043128641)

Claim Reward: 6 Claim(s) (WEI): 0.005069092462949502 WETH (5069092462949502 wei)
Claim Reward: 6 Claim(s) (USD): $17.59 ($17.589211494996714)

Next Claim Reward: 7 Claim(s) (WEI): 0.005913941206774419 WETH (5913941206774419 wei)
Next Claim Reward: 7 Claim(s) (USD): $20.52 ($20.52074674416283)

Net profit = (Gross Profit - Gas Cost [Avg])
$11.65 = ($20.52 - $8.88) $11.64549370103419 = ($20.52074674416283 - $8.875253043128641)


******************
5c. Profit/Loss (USD):

Net profit = (Gross Profit - Gas Cost [Max])
$11.65 = ($20.52 - $8.88) $11.64549370103419 = ($20.52074674416283 - $8.875253043128641)

Submitting transaction to claim 7 prize(s):

0xa18d434e584b24b364b506cf2b5cc0cef6be5d5c-0x3F300CDA29247C4Ef6E53c0b1c85aC6493909888-2-10
0xa18d434e584b24b364b506cf2b5cc0cef6be5d5c-0x52cBdf0076B60B67F4942f84108C098837fF8206-2-4
0xa18d434e584b24b364b506cf2b5cc0cef6be5d5c-0x49cF8399401392dfBeF1841dE9199A8c59a8744E-2-10
0xa18d434e584b24b364b506cf2b5cc0cef6be5d5c-0xfe3A59e72f05E269BC412C7622903298d2bd6411-2-11
0xa18d434e584b24b364b506cf2b5cc0cef6be5d5c-0x24C9ab5f9d6F317aCE9E29F7aaC18Bcc8D4EDa6a-2-13
0xa18d434e584b24b364b506cf2b5cc0cef6be5d5c-0xA0bB877f0E5aC6Ec2373c4798d868A2872030C19-2-11
0xa18d434e584b24b364b506cf2b5cc0cef6be5d5c-0x928D940C896E6C0a88DDB3339121f9b4Be0e3361-2-11



Execute Claim Transaction for Tier #2 (Canary tier)



Transaction sent! ✔
Transaction hash: 0xbea7f8d901d2cb62ecc8a8abacffaa539fac1902d3172f13b37f43851afe28e2
Waiting on transaction to be confirmed ...
Tx confirmed !




******************
Processing:
Vault:     0x75ca27bb45d689c18f350592e036ee4e10a68d06
Tier:      #3 (Canary tier)
# prizes:  15

5a. Calculating # of profitable claims ...

Native (Gas) Token ETH Market Rate (USD): $3473.92

Estimated gas limit (wei) (1 prize claim): 0.000000000000180534 ETH (180534 wei)
Estimated gas limit (wei) (2 prize claims): 0.000000000000258374 ETH (258374 wei)

Gas Cost: First Claim (wei): 0.000000000000180534 ETH (180534 wei)
Gas Cost: Each Following Claim (wei): 0.00000000000007784 ETH (77840 wei)

Gas Cost: First Claim (USD): $1.11 $1.1065129932025224
Gas Cost: Each Following Claim (USD): $1.36 $1.3577797417496533

5b. 1 Claim(s):

Total gas cost: 1 Claim(s) (USD): $1.11 ($1.1065129932025224)

Next Claim Reward: 1 Claim(s) (WEI): 0.000211212185956229 WETH (211212185956229 wei)
Next Claim Reward: 1 Claim(s) (USD): $0.73 ($0.7328838122915289)

Net profit = (Gross Profit - Gas Cost [Avg])
$-0.37 = ($0.73 - $1.11) $-0.3736291809109935 = ($0.7328838122915289 - $1.1065129932025224)

******************
5c. Profit/Loss (USD):

Net profit = (Gross Profit - Gas Cost [Max])
$-1.11 = ($0 - $1.11) $-1.1065129932025224 = ($0 - $1.1065129932025224)

Claiming tier #3 (Canary tier) currently not profitable.
Not profitable to claim for Draw #20, Tier: #3 (Canary tier)




******************
Processing:
Vault:     0x798a13b071a8aac2d55109a53a2ba4230444619d
Tier:      #3 (Canary tier)
# prizes:  9

Tier #3 (Canary tier) not profitable, skipping ...





******************
Processing:
Vault:     0xa18d434e584b24b364b506cf2b5cc0cef6be5d5c
Tier:      #3 (Canary tier)
# prizes:  33

Tier #3 (Canary tier) not profitable, skipping ...

