Operating on: 11155420 - Optimism Sepolia

Config - REWARD_RECIPIENT not provided, setting swap recipient to relayer address: 0x06003274c3a7926c04cA8d6903cc691fE8f3CEC2
Config - MIN_PROFIT_THRESHOLD_USD: 0.05

Starting ...
Getting prize pool info ...
Getting prize context ...

******************
1. Prize token: WETH

┌────────────┬──────────────────────────────────────────────┬──────────┬─────────────────┬────────┬──────────────┐
│ (index)    │ address                                      │ decimals │ name            │ symbol │ assetRateUsd │
├────────────┼──────────────────────────────────────────────┼──────────┼─────────────────┼────────┼──────────────┤
│ prizeToken │ '0xC355F97a3Aa2808Acb536E555764b8FB26fB4b37' │ 18       │ 'Wrapped Ether' │ 'WETH' │ 3145.197     │
└────────────┴──────────────────────────────────────────────┴──────────┴─────────────────┴────────┴──────────────┘
┌─────────┬──────────┬───────────────────────────────┐
│ (index) │ numTiers │ tiersRangeArray               │
├─────────┼──────────┼───────────────────────────────┤
│ tiers   │ 7        │ [ 0, 1, 2, ... 4 more items ] │
└─────────┴──────────┴───────────────────────────────┘
Draw ID: 17
Prize Token WETH MarketRate USD:  $3145.197

******************
Getting prize vaults ...
Found 6 prize vaults.

78 prizes already claimed for draw #17.
5229 prizes remaining to be claimed...




******************
Processing:
Vault:     0x33335296c9b020ca3252e4953c11decfdce816b8
Tier:      #4
# prizes:  81

5a. Calculating # of profitable claims ...

Native (Gas) Token ETH Market Rate (USD): $3139.65

Estimated gas limit (wei) (1 prize claim): 0.000000000000230887 ETH (230887 wei)
Estimated gas limit (wei) (2 prize claims): 0.00000000000031008 ETH (310080 wei)

Gas Cost: First Claim (wei): 0.000000000000230887 ETH (230887 wei)
Gas Cost: Each Following Claim (wei): 0.000000000000079193 ETH (79193 wei)

Gas Cost: First Claim (USD): $0.02 $0.01629262297530564
Gas Cost: Each Following Claim (USD): $0.02 $0.019370468836612562

5b. 1 Claim(s):

Total gas cost: 1 Claim(s) (USD): $0.02 ($0.01629262297530564)

Next Claim Reward: 1 Claim(s) (WEI): 0.000050290728524944 WETH (50290728524944 wei)
Next Claim Reward: 1 Claim(s) (USD): $0.16 ($0.1581742484844683)

Net profit = (Gross Profit - Gas Cost [Avg])
$0.14 = ($0.16 - $0.02) $0.14188162550916264 = ($0.1581742484844683 - $0.01629262297530564)


5b. 2 Claim(s):

Total gas cost: 2 Claim(s) (USD): $0.04 ($0.03566309181191821)

Claim Reward: 1 Claim(s) (WEI): 0.000050290728524944 WETH (50290728524944 wei)
Claim Reward: 1 Claim(s) (USD): $0.16 ($0.1581742484844683)

Next Claim Reward: 2 Claim(s) (WEI): 0.0001005201987805 WETH (100520198780500 wei)
Next Claim Reward: 2 Claim(s) (USD): $0.32 ($0.31615582764383227)

Net profit = (Gross Profit - Gas Cost [Avg])
$0.28 = ($0.32 - $0.04) $0.28049273583191403 = ($0.31615582764383227 - $0.03566309181191821)


5b. 3 Claim(s):

Total gas cost: 3 Claim(s) (USD): $0.06 ($0.055033560648530766)

Claim Reward: 2 Claim(s) (WEI): 0.0001005201987805 WETH (100520198780500 wei)
Claim Reward: 2 Claim(s) (USD): $0.32 ($0.31615582764383227)

Next Claim Reward: 3 Claim(s) (WEI): 0.000150688485384312 WETH (150688485384312 wei)
Next Claim Reward: 3 Claim(s) (USD): $0.47 ($0.47394497216528203)

Net profit = (Gross Profit - Gas Cost [Avg])
$0.42 = ($0.47 - $0.06) $0.41891141151675126 = ($0.47394497216528203 - $0.055033560648530766)


5b. 4 Claim(s):

Total gas cost: 4 Claim(s) (USD): $0.07 ($0.07440402948514332)

Claim Reward: 3 Claim(s) (WEI): 0.000150688485384312 WETH (150688485384312 wei)
Claim Reward: 3 Claim(s) (USD): $0.47 ($0.47394497216528203)

Next Claim Reward: 4 Claim(s) (WEI): 0.000200795662863128 WETH (200795662863128 wei)
Next Claim Reward: 4 Claim(s) (USD): $0.63 ($0.6315419164501216)

Net profit = (Gross Profit - Gas Cost [Avg])
$0.56 = ($0.63 - $0.07) $0.5571378869649782 = ($0.6315419164501216 - $0.07440402948514332)


5b. 5 Claim(s):

Total gas cost: 5 Claim(s) (USD): $0.09 ($0.09377449832175588)

Claim Reward: 4 Claim(s) (WEI): 0.000200795662863128 WETH (200795662863128 wei)
Claim Reward: 4 Claim(s) (USD): $0.63 ($0.6315419164501216)

Next Claim Reward: 5 Claim(s) (WEI): 0.00025084180565292 WETH (250841805652920 wei)
Next Claim Reward: 5 Claim(s) (USD): $0.79 ($0.788946894614147)

Net profit = (Gross Profit - Gas Cost [Avg])
$0.7 = ($0.79 - $0.09) $0.6951723962923911 = ($0.788946894614147 - $0.09377449832175588)


5b. 6 Claim(s):

Total gas cost: 6 Claim(s) (USD): $0.11 ($0.11314496715836844)

Claim Reward: 5 Claim(s) (WEI): 0.00025084180565292 WETH (250841805652920 wei)
Claim Reward: 5 Claim(s) (USD): $0.79 ($0.788946894614147)

Next Claim Reward: 6 Claim(s) (WEI): 0.000300826988098998 WETH (300826988098998 wei)
Next Claim Reward: 6 Claim(s) (USD): $0.95 ($0.9461601404880042)

Net profit = (Gross Profit - Gas Cost [Avg])
$0.83 = ($0.95 - $0.11) $0.8330151733296358 = ($0.9461601404880042 - $0.11314496715836844)


5b. 7 Claim(s):

Total gas cost: 7 Claim(s) (USD): $0.13 ($0.13251543599498103)

Claim Reward: 6 Claim(s) (WEI): 0.000300826988098998 WETH (300826988098998 wei)
Claim Reward: 6 Claim(s) (USD): $0.95 ($0.9461601404880042)

Next Claim Reward: 7 Claim(s) (WEI): 0.000350751284456097 WETH (350751284456097 wei)
Next Claim Reward: 7 Claim(s) (USD): $1.1 ($1.103181887617463)

Net profit = (Gross Profit - Gas Cost [Avg])
$0.97 = ($1.1 - $0.13) $0.970666451622482 = ($1.103181887617463 - $0.13251543599498103)


5b. 8 Claim(s):

Total gas cost: 8 Claim(s) (USD): $0.15 ($0.1518859048315936)

Claim Reward: 7 Claim(s) (WEI): 0.000350751284456097 WETH (350751284456097 wei)
Claim Reward: 7 Claim(s) (USD): $1.1 ($1.103181887617463)

Next Claim Reward: 8 Claim(s) (WEI): 0.000400614768888512 WETH (400614768888512 wei)
Next Claim Reward: 8 Claim(s) (USD): $1.26 ($1.2600123692638412)

Net profit = (Gross Profit - Gas Cost [Avg])
$1.11 = ($1.26 - $0.15) $1.1081264644322477 = ($1.2600123692638412 - $0.1518859048315936)


5b. 9 Claim(s):

Total gas cost: 9 Claim(s) (USD): $0.17 ($0.17125637366820615)

Claim Reward: 8 Claim(s) (WEI): 0.000400614768888512 WETH (400614768888512 wei)
Claim Reward: 8 Claim(s) (USD): $1.26 ($1.2600123692638412)

Next Claim Reward: 9 Claim(s) (WEI): 0.000450417515470209 WETH (450417515470209 wei)
Next Claim Reward: 9 Claim(s) (USD): $1.42 ($1.416651818404355)

Net profit = (Gross Profit - Gas Cost [Avg])
$1.25 = ($1.42 - $0.17) $1.2453954447361488 = ($1.416651818404355 - $0.17125637366820615)


5b. 10 Claim(s):

Total gas cost: 10 Claim(s) (USD): $0.19 ($0.1906268425048187)

Claim Reward: 9 Claim(s) (WEI): 0.000450417515470209 WETH (450417515470209 wei)
Claim Reward: 9 Claim(s) (USD): $1.42 ($1.416651818404355)

Next Claim Reward: 10 Claim(s) (WEI): 0.0005001595981849 WETH (500159598184900 wei)
Next Claim Reward: 10 Claim(s) (USD): $1.57 ($1.5731004677323528)

Net profit = (Gross Profit - Gas Cost [Avg])
$1.38 = ($1.57 - $0.19) $1.382473625227534 = ($1.5731004677323528 - $0.1906268425048187)


5b. 11 Claim(s):

Total gas cost: 11 Claim(s) (USD): $0.21 ($0.20999731134143126)

Claim Reward: 10 Claim(s) (WEI): 0.0005001595981849 WETH (500159598184900 wei)
Claim Reward: 10 Claim(s) (USD): $1.57 ($1.5731004677323528)

Next Claim Reward: 11 Claim(s) (WEI): 0.000549841090926215 WETH (549841090926215 wei)
Next Claim Reward: 11 Claim(s) (USD): $1.73 ($1.7293585496578587)

Net profit = (Gross Profit - Gas Cost [Avg])
$1.52 = ($1.73 - $0.21) $1.5193612383164274 = ($1.7293585496578587 - $0.20999731134143126)


5b. 12 Claim(s):

Total gas cost: 12 Claim(s) (USD): $0.23 ($0.22936778017804382)

Claim Reward: 11 Claim(s) (WEI): 0.000549841090926215 WETH (549841090926215 wei)
Claim Reward: 11 Claim(s) (USD): $1.73 ($1.7293585496578587)

Next Claim Reward: 12 Claim(s) (WEI): 0.000599462067497748 WETH (599462067497748 wei)
Next Claim Reward: 12 Claim(s) (USD): $1.89 ($1.8854262963077146)

Net profit = (Gross Profit - Gas Cost [Avg])
$1.66 = ($1.89 - $0.23) $1.6560585161296708 = ($1.8854262963077146 - $0.22936778017804382)


5b. 13 Claim(s):

Total gas cost: 13 Claim(s) (USD): $0.25 ($0.2487382490146564)

Claim Reward: 12 Claim(s) (WEI): 0.000599462067497748 WETH (599462067497748 wei)
Claim Reward: 12 Claim(s) (USD): $1.89 ($1.8854262963077146)

Next Claim Reward: 13 Claim(s) (WEI): 0.000649022601613204 WETH (649022601613204 wei)
Next Claim Reward: 13 Claim(s) (USD): $2.04 ($2.0413039395260446)

Net profit = (Gross Profit - Gas Cost [Avg])
$1.79 = ($2.04 - $0.25) $1.7925656905113883 = ($2.0413039395260446 - $0.2487382490146564)


5b. 14 Claim(s):

Total gas cost: 14 Claim(s) (USD): $0.27 ($0.26810871785126894)

Claim Reward: 13 Claim(s) (WEI): 0.000649022601613204 WETH (649022601613204 wei)
Claim Reward: 13 Claim(s) (USD): $2.04 ($2.0413039395260446)

Next Claim Reward: 14 Claim(s) (WEI): 0.000698522766896486 WETH (698522766896486 wei)
Next Claim Reward: 14 Claim(s) (USD): $2.2 ($2.1969917108745274)

Net profit = (Gross Profit - Gas Cost [Avg])
$1.93 = ($2.2 - $0.27) $1.9288829930232585 = ($2.1969917108745274 - $0.26810871785126894)


5b. 15 Claim(s):

Total gas cost: 15 Claim(s) (USD): $0.29 ($0.2874791866878815)

Claim Reward: 14 Claim(s) (WEI): 0.000698522766896486 WETH (698522766896486 wei)
Claim Reward: 14 Claim(s) (USD): $2.2 ($2.1969917108745274)

Next Claim Reward: 15 Claim(s) (WEI): 0.000747962636881845 WETH (747962636881845 wei)
Next Claim Reward: 15 Claim(s) (USD): $2.35 ($2.3524898416328686)

Net profit = (Gross Profit - Gas Cost [Avg])
$2.07 = ($2.35 - $0.29) $2.065010654944987 = ($2.3524898416328686 - $0.2874791866878815)


5b. 16 Claim(s):

Total gas cost: 16 Claim(s) (USD): $0.31 ($0.30684965552449406)

Claim Reward: 15 Claim(s) (WEI): 0.000747962636881845 WETH (747962636881845 wei)
Claim Reward: 15 Claim(s) (USD): $2.35 ($2.3524898416328686)

Next Claim Reward: 16 Claim(s) (WEI): 0.00079734228501392 WETH (797342285013920 wei)
Next Claim Reward: 16 Claim(s) (USD): $2.51 ($2.507798562798926)

Net profit = (Gross Profit - Gas Cost [Avg])
$2.2 = ($2.51 - $0.31) $2.200948907274432 = ($2.507798562798926 - $0.30684965552449406)


5b. 17 Claim(s):

Total gas cost: 17 Claim(s) (USD): $0.33 ($0.32622012436110664)

Claim Reward: 16 Claim(s) (WEI): 0.00079734228501392 WETH (797342285013920 wei)
Claim Reward: 16 Claim(s) (USD): $2.51 ($2.507798562798926)

Next Claim Reward: 17 Claim(s) (WEI): 0.000846661784647935 WETH (846661784647935 wei)
Next Claim Reward: 17 Claim(s) (USD): $2.66 ($2.6629181050893314)

Net profit = (Gross Profit - Gas Cost [Avg])
$2.34 = ($2.66 - $0.33) $2.336697980728225 = ($2.6629181050893314 - $0.32622012436110664)


5b. 18 Claim(s):

Total gas cost: 18 Claim(s) (USD): $0.35 ($0.34559059319771923)

Claim Reward: 17 Claim(s) (WEI): 0.000846661784647935 WETH (846661784647935 wei)
Claim Reward: 17 Claim(s) (USD): $2.66 ($2.6629181050893314)

Next Claim Reward: 18 Claim(s) (WEI): 0.000895921209049734 WETH (895921209049734 wei)
Next Claim Reward: 18 Claim(s) (USD): $2.82 ($2.817848698939596)

Net profit = (Gross Profit - Gas Cost [Avg])
$2.47 = ($2.82 - $0.35) $2.4722581057418767 = ($2.817848698939596 - $0.34559059319771923)


5b. 19 Claim(s):

Total gas cost: 19 Claim(s) (USD): $0.36 ($0.36496106203433176)

Claim Reward: 18 Claim(s) (WEI): 0.000895921209049734 WETH (895921209049734 wei)
Claim Reward: 18 Claim(s) (USD): $2.82 ($2.817848698939596)

Next Claim Reward: 19 Claim(s) (WEI): 0.000945120631395919 WETH (945120631395919 wei)
Next Claim Reward: 19 Claim(s) (USD): $2.97 ($2.9725905745045504)

Net profit = (Gross Profit - Gas Cost [Avg])
$2.61 = ($2.97 - $0.36) $2.6076295124702185 = ($2.9725905745045504 - $0.36496106203433176)


5b. 20 Claim(s):

Total gas cost: 20 Claim(s) (USD): $0.38 ($0.38433153087094435)

Claim Reward: 19 Claim(s) (WEI): 0.000945120631395919 WETH (945120631395919 wei)
Claim Reward: 19 Claim(s) (USD): $2.97 ($2.9725905745045504)

Next Claim Reward: 20 Claim(s) (WEI): 0.00099426012477396 WETH (994260124773960 wei)
Next Claim Reward: 20 Claim(s) (USD): $3.13 ($3.1271439616586845)

Net profit = (Gross Profit - Gas Cost [Avg])
$2.74 = ($3.13 - $0.38) $2.74281243078774 = ($3.1271439616586845 - $0.38433153087094435)


5b. 21 Claim(s):

Total gas cost: 21 Claim(s) (USD): $0.4 ($0.4037019997075569)

Claim Reward: 20 Claim(s) (WEI): 0.00099426012477396 WETH (994260124773960 wei)
Claim Reward: 20 Claim(s) (USD): $3.13 ($3.1271439616586845)

Next Claim Reward: 21 Claim(s) (WEI): 0.001043339762182284 WETH (1043339762182284 wei)
Next Claim Reward: 21 Claim(s) (USD): $3.28 ($3.281509089996433)

Net profit = (Gross Profit - Gas Cost [Avg])
$2.88 = ($3.28 - $0.4) $2.877807090288876 = ($3.281509089996433 - $0.4037019997075569)


5b. 22 Claim(s):

Total gas cost: 22 Claim(s) (USD): $0.42 ($0.42307246854416947)

Claim Reward: 21 Claim(s) (WEI): 0.001043339762182284 WETH (1043339762182284 wei)
Claim Reward: 21 Claim(s) (USD): $3.28 ($3.281509089996433)

Next Claim Reward: 22 Claim(s) (WEI): 0.001092359616530446 WETH (1092359616530446 wei)
Next Claim Reward: 22 Claim(s) (USD): $3.44 ($3.4356861888327095)

Net profit = (Gross Profit - Gas Cost [Avg])
$3.01 = ($3.44 - $0.42) $3.01261372028854 = ($3.4356861888327095 - $0.42307246854416947)


5b. 23 Claim(s):

Total gas cost: 23 Claim(s) (USD): $0.44 ($0.442442937380782)

Claim Reward: 22 Claim(s) (WEI): 0.001092359616530446 WETH (1092359616530446 wei)
Claim Reward: 22 Claim(s) (USD): $3.44 ($3.4356861888327095)

Next Claim Reward: 23 Claim(s) (WEI): 0.001141319760639157 WETH (1141319760639157 wei)
Next Claim Reward: 23 Claim(s) (USD): $3.59 ($3.5896754872029946)

Net profit = (Gross Profit - Gas Cost [Avg])
$3.15 = ($3.59 - $0.44) $3.1472325498222125 = ($3.5896754872029946 - $0.442442937380782)


5b. 24 Claim(s):

Total gas cost: 24 Claim(s) (USD): $0.46 ($0.4618134062173946)

Claim Reward: 23 Claim(s) (WEI): 0.001141319760639157 WETH (1141319760639157 wei)
Claim Reward: 23 Claim(s) (USD): $3.59 ($3.5896754872029946)

Next Claim Reward: 24 Claim(s) (WEI): 0.001190220267240384 WETH (1190220267240384 wei)
Next Claim Reward: 24 Claim(s) (USD): $3.74 ($3.7434772138636543)

Net profit = (Gross Profit - Gas Cost [Avg])
$3.28 = ($3.74 - $0.46) $3.2816638076462596 = ($3.7434772138636543 - $0.4618134062173946)


5b. 25 Claim(s):

Total gas cost: 25 Claim(s) (USD): $0.48 ($0.48118387505400717)

Claim Reward: 24 Claim(s) (WEI): 0.001190220267240384 WETH (1190220267240384 wei)
Claim Reward: 24 Claim(s) (USD): $3.74 ($3.7434772138636543)

Next Claim Reward: 25 Claim(s) (WEI): 0.0012390612089776 WETH (1239061208977600 wei)
Next Claim Reward: 25 Claim(s) (USD): $3.9 ($3.8970915972927207)

Net profit = (Gross Profit - Gas Cost [Avg])
$3.42 = ($3.9 - $0.48) $3.4159077222387135 = ($3.8970915972927207 - $0.48118387505400717)


5b. 26 Claim(s):

Total gas cost: 26 Claim(s) (USD): $0.5 ($0.5005543438906197)

Claim Reward: 25 Claim(s) (WEI): 0.0012390612089776 WETH (1239061208977600 wei)
Claim Reward: 25 Claim(s) (USD): $3.9 ($3.8970915972927207)

Next Claim Reward: 26 Claim(s) (WEI): 0.001287842658405732 WETH (1287842658405732 wei)
Next Claim Reward: 26 Claim(s) (USD): $4.05 ($4.0505188656897335)

Net profit = (Gross Profit - Gas Cost [Avg])
$3.55 = ($4.05 - $0.5) $3.549964521799114 = ($4.0505188656897335 - $0.5005543438906197)


5b. 27 Claim(s):

Total gas cost: 27 Claim(s) (USD): $0.52 ($0.5199248127272322)

Claim Reward: 26 Claim(s) (WEI): 0.001287842658405732 WETH (1287842658405732 wei)
Claim Reward: 26 Claim(s) (USD): $4.05 ($4.0505188656897335)

Next Claim Reward: 27 Claim(s) (WEI): 0.00133656468799131 WETH (1336564687991310 wei)
Next Claim Reward: 27 Claim(s) (USD): $4.2 ($4.203759246976204)

Net profit = (Gross Profit - Gas Cost [Avg])
$3.68 = ($4.2 - $0.52) $3.6838344342489715 = ($4.203759246976204 - $0.5199248127272322)


5b. 28 Claim(s):

Total gas cost: 28 Claim(s) (USD): $0.54 ($0.5392952815638449)

Claim Reward: 27 Claim(s) (WEI): 0.00133656468799131 WETH (1336564687991310 wei)
Claim Reward: 27 Claim(s) (USD): $4.2 ($4.203759246976204)

Next Claim Reward: 28 Claim(s) (WEI): 0.001385227370112628 WETH (1385227370112628 wei)
Next Claim Reward: 28 Claim(s) (USD): $4.36 ($4.3568129687961274)

Net profit = (Gross Profit - Gas Cost [Avg])
$3.82 = ($4.36 - $0.54) $3.8175176872322827 = ($4.3568129687961274 - $0.5392952815638449)


5b. 29 Claim(s):

Total gas cost: 29 Claim(s) (USD): $0.56 ($0.5586657504004574)

Claim Reward: 28 Claim(s) (WEI): 0.001385227370112628 WETH (1385227370112628 wei)
Claim Reward: 28 Claim(s) (USD): $4.36 ($4.3568129687961274)

Next Claim Reward: 29 Claim(s) (WEI): 0.00143383077705983 WETH (1433830777059830 wei)
Next Claim Reward: 29 Claim(s) (USD): $4.51 ($4.509680258516246)

Net profit = (Gross Profit - Gas Cost [Avg])
$3.95 = ($4.51 - $0.56) $3.951014508115789 = ($4.509680258516246 - $0.5586657504004574)


5b. 30 Claim(s):

Total gas cost: 30 Claim(s) (USD): $0.58 ($0.5780362192370699)

Claim Reward: 29 Claim(s) (WEI): 0.00143383077705983 WETH (1433830777059830 wei)
Claim Reward: 29 Claim(s) (USD): $4.51 ($4.509680258516246)

Next Claim Reward: 30 Claim(s) (WEI): 0.00148237498103496 WETH (1482374981034960 wei)
Next Claim Reward: 30 Claim(s) (USD): $4.66 ($4.662361343226213)

Net profit = (Gross Profit - Gas Cost [Avg])
$4.08 = ($4.66 - $0.58) $4.084325123989143 = ($4.662361343226213 - $0.5780362192370699)

******************
5c. Profit/Loss (USD):

Net profit = (Gross Profit - Gas Cost [Max])
$3.93 = ($4.51 - $0.58) $3.9316440392791763 = ($4.509680258516246 - $0.5780362192370699)

Submitting transaction to claim 29 prize(s):

0x33335296c9b020ca3252e4953c11decfdce816b8-0xA7eB8924CA49B1D537bf6c4f0298ce9C5cFDf439-4-91
0x33335296c9b020ca3252e4953c11decfdce816b8-0xA7eB8924CA49B1D537bf6c4f0298ce9C5cFDf439-4-235
0x33335296c9b020ca3252e4953c11decfdce816b8-0x85393fbAA60c549fa405292Cd414a93b2393914E-4-145
0x33335296c9b020ca3252e4953c11decfdce816b8-0x4A82b4371be2A9a77Db111b32dB139788f23518f-4-196
0x33335296c9b020ca3252e4953c11decfdce816b8-0xE7f0f2258C180DF8C6CC57134638524B07CC291D-4-19
0x33335296c9b020ca3252e4953c11decfdce816b8-0x48843476302e01b9429D0cd63ED6D35c248400AD-4-230
0x33335296c9b020ca3252e4953c11decfdce816b8-0x49647743446162AFA74B1589F9D9bCe6ebB4D737-4-107
0x33335296c9b020ca3252e4953c11decfdce816b8-0x7a57DEc37A0D3a1bEAC48EEf6Ee27BD897367678-4-181
0x33335296c9b020ca3252e4953c11decfdce816b8-0xAAF90d653A3CCA642e138568B042c568CaEEAe21-4-170
0x33335296c9b020ca3252e4953c11decfdce816b8-0x370EFB14F3d7b415Fab33d72F3601115F4051c9B-4-118
0x33335296c9b020ca3252e4953c11decfdce816b8-0x84A5101045E3fDDB88576aED740806665CBfE470-4-31
0x33335296c9b020ca3252e4953c11decfdce816b8-0x22a4D949B9f3EeA090fb44b9F7c4e49992C5cea5-4-61
0x33335296c9b020ca3252e4953c11decfdce816b8-0x4cc8dcca2E6c0511FdD3dA1f53C026470D7c7F0D-4-113
0x33335296c9b020ca3252e4953c11decfdce816b8-0x4cc8dcca2E6c0511FdD3dA1f53C026470D7c7F0D-4-133
0x33335296c9b020ca3252e4953c11decfdce816b8-0x9998230876dF8d732760B5fdE4470c511D81c286-4-244
0x33335296c9b020ca3252e4953c11decfdce816b8-0xcf24772D7e174a8fB688Bd3b4c8baA7DD258f8b0-4-91
0x33335296c9b020ca3252e4953c11decfdce816b8-0xcFb2Adf3F5593950A6286188BC9976aeb2d8465F-4-63
0x33335296c9b020ca3252e4953c11decfdce816b8-0x1FB8a0aedc3a95389188d04d88EBe0C59E9Ed164-4-78
0x33335296c9b020ca3252e4953c11decfdce816b8-0x22158Bf0807F16f9145888Cf6c462600220712EC-4-80
0x33335296c9b020ca3252e4953c11decfdce816b8-0x79bf18a8Fc3b5e213fB003b1F1c5EFfC957b1aE4-4-195
0x33335296c9b020ca3252e4953c11decfdce816b8-0x11c0dF3D400FB1bf78570CB92235c9805b78BF34-4-245
0x33335296c9b020ca3252e4953c11decfdce816b8-0xec549eE89742bb7de8DBfC8d6A3d2D9865BBd39F-4-160
0x33335296c9b020ca3252e4953c11decfdce816b8-0x49Bb83Bfa0b663f6d431e3afA0473CE55A5c6Eba-4-12
0x33335296c9b020ca3252e4953c11decfdce816b8-0x47193CC378c30697713653163A35B75d165C2e96-4-3
0x33335296c9b020ca3252e4953c11decfdce816b8-0x32b78C2C8be941bc0cd2d27Eb1a76403293Fc661-4-253
0x33335296c9b020ca3252e4953c11decfdce816b8-0xE3E6Fbf50f908523E56FB42f7Be6585d4A774b5c-4-93
0x33335296c9b020ca3252e4953c11decfdce816b8-0x101ef57Ec72009dEC5Df9c7f6692850221A217cD-4-252
0x33335296c9b020ca3252e4953c11decfdce816b8-0xdeF6c833d49e619356ef7BF495bB63867f2d47F8-4-20
0x33335296c9b020ca3252e4953c11decfdce816b8-0x3698962ECbe4aD95AeADa97b80F19506eD55e6A9-4-11



Execute Claim Transaction for Tier #4



Transaction sent! ✔
Transaction hash: 0xfd404fe58a2f089ff9e44603e32355f2da797751ef844185abd1e8d672d77f33
Waiting on transaction to be confirmed ...
Tx confirmed !




******************
Processing:
Vault:     0x7fad91a4a29109303188d8758f1a9d60ce988349
Tier:      #4
# prizes:  94

5a. Calculating # of profitable claims ...

Native (Gas) Token ETH Market Rate (USD): $3139.65

Estimated gas limit (wei) (1 prize claim): 0.000000000000230875 ETH (230875 wei)
Estimated gas limit (wei) (2 prize claims): 0.000000000000320953 ETH (320953 wei)

Gas Cost: First Claim (wei): 0.000000000000230875 ETH (230875 wei)
Gas Cost: Each Following Claim (wei): 0.000000000000090078 ETH (90078 wei)

Gas Cost: First Claim (USD): $0.02 $0.01817197192631815
Gas Cost: Each Following Claim (USD): $0.02 $0.02172681125215882

5b. 1 Claim(s):

Total gas cost: 1 Claim(s) (USD): $0.02 ($0.01817197192631815)

Next Claim Reward: 1 Claim(s) (WEI): 0.00004907784285614 WETH (49077842856140 wei)
Next Claim Reward: 1 Claim(s) (USD): $0.15 ($0.15435948411760297)

Net profit = (Gross Profit - Gas Cost [Avg])
$0.14 = ($0.15 - $0.02) $0.13618751219128483 = ($0.15435948411760297 - $0.01817197192631815)


5b. 2 Claim(s):

Total gas cost: 2 Claim(s) (USD): $0.04 ($0.03989878317847697)

Claim Reward: 1 Claim(s) (WEI): 0.00004907784285614 WETH (49077842856140 wei)
Claim Reward: 1 Claim(s) (USD): $0.15 ($0.15435948411760297)

Next Claim Reward: 2 Claim(s) (WEI): 0.000098095904838016 WETH (98095904838016 wei)
Next Claim Reward: 2 Claim(s) (USD): $0.31 ($0.3085309456088134)

Net profit = (Gross Profit - Gas Cost [Avg])
$0.27 = ($0.31 - $0.04) $0.26863216243033644 = ($0.3085309456088134 - $0.03989878317847697)


5b. 3 Claim(s):

Total gas cost: 3 Claim(s) (USD): $0.06 ($0.06162559443063579)

Claim Reward: 2 Claim(s) (WEI): 0.000098095904838016 WETH (98095904838016 wei)
Claim Reward: 2 Claim(s) (USD): $0.31 ($0.3085309456088134)

Next Claim Reward: 3 Claim(s) (WEI): 0.000147054258763677 WETH (147054258763677 wei)
Next Claim Reward: 3 Claim(s) (USD): $0.46 ($0.46251461350074063)

Net profit = (Gross Profit - Gas Cost [Avg])
$0.4 = ($0.46 - $0.06) $0.4008890190701048 = ($0.46251461350074063 - $0.06162559443063579)


5b. 4 Claim(s):

Total gas cost: 4 Claim(s) (USD): $0.08 ($0.08335240568279462)

Claim Reward: 3 Claim(s) (WEI): 0.000147054258763677 WETH (147054258763677 wei)
Claim Reward: 3 Claim(s) (USD): $0.46 ($0.46251461350074063)

Next Claim Reward: 4 Claim(s) (WEI): 0.000195952977362484 WETH (195952977362484 wei)
Next Claim Reward: 4 Claim(s) (USD): $0.62 ($0.6163107165415526)

Net profit = (Gross Profit - Gas Cost [Avg])
$0.53 = ($0.62 - $0.08) $0.5329583108587579 = ($0.6163107165415526 - $0.08335240568279462)


5b. 5 Claim(s):

Total gas cost: 5 Claim(s) (USD): $0.11 ($0.10507921693495342)

Claim Reward: 4 Claim(s) (WEI): 0.000195952977362484 WETH (195952977362484 wei)
Claim Reward: 4 Claim(s) (USD): $0.62 ($0.6163107165415526)

Next Claim Reward: 5 Claim(s) (WEI): 0.00024479213327519 WETH (244792133275190 wei)
Next Claim Reward: 5 Claim(s) (USD): $0.77 ($0.7699194832007278)

Net profit = (Gross Profit - Gas Cost [Avg])
$0.66 = ($0.77 - $0.11) $0.6648402662657744 = ($0.7699194832007278 - $0.10507921693495342)


5b. 6 Claim(s):

Total gas cost: 6 Claim(s) (USD): $0.13 ($0.12680602818711226)

Claim Reward: 5 Claim(s) (WEI): 0.00024479213327519 WETH (244792133275190 wei)
Claim Reward: 5 Claim(s) (USD): $0.77 ($0.7699194832007278)

Next Claim Reward: 6 Claim(s) (WEI): 0.000293571799054086 WETH (293571799054086 wei)
Next Claim Reward: 6 Claim(s) (USD): $0.92 ($0.9233411416695141)

Net profit = (Gross Profit - Gas Cost [Avg])
$0.8 = ($0.92 - $0.13) $0.7965351134824018 = ($0.9233411416695141 - $0.12680602818711226)


5b. 7 Claim(s):

Total gas cost: 7 Claim(s) (USD): $0.15 ($0.14853283943927106)

Claim Reward: 6 Claim(s) (WEI): 0.000293571799054086 WETH (293571799054086 wei)
Claim Reward: 6 Claim(s) (USD): $0.92 ($0.9233411416695141)

Next Claim Reward: 7 Claim(s) (WEI): 0.000342292047163073 WETH (342292047163073 wei)
Next Claim Reward: 7 Claim(s) (USD): $1.08 ($1.0765759198611558)

Net profit = (Gross Profit - Gas Cost [Avg])
$0.93 = ($1.08 - $0.15) $0.9280430804218847 = ($1.0765759198611558 - $0.14853283943927106)


5b. 8 Claim(s):

Total gas cost: 8 Claim(s) (USD): $0.17 ($0.1702596506914299)

Claim Reward: 7 Claim(s) (WEI): 0.000342292047163073 WETH (342292047163073 wei)
Claim Reward: 7 Claim(s) (USD): $1.08 ($1.0765759198611558)

Next Claim Reward: 8 Claim(s) (WEI): 0.0003909529499778 WETH (390952949977800 wei)
Next Claim Reward: 8 Claim(s) (USD): $1.23 ($1.2296240454113267)

Net profit = (Gross Profit - Gas Cost [Avg])
$1.06 = ($1.23 - $0.17) $1.0593643947198967 = ($1.2296240454113267 - $0.1702596506914299)


5b. 9 Claim(s):

Total gas cost: 9 Claim(s) (USD): $0.19 ($0.1919864619435887)

Claim Reward: 8 Claim(s) (WEI): 0.0003909529499778 WETH (390952949977800 wei)
Claim Reward: 8 Claim(s) (USD): $1.23 ($1.2296240454113267)

Next Claim Reward: 9 Claim(s) (WEI): 0.00043955457978573 WETH (439554579785730 wei)
Next Claim Reward: 9 Claim(s) (USD): $1.38 ($1.3824857456783386)

Net profit = (Gross Profit - Gas Cost [Avg])
$1.19 = ($1.38 - $0.19) $1.19049928373475 = ($1.3824857456783386 - $0.1919864619435887)


5b. 10 Claim(s):

Total gas cost: 10 Claim(s) (USD): $0.21 ($0.2137132731957475)

Claim Reward: 9 Claim(s) (WEI): 0.00043955457978573 WETH (439554579785730 wei)
Claim Reward: 9 Claim(s) (USD): $1.38 ($1.3824857456783386)

Next Claim Reward: 10 Claim(s) (WEI): 0.0004880970087863 WETH (488097008786300 wei)
Next Claim Reward: 10 Claim(s) (USD): $1.54 ($1.5351612477436445)

Net profit = (Gross Profit - Gas Cost [Avg])
$1.32 = ($1.54 - $0.21) $1.321447974547897 = ($1.5351612477436445 - $0.2137132731957475)


5b. 11 Claim(s):

Total gas cost: 11 Claim(s) (USD): $0.24 ($0.23544008444790634)

Claim Reward: 10 Claim(s) (WEI): 0.0004880970087863 WETH (488097008786300 wei)
Claim Reward: 10 Claim(s) (USD): $1.54 ($1.5351612477436445)

Next Claim Reward: 11 Claim(s) (WEI): 0.000536580309090991 WETH (536580309090991 wei)
Next Claim Reward: 11 Claim(s) (USD): $1.69 ($1.6876507784120578)

Net profit = (Gross Profit - Gas Cost [Avg])
$1.45 = ($1.69 - $0.24) $1.4522106939641515 = ($1.6876507784120578 - $0.23544008444790634)


5b. 12 Claim(s):

Total gas cost: 12 Claim(s) (USD): $0.26 ($0.2571668957000652)

Claim Reward: 11 Claim(s) (WEI): 0.000536580309090991 WETH (536580309090991 wei)
Claim Reward: 11 Claim(s) (USD): $1.69 ($1.6876507784120578)

Next Claim Reward: 12 Claim(s) (WEI): 0.000585004552723452 WETH (585004552723452 wei)
Next Claim Reward: 12 Claim(s) (USD): $1.84 ($1.8399545642121433)

Net profit = (Gross Profit - Gas Cost [Avg])
$1.58 = ($1.84 - $0.26) $1.582787668512078 = ($1.8399545642121433 - $0.2571668957000652)


5b. 13 Claim(s):

Total gas cost: 13 Claim(s) (USD): $0.28 ($0.278893706952224)

Claim Reward: 12 Claim(s) (WEI): 0.000585004552723452 WETH (585004552723452 wei)
Claim Reward: 12 Claim(s) (USD): $1.84 ($1.8399545642121433)

Next Claim Reward: 13 Claim(s) (WEI): 0.000633369811619597 WETH (633369811619597 wei)
Next Claim Reward: 13 Claim(s) (USD): $1.99 ($1.9920728313965217)

Net profit = (Gross Profit - Gas Cost [Avg])
$1.71 = ($1.99 - $0.28) $1.7131791244442978 = ($1.9920728313965217 - $0.278893706952224)


5b. 14 Claim(s):

Total gas cost: 14 Claim(s) (USD): $0.3 ($0.3006205182043828)

Claim Reward: 13 Claim(s) (WEI): 0.000633369811619597 WETH (633369811619597 wei)
Claim Reward: 13 Claim(s) (USD): $1.99 ($1.9920728313965217)

Next Claim Reward: 14 Claim(s) (WEI): 0.00068167615762771 WETH (681676157627710 wei)
Next Claim Reward: 14 Claim(s) (USD): $2.14 ($2.144005805942201)

Net profit = (Gross Profit - Gas Cost [Avg])
$1.84 = ($2.14 - $0.3) $1.843385287737818 = ($2.144005805942201 - $0.3006205182043828)


5b. 15 Claim(s):

Total gas cost: 15 Claim(s) (USD): $0.32 ($0.32234732945654165)

Claim Reward: 14 Claim(s) (WEI): 0.00068167615762771 WETH (681676157627710 wei)
Claim Reward: 14 Claim(s) (USD): $2.14 ($2.144005805942201)

Next Claim Reward: 15 Claim(s) (WEI): 0.000729923662508565 WETH (729923662508565 wei)
Next Claim Reward: 15 Claim(s) (USD): $2.3 ($2.295753713550951)

Net profit = (Gross Profit - Gas Cost [Avg])
$1.97 = ($2.3 - $0.32) $1.9734063840944094 = ($2.295753713550951 - $0.32234732945654165)


5b. 16 Claim(s):

Total gas cost: 16 Claim(s) (USD): $0.34 ($0.34407414070870046)

Claim Reward: 15 Claim(s) (WEI): 0.000729923662508565 WETH (729923662508565 wei)
Claim Reward: 15 Claim(s) (USD): $2.3 ($2.295753713550951)

Next Claim Reward: 16 Claim(s) (WEI): 0.000778112397935536 WETH (778112397935536 wei)
Next Claim Reward: 16 Claim(s) (USD): $2.45 ($2.4473167796496544)

Net profit = (Gross Profit - Gas Cost [Avg])
$2.1 = ($2.45 - $0.34) $2.103242638940954 = ($2.4473167796496544 - $0.34407414070870046)


5b. 17 Claim(s):

Total gas cost: 17 Claim(s) (USD): $0.37 ($0.36580095196085927)

Claim Reward: 16 Claim(s) (WEI): 0.000778112397935536 WETH (778112397935536 wei)
Claim Reward: 16 Claim(s) (USD): $2.45 ($2.4473167796496544)

Next Claim Reward: 17 Claim(s) (WEI): 0.000826242435494673 WETH (826242435494673 wei)
Next Claim Reward: 17 Claim(s) (USD): $2.6 ($2.598695229390539)

Net profit = (Gross Profit - Gas Cost [Avg])
$2.23 = ($2.6 - $0.37) $2.23289427742968 = ($2.598695229390539 - $0.36580095196085927)


5b. 18 Claim(s):

Total gas cost: 18 Claim(s) (USD): $0.39 ($0.3875277632130181)

Claim Reward: 17 Claim(s) (WEI): 0.000826242435494673 WETH (826242435494673 wei)
Claim Reward: 17 Claim(s) (USD): $2.6 ($2.598695229390539)

Next Claim Reward: 18 Claim(s) (WEI): 0.000874313846684838 WETH (874313846684838 wei)
Next Claim Reward: 18 Claim(s) (USD): $2.75 ($2.7498892876516123)

Net profit = (Gross Profit - Gas Cost [Avg])
$2.36 = ($2.75 - $0.39) $2.3623615244385943 = ($2.7498892876516123 - $0.3875277632130181)


5b. 19 Claim(s):

Total gas cost: 19 Claim(s) (USD): $0.41 ($0.4092545744651769)

Claim Reward: 18 Claim(s) (WEI): 0.000874313846684838 WETH (874313846684838 wei)
Claim Reward: 18 Claim(s) (USD): $2.75 ($2.7498892876516123)

Next Claim Reward: 19 Claim(s) (WEI): 0.000922326702917796 WETH (922326702917796 wei)
Next Claim Reward: 19 Claim(s) (USD): $2.9 ($2.9008991790369434)

Net profit = (Gross Profit - Gas Cost [Avg])
$2.49 = ($2.9 - $0.41) $2.4916446045717664 = ($2.9008991790369434 - $0.4092545744651769)


5b. 20 Claim(s):

Total gas cost: 20 Claim(s) (USD): $0.43 ($0.43098138571733574)

Claim Reward: 19 Claim(s) (WEI): 0.000922326702917796 WETH (922326702917796 wei)
Claim Reward: 19 Claim(s) (USD): $2.9 ($2.9008991790369434)

Next Claim Reward: 20 Claim(s) (WEI): 0.00097028107551832 WETH (970281075518320 wei)
Next Claim Reward: 20 Claim(s) (USD): $3.05 ($3.0517251278769937)

Net profit = (Gross Profit - Gas Cost [Avg])
$2.62 = ($3.05 - $0.43) $2.6207437421596578 = ($3.0517251278769937 - $0.43098138571733574)


5b. 21 Claim(s):

Total gas cost: 21 Claim(s) (USD): $0.45 ($0.45270819696949455)

Claim Reward: 20 Claim(s) (WEI): 0.00097028107551832 WETH (970281075518320 wei)
Claim Reward: 20 Claim(s) (USD): $3.05 ($3.0517251278769937)

Next Claim Reward: 21 Claim(s) (WEI): 0.001018177035724359 WETH (1018177035724359 wei)
Next Claim Reward: 21 Claim(s) (USD): $3.2 ($3.2023673582291465)

Net profit = (Gross Profit - Gas Cost [Avg])
$2.75 = ($3.2 - $0.45) $2.749659161259652 = ($3.2023673582291465 - $0.45270819696949455)


5b. 22 Claim(s):

Total gas cost: 22 Claim(s) (USD): $0.47 ($0.47443500822165335)

Claim Reward: 21 Claim(s) (WEI): 0.001018177035724359 WETH (1018177035724359 wei)
Claim Reward: 21 Claim(s) (USD): $3.2 ($3.2023673582291465)

Next Claim Reward: 22 Claim(s) (WEI): 0.001066014654686982 WETH (1066014654686982 wei)
Next Claim Reward: 22 Claim(s) (USD): $3.35 ($3.352826093877532)

Net profit = (Gross Profit - Gas Cost [Avg])
$2.88 = ($3.35 - $0.47) $2.8783910856558785 = ($3.352826093877532 - $0.47443500822165335)


5b. 23 Claim(s):

Total gas cost: 23 Claim(s) (USD): $0.5 ($0.4961618194738122)

Claim Reward: 22 Claim(s) (WEI): 0.001066014654686982 WETH (1066014654686982 wei)
Claim Reward: 22 Claim(s) (USD): $3.35 ($3.352826093877532)

Next Claim Reward: 23 Claim(s) (WEI): 0.001113794003470711 WETH (1113794003470711 wei)
Next Claim Reward: 23 Claim(s) (USD): $3.5 ($3.5031015583340697)

Net profit = (Gross Profit - Gas Cost [Avg])
$3.01 = ($3.5 - $0.5) $3.0069397388602574 = ($3.5031015583340697 - $0.4961618194738122)


5b. 24 Claim(s):

Total gas cost: 24 Claim(s) (USD): $0.52 ($0.517888630725971)

Claim Reward: 23 Claim(s) (WEI): 0.001113794003470711 WETH (1113794003470711 wei)
Claim Reward: 23 Claim(s) (USD): $3.5 ($3.5031015583340697)

Next Claim Reward: 24 Claim(s) (WEI): 0.001161515153053392 WETH (1161515153053392 wei)
Next Claim Reward: 24 Claim(s) (USD): $3.65 ($3.6531939748380693)

Net profit = (Gross Profit - Gas Cost [Avg])
$3.14 = ($3.65 - $0.52) $3.135305344112098 = ($3.6531939748380693 - $0.517888630725971)


5b. 25 Claim(s):

Total gas cost: 25 Claim(s) (USD): $0.54 ($0.5396154419781298)

Claim Reward: 24 Claim(s) (WEI): 0.001161515153053392 WETH (1161515153053392 wei)
Claim Reward: 24 Claim(s) (USD): $3.65 ($3.6531939748380693)

Next Claim Reward: 25 Claim(s) (WEI): 0.001209178174326525 WETH (1209178174326525 wei)
Next Claim Reward: 25 Claim(s) (USD): $3.8 ($3.8031035663572634)

Net profit = (Gross Profit - Gas Cost [Avg])
$3.26 = ($3.8 - $0.54) $3.2634881243791334 = ($3.8031035663572634 - $0.5396154419781298)


5b. 26 Claim(s):

Total gas cost: 26 Claim(s) (USD): $0.56 ($0.5613422532302886)

Claim Reward: 25 Claim(s) (WEI): 0.001209178174326525 WETH (1209178174326525 wei)
Claim Reward: 25 Claim(s) (USD): $3.8 ($3.8031035663572634)

Next Claim Reward: 26 Claim(s) (WEI): 0.001256783138095134 WETH (1256783138095134 wei)
Next Claim Reward: 26 Claim(s) (USD): $3.95 ($3.9528305555874015)

Net profit = (Gross Profit - Gas Cost [Avg])
$3.39 = ($3.95 - $0.56) $3.391488302357113 = ($3.9528305555874015 - $0.5613422532302886)


5b. 27 Claim(s):

Total gas cost: 27 Claim(s) (USD): $0.58 ($0.5830690644824474)

Claim Reward: 26 Claim(s) (WEI): 0.001256783138095134 WETH (1256783138095134 wei)
Claim Reward: 26 Claim(s) (USD): $3.95 ($3.9528305555874015)

Next Claim Reward: 27 Claim(s) (WEI): 0.001304330115078144 WETH (1304330115078144 wei)
Next Claim Reward: 27 Claim(s) (USD): $4.1 ($4.1023751649534335)

Net profit = (Gross Profit - Gas Cost [Avg])
$3.52 = ($4.1 - $0.58) $3.519306100470986 = ($4.1023751649534335 - $0.5830690644824474)


5b. 28 Claim(s):

Total gas cost: 28 Claim(s) (USD): $0.6 ($0.6047958757346062)

Claim Reward: 27 Claim(s) (WEI): 0.001304330115078144 WETH (1304330115078144 wei)
Claim Reward: 27 Claim(s) (USD): $4.1 ($4.1023751649534335)

Next Claim Reward: 28 Claim(s) (WEI): 0.00135181917590818 WETH (1351819175908180 wei)
Next Claim Reward: 28 Claim(s) (USD): $4.25 ($4.25173761660888)

Net profit = (Gross Profit - Gas Cost [Avg])
$3.65 = ($4.25 - $0.6) $3.6469417408742735 = ($4.25173761660888 - $0.6047958757346062)


5b. 29 Claim(s):

Total gas cost: 29 Claim(s) (USD): $0.63 ($0.6265226869867652)

Claim Reward: 28 Claim(s) (WEI): 0.00135181917590818 WETH (1351819175908180 wei)
Claim Reward: 28 Claim(s) (USD): $4.25 ($4.25173761660888)

Next Claim Reward: 29 Claim(s) (WEI): 0.001399250391131961 WETH (1399250391131961 wei)
Next Claim Reward: 29 Claim(s) (USD): $4.4 ($4.40091813243707)

Net profit = (Gross Profit - Gas Cost [Avg])
$3.77 = ($4.4 - $0.63) $3.774395445450305 = ($4.40091813243707 - $0.6265226869867652)


5b. 30 Claim(s):

Total gas cost: 30 Claim(s) (USD): $0.65 ($0.648249498238924)

Claim Reward: 29 Claim(s) (WEI): 0.001399250391131961 WETH (1399250391131961 wei)
Claim Reward: 29 Claim(s) (USD): $4.4 ($4.40091813243707)

Next Claim Reward: 30 Claim(s) (WEI): 0.00144662383121022 WETH (1446623831210220 wei)
Next Claim Reward: 30 Claim(s) (USD): $4.55 ($4.5499169340508905)

Net profit = (Gross Profit - Gas Cost [Avg])
$3.9 = ($4.55 - $0.65) $3.9016674358119667 = ($4.5499169340508905 - $0.648249498238924)

******************
5c. Profit/Loss (USD):

Net profit = (Gross Profit - Gas Cost [Max])
$3.75 = ($4.4 - $0.65) $3.7526686341981463 = ($4.40091813243707 - $0.648249498238924)

Submitting transaction to claim 29 prize(s):

0x7fad91a4a29109303188d8758f1a9d60ce988349-0xe10019D22dc8D3349DAa8E90A2d74C6907aE465b-4-11
0x7fad91a4a29109303188d8758f1a9d60ce988349-0xe35Bec55Bbcbe62Ed97150DC3fc2835382D84a88-4-58
0x7fad91a4a29109303188d8758f1a9d60ce988349-0xB6a37C1dC037f62AdCc0e3fA4bc7b21105660b60-4-170
0x7fad91a4a29109303188d8758f1a9d60ce988349-0xa89AFa0aC01fF27B5CB33475eE683b5e9Ed3eDa3-4-120
0x7fad91a4a29109303188d8758f1a9d60ce988349-0x1953EdFe86beDb736Dbfc7fc0646B8bb15062226-4-57
0x7fad91a4a29109303188d8758f1a9d60ce988349-0x447F7C6F78B682d9cFdEdb3a084FeFE33934F614-4-16
0x7fad91a4a29109303188d8758f1a9d60ce988349-0x52a11aE260fdAA630c7471A5465AED5c99C44A32-4-19
0x7fad91a4a29109303188d8758f1a9d60ce988349-0x806A0Ffff549D7ECd53B3b01D524B57F7DD99343-4-80
0x7fad91a4a29109303188d8758f1a9d60ce988349-0x435d2A5fea4e0dbA584886a56f3A1f08faD01231-4-189
0x7fad91a4a29109303188d8758f1a9d60ce988349-0xdab1AF3D5875a4c8f22cC546AF64CB41A5Bd5f86-4-95
0x7fad91a4a29109303188d8758f1a9d60ce988349-0x3cB7bAB2357418bE17C44bddbcb87AAef9d4595d-4-48
0x7fad91a4a29109303188d8758f1a9d60ce988349-0x9DaAB924D327d6EA4361337E2C0EF026d6a7d83d-4-79
0x7fad91a4a29109303188d8758f1a9d60ce988349-0x49a8dD177a4c70f679371fEF0E2F0aB88753F8e6-4-135
0x7fad91a4a29109303188d8758f1a9d60ce988349-0x30010DF442Eaf26B4605eAef867b4f4c8115B482-4-99
0x7fad91a4a29109303188d8758f1a9d60ce988349-0x2Aa0AfE12143453DC6A9817Bb082F887D56ddcCD-4-236
0x7fad91a4a29109303188d8758f1a9d60ce988349-0xfA8CACdEf620B3e8dbE7E7A5690d0a9914f739D1-4-158
0x7fad91a4a29109303188d8758f1a9d60ce988349-0xef1A3317b969875ff109b442b6512890b9384D00-4-141
0x7fad91a4a29109303188d8758f1a9d60ce988349-0xf85Bc039816b5E97c35326F279fEb28aE007F914-4-143
0x7fad91a4a29109303188d8758f1a9d60ce988349-0xd232fCac52C6f27cD7Be844969d2D869235Ce9e8-4-238
0x7fad91a4a29109303188d8758f1a9d60ce988349-0x63A36D9691f18b43a8a72bF34d34ad095AF26534-4-84
0x7fad91a4a29109303188d8758f1a9d60ce988349-0x984EC29E639DE5014bd645fb307fDA27aF9FB766-4-231
0x7fad91a4a29109303188d8758f1a9d60ce988349-0x16cFb3b60a2733DB3375243A6E42B67B7815a910-4-175
0x7fad91a4a29109303188d8758f1a9d60ce988349-0xE81da592F64d1E474c69b8B99693027b8F069E41-4-215
0x7fad91a4a29109303188d8758f1a9d60ce988349-0x68626fb88F4cEfddB9eecdbae9039ae232E10431-4-94
0x7fad91a4a29109303188d8758f1a9d60ce988349-0x1D0dcBaCef436A1924fE8A2aCa7706dB4b441AA2-4-78
0x7fad91a4a29109303188d8758f1a9d60ce988349-0x811DBFc7cE22af7E3430F901f81e4Df849Dc5C97-4-223
0x7fad91a4a29109303188d8758f1a9d60ce988349-0x1B30d5f708C2334603AF6Cd88904f495e4a3b4D1-4-75
0x7fad91a4a29109303188d8758f1a9d60ce988349-0x1B30d5f708C2334603AF6Cd88904f495e4a3b4D1-4-160
0x7fad91a4a29109303188d8758f1a9d60ce988349-0x2dDc86f807B9F776bDf564261383A25D0b35423e-4-190



Execute Claim Transaction for Tier #4



Transaction sent! ✔
Transaction hash: 0x2380e5dc937cacce7137f63135c0431fe26bbdbf126262b7673f6503e88bed75
Waiting on transaction to be confirmed ...
Tx confirmed !




******************
Processing:
Vault:     0x33335296c9b020ca3252e4953c11decfdce816b8
Tier:      #5 (Canary tier)
# prizes:  396

5a. Calculating # of profitable claims ...

Native (Gas) Token ETH Market Rate (USD): $3139.65

Estimated gas limit (wei) (1 prize claim): 0.000000000000175277 ETH (175277 wei)
Estimated gas limit (wei) (2 prize claims): 0.000000000000246663 ETH (246663 wei)

Gas Cost: First Claim (wei): 0.000000000000175277 ETH (175277 wei)
Gas Cost: Each Following Claim (wei): 0.000000000000071386 ETH (71386 wei)

Gas Cost: First Claim (USD): $0.02 $0.018117279797666884
Gas Cost: Each Following Claim (USD): $0.02 $0.02184797530649734

5b. 1 Claim(s):

Total gas cost: 1 Claim(s) (USD): $0.02 ($0.018117279797666884)

Next Claim Reward: 1 Claim(s) (WEI): 0.000010602253562772 WETH (10602253562772 wei)
Next Claim Reward: 1 Claim(s) (USD): $0.03 ($0.033346176098869806)

Net profit = (Gross Profit - Gas Cost [Avg])
$0.02 = ($0.03 - $0.02) $0.015228896301202922 = ($0.033346176098869806 - $0.018117279797666884)

******************
5c. Profit/Loss (USD):

Net profit = (Gross Profit - Gas Cost [Max])
$-0.02 = ($0 - $0.02) $-0.018117279797666884 = ($0 - $0.018117279797666884)

Claiming tier #5 (Canary tier) currently not profitable.
Not profitable to claim for Draw #17, Tier: #5 (Canary tier)




******************
Processing:
Vault:     0x75b2f4b3ec5adf7077f928992524cc547e74f768
Tier:      #5 (Canary tier)
# prizes:  59

Tier #5 (Canary tier) not profitable, skipping ...





******************
Processing:
Vault:     0x7fad91a4a29109303188d8758f1a9d60ce988349
Tier:      #5 (Canary tier)
# prizes:  581

Tier #5 (Canary tier) not profitable, skipping ...





******************
Processing:
Vault:     0x33335296c9b020ca3252e4953c11decfdce816b8
Tier:      #6 (Canary tier)
# prizes:  1557

Tier #6 (Canary tier) not profitable, skipping ...





******************
Processing:
Vault:     0x75b2f4b3ec5adf7077f928992524cc547e74f768
Tier:      #6 (Canary tier)
# prizes:  220

Tier #6 (Canary tier) not profitable, skipping ...





******************
Processing:
Vault:     0x7fad91a4a29109303188d8758f1a9d60ce988349
Tier:      #6 (Canary tier)
# prizes:  2241

Tier #6 (Canary tier) not profitable, skipping ...

