Operating on: 11155420 - Optimism Sepolia

Config - REWARD_RECIPIENT not provided, setting swap recipient to relayer address: 0x06003274c3a7926c04cA8d6903cc691fE8f3CEC2
Config - MIN_PROFIT_THRESHOLD_USD: 0.05

Starting ...
Getting prize pool info ...
Getting prize context ...

******************
1. Prize token: WETH

┌────────────┬──────────────────────────────────────────────┬──────────┬─────────────────┬────────┬──────────────┐
│ (index)    │ address                                      │ decimals │ name            │ symbol │ assetRateUsd │
├────────────┼──────────────────────────────────────────────┼──────────┼─────────────────┼────────┼──────────────┤
│ prizeToken │ '0xC355F97a3Aa2808Acb536E555764b8FB26fB4b37' │ 18       │ 'Wrapped Ether' │ 'WETH' │ 3092.9465    │
└────────────┴──────────────────────────────────────────────┴──────────┴─────────────────┴────────┴──────────────┘
┌─────────┬──────────┬───────────────────────────────┐
│ (index) │ numTiers │ tiersRangeArray               │
├─────────┼──────────┼───────────────────────────────┤
│ tiers   │ 7        │ [ 0, 1, 2, ... 4 more items ] │
└─────────┴──────────┴───────────────────────────────┘
Draw ID: 26
Prize Token WETH MarketRate USD:  $3092.9465

******************
Getting prize vaults ...
Found 6 prize vaults.

732 prizes already claimed for draw #26.
4671 prizes remaining to be claimed...




******************
Processing:
Vault:     0x7fad91a4a29109303188d8758f1a9d60ce988349
Tier:      #4
# prizes:  5

5a. Calculating # of profitable claims ...

Native (Gas) Token ETH Market Rate (USD): $3090.47

Estimated gas limit (wei) (1 prize claim): 0.00000000000023069 ETH (230690 wei)
Estimated gas limit (wei) (2 prize claims): 0.000000000000331758 ETH (331758 wei)

Gas Cost: First Claim (wei): 0.00000000000023069 ETH (230690 wei)
Gas Cost: Each Following Claim (wei): 0.000000000000101068 ETH (101068 wei)

Gas Cost: First Claim (USD): $0.01 $0.01483657111114185
Gas Cost: Each Following Claim (USD): $0.02 $0.017660409434237585

5b. 1 Claim(s):

Total gas cost: 1 Claim(s) (USD): $0.01 ($0.01483657111114185)

Next Claim Reward: 1 Claim(s) (WEI): 0.00025877342251352 WETH (258773422513520 wei)
Next Claim Reward: 1 Claim(s) (USD): $0.8 ($0.8003723514562129)

Net profit = (Gross Profit - Gas Cost [Avg])
$0.79 = ($0.8 - $0.01) $0.785535780345071 = ($0.8003723514562129 - $0.01483657111114185)


5b. 2 Claim(s):

Total gas cost: 2 Claim(s) (USD): $0.03 ($0.03249698054537944)

Claim Reward: 1 Claim(s) (WEI): 0.00025877342251352 WETH (258773422513520 wei)
Claim Reward: 1 Claim(s) (USD): $0.8 ($0.8003723514562129)

Next Claim Reward: 2 Claim(s) (WEI): 0.00051754684502704 WETH (517546845027040 wei)
Next Claim Reward: 2 Claim(s) (USD): $1.6 ($1.6007447029124258)

Net profit = (Gross Profit - Gas Cost [Avg])
$1.57 = ($1.6 - $0.03) $1.5682477223670463 = ($1.6007447029124258 - $0.03249698054537944)


5b. 3 Claim(s):

Total gas cost: 3 Claim(s) (USD): $0.05 ($0.05015738997961702)

Claim Reward: 2 Claim(s) (WEI): 0.00051754684502704 WETH (517546845027040 wei)
Claim Reward: 2 Claim(s) (USD): $1.6 ($1.6007447029124258)

Next Claim Reward: 3 Claim(s) (WEI): 0.00077632026754056 WETH (776320267540560 wei)
Next Claim Reward: 3 Claim(s) (USD): $2.4 ($2.4011170543686386)

Net profit = (Gross Profit - Gas Cost [Avg])
$2.35 = ($2.4 - $0.05) $2.3509596643890216 = ($2.4011170543686386 - $0.05015738997961702)


5b. 4 Claim(s):

Total gas cost: 4 Claim(s) (USD): $0.07 ($0.0678177994138546)

Claim Reward: 3 Claim(s) (WEI): 0.00077632026754056 WETH (776320267540560 wei)
Claim Reward: 3 Claim(s) (USD): $2.4 ($2.4011170543686386)

Next Claim Reward: 4 Claim(s) (WEI): 0.00103509369005408 WETH (1035093690054080 wei)
Next Claim Reward: 4 Claim(s) (USD): $3.2 ($3.2014894058248515)

Net profit = (Gross Profit - Gas Cost [Avg])
$3.13 = ($3.2 - $0.07) $3.133671606410997 = ($3.2014894058248515 - $0.0678177994138546)


5b. 5 Claim(s):

Total gas cost: 5 Claim(s) (USD): $0.09 ($0.0854782088480922)

Claim Reward: 4 Claim(s) (WEI): 0.00103509369005408 WETH (1035093690054080 wei)
Claim Reward: 4 Claim(s) (USD): $3.2 ($3.2014894058248515)

Next Claim Reward: 5 Claim(s) (WEI): 0.0012938671125676 WETH (1293867112567600 wei)
Next Claim Reward: 5 Claim(s) (USD): $4 ($4.001861757281064)

Net profit = (Gross Profit - Gas Cost [Avg])
$3.92 = ($4 - $0.09) $3.916383548432972 = ($4.001861757281064 - $0.0854782088480922)


******************
5c. Profit/Loss (USD):

Net profit = (Gross Profit - Gas Cost [Max])
$3.92 = ($4 - $0.09) $3.916383548432972 = ($4.001861757281064 - $0.0854782088480922)

Submitting transaction to claim 5 prize(s):

0x7fad91a4a29109303188d8758f1a9d60ce988349-0x34f8ab5D2d83753FE1e498A4a7DA22757508DDB7-4-21
0x7fad91a4a29109303188d8758f1a9d60ce988349-0xaD4673b283E1064577Ec9bE171b5686080B85037-4-86
0x7fad91a4a29109303188d8758f1a9d60ce988349-0x50EFF8984cF63b6BbC0a57Cb86963eF4D33ac5EE-4-196
0x7fad91a4a29109303188d8758f1a9d60ce988349-0xa30d369b827D37E46BE817d9E2Cc7a52bb140F93-4-65
0x7fad91a4a29109303188d8758f1a9d60ce988349-0x570fC5634311B147C2154eC54a7A7c00b68FDDB5-4-207



Execute Claim Transaction for Tier #4



Transaction sent! ✔
Transaction hash: 0xa1cc142ae437782b1d0a1480b40c9c87a3226a035862d0f21e5c7864f76221fe
Waiting on transaction to be confirmed ...
Tx confirmed !




******************
Processing:
Vault:     0x33335296c9b020ca3252e4953c11decfdce816b8
Tier:      #5 (Canary tier)
# prizes:  346

5a. Calculating # of profitable claims ...

Native (Gas) Token ETH Market Rate (USD): $3090.47

Estimated gas limit (wei) (1 prize claim): 0.000000000000189823 ETH (189823 wei)
Estimated gas limit (wei) (2 prize claims): 0.00000000000027496 ETH (274960 wei)

Gas Cost: First Claim (wei): 0.000000000000189823 ETH (189823 wei)
Gas Cost: Each Following Claim (wei): 0.000000000000085137 ETH (85137 wei)

Gas Cost: First Claim (USD): $0.01 $0.014710241046496006
Gas Cost: Each Following Claim (USD): $0.02 $0.017659530732253785

5b. 1 Claim(s):

Total gas cost: 1 Claim(s) (USD): $0.01 ($0.014710241046496006)

Next Claim Reward: 1 Claim(s) (WEI): 0.000012991947129715 WETH (12991947129715 wei)
Next Claim Reward: 1 Claim(s) (USD): $0.04 ($0.04018339740303706)

Net profit = (Gross Profit - Gas Cost [Avg])
$0.03 = ($0.04 - $0.01) $0.02547315635654105 = ($0.04018339740303706 - $0.014710241046496006)

******************
5c. Profit/Loss (USD):

Net profit = (Gross Profit - Gas Cost [Max])
$-0.01 = ($0 - $0.01) $-0.014710241046496006 = ($0 - $0.014710241046496006)

Claiming tier #5 (Canary tier) currently not profitable.
Not profitable to claim for Draw #26, Tier: #5 (Canary tier)




******************
Processing:
Vault:     0x7fad91a4a29109303188d8758f1a9d60ce988349
Tier:      #5 (Canary tier)
# prizes:  519

Tier #5 (Canary tier) not profitable, skipping ...





******************
Processing:
Vault:     0x33335296c9b020ca3252e4953c11decfdce816b8
Tier:      #6 (Canary tier)
# prizes:  1485

Tier #6 (Canary tier) not profitable, skipping ...





******************
Processing:
Vault:     0x75b2f4b3ec5adf7077f928992524cc547e74f768
Tier:      #6 (Canary tier)
# prizes:  152

Tier #6 (Canary tier) not profitable, skipping ...





******************
Processing:
Vault:     0x7fad91a4a29109303188d8758f1a9d60ce988349
Tier:      #6 (Canary tier)
# prizes:  2161

Tier #6 (Canary tier) not profitable, skipping ...





******************
Processing:
Vault:     0xe590741416acbdba094f7d70beaef6060cc6d21e
Tier:      #6 (Canary tier)
# prizes:  3

Tier #6 (Canary tier) not profitable, skipping ...

