Operating on: 11155420 - Optimism Sepolia
Config - MIN_PROFIT_THRESHOLD_USD: -0.1

Starting ...
Getting prize pool info ...
Getting prize context ...

******************
1. Prize token: WETH

┌────────────┬──────────────────────────────────────────────┬──────────┬─────────────────┬────────┬──────────────┐
│ (index)    │ address                                      │ decimals │ name            │ symbol │ assetRateUsd │
├────────────┼──────────────────────────────────────────────┼──────────┼─────────────────┼────────┼──────────────┤
│ prizeToken │ '0x28Dae98474c0EeDF4Ee74Da5300Dd89dE5466E62' │ 18       │ 'Wrapped Ether' │ 'WETH' │ 3499.2117    │
└────────────┴──────────────────────────────────────────────┴──────────┴─────────────────┴────────┴──────────────┘
┌─────────┬──────────┬──────────────────────────────┐
│ (index) │ numTiers │ tiersRangeArray              │
├─────────┼──────────┼──────────────────────────────┤
│ tiers   │ 4        │ [ 0, 1, 2, ... 1 more item ] │
└─────────┴──────────┴──────────────────────────────┘
Draw ID: 10
Prize Token WETH MarketRate USD:  $3499.2117

******************
Getting prize vaults ...
Found 6 prize vaults.

No claimed prizes for draw #10.
86 prizes remaining to be claimed...




******************
Processing:
Vault:     0xe0462dc45922ca4d8d50748504b1d383349a25df
Tier:      #1
# prizes:  6

5a. Calculating # of profitable claims ...

Native (Gas) Token ETH Market Rate (USD): $3503.99

Estimated gas limit (wei) (1 prize claim): 0.000000000000255613 ETH (255613 wei)
Estimated gas limit (wei) (2 prize claims): 0.000000000000362856 ETH (362856 wei)

Gas Cost: First Claim (wei): 0.000000000000255613 ETH (255613 wei)
Gas Cost: Each Following Claim (wei): 0.000000000000107243 ETH (107243 wei)

Gas Cost: First Claim (USD): $0.85 $0.8485791000017058
Gas Cost: Each Following Claim (USD): $1.08 $1.0825890483488083

5b. 1 Claim(s):

Total gas cost: 1 Claim(s) (USD): $0.85 ($0.8485791000017058)

Next Claim Reward: 1 Claim(s) (WEI): 0.00002335843702362 WETH (23358437023620 wei)
Next Claim Reward: 1 Claim(s) (USD): $0.08 ($0.08173611612676428)

Net profit = (Gross Profit - Gas Cost [Avg])
$-0.77 = ($0.08 - $0.85) $-0.7668429838749415 = ($0.08173611612676428 - $0.8485791000017058)

******************
5c. Profit/Loss (USD):

Net profit = (Gross Profit - Gas Cost [Max])
$-0.85 = ($0 - $0.85) $-0.8485791000017058 = ($0 - $0.8485791000017058)

Claiming tier #1 currently not profitable.
Not profitable to claim for Draw #10, Tier: #1
Not profitable to claim any more tiers yet for Draw #10
