Operating on: 11155420 - Optimism Sepolia
Config - MIN_PROFIT_THRESHOLD_USD: -0.1

Starting ...
Getting prize pool info ...
Getting prize context ...

******************
1. Prize token: WETH

┌────────────┬──────────────────────────────────────────────┬──────────┬─────────────────┬────────┬──────────────┐
│ (index)    │ address                                      │ decimals │ name            │ symbol │ assetRateUsd │
├────────────┼──────────────────────────────────────────────┼──────────┼─────────────────┼────────┼──────────────┤
│ prizeToken │ '0x28Dae98474c0EeDF4Ee74Da5300Dd89dE5466E62' │ 18       │ 'Wrapped Ether' │ 'WETH' │ 3556.8804    │
└────────────┴──────────────────────────────────────────────┴──────────┴─────────────────┴────────┴──────────────┘
┌─────────┬──────────┬──────────────────────────────┐
│ (index) │ numTiers │ tiersRangeArray              │
├─────────┼──────────┼──────────────────────────────┤
│ tiers   │ 4        │ [ 0, 1, 2, ... 1 more item ] │
└─────────┴──────────┴──────────────────────────────┘
Draw ID: 14
Prize Token WETH MarketRate USD:  $3556.8804

******************
Getting prize vaults ...
Found 6 prize vaults.

No claimed prizes for draw #14.
77 prizes remaining to be claimed...




******************
Processing:
Vault:     0x887db83c6b90b8c6d3a0729e1299c6153220649e
Tier:      #1
# prizes:  1

5a. Calculating # of profitable claims ...

Native (Gas) Token ETH Market Rate (USD): $3559.94

Estimated gas limit (wei) (1 prize claim): 0.000000000000245767 ETH (245767 wei)

Gas Cost: First Claim (wei): 0.000000000000245767 ETH (245767 wei)

Gas Cost: First Claim (USD): $1 $1.0047874987712644

5b. 1 Claim(s):

Total gas cost: 1 Claim(s) (USD): $1 ($1.0047874987712644)

Next Claim Reward: 1 Claim(s) (WEI): 0.000033719494784554 WETH (33719494784554 wei)
Next Claim Reward: 1 Claim(s) (USD): $0.12 ($0.11993621009708234)

Net profit = (Gross Profit - Gas Cost [Avg])
$-0.88 = ($0.12 - $1) $-0.8848512886741821 = ($0.11993621009708234 - $1.0047874987712644)

******************
5c. Profit/Loss (USD):

Net profit = (Gross Profit - Gas Cost [Max])
$-1 = ($0 - $1) $-1.0047874987712644 = ($0 - $1.0047874987712644)

Claiming tier #1 currently not profitable.
Not profitable to claim for Draw #14, Tier: #1
Not profitable to claim any more tiers yet for Draw #14
