Operating on: 11155420 - Optimism Sepolia
Config - MIN_PROFIT_THRESHOLD_USD: -0.1

Starting ...
Getting prize pool info ...
Getting prize context ...

******************
1. Prize token: WETH

┌────────────┬──────────────────────────────────────────────┬──────────┬─────────────────┬────────┬──────────────┐
│ (index)    │ address                                      │ decimals │ name            │ symbol │ assetRateUsd │
├────────────┼──────────────────────────────────────────────┼──────────┼─────────────────┼────────┼──────────────┤
│ prizeToken │ '0x28Dae98474c0EeDF4Ee74Da5300Dd89dE5466E62' │ 18       │ 'Wrapped Ether' │ 'WETH' │ 3499.7166    │
└────────────┴──────────────────────────────────────────────┴──────────┴─────────────────┴────────┴──────────────┘
┌─────────┬──────────┬──────────────────────────────┐
│ (index) │ numTiers │ tiersRangeArray              │
├─────────┼──────────┼──────────────────────────────┤
│ tiers   │ 4        │ [ 0, 1, 2, ... 1 more item ] │
└─────────┴──────────┴──────────────────────────────┘
Draw ID: 19
Prize Token WETH MarketRate USD:  $3499.7166

******************
Getting prize vaults ...
Found 6 prize vaults.

30 prizes already claimed for draw #19.
76 prizes remaining to be claimed...




******************
Processing:
Vault:     0x887db83c6b90b8c6d3a0729e1299c6153220649e
Tier:      #3 (Canary tier)
# prizes:  21

5a. Calculating # of profitable claims ...

Native (Gas) Token ETH Market Rate (USD): $3486.25

Estimated gas limit (wei) (1 prize claim): 0.000000000000182943 ETH (182943 wei)
Estimated gas limit (wei) (2 prize claims): 0.000000000000265207 ETH (265207 wei)

Gas Cost: First Claim (wei): 0.000000000000182943 ETH (182943 wei)
Gas Cost: Each Following Claim (wei): 0.000000000000082264 ETH (82264 wei)

Gas Cost: First Claim (USD): $1.52 $1.5201463433024422
Gas Cost: Each Following Claim (USD): $1.87 $1.8655309617892046

5b. 1 Claim(s):

Total gas cost: 1 Claim(s) (USD): $1.52 ($1.5201463433024422)

Next Claim Reward: 1 Claim(s) (WEI): 0.000042928292001071 WETH (42928292001071 wei)
Next Claim Reward: 1 Claim(s) (USD): $0.15 ($0.1502368561257954)

Net profit = (Gross Profit - Gas Cost [Avg])
$-1.37 = ($0.15 - $1.52) $-1.3699094871766468 = ($0.1502368561257954 - $1.5201463433024422)

******************
5c. Profit/Loss (USD):

Net profit = (Gross Profit - Gas Cost [Max])
$-1.52 = ($0 - $1.52) $-1.5201463433024422 = ($0 - $1.5201463433024422)

Claiming tier #3 (Canary tier) currently not profitable.
Not profitable to claim for Draw #19, Tier: #3 (Canary tier)




******************
Processing:
Vault:     0xc1f6251c8b8ca9ea535dd297cb9cbfe49efa6bb0
Tier:      #3 (Canary tier)
# prizes:  13

Tier #3 (Canary tier) not profitable, skipping ...





******************
Processing:
Vault:     0xe0462dc45922ca4d8d50748504b1d383349a25df
Tier:      #3 (Canary tier)
# prizes:  42

Tier #3 (Canary tier) not profitable, skipping ...

