Operating on: 11155420 - Optimism Sepolia

Config - REWARD_RECIPIENT not provided, setting swap recipient to relayer address: 0x06003274c3a7926c04cA8d6903cc691fE8f3CEC2
Config - MIN_PROFIT_THRESHOLD_USD: -0.1

Starting ...
Getting prize pool info ...
Getting prize context ...

******************
1. Prize token: WETH

┌────────────┬──────────────────────────────────────────────┬──────────┬─────────────────┬────────┬──────────────┐
│ (index)    │ address                                      │ decimals │ name            │ symbol │ assetRateUsd │
├────────────┼──────────────────────────────────────────────┼──────────┼─────────────────┼────────┼──────────────┤
│ prizeToken │ '0x058C8222f77978f4e3Fa3aC1914cd541A1F882Cc' │ 18       │ 'Wrapped Ether' │ 'WETH' │ 3533.169     │
└────────────┴──────────────────────────────────────────────┴──────────┴─────────────────┴────────┴──────────────┘
┌─────────┬──────────┬───────────────────────────────┐
│ (index) │ numTiers │ tiersRangeArray               │
├─────────┼──────────┼───────────────────────────────┤
│ tiers   │ 5        │ [ 0, 1, 2, ... 2 more items ] │
└─────────┴──────────┴───────────────────────────────┘
Draw ID: 3
Prize Token WETH MarketRate USD:  $3533.169

******************
Getting prize vaults ...
Found 6 prize vaults.

No claimed prizes for draw #3.
341 prizes remaining to be claimed...




******************
Processing:
Vault:     0x52b0ac5c447dd84c37b85c2fc36a5b23bb4c9868
Tier:      #2
# prizes:  2

5a. Calculating # of profitable claims ...

Native (Gas) Token ETH Market Rate (USD): $3533.87

Estimated gas limit (wei) (1 prize claim): 0.000000000000231249 ETH (231249 wei)
Estimated gas limit (wei) (2 prize claims): 0.000000000000335859 ETH (335859 wei)

Gas Cost: First Claim (wei): 0.000000000000231249 ETH (231249 wei)
Gas Cost: Each Following Claim (wei): 0.00000000000010461 ETH (104610 wei)

Gas Cost: First Claim (USD): $0.23 $0.2339606176730089
Gas Cost: Each Following Claim (USD): $0.29 $0.28674202201806154

5b. 1 Claim(s):

Total gas cost: 1 Claim(s) (USD): $0.23 ($0.2339606176730089)

Next Claim Reward: 1 Claim(s) (WEI): 0.000169779028084472 WETH (169779028084472 wei)
Next Claim Reward: 1 Claim(s) (USD): $0.6 ($0.5998579988781858)

Net profit = (Gross Profit - Gas Cost [Avg])
$0.37 = ($0.6 - $0.23) $0.3658973812051769 = ($0.5998579988781858 - $0.2339606176730089)


5b. 2 Claim(s):

Total gas cost: 2 Claim(s) (USD): $0.52 ($0.5207026396910704)

Claim Reward: 1 Claim(s) (WEI): 0.000169779028084472 WETH (169779028084472 wei)
Claim Reward: 1 Claim(s) (USD): $0.6 ($0.5998579988781858)

Next Claim Reward: 2 Claim(s) (WEI): 0.00033655743340055 WETH (336557433400550 wei)
Next Claim Reward: 2 Claim(s) (USD): $1.19 ($1.1891142904103877)

Net profit = (Gross Profit - Gas Cost [Avg])
$0.67 = ($1.19 - $0.52) $0.6684116507193173 = ($1.1891142904103877 - $0.5207026396910704)


******************
5c. Profit/Loss (USD):

Net profit = (Gross Profit - Gas Cost [Max])
$0.67 = ($1.19 - $0.52) $0.6684116507193173 = ($1.1891142904103877 - $0.5207026396910704)

Submitting transaction to claim 2 prize(s):

0x52b0ac5c447dd84c37b85c2fc36a5b23bb4c9868-0xbAf747D19296Fe274340aBcA4e37a646805E0244-2-15
0x52b0ac5c447dd84c37b85c2fc36a5b23bb4c9868-0x824A93583Fd83179d1166a10Fb80bAf877122221-2-8



Execute Claim Transaction for Tier #2



Transaction sent! ✔
Transaction hash: 0x0e1b0c01ab85e78453a916982de95aeaba0fc98c64976a6424e0debf6d44ae6b
Waiting on transaction to be confirmed ...
Tx confirmed !




******************
Processing:
Vault:     0x80436148e5fab18b58a33b24f79977d6934ff0e4
Tier:      #2
# prizes:  4

5a. Calculating # of profitable claims ...

Native (Gas) Token ETH Market Rate (USD): $3533.87

Estimated gas limit (wei) (1 prize claim): 0.000000000000226598 ETH (226598 wei)
Estimated gas limit (wei) (2 prize claims): 0.000000000000333919 ETH (333919 wei)

Gas Cost: First Claim (wei): 0.000000000000226598 ETH (226598 wei)
Gas Cost: Each Following Claim (wei): 0.000000000000107321 ETH (107321 wei)

Gas Cost: First Claim (USD): $0.26 $0.26308705670851645
Gas Cost: Each Following Claim (USD): $0.32 $0.3225481093503011

5b. 1 Claim(s):

Total gas cost: 1 Claim(s) (USD): $0.26 ($0.26308705670851645)

Next Claim Reward: 1 Claim(s) (WEI): 0.00016547498767677 WETH (165474987676770 wei)
Next Claim Reward: 1 Claim(s) (USD): $0.58 ($0.5846510967349458)

Net profit = (Gross Profit - Gas Cost [Avg])
$0.32 = ($0.58 - $0.26) $0.3215640400264293 = ($0.5846510967349458 - $0.26308705670851645)


5b. 2 Claim(s):

Total gas cost: 2 Claim(s) (USD): $0.59 ($0.5856351660588175)

Claim Reward: 1 Claim(s) (WEI): 0.00016547498767677 WETH (165474987676770 wei)
Claim Reward: 1 Claim(s) (USD): $0.58 ($0.5846510967349458)

Next Claim Reward: 2 Claim(s) (WEI): 0.000328025420882798 WETH (328025420882798 wei)
Next Claim Reward: 2 Claim(s) (USD): $1.16 ($1.1589692482750544)

Net profit = (Gross Profit - Gas Cost [Avg])
$0.57 = ($1.16 - $0.59) $0.5733340822162369 = ($1.1589692482750544 - $0.5856351660588175)


5b. 3 Claim(s):

Total gas cost: 3 Claim(s) (USD): $0.91 ($0.9081832754091186)

Claim Reward: 2 Claim(s) (WEI): 0.000328025420882798 WETH (328025420882798 wei)
Claim Reward: 2 Claim(s) (USD): $1.16 ($1.1589692482750544)

Next Claim Reward: 3 Claim(s) (WEI): 0.000487702987301958 WETH (487702987301958 wei)
Next Claim Reward: 3 Claim(s) (USD): $1.72 ($1.7231370759426714)

Net profit = (Gross Profit - Gas Cost [Avg])
$0.81 = ($1.72 - $0.91) $0.8149538005335528 = ($1.7231370759426714 - $0.9081832754091186)


5b. 4 Claim(s):

Total gas cost: 4 Claim(s) (USD): $1.23 ($1.2307313847594197)

Claim Reward: 3 Claim(s) (WEI): 0.000487702987301958 WETH (487702987301958 wei)
Claim Reward: 3 Claim(s) (USD): $1.72 ($1.7231370759426714)

Next Claim Reward: 4 Claim(s) (WEI): 0.000644558461105768 WETH (644558461105768 wei)
Next Claim Reward: 4 Claim(s) (USD): $2.28 ($2.277333973466605)

Net profit = (Gross Profit - Gas Cost [Avg])
$1.05 = ($2.28 - $1.23) $1.0466025887071855 = ($2.277333973466605 - $1.2307313847594197)


******************
5c. Profit/Loss (USD):

Net profit = (Gross Profit - Gas Cost [Max])
$1.05 = ($2.28 - $1.23) $1.0466025887071855 = ($2.277333973466605 - $1.2307313847594197)

Submitting transaction to claim 4 prize(s):

0x80436148e5fab18b58a33b24f79977d6934ff0e4-0x8A471C55279f182e67BD7F5670d3835D3cC6878a-2-4
0x80436148e5fab18b58a33b24f79977d6934ff0e4-0x8dD10fce490FDf7eC87dd8d4f492c993B4e4e8e0-2-5
0x80436148e5fab18b58a33b24f79977d6934ff0e4-0x88BCBFE921F71773CaA6B1b04370648e7603F818-2-13
0x80436148e5fab18b58a33b24f79977d6934ff0e4-0x7b6d53CC72485B2E576546d254E7a8a97B7B74Ce-2-12



Execute Claim Transaction for Tier #2



Transaction sent! ✔
Transaction hash: 0xd509151c0667f59d4b36ce2a8333bfcf4bfb34f62ba1f267761cef07f1226f6e
Waiting on transaction to be confirmed ...
Tx confirmed !




******************
Processing:
Vault:     0xea47f7735eaf6b1e6502c21f50f65e84f7daa824
Tier:      #2
# prizes:  8

5a. Calculating # of profitable claims ...

Native (Gas) Token ETH Market Rate (USD): $3533.87

Estimated gas limit (wei) (1 prize claim): 0.000000000000221911 ETH (221911 wei)
Estimated gas limit (wei) (2 prize claims): 0.000000000000326634 ETH (326634 wei)

Gas Cost: First Claim (wei): 0.000000000000221911 ETH (221911 wei)
Gas Cost: Each Following Claim (wei): 0.000000000000104723 ETH (104723 wei)

Gas Cost: First Claim (USD): $0.26 $0.2630704892858878
Gas Cost: Each Following Claim (USD): $0.32 $0.32253892604243056

5b. 1 Claim(s):

Total gas cost: 1 Claim(s) (USD): $0.26 ($0.2630704892858878)

Next Claim Reward: 1 Claim(s) (WEI): 0.000155112440338837 WETH (155112440338837 wei)
Next Claim Reward: 1 Claim(s) (USD): $0.55 ($0.5480384657195284)

Net profit = (Gross Profit - Gas Cost [Avg])
$0.28 = ($0.55 - $0.26) $0.28496797643364064 = ($0.5480384657195284 - $0.2630704892858878)


5b. 2 Claim(s):

Total gas cost: 2 Claim(s) (USD): $0.59 ($0.5856094153283183)

Claim Reward: 1 Claim(s) (WEI): 0.000155112440338837 WETH (155112440338837 wei)
Claim Reward: 1 Claim(s) (USD): $0.55 ($0.5480384657195284)

Next Claim Reward: 2 Claim(s) (WEI): 0.000307483470708532 WETH (307483470708532 wei)
Next Claim Reward: 2 Claim(s) (USD): $1.09 ($1.0863910667197931)

Net profit = (Gross Profit - Gas Cost [Avg])
$0.5 = ($1.09 - $0.59) $0.5007816513914748 = ($1.0863910667197931 - $0.5856094153283183)


5b. 3 Claim(s):

Total gas cost: 3 Claim(s) (USD): $0.91 ($0.908148341370749)

Claim Reward: 2 Claim(s) (WEI): 0.000307483470708532 WETH (307483470708532 wei)
Claim Reward: 2 Claim(s) (USD): $1.09 ($1.0863910667197931)

Next Claim Reward: 3 Claim(s) (WEI): 0.000457161541952892 WETH (457161541952892 wei)
Next Claim Reward: 3 Claim(s) (USD): $1.62 ($1.6152289880201574)

Net profit = (Gross Profit - Gas Cost [Avg])
$0.71 = ($1.62 - $0.91) $0.7070806466494084 = ($1.6152289880201574 - $0.908148341370749)


5b. 4 Claim(s):

Total gas cost: 4 Claim(s) (USD): $1.23 ($1.2306872674131795)

Claim Reward: 3 Claim(s) (WEI): 0.000457161541952892 WETH (457161541952892 wei)
Claim Reward: 3 Claim(s) (USD): $1.62 ($1.6152289880201574)

Next Claim Reward: 4 Claim(s) (WEI): 0.000604194248610276 WETH (604194248610276 wei)
Next Claim Reward: 4 Claim(s) (USD): $2.13 ($2.13472038916812)

Net profit = (Gross Profit - Gas Cost [Avg])
$0.9 = ($2.13 - $1.23) $0.9040331217549407 = ($2.13472038916812 - $1.2306872674131795)


5b. 5 Claim(s):

Total gas cost: 5 Claim(s) (USD): $1.55 ($1.55322619345561)

Claim Reward: 4 Claim(s) (WEI): 0.000604194248610276 WETH (604194248610276 wei)
Claim Reward: 4 Claim(s) (USD): $2.13 ($2.13472038916812)

Next Claim Reward: 5 Claim(s) (WEI): 0.0007486283440477 WETH (748628344047700 wei)
Next Claim Reward: 5 Claim(s) (USD): $2.65 ($2.6450304577106682)

Net profit = (Gross Profit - Gas Cost [Avg])
$1.09 = ($2.65 - $1.55) $1.0918042642550583 = ($2.6450304577106682 - $1.55322619345561)


5b. 6 Claim(s):

Total gas cost: 6 Claim(s) (USD): $1.88 ($1.8757651194980405)

Claim Reward: 5 Claim(s) (WEI): 0.0007486283440477 WETH (748628344047700 wei)
Claim Reward: 5 Claim(s) (USD): $2.65 ($2.6450304577106682)

Next Claim Reward: 6 Claim(s) (WEI): 0.00089050975532742 WETH (890509755327420 wei)
Next Claim Reward: 6 Claim(s) (USD): $3.15 ($3.146321461720425)

Net profit = (Gross Profit - Gas Cost [Avg])
$1.27 = ($3.15 - $1.88) $1.2705563422223844 = ($3.146321461720425 - $1.8757651194980405)


5b. 7 Claim(s):

Total gas cost: 7 Claim(s) (USD): $2.2 ($2.198304045540471)

Claim Reward: 6 Claim(s) (WEI): 0.00089050975532742 WETH (890509755327420 wei)
Claim Reward: 6 Claim(s) (USD): $3.15 ($3.146321461720425)

Next Claim Reward: 7 Claim(s) (WEI): 0.001029883597810795 WETH (1029883597810795 wei)
Next Claim Reward: 7 Claim(s) (USD): $3.64 ($3.638752801393569)

Net profit = (Gross Profit - Gas Cost [Avg])
$1.44 = ($3.64 - $2.2) $1.4404487558530978 = ($3.638752801393569 - $2.198304045540471)


5b. 8 Claim(s):

Total gas cost: 8 Claim(s) (USD): $2.52 ($2.5208429715829017)

Claim Reward: 7 Claim(s) (WEI): 0.001029883597810795 WETH (1029883597810795 wei)
Claim Reward: 7 Claim(s) (USD): $3.64 ($3.638752801393569)

Next Claim Reward: 8 Claim(s) (WEI): 0.001166794189504056 WETH (1166794189504056 wei)
Next Claim Reward: 8 Claim(s) (USD): $4.12 ($4.122481059735856)

Net profit = (Gross Profit - Gas Cost [Avg])
$1.6 = ($4.12 - $2.52) $1.6016380881529542 = ($4.122481059735856 - $2.5208429715829017)


******************
5c. Profit/Loss (USD):

Net profit = (Gross Profit - Gas Cost [Max])
$1.6 = ($4.12 - $2.52) $1.6016380881529542 = ($4.122481059735856 - $2.5208429715829017)

Submitting transaction to claim 8 prize(s):

0xea47f7735eaf6b1e6502c21f50f65e84f7daa824-0x346b29e942038e11CE87a5b4aC6e479F0dfF6763-2-8
0xea47f7735eaf6b1e6502c21f50f65e84f7daa824-0x4Daf5E0297d56C1Af1F23527BEcD1029C7829A3f-2-5
0xea47f7735eaf6b1e6502c21f50f65e84f7daa824-0x1c5ae29437d8b6298948e32763Da9126c05B1eeA-2-4
0xea47f7735eaf6b1e6502c21f50f65e84f7daa824-0xDA168f018fb4B76e47f4f6d6D64C9bc0A318023e-2-11
0xea47f7735eaf6b1e6502c21f50f65e84f7daa824-0x84046B34B9F4AC2d54163d03Ac7132C353f59CCF-2-13
0xea47f7735eaf6b1e6502c21f50f65e84f7daa824-0x1C43895787183Ab4892686d0f3184Bf7AE5748b3-2-3
0xea47f7735eaf6b1e6502c21f50f65e84f7daa824-0x6c60336640B96a66Db43c30dBd3978aDC584324E-2-15
0xea47f7735eaf6b1e6502c21f50f65e84f7daa824-0xcB994E43683A0243Ef06bF9F17E60636baAe9530-2-11



Execute Claim Transaction for Tier #2



Transaction sent! ✔
Transaction hash: 0x26ca8268fdb1f95fb777157ba23ea5048088fdb194cf059724d75425c2a52dc4
Waiting on transaction to be confirmed ...
Tx confirmed !




******************
Processing:
Vault:     0x52b0ac5c447dd84c37b85c2fc36a5b23bb4c9868
Tier:      #3 (Canary tier)
# prizes:  4

5a. Calculating # of profitable claims ...

Native (Gas) Token ETH Market Rate (USD): $3533.87

Estimated gas limit (wei) (1 prize claim): 0.000000000000160857 ETH (160857 wei)
Estimated gas limit (wei) (2 prize claims): 0.000000000000233167 ETH (233167 wei)

Gas Cost: First Claim (wei): 0.000000000000160857 ETH (160857 wei)
Gas Cost: Each Following Claim (wei): 0.00000000000007231 ETH (72310 wei)

Gas Cost: First Claim (USD): $0.26 $0.26285467801616924
Gas Cost: Each Following Claim (USD): $0.32 $0.3224243538492018

5b. 1 Claim(s):

Total gas cost: 1 Claim(s) (USD): $0.26 ($0.26285467801616924)

Next Claim Reward: 1 Claim(s) (WEI): 0.000038708673336076 WETH (38708673336076 wei)
Next Claim Reward: 1 Claim(s) (USD): $0.14 ($0.1367642846621503)

Net profit = (Gross Profit - Gas Cost [Avg])
$-0.13 = ($0.14 - $0.26) $-0.12609039335401895 = ($0.1367642846621503 - $0.26285467801616924)

******************
5c. Profit/Loss (USD):

Net profit = (Gross Profit - Gas Cost [Max])
$-0.26 = ($0 - $0.26) $-0.26285467801616924 = ($0 - $0.26285467801616924)

Claiming tier #3 (Canary tier) currently not profitable.
Not profitable to claim for Draw #3, Tier: #3 (Canary tier)




******************
Processing:
Vault:     0x80436148e5fab18b58a33b24f79977d6934ff0e4
Tier:      #3 (Canary tier)
# prizes:  32

Tier #3 (Canary tier) not profitable, skipping ...





******************
Processing:
Vault:     0xea47f7735eaf6b1e6502c21f50f65e84f7daa824
Tier:      #3 (Canary tier)
# prizes:  40

Tier #3 (Canary tier) not profitable, skipping ...





******************
Processing:
Vault:     0x52b0ac5c447dd84c37b85c2fc36a5b23bb4c9868
Tier:      #4 (Canary tier)
# prizes:  14

Tier #4 (Canary tier) not profitable, skipping ...





******************
Processing:
Vault:     0x80436148e5fab18b58a33b24f79977d6934ff0e4
Tier:      #4 (Canary tier)
# prizes:  106

Tier #4 (Canary tier) not profitable, skipping ...





******************
Processing:
Vault:     0xea47f7735eaf6b1e6502c21f50f65e84f7daa824
Tier:      #4 (Canary tier)
# prizes:  131

Tier #4 (Canary tier) not profitable, skipping ...

