Operating on: 11155420 - Optimism Sepolia

Config - REWARD_RECIPIENT not provided, setting swap recipient to relayer address: 0x06003274c3a7926c04cA8d6903cc691fE8f3CEC2
Config - MIN_PROFIT_THRESHOLD_USD: -0.1

Starting ...
Getting prize pool info ...
Getting prize context ...

******************
1. Prize token: WETH

┌────────────┬──────────────────────────────────────────────┬──────────┬─────────────────┬────────┬──────────────┐
│ (index)    │ address                                      │ decimals │ name            │ symbol │ assetRateUsd │
├────────────┼──────────────────────────────────────────────┼──────────┼─────────────────┼────────┼──────────────┤
│ prizeToken │ '0xC355F97a3Aa2808Acb536E555764b8FB26fB4b37' │ 18       │ 'Wrapped Ether' │ 'WETH' │ 3037.9595    │
└────────────┴──────────────────────────────────────────────┴──────────┴─────────────────┴────────┴──────────────┘
┌─────────┬──────────┬───────────────────────────────┐
│ (index) │ numTiers │ tiersRangeArray               │
├─────────┼──────────┼───────────────────────────────┤
│ tiers   │ 6        │ [ 0, 1, 2, ... 3 more items ] │
└─────────┴──────────┴───────────────────────────────┘
Draw ID: 6
Prize Token WETH MarketRate USD:  $3037.9595

******************
Getting prize vaults ...
Found 6 prize vaults.

No claimed prizes for draw #6.
1400 prizes remaining to be claimed...




******************
Processing:
Vault:     0x33335296c9b020ca3252e4953c11decfdce816b8
Tier:      #2
# prizes:  1

5a. Calculating # of profitable claims ...

Native (Gas) Token ETH Market Rate (USD): $3040.6

Estimated gas limit (wei) (1 prize claim): 0.000000000000248106 ETH (248106 wei)

Gas Cost: First Claim (wei): 0.000000000000248106 ETH (248106 wei)

Gas Cost: First Claim (USD): $0.01 $0.013063869390173791

5b. 1 Claim(s):

Total gas cost: 1 Claim(s) (USD): $0.01 ($0.013063869390173791)

Next Claim Reward: 1 Claim(s) (WEI): 0.002883373205341842 WETH (2883373205341842 wei)
Next Claim Reward: 1 Claim(s) (USD): $8.76 ($8.759571021213699)

Net profit = (Gross Profit - Gas Cost [Avg])
$8.75 = ($8.76 - $0.01) $8.746507151823526 = ($8.759571021213699 - $0.013063869390173791)


******************
5c. Profit/Loss (USD):

Net profit = (Gross Profit - Gas Cost [Max])
$8.75 = ($8.76 - $0.01) $8.746507151823526 = ($8.759571021213699 - $0.013063869390173791)

Claiming tier #2 currently not profitable.

Execute Claim Transaction for Tier #2


