Operating on: 11155420 - Optimism Sepolia
Config - MIN_PROFIT_THRESHOLD_USD: -0.1

Starting ...
Getting prize pool info ...
Getting prize context ...

******************
1. Prize token: WETH

┌────────────┬──────────────────────────────────────────────┬──────────┬─────────────────┬────────┬──────────────┐
│ (index)    │ address                                      │ decimals │ name            │ symbol │ assetRateUsd │
├────────────┼──────────────────────────────────────────────┼──────────┼─────────────────┼────────┼──────────────┤
│ prizeToken │ '0x28Dae98474c0EeDF4Ee74Da5300Dd89dE5466E62' │ 18       │ 'Wrapped Ether' │ 'WETH' │ 3525.0283    │
└────────────┴──────────────────────────────────────────────┴──────────┴─────────────────┴────────┴──────────────┘
┌─────────┬──────────┬──────────────────────────────┐
│ (index) │ numTiers │ tiersRangeArray              │
├─────────┼──────────┼──────────────────────────────┤
│ tiers   │ 4        │ [ 0, 1, 2, ... 1 more item ] │
└─────────┴──────────┴──────────────────────────────┘
Draw ID: 19
Prize Token WETH MarketRate USD:  $3525.0283

******************
Getting prize vaults ...
Found 6 prize vaults.

23 prizes already claimed for draw #19.
83 prizes remaining to be claimed...




******************
Processing:
Vault:     0x887db83c6b90b8c6d3a0729e1299c6153220649e
Tier:      #1
# prizes:  2

5a. Calculating # of profitable claims ...

Native (Gas) Token ETH Market Rate (USD): $3500.31

Estimated gas limit (wei) (1 prize claim): 0.000000000000259142 ETH (259142 wei)
Estimated gas limit (wei) (2 prize claims): 0.000000000000373331 ETH (373331 wei)

Gas Cost: First Claim (wei): 0.000000000000259142 ETH (259142 wei)
Gas Cost: Each Following Claim (wei): 0.000000000000114189 ETH (114189 wei)

Gas Cost: First Claim (USD): $0.84 $0.84457124978107
Gas Cost: Each Following Claim (USD): $1.04 $1.0366810802674067

5b. 1 Claim(s):

Total gas cost: 1 Claim(s) (USD): $0.84 ($0.84457124978107)

Next Claim Reward: 1 Claim(s) (WEI): 0.000034343505662164 WETH (34343505662164 wei)
Next Claim Reward: 1 Claim(s) (USD): $0.12 ($0.12106182938033835)

Net profit = (Gross Profit - Gas Cost [Avg])
$-0.72 = ($0.12 - $0.84) $-0.7235094204007316 = ($0.12106182938033835 - $0.84457124978107)

******************
5c. Profit/Loss (USD):

Net profit = (Gross Profit - Gas Cost [Max])
$-0.84 = ($0 - $0.84) $-0.84457124978107 = ($0 - $0.84457124978107)

Claiming tier #1 currently not profitable.
Not profitable to claim for Draw #19, Tier: #1
Not profitable to claim any more tiers yet for Draw #19
