Operating on: 11155420 - Optimism Sepolia
Config - MIN_PROFIT_THRESHOLD_USD: -0.1

Starting ...
Getting prize pool info ...
Getting prize context ...

******************
1. Prize token: WETH

┌────────────┬──────────────────────────────────────────────┬──────────┬─────────────────┬────────┬──────────────┐
│ (index)    │ address                                      │ decimals │ name            │ symbol │ assetRateUsd │
├────────────┼──────────────────────────────────────────────┼──────────┼─────────────────┼────────┼──────────────┤
│ prizeToken │ '0x28Dae98474c0EeDF4Ee74Da5300Dd89dE5466E62' │ 18       │ 'Wrapped Ether' │ 'WETH' │ 3575.4983    │
└────────────┴──────────────────────────────────────────────┴──────────┴─────────────────┴────────┴──────────────┘
┌─────────┬──────────┬──────────────────────────────┐
│ (index) │ numTiers │ tiersRangeArray              │
├─────────┼──────────┼──────────────────────────────┤
│ tiers   │ 4        │ [ 0, 1, 2, ... 1 more item ] │
└─────────┴──────────┴──────────────────────────────┘
Draw ID: 15
Prize Token WETH MarketRate USD:  $3575.4983

******************
Getting prize vaults ...
Found 6 prize vaults.

18 prizes already claimed for draw #15.
60 prizes remaining to be claimed...




******************
Processing:
Vault:     0x887db83c6b90b8c6d3a0729e1299c6153220649e
Tier:      #0
# prizes:  1

5a. Calculating # of profitable claims ...

Native (Gas) Token ETH Market Rate (USD): $3591.25

Estimated gas limit (wei) (1 prize claim): 0.000000000000234907 ETH (234907 wei)

Gas Cost: First Claim (wei): 0.000000000000234907 ETH (234907 wei)

Gas Cost: First Claim (USD): $1.01 $1.010200482208588

5b. 1 Claim(s):

Total gas cost: 1 Claim(s) (USD): $1.01 ($1.010200482208588)

Next Claim Reward: 1 Claim(s) (WEI): 0.000019218394619929 WETH (19218394619929 wei)
Next Claim Reward: 1 Claim(s) (USD): $0.07 ($0.0687153372922853)

Net profit = (Gross Profit - Gas Cost [Avg])
$-0.94 = ($0.07 - $1.01) $-0.9414851449163026 = ($0.0687153372922853 - $1.010200482208588)

******************
5c. Profit/Loss (USD):

Net profit = (Gross Profit - Gas Cost [Max])
$-1.01 = ($0 - $1.01) $-1.010200482208588 = ($0 - $1.010200482208588)

Claiming tier #0 currently not profitable.
Not profitable to claim for Draw #15, Tier: #0
Not profitable to claim any more tiers yet for Draw #15
