Operating on: 11155420 - Optimism Sepolia
Config - MIN_PROFIT_THRESHOLD_USD: -0.1

Starting ...
Getting prize pool info ...
Getting prize context ...

******************
1. Prize token: WETH

┌────────────┬──────────────────────────────────────────────┬──────────┬─────────────────┬────────┬──────────────┐
│ (index)    │ address                                      │ decimals │ name            │ symbol │ assetRateUsd │
├────────────┼──────────────────────────────────────────────┼──────────┼─────────────────┼────────┼──────────────┤
│ prizeToken │ '0x28Dae98474c0EeDF4Ee74Da5300Dd89dE5466E62' │ 18       │ 'Wrapped Ether' │ 'WETH' │ 3559.6536    │
└────────────┴──────────────────────────────────────────────┴──────────┴─────────────────┴────────┴──────────────┘
┌─────────┬──────────┬──────────────────────────────┐
│ (index) │ numTiers │ tiersRangeArray              │
├─────────┼──────────┼──────────────────────────────┤
│ tiers   │ 4        │ [ 0, 1, 2, ... 1 more item ] │
└─────────┴──────────┴──────────────────────────────┘
Draw ID: 14
Prize Token WETH MarketRate USD:  $3559.6536

******************
Getting prize vaults ...
Found 6 prize vaults.

3 prizes already claimed for draw #14.
74 prizes remaining to be claimed...




******************
Processing:
Vault:     0xe0462dc45922ca4d8d50748504b1d383349a25df
Tier:      #1
# prizes:  2

5a. Calculating # of profitable claims ...

Native (Gas) Token ETH Market Rate (USD): $3569.58

Estimated gas limit (wei) (1 prize claim): 0.000000000000223164 ETH (223164 wei)
Estimated gas limit (wei) (2 prize claims): 0.000000000000329149 ETH (329149 wei)

Gas Cost: First Claim (wei): 0.000000000000223164 ETH (223164 wei)
Gas Cost: Each Following Claim (wei): 0.000000000000105985 ETH (105985 wei)

Gas Cost: First Claim (USD): $1.05 $1.0513205312194938
Gas Cost: Each Following Claim (USD): $1.29 $1.2899291604975296

5b. 1 Claim(s):

Total gas cost: 1 Claim(s) (USD): $1.05 ($1.0513205312194938)

Next Claim Reward: 1 Claim(s) (WEI): 0.001138572563263025 WETH (1138572563263025 wei)
Next Claim Reward: 1 Claim(s) (USD): $4.05 ($4.052923923680455)

Net profit = (Gross Profit - Gas Cost [Avg])
$3 = ($4.05 - $1.05) $3.001603392460961 = ($4.052923923680455 - $1.0513205312194938)


5b. 2 Claim(s):

Total gas cost: 2 Claim(s) (USD): $2.34 ($2.3412496917170236)

Claim Reward: 1 Claim(s) (WEI): 0.001138572563263025 WETH (1138572563263025 wei)
Claim Reward: 1 Claim(s) (USD): $4.05 ($4.052923923680455)

Next Claim Reward: 2 Claim(s) (WEI): 0.002268839460262734 WETH (2268839460262734 wei)
Next Claim Reward: 2 Claim(s) (USD): $8.08 ($8.0762825525463)

Net profit = (Gross Profit - Gas Cost [Avg])
$5.74 = ($8.08 - $2.34) $5.735032860829276 = ($8.0762825525463 - $2.3412496917170236)


******************
5c. Profit/Loss (USD):

Net profit = (Gross Profit - Gas Cost [Max])
$5.74 = ($8.08 - $2.34) $5.735032860829276 = ($8.0762825525463 - $2.3412496917170236)

Submitting transaction to claim 2 prize(s):

0xe0462dc45922ca4d8d50748504b1d383349a25df-0xad24ba5E4Bc7fc93e94C2A09B6f9F9ec5907529C-1-2
0xe0462dc45922ca4d8d50748504b1d383349a25df-0x583326fe1D1F550FD0F217De255F3AB7d20ff2a1-1-1



Execute Claim Transaction for Tier #1



Transaction sent! ✔
Transaction hash: 0x4352ec95c47952217a51bc635ba8db4701a3c7d0dbd9687f9f817d18aa8a7b64
Waiting on transaction to be confirmed ...
Tx confirmed !




******************
Processing:
Vault:     0x887db83c6b90b8c6d3a0729e1299c6153220649e
Tier:      #2 (Canary tier)
# prizes:  3

5a. Calculating # of profitable claims ...

Native (Gas) Token ETH Market Rate (USD): $3569.58

Estimated gas limit (wei) (1 prize claim): 0.000000000000175238 ETH (175238 wei)
Estimated gas limit (wei) (2 prize claims): 0.000000000000255644 ETH (255644 wei)

Gas Cost: First Claim (wei): 0.000000000000175238 ETH (175238 wei)
Gas Cost: Each Following Claim (wei): 0.000000000000080406 ETH (80406 wei)

Gas Cost: First Claim (USD): $1.05 $1.0511494124173395
Gas Cost: Each Following Claim (USD): $1.29 $1.2898378312015253

5b. 1 Claim(s):

Total gas cost: 1 Claim(s) (USD): $1.05 ($1.0511494124173395)

Next Claim Reward: 1 Claim(s) (WEI): 0.000086187168941488 WETH (86187168941488 wei)
Next Claim Reward: 1 Claim(s) (USD): $0.31 ($0.30679646619637596)

Net profit = (Gross Profit - Gas Cost [Avg])
$-0.74 = ($0.31 - $1.05) $-0.7443529462209635 = ($0.30679646619637596 - $1.0511494124173395)

******************
5c. Profit/Loss (USD):

Net profit = (Gross Profit - Gas Cost [Max])
$-1.05 = ($0 - $1.05) $-1.0511494124173395 = ($0 - $1.0511494124173395)

Claiming tier #2 (Canary tier) currently not profitable.
Not profitable to claim for Draw #14, Tier: #2 (Canary tier)




******************
Processing:
Vault:     0xc1f6251c8b8ca9ea535dd297cb9cbfe49efa6bb0
Tier:      #2 (Canary tier)
# prizes:  1

Tier #2 (Canary tier) not profitable, skipping ...





******************
Processing:
Vault:     0xe0462dc45922ca4d8d50748504b1d383349a25df
Tier:      #2 (Canary tier)
# prizes:  3

Tier #2 (Canary tier) not profitable, skipping ...





******************
Processing:
Vault:     0x887db83c6b90b8c6d3a0729e1299c6153220649e
Tier:      #3 (Canary tier)
# prizes:  28

Tier #3 (Canary tier) not profitable, skipping ...





******************
Processing:
Vault:     0xc1f6251c8b8ca9ea535dd297cb9cbfe49efa6bb0
Tier:      #3 (Canary tier)
# prizes:  7

Tier #3 (Canary tier) not profitable, skipping ...





******************
Processing:
Vault:     0xe0462dc45922ca4d8d50748504b1d383349a25df
Tier:      #3 (Canary tier)
# prizes:  30

Tier #3 (Canary tier) not profitable, skipping ...

