Operating on: 11155420 - Optimism Sepolia

Config - REWARD_RECIPIENT not provided, setting swap recipient to relayer address: 0x06003274c3a7926c04cA8d6903cc691fE8f3CEC2
Config - MIN_PROFIT_THRESHOLD_USD: -0.3

Starting ...
Getting prize pool info ...
Getting prize context ...

******************
1. Prize token: WETH

┌────────────┬──────────────────────────────────────────────┬──────────┬─────────────────┬────────┬──────────────┐
│ (index)    │ address                                      │ decimals │ name            │ symbol │ assetRateUsd │
├────────────┼──────────────────────────────────────────────┼──────────┼─────────────────┼────────┼──────────────┤
│ prizeToken │ '0xC355F97a3Aa2808Acb536E555764b8FB26fB4b37' │ 18       │ 'Wrapped Ether' │ 'WETH' │ 3218.0505    │
└────────────┴──────────────────────────────────────────────┴──────────┴─────────────────┴────────┴──────────────┘
┌─────────┬──────────┬───────────────────────────────┐
│ (index) │ numTiers │ tiersRangeArray               │
├─────────┼──────────┼───────────────────────────────┤
│ tiers   │ 7        │ [ 0, 1, 2, ... 4 more items ] │
└─────────┴──────────┴───────────────────────────────┘
Draw ID: 14
Prize Token WETH MarketRate USD:  $3218.0505

******************
Getting prize vaults ...
Found 6 prize vaults.

900 prizes already claimed for draw #14.
4571 prizes remaining to be claimed...




******************
Processing:
Vault:     0x33335296c9b020ca3252e4953c11decfdce816b8
Tier:      #5 (Canary tier)
# prizes:  146

5a. Calculating # of profitable claims ...

Native (Gas) Token ETH Market Rate (USD): $3232.84

Estimated gas limit (wei) (1 prize claim): 0.000000000000183642 ETH (183642 wei)
Estimated gas limit (wei) (2 prize claims): 0.000000000000263393 ETH (263393 wei)

Gas Cost: First Claim (wei): 0.000000000000183642 ETH (183642 wei)
Gas Cost: Each Following Claim (wei): 0.000000000000079751 ETH (79751 wei)

Gas Cost: First Claim (USD): $0.01 $0.013264053041070794
Gas Cost: Each Following Claim (USD): $0.02 $0.015854219530683198

5b. 1 Claim(s):

Total gas cost: 1 Claim(s) (USD): $0.01 ($0.013264053041070794)

Next Claim Reward: 1 Claim(s) (WEI): 0.000009274544355652 WETH (9274544355652 wei)
Next Claim Reward: 1 Claim(s) (USD): $0.03 ($0.029845952100978096)

Net profit = (Gross Profit - Gas Cost [Avg])
$0.02 = ($0.03 - $0.01) $0.016581899059907302 = ($0.029845952100978096 - $0.013264053041070794)


5b. 2 Claim(s):

Total gas cost: 2 Claim(s) (USD): $0.03 ($0.029118272571753992)

Claim Reward: 1 Claim(s) (WEI): 0.000009274544355652 WETH (9274544355652 wei)
Claim Reward: 1 Claim(s) (USD): $0.03 ($0.029845952100978096)

Next Claim Reward: 2 Claim(s) (WEI): 0.000018549088711304 WETH (18549088711304 wei)
Next Claim Reward: 2 Claim(s) (USD): $0.06 ($0.05969190420195619)

Net profit = (Gross Profit - Gas Cost [Avg])
$0.03 = ($0.06 - $0.03) $0.0305736316302022 = ($0.05969190420195619 - $0.029118272571753992)


5b. 3 Claim(s):

Total gas cost: 3 Claim(s) (USD): $0.04 ($0.04497249210243719)

Claim Reward: 2 Claim(s) (WEI): 0.000018549088711304 WETH (18549088711304 wei)
Claim Reward: 2 Claim(s) (USD): $0.06 ($0.05969190420195619)

Next Claim Reward: 3 Claim(s) (WEI): 0.000027823633066956 WETH (27823633066956 wei)
Next Claim Reward: 3 Claim(s) (USD): $0.09 ($0.08953785630293427)

Net profit = (Gross Profit - Gas Cost [Avg])
$0.04 = ($0.09 - $0.04) $0.04456536420049709 = ($0.08953785630293427 - $0.04497249210243719)


5b. 4 Claim(s):

Total gas cost: 4 Claim(s) (USD): $0.06 ($0.060826711633120395)

Claim Reward: 3 Claim(s) (WEI): 0.000027823633066956 WETH (27823633066956 wei)
Claim Reward: 3 Claim(s) (USD): $0.09 ($0.08953785630293427)

Next Claim Reward: 4 Claim(s) (WEI): 0.000037098177422608 WETH (37098177422608 wei)
Next Claim Reward: 4 Claim(s) (USD): $0.12 ($0.11938380840391238)

Net profit = (Gross Profit - Gas Cost [Avg])
$0.06 = ($0.12 - $0.06) $0.05855709677079199 = ($0.11938380840391238 - $0.060826711633120395)


5b. 5 Claim(s):

Total gas cost: 5 Claim(s) (USD): $0.08 ($0.07668093116380359)

Claim Reward: 4 Claim(s) (WEI): 0.000037098177422608 WETH (37098177422608 wei)
Claim Reward: 4 Claim(s) (USD): $0.12 ($0.11938380840391238)

Next Claim Reward: 5 Claim(s) (WEI): 0.00004637272177826 WETH (46372721778260 wei)
Next Claim Reward: 5 Claim(s) (USD): $0.15 ($0.14922976050489048)

Net profit = (Gross Profit - Gas Cost [Avg])
$0.07 = ($0.15 - $0.08) $0.07254882934108689 = ($0.14922976050489048 - $0.07668093116380359)


5b. 6 Claim(s):

Total gas cost: 6 Claim(s) (USD): $0.09 ($0.09253515069448678)

Claim Reward: 5 Claim(s) (WEI): 0.00004637272177826 WETH (46372721778260 wei)
Claim Reward: 5 Claim(s) (USD): $0.15 ($0.14922976050489048)

Next Claim Reward: 6 Claim(s) (WEI): 0.000055647266133912 WETH (55647266133912 wei)
Next Claim Reward: 6 Claim(s) (USD): $0.18 ($0.17907571260586855)

Net profit = (Gross Profit - Gas Cost [Avg])
$0.09 = ($0.18 - $0.09) $0.08654056191138176 = ($0.17907571260586855 - $0.09253515069448678)


5b. 7 Claim(s):

Total gas cost: 7 Claim(s) (USD): $0.11 ($0.10838937022516999)

Claim Reward: 6 Claim(s) (WEI): 0.000055647266133912 WETH (55647266133912 wei)
Claim Reward: 6 Claim(s) (USD): $0.18 ($0.17907571260586855)

Next Claim Reward: 7 Claim(s) (WEI): 0.000064921810489564 WETH (64921810489564 wei)
Next Claim Reward: 7 Claim(s) (USD): $0.21 ($0.20892166470684664)

Net profit = (Gross Profit - Gas Cost [Avg])
$0.1 = ($0.21 - $0.11) $0.10053229448167665 = ($0.20892166470684664 - $0.10838937022516999)


5b. 8 Claim(s):

Total gas cost: 8 Claim(s) (USD): $0.12 ($0.12424358975585319)

Claim Reward: 7 Claim(s) (WEI): 0.000064921810489564 WETH (64921810489564 wei)
Claim Reward: 7 Claim(s) (USD): $0.21 ($0.20892166470684664)

Next Claim Reward: 8 Claim(s) (WEI): 0.000074196354845216 WETH (74196354845216 wei)
Next Claim Reward: 8 Claim(s) (USD): $0.24 ($0.23876761680782477)

Net profit = (Gross Profit - Gas Cost [Avg])
$0.11 = ($0.24 - $0.12) $0.11452402705197158 = ($0.23876761680782477 - $0.12424358975585319)


5b. 9 Claim(s):

Total gas cost: 9 Claim(s) (USD): $0.14 ($0.14009780928653637)

Claim Reward: 8 Claim(s) (WEI): 0.000074196354845216 WETH (74196354845216 wei)
Claim Reward: 8 Claim(s) (USD): $0.24 ($0.23876761680782477)

Next Claim Reward: 9 Claim(s) (WEI): 0.000083470899200868 WETH (83470899200868 wei)
Next Claim Reward: 9 Claim(s) (USD): $0.27 ($0.2686135689088029)

Net profit = (Gross Profit - Gas Cost [Avg])
$0.13 = ($0.27 - $0.14) $0.12851575962226652 = ($0.2686135689088029 - $0.14009780928653637)


5b. 10 Claim(s):

Total gas cost: 10 Claim(s) (USD): $0.16 ($0.15595202881721956)

Claim Reward: 9 Claim(s) (WEI): 0.000083470899200868 WETH (83470899200868 wei)
Claim Reward: 9 Claim(s) (USD): $0.27 ($0.2686135689088029)

Next Claim Reward: 10 Claim(s) (WEI): 0.00009274544355652 WETH (92745443556520 wei)
Next Claim Reward: 10 Claim(s) (USD): $0.3 ($0.29845952100978096)

Net profit = (Gross Profit - Gas Cost [Avg])
$0.14 = ($0.3 - $0.16) $0.1425074921925614 = ($0.29845952100978096 - $0.15595202881721956)


5b. 11 Claim(s):

Total gas cost: 11 Claim(s) (USD): $0.17 ($0.17180624834790276)

Claim Reward: 10 Claim(s) (WEI): 0.00009274544355652 WETH (92745443556520 wei)
Claim Reward: 10 Claim(s) (USD): $0.3 ($0.29845952100978096)

Next Claim Reward: 11 Claim(s) (WEI): 0.000102019987912172 WETH (102019987912172 wei)
Next Claim Reward: 11 Claim(s) (USD): $0.33 ($0.328305473110759)

Net profit = (Gross Profit - Gas Cost [Avg])
$0.16 = ($0.33 - $0.17) $0.15649922476285627 = ($0.328305473110759 - $0.17180624834790276)


5b. 12 Claim(s):

Total gas cost: 12 Claim(s) (USD): $0.19 ($0.18766046787858595)

Claim Reward: 11 Claim(s) (WEI): 0.000102019987912172 WETH (102019987912172 wei)
Claim Reward: 11 Claim(s) (USD): $0.33 ($0.328305473110759)

Next Claim Reward: 12 Claim(s) (WEI): 0.000111294532267824 WETH (111294532267824 wei)
Next Claim Reward: 12 Claim(s) (USD): $0.36 ($0.3581514252117371)

Net profit = (Gross Profit - Gas Cost [Avg])
$0.17 = ($0.36 - $0.19) $0.17049095733315114 = ($0.3581514252117371 - $0.18766046787858595)


5b. 13 Claim(s):

Total gas cost: 13 Claim(s) (USD): $0.2 ($0.20351468740926917)

Claim Reward: 12 Claim(s) (WEI): 0.000111294532267824 WETH (111294532267824 wei)
Claim Reward: 12 Claim(s) (USD): $0.36 ($0.3581514252117371)

Next Claim Reward: 13 Claim(s) (WEI): 0.000120569076623476 WETH (120569076623476 wei)
Next Claim Reward: 13 Claim(s) (USD): $0.39 ($0.3879973773127152)

Net profit = (Gross Profit - Gas Cost [Avg])
$0.18 = ($0.39 - $0.2) $0.18448268990344605 = ($0.3879973773127152 - $0.20351468740926917)


5b. 14 Claim(s):

Total gas cost: 14 Claim(s) (USD): $0.22 ($0.21936890693995237)

Claim Reward: 13 Claim(s) (WEI): 0.000120569076623476 WETH (120569076623476 wei)
Claim Reward: 13 Claim(s) (USD): $0.39 ($0.3879973773127152)

Next Claim Reward: 14 Claim(s) (WEI): 0.000129843620979128 WETH (129843620979128 wei)
Next Claim Reward: 14 Claim(s) (USD): $0.42 ($0.4178433294136933)

Net profit = (Gross Profit - Gas Cost [Avg])
$0.2 = ($0.42 - $0.22) $0.19847442247374092 = ($0.4178433294136933 - $0.21936890693995237)


5b. 15 Claim(s):

Total gas cost: 15 Claim(s) (USD): $0.24 ($0.23522312647063556)

Claim Reward: 14 Claim(s) (WEI): 0.000129843620979128 WETH (129843620979128 wei)
Claim Reward: 14 Claim(s) (USD): $0.42 ($0.4178433294136933)

Next Claim Reward: 15 Claim(s) (WEI): 0.00013911816533478 WETH (139118165334780 wei)
Next Claim Reward: 15 Claim(s) (USD): $0.45 ($0.4476892815146714)

Net profit = (Gross Profit - Gas Cost [Avg])
$0.21 = ($0.45 - $0.24) $0.21246615504403585 = ($0.4476892815146714 - $0.23522312647063556)


5b. 16 Claim(s):

Total gas cost: 16 Claim(s) (USD): $0.25 ($0.25107734600131876)

Claim Reward: 15 Claim(s) (WEI): 0.00013911816533478 WETH (139118165334780 wei)
Claim Reward: 15 Claim(s) (USD): $0.45 ($0.4476892815146714)

Next Claim Reward: 16 Claim(s) (WEI): 0.000148392709690432 WETH (148392709690432 wei)
Next Claim Reward: 16 Claim(s) (USD): $0.48 ($0.47753523361564953)

Net profit = (Gross Profit - Gas Cost [Avg])
$0.23 = ($0.48 - $0.25) $0.22645788761433078 = ($0.47753523361564953 - $0.25107734600131876)


5b. 17 Claim(s):

Total gas cost: 17 Claim(s) (USD): $0.27 ($0.266931565532002)

Claim Reward: 16 Claim(s) (WEI): 0.000148392709690432 WETH (148392709690432 wei)
Claim Reward: 16 Claim(s) (USD): $0.48 ($0.47753523361564953)

Next Claim Reward: 17 Claim(s) (WEI): 0.000157667254046084 WETH (157667254046084 wei)
Next Claim Reward: 17 Claim(s) (USD): $0.51 ($0.5073811857166276)

Net profit = (Gross Profit - Gas Cost [Avg])
$0.24 = ($0.51 - $0.27) $0.24044962018462562 = ($0.5073811857166276 - $0.266931565532002)


5b. 18 Claim(s):

Total gas cost: 18 Claim(s) (USD): $0.28 ($0.2827857850626852)

Claim Reward: 17 Claim(s) (WEI): 0.000157667254046084 WETH (157667254046084 wei)
Claim Reward: 17 Claim(s) (USD): $0.51 ($0.5073811857166276)

Next Claim Reward: 18 Claim(s) (WEI): 0.000166941798401736 WETH (166941798401736 wei)
Next Claim Reward: 18 Claim(s) (USD): $0.54 ($0.5372271378176058)

Net profit = (Gross Profit - Gas Cost [Avg])
$0.25 = ($0.54 - $0.28) $0.2544413527549206 = ($0.5372271378176058 - $0.2827857850626852)


5b. 19 Claim(s):

Total gas cost: 19 Claim(s) (USD): $0.3 ($0.29864000459336837)

Claim Reward: 18 Claim(s) (WEI): 0.000166941798401736 WETH (166941798401736 wei)
Claim Reward: 18 Claim(s) (USD): $0.54 ($0.5372271378176058)

Next Claim Reward: 19 Claim(s) (WEI): 0.000176216342757388 WETH (176216342757388 wei)
Next Claim Reward: 19 Claim(s) (USD): $0.57 ($0.5670730899185837)

Net profit = (Gross Profit - Gas Cost [Avg])
$0.27 = ($0.57 - $0.3) $0.26843308532521537 = ($0.5670730899185837 - $0.29864000459336837)


5b. 20 Claim(s):

Total gas cost: 20 Claim(s) (USD): $0.31 ($0.3144942241240516)

Claim Reward: 19 Claim(s) (WEI): 0.000176216342757388 WETH (176216342757388 wei)
Claim Reward: 19 Claim(s) (USD): $0.57 ($0.5670730899185837)

Next Claim Reward: 20 Claim(s) (WEI): 0.00018549088711304 WETH (185490887113040 wei)
Next Claim Reward: 20 Claim(s) (USD): $0.6 ($0.5969190420195619)

Net profit = (Gross Profit - Gas Cost [Avg])
$0.28 = ($0.6 - $0.31) $0.2824248178955103 = ($0.5969190420195619 - $0.3144942241240516)


5b. 21 Claim(s):

Total gas cost: 21 Claim(s) (USD): $0.33 ($0.33034844365473476)

Claim Reward: 20 Claim(s) (WEI): 0.00018549088711304 WETH (185490887113040 wei)
Claim Reward: 20 Claim(s) (USD): $0.6 ($0.5969190420195619)

Next Claim Reward: 21 Claim(s) (WEI): 0.000194765431468692 WETH (194765431468692 wei)
Next Claim Reward: 21 Claim(s) (USD): $0.63 ($0.62676499412054)

Net profit = (Gross Profit - Gas Cost [Avg])
$0.3 = ($0.63 - $0.33) $0.29641655046580523 = ($0.62676499412054 - $0.33034844365473476)


5b. 22 Claim(s):

Total gas cost: 22 Claim(s) (USD): $0.35 ($0.346202663185418)

Claim Reward: 21 Claim(s) (WEI): 0.000194765431468692 WETH (194765431468692 wei)
Claim Reward: 21 Claim(s) (USD): $0.63 ($0.62676499412054)

Next Claim Reward: 22 Claim(s) (WEI): 0.000204039975824344 WETH (204039975824344 wei)
Next Claim Reward: 22 Claim(s) (USD): $0.66 ($0.656610946221518)

Net profit = (Gross Profit - Gas Cost [Avg])
$0.31 = ($0.66 - $0.35) $0.3104082830361001 = ($0.656610946221518 - $0.346202663185418)


5b. 23 Claim(s):

Total gas cost: 23 Claim(s) (USD): $0.36 ($0.36205688271610115)

Claim Reward: 22 Claim(s) (WEI): 0.000204039975824344 WETH (204039975824344 wei)
Claim Reward: 22 Claim(s) (USD): $0.66 ($0.656610946221518)

Next Claim Reward: 23 Claim(s) (WEI): 0.000213314520179996 WETH (213314520179996 wei)
Next Claim Reward: 23 Claim(s) (USD): $0.69 ($0.6864568983224962)

Net profit = (Gross Profit - Gas Cost [Avg])
$0.32 = ($0.69 - $0.36) $0.3244000156063951 = ($0.6864568983224962 - $0.36205688271610115)


5b. 24 Claim(s):

Total gas cost: 24 Claim(s) (USD): $0.38 ($0.37791110224678437)

Claim Reward: 23 Claim(s) (WEI): 0.000213314520179996 WETH (213314520179996 wei)
Claim Reward: 23 Claim(s) (USD): $0.69 ($0.6864568983224962)

Next Claim Reward: 24 Claim(s) (WEI): 0.000222589064535648 WETH (222589064535648 wei)
Next Claim Reward: 24 Claim(s) (USD): $0.72 ($0.7163028504234742)

Net profit = (Gross Profit - Gas Cost [Avg])
$0.34 = ($0.72 - $0.38) $0.3383917481766898 = ($0.7163028504234742 - $0.37791110224678437)


5b. 25 Claim(s):

Total gas cost: 25 Claim(s) (USD): $0.39 ($0.3937653217774676)

Claim Reward: 24 Claim(s) (WEI): 0.000222589064535648 WETH (222589064535648 wei)
Claim Reward: 24 Claim(s) (USD): $0.72 ($0.7163028504234742)

Next Claim Reward: 25 Claim(s) (WEI): 0.0002318636088913 WETH (231863608891300 wei)
Next Claim Reward: 25 Claim(s) (USD): $0.75 ($0.7461488025244524)

Net profit = (Gross Profit - Gas Cost [Avg])
$0.35 = ($0.75 - $0.39) $0.3523834807469848 = ($0.7461488025244524 - $0.3937653217774676)


5b. 26 Claim(s):

Total gas cost: 26 Claim(s) (USD): $0.41 ($0.40961954130815076)

Claim Reward: 25 Claim(s) (WEI): 0.0002318636088913 WETH (231863608891300 wei)
Claim Reward: 25 Claim(s) (USD): $0.75 ($0.7461488025244524)

Next Claim Reward: 26 Claim(s) (WEI): 0.000241138153246952 WETH (241138153246952 wei)
Next Claim Reward: 26 Claim(s) (USD): $0.78 ($0.7759947546254304)

Net profit = (Gross Profit - Gas Cost [Avg])
$0.37 = ($0.78 - $0.41) $0.3663752133172797 = ($0.7759947546254304 - $0.40961954130815076)


5b. 27 Claim(s):

Total gas cost: 27 Claim(s) (USD): $0.43 ($0.425473760838834)

Claim Reward: 26 Claim(s) (WEI): 0.000241138153246952 WETH (241138153246952 wei)
Claim Reward: 26 Claim(s) (USD): $0.78 ($0.7759947546254304)

Next Claim Reward: 27 Claim(s) (WEI): 0.000250412697602604 WETH (250412697602604 wei)
Next Claim Reward: 27 Claim(s) (USD): $0.81 ($0.8058407067264085)

Net profit = (Gross Profit - Gas Cost [Avg])
$0.38 = ($0.81 - $0.43) $0.3803669458875745 = ($0.8058407067264085 - $0.425473760838834)


5b. 28 Claim(s):

Total gas cost: 28 Claim(s) (USD): $0.44 ($0.44132798036951715)

Claim Reward: 27 Claim(s) (WEI): 0.000250412697602604 WETH (250412697602604 wei)
Claim Reward: 27 Claim(s) (USD): $0.81 ($0.8058407067264085)

Next Claim Reward: 28 Claim(s) (WEI): 0.000259687241958256 WETH (259687241958256 wei)
Next Claim Reward: 28 Claim(s) (USD): $0.84 ($0.8356866588273866)

Net profit = (Gross Profit - Gas Cost [Avg])
$0.39 = ($0.84 - $0.44) $0.3943586784578694 = ($0.8356866588273866 - $0.44132798036951715)


5b. 29 Claim(s):

Total gas cost: 29 Claim(s) (USD): $0.46 ($0.45718219990020037)

Claim Reward: 28 Claim(s) (WEI): 0.000259687241958256 WETH (259687241958256 wei)
Claim Reward: 28 Claim(s) (USD): $0.84 ($0.8356866588273866)

Next Claim Reward: 29 Claim(s) (WEI): 0.000268961786313908 WETH (268961786313908 wei)
Next Claim Reward: 29 Claim(s) (USD): $0.87 ($0.8655326109283648)

Net profit = (Gross Profit - Gas Cost [Avg])
$0.41 = ($0.87 - $0.46) $0.4083504110281644 = ($0.8655326109283648 - $0.45718219990020037)


5b. 30 Claim(s):

Total gas cost: 30 Claim(s) (USD): $0.47 ($0.47303641943088354)

Claim Reward: 29 Claim(s) (WEI): 0.000268961786313908 WETH (268961786313908 wei)
Claim Reward: 29 Claim(s) (USD): $0.87 ($0.8655326109283648)

Next Claim Reward: 30 Claim(s) (WEI): 0.00027823633066956 WETH (278236330669560 wei)
Next Claim Reward: 30 Claim(s) (USD): $0.9 ($0.8953785630293428)

Net profit = (Gross Profit - Gas Cost [Avg])
$0.42 = ($0.9 - $0.47) $0.4223421435984593 = ($0.8953785630293428 - $0.47303641943088354)

******************
5c. Profit/Loss (USD):

Net profit = (Gross Profit - Gas Cost [Max])
$0.39 = ($0.87 - $0.47) $0.3924961914974812 = ($0.8655326109283648 - $0.47303641943088354)

Submitting transaction to claim 29 prize(s):

0x33335296c9b020ca3252e4953c11decfdce816b8-0x9A1Fd16cb36EF78f2e29A0440cA728D4cbBAd489-5-410
0x33335296c9b020ca3252e4953c11decfdce816b8-0x9A1Fd16cb36EF78f2e29A0440cA728D4cbBAd489-5-815
0x33335296c9b020ca3252e4953c11decfdce816b8-0x2173C9288b9bd047421c65eedF5E79116CBebdA0-5-917
0x33335296c9b020ca3252e4953c11decfdce816b8-0x4e6a6101725A2dF3B0005B33620e67C1CED14A47-5-196
0x33335296c9b020ca3252e4953c11decfdce816b8-0x0eE747B134Ed3231A0Eb3d3E1075FbD28A07499b-5-9
0x33335296c9b020ca3252e4953c11decfdce816b8-0xc6F19Ee79Fcd4761af77F6a4a57410279e0A7921-5-439
0x33335296c9b020ca3252e4953c11decfdce816b8-0xAaf7C83c559505567Ac053C7553F05702D17855E-5-137
0x33335296c9b020ca3252e4953c11decfdce816b8-0xf9AdF00f0e82C238e8a01AC62B0e2eeC0eCCad99-5-187
0x33335296c9b020ca3252e4953c11decfdce816b8-0x201d2F65afC7c7aef33FBF2d06Eb3f25f94dFeDd-5-588
0x33335296c9b020ca3252e4953c11decfdce816b8-0xc3e543e6288814562869EA1BEC7443F1a1424281-5-146
0x33335296c9b020ca3252e4953c11decfdce816b8-0x33C5B1170df0D409496885067B0701E69C524d54-5-599
0x33335296c9b020ca3252e4953c11decfdce816b8-0x66560D4E348504D505Ca5E274435d43c9Acc1eb5-5-898
0x33335296c9b020ca3252e4953c11decfdce816b8-0xb4E6A3dBA88BB2Be47C9947B92c7Dc1a7e4b2e6E-5-483
0x33335296c9b020ca3252e4953c11decfdce816b8-0x8CB4016D92D9aC381643e7D3857c9da886499673-5-707
0x33335296c9b020ca3252e4953c11decfdce816b8-0x3742E35CdDD58fDDc0ccE6d096902cEb1BA785E2-5-107
0x33335296c9b020ca3252e4953c11decfdce816b8-0x4992bedd8BEef8e9a6Ec1EC7e2848E528ECDec02-5-157
0x33335296c9b020ca3252e4953c11decfdce816b8-0x68a21647DBdB3f5fEc6bEBfC12c43B53f0d29D74-5-368
0x33335296c9b020ca3252e4953c11decfdce816b8-0xf159845Af0fD08DA7D22aD7Cde9FB040f4aD4043-5-665
0x33335296c9b020ca3252e4953c11decfdce816b8-0x709dF0810054f5F4ce1377c74989d15a3256F248-5-162
0x33335296c9b020ca3252e4953c11decfdce816b8-0x29db18393F03480aCF5A6E0298DD199576eA33aE-5-386
0x33335296c9b020ca3252e4953c11decfdce816b8-0x3f34Db306ABcB72092218484b849a7FF657abB6e-5-396
0x33335296c9b020ca3252e4953c11decfdce816b8-0x1B6CBcD7c445cACb9892399A916bc992281Ff929-5-289
0x33335296c9b020ca3252e4953c11decfdce816b8-0x1B6CBcD7c445cACb9892399A916bc992281Ff929-5-455
0x33335296c9b020ca3252e4953c11decfdce816b8-0xb4F9E716D3866a2366cc31EA5367409D03B603AE-5-129
0x33335296c9b020ca3252e4953c11decfdce816b8-0x78A9941dE16cba53cF5E59F864b8DB025C3e337e-5-739
0x33335296c9b020ca3252e4953c11decfdce816b8-0x3B895B08fc9DcD5875Ba91553355c59DF2507506-5-404
0x33335296c9b020ca3252e4953c11decfdce816b8-0xfF1BD7Df7D3118bf3450aCc481727cDF5C86C506-5-506
0x33335296c9b020ca3252e4953c11decfdce816b8-0xFfFf7897d64d4435ccD85a04Ce57f16D4E3a76DA-5-522
0x33335296c9b020ca3252e4953c11decfdce816b8-0xFfFf7897d64d4435ccD85a04Ce57f16D4E3a76DA-5-937



Execute Claim Transaction for Tier #5 (Canary tier)



Transaction sent! ✔
Transaction hash: 0x17533dfda0e6f9de73c4c091be6da0b8a938c3f2ec4aacdf3dfdfe3025bb3f8d
Waiting on transaction to be confirmed ...
Tx confirmed !




******************
Processing:
Vault:     0x7fad91a4a29109303188d8758f1a9d60ce988349
Tier:      #5 (Canary tier)
# prizes:  252

5a. Calculating # of profitable claims ...

Native (Gas) Token ETH Market Rate (USD): $3232.84

Estimated gas limit (wei) (1 prize claim): 0.00000000000018363 ETH (183630 wei)
Estimated gas limit (wei) (2 prize claims): 0.000000000000269416 ETH (269416 wei)

Gas Cost: First Claim (wei): 0.00000000000018363 ETH (183630 wei)
Gas Cost: Each Following Claim (wei): 0.000000000000085786 ETH (85786 wei)

Gas Cost: First Claim (USD): $0.01 $0.013220771171587008
Gas Cost: Each Following Claim (USD): $0.02 $0.015787248505395573

5b. 1 Claim(s):

Total gas cost: 1 Claim(s) (USD): $0.01 ($0.013220771171587008)

Next Claim Reward: 1 Claim(s) (WEI): 0.000009274544355652 WETH (9274544355652 wei)
Next Claim Reward: 1 Claim(s) (USD): $0.03 ($0.029845952100978096)

Net profit = (Gross Profit - Gas Cost [Avg])
$0.02 = ($0.03 - $0.01) $0.016625180929391088 = ($0.029845952100978096 - $0.013220771171587008)


5b. 2 Claim(s):

Total gas cost: 2 Claim(s) (USD): $0.03 ($0.02900801967698258)

Claim Reward: 1 Claim(s) (WEI): 0.000009274544355652 WETH (9274544355652 wei)
Claim Reward: 1 Claim(s) (USD): $0.03 ($0.029845952100978096)

Next Claim Reward: 2 Claim(s) (WEI): 0.000018549088711304 WETH (18549088711304 wei)
Next Claim Reward: 2 Claim(s) (USD): $0.06 ($0.05969190420195619)

Net profit = (Gross Profit - Gas Cost [Avg])
$0.03 = ($0.06 - $0.03) $0.03068388452497361 = ($0.05969190420195619 - $0.02900801967698258)


5b. 3 Claim(s):

Total gas cost: 3 Claim(s) (USD): $0.04 ($0.04479526818237815)

Claim Reward: 2 Claim(s) (WEI): 0.000018549088711304 WETH (18549088711304 wei)
Claim Reward: 2 Claim(s) (USD): $0.06 ($0.05969190420195619)

Next Claim Reward: 3 Claim(s) (WEI): 0.000027823633066956 WETH (27823633066956 wei)
Next Claim Reward: 3 Claim(s) (USD): $0.09 ($0.08953785630293427)

Net profit = (Gross Profit - Gas Cost [Avg])
$0.04 = ($0.09 - $0.04) $0.04474258812055612 = ($0.08953785630293427 - $0.04479526818237815)


5b. 4 Claim(s):

Total gas cost: 4 Claim(s) (USD): $0.06 ($0.06058251668777372)

Claim Reward: 3 Claim(s) (WEI): 0.000027823633066956 WETH (27823633066956 wei)
Claim Reward: 3 Claim(s) (USD): $0.09 ($0.08953785630293427)

Next Claim Reward: 4 Claim(s) (WEI): 0.000037098177422608 WETH (37098177422608 wei)
Next Claim Reward: 4 Claim(s) (USD): $0.12 ($0.11938380840391238)

Net profit = (Gross Profit - Gas Cost [Avg])
$0.06 = ($0.12 - $0.06) $0.05880129171613866 = ($0.11938380840391238 - $0.06058251668777372)


5b. 5 Claim(s):

Total gas cost: 5 Claim(s) (USD): $0.08 ($0.07636976519316929)

Claim Reward: 4 Claim(s) (WEI): 0.000037098177422608 WETH (37098177422608 wei)
Claim Reward: 4 Claim(s) (USD): $0.12 ($0.11938380840391238)

Next Claim Reward: 5 Claim(s) (WEI): 0.00004637272177826 WETH (46372721778260 wei)
Next Claim Reward: 5 Claim(s) (USD): $0.15 ($0.14922976050489048)

Net profit = (Gross Profit - Gas Cost [Avg])
$0.07 = ($0.15 - $0.08) $0.07285999531172119 = ($0.14922976050489048 - $0.07636976519316929)


5b. 6 Claim(s):

Total gas cost: 6 Claim(s) (USD): $0.09 ($0.09215701369856488)

Claim Reward: 5 Claim(s) (WEI): 0.00004637272177826 WETH (46372721778260 wei)
Claim Reward: 5 Claim(s) (USD): $0.15 ($0.14922976050489048)

Next Claim Reward: 6 Claim(s) (WEI): 0.000055647266133912 WETH (55647266133912 wei)
Next Claim Reward: 6 Claim(s) (USD): $0.18 ($0.17907571260586855)

Net profit = (Gross Profit - Gas Cost [Avg])
$0.09 = ($0.18 - $0.09) $0.08691869890730367 = ($0.17907571260586855 - $0.09215701369856488)


5b. 7 Claim(s):

Total gas cost: 7 Claim(s) (USD): $0.11 ($0.10794426220396044)

Claim Reward: 6 Claim(s) (WEI): 0.000055647266133912 WETH (55647266133912 wei)
Claim Reward: 6 Claim(s) (USD): $0.18 ($0.17907571260586855)

Next Claim Reward: 7 Claim(s) (WEI): 0.000064921810489564 WETH (64921810489564 wei)
Next Claim Reward: 7 Claim(s) (USD): $0.21 ($0.20892166470684664)

Net profit = (Gross Profit - Gas Cost [Avg])
$0.1 = ($0.21 - $0.11) $0.1009774025028862 = ($0.20892166470684664 - $0.10794426220396044)


5b. 8 Claim(s):

Total gas cost: 8 Claim(s) (USD): $0.12 ($0.12373151070935601)

Claim Reward: 7 Claim(s) (WEI): 0.000064921810489564 WETH (64921810489564 wei)
Claim Reward: 7 Claim(s) (USD): $0.21 ($0.20892166470684664)

Next Claim Reward: 8 Claim(s) (WEI): 0.000074196354845216 WETH (74196354845216 wei)
Next Claim Reward: 8 Claim(s) (USD): $0.24 ($0.23876761680782477)

Net profit = (Gross Profit - Gas Cost [Avg])
$0.12 = ($0.24 - $0.12) $0.11503610609846876 = ($0.23876761680782477 - $0.12373151070935601)


5b. 9 Claim(s):

Total gas cost: 9 Claim(s) (USD): $0.14 ($0.1395187592147516)

Claim Reward: 8 Claim(s) (WEI): 0.000074196354845216 WETH (74196354845216 wei)
Claim Reward: 8 Claim(s) (USD): $0.24 ($0.23876761680782477)

Next Claim Reward: 9 Claim(s) (WEI): 0.000083470899200868 WETH (83470899200868 wei)
Next Claim Reward: 9 Claim(s) (USD): $0.27 ($0.2686135689088029)

Net profit = (Gross Profit - Gas Cost [Avg])
$0.13 = ($0.27 - $0.14) $0.1290948096940513 = ($0.2686135689088029 - $0.1395187592147516)


5b. 10 Claim(s):

Total gas cost: 10 Claim(s) (USD): $0.16 ($0.15530600772014716)

Claim Reward: 9 Claim(s) (WEI): 0.000083470899200868 WETH (83470899200868 wei)
Claim Reward: 9 Claim(s) (USD): $0.27 ($0.2686135689088029)

Next Claim Reward: 10 Claim(s) (WEI): 0.00009274544355652 WETH (92745443556520 wei)
Next Claim Reward: 10 Claim(s) (USD): $0.3 ($0.29845952100978096)

Net profit = (Gross Profit - Gas Cost [Avg])
$0.14 = ($0.3 - $0.16) $0.1431535132896338 = ($0.29845952100978096 - $0.15530600772014716)


5b. 11 Claim(s):

Total gas cost: 11 Claim(s) (USD): $0.17 ($0.17109325622554275)

Claim Reward: 10 Claim(s) (WEI): 0.00009274544355652 WETH (92745443556520 wei)
Claim Reward: 10 Claim(s) (USD): $0.3 ($0.29845952100978096)

Next Claim Reward: 11 Claim(s) (WEI): 0.000102019987912172 WETH (102019987912172 wei)
Next Claim Reward: 11 Claim(s) (USD): $0.33 ($0.328305473110759)

Net profit = (Gross Profit - Gas Cost [Avg])
$0.16 = ($0.33 - $0.17) $0.15721221688521628 = ($0.328305473110759 - $0.17109325622554275)


5b. 12 Claim(s):

Total gas cost: 12 Claim(s) (USD): $0.19 ($0.1868805047309383)

Claim Reward: 11 Claim(s) (WEI): 0.000102019987912172 WETH (102019987912172 wei)
Claim Reward: 11 Claim(s) (USD): $0.33 ($0.328305473110759)

Next Claim Reward: 12 Claim(s) (WEI): 0.000111294532267824 WETH (111294532267824 wei)
Next Claim Reward: 12 Claim(s) (USD): $0.36 ($0.3581514252117371)

Net profit = (Gross Profit - Gas Cost [Avg])
$0.17 = ($0.36 - $0.19) $0.17127092048079878 = ($0.3581514252117371 - $0.1868805047309383)


5b. 13 Claim(s):

Total gas cost: 13 Claim(s) (USD): $0.2 ($0.20266775323633388)

Claim Reward: 12 Claim(s) (WEI): 0.000111294532267824 WETH (111294532267824 wei)
Claim Reward: 12 Claim(s) (USD): $0.36 ($0.3581514252117371)

Next Claim Reward: 13 Claim(s) (WEI): 0.000120569076623476 WETH (120569076623476 wei)
Next Claim Reward: 13 Claim(s) (USD): $0.39 ($0.3879973773127152)

Net profit = (Gross Profit - Gas Cost [Avg])
$0.19 = ($0.39 - $0.2) $0.18532962407638134 = ($0.3879973773127152 - $0.20266775323633388)


5b. 14 Claim(s):

Total gas cost: 14 Claim(s) (USD): $0.22 ($0.21845500174172947)

Claim Reward: 13 Claim(s) (WEI): 0.000120569076623476 WETH (120569076623476 wei)
Claim Reward: 13 Claim(s) (USD): $0.39 ($0.3879973773127152)

Next Claim Reward: 14 Claim(s) (WEI): 0.000129843620979128 WETH (129843620979128 wei)
Next Claim Reward: 14 Claim(s) (USD): $0.42 ($0.4178433294136933)

Net profit = (Gross Profit - Gas Cost [Avg])
$0.2 = ($0.42 - $0.22) $0.19938832767196382 = ($0.4178433294136933 - $0.21845500174172947)


5b. 15 Claim(s):

Total gas cost: 15 Claim(s) (USD): $0.23 ($0.23424225024712503)

Claim Reward: 14 Claim(s) (WEI): 0.000129843620979128 WETH (129843620979128 wei)
Claim Reward: 14 Claim(s) (USD): $0.42 ($0.4178433294136933)

Next Claim Reward: 15 Claim(s) (WEI): 0.00013911816533478 WETH (139118165334780 wei)
Next Claim Reward: 15 Claim(s) (USD): $0.45 ($0.4476892815146714)

Net profit = (Gross Profit - Gas Cost [Avg])
$0.21 = ($0.45 - $0.23) $0.21344703126754638 = ($0.4476892815146714 - $0.23424225024712503)


5b. 16 Claim(s):

Total gas cost: 16 Claim(s) (USD): $0.25 ($0.2500294987525206)

Claim Reward: 15 Claim(s) (WEI): 0.00013911816533478 WETH (139118165334780 wei)
Claim Reward: 15 Claim(s) (USD): $0.45 ($0.4476892815146714)

Next Claim Reward: 16 Claim(s) (WEI): 0.000148392709690432 WETH (148392709690432 wei)
Next Claim Reward: 16 Claim(s) (USD): $0.48 ($0.47753523361564953)

Net profit = (Gross Profit - Gas Cost [Avg])
$0.23 = ($0.48 - $0.25) $0.22750573486312892 = ($0.47753523361564953 - $0.2500294987525206)


5b. 17 Claim(s):

Total gas cost: 17 Claim(s) (USD): $0.27 ($0.26581674725791615)

Claim Reward: 16 Claim(s) (WEI): 0.000148392709690432 WETH (148392709690432 wei)
Claim Reward: 16 Claim(s) (USD): $0.48 ($0.47753523361564953)

Next Claim Reward: 17 Claim(s) (WEI): 0.000157667254046084 WETH (157667254046084 wei)
Next Claim Reward: 17 Claim(s) (USD): $0.51 ($0.5073811857166276)

Net profit = (Gross Profit - Gas Cost [Avg])
$0.24 = ($0.51 - $0.27) $0.24156443845871145 = ($0.5073811857166276 - $0.26581674725791615)


5b. 18 Claim(s):

Total gas cost: 18 Claim(s) (USD): $0.28 ($0.28160399576331174)

Claim Reward: 17 Claim(s) (WEI): 0.000157667254046084 WETH (157667254046084 wei)
Claim Reward: 17 Claim(s) (USD): $0.51 ($0.5073811857166276)

Next Claim Reward: 18 Claim(s) (WEI): 0.000166941798401736 WETH (166941798401736 wei)
Next Claim Reward: 18 Claim(s) (USD): $0.54 ($0.5372271378176058)

Net profit = (Gross Profit - Gas Cost [Avg])
$0.26 = ($0.54 - $0.28) $0.25562314205429404 = ($0.5372271378176058 - $0.28160399576331174)


5b. 19 Claim(s):

Total gas cost: 19 Claim(s) (USD): $0.3 ($0.2973912442687073)

Claim Reward: 18 Claim(s) (WEI): 0.000166941798401736 WETH (166941798401736 wei)
Claim Reward: 18 Claim(s) (USD): $0.54 ($0.5372271378176058)

Next Claim Reward: 19 Claim(s) (WEI): 0.000176216342757388 WETH (176216342757388 wei)
Next Claim Reward: 19 Claim(s) (USD): $0.57 ($0.5670730899185837)

Net profit = (Gross Profit - Gas Cost [Avg])
$0.27 = ($0.57 - $0.3) $0.26968184564987646 = ($0.5670730899185837 - $0.2973912442687073)


5b. 20 Claim(s):

Total gas cost: 20 Claim(s) (USD): $0.31 ($0.31317849277410287)

Claim Reward: 19 Claim(s) (WEI): 0.000176216342757388 WETH (176216342757388 wei)
Claim Reward: 19 Claim(s) (USD): $0.57 ($0.5670730899185837)

Next Claim Reward: 20 Claim(s) (WEI): 0.00018549088711304 WETH (185490887113040 wei)
Next Claim Reward: 20 Claim(s) (USD): $0.6 ($0.5969190420195619)

Net profit = (Gross Profit - Gas Cost [Avg])
$0.28 = ($0.6 - $0.31) $0.28374054924545905 = ($0.5969190420195619 - $0.31317849277410287)


5b. 21 Claim(s):

Total gas cost: 21 Claim(s) (USD): $0.33 ($0.32896574127949846)

Claim Reward: 20 Claim(s) (WEI): 0.00018549088711304 WETH (185490887113040 wei)
Claim Reward: 20 Claim(s) (USD): $0.6 ($0.5969190420195619)

Next Claim Reward: 21 Claim(s) (WEI): 0.000194765431468692 WETH (194765431468692 wei)
Next Claim Reward: 21 Claim(s) (USD): $0.63 ($0.62676499412054)

Net profit = (Gross Profit - Gas Cost [Avg])
$0.3 = ($0.63 - $0.33) $0.29779925284104153 = ($0.62676499412054 - $0.32896574127949846)


5b. 22 Claim(s):

Total gas cost: 22 Claim(s) (USD): $0.34 ($0.344752989784894)

Claim Reward: 21 Claim(s) (WEI): 0.000194765431468692 WETH (194765431468692 wei)
Claim Reward: 21 Claim(s) (USD): $0.63 ($0.62676499412054)

Next Claim Reward: 22 Claim(s) (WEI): 0.000204039975824344 WETH (204039975824344 wei)
Next Claim Reward: 22 Claim(s) (USD): $0.66 ($0.656610946221518)

Net profit = (Gross Profit - Gas Cost [Avg])
$0.31 = ($0.66 - $0.34) $0.31185795643662406 = ($0.656610946221518 - $0.344752989784894)


5b. 23 Claim(s):

Total gas cost: 23 Claim(s) (USD): $0.36 ($0.3605402382902896)

Claim Reward: 22 Claim(s) (WEI): 0.000204039975824344 WETH (204039975824344 wei)
Claim Reward: 22 Claim(s) (USD): $0.66 ($0.656610946221518)

Next Claim Reward: 23 Claim(s) (WEI): 0.000213314520179996 WETH (213314520179996 wei)
Next Claim Reward: 23 Claim(s) (USD): $0.69 ($0.6864568983224962)

Net profit = (Gross Profit - Gas Cost [Avg])
$0.33 = ($0.69 - $0.36) $0.32591666003220665 = ($0.6864568983224962 - $0.3605402382902896)


5b. 24 Claim(s):

Total gas cost: 24 Claim(s) (USD): $0.38 ($0.3763274867956852)

Claim Reward: 23 Claim(s) (WEI): 0.000213314520179996 WETH (213314520179996 wei)
Claim Reward: 23 Claim(s) (USD): $0.69 ($0.6864568983224962)

Next Claim Reward: 24 Claim(s) (WEI): 0.000222589064535648 WETH (222589064535648 wei)
Next Claim Reward: 24 Claim(s) (USD): $0.72 ($0.7163028504234742)

Net profit = (Gross Profit - Gas Cost [Avg])
$0.34 = ($0.72 - $0.38) $0.339975363627789 = ($0.7163028504234742 - $0.3763274867956852)


5b. 25 Claim(s):

Total gas cost: 25 Claim(s) (USD): $0.39 ($0.3921147353010807)

Claim Reward: 24 Claim(s) (WEI): 0.000222589064535648 WETH (222589064535648 wei)
Claim Reward: 24 Claim(s) (USD): $0.72 ($0.7163028504234742)

Next Claim Reward: 25 Claim(s) (WEI): 0.0002318636088913 WETH (231863608891300 wei)
Next Claim Reward: 25 Claim(s) (USD): $0.75 ($0.7461488025244524)

Net profit = (Gross Profit - Gas Cost [Avg])
$0.35 = ($0.75 - $0.39) $0.35403406722337166 = ($0.7461488025244524 - $0.3921147353010807)


5b. 26 Claim(s):

Total gas cost: 26 Claim(s) (USD): $0.41 ($0.4079019838064763)

Claim Reward: 25 Claim(s) (WEI): 0.0002318636088913 WETH (231863608891300 wei)
Claim Reward: 25 Claim(s) (USD): $0.75 ($0.7461488025244524)

Next Claim Reward: 26 Claim(s) (WEI): 0.000241138153246952 WETH (241138153246952 wei)
Next Claim Reward: 26 Claim(s) (USD): $0.78 ($0.7759947546254304)

Net profit = (Gross Profit - Gas Cost [Avg])
$0.37 = ($0.78 - $0.41) $0.36809277081895414 = ($0.7759947546254304 - $0.4079019838064763)


5b. 27 Claim(s):

Total gas cost: 27 Claim(s) (USD): $0.42 ($0.4236892323118719)

Claim Reward: 26 Claim(s) (WEI): 0.000241138153246952 WETH (241138153246952 wei)
Claim Reward: 26 Claim(s) (USD): $0.78 ($0.7759947546254304)

Next Claim Reward: 27 Claim(s) (WEI): 0.000250412697602604 WETH (250412697602604 wei)
Next Claim Reward: 27 Claim(s) (USD): $0.81 ($0.8058407067264085)

Net profit = (Gross Profit - Gas Cost [Avg])
$0.38 = ($0.81 - $0.42) $0.3821514744145366 = ($0.8058407067264085 - $0.4236892323118719)


5b. 28 Claim(s):

Total gas cost: 28 Claim(s) (USD): $0.44 ($0.4394764808172675)

Claim Reward: 27 Claim(s) (WEI): 0.000250412697602604 WETH (250412697602604 wei)
Claim Reward: 27 Claim(s) (USD): $0.81 ($0.8058407067264085)

Next Claim Reward: 28 Claim(s) (WEI): 0.000259687241958256 WETH (259687241958256 wei)
Next Claim Reward: 28 Claim(s) (USD): $0.84 ($0.8356866588273866)

Net profit = (Gross Profit - Gas Cost [Avg])
$0.4 = ($0.84 - $0.44) $0.3962101780101191 = ($0.8356866588273866 - $0.4394764808172675)


5b. 29 Claim(s):

Total gas cost: 29 Claim(s) (USD): $0.46 ($0.455263729322663)

Claim Reward: 28 Claim(s) (WEI): 0.000259687241958256 WETH (259687241958256 wei)
Claim Reward: 28 Claim(s) (USD): $0.84 ($0.8356866588273866)

Next Claim Reward: 29 Claim(s) (WEI): 0.000268961786313908 WETH (268961786313908 wei)
Next Claim Reward: 29 Claim(s) (USD): $0.87 ($0.8655326109283648)

Net profit = (Gross Profit - Gas Cost [Avg])
$0.41 = ($0.87 - $0.46) $0.41026888160570174 = ($0.8655326109283648 - $0.455263729322663)


5b. 30 Claim(s):

Total gas cost: 30 Claim(s) (USD): $0.47 ($0.4710509778280586)

Claim Reward: 29 Claim(s) (WEI): 0.000268961786313908 WETH (268961786313908 wei)
Claim Reward: 29 Claim(s) (USD): $0.87 ($0.8655326109283648)

Next Claim Reward: 30 Claim(s) (WEI): 0.00027823633066956 WETH (278236330669560 wei)
Next Claim Reward: 30 Claim(s) (USD): $0.9 ($0.8953785630293428)

Net profit = (Gross Profit - Gas Cost [Avg])
$0.42 = ($0.9 - $0.47) $0.4243275852012842 = ($0.8953785630293428 - $0.4710509778280586)

******************
5c. Profit/Loss (USD):

Net profit = (Gross Profit - Gas Cost [Max])
$0.39 = ($0.87 - $0.47) $0.39448163310030615 = ($0.8655326109283648 - $0.4710509778280586)

Submitting transaction to claim 29 prize(s):

0x7fad91a4a29109303188d8758f1a9d60ce988349-0xd5f9aa9BAc0DDfa4E7e7d36F17EeECB426C66F8f-5-7
0x7fad91a4a29109303188d8758f1a9d60ce988349-0x77F992a12e3e3849C165241FeC2e4C25B79F568a-5-112
0x7fad91a4a29109303188d8758f1a9d60ce988349-0x6B339A4Af1FaED707BE1c382E7a54AcB971EF1CA-5-74
0x7fad91a4a29109303188d8758f1a9d60ce988349-0xA8c6a77fc11E8FD277bc9Ef305161551665D355f-5-661
0x7fad91a4a29109303188d8758f1a9d60ce988349-0x0F052156Be8dF7BEb32185A5De60b7CFF4700Dd9-5-299
0x7fad91a4a29109303188d8758f1a9d60ce988349-0x435d2A5fea4e0dbA584886a56f3A1f08faD01231-5-312
0x7fad91a4a29109303188d8758f1a9d60ce988349-0x3501Fd59a3C00085D76142FF115f7f175dE7d4D9-5-235
0x7fad91a4a29109303188d8758f1a9d60ce988349-0x1c58b3b0123fCFE03cF33B3eD0dc1D762Ff95ae6-5-414
0x7fad91a4a29109303188d8758f1a9d60ce988349-0x1c58b3b0123fCFE03cF33B3eD0dc1D762Ff95ae6-5-954
0x7fad91a4a29109303188d8758f1a9d60ce988349-0xFC1a7872782dB25E6431bEBcD6a74E0Be9E3B423-5-278
0x7fad91a4a29109303188d8758f1a9d60ce988349-0xfAD869e678dB685AE15f18cB6dfbCAf5D48B76e6-5-80
0x7fad91a4a29109303188d8758f1a9d60ce988349-0x35e4C6f5b3b5d1c896220f7b7169A06976131d6b-5-31
0x7fad91a4a29109303188d8758f1a9d60ce988349-0x35e4C6f5b3b5d1c896220f7b7169A06976131d6b-5-667
0x7fad91a4a29109303188d8758f1a9d60ce988349-0x4096e0Ac935B512A2213c35F73D89289d1f179C6-5-422
0x7fad91a4a29109303188d8758f1a9d60ce988349-0x416Cb1a348B84aEc2B2C07348F7AD6a2a8B5f654-5-902
0x7fad91a4a29109303188d8758f1a9d60ce988349-0xB0Fea61bD96bdCa73D9C1C113B1f2fd700997721-5-777
0x7fad91a4a29109303188d8758f1a9d60ce988349-0xa8E09D63425822D5109eB47876F9386A3A0373e6-5-648
0x7fad91a4a29109303188d8758f1a9d60ce988349-0xbdf43c96fC8A43dc5a1BA8af7AF8c7250Dc92255-5-917
0x7fad91a4a29109303188d8758f1a9d60ce988349-0x89425f2EC21efEa89Aa002b3CAcB209e253Fe17C-5-317
0x7fad91a4a29109303188d8758f1a9d60ce988349-0xc1d1D9bABC71A3b6eceaA6aFE569edaB510a434a-5-169
0x7fad91a4a29109303188d8758f1a9d60ce988349-0x6035446c760aA8Bb38E18259a6f17638597E19AC-5-239
0x7fad91a4a29109303188d8758f1a9d60ce988349-0xcF11eEb85417F4E414e0E68d1247767A8691d99F-5-556
0x7fad91a4a29109303188d8758f1a9d60ce988349-0xcF11eEb85417F4E414e0E68d1247767A8691d99F-5-603
0x7fad91a4a29109303188d8758f1a9d60ce988349-0xA3a75722707De27177Bdb36937b41d28c7E864F4-5-993
0x7fad91a4a29109303188d8758f1a9d60ce988349-0x7Ddc90284F7E16F4134e882bA1631ffb5dB7429f-5-135
0x7fad91a4a29109303188d8758f1a9d60ce988349-0xB4A94D00A060a9f5A3947b5346Ad3B71Ed07Acd2-5-529
0x7fad91a4a29109303188d8758f1a9d60ce988349-0x99D704b48Aa95c5b20E161E4a52Df04d1a92bc7D-5-691
0x7fad91a4a29109303188d8758f1a9d60ce988349-0xa102497597Fa18ffb080a7e87cc687fd42Fe371d-5-56
0x7fad91a4a29109303188d8758f1a9d60ce988349-0xeE573a59C62946Ab359c81C51D9c3b1d10F3E939-5-893



Execute Claim Transaction for Tier #5 (Canary tier)



Transaction sent! ✔
Transaction hash: 0x4c7523ff28fc2215b30cba7d0eaced71c6696cad54b44207e1e66276b7d9376e
Waiting on transaction to be confirmed ...
Tx confirmed !




******************
Processing:
Vault:     0x33335296c9b020ca3252e4953c11decfdce816b8
Tier:      #6 (Canary tier)
# prizes:  1634

5a. Calculating # of profitable claims ...

Native (Gas) Token ETH Market Rate (USD): $3232.84

Estimated gas limit (wei) (1 prize claim): 0.000000000000189112 ETH (189112 wei)
Estimated gas limit (wei) (2 prize claims): 0.000000000000275555 ETH (275555 wei)

Gas Cost: First Claim (wei): 0.000000000000189112 ETH (189112 wei)
Gas Cost: Each Following Claim (wei): 0.000000000000086443 ETH (86443 wei)

Gas Cost: First Claim (USD): $0.01 $0.011835509597277898
Gas Cost: Each Following Claim (USD): $0.01 $0.014104505855760131

5b. 1 Claim(s):

Total gas cost: 1 Claim(s) (USD): $0.01 ($0.011835509597277898)

Next Claim Reward: 1 Claim(s) (WEI): 0.000002318636088913 WETH (2318636088913 wei)
Next Claim Reward: 1 Claim(s) (USD): $0.01 ($0.007461488025244524)

Net profit = (Gross Profit - Gas Cost [Avg])
$0 = ($0.01 - $0.01) $-0.004374021572033374 = ($0.007461488025244524 - $0.011835509597277898)

******************
5c. Profit/Loss (USD):

Net profit = (Gross Profit - Gas Cost [Max])
$-0.01 = ($0 - $0.01) $-0.011835509597277898 = ($0 - $0.011835509597277898)

Claiming tier #6 (Canary tier) currently not profitable.
Not profitable to claim for Draw #14, Tier: #6 (Canary tier)




******************
Processing:
Vault:     0x75b2f4b3ec5adf7077f928992524cc547e74f768
Tier:      #6 (Canary tier)
# prizes:  356

Tier #6 (Canary tier) not profitable, skipping ...





******************
Processing:
Vault:     0x7fad91a4a29109303188d8758f1a9d60ce988349
Tier:      #6 (Canary tier)
# prizes:  2183

Tier #6 (Canary tier) not profitable, skipping ...

