Operating on: 11155420 - Optimism Sepolia

Config - REWARD_RECIPIENT not provided, setting swap recipient to relayer address: 0x06003274c3a7926c04cA8d6903cc691fE8f3CEC2
Config - MIN_PROFIT_THRESHOLD_USD: -0.1

Starting ...
Getting prize pool info ...
Getting prize context ...

******************
1. Prize token: WETH

┌────────────┬──────────────────────────────────────────────┬──────────┬─────────────────┬────────┬──────────────┐
│ (index)    │ address                                      │ decimals │ name            │ symbol │ assetRateUsd │
├────────────┼──────────────────────────────────────────────┼──────────┼─────────────────┼────────┼──────────────┤
│ prizeToken │ '0x058C8222f77978f4e3Fa3aC1914cd541A1F882Cc' │ 18       │ 'Wrapped Ether' │ 'WETH' │ 3217.5366    │
└────────────┴──────────────────────────────────────────────┴──────────┴─────────────────┴────────┴──────────────┘
┌─────────┬──────────┬───────────────────────────────┐
│ (index) │ numTiers │ tiersRangeArray               │
├─────────┼──────────┼───────────────────────────────┤
│ tiers   │ 6        │ [ 0, 1, 2, ... 3 more items ] │
└─────────┴──────────┴───────────────────────────────┘
Draw ID: 5
Prize Token WETH MarketRate USD:  $3217.5366

******************
Getting prize vaults ...
Found 6 prize vaults.

265 prizes already claimed for draw #5.
1080 prizes remaining to be claimed...




******************
Processing:
Vault:     0xea47f7735eaf6b1e6502c21f50f65e84f7daa824
Tier:      #4 (Canary tier)
# prizes:  57

5a. Calculating # of profitable claims ...

Native (Gas) Token ETH Market Rate (USD): $3226.13

Estimated gas limit (wei) (1 prize claim): 0.000000000000168402 ETH (168402 wei)
Estimated gas limit (wei) (2 prize claims): 0.000000000000241285 ETH (241285 wei)

Gas Cost: First Claim (wei): 0.000000000000168402 ETH (168402 wei)
Gas Cost: Each Following Claim (wei): 0.000000000000072883 ETH (72883 wei)

Gas Cost: First Claim (USD): $0.01 $0.012658998831306174
Gas Cost: Each Following Claim (USD): $0.02 $0.015116877518862922

5b. 1 Claim(s):

Total gas cost: 1 Claim(s) (USD): $0.01 ($0.012658998831306174)

Next Claim Reward: 1 Claim(s) (WEI): 0.000013311270049507 WETH (13311270049507 wei)
Next Claim Reward: 1 Claim(s) (USD): $0.04 ($0.04282949857677258)

Net profit = (Gross Profit - Gas Cost [Avg])
$0.03 = ($0.04 - $0.01) $0.030170499745466407 = ($0.04282949857677258 - $0.012658998831306174)


5b. 2 Claim(s):

Total gas cost: 2 Claim(s) (USD): $0.03 ($0.027775876350169097)

Claim Reward: 1 Claim(s) (WEI): 0.000013311270049507 WETH (13311270049507 wei)
Claim Reward: 1 Claim(s) (USD): $0.04 ($0.04282949857677258)

Next Claim Reward: 2 Claim(s) (WEI): 0.000026622540099014 WETH (26622540099014 wei)
Next Claim Reward: 2 Claim(s) (USD): $0.09 ($0.08565899715354516)

Net profit = (Gross Profit - Gas Cost [Avg])
$0.06 = ($0.09 - $0.03) $0.05788312080337607 = ($0.08565899715354516 - $0.027775876350169097)


5b. 3 Claim(s):

Total gas cost: 3 Claim(s) (USD): $0.04 ($0.04289275386903202)

Claim Reward: 2 Claim(s) (WEI): 0.000026622540099014 WETH (26622540099014 wei)
Claim Reward: 2 Claim(s) (USD): $0.09 ($0.08565899715354516)

Next Claim Reward: 3 Claim(s) (WEI): 0.000039933810148521 WETH (39933810148521 wei)
Next Claim Reward: 3 Claim(s) (USD): $0.13 ($0.12848849573031776)

Net profit = (Gross Profit - Gas Cost [Avg])
$0.09 = ($0.13 - $0.04) $0.08559574186128574 = ($0.12848849573031776 - $0.04289275386903202)


5b. 4 Claim(s):

Total gas cost: 4 Claim(s) (USD): $0.06 ($0.05800963138789494)

Claim Reward: 3 Claim(s) (WEI): 0.000039933810148521 WETH (39933810148521 wei)
Claim Reward: 3 Claim(s) (USD): $0.13 ($0.12848849573031776)

Next Claim Reward: 4 Claim(s) (WEI): 0.000053245080198028 WETH (53245080198028 wei)
Next Claim Reward: 4 Claim(s) (USD): $0.17 ($0.17131799430709033)

Net profit = (Gross Profit - Gas Cost [Avg])
$0.11 = ($0.17 - $0.06) $0.11330836291919538 = ($0.17131799430709033 - $0.05800963138789494)


5b. 5 Claim(s):

Total gas cost: 5 Claim(s) (USD): $0.07 ($0.07312650890675787)

Claim Reward: 4 Claim(s) (WEI): 0.000053245080198028 WETH (53245080198028 wei)
Claim Reward: 4 Claim(s) (USD): $0.17 ($0.17131799430709033)

Next Claim Reward: 5 Claim(s) (WEI): 0.000066556350247535 WETH (66556350247535 wei)
Next Claim Reward: 5 Claim(s) (USD): $0.21 ($0.21414749288386292)

Net profit = (Gross Profit - Gas Cost [Avg])
$0.14 = ($0.21 - $0.07) $0.14102098397710505 = ($0.21414749288386292 - $0.07312650890675787)


5b. 6 Claim(s):

Total gas cost: 6 Claim(s) (USD): $0.09 ($0.0882433864256208)

Claim Reward: 5 Claim(s) (WEI): 0.000066556350247535 WETH (66556350247535 wei)
Claim Reward: 5 Claim(s) (USD): $0.21 ($0.21414749288386292)

Next Claim Reward: 6 Claim(s) (WEI): 0.000079867620297042 WETH (79867620297042 wei)
Next Claim Reward: 6 Claim(s) (USD): $0.26 ($0.2569769914606355)

Net profit = (Gross Profit - Gas Cost [Avg])
$0.17 = ($0.26 - $0.09) $0.16873360503501472 = ($0.2569769914606355 - $0.0882433864256208)


5b. 7 Claim(s):

Total gas cost: 7 Claim(s) (USD): $0.1 ($0.1033602639444837)

Claim Reward: 6 Claim(s) (WEI): 0.000079867620297042 WETH (79867620297042 wei)
Claim Reward: 6 Claim(s) (USD): $0.26 ($0.2569769914606355)

Next Claim Reward: 7 Claim(s) (WEI): 0.000093178890346549 WETH (93178890346549 wei)
Next Claim Reward: 7 Claim(s) (USD): $0.3 ($0.2998064900374081)

Net profit = (Gross Profit - Gas Cost [Avg])
$0.2 = ($0.3 - $0.1) $0.19644622609292442 = ($0.2998064900374081 - $0.1033602639444837)


5b. 8 Claim(s):

Total gas cost: 8 Claim(s) (USD): $0.12 ($0.11847714146334662)

Claim Reward: 7 Claim(s) (WEI): 0.000093178890346549 WETH (93178890346549 wei)
Claim Reward: 7 Claim(s) (USD): $0.3 ($0.2998064900374081)

Next Claim Reward: 8 Claim(s) (WEI): 0.000106490160396056 WETH (106490160396056 wei)
Next Claim Reward: 8 Claim(s) (USD): $0.34 ($0.34263598861418065)

Net profit = (Gross Profit - Gas Cost [Avg])
$0.22 = ($0.34 - $0.12) $0.22415884715083403 = ($0.34263598861418065 - $0.11847714146334662)


5b. 9 Claim(s):

Total gas cost: 9 Claim(s) (USD): $0.13 ($0.13359401898220954)

Claim Reward: 8 Claim(s) (WEI): 0.000106490160396056 WETH (106490160396056 wei)
Claim Reward: 8 Claim(s) (USD): $0.34 ($0.34263598861418065)

Next Claim Reward: 9 Claim(s) (WEI): 0.000119801430445563 WETH (119801430445563 wei)
Next Claim Reward: 9 Claim(s) (USD): $0.39 ($0.38546548719095325)

Net profit = (Gross Profit - Gas Cost [Avg])
$0.25 = ($0.39 - $0.13) $0.25187146820874373 = ($0.38546548719095325 - $0.13359401898220954)


5b. 10 Claim(s):

Total gas cost: 10 Claim(s) (USD): $0.15 ($0.14871089650107247)

Claim Reward: 9 Claim(s) (WEI): 0.000119801430445563 WETH (119801430445563 wei)
Claim Reward: 9 Claim(s) (USD): $0.39 ($0.38546548719095325)

Next Claim Reward: 10 Claim(s) (WEI): 0.00013311270049507 WETH (133112700495070 wei)
Next Claim Reward: 10 Claim(s) (USD): $0.43 ($0.42829498576772584)

Net profit = (Gross Profit - Gas Cost [Avg])
$0.28 = ($0.43 - $0.15) $0.27958408926665335 = ($0.42829498576772584 - $0.14871089650107247)


5b. 11 Claim(s):

Total gas cost: 11 Claim(s) (USD): $0.16 ($0.1638277740199354)

Claim Reward: 10 Claim(s) (WEI): 0.00013311270049507 WETH (133112700495070 wei)
Claim Reward: 10 Claim(s) (USD): $0.43 ($0.42829498576772584)

Next Claim Reward: 11 Claim(s) (WEI): 0.000146423970544577 WETH (146423970544577 wei)
Next Claim Reward: 11 Claim(s) (USD): $0.47 ($0.4711244843444984)

Net profit = (Gross Profit - Gas Cost [Avg])
$0.31 = ($0.47 - $0.16) $0.30729671032456296 = ($0.4711244843444984 - $0.1638277740199354)


5b. 12 Claim(s):

Total gas cost: 12 Claim(s) (USD): $0.18 ($0.17894465153879832)

Claim Reward: 11 Claim(s) (WEI): 0.000146423970544577 WETH (146423970544577 wei)
Claim Reward: 11 Claim(s) (USD): $0.47 ($0.4711244843444984)

Next Claim Reward: 12 Claim(s) (WEI): 0.000159735240594084 WETH (159735240594084 wei)
Next Claim Reward: 12 Claim(s) (USD): $0.51 ($0.513953982921271)

Net profit = (Gross Profit - Gas Cost [Avg])
$0.34 = ($0.51 - $0.18) $0.3350093313824727 = ($0.513953982921271 - $0.17894465153879832)


5b. 13 Claim(s):

Total gas cost: 13 Claim(s) (USD): $0.19 ($0.19406152905766122)

Claim Reward: 12 Claim(s) (WEI): 0.000159735240594084 WETH (159735240594084 wei)
Claim Reward: 12 Claim(s) (USD): $0.51 ($0.513953982921271)

Next Claim Reward: 13 Claim(s) (WEI): 0.000173046510643591 WETH (173046510643591 wei)
Next Claim Reward: 13 Claim(s) (USD): $0.56 ($0.5567834814980436)

Net profit = (Gross Profit - Gas Cost [Avg])
$0.36 = ($0.56 - $0.19) $0.36272195244038236 = ($0.5567834814980436 - $0.19406152905766122)


5b. 14 Claim(s):

Total gas cost: 14 Claim(s) (USD): $0.21 ($0.20917840657652415)

Claim Reward: 13 Claim(s) (WEI): 0.000173046510643591 WETH (173046510643591 wei)
Claim Reward: 13 Claim(s) (USD): $0.56 ($0.5567834814980436)

Next Claim Reward: 14 Claim(s) (WEI): 0.000186357780693098 WETH (186357780693098 wei)
Next Claim Reward: 14 Claim(s) (USD): $0.6 ($0.5996129800748162)

Net profit = (Gross Profit - Gas Cost [Avg])
$0.39 = ($0.6 - $0.21) $0.3904345734982921 = ($0.5996129800748162 - $0.20917840657652415)


5b. 15 Claim(s):

Total gas cost: 15 Claim(s) (USD): $0.22 ($0.22429528409538707)

Claim Reward: 14 Claim(s) (WEI): 0.000186357780693098 WETH (186357780693098 wei)
Claim Reward: 14 Claim(s) (USD): $0.6 ($0.5996129800748162)

Next Claim Reward: 15 Claim(s) (WEI): 0.000199669050742605 WETH (199669050742605 wei)
Next Claim Reward: 15 Claim(s) (USD): $0.64 ($0.6424424786515888)

Net profit = (Gross Profit - Gas Cost [Avg])
$0.42 = ($0.64 - $0.22) $0.4181471945562017 = ($0.6424424786515888 - $0.22429528409538707)


5b. 16 Claim(s):

Total gas cost: 16 Claim(s) (USD): $0.24 ($0.23941216161425)

Claim Reward: 15 Claim(s) (WEI): 0.000199669050742605 WETH (199669050742605 wei)
Claim Reward: 15 Claim(s) (USD): $0.64 ($0.6424424786515888)

Next Claim Reward: 16 Claim(s) (WEI): 0.000212980320792112 WETH (212980320792112 wei)
Next Claim Reward: 16 Claim(s) (USD): $0.69 ($0.6852719772283613)

Net profit = (Gross Profit - Gas Cost [Avg])
$0.45 = ($0.69 - $0.24) $0.4458598156141113 = ($0.6852719772283613 - $0.23941216161425)


5b. 17 Claim(s):

Total gas cost: 17 Claim(s) (USD): $0.25 ($0.2545290391331129)

Claim Reward: 16 Claim(s) (WEI): 0.000212980320792112 WETH (212980320792112 wei)
Claim Reward: 16 Claim(s) (USD): $0.69 ($0.6852719772283613)

Next Claim Reward: 17 Claim(s) (WEI): 0.000226291590841619 WETH (226291590841619 wei)
Next Claim Reward: 17 Claim(s) (USD): $0.73 ($0.728101475805134)

Net profit = (Gross Profit - Gas Cost [Avg])
$0.47 = ($0.73 - $0.25) $0.47357243667202104 = ($0.728101475805134 - $0.2545290391331129)


5b. 18 Claim(s):

Total gas cost: 18 Claim(s) (USD): $0.27 ($0.26964591665197585)

Claim Reward: 17 Claim(s) (WEI): 0.000226291590841619 WETH (226291590841619 wei)
Claim Reward: 17 Claim(s) (USD): $0.73 ($0.728101475805134)

Next Claim Reward: 18 Claim(s) (WEI): 0.000239602860891126 WETH (239602860891126 wei)
Next Claim Reward: 18 Claim(s) (USD): $0.77 ($0.7709309743819065)

Net profit = (Gross Profit - Gas Cost [Avg])
$0.5 = ($0.77 - $0.27) $0.5012850577299306 = ($0.7709309743819065 - $0.26964591665197585)


5b. 19 Claim(s):

Total gas cost: 19 Claim(s) (USD): $0.28 ($0.2847627941708388)

Claim Reward: 18 Claim(s) (WEI): 0.000239602860891126 WETH (239602860891126 wei)
Claim Reward: 18 Claim(s) (USD): $0.77 ($0.7709309743819065)

Next Claim Reward: 19 Claim(s) (WEI): 0.000252914130940633 WETH (252914130940633 wei)
Next Claim Reward: 19 Claim(s) (USD): $0.81 ($0.813760472958679)

Net profit = (Gross Profit - Gas Cost [Avg])
$0.53 = ($0.81 - $0.28) $0.5289976787878403 = ($0.813760472958679 - $0.2847627941708388)


5b. 20 Claim(s):

Total gas cost: 20 Claim(s) (USD): $0.3 ($0.2998796716897017)

Claim Reward: 19 Claim(s) (WEI): 0.000252914130940633 WETH (252914130940633 wei)
Claim Reward: 19 Claim(s) (USD): $0.81 ($0.813760472958679)

Next Claim Reward: 20 Claim(s) (WEI): 0.00026622540099014 WETH (266225400990140 wei)
Next Claim Reward: 20 Claim(s) (USD): $0.86 ($0.8565899715354517)

Net profit = (Gross Profit - Gas Cost [Avg])
$0.56 = ($0.86 - $0.3) $0.55671029984575 = ($0.8565899715354517 - $0.2998796716897017)


5b. 21 Claim(s):

Total gas cost: 21 Claim(s) (USD): $0.31 ($0.3149965492085646)

Claim Reward: 20 Claim(s) (WEI): 0.00026622540099014 WETH (266225400990140 wei)
Claim Reward: 20 Claim(s) (USD): $0.86 ($0.8565899715354517)

Next Claim Reward: 21 Claim(s) (WEI): 0.000279536671039647 WETH (279536671039647 wei)
Next Claim Reward: 21 Claim(s) (USD): $0.9 ($0.8994194701122243)

Net profit = (Gross Profit - Gas Cost [Avg])
$0.58 = ($0.9 - $0.31) $0.5844229209036598 = ($0.8994194701122243 - $0.3149965492085646)


5b. 22 Claim(s):

Total gas cost: 22 Claim(s) (USD): $0.33 ($0.33011342672742755)

Claim Reward: 21 Claim(s) (WEI): 0.000279536671039647 WETH (279536671039647 wei)
Claim Reward: 21 Claim(s) (USD): $0.9 ($0.8994194701122243)

Next Claim Reward: 22 Claim(s) (WEI): 0.000292847941089154 WETH (292847941089154 wei)
Next Claim Reward: 22 Claim(s) (USD): $0.94 ($0.9422489686889968)

Net profit = (Gross Profit - Gas Cost [Avg])
$0.61 = ($0.94 - $0.33) $0.6121355419615693 = ($0.9422489686889968 - $0.33011342672742755)


5b. 23 Claim(s):

Total gas cost: 23 Claim(s) (USD): $0.35 ($0.3452303042462905)

Claim Reward: 22 Claim(s) (WEI): 0.000292847941089154 WETH (292847941089154 wei)
Claim Reward: 22 Claim(s) (USD): $0.94 ($0.9422489686889968)

Next Claim Reward: 23 Claim(s) (WEI): 0.000306159211138661 WETH (306159211138661 wei)
Next Claim Reward: 23 Claim(s) (USD): $0.99 ($0.9850784672657694)

Net profit = (Gross Profit - Gas Cost [Avg])
$0.64 = ($0.99 - $0.35) $0.639848163019479 = ($0.9850784672657694 - $0.3452303042462905)


5b. 24 Claim(s):

Total gas cost: 24 Claim(s) (USD): $0.36 ($0.3603471817651534)

Claim Reward: 23 Claim(s) (WEI): 0.000306159211138661 WETH (306159211138661 wei)
Claim Reward: 23 Claim(s) (USD): $0.99 ($0.9850784672657694)

Next Claim Reward: 24 Claim(s) (WEI): 0.000319470481188168 WETH (319470481188168 wei)
Next Claim Reward: 24 Claim(s) (USD): $1.03 ($1.027907965842542)

Net profit = (Gross Profit - Gas Cost [Avg])
$0.67 = ($1.03 - $0.36) $0.6675607840773887 = ($1.027907965842542 - $0.3603471817651534)


5b. 25 Claim(s):

Total gas cost: 25 Claim(s) (USD): $0.38 ($0.37546405928401627)

Claim Reward: 24 Claim(s) (WEI): 0.000319470481188168 WETH (319470481188168 wei)
Claim Reward: 24 Claim(s) (USD): $1.03 ($1.027907965842542)

Next Claim Reward: 25 Claim(s) (WEI): 0.000332781751237675 WETH (332781751237675 wei)
Next Claim Reward: 25 Claim(s) (USD): $1.07 ($1.0707374644193146)

Net profit = (Gross Profit - Gas Cost [Avg])
$0.7 = ($1.07 - $0.38) $0.6952734051352983 = ($1.0707374644193146 - $0.37546405928401627)


5b. 26 Claim(s):

Total gas cost: 26 Claim(s) (USD): $0.39 ($0.3905809368028792)

Claim Reward: 25 Claim(s) (WEI): 0.000332781751237675 WETH (332781751237675 wei)
Claim Reward: 25 Claim(s) (USD): $1.07 ($1.0707374644193146)

Next Claim Reward: 26 Claim(s) (WEI): 0.000346093021287182 WETH (346093021287182 wei)
Next Claim Reward: 26 Claim(s) (USD): $1.11 ($1.1135669629960872)

Net profit = (Gross Profit - Gas Cost [Avg])
$0.72 = ($1.11 - $0.39) $0.722986026193208 = ($1.1135669629960872 - $0.3905809368028792)


5b. 27 Claim(s):

Total gas cost: 27 Claim(s) (USD): $0.41 ($0.4056978143217421)

Claim Reward: 26 Claim(s) (WEI): 0.000346093021287182 WETH (346093021287182 wei)
Claim Reward: 26 Claim(s) (USD): $1.11 ($1.1135669629960872)

Next Claim Reward: 27 Claim(s) (WEI): 0.000359404291336689 WETH (359404291336689 wei)
Next Claim Reward: 27 Claim(s) (USD): $1.16 ($1.1563964615728597)

Net profit = (Gross Profit - Gas Cost [Avg])
$0.75 = ($1.16 - $0.41) $0.7506986472511176 = ($1.1563964615728597 - $0.4056978143217421)


5b. 28 Claim(s):

Total gas cost: 28 Claim(s) (USD): $0.42 ($0.42081469184060505)

Claim Reward: 27 Claim(s) (WEI): 0.000359404291336689 WETH (359404291336689 wei)
Claim Reward: 27 Claim(s) (USD): $1.16 ($1.1563964615728597)

Next Claim Reward: 28 Claim(s) (WEI): 0.000372715561386196 WETH (372715561386196 wei)
Next Claim Reward: 28 Claim(s) (USD): $1.2 ($1.1992259601496325)

Net profit = (Gross Profit - Gas Cost [Avg])
$0.78 = ($1.2 - $0.42) $0.7784112683090274 = ($1.1992259601496325 - $0.42081469184060505)


5b. 29 Claim(s):

Total gas cost: 29 Claim(s) (USD): $0.44 ($0.435931569359468)

Claim Reward: 28 Claim(s) (WEI): 0.000372715561386196 WETH (372715561386196 wei)
Claim Reward: 28 Claim(s) (USD): $1.2 ($1.1992259601496325)

Next Claim Reward: 29 Claim(s) (WEI): 0.000386026831435703 WETH (386026831435703 wei)
Next Claim Reward: 29 Claim(s) (USD): $1.24 ($1.2420554587264048)

Net profit = (Gross Profit - Gas Cost [Avg])
$0.81 = ($1.24 - $0.44) $0.8061238893669368 = ($1.2420554587264048 - $0.435931569359468)


5b. 30 Claim(s):

Total gas cost: 30 Claim(s) (USD): $0.45 ($0.4510484468783309)

Claim Reward: 29 Claim(s) (WEI): 0.000386026831435703 WETH (386026831435703 wei)
Claim Reward: 29 Claim(s) (USD): $1.24 ($1.2420554587264048)

Next Claim Reward: 30 Claim(s) (WEI): 0.00039933810148521 WETH (399338101485210 wei)
Next Claim Reward: 30 Claim(s) (USD): $1.28 ($1.2848849573031775)

Net profit = (Gross Profit - Gas Cost [Avg])
$0.83 = ($1.28 - $0.45) $0.8338365104248466 = ($1.2848849573031775 - $0.4510484468783309)

******************
5c. Profit/Loss (USD):

Net profit = (Gross Profit - Gas Cost [Max])
$0.79 = ($1.24 - $0.45) $0.7910070118480739 = ($1.2420554587264048 - $0.4510484468783309)

Submitting transaction to claim 29 prize(s):

0xea47f7735eaf6b1e6502c21f50f65e84f7daa824-0x0c612C9Bd14D1a64c135be7145B01f57D271eb7a-4-247
0xea47f7735eaf6b1e6502c21f50f65e84f7daa824-0xD2f061657B726E34DDC78ad8865f1bC52dA401E9-4-93
0xea47f7735eaf6b1e6502c21f50f65e84f7daa824-0x5c59D8C2dfB43Ad130c1274431Aa329DCD14360e-4-108
0xea47f7735eaf6b1e6502c21f50f65e84f7daa824-0x5c59D8C2dfB43Ad130c1274431Aa329DCD14360e-4-167
0xea47f7735eaf6b1e6502c21f50f65e84f7daa824-0x9506fEB0Fd421444DE31cD1A743794f593f7543B-4-113
0xea47f7735eaf6b1e6502c21f50f65e84f7daa824-0x79842c3cc2F4820828B439b125aABB64f736aD70-4-188
0xea47f7735eaf6b1e6502c21f50f65e84f7daa824-0xf464CD28A85F55af582BD294394fD0EC74E994d5-4-139
0xea47f7735eaf6b1e6502c21f50f65e84f7daa824-0xdC953D4469aD02915113277AfEba5a1947cBA1e1-4-11
0xea47f7735eaf6b1e6502c21f50f65e84f7daa824-0x15e25cD3EB207c01Ad678Fc4f41d336b80EC791E-4-86
0xea47f7735eaf6b1e6502c21f50f65e84f7daa824-0xFdC2E36e498bC0854Bb5e3054Ad492B8dE789965-4-140
0xea47f7735eaf6b1e6502c21f50f65e84f7daa824-0x10533dA3De4ad7957463AD97eC5cf99979fFac01-4-236
0xea47f7735eaf6b1e6502c21f50f65e84f7daa824-0x58FC2F68998F41D0E15AAB0067aB55344DDc224E-4-80
0xea47f7735eaf6b1e6502c21f50f65e84f7daa824-0xb465196A885E3BFB3843D03e4B22DaeEd7f3adAC-4-150
0xea47f7735eaf6b1e6502c21f50f65e84f7daa824-0xaaAE0E05bB0e82BeFD028594870f36A2b1bdE3f8-4-167
0xea47f7735eaf6b1e6502c21f50f65e84f7daa824-0x747E19348De8d7803502f5E0219353315F4660Ed-4-2
0xea47f7735eaf6b1e6502c21f50f65e84f7daa824-0xBAd05ef3509de3204B50f805AebEae93B64598a9-4-110
0xea47f7735eaf6b1e6502c21f50f65e84f7daa824-0x2ae2132d9c0EF45fc1034f4df149FEe596089ef7-4-218
0xea47f7735eaf6b1e6502c21f50f65e84f7daa824-0xbb45Ae0B4c04db30B5ACdcf93A8bfD5df701c08c-4-64
0xea47f7735eaf6b1e6502c21f50f65e84f7daa824-0xbb45Ae0B4c04db30B5ACdcf93A8bfD5df701c08c-4-120
0xea47f7735eaf6b1e6502c21f50f65e84f7daa824-0xE3C5185f9De8A3eab97ce2AC7d3e1e0CF1614be0-4-183
0xea47f7735eaf6b1e6502c21f50f65e84f7daa824-0x786fbDb14c4496d1108c86A106B12A2c56d20A70-4-132
0xea47f7735eaf6b1e6502c21f50f65e84f7daa824-0xf4C7832537B9FA0c1c17E62211A022221754410E-4-65
0xea47f7735eaf6b1e6502c21f50f65e84f7daa824-0x42f801AA5c448C38Abb5182f628ed14AcA037D7A-4-102
0xea47f7735eaf6b1e6502c21f50f65e84f7daa824-0x5E338b066EF0c19E9bA315748981317Fb7f8252f-4-203
0xea47f7735eaf6b1e6502c21f50f65e84f7daa824-0x9DA974536cB98BE0b1A39D3038C9E146cA1f76A9-4-253
0xea47f7735eaf6b1e6502c21f50f65e84f7daa824-0xcB6F4eBcb89b8CF6B5fa07bfb0DBcEEfB3db50b1-4-109
0xea47f7735eaf6b1e6502c21f50f65e84f7daa824-0xF54da4D03982BADdda63b601c66D54102386e29D-4-24
0xea47f7735eaf6b1e6502c21f50f65e84f7daa824-0x9d6B57899EEc1C6B757d17E0d8B176aB1fc956C2-4-219
0xea47f7735eaf6b1e6502c21f50f65e84f7daa824-0x46572269a7b1e772Db37c78c787Ef7A9F6438Be9-4-172



Execute Claim Transaction for Tier #4 (Canary tier)



Transaction sent! ✔
Transaction hash: 0xcd6e274cdf098ad8853bac3ecb252c0a6759daf3e8391c3ab10b7e8353e06437
Waiting on transaction to be confirmed ...
Tx confirmed !




******************
Processing:
Vault:     0x52b0ac5c447dd84c37b85c2fc36a5b23bb4c9868
Tier:      #5 (Canary tier)
# prizes:  30

5a. Calculating # of profitable claims ...

Native (Gas) Token ETH Market Rate (USD): $3226.13

Estimated gas limit (wei) (1 prize claim): 0.000000000000149476 ETH (149476 wei)
Estimated gas limit (wei) (2 prize claims): 0.000000000000221255 ETH (221255 wei)

Gas Cost: First Claim (wei): 0.000000000000149476 ETH (149476 wei)
Gas Cost: Each Following Claim (wei): 0.000000000000071779 ETH (71779 wei)

Gas Cost: First Claim (USD): $0.01 $0.014159041504303678
Gas Cost: Each Following Claim (USD): $0.02 $0.01702019279478788

5b. 1 Claim(s):

Total gas cost: 1 Claim(s) (USD): $0.01 ($0.014159041504303678)

Next Claim Reward: 1 Claim(s) (WEI): 0.000003327817512376 WETH (3327817512376 wei)
Next Claim Reward: 1 Claim(s) (USD): $0.01 ($0.010707374644190732)

Net profit = (Gross Profit - Gas Cost [Avg])
$0 = ($0.01 - $0.01) $-0.003451666860112945 = ($0.010707374644190732 - $0.014159041504303678)

******************
5c. Profit/Loss (USD):

Net profit = (Gross Profit - Gas Cost [Max])
$-0.01 = ($0 - $0.01) $-0.014159041504303678 = ($0 - $0.014159041504303678)

Claiming tier #5 (Canary tier) currently not profitable.
Not profitable to claim for Draw #5, Tier: #5 (Canary tier)




******************
Processing:
Vault:     0x80436148e5fab18b58a33b24f79977d6934ff0e4
Tier:      #5 (Canary tier)
# prizes:  300

Tier #5 (Canary tier) not profitable, skipping ...





******************
Processing:
Vault:     0xea47f7735eaf6b1e6502c21f50f65e84f7daa824
Tier:      #5 (Canary tier)
# prizes:  693

Tier #5 (Canary tier) not profitable, skipping ...

