Operating on: 10 - Optimism

Config - REWARD_RECIPIENT not provided, setting swap recipient to relayer address: 0xf9A3856b5368f60f2837c797A993F46C6ea7117d
Config - MIN_PROFIT_THRESHOLD_USD: 0.05

Starting ...
Getting prize pool info ...
Getting prize context ...

******************
1. Prize token: WETH

┌────────────┬──────────────────────────────────────────────┬──────────┬─────────────────┬────────┬──────────────┐
│ (index)    │ address                                      │ decimals │ name            │ symbol │ assetRateUsd │
├────────────┼──────────────────────────────────────────────┼──────────┼─────────────────┼────────┼──────────────┤
│ prizeToken │ '0x4200000000000000000000000000000000000006' │ 18       │ 'Wrapped Ether' │ 'WETH' │ 3204.956     │
└────────────┴──────────────────────────────────────────────┴──────────┴─────────────────┴────────┴──────────────┘
┌─────────┬──────────┬───────────────────────────────┐
│ (index) │ numTiers │ tiersRangeArray               │
├─────────┼──────────┼───────────────────────────────┤
│ tiers   │ 6        │ [ 0, 1, 2, ... 3 more items ] │
└─────────┴──────────┴───────────────────────────────┘
Draw ID: 3
Prize Token WETH MarketRate USD:  $3204.956

******************
Getting prize vaults ...
Found 13 prize vaults.

226 prizes already claimed for draw #3.
1136 prizes remaining to be claimed...




******************
Processing:
Vault:     0xa52e38a9147f5ea9e0c5547376c21c9e3f3e5e1f
Tier:      #4 (Canary tier)
# prizes:  89

5a. Calculating # of profitable claims ...

Native (Gas) Token ETH Market Rate (USD): $3201.95

Estimated gas limit (wei) (1 prize claim): 0.000000000000203925 ETH (203925 wei)
Estimated gas limit (wei) (2 prize claims): 0.000000000000291358 ETH (291358 wei)

Gas Cost: First Claim (wei): 0.000000000000203925 ETH (203925 wei)
Gas Cost: Each Following Claim (wei): 0.000000000000087433 ETH (87433 wei)

Gas Cost: First Claim (USD): $0.04 $0.04034654156651567
Gas Cost: Each Following Claim (USD): $0.02 $0.0174738081602066

5b. 1 Claim(s):

Total gas cost: 1 Claim(s) (USD): $0.04 ($0.04034654156651567)

Next Claim Reward: 1 Claim(s) (WEI): 0.000002601071384397 WETH (2601071384397 wei)
Next Claim Reward: 1 Claim(s) (USD): $0.01 ($0.008336319339851472)

Net profit = (Gross Profit - Gas Cost [Avg])
$-0.03 = ($0.01 - $0.04) $-0.03201022222666419 = ($0.008336319339851472 - $0.04034654156651567)

******************
5c. Profit/Loss (USD):

Net profit = (Gross Profit - Gas Cost [Max])
$-0.04 = ($0 - $0.04) $-0.04034654156651567 = ($0 - $0.04034654156651567)

Claiming tier #4 (Canary tier) currently not profitable.
Not profitable to claim for Draw #3, Tier: #4 (Canary tier)




******************
Processing:
Vault:     0x03d3ce84279cb6f54f5e6074ff0f8319d830dafe
Tier:      #5 (Canary tier)
# prizes:  321

Tier #5 (Canary tier) not profitable, skipping ...





******************
Processing:
Vault:     0x1f16d3ccf568e96019cedc8a2c79d2ca6257894e
Tier:      #5 (Canary tier)
# prizes:  69

Tier #5 (Canary tier) not profitable, skipping ...





******************
Processing:
Vault:     0x2998c1685e308661123f64b333767266035f5020
Tier:      #5 (Canary tier)
# prizes:  34

Tier #5 (Canary tier) not profitable, skipping ...





******************
Processing:
Vault:     0x3e8dbe51da479f7e8ac46307af99ad5b4b5b41dc
Tier:      #5 (Canary tier)
# prizes:  118

Tier #5 (Canary tier) not profitable, skipping ...





******************
Processing:
Vault:     0xa52e38a9147f5ea9e0c5547376c21c9e3f3e5e1f
Tier:      #5 (Canary tier)
# prizes:  505

Tier #5 (Canary tier) not profitable, skipping ...

