Operating on: 11155420 - Optimism Sepolia
Config - MIN_PROFIT_THRESHOLD_USD: -0.1

Starting ...
Getting prize pool info ...
Getting prize context ...

******************
1. Prize token: WETH

┌────────────┬──────────────────────────────────────────────┬──────────┬─────────────────┬────────┬──────────────┐
│ (index)    │ address                                      │ decimals │ name            │ symbol │ assetRateUsd │
├────────────┼──────────────────────────────────────────────┼──────────┼─────────────────┼────────┼──────────────┤
│ prizeToken │ '0x28Dae98474c0EeDF4Ee74Da5300Dd89dE5466E62' │ 18       │ 'Wrapped Ether' │ 'WETH' │ 3560.9487    │
└────────────┴──────────────────────────────────────────────┴──────────┴─────────────────┴────────┴──────────────┘
┌─────────┬──────────┬──────────────────────────────┐
│ (index) │ numTiers │ tiersRangeArray              │
├─────────┼──────────┼──────────────────────────────┤
│ tiers   │ 4        │ [ 0, 1, 2, ... 1 more item ] │
└─────────┴──────────┴──────────────────────────────┘
Draw ID: 16
Prize Token WETH MarketRate USD:  $3560.9487

******************
Getting prize vaults ...
Found 6 prize vaults.

23 prizes already claimed for draw #16.
74 prizes remaining to be claimed...




******************
Processing:
Vault:     0xc1f6251c8b8ca9ea535dd297cb9cbfe49efa6bb0
Tier:      #1
# prizes:  1

5a. Calculating # of profitable claims ...

Native (Gas) Token ETH Market Rate (USD): $3580.59

Estimated gas limit (wei) (1 prize claim): 0.000000000000207666 ETH (207666 wei)

Gas Cost: First Claim (wei): 0.000000000000207666 ETH (207666 wei)

Gas Cost: First Claim (USD): $1.01 $1.013955952503047

5b. 1 Claim(s):

Total gas cost: 1 Claim(s) (USD): $1.01 ($1.013955952503047)

Next Claim Reward: 1 Claim(s) (WEI): 0.00026689683923625 WETH (266896839236250 wei)
Next Claim Reward: 1 Claim(s) (USD): $0.95 ($0.9504059527124334)

Net profit = (Gross Profit - Gas Cost [Avg])
$-0.06 = ($0.95 - $1.01) $-0.0635499997906136 = ($0.9504059527124334 - $1.013955952503047)

******************
5c. Profit/Loss (USD):

Net profit = (Gross Profit - Gas Cost [Max])
$-1.01 = ($0 - $1.01) $-1.013955952503047 = ($0 - $1.013955952503047)

Claiming tier #1 currently not profitable.
Not profitable to claim for Draw #16, Tier: #1
Not profitable to claim any more tiers yet for Draw #16
