Operating on: 11155420 - Optimism Sepolia

Config - REWARD_RECIPIENT not provided, setting swap recipient to relayer address: 0x06003274c3a7926c04cA8d6903cc691fE8f3CEC2
Config - MIN_PROFIT_THRESHOLD_USD: 0.05

Starting ...
Getting prize pool info ...
Getting prize context ...

******************
1. Prize token: WETH

┌────────────┬──────────────────────────────────────────────┬──────────┬─────────────────┬────────┬──────────────┐
│ (index)    │ address                                      │ decimals │ name            │ symbol │ assetRateUsd │
├────────────┼──────────────────────────────────────────────┼──────────┼─────────────────┼────────┼──────────────┤
│ prizeToken │ '0xC355F97a3Aa2808Acb536E555764b8FB26fB4b37' │ 18       │ 'Wrapped Ether' │ 'WETH' │ 3103.0974    │
└────────────┴──────────────────────────────────────────────┴──────────┴─────────────────┴────────┴──────────────┘
┌─────────┬──────────┬───────────────────────────────┐
│ (index) │ numTiers │ tiersRangeArray               │
├─────────┼──────────┼───────────────────────────────┤
│ tiers   │ 6        │ [ 0, 1, 2, ... 3 more items ] │
└─────────┴──────────┴───────────────────────────────┘
Draw ID: 18
Prize Token WETH MarketRate USD:  $3103.0974

******************
Getting prize vaults ...
Found 6 prize vaults.

476 prizes already claimed for draw #18.
871 prizes remaining to be claimed...




******************
Processing:
Vault:     0x33335296c9b020ca3252e4953c11decfdce816b8
Tier:      #5 (Canary tier)
# prizes:  310

5a. Calculating # of profitable claims ...

Native (Gas) Token ETH Market Rate (USD): $3100.4

Estimated gas limit (wei) (1 prize claim): 0.0000000000001924 ETH (192400 wei)
Estimated gas limit (wei) (2 prize claims): 0.000000000000280115 ETH (280115 wei)

Gas Cost: First Claim (wei): 0.0000000000001924 ETH (192400 wei)
Gas Cost: Each Following Claim (wei): 0.000000000000087715 ETH (87715 wei)

Gas Cost: First Claim (USD): $0.02 $0.015332804480682615
Gas Cost: Each Following Claim (USD): $0.02 $0.018423038424970728

5b. 1 Claim(s):

Total gas cost: 1 Claim(s) (USD): $0.02 ($0.015332804480682615)

Next Claim Reward: 1 Claim(s) (WEI): 0.000016260355612275 WETH (16260355612275 wei)
Next Claim Reward: 1 Claim(s) (USD): $0.05 ($0.05045746722352596)

Net profit = (Gross Profit - Gas Cost [Avg])
$0.04 = ($0.05 - $0.02) $0.03512466274284334 = ($0.05045746722352596 - $0.015332804480682615)

******************
5c. Profit/Loss (USD):

Net profit = (Gross Profit - Gas Cost [Max])
$-0.02 = ($0 - $0.02) $-0.015332804480682615 = ($0 - $0.015332804480682615)

Claiming tier #5 (Canary tier) currently not profitable.
Not profitable to claim for Draw #18, Tier: #5 (Canary tier)




******************
Processing:
Vault:     0x7fad91a4a29109303188d8758f1a9d60ce988349
Tier:      #5 (Canary tier)
# prizes:  561

Tier #5 (Canary tier) not profitable, skipping ...

