Operating on: 11155420 - Optimism Sepolia
Config - MIN_PROFIT_THRESHOLD_USD: -0.1

Starting ...
Getting prize pool info ...
Getting prize context ...

******************
1. Prize token: WETH

┌────────────┬──────────────────────────────────────────────┬──────────┬─────────────────┬────────┬──────────────┐
│ (index)    │ address                                      │ decimals │ name            │ symbol │ assetRateUsd │
├────────────┼──────────────────────────────────────────────┼──────────┼─────────────────┼────────┼──────────────┤
│ prizeToken │ '0x3749e4DA7558BeD9b0819dE7f8C7eFc271Db004e' │ 18       │ 'Wrapped Ether' │ 'WETH' │ 3530.3345    │
└────────────┴──────────────────────────────────────────────┴──────────┴─────────────────┴────────┴──────────────┘
┌─────────┬──────────┬───────────────────────────────┐
│ (index) │ numTiers │ tiersRangeArray               │
├─────────┼──────────┼───────────────────────────────┤
│ tiers   │ 6        │ [ 0, 1, 2, ... 3 more items ] │
└─────────┴──────────┴───────────────────────────────┘
Draw ID: 17
Prize Token WETH MarketRate USD:  $3530.3345

******************
Getting prize vaults ...
Found 6 prize vaults.

248 prizes already claimed for draw #17.
1130 prizes remaining to be claimed...




******************
Processing:
Vault:     0x75ca27bb45d689c18f350592e036ee4e10a68d06
Tier:      #4 (Canary tier)
# prizes:  11

5a. Calculating # of profitable claims ...

Native (Gas) Token ETH Market Rate (USD): $3521.36

Estimated gas limit (wei) (1 prize claim): 0.000000000000189066 ETH (189066 wei)
Estimated gas limit (wei) (2 prize claims): 0.000000000000275438 ETH (275438 wei)

Gas Cost: First Claim (wei): 0.000000000000189066 ETH (189066 wei)
Gas Cost: Each Following Claim (wei): 0.000000000000086372 ETH (86372 wei)

Gas Cost: First Claim (USD): $0.02 $0.01501972491529634
Gas Cost: Each Following Claim (USD): $0.02 $0.017923947008591876

5b. 1 Claim(s):

Total gas cost: 1 Claim(s) (USD): $0.02 ($0.01501972491529634)

Next Claim Reward: 1 Claim(s) (WEI): 0.000016476373001715 WETH (16476373001715 wei)
Next Claim Reward: 1 Claim(s) (USD): $0.06 ($0.058167108042823025)

Net profit = (Gross Profit - Gas Cost [Avg])
$0.04 = ($0.06 - $0.02) $0.04314738312752668 = ($0.058167108042823025 - $0.01501972491529634)


5b. 2 Claim(s):

Total gas cost: 2 Claim(s) (USD): $0.03 ($0.03294367192388822)

Claim Reward: 1 Claim(s) (WEI): 0.000016476373001715 WETH (16476373001715 wei)
Claim Reward: 1 Claim(s) (USD): $0.06 ($0.058167108042823025)

Next Claim Reward: 2 Claim(s) (WEI): 0.00003295274600343 WETH (32952746003430 wei)
Next Claim Reward: 2 Claim(s) (USD): $0.12 ($0.11633421608564605)

Net profit = (Gross Profit - Gas Cost [Avg])
$0.08 = ($0.12 - $0.03) $0.08339054416175784 = ($0.11633421608564605 - $0.03294367192388822)


5b. 3 Claim(s):

Total gas cost: 3 Claim(s) (USD): $0.05 ($0.050867618932480096)

Claim Reward: 2 Claim(s) (WEI): 0.00003295274600343 WETH (32952746003430 wei)
Claim Reward: 2 Claim(s) (USD): $0.12 ($0.11633421608564605)

Next Claim Reward: 3 Claim(s) (WEI): 0.000049429119005145 WETH (49429119005145 wei)
Next Claim Reward: 3 Claim(s) (USD): $0.17 ($0.17450132412846908)

Net profit = (Gross Profit - Gas Cost [Avg])
$0.12 = ($0.17 - $0.05) $0.12363370519598899 = ($0.17450132412846908 - $0.050867618932480096)


5b. 4 Claim(s):

Total gas cost: 4 Claim(s) (USD): $0.07 ($0.06879156594107197)

Claim Reward: 3 Claim(s) (WEI): 0.000049429119005145 WETH (49429119005145 wei)
Claim Reward: 3 Claim(s) (USD): $0.17 ($0.17450132412846908)

Next Claim Reward: 4 Claim(s) (WEI): 0.00006590549200686 WETH (65905492006860 wei)
Next Claim Reward: 4 Claim(s) (USD): $0.23 ($0.2326684321712921)

Net profit = (Gross Profit - Gas Cost [Avg])
$0.16 = ($0.23 - $0.07) $0.16387686623022013 = ($0.2326684321712921 - $0.06879156594107197)


5b. 5 Claim(s):

Total gas cost: 5 Claim(s) (USD): $0.09 ($0.08671551294966384)

Claim Reward: 4 Claim(s) (WEI): 0.00006590549200686 WETH (65905492006860 wei)
Claim Reward: 4 Claim(s) (USD): $0.23 ($0.2326684321712921)

Next Claim Reward: 5 Claim(s) (WEI): 0.000082381865008575 WETH (82381865008575 wei)
Next Claim Reward: 5 Claim(s) (USD): $0.29 ($0.2908355402141151)

Net profit = (Gross Profit - Gas Cost [Avg])
$0.2 = ($0.29 - $0.09) $0.20412002726445128 = ($0.2908355402141151 - $0.08671551294966384)


5b. 6 Claim(s):

Total gas cost: 6 Claim(s) (USD): $0.1 ($0.10463945995825571)

Claim Reward: 5 Claim(s) (WEI): 0.000082381865008575 WETH (82381865008575 wei)
Claim Reward: 5 Claim(s) (USD): $0.29 ($0.2908355402141151)

Next Claim Reward: 6 Claim(s) (WEI): 0.00009885823801029 WETH (98858238010290 wei)
Next Claim Reward: 6 Claim(s) (USD): $0.35 ($0.34900264825693816)

Net profit = (Gross Profit - Gas Cost [Avg])
$0.24 = ($0.35 - $0.1) $0.24436318829868245 = ($0.34900264825693816 - $0.10463945995825571)


5b. 7 Claim(s):

Total gas cost: 7 Claim(s) (USD): $0.12 ($0.1225634069668476)

Claim Reward: 6 Claim(s) (WEI): 0.00009885823801029 WETH (98858238010290 wei)
Claim Reward: 6 Claim(s) (USD): $0.35 ($0.34900264825693816)

Next Claim Reward: 7 Claim(s) (WEI): 0.000115334611012005 WETH (115334611012005 wei)
Next Claim Reward: 7 Claim(s) (USD): $0.41 ($0.4071697562997612)

Net profit = (Gross Profit - Gas Cost [Avg])
$0.28 = ($0.41 - $0.12) $0.2846063493329136 = ($0.4071697562997612 - $0.1225634069668476)


5b. 8 Claim(s):

Total gas cost: 8 Claim(s) (USD): $0.14 ($0.1404873539754395)

Claim Reward: 7 Claim(s) (WEI): 0.000115334611012005 WETH (115334611012005 wei)
Claim Reward: 7 Claim(s) (USD): $0.41 ($0.4071697562997612)

Next Claim Reward: 8 Claim(s) (WEI): 0.00013181098401372 WETH (131810984013720 wei)
Next Claim Reward: 8 Claim(s) (USD): $0.47 ($0.4653368643425842)

Net profit = (Gross Profit - Gas Cost [Avg])
$0.32 = ($0.47 - $0.14) $0.3248495103671447 = ($0.4653368643425842 - $0.1404873539754395)


5b. 9 Claim(s):

Total gas cost: 9 Claim(s) (USD): $0.16 ($0.15841130098403136)

Claim Reward: 8 Claim(s) (WEI): 0.00013181098401372 WETH (131810984013720 wei)
Claim Reward: 8 Claim(s) (USD): $0.47 ($0.4653368643425842)

Next Claim Reward: 9 Claim(s) (WEI): 0.000148287357015435 WETH (148287357015435 wei)
Next Claim Reward: 9 Claim(s) (USD): $0.52 ($0.5235039723854071)

Net profit = (Gross Profit - Gas Cost [Avg])
$0.37 = ($0.52 - $0.16) $0.3650926714013758 = ($0.5235039723854071 - $0.15841130098403136)


5b. 10 Claim(s):

Total gas cost: 10 Claim(s) (USD): $0.18 ($0.17633524799262323)

Claim Reward: 9 Claim(s) (WEI): 0.000148287357015435 WETH (148287357015435 wei)
Claim Reward: 9 Claim(s) (USD): $0.52 ($0.5235039723854071)

Next Claim Reward: 10 Claim(s) (WEI): 0.00016476373001715 WETH (164763730017150 wei)
Next Claim Reward: 10 Claim(s) (USD): $0.58 ($0.5816710804282302)

Net profit = (Gross Profit - Gas Cost [Avg])
$0.41 = ($0.58 - $0.18) $0.405335832435607 = ($0.5816710804282302 - $0.17633524799262323)


5b. 11 Claim(s):

Total gas cost: 11 Claim(s) (USD): $0.19 ($0.1942591950012151)

Claim Reward: 10 Claim(s) (WEI): 0.00016476373001715 WETH (164763730017150 wei)
Claim Reward: 10 Claim(s) (USD): $0.58 ($0.5816710804282302)

Next Claim Reward: 11 Claim(s) (WEI): 0.000181240103018865 WETH (181240103018865 wei)
Next Claim Reward: 11 Claim(s) (USD): $0.64 ($0.6398381884710532)

Net profit = (Gross Profit - Gas Cost [Avg])
$0.45 = ($0.64 - $0.19) $0.4455789934698381 = ($0.6398381884710532 - $0.1942591950012151)


******************
5c. Profit/Loss (USD):

Net profit = (Gross Profit - Gas Cost [Max])
$0.45 = ($0.64 - $0.19) $0.4455789934698381 = ($0.6398381884710532 - $0.1942591950012151)

Submitting transaction to claim 11 prize(s):

0x75ca27bb45d689c18f350592e036ee4e10a68d06-0x11e1A9fD33bB1b269040ece6E26E7e093491b515-4-94
0x75ca27bb45d689c18f350592e036ee4e10a68d06-0xD1d35D0EC18b68064e224240C69dE8E1E0C5a98C-4-144
0x75ca27bb45d689c18f350592e036ee4e10a68d06-0x62628b7d680aA5D6fF7743fCCb12ED3850436F4a-4-217
0x75ca27bb45d689c18f350592e036ee4e10a68d06-0x89521A5E9b353E6571abB10BA23D9E7d14c55af3-4-168
0x75ca27bb45d689c18f350592e036ee4e10a68d06-0x430bB8918Ba634045d3d1719139C21ea9ef0DcAC-4-187
0x75ca27bb45d689c18f350592e036ee4e10a68d06-0x69814d0c9ea73004f6ad8C399406E6fE5E21F97A-4-42
0x75ca27bb45d689c18f350592e036ee4e10a68d06-0x4e2313d1C5fEA5bb9e341EEF3b2d30656acFA0F7-4-1
0x75ca27bb45d689c18f350592e036ee4e10a68d06-0x39e17245FEa6be0ef4F67b8F579b8f0d9699Ab09-4-253
0x75ca27bb45d689c18f350592e036ee4e10a68d06-0xcb34fD7018947Fee18b4792CDD3d71b84B79AE57-4-48
0x75ca27bb45d689c18f350592e036ee4e10a68d06-0x8a7b7936c2aa3a20Dd9dC1D08f79Ee25266d0dE2-4-33
0x75ca27bb45d689c18f350592e036ee4e10a68d06-0x026C19E6Ca7B7A87d7A16aE1a1f6845b4F1370D3-4-67



Execute Claim Transaction for Tier #4 (Canary tier)



Transaction sent! ✔
Transaction hash: 0x2e8b1976a7e483088add7aca3ec701acd2daefc48940b15ce50b3e7a03a4216e
Waiting on transaction to be confirmed ...
Tx confirmed !




******************
Processing:
Vault:     0xa18d434e584b24b364b506cf2b5cc0cef6be5d5c
Tier:      #4 (Canary tier)
# prizes:  74

5a. Calculating # of profitable claims ...

Native (Gas) Token ETH Market Rate (USD): $3521.36

Estimated gas limit (wei) (1 prize claim): 0.000000000000189066 ETH (189066 wei)
Estimated gas limit (wei) (2 prize claims): 0.000000000000275438 ETH (275438 wei)

Gas Cost: First Claim (wei): 0.000000000000189066 ETH (189066 wei)
Gas Cost: Each Following Claim (wei): 0.000000000000086372 ETH (86372 wei)

Gas Cost: First Claim (USD): $0.02 $0.01501972491529634
Gas Cost: Each Following Claim (USD): $0.02 $0.017923947008591876

5b. 1 Claim(s):

Total gas cost: 1 Claim(s) (USD): $0.02 ($0.01501972491529634)

Next Claim Reward: 1 Claim(s) (WEI): 0.000016476373001715 WETH (16476373001715 wei)
Next Claim Reward: 1 Claim(s) (USD): $0.06 ($0.058167108042823025)

Net profit = (Gross Profit - Gas Cost [Avg])
$0.04 = ($0.06 - $0.02) $0.04314738312752668 = ($0.058167108042823025 - $0.01501972491529634)


5b. 2 Claim(s):

Total gas cost: 2 Claim(s) (USD): $0.03 ($0.03294367192388822)

Claim Reward: 1 Claim(s) (WEI): 0.000016476373001715 WETH (16476373001715 wei)
Claim Reward: 1 Claim(s) (USD): $0.06 ($0.058167108042823025)

Next Claim Reward: 2 Claim(s) (WEI): 0.00003295274600343 WETH (32952746003430 wei)
Next Claim Reward: 2 Claim(s) (USD): $0.12 ($0.11633421608564605)

Net profit = (Gross Profit - Gas Cost [Avg])
$0.08 = ($0.12 - $0.03) $0.08339054416175784 = ($0.11633421608564605 - $0.03294367192388822)


5b. 3 Claim(s):

Total gas cost: 3 Claim(s) (USD): $0.05 ($0.050867618932480096)

Claim Reward: 2 Claim(s) (WEI): 0.00003295274600343 WETH (32952746003430 wei)
Claim Reward: 2 Claim(s) (USD): $0.12 ($0.11633421608564605)

Next Claim Reward: 3 Claim(s) (WEI): 0.000049429119005145 WETH (49429119005145 wei)
Next Claim Reward: 3 Claim(s) (USD): $0.17 ($0.17450132412846908)

Net profit = (Gross Profit - Gas Cost [Avg])
$0.12 = ($0.17 - $0.05) $0.12363370519598899 = ($0.17450132412846908 - $0.050867618932480096)


5b. 4 Claim(s):

Total gas cost: 4 Claim(s) (USD): $0.07 ($0.06879156594107197)

Claim Reward: 3 Claim(s) (WEI): 0.000049429119005145 WETH (49429119005145 wei)
Claim Reward: 3 Claim(s) (USD): $0.17 ($0.17450132412846908)

Next Claim Reward: 4 Claim(s) (WEI): 0.00006590549200686 WETH (65905492006860 wei)
Next Claim Reward: 4 Claim(s) (USD): $0.23 ($0.2326684321712921)

Net profit = (Gross Profit - Gas Cost [Avg])
$0.16 = ($0.23 - $0.07) $0.16387686623022013 = ($0.2326684321712921 - $0.06879156594107197)


5b. 5 Claim(s):

Total gas cost: 5 Claim(s) (USD): $0.09 ($0.08671551294966384)

Claim Reward: 4 Claim(s) (WEI): 0.00006590549200686 WETH (65905492006860 wei)
Claim Reward: 4 Claim(s) (USD): $0.23 ($0.2326684321712921)

Next Claim Reward: 5 Claim(s) (WEI): 0.000082381865008575 WETH (82381865008575 wei)
Next Claim Reward: 5 Claim(s) (USD): $0.29 ($0.2908355402141151)

Net profit = (Gross Profit - Gas Cost [Avg])
$0.2 = ($0.29 - $0.09) $0.20412002726445128 = ($0.2908355402141151 - $0.08671551294966384)


5b. 6 Claim(s):

Total gas cost: 6 Claim(s) (USD): $0.1 ($0.10463945995825571)

Claim Reward: 5 Claim(s) (WEI): 0.000082381865008575 WETH (82381865008575 wei)
Claim Reward: 5 Claim(s) (USD): $0.29 ($0.2908355402141151)

Next Claim Reward: 6 Claim(s) (WEI): 0.00009885823801029 WETH (98858238010290 wei)
Next Claim Reward: 6 Claim(s) (USD): $0.35 ($0.34900264825693816)

Net profit = (Gross Profit - Gas Cost [Avg])
$0.24 = ($0.35 - $0.1) $0.24436318829868245 = ($0.34900264825693816 - $0.10463945995825571)


5b. 7 Claim(s):

Total gas cost: 7 Claim(s) (USD): $0.12 ($0.1225634069668476)

Claim Reward: 6 Claim(s) (WEI): 0.00009885823801029 WETH (98858238010290 wei)
Claim Reward: 6 Claim(s) (USD): $0.35 ($0.34900264825693816)

Next Claim Reward: 7 Claim(s) (WEI): 0.000115334611012005 WETH (115334611012005 wei)
Next Claim Reward: 7 Claim(s) (USD): $0.41 ($0.4071697562997612)

Net profit = (Gross Profit - Gas Cost [Avg])
$0.28 = ($0.41 - $0.12) $0.2846063493329136 = ($0.4071697562997612 - $0.1225634069668476)


5b. 8 Claim(s):

Total gas cost: 8 Claim(s) (USD): $0.14 ($0.1404873539754395)

Claim Reward: 7 Claim(s) (WEI): 0.000115334611012005 WETH (115334611012005 wei)
Claim Reward: 7 Claim(s) (USD): $0.41 ($0.4071697562997612)

Next Claim Reward: 8 Claim(s) (WEI): 0.00013181098401372 WETH (131810984013720 wei)
Next Claim Reward: 8 Claim(s) (USD): $0.47 ($0.4653368643425842)

Net profit = (Gross Profit - Gas Cost [Avg])
$0.32 = ($0.47 - $0.14) $0.3248495103671447 = ($0.4653368643425842 - $0.1404873539754395)


5b. 9 Claim(s):

Total gas cost: 9 Claim(s) (USD): $0.16 ($0.15841130098403136)

Claim Reward: 8 Claim(s) (WEI): 0.00013181098401372 WETH (131810984013720 wei)
Claim Reward: 8 Claim(s) (USD): $0.47 ($0.4653368643425842)

Next Claim Reward: 9 Claim(s) (WEI): 0.000148287357015435 WETH (148287357015435 wei)
Next Claim Reward: 9 Claim(s) (USD): $0.52 ($0.5235039723854071)

Net profit = (Gross Profit - Gas Cost [Avg])
$0.37 = ($0.52 - $0.16) $0.3650926714013758 = ($0.5235039723854071 - $0.15841130098403136)


5b. 10 Claim(s):

Total gas cost: 10 Claim(s) (USD): $0.18 ($0.17633524799262323)

Claim Reward: 9 Claim(s) (WEI): 0.000148287357015435 WETH (148287357015435 wei)
Claim Reward: 9 Claim(s) (USD): $0.52 ($0.5235039723854071)

Next Claim Reward: 10 Claim(s) (WEI): 0.00016476373001715 WETH (164763730017150 wei)
Next Claim Reward: 10 Claim(s) (USD): $0.58 ($0.5816710804282302)

Net profit = (Gross Profit - Gas Cost [Avg])
$0.41 = ($0.58 - $0.18) $0.405335832435607 = ($0.5816710804282302 - $0.17633524799262323)


5b. 11 Claim(s):

Total gas cost: 11 Claim(s) (USD): $0.19 ($0.1942591950012151)

Claim Reward: 10 Claim(s) (WEI): 0.00016476373001715 WETH (164763730017150 wei)
Claim Reward: 10 Claim(s) (USD): $0.58 ($0.5816710804282302)

Next Claim Reward: 11 Claim(s) (WEI): 0.000181240103018865 WETH (181240103018865 wei)
Next Claim Reward: 11 Claim(s) (USD): $0.64 ($0.6398381884710532)

Net profit = (Gross Profit - Gas Cost [Avg])
$0.45 = ($0.64 - $0.19) $0.4455789934698381 = ($0.6398381884710532 - $0.1942591950012151)


5b. 12 Claim(s):

Total gas cost: 12 Claim(s) (USD): $0.21 ($0.21218314200980698)

Claim Reward: 11 Claim(s) (WEI): 0.000181240103018865 WETH (181240103018865 wei)
Claim Reward: 11 Claim(s) (USD): $0.64 ($0.6398381884710532)

Next Claim Reward: 12 Claim(s) (WEI): 0.00019771647602058 WETH (197716476020580 wei)
Next Claim Reward: 12 Claim(s) (USD): $0.7 ($0.6980052965138763)

Net profit = (Gross Profit - Gas Cost [Avg])
$0.49 = ($0.7 - $0.21) $0.48582215450406935 = ($0.6980052965138763 - $0.21218314200980698)


5b. 13 Claim(s):

Total gas cost: 13 Claim(s) (USD): $0.23 ($0.23010708901839888)

Claim Reward: 12 Claim(s) (WEI): 0.00019771647602058 WETH (197716476020580 wei)
Claim Reward: 12 Claim(s) (USD): $0.7 ($0.6980052965138763)

Next Claim Reward: 13 Claim(s) (WEI): 0.000214192849022295 WETH (214192849022295 wei)
Next Claim Reward: 13 Claim(s) (USD): $0.76 ($0.7561724045566993)

Net profit = (Gross Profit - Gas Cost [Avg])
$0.53 = ($0.76 - $0.23) $0.5260653155383004 = ($0.7561724045566993 - $0.23010708901839888)


5b. 14 Claim(s):

Total gas cost: 14 Claim(s) (USD): $0.25 ($0.24803103602699075)

Claim Reward: 13 Claim(s) (WEI): 0.000214192849022295 WETH (214192849022295 wei)
Claim Reward: 13 Claim(s) (USD): $0.76 ($0.7561724045566993)

Next Claim Reward: 14 Claim(s) (WEI): 0.00023066922202401 WETH (230669222024010 wei)
Next Claim Reward: 14 Claim(s) (USD): $0.81 ($0.8143395125995224)

Net profit = (Gross Profit - Gas Cost [Avg])
$0.57 = ($0.81 - $0.25) $0.5663084765725317 = ($0.8143395125995224 - $0.24803103602699075)


5b. 15 Claim(s):

Total gas cost: 15 Claim(s) (USD): $0.27 ($0.2659549830355826)

Claim Reward: 14 Claim(s) (WEI): 0.00023066922202401 WETH (230669222024010 wei)
Claim Reward: 14 Claim(s) (USD): $0.81 ($0.8143395125995224)

Next Claim Reward: 15 Claim(s) (WEI): 0.000247145595025725 WETH (247145595025725 wei)
Next Claim Reward: 15 Claim(s) (USD): $0.87 ($0.8725066206423453)

Net profit = (Gross Profit - Gas Cost [Avg])
$0.61 = ($0.87 - $0.27) $0.6065516376067627 = ($0.8725066206423453 - $0.2659549830355826)


5b. 16 Claim(s):

Total gas cost: 16 Claim(s) (USD): $0.28 ($0.28387893004417447)

Claim Reward: 15 Claim(s) (WEI): 0.000247145595025725 WETH (247145595025725 wei)
Claim Reward: 15 Claim(s) (USD): $0.87 ($0.8725066206423453)

Next Claim Reward: 16 Claim(s) (WEI): 0.00026362196802744 WETH (263621968027440 wei)
Next Claim Reward: 16 Claim(s) (USD): $0.93 ($0.9306737286851684)

Net profit = (Gross Profit - Gas Cost [Avg])
$0.65 = ($0.93 - $0.28) $0.6467947986409939 = ($0.9306737286851684 - $0.28387893004417447)


5b. 17 Claim(s):

Total gas cost: 17 Claim(s) (USD): $0.3 ($0.30180287705276637)

Claim Reward: 16 Claim(s) (WEI): 0.00026362196802744 WETH (263621968027440 wei)
Claim Reward: 16 Claim(s) (USD): $0.93 ($0.9306737286851684)

Next Claim Reward: 17 Claim(s) (WEI): 0.000280098341029155 WETH (280098341029155 wei)
Next Claim Reward: 17 Claim(s) (USD): $0.99 ($0.9888408367279914)

Net profit = (Gross Profit - Gas Cost [Avg])
$0.69 = ($0.99 - $0.3) $0.687037959675225 = ($0.9888408367279914 - $0.30180287705276637)


5b. 18 Claim(s):

Total gas cost: 18 Claim(s) (USD): $0.32 ($0.3197268240613583)

Claim Reward: 17 Claim(s) (WEI): 0.000280098341029155 WETH (280098341029155 wei)
Claim Reward: 17 Claim(s) (USD): $0.99 ($0.9888408367279914)

Next Claim Reward: 18 Claim(s) (WEI): 0.00029657471403087 WETH (296574714030870 wei)
Next Claim Reward: 18 Claim(s) (USD): $1.05 ($1.0470079447708143)

Net profit = (Gross Profit - Gas Cost [Avg])
$0.73 = ($1.05 - $0.32) $0.727281120709456 = ($1.0470079447708143 - $0.3197268240613583)


5b. 19 Claim(s):

Total gas cost: 19 Claim(s) (USD): $0.34 ($0.3376507710699501)

Claim Reward: 18 Claim(s) (WEI): 0.00029657471403087 WETH (296574714030870 wei)
Claim Reward: 18 Claim(s) (USD): $1.05 ($1.0470079447708143)

Next Claim Reward: 19 Claim(s) (WEI): 0.000313051087032585 WETH (313051087032585 wei)
Next Claim Reward: 19 Claim(s) (USD): $1.11 ($1.1051750528136373)

Net profit = (Gross Profit - Gas Cost [Avg])
$0.77 = ($1.11 - $0.34) $0.7675242817436871 = ($1.1051750528136373 - $0.3376507710699501)


5b. 20 Claim(s):

Total gas cost: 20 Claim(s) (USD): $0.36 ($0.355574718078542)

Claim Reward: 19 Claim(s) (WEI): 0.000313051087032585 WETH (313051087032585 wei)
Claim Reward: 19 Claim(s) (USD): $1.11 ($1.1051750528136373)

Next Claim Reward: 20 Claim(s) (WEI): 0.0003295274600343 WETH (329527460034300 wei)
Next Claim Reward: 20 Claim(s) (USD): $1.16 ($1.1633421608564605)

Net profit = (Gross Profit - Gas Cost [Avg])
$0.81 = ($1.16 - $0.36) $0.8077674427779185 = ($1.1633421608564605 - $0.355574718078542)


5b. 21 Claim(s):

Total gas cost: 21 Claim(s) (USD): $0.37 ($0.37349866508713386)

Claim Reward: 20 Claim(s) (WEI): 0.0003295274600343 WETH (329527460034300 wei)
Claim Reward: 20 Claim(s) (USD): $1.16 ($1.1633421608564605)

Next Claim Reward: 21 Claim(s) (WEI): 0.000346003833036015 WETH (346003833036015 wei)
Next Claim Reward: 21 Claim(s) (USD): $1.22 ($1.2215092688992835)

Net profit = (Gross Profit - Gas Cost [Avg])
$0.85 = ($1.22 - $0.37) $0.8480106038121495 = ($1.2215092688992835 - $0.37349866508713386)


5b. 22 Claim(s):

Total gas cost: 22 Claim(s) (USD): $0.39 ($0.39142261209572576)

Claim Reward: 21 Claim(s) (WEI): 0.000346003833036015 WETH (346003833036015 wei)
Claim Reward: 21 Claim(s) (USD): $1.22 ($1.2215092688992835)

Next Claim Reward: 22 Claim(s) (WEI): 0.00036248020603773 WETH (362480206037730 wei)
Next Claim Reward: 22 Claim(s) (USD): $1.28 ($1.2796763769421065)

Net profit = (Gross Profit - Gas Cost [Avg])
$0.89 = ($1.28 - $0.39) $0.8882537648463806 = ($1.2796763769421065 - $0.39142261209572576)


5b. 23 Claim(s):

Total gas cost: 23 Claim(s) (USD): $0.41 ($0.4093465591043176)

Claim Reward: 22 Claim(s) (WEI): 0.00036248020603773 WETH (362480206037730 wei)
Claim Reward: 22 Claim(s) (USD): $1.28 ($1.2796763769421065)

Next Claim Reward: 23 Claim(s) (WEI): 0.000378956579039445 WETH (378956579039445 wei)
Next Claim Reward: 23 Claim(s) (USD): $1.34 ($1.3378434849849294)

Net profit = (Gross Profit - Gas Cost [Avg])
$0.93 = ($1.34 - $0.41) $0.9284969258806118 = ($1.3378434849849294 - $0.4093465591043176)


5b. 24 Claim(s):

Total gas cost: 24 Claim(s) (USD): $0.43 ($0.4272705061129095)

Claim Reward: 23 Claim(s) (WEI): 0.000378956579039445 WETH (378956579039445 wei)
Claim Reward: 23 Claim(s) (USD): $1.34 ($1.3378434849849294)

Next Claim Reward: 24 Claim(s) (WEI): 0.00039543295204116 WETH (395432952041160 wei)
Next Claim Reward: 24 Claim(s) (USD): $1.4 ($1.3960105930277527)

Net profit = (Gross Profit - Gas Cost [Avg])
$0.97 = ($1.4 - $0.43) $0.9687400869148431 = ($1.3960105930277527 - $0.4272705061129095)


5b. 25 Claim(s):

Total gas cost: 25 Claim(s) (USD): $0.45 ($0.4451944531215014)

Claim Reward: 24 Claim(s) (WEI): 0.00039543295204116 WETH (395432952041160 wei)
Claim Reward: 24 Claim(s) (USD): $1.4 ($1.3960105930277527)

Next Claim Reward: 25 Claim(s) (WEI): 0.000411909325042875 WETH (411909325042875 wei)
Next Claim Reward: 25 Claim(s) (USD): $1.45 ($1.4541777010705756)

Net profit = (Gross Profit - Gas Cost [Avg])
$1.01 = ($1.45 - $0.45) $1.0089832479490743 = ($1.4541777010705756 - $0.4451944531215014)


5b. 26 Claim(s):

Total gas cost: 26 Claim(s) (USD): $0.46 ($0.46311840013009326)

Claim Reward: 25 Claim(s) (WEI): 0.000411909325042875 WETH (411909325042875 wei)
Claim Reward: 25 Claim(s) (USD): $1.45 ($1.4541777010705756)

Next Claim Reward: 26 Claim(s) (WEI): 0.00042838569804459 WETH (428385698044590 wei)
Next Claim Reward: 26 Claim(s) (USD): $1.51 ($1.5123448091133986)

Net profit = (Gross Profit - Gas Cost [Avg])
$1.05 = ($1.51 - $0.46) $1.0492264089833054 = ($1.5123448091133986 - $0.46311840013009326)


5b. 27 Claim(s):

Total gas cost: 27 Claim(s) (USD): $0.48 ($0.48104234713868516)

Claim Reward: 26 Claim(s) (WEI): 0.00042838569804459 WETH (428385698044590 wei)
Claim Reward: 26 Claim(s) (USD): $1.51 ($1.5123448091133986)

Next Claim Reward: 27 Claim(s) (WEI): 0.000444862071046305 WETH (444862071046305 wei)
Next Claim Reward: 27 Claim(s) (USD): $1.57 ($1.5705119171562216)

Net profit = (Gross Profit - Gas Cost [Avg])
$1.09 = ($1.57 - $0.48) $1.0894695700175365 = ($1.5705119171562216 - $0.48104234713868516)


5b. 28 Claim(s):

Total gas cost: 28 Claim(s) (USD): $0.5 ($0.498966294147277)

Claim Reward: 27 Claim(s) (WEI): 0.000444862071046305 WETH (444862071046305 wei)
Claim Reward: 27 Claim(s) (USD): $1.57 ($1.5705119171562216)

Next Claim Reward: 28 Claim(s) (WEI): 0.00046133844404802 WETH (461338444048020 wei)
Next Claim Reward: 28 Claim(s) (USD): $1.63 ($1.6286790251990448)

Net profit = (Gross Profit - Gas Cost [Avg])
$1.13 = ($1.63 - $0.5) $1.1297127310517678 = ($1.6286790251990448 - $0.498966294147277)


5b. 29 Claim(s):

Total gas cost: 29 Claim(s) (USD): $0.52 ($0.5168902411558689)

Claim Reward: 28 Claim(s) (WEI): 0.00046133844404802 WETH (461338444048020 wei)
Claim Reward: 28 Claim(s) (USD): $1.63 ($1.6286790251990448)

Next Claim Reward: 29 Claim(s) (WEI): 0.000477814817049735 WETH (477814817049735 wei)
Next Claim Reward: 29 Claim(s) (USD): $1.69 ($1.6868461332418676)

Net profit = (Gross Profit - Gas Cost [Avg])
$1.17 = ($1.69 - $0.52) $1.1699558920859987 = ($1.6868461332418676 - $0.5168902411558689)


5b. 30 Claim(s):

Total gas cost: 30 Claim(s) (USD): $0.53 ($0.5348141881644608)

Claim Reward: 29 Claim(s) (WEI): 0.000477814817049735 WETH (477814817049735 wei)
Claim Reward: 29 Claim(s) (USD): $1.69 ($1.6868461332418676)

Next Claim Reward: 30 Claim(s) (WEI): 0.00049429119005145 WETH (494291190051450 wei)
Next Claim Reward: 30 Claim(s) (USD): $1.75 ($1.7450132412846906)

Net profit = (Gross Profit - Gas Cost [Avg])
$1.21 = ($1.75 - $0.53) $1.2101990531202298 = ($1.7450132412846906 - $0.5348141881644608)

******************
5c. Profit/Loss (USD):

Net profit = (Gross Profit - Gas Cost [Max])
$1.15 = ($1.69 - $0.53) $1.1520319450774068 = ($1.6868461332418676 - $0.5348141881644608)

Submitting transaction to claim 29 prize(s):

0xa18d434e584b24b364b506cf2b5cc0cef6be5d5c-0x4C83a6103daB8D95E643De37950e672F4176781e-4-241
0xa18d434e584b24b364b506cf2b5cc0cef6be5d5c-0x02c3CE23e3698164f1e550eF631cFD93C00B4d92-4-73
0xa18d434e584b24b364b506cf2b5cc0cef6be5d5c-0xD9981e05294c50f4f3BEB8C02D5164b57142B231-4-206
0xa18d434e584b24b364b506cf2b5cc0cef6be5d5c-0xB7e81748992255aC6fddacD85ffe0b08e1CB72D4-4-7
0xa18d434e584b24b364b506cf2b5cc0cef6be5d5c-0x69d1104e0723920DD873C1Dcfb9FEE7908F7F2b6-4-251
0xa18d434e584b24b364b506cf2b5cc0cef6be5d5c-0xF6Bd41A5F6ea0dd603b3AC624058D272e08E06e3-4-5
0xa18d434e584b24b364b506cf2b5cc0cef6be5d5c-0xc9c1EE9348A335F727B291Ae08cA4f420dad0d24-4-203
0xa18d434e584b24b364b506cf2b5cc0cef6be5d5c-0xd11Cc8C991d05B8a280d8e5f215026D418E0747E-4-212
0xa18d434e584b24b364b506cf2b5cc0cef6be5d5c-0x319071C9777eBeDCe8e6DC35768Cb8595F415ffC-4-71
0xa18d434e584b24b364b506cf2b5cc0cef6be5d5c-0xc9c845dcCC7361644326F66afaC6209F7fbeA756-4-37
0xa18d434e584b24b364b506cf2b5cc0cef6be5d5c-0x660d9D8b0f8a0632a2be433c5843AA99543E6136-4-79
0xa18d434e584b24b364b506cf2b5cc0cef6be5d5c-0x46CAb7A2F54Fcd78cF009B247827F8dBEA0C890F-4-105
0xa18d434e584b24b364b506cf2b5cc0cef6be5d5c-0x01b492f343A06BBffAdc0F94E870E11EEAadb110-4-94
0xa18d434e584b24b364b506cf2b5cc0cef6be5d5c-0x49739f7Db724c2D94B7e37Cb860D62b8721cE117-4-89
0xa18d434e584b24b364b506cf2b5cc0cef6be5d5c-0xFc6C80b3Da80b686c64feA69630AFf7cc300A18d-4-149
0xa18d434e584b24b364b506cf2b5cc0cef6be5d5c-0x8e3cA7765dD4899f740f5BD13f9878Dd6c896563-4-112
0xa18d434e584b24b364b506cf2b5cc0cef6be5d5c-0x9889cDccA4A38c53753f7c06d2CdA778cC53E4bA-4-201
0xa18d434e584b24b364b506cf2b5cc0cef6be5d5c-0x37d3397dB9F9625D8E453d909C889aD31a22EA14-4-119
0xa18d434e584b24b364b506cf2b5cc0cef6be5d5c-0x73Ea5C3F2D2a65B5a3C0cda67180f4C0a714cad1-4-39
0xa18d434e584b24b364b506cf2b5cc0cef6be5d5c-0x7B83a79ca6863bD408Fa6b5507b199095bd1Fd39-4-119
0xa18d434e584b24b364b506cf2b5cc0cef6be5d5c-0xCca9091C427773e6E0Bd279e5ef0ebaDfC7A87bb-4-129
0xa18d434e584b24b364b506cf2b5cc0cef6be5d5c-0x372273BeABC0470CBF86f04103E599714e673B05-4-165
0xa18d434e584b24b364b506cf2b5cc0cef6be5d5c-0x252Fd53B8177eCd05AA7a94a7d82b927d04d4bD2-4-31
0xa18d434e584b24b364b506cf2b5cc0cef6be5d5c-0xf2215D0Ed4e43Dc8BF77E4cBe5bf89Dc509D5fe8-4-165
0xa18d434e584b24b364b506cf2b5cc0cef6be5d5c-0xf2215D0Ed4e43Dc8BF77E4cBe5bf89Dc509D5fe8-4-192
0xa18d434e584b24b364b506cf2b5cc0cef6be5d5c-0x971142f60940A50e1292FbBF5A36037236fB254F-4-77
0xa18d434e584b24b364b506cf2b5cc0cef6be5d5c-0xb732309ff8E78F9117Fb503dd29a098d9651FEB9-4-98
0xa18d434e584b24b364b506cf2b5cc0cef6be5d5c-0x2B4e5496Ac308850316632D3b3D048aA3bF50636-4-30
0xa18d434e584b24b364b506cf2b5cc0cef6be5d5c-0xDd910e78f71cfc97773d57e20f7CBee9D460c8D8-4-3



Execute Claim Transaction for Tier #4 (Canary tier)



Transaction sent! ✔
Transaction hash: 0x6017fd6ee04eb5a18f55f0b201257c42302809b82a4bd64a099cd5fc185ee9d6
Waiting on transaction to be confirmed ...
Tx confirmed !




******************
Processing:
Vault:     0x75ca27bb45d689c18f350592e036ee4e10a68d06
Tier:      #5 (Canary tier)
# prizes:  354

5a. Calculating # of profitable claims ...

Native (Gas) Token ETH Market Rate (USD): $3521.36

Estimated gas limit (wei) (1 prize claim): 0.000000000000183596 ETH (183596 wei)
Estimated gas limit (wei) (2 prize claims): 0.000000000000269336 ETH (269336 wei)

Gas Cost: First Claim (wei): 0.000000000000183596 ETH (183596 wei)
Gas Cost: Each Following Claim (wei): 0.00000000000008574 ETH (85740 wei)

Gas Cost: First Claim (USD): $0.01 $0.01344921090562762
Gas Cost: Each Following Claim (USD): $0.02 $0.016051154301294373

5b. 1 Claim(s):

Total gas cost: 1 Claim(s) (USD): $0.01 ($0.01344921090562762)

Next Claim Reward: 1 Claim(s) (WEI): 0.000004119093250428 WETH (4119093250428 wei)
Next Claim Reward: 1 Claim(s) (USD): $0.01 ($0.014541777010703107)

Net profit = (Gross Profit - Gas Cost [Avg])
$0 = ($0.01 - $0.01) $0.001092566105075488 = ($0.014541777010703107 - $0.01344921090562762)


5b. 2 Claim(s):

Total gas cost: 2 Claim(s) (USD): $0.03 ($0.029500365206921994)

Claim Reward: 1 Claim(s) (WEI): 0.000004119093250428 WETH (4119093250428 wei)
Claim Reward: 1 Claim(s) (USD): $0.01 ($0.014541777010703107)

Next Claim Reward: 2 Claim(s) (WEI): 0.000008238186500856 WETH (8238186500856 wei)
Next Claim Reward: 2 Claim(s) (USD): $0.03 ($0.029083554021406215)

Net profit = (Gross Profit - Gas Cost [Avg])
$0 = ($0.03 - $0.03) $-0.0004168111855157794 = ($0.029083554021406215 - $0.029500365206921994)

******************
5c. Profit/Loss (USD):

Net profit = (Gross Profit - Gas Cost [Max])
$-0.01 = ($0.01 - $0.03) $-0.014958588196218887 = ($0.014541777010703107 - $0.029500365206921994)

Claiming tier #5 (Canary tier) currently not profitable.

Execute Claim Transaction for Tier #5 (Canary tier)



Transaction sent! ✔
Transaction hash: 0xbffe7a9b496aeb7d6fa708b7f826ed093789aa483c6d474da2e0da5f05c5e280
Waiting on transaction to be confirmed ...
Tx confirmed !




******************
Processing:
Vault:     0x798a13b071a8aac2d55109a53a2ba4230444619d
Tier:      #5 (Canary tier)
# prizes:  69

5a. Calculating # of profitable claims ...

Native (Gas) Token ETH Market Rate (USD): $3521.36

Estimated gas limit (wei) (1 prize claim): 0.000000000000153496 ETH (153496 wei)
Estimated gas limit (wei) (2 prize claims): 0.000000000000225287 ETH (225287 wei)

Gas Cost: First Claim (wei): 0.000000000000153496 ETH (153496 wei)
Gas Cost: Each Following Claim (wei): 0.000000000000071791 ETH (71791 wei)

Gas Cost: First Claim (USD): $0.01 $0.013256099148012625
Gas Cost: Each Following Claim (USD): $0.02 $0.01591493036115769

5b. 1 Claim(s):

Total gas cost: 1 Claim(s) (USD): $0.01 ($0.013256099148012625)

Next Claim Reward: 1 Claim(s) (WEI): 0.000004119093250428 WETH (4119093250428 wei)
Next Claim Reward: 1 Claim(s) (USD): $0.01 ($0.014541777010703107)

Net profit = (Gross Profit - Gas Cost [Avg])
$0 = ($0.01 - $0.01) $0.0012856778626904822 = ($0.014541777010703107 - $0.013256099148012625)


5b. 2 Claim(s):

Total gas cost: 2 Claim(s) (USD): $0.03 ($0.029171029509170318)

Claim Reward: 1 Claim(s) (WEI): 0.000004119093250428 WETH (4119093250428 wei)
Claim Reward: 1 Claim(s) (USD): $0.01 ($0.014541777010703107)

Next Claim Reward: 2 Claim(s) (WEI): 0.000008238186500856 WETH (8238186500856 wei)
Next Claim Reward: 2 Claim(s) (USD): $0.03 ($0.029083554021406215)

Net profit = (Gross Profit - Gas Cost [Avg])
$0 = ($0.03 - $0.03) $-0.00008747548776410347 = ($0.029083554021406215 - $0.029171029509170318)

******************
5c. Profit/Loss (USD):

Net profit = (Gross Profit - Gas Cost [Max])
$-0.01 = ($0.01 - $0.03) $-0.01462925249846721 = ($0.014541777010703107 - $0.029171029509170318)

Claiming tier #5 (Canary tier) currently not profitable.

Execute Claim Transaction for Tier #5 (Canary tier)



Transaction sent! ✔
Transaction hash: 0xa2ec0d747af0c520b599ef4637b172426bd74ee19eed9be023096a21f6f1b6e8
Waiting on transaction to be confirmed ...
Tx confirmed !




******************
Processing:
Vault:     0xa18d434e584b24b364b506cf2b5cc0cef6be5d5c
Tier:      #5 (Canary tier)
# prizes:  622

5a. Calculating # of profitable claims ...

Native (Gas) Token ETH Market Rate (USD): $3521.36

Estimated gas limit (wei) (1 prize claim): 0.000000000000183584 ETH (183584 wei)
Estimated gas limit (wei) (2 prize claims): 0.000000000000269324 ETH (269324 wei)

Gas Cost: First Claim (wei): 0.000000000000183584 ETH (183584 wei)
Gas Cost: Each Following Claim (wei): 0.00000000000008574 ETH (85740 wei)

Gas Cost: First Claim (USD): $0.01 $0.013405622582961465
Gas Cost: Each Following Claim (USD): $0.02 $0.016007608245596813

5b. 1 Claim(s):

Total gas cost: 1 Claim(s) (USD): $0.01 ($0.013405622582961465)

Next Claim Reward: 1 Claim(s) (WEI): 0.000004119093250428 WETH (4119093250428 wei)
Next Claim Reward: 1 Claim(s) (USD): $0.01 ($0.014541777010703107)

Net profit = (Gross Profit - Gas Cost [Avg])
$0 = ($0.01 - $0.01) $0.0011361544277416428 = ($0.014541777010703107 - $0.013405622582961465)


5b. 2 Claim(s):

Total gas cost: 2 Claim(s) (USD): $0.03 ($0.029413230828558276)

Claim Reward: 1 Claim(s) (WEI): 0.000004119093250428 WETH (4119093250428 wei)
Claim Reward: 1 Claim(s) (USD): $0.01 ($0.014541777010703107)

Next Claim Reward: 2 Claim(s) (WEI): 0.000008238186500856 WETH (8238186500856 wei)
Next Claim Reward: 2 Claim(s) (USD): $0.03 ($0.029083554021406215)

Net profit = (Gross Profit - Gas Cost [Avg])
$0 = ($0.03 - $0.03) $-0.00032967680715206144 = ($0.029083554021406215 - $0.029413230828558276)

******************
5c. Profit/Loss (USD):

Net profit = (Gross Profit - Gas Cost [Max])
$-0.01 = ($0.01 - $0.03) $-0.014871453817855169 = ($0.014541777010703107 - $0.029413230828558276)

Claiming tier #5 (Canary tier) currently not profitable.

Execute Claim Transaction for Tier #5 (Canary tier)



Transaction sent! ✔
Transaction hash: 0x1197119bebcce79ad85b1f1ccca37af325c63c35587cd11bb34a2bcfba64bc2b
Waiting on transaction to be confirmed ...
Tx confirmed !
