Operating on: 11155420 - Optimism Sepolia

Config - REWARD_RECIPIENT not provided, setting swap recipient to relayer address: 0x06003274c3a7926c04cA8d6903cc691fE8f3CEC2
Config - MIN_PROFIT_THRESHOLD_USD: 0.05

Starting ...
Getting prize pool info ...
Getting prize context ...

******************
1. Prize token: WETH

┌────────────┬──────────────────────────────────────────────┬──────────┬─────────────────┬────────┬──────────────┐
│ (index)    │ address                                      │ decimals │ name            │ symbol │ assetRateUsd │
├────────────┼──────────────────────────────────────────────┼──────────┼─────────────────┼────────┼──────────────┤
│ prizeToken │ '0xC355F97a3Aa2808Acb536E555764b8FB26fB4b37' │ 18       │ 'Wrapped Ether' │ 'WETH' │ 3027.0918    │
└────────────┴──────────────────────────────────────────────┴──────────┴─────────────────┴────────┴──────────────┘
┌─────────┬──────────┬───────────────────────────────┐
│ (index) │ numTiers │ tiersRangeArray               │
├─────────┼──────────┼───────────────────────────────┤
│ tiers   │ 7        │ [ 0, 1, 2, ... 4 more items ] │
└─────────┴──────────┴───────────────────────────────┘
Draw ID: 29
Prize Token WETH MarketRate USD:  $3027.0918

******************
Getting prize vaults ...
Found 6 prize vaults.

722 prizes already claimed for draw #29.
4522 prizes remaining to be claimed...




******************
Processing:
Vault:     0x33335296c9b020ca3252e4953c11decfdce816b8
Tier:      #5 (Canary tier)
# prizes:  301

5a. Calculating # of profitable claims ...

Native (Gas) Token ETH Market Rate (USD): $3044.17

Estimated gas limit (wei) (1 prize claim): 0.000000000000195817 ETH (195817 wei)
Estimated gas limit (wei) (2 prize claims): 0.000000000000284908 ETH (284908 wei)

Gas Cost: First Claim (wei): 0.000000000000195817 ETH (195817 wei)
Gas Cost: Each Following Claim (wei): 0.000000000000089091 ETH (89091 wei)

Gas Cost: First Claim (USD): $0.01 $0.014044264899872691
Gas Cost: Each Following Claim (USD): $0.02 $0.01677913265198186

5b. 1 Claim(s):

Total gas cost: 1 Claim(s) (USD): $0.01 ($0.014044264899872691)

Next Claim Reward: 1 Claim(s) (WEI): 0.000013598557961719 WETH (13598557961719 wei)
Next Claim Reward: 1 Claim(s) (USD): $0.04 ($0.041164083297744306)

Net profit = (Gross Profit - Gas Cost [Avg])
$0.03 = ($0.04 - $0.01) $0.027119818397871615 = ($0.041164083297744306 - $0.014044264899872691)

******************
5c. Profit/Loss (USD):

Net profit = (Gross Profit - Gas Cost [Max])
$-0.01 = ($0 - $0.01) $-0.014044264899872691 = ($0 - $0.014044264899872691)

Claiming tier #5 (Canary tier) currently not profitable.
Not profitable to claim for Draw #29, Tier: #5 (Canary tier)




******************
Processing:
Vault:     0x7fad91a4a29109303188d8758f1a9d60ce988349
Tier:      #5 (Canary tier)
# prizes:  448

Tier #5 (Canary tier) not profitable, skipping ...





******************
Processing:
Vault:     0x33335296c9b020ca3252e4953c11decfdce816b8
Tier:      #6 (Canary tier)
# prizes:  1355

Tier #6 (Canary tier) not profitable, skipping ...





******************
Processing:
Vault:     0x75b2f4b3ec5adf7077f928992524cc547e74f768
Tier:      #6 (Canary tier)
# prizes:  141

Tier #6 (Canary tier) not profitable, skipping ...





******************
Processing:
Vault:     0x7fad91a4a29109303188d8758f1a9d60ce988349
Tier:      #6 (Canary tier)
# prizes:  2274

Tier #6 (Canary tier) not profitable, skipping ...





******************
Processing:
Vault:     0xdea4278d8b01b71523bfd6a8fc36fea67f349e47
Tier:      #6 (Canary tier)
# prizes:  1

Tier #6 (Canary tier) not profitable, skipping ...





******************
Processing:
Vault:     0xe590741416acbdba094f7d70beaef6060cc6d21e
Tier:      #6 (Canary tier)
# prizes:  2

Tier #6 (Canary tier) not profitable, skipping ...

