Operating on: 11155420 - Optimism Sepolia
Config - MIN_PROFIT_THRESHOLD_USD: -0.1

Starting ...
Getting prize pool info ...
Getting prize context ...

******************
1. Prize token: WETH

┌────────────┬──────────────────────────────────────────────┬──────────┬─────────────────┬────────┬──────────────┐
│ (index)    │ address                                      │ decimals │ name            │ symbol │ assetRateUsd │
├────────────┼──────────────────────────────────────────────┼──────────┼─────────────────┼────────┼──────────────┤
│ prizeToken │ '0x28Dae98474c0EeDF4Ee74Da5300Dd89dE5466E62' │ 18       │ 'Wrapped Ether' │ 'WETH' │ 3516.4084    │
└────────────┴──────────────────────────────────────────────┴──────────┴─────────────────┴────────┴──────────────┘
┌─────────┬──────────┬──────────────────────────────┐
│ (index) │ numTiers │ tiersRangeArray              │
├─────────┼──────────┼──────────────────────────────┤
│ tiers   │ 4        │ [ 0, 1, 2, ... 1 more item ] │
└─────────┴──────────┴──────────────────────────────┘
Draw ID: 20
Prize Token WETH MarketRate USD:  $3516.4084

******************
Getting prize vaults ...
Found 6 prize vaults.

10 prizes already claimed for draw #20.
70 prizes remaining to be claimed...




******************
Processing:
Vault:     0x887db83c6b90b8c6d3a0729e1299c6153220649e
Tier:      #1
# prizes:  2

5a. Calculating # of profitable claims ...

Native (Gas) Token ETH Market Rate (USD): $3515.51

Estimated gas limit (wei) (1 prize claim): 0.000000000000239283 ETH (239283 wei)
Estimated gas limit (wei) (2 prize claims): 0.000000000000350825 ETH (350825 wei)

Gas Cost: First Claim (wei): 0.000000000000239283 ETH (239283 wei)
Gas Cost: Each Following Claim (wei): 0.000000000000111542 ETH (111542 wei)

Gas Cost: First Claim (USD): $1.16 $1.1649314233011316
Gas Cost: Each Following Claim (USD): $1.43 $1.4253761282942172

5b. 1 Claim(s):

Total gas cost: 1 Claim(s) (USD): $1.16 ($1.1649314233011316)

Next Claim Reward: 1 Claim(s) (WEI): 0.000040339693773831 WETH (40339693773831 wei)
Next Claim Reward: 1 Claim(s) (USD): $0.14 ($0.14185083803972703)

Net profit = (Gross Profit - Gas Cost [Avg])
$-1.02 = ($0.14 - $1.16) $-1.0230805852614047 = ($0.14185083803972703 - $1.1649314233011316)

******************
5c. Profit/Loss (USD):

Net profit = (Gross Profit - Gas Cost [Max])
$-1.16 = ($0 - $1.16) $-1.1649314233011316 = ($0 - $1.1649314233011316)

Claiming tier #1 currently not profitable.
Not profitable to claim for Draw #20, Tier: #1
Not profitable to claim any more tiers yet for Draw #20
