Operating on: 11155420 - Optimism Sepolia

Config - REWARD_RECIPIENT not provided, setting swap recipient to relayer address: 0x06003274c3a7926c04cA8d6903cc691fE8f3CEC2
Config - MIN_PROFIT_THRESHOLD_USD: 0.05

Starting ...
Getting prize pool info ...
Getting prize context ...

******************
1. Prize token: WETH

┌────────────┬──────────────────────────────────────────────┬──────────┬─────────────────┬────────┬──────────────┐
│ (index)    │ address                                      │ decimals │ name            │ symbol │ assetRateUsd │
├────────────┼──────────────────────────────────────────────┼──────────┼─────────────────┼────────┼──────────────┤
│ prizeToken │ '0xC355F97a3Aa2808Acb536E555764b8FB26fB4b37' │ 18       │ 'Wrapped Ether' │ 'WETH' │ 3000.1392    │
└────────────┴──────────────────────────────────────────────┴──────────┴─────────────────┴────────┴──────────────┘
┌─────────┬──────────┬───────────────────────────────┐
│ (index) │ numTiers │ tiersRangeArray               │
├─────────┼──────────┼───────────────────────────────┤
│ tiers   │ 7        │ [ 0, 1, 2, ... 4 more items ] │
└─────────┴──────────┴───────────────────────────────┘
Draw ID: 30
Prize Token WETH MarketRate USD:  $3000.1392

******************
Getting prize vaults ...
Found 6 prize vaults.

705 prizes already claimed for draw #30.
4675 prizes remaining to be claimed...




******************
Processing:
Vault:     0x33335296c9b020ca3252e4953c11decfdce816b8
Tier:      #5 (Canary tier)
# prizes:  295

5a. Calculating # of profitable claims ...

Native (Gas) Token ETH Market Rate (USD): $2997.93

Estimated gas limit (wei) (1 prize claim): 0.000000000000195716 ETH (195716 wei)
Estimated gas limit (wei) (2 prize claims): 0.000000000000284707 ETH (284707 wei)

Gas Cost: First Claim (wei): 0.000000000000195716 ETH (195716 wei)
Gas Cost: Each Following Claim (wei): 0.000000000000088991 ETH (88991 wei)

Gas Cost: First Claim (USD): $0.05 $0.04701676466127097
Gas Cost: Each Following Claim (USD): $0.06 $0.05726097250945772

5b. 1 Claim(s):

Total gas cost: 1 Claim(s) (USD): $0.05 ($0.04701676466127097)

Next Claim Reward: 1 Claim(s) (WEI): 0.000013758929632565 WETH (13758929632565 wei)
Next Claim Reward: 1 Claim(s) (USD): $0.04 ($0.041278704140699854)

Net profit = (Gross Profit - Gas Cost [Avg])
$-0.01 = ($0.04 - $0.05) $-0.005738060520571117 = ($0.041278704140699854 - $0.04701676466127097)

******************
5c. Profit/Loss (USD):

Net profit = (Gross Profit - Gas Cost [Max])
$-0.05 = ($0 - $0.05) $-0.04701676466127097 = ($0 - $0.04701676466127097)

Claiming tier #5 (Canary tier) currently not profitable.
Not profitable to claim for Draw #30, Tier: #5 (Canary tier)




******************
Processing:
Vault:     0x7fad91a4a29109303188d8758f1a9d60ce988349
Tier:      #5 (Canary tier)
# prizes:  440

Tier #5 (Canary tier) not profitable, skipping ...





******************
Processing:
Vault:     0x33335296c9b020ca3252e4953c11decfdce816b8
Tier:      #6 (Canary tier)
# prizes:  1450

Tier #6 (Canary tier) not profitable, skipping ...





******************
Processing:
Vault:     0x75b2f4b3ec5adf7077f928992524cc547e74f768
Tier:      #6 (Canary tier)
# prizes:  187

Tier #6 (Canary tier) not profitable, skipping ...





******************
Processing:
Vault:     0x7fad91a4a29109303188d8758f1a9d60ce988349
Tier:      #6 (Canary tier)
# prizes:  2301

Tier #6 (Canary tier) not profitable, skipping ...





******************
Processing:
Vault:     0xdea4278d8b01b71523bfd6a8fc36fea67f349e47
Tier:      #6 (Canary tier)
# prizes:  1

Tier #6 (Canary tier) not profitable, skipping ...





******************
Processing:
Vault:     0xe590741416acbdba094f7d70beaef6060cc6d21e
Tier:      #6 (Canary tier)
# prizes:  1

Tier #6 (Canary tier) not profitable, skipping ...

