Operating on: 11155420 - Optimism Sepolia
Config - MIN_PROFIT_THRESHOLD_USD: -0.1

Starting ...
Getting prize pool info ...
Getting prize context ...

******************
1. Prize token: WETH

┌────────────┬──────────────────────────────────────────────┬──────────┬─────────────────┬────────┬──────────────┐
│ (index)    │ address                                      │ decimals │ name            │ symbol │ assetRateUsd │
├────────────┼──────────────────────────────────────────────┼──────────┼─────────────────┼────────┼──────────────┤
│ prizeToken │ '0x3749e4DA7558BeD9b0819dE7f8C7eFc271Db004e' │ 18       │ 'Wrapped Ether' │ 'WETH' │ 3504.3416    │
└────────────┴──────────────────────────────────────────────┴──────────┴─────────────────┴────────┴──────────────┘
┌─────────┬──────────┬───────────────────────────────┐
│ (index) │ numTiers │ tiersRangeArray               │
├─────────┼──────────┼───────────────────────────────┤
│ tiers   │ 6        │ [ 0, 1, 2, ... 3 more items ] │
└─────────┴──────────┴───────────────────────────────┘
Draw ID: 12
Prize Token WETH MarketRate USD:  $3504.3416

******************
Getting prize vaults ...
Found 6 prize vaults.

310 prizes already claimed for draw #12.
1048 prizes remaining to be claimed...




******************
Processing:
Vault:     0xa18d434e584b24b364b506cf2b5cc0cef6be5d5c
Tier:      #4 (Canary tier)
# prizes:  68

5a. Calculating # of profitable claims ...

Native (Gas) Token ETH Market Rate (USD): $3503.76

Estimated gas limit (wei) (1 prize claim): 0.000000000000183085 ETH (183085 wei)
Estimated gas limit (wei) (2 prize claims): 0.000000000000265492 ETH (265492 wei)

Gas Cost: First Claim (wei): 0.000000000000183085 ETH (183085 wei)
Gas Cost: Each Following Claim (wei): 0.000000000000082407 ETH (82407 wei)

Gas Cost: First Claim (USD): $0.1 $0.10234225767430602
Gas Cost: Each Following Claim (USD): $0.13 $0.12512948779369595

5b. 1 Claim(s):

Total gas cost: 1 Claim(s) (USD): $0.1 ($0.10234225767430602)

Next Claim Reward: 1 Claim(s) (WEI): 0.000015874412095343 WETH (15874412095343 wei)
Next Claim Reward: 1 Claim(s) (USD): $0.06 ($0.05562936268125364)

Net profit = (Gross Profit - Gas Cost [Avg])
$-0.05 = ($0.06 - $0.1) $-0.04671289499305238 = ($0.05562936268125364 - $0.10234225767430602)

******************
5c. Profit/Loss (USD):

Net profit = (Gross Profit - Gas Cost [Max])
$-0.1 = ($0 - $0.1) $-0.10234225767430602 = ($0 - $0.10234225767430602)

Claiming tier #4 (Canary tier) currently not profitable.
Not profitable to claim for Draw #12, Tier: #4 (Canary tier)




******************
Processing:
Vault:     0x75ca27bb45d689c18f350592e036ee4e10a68d06
Tier:      #5 (Canary tier)
# prizes:  400

Tier #5 (Canary tier) not profitable, skipping ...





******************
Processing:
Vault:     0x798a13b071a8aac2d55109a53a2ba4230444619d
Tier:      #5 (Canary tier)
# prizes:  38

Tier #5 (Canary tier) not profitable, skipping ...





******************
Processing:
Vault:     0xa18d434e584b24b364b506cf2b5cc0cef6be5d5c
Tier:      #5 (Canary tier)
# prizes:  542

Tier #5 (Canary tier) not profitable, skipping ...

