Operating on: 11155420 - Optimism Sepolia
Config - MIN_PROFIT_THRESHOLD_USD: -0.1

Starting ...
Getting prize pool info ...
Getting prize context ...

******************
1. Prize token: WETH

┌────────────┬──────────────────────────────────────────────┬──────────┬─────────────────┬────────┬──────────────┐
│ (index)    │ address                                      │ decimals │ name            │ symbol │ assetRateUsd │
├────────────┼──────────────────────────────────────────────┼──────────┼─────────────────┼────────┼──────────────┤
│ prizeToken │ '0x28Dae98474c0EeDF4Ee74Da5300Dd89dE5466E62' │ 18       │ 'Wrapped Ether' │ 'WETH' │ 3562.789     │
└────────────┴──────────────────────────────────────────────┴──────────┴─────────────────┴────────┴──────────────┘
┌─────────┬──────────┬──────────────────────────────┐
│ (index) │ numTiers │ tiersRangeArray              │
├─────────┼──────────┼──────────────────────────────┤
│ tiers   │ 4        │ [ 0, 1, 2, ... 1 more item ] │
└─────────┴──────────┴──────────────────────────────┘
Draw ID: 13
Prize Token WETH MarketRate USD:  $3562.789

******************
Getting prize vaults ...
Found 6 prize vaults.

6 prizes already claimed for draw #13.
74 prizes remaining to be claimed...




******************
Processing:
Vault:     0x887db83c6b90b8c6d3a0729e1299c6153220649e
Tier:      #2 (Canary tier)
# prizes:  6

5a. Calculating # of profitable claims ...

Native (Gas) Token ETH Market Rate (USD): $3557.02

Estimated gas limit (wei) (1 prize claim): 0.000000000000174735 ETH (174735 wei)
Estimated gas limit (wei) (2 prize claims): 0.000000000000251812 ETH (251812 wei)

Gas Cost: First Claim (wei): 0.000000000000174735 ETH (174735 wei)
Gas Cost: Each Following Claim (wei): 0.000000000000077077 ETH (77077 wei)

Gas Cost: First Claim (USD): $1.61 $1.6128788040736604
Gas Cost: Each Following Claim (USD): $1.97 $1.9738676943109197

5b. 1 Claim(s):

Total gas cost: 1 Claim(s) (USD): $1.61 ($1.6128788040736604)

Next Claim Reward: 1 Claim(s) (WEI): 0.000067513260431843 WETH (67513260431843 wei)
Next Claim Reward: 1 Claim(s) (USD): $0.24 ($0.24053550162070553)

Net profit = (Gross Profit - Gas Cost [Avg])
$-1.37 = ($0.24 - $1.61) $-1.3723433024529548 = ($0.24053550162070553 - $1.6128788040736604)

******************
5c. Profit/Loss (USD):

Net profit = (Gross Profit - Gas Cost [Max])
$-1.61 = ($0 - $1.61) $-1.6128788040736604 = ($0 - $1.6128788040736604)

Claiming tier #2 (Canary tier) currently not profitable.
Not profitable to claim for Draw #13, Tier: #2 (Canary tier)




******************
Processing:
Vault:     0xc1f6251c8b8ca9ea535dd297cb9cbfe49efa6bb0
Tier:      #2 (Canary tier)
# prizes:  2

Tier #2 (Canary tier) not profitable, skipping ...





******************
Processing:
Vault:     0xe0462dc45922ca4d8d50748504b1d383349a25df
Tier:      #2 (Canary tier)
# prizes:  5

Tier #2 (Canary tier) not profitable, skipping ...





******************
Processing:
Vault:     0x887db83c6b90b8c6d3a0729e1299c6153220649e
Tier:      #3 (Canary tier)
# prizes:  22

Tier #3 (Canary tier) not profitable, skipping ...





******************
Processing:
Vault:     0xc1f6251c8b8ca9ea535dd297cb9cbfe49efa6bb0
Tier:      #3 (Canary tier)
# prizes:  9

Tier #3 (Canary tier) not profitable, skipping ...





******************
Processing:
Vault:     0xe0462dc45922ca4d8d50748504b1d383349a25df
Tier:      #3 (Canary tier)
# prizes:  30

Tier #3 (Canary tier) not profitable, skipping ...

