Operating on: 11155420 - Optimism Sepolia
Config - MIN_PROFIT_THRESHOLD_USD: -0.1

Starting ...
Getting prize pool info ...
Getting prize context ...

******************
1. Prize token: WETH

┌────────────┬──────────────────────────────────────────────┬──────────┬─────────────────┬────────┬──────────────┐
│ (index)    │ address                                      │ decimals │ name            │ symbol │ assetRateUsd │
├────────────┼──────────────────────────────────────────────┼──────────┼─────────────────┼────────┼──────────────┤
│ prizeToken │ '0x3749e4DA7558BeD9b0819dE7f8C7eFc271Db004e' │ 18       │ 'Wrapped Ether' │ 'WETH' │ 3512.5508    │
└────────────┴──────────────────────────────────────────────┴──────────┴─────────────────┴────────┴──────────────┘
┌─────────┬──────────┬───────────────────────────────┐
│ (index) │ numTiers │ tiersRangeArray               │
├─────────┼──────────┼───────────────────────────────┤
│ tiers   │ 6        │ [ 0, 1, 2, ... 3 more items ] │
└─────────┴──────────┴───────────────────────────────┘
Draw ID: 16
Prize Token WETH MarketRate USD:  $3512.5508

******************
Getting prize vaults ...
Found 6 prize vaults.

326 prizes already claimed for draw #16.
1004 prizes remaining to be claimed...




******************
Processing:
Vault:     0x75ca27bb45d689c18f350592e036ee4e10a68d06
Tier:      #5 (Canary tier)
# prizes:  417

5a. Calculating # of profitable claims ...

Native (Gas) Token ETH Market Rate (USD): $3520.86

Estimated gas limit (wei) (1 prize claim): 0.000000000000189066 ETH (189066 wei)
Estimated gas limit (wei) (2 prize claims): 0.000000000000275426 ETH (275426 wei)

Gas Cost: First Claim (wei): 0.000000000000189066 ETH (189066 wei)
Gas Cost: Each Following Claim (wei): 0.00000000000008636 ETH (86360 wei)

Gas Cost: First Claim (USD): $0.02 $0.018829448028819876
Gas Cost: Each Following Claim (USD): $0.02 $0.022538540106164566

5b. 1 Claim(s):

Total gas cost: 1 Claim(s) (USD): $0.02 ($0.018829448028819876)

Next Claim Reward: 1 Claim(s) (WEI): 0.000004214280023905 WETH (4214280023905 wei)
Next Claim Reward: 1 Claim(s) (USD): $0.01 ($0.014802872669391528)

Net profit = (Gross Profit - Gas Cost [Avg])
$0 = ($0.01 - $0.02) $-0.0040265753594283474 = ($0.014802872669391528 - $0.018829448028819876)

******************
5c. Profit/Loss (USD):

Net profit = (Gross Profit - Gas Cost [Max])
$-0.02 = ($0 - $0.02) $-0.018829448028819876 = ($0 - $0.018829448028819876)

Claiming tier #5 (Canary tier) currently not profitable.
Not profitable to claim for Draw #16, Tier: #5 (Canary tier)




******************
Processing:
Vault:     0x798a13b071a8aac2d55109a53a2ba4230444619d
Tier:      #5 (Canary tier)
# prizes:  117

Tier #5 (Canary tier) not profitable, skipping ...





******************
Processing:
Vault:     0xa18d434e584b24b364b506cf2b5cc0cef6be5d5c
Tier:      #5 (Canary tier)
# prizes:  470

Tier #5 (Canary tier) not profitable, skipping ...

