Operating on: 11155420 - Optimism Sepolia
Config - MIN_PROFIT_THRESHOLD_USD: -0.1

Starting ...
Getting prize pool info ...
Getting prize context ...

******************
1. Prize token: WETH

┌────────────┬──────────────────────────────────────────────┬──────────┬─────────────────┬────────┬──────────────┐
│ (index)    │ address                                      │ decimals │ name            │ symbol │ assetRateUsd │
├────────────┼──────────────────────────────────────────────┼──────────┼─────────────────┼────────┼──────────────┤
│ prizeToken │ '0x3749e4DA7558BeD9b0819dE7f8C7eFc271Db004e' │ 18       │ 'Wrapped Ether' │ 'WETH' │ 3530.1284    │
└────────────┴──────────────────────────────────────────────┴──────────┴─────────────────┴────────┴──────────────┘
┌─────────┬──────────┬───────────────────────────────┐
│ (index) │ numTiers │ tiersRangeArray               │
├─────────┼──────────┼───────────────────────────────┤
│ tiers   │ 6        │ [ 0, 1, 2, ... 3 more items ] │
└─────────┴──────────┴───────────────────────────────┘
Draw ID: 16
Prize Token WETH MarketRate USD:  $3530.1284

******************
Getting prize vaults ...
Found 6 prize vaults.

202 prizes already claimed for draw #16.
1128 prizes remaining to be claimed...




******************
Processing:
Vault:     0x75ca27bb45d689c18f350592e036ee4e10a68d06
Tier:      #4 (Canary tier)
# prizes:  54

5a. Calculating # of profitable claims ...

Native (Gas) Token ETH Market Rate (USD): $3530.11

Estimated gas limit (wei) (1 prize claim): 0.000000000000180701 ETH (180701 wei)
Estimated gas limit (wei) (2 prize claims): 0.000000000000258708 ETH (258708 wei)

Gas Cost: First Claim (wei): 0.000000000000180701 ETH (180701 wei)
Gas Cost: Each Following Claim (wei): 0.000000000000078007 ETH (78007 wei)

Gas Cost: First Claim (USD): $0.01 $0.014473268575914045
Gas Cost: Each Following Claim (USD): $0.02 $0.017258599999453773

5b. 1 Claim(s):

Total gas cost: 1 Claim(s) (USD): $0.01 ($0.014473268575914045)

Next Claim Reward: 1 Claim(s) (WEI): 0.000016857120095622 WETH (16857120095622 wei)
Next Claim Reward: 1 Claim(s) (USD): $0.06 ($0.05950779839176594)

Net profit = (Gross Profit - Gas Cost [Avg])
$0.05 = ($0.06 - $0.01) $0.0450345298158519 = ($0.05950779839176594 - $0.014473268575914045)


5b. 2 Claim(s):

Total gas cost: 2 Claim(s) (USD): $0.03 ($0.03173186857536782)

Claim Reward: 1 Claim(s) (WEI): 0.000016857120095622 WETH (16857120095622 wei)
Claim Reward: 1 Claim(s) (USD): $0.06 ($0.05950779839176594)

Next Claim Reward: 2 Claim(s) (WEI): 0.000033714240191244 WETH (33714240191244 wei)
Next Claim Reward: 2 Claim(s) (USD): $0.12 ($0.11901559678353188)

Net profit = (Gross Profit - Gas Cost [Avg])
$0.09 = ($0.12 - $0.03) $0.08728372820816406 = ($0.11901559678353188 - $0.03173186857536782)


5b. 3 Claim(s):

Total gas cost: 3 Claim(s) (USD): $0.05 ($0.04899046857482159)

Claim Reward: 2 Claim(s) (WEI): 0.000033714240191244 WETH (33714240191244 wei)
Claim Reward: 2 Claim(s) (USD): $0.12 ($0.11901559678353188)

Next Claim Reward: 3 Claim(s) (WEI): 0.000050571360286866 WETH (50571360286866 wei)
Next Claim Reward: 3 Claim(s) (USD): $0.18 ($0.17852339517529783)

Net profit = (Gross Profit - Gas Cost [Avg])
$0.13 = ($0.18 - $0.05) $0.12953292660047624 = ($0.17852339517529783 - $0.04899046857482159)


5b. 4 Claim(s):

Total gas cost: 4 Claim(s) (USD): $0.07 ($0.06624906857427537)

Claim Reward: 3 Claim(s) (WEI): 0.000050571360286866 WETH (50571360286866 wei)
Claim Reward: 3 Claim(s) (USD): $0.18 ($0.17852339517529783)

Next Claim Reward: 4 Claim(s) (WEI): 0.000067428480382488 WETH (67428480382488 wei)
Next Claim Reward: 4 Claim(s) (USD): $0.24 ($0.23803119356706376)

Net profit = (Gross Profit - Gas Cost [Avg])
$0.17 = ($0.24 - $0.07) $0.1717821249927884 = ($0.23803119356706376 - $0.06624906857427537)


5b. 5 Claim(s):

Total gas cost: 5 Claim(s) (USD): $0.08 ($0.08350766857372914)

Claim Reward: 4 Claim(s) (WEI): 0.000067428480382488 WETH (67428480382488 wei)
Claim Reward: 4 Claim(s) (USD): $0.24 ($0.23803119356706376)

Next Claim Reward: 5 Claim(s) (WEI): 0.00008428560047811 WETH (84285600478110 wei)
Next Claim Reward: 5 Claim(s) (USD): $0.3 ($0.29753899195882966)

Net profit = (Gross Profit - Gas Cost [Avg])
$0.21 = ($0.3 - $0.08) $0.2140313233851005 = ($0.29753899195882966 - $0.08350766857372914)


5b. 6 Claim(s):

Total gas cost: 6 Claim(s) (USD): $0.1 ($0.10076626857318291)

Claim Reward: 5 Claim(s) (WEI): 0.00008428560047811 WETH (84285600478110 wei)
Claim Reward: 5 Claim(s) (USD): $0.3 ($0.29753899195882966)

Next Claim Reward: 6 Claim(s) (WEI): 0.000101142720573732 WETH (101142720573732 wei)
Next Claim Reward: 6 Claim(s) (USD): $0.36 ($0.35704679035059567)

Net profit = (Gross Profit - Gas Cost [Avg])
$0.26 = ($0.36 - $0.1) $0.2562805217774128 = ($0.35704679035059567 - $0.10076626857318291)


5b. 7 Claim(s):

Total gas cost: 7 Claim(s) (USD): $0.12 ($0.1180248685726367)

Claim Reward: 6 Claim(s) (WEI): 0.000101142720573732 WETH (101142720573732 wei)
Claim Reward: 6 Claim(s) (USD): $0.36 ($0.35704679035059567)

Next Claim Reward: 7 Claim(s) (WEI): 0.000117999840669354 WETH (117999840669354 wei)
Next Claim Reward: 7 Claim(s) (USD): $0.42 ($0.41655458874236156)

Net profit = (Gross Profit - Gas Cost [Avg])
$0.3 = ($0.42 - $0.12) $0.2985297201697249 = ($0.41655458874236156 - $0.1180248685726367)


5b. 8 Claim(s):

Total gas cost: 8 Claim(s) (USD): $0.14 ($0.13528346857209045)

Claim Reward: 7 Claim(s) (WEI): 0.000117999840669354 WETH (117999840669354 wei)
Claim Reward: 7 Claim(s) (USD): $0.42 ($0.41655458874236156)

Next Claim Reward: 8 Claim(s) (WEI): 0.000134856960764976 WETH (134856960764976 wei)
Next Claim Reward: 8 Claim(s) (USD): $0.48 ($0.4760623871341275)

Net profit = (Gross Profit - Gas Cost [Avg])
$0.34 = ($0.48 - $0.14) $0.34077891856203707 = ($0.4760623871341275 - $0.13528346857209045)


5b. 9 Claim(s):

Total gas cost: 9 Claim(s) (USD): $0.15 ($0.15254206857154423)

Claim Reward: 8 Claim(s) (WEI): 0.000134856960764976 WETH (134856960764976 wei)
Claim Reward: 8 Claim(s) (USD): $0.48 ($0.4760623871341275)

Next Claim Reward: 9 Claim(s) (WEI): 0.000151714080860598 WETH (151714080860598 wei)
Next Claim Reward: 9 Claim(s) (USD): $0.54 ($0.5355701855258935)

Net profit = (Gross Profit - Gas Cost [Avg])
$0.38 = ($0.54 - $0.15) $0.3830281169543493 = ($0.5355701855258935 - $0.15254206857154423)


5b. 10 Claim(s):

Total gas cost: 10 Claim(s) (USD): $0.17 ($0.16980066857099801)

Claim Reward: 9 Claim(s) (WEI): 0.000151714080860598 WETH (151714080860598 wei)
Claim Reward: 9 Claim(s) (USD): $0.54 ($0.5355701855258935)

Next Claim Reward: 10 Claim(s) (WEI): 0.00016857120095622 WETH (168571200956220 wei)
Next Claim Reward: 10 Claim(s) (USD): $0.6 ($0.5950779839176593)

Net profit = (Gross Profit - Gas Cost [Avg])
$0.43 = ($0.6 - $0.17) $0.4252773153466613 = ($0.5950779839176593 - $0.16980066857099801)


5b. 11 Claim(s):

Total gas cost: 11 Claim(s) (USD): $0.19 ($0.18705926857045177)

Claim Reward: 10 Claim(s) (WEI): 0.00016857120095622 WETH (168571200956220 wei)
Claim Reward: 10 Claim(s) (USD): $0.6 ($0.5950779839176593)

Next Claim Reward: 11 Claim(s) (WEI): 0.000185428321051842 WETH (185428321051842 wei)
Next Claim Reward: 11 Claim(s) (USD): $0.65 ($0.6545857823094253)

Net profit = (Gross Profit - Gas Cost [Avg])
$0.47 = ($0.65 - $0.19) $0.4675265137389736 = ($0.6545857823094253 - $0.18705926857045177)


5b. 12 Claim(s):

Total gas cost: 12 Claim(s) (USD): $0.2 ($0.20431786856990555)

Claim Reward: 11 Claim(s) (WEI): 0.000185428321051842 WETH (185428321051842 wei)
Claim Reward: 11 Claim(s) (USD): $0.65 ($0.6545857823094253)

Next Claim Reward: 12 Claim(s) (WEI): 0.000202285441147464 WETH (202285441147464 wei)
Next Claim Reward: 12 Claim(s) (USD): $0.71 ($0.7140935807011913)

Net profit = (Gross Profit - Gas Cost [Avg])
$0.51 = ($0.71 - $0.2) $0.5097757121312858 = ($0.7140935807011913 - $0.20431786856990555)


5b. 13 Claim(s):

Total gas cost: 13 Claim(s) (USD): $0.22 ($0.22157646856935934)

Claim Reward: 12 Claim(s) (WEI): 0.000202285441147464 WETH (202285441147464 wei)
Claim Reward: 12 Claim(s) (USD): $0.71 ($0.7140935807011913)

Next Claim Reward: 13 Claim(s) (WEI): 0.000219142561243086 WETH (219142561243086 wei)
Next Claim Reward: 13 Claim(s) (USD): $0.77 ($0.7736013790929572)

Net profit = (Gross Profit - Gas Cost [Avg])
$0.55 = ($0.77 - $0.22) $0.5520249105235979 = ($0.7736013790929572 - $0.22157646856935934)


5b. 14 Claim(s):

Total gas cost: 14 Claim(s) (USD): $0.24 ($0.2388350685688131)

Claim Reward: 13 Claim(s) (WEI): 0.000219142561243086 WETH (219142561243086 wei)
Claim Reward: 13 Claim(s) (USD): $0.77 ($0.7736013790929572)

Next Claim Reward: 14 Claim(s) (WEI): 0.000235999681338708 WETH (235999681338708 wei)
Next Claim Reward: 14 Claim(s) (USD): $0.83 ($0.8331091774847231)

Net profit = (Gross Profit - Gas Cost [Avg])
$0.59 = ($0.83 - $0.24) $0.59427410891591 = ($0.8331091774847231 - $0.2388350685688131)


5b. 15 Claim(s):

Total gas cost: 15 Claim(s) (USD): $0.26 ($0.2560936685682669)

Claim Reward: 14 Claim(s) (WEI): 0.000235999681338708 WETH (235999681338708 wei)
Claim Reward: 14 Claim(s) (USD): $0.83 ($0.8331091774847231)

Next Claim Reward: 15 Claim(s) (WEI): 0.00025285680143433 WETH (252856801434330 wei)
Next Claim Reward: 15 Claim(s) (USD): $0.89 ($0.8926169758764891)

Net profit = (Gross Profit - Gas Cost [Avg])
$0.64 = ($0.89 - $0.26) $0.6365233073082223 = ($0.8926169758764891 - $0.2560936685682669)


5b. 16 Claim(s):

Total gas cost: 16 Claim(s) (USD): $0.27 ($0.2733522685677206)

Claim Reward: 15 Claim(s) (WEI): 0.00025285680143433 WETH (252856801434330 wei)
Claim Reward: 15 Claim(s) (USD): $0.89 ($0.8926169758764891)

Next Claim Reward: 16 Claim(s) (WEI): 0.000269713921529952 WETH (269713921529952 wei)
Next Claim Reward: 16 Claim(s) (USD): $0.95 ($0.952124774268255)

Net profit = (Gross Profit - Gas Cost [Avg])
$0.68 = ($0.95 - $0.27) $0.6787725057005345 = ($0.952124774268255 - $0.2733522685677206)


5b. 17 Claim(s):

Total gas cost: 17 Claim(s) (USD): $0.29 ($0.2906108685671744)

Claim Reward: 16 Claim(s) (WEI): 0.000269713921529952 WETH (269713921529952 wei)
Claim Reward: 16 Claim(s) (USD): $0.95 ($0.952124774268255)

Next Claim Reward: 17 Claim(s) (WEI): 0.000286571041625574 WETH (286571041625574 wei)
Next Claim Reward: 17 Claim(s) (USD): $1.01 ($1.0116325726600208)

Net profit = (Gross Profit - Gas Cost [Avg])
$0.72 = ($1.01 - $0.29) $0.7210217040928464 = ($1.0116325726600208 - $0.2906108685671744)


5b. 18 Claim(s):

Total gas cost: 18 Claim(s) (USD): $0.31 ($0.30786946856662817)

Claim Reward: 17 Claim(s) (WEI): 0.000286571041625574 WETH (286571041625574 wei)
Claim Reward: 17 Claim(s) (USD): $1.01 ($1.0116325726600208)

Next Claim Reward: 18 Claim(s) (WEI): 0.000303428161721196 WETH (303428161721196 wei)
Next Claim Reward: 18 Claim(s) (USD): $1.07 ($1.071140371051787)

Net profit = (Gross Profit - Gas Cost [Avg])
$0.76 = ($1.07 - $0.31) $0.7632709024851589 = ($1.071140371051787 - $0.30786946856662817)


5b. 19 Claim(s):

Total gas cost: 19 Claim(s) (USD): $0.33 ($0.32512806856608195)

Claim Reward: 18 Claim(s) (WEI): 0.000303428161721196 WETH (303428161721196 wei)
Claim Reward: 18 Claim(s) (USD): $1.07 ($1.071140371051787)

Next Claim Reward: 19 Claim(s) (WEI): 0.000320285281816818 WETH (320285281816818 wei)
Next Claim Reward: 19 Claim(s) (USD): $1.13 ($1.1306481694435528)

Net profit = (Gross Profit - Gas Cost [Avg])
$0.81 = ($1.13 - $0.33) $0.8055201008774708 = ($1.1306481694435528 - $0.32512806856608195)


5b. 20 Claim(s):

Total gas cost: 20 Claim(s) (USD): $0.34 ($0.3423866685655357)

Claim Reward: 19 Claim(s) (WEI): 0.000320285281816818 WETH (320285281816818 wei)
Claim Reward: 19 Claim(s) (USD): $1.13 ($1.1306481694435528)

Next Claim Reward: 20 Claim(s) (WEI): 0.00033714240191244 WETH (337142401912440 wei)
Next Claim Reward: 20 Claim(s) (USD): $1.19 ($1.1901559678353186)

Net profit = (Gross Profit - Gas Cost [Avg])
$0.85 = ($1.19 - $0.34) $0.847769299269783 = ($1.1901559678353186 - $0.3423866685655357)


5b. 21 Claim(s):

Total gas cost: 21 Claim(s) (USD): $0.36 ($0.35964526856498946)

Claim Reward: 20 Claim(s) (WEI): 0.00033714240191244 WETH (337142401912440 wei)
Claim Reward: 20 Claim(s) (USD): $1.19 ($1.1901559678353186)

Next Claim Reward: 21 Claim(s) (WEI): 0.000353999522008062 WETH (353999522008062 wei)
Next Claim Reward: 21 Claim(s) (USD): $1.25 ($1.2496637662270849)

Net profit = (Gross Profit - Gas Cost [Avg])
$0.89 = ($1.25 - $0.36) $0.8900184976620954 = ($1.2496637662270849 - $0.35964526856498946)


5b. 22 Claim(s):

Total gas cost: 22 Claim(s) (USD): $0.38 ($0.37690386856444325)

Claim Reward: 21 Claim(s) (WEI): 0.000353999522008062 WETH (353999522008062 wei)
Claim Reward: 21 Claim(s) (USD): $1.25 ($1.2496637662270849)

Next Claim Reward: 22 Claim(s) (WEI): 0.000370856642103684 WETH (370856642103684 wei)
Next Claim Reward: 22 Claim(s) (USD): $1.31 ($1.3091715646188506)

Net profit = (Gross Profit - Gas Cost [Avg])
$0.93 = ($1.31 - $0.38) $0.9322676960544074 = ($1.3091715646188506 - $0.37690386856444325)


5b. 23 Claim(s):

Total gas cost: 23 Claim(s) (USD): $0.39 ($0.39416246856389703)

Claim Reward: 22 Claim(s) (WEI): 0.000370856642103684 WETH (370856642103684 wei)
Claim Reward: 22 Claim(s) (USD): $1.31 ($1.3091715646188506)

Next Claim Reward: 23 Claim(s) (WEI): 0.000387713762199306 WETH (387713762199306 wei)
Next Claim Reward: 23 Claim(s) (USD): $1.37 ($1.3686793630106164)

Net profit = (Gross Profit - Gas Cost [Avg])
$0.97 = ($1.37 - $0.39) $0.9745168944467194 = ($1.3686793630106164 - $0.39416246856389703)


5b. 24 Claim(s):

Total gas cost: 24 Claim(s) (USD): $0.41 ($0.4114210685633508)

Claim Reward: 23 Claim(s) (WEI): 0.000387713762199306 WETH (387713762199306 wei)
Claim Reward: 23 Claim(s) (USD): $1.37 ($1.3686793630106164)

Next Claim Reward: 24 Claim(s) (WEI): 0.000404570882294928 WETH (404570882294928 wei)
Next Claim Reward: 24 Claim(s) (USD): $1.43 ($1.4281871614023827)

Net profit = (Gross Profit - Gas Cost [Avg])
$1.02 = ($1.43 - $0.41) $1.0167660928390319 = ($1.4281871614023827 - $0.4114210685633508)


5b. 25 Claim(s):

Total gas cost: 25 Claim(s) (USD): $0.43 ($0.4286796685628046)

Claim Reward: 24 Claim(s) (WEI): 0.000404570882294928 WETH (404570882294928 wei)
Claim Reward: 24 Claim(s) (USD): $1.43 ($1.4281871614023827)

Next Claim Reward: 25 Claim(s) (WEI): 0.00042142800239055 WETH (421428002390550 wei)
Next Claim Reward: 25 Claim(s) (USD): $1.49 ($1.4876949597941485)

Net profit = (Gross Profit - Gas Cost [Avg])
$1.06 = ($1.49 - $0.43) $1.059015291231344 = ($1.4876949597941485 - $0.4286796685628046)


5b. 26 Claim(s):

Total gas cost: 26 Claim(s) (USD): $0.45 ($0.4459382685622583)

Claim Reward: 25 Claim(s) (WEI): 0.00042142800239055 WETH (421428002390550 wei)
Claim Reward: 25 Claim(s) (USD): $1.49 ($1.4876949597941485)

Next Claim Reward: 26 Claim(s) (WEI): 0.000438285122486172 WETH (438285122486172 wei)
Next Claim Reward: 26 Claim(s) (USD): $1.55 ($1.5472027581859145)

Net profit = (Gross Profit - Gas Cost [Avg])
$1.1 = ($1.55 - $0.45) $1.101264489623656 = ($1.5472027581859145 - $0.4459382685622583)


5b. 27 Claim(s):

Total gas cost: 27 Claim(s) (USD): $0.46 ($0.4631968685617121)

Claim Reward: 26 Claim(s) (WEI): 0.000438285122486172 WETH (438285122486172 wei)
Claim Reward: 26 Claim(s) (USD): $1.55 ($1.5472027581859145)

Next Claim Reward: 27 Claim(s) (WEI): 0.000455142242581794 WETH (455142242581794 wei)
Next Claim Reward: 27 Claim(s) (USD): $1.61 ($1.6067105565776805)

Net profit = (Gross Profit - Gas Cost [Avg])
$1.14 = ($1.61 - $0.46) $1.1435136880159684 = ($1.6067105565776805 - $0.4631968685617121)


5b. 28 Claim(s):

Total gas cost: 28 Claim(s) (USD): $0.48 ($0.4804554685611659)

Claim Reward: 27 Claim(s) (WEI): 0.000455142242581794 WETH (455142242581794 wei)
Claim Reward: 27 Claim(s) (USD): $1.61 ($1.6067105565776805)

Next Claim Reward: 28 Claim(s) (WEI): 0.000471999362677416 WETH (471999362677416 wei)
Next Claim Reward: 28 Claim(s) (USD): $1.67 ($1.6662183549694463)

Net profit = (Gross Profit - Gas Cost [Avg])
$1.19 = ($1.67 - $0.48) $1.1857628864082803 = ($1.6662183549694463 - $0.4804554685611659)


5b. 29 Claim(s):

Total gas cost: 29 Claim(s) (USD): $0.5 ($0.49771406856061967)

Claim Reward: 28 Claim(s) (WEI): 0.000471999362677416 WETH (471999362677416 wei)
Claim Reward: 28 Claim(s) (USD): $1.67 ($1.6662183549694463)

Next Claim Reward: 29 Claim(s) (WEI): 0.000488856482773038 WETH (488856482773038 wei)
Next Claim Reward: 29 Claim(s) (USD): $1.73 ($1.7257261533612123)

Net profit = (Gross Profit - Gas Cost [Avg])
$1.23 = ($1.73 - $0.5) $1.2280120848005927 = ($1.7257261533612123 - $0.49771406856061967)


5b. 30 Claim(s):

Total gas cost: 30 Claim(s) (USD): $0.51 ($0.5149726685600734)

Claim Reward: 29 Claim(s) (WEI): 0.000488856482773038 WETH (488856482773038 wei)
Claim Reward: 29 Claim(s) (USD): $1.73 ($1.7257261533612123)

Next Claim Reward: 30 Claim(s) (WEI): 0.00050571360286866 WETH (505713602868660 wei)
Next Claim Reward: 30 Claim(s) (USD): $1.79 ($1.7852339517529783)

Net profit = (Gross Profit - Gas Cost [Avg])
$1.27 = ($1.79 - $0.51) $1.2702612831929048 = ($1.7852339517529783 - $0.5149726685600734)

******************
5c. Profit/Loss (USD):

Net profit = (Gross Profit - Gas Cost [Max])
$1.21 = ($1.73 - $0.51) $1.2107534848011388 = ($1.7257261533612123 - $0.5149726685600734)

Submitting transaction to claim 29 prize(s):

0x75ca27bb45d689c18f350592e036ee4e10a68d06-0x396e7af890824535e7D76199bc927C16eD1a6e8B-4-156
0x75ca27bb45d689c18f350592e036ee4e10a68d06-0x4810cf813395BCccA45E3962C7754b03Dfbc8e0a-4-2
0x75ca27bb45d689c18f350592e036ee4e10a68d06-0x2eD10dE6f18385d2Cc402B6e7fcef36DA7D37fc6-4-88
0x75ca27bb45d689c18f350592e036ee4e10a68d06-0x169Ac3B4e22C96ddEC432369b8fAF3Faa4EABCF9-4-247
0x75ca27bb45d689c18f350592e036ee4e10a68d06-0x19fd3c3F79D70D37Dda466bE4070DEd3C8073998-4-199
0x75ca27bb45d689c18f350592e036ee4e10a68d06-0xa397434943F7e63d146B42DB07BA3788Ec482006-4-21
0x75ca27bb45d689c18f350592e036ee4e10a68d06-0x6d1a214214b3EB1E22a2A268592520e20451Ade4-4-111
0x75ca27bb45d689c18f350592e036ee4e10a68d06-0xc43677C693405353Ea7d805b80E12B609A042857-4-93
0x75ca27bb45d689c18f350592e036ee4e10a68d06-0x2995F3A0896AB0525c1E329e8D5AAc4eC1c6074e-4-248
0x75ca27bb45d689c18f350592e036ee4e10a68d06-0xC76A37f9d7A76d25223856d2ce02E8e17D90a430-4-44
0x75ca27bb45d689c18f350592e036ee4e10a68d06-0x5b3726F57F5C1c92227EE001DEE6Ef780D46BcDc-4-131
0x75ca27bb45d689c18f350592e036ee4e10a68d06-0x852A169387CAAdfe6C0DAC4C5eDf8A8F10789a3b-4-230
0x75ca27bb45d689c18f350592e036ee4e10a68d06-0xe9c7c1e5A10a43249ECDD605855167666D0F8492-4-209
0x75ca27bb45d689c18f350592e036ee4e10a68d06-0x9E2747FD969A27f192dCD815e3F6fF8523f12543-4-144
0x75ca27bb45d689c18f350592e036ee4e10a68d06-0xF4ddE1d7460899A6E0C0CfFC26E158aAaff58A8A-4-37
0x75ca27bb45d689c18f350592e036ee4e10a68d06-0xcCC8EFf3538069DdcE73fd55f5C3E138a8242F7c-4-74
0x75ca27bb45d689c18f350592e036ee4e10a68d06-0x19435090EAaCC51Dd84061B99f571F7786a9C77c-4-0
0x75ca27bb45d689c18f350592e036ee4e10a68d06-0x7756f78F66c56023c47Bde750f2F2f54b4b2edC3-4-169
0x75ca27bb45d689c18f350592e036ee4e10a68d06-0x211762E781A4ebbdb1B79EE77210f8910d2c575f-4-5
0x75ca27bb45d689c18f350592e036ee4e10a68d06-0xf185256cFB734221E8bfe3b724f3743b5385af0e-4-213
0x75ca27bb45d689c18f350592e036ee4e10a68d06-0x0255ef7E92E6b6268ddCb909337b725123e5e466-4-40
0x75ca27bb45d689c18f350592e036ee4e10a68d06-0x7C8Db737692dAa09F5310027374b3D2BFacfaCcb-4-37
0x75ca27bb45d689c18f350592e036ee4e10a68d06-0x1233b4349d118531F51cA1eDeC6e3E997a35a7c2-4-191
0x75ca27bb45d689c18f350592e036ee4e10a68d06-0x924C1Cb1A0714183aF33C0E4d835DBaB37cE2083-4-68
0x75ca27bb45d689c18f350592e036ee4e10a68d06-0xE295094cDa048B9163aA31cbF63d1f1d66c36d6D-4-107
0x75ca27bb45d689c18f350592e036ee4e10a68d06-0x8eE23680b7dD3971D89f30753e6B9C21E1813708-4-200
0x75ca27bb45d689c18f350592e036ee4e10a68d06-0xf0306cECC106A28A2fc4B62fF98B613783Cd1735-4-116
0x75ca27bb45d689c18f350592e036ee4e10a68d06-0xdC978514942b1547Ae291FA576F4cd02927Aed57-4-212
0x75ca27bb45d689c18f350592e036ee4e10a68d06-0x548b58bDE180d5426F342b035200b3B8f023472A-4-254



Execute Claim Transaction for Tier #4 (Canary tier)



Transaction sent! ✔
Transaction hash: 0xc1d134b57b29a8b23712603c0489f57e7d550abe408535d28020dff0eb2dc26b
Waiting on transaction to be confirmed ...
Tx confirmed !




******************
Processing:
Vault:     0xa18d434e584b24b364b506cf2b5cc0cef6be5d5c
Tier:      #4 (Canary tier)
# prizes:  70

5a. Calculating # of profitable claims ...

Native (Gas) Token ETH Market Rate (USD): $3530.11

Estimated gas limit (wei) (1 prize claim): 0.000000000000189066 ETH (189066 wei)
Estimated gas limit (wei) (2 prize claims): 0.000000000000275438 ETH (275438 wei)

Gas Cost: First Claim (wei): 0.000000000000189066 ETH (189066 wei)
Gas Cost: Each Following Claim (wei): 0.000000000000086372 ETH (86372 wei)

Gas Cost: First Claim (USD): $0.02 $0.01563296418519933
Gas Cost: Each Following Claim (USD): $0.02 $0.018675442092866482

5b. 1 Claim(s):

Total gas cost: 1 Claim(s) (USD): $0.02 ($0.01563296418519933)

Next Claim Reward: 1 Claim(s) (WEI): 0.000016857120095622 WETH (16857120095622 wei)
Next Claim Reward: 1 Claim(s) (USD): $0.06 ($0.05950779839176594)

Net profit = (Gross Profit - Gas Cost [Avg])
$0.04 = ($0.06 - $0.02) $0.04387483420656661 = ($0.05950779839176594 - $0.01563296418519933)


5b. 2 Claim(s):

Total gas cost: 2 Claim(s) (USD): $0.03 ($0.03430840627806581)

Claim Reward: 1 Claim(s) (WEI): 0.000016857120095622 WETH (16857120095622 wei)
Claim Reward: 1 Claim(s) (USD): $0.06 ($0.05950779839176594)

Next Claim Reward: 2 Claim(s) (WEI): 0.000033714240191244 WETH (33714240191244 wei)
Next Claim Reward: 2 Claim(s) (USD): $0.12 ($0.11901559678353188)

Net profit = (Gross Profit - Gas Cost [Avg])
$0.08 = ($0.12 - $0.03) $0.08470719050546607 = ($0.11901559678353188 - $0.03430840627806581)


5b. 3 Claim(s):

Total gas cost: 3 Claim(s) (USD): $0.05 ($0.0529838483709323)

Claim Reward: 2 Claim(s) (WEI): 0.000033714240191244 WETH (33714240191244 wei)
Claim Reward: 2 Claim(s) (USD): $0.12 ($0.11901559678353188)

Next Claim Reward: 3 Claim(s) (WEI): 0.000050571360286866 WETH (50571360286866 wei)
Next Claim Reward: 3 Claim(s) (USD): $0.18 ($0.17852339517529783)

Net profit = (Gross Profit - Gas Cost [Avg])
$0.13 = ($0.18 - $0.05) $0.12553954680436552 = ($0.17852339517529783 - $0.0529838483709323)


5b. 4 Claim(s):

Total gas cost: 4 Claim(s) (USD): $0.07 ($0.07165929046379878)

Claim Reward: 3 Claim(s) (WEI): 0.000050571360286866 WETH (50571360286866 wei)
Claim Reward: 3 Claim(s) (USD): $0.18 ($0.17852339517529783)

Next Claim Reward: 4 Claim(s) (WEI): 0.000067428480382488 WETH (67428480382488 wei)
Next Claim Reward: 4 Claim(s) (USD): $0.24 ($0.23803119356706376)

Net profit = (Gross Profit - Gas Cost [Avg])
$0.17 = ($0.24 - $0.07) $0.166371903103265 = ($0.23803119356706376 - $0.07165929046379878)


5b. 5 Claim(s):

Total gas cost: 5 Claim(s) (USD): $0.09 ($0.09033473255666526)

Claim Reward: 4 Claim(s) (WEI): 0.000067428480382488 WETH (67428480382488 wei)
Claim Reward: 4 Claim(s) (USD): $0.24 ($0.23803119356706376)

Next Claim Reward: 5 Claim(s) (WEI): 0.00008428560047811 WETH (84285600478110 wei)
Next Claim Reward: 5 Claim(s) (USD): $0.3 ($0.29753899195882966)

Net profit = (Gross Profit - Gas Cost [Avg])
$0.21 = ($0.3 - $0.09) $0.20720425940216441 = ($0.29753899195882966 - $0.09033473255666526)


5b. 6 Claim(s):

Total gas cost: 6 Claim(s) (USD): $0.11 ($0.10901017464953174)

Claim Reward: 5 Claim(s) (WEI): 0.00008428560047811 WETH (84285600478110 wei)
Claim Reward: 5 Claim(s) (USD): $0.3 ($0.29753899195882966)

Next Claim Reward: 6 Claim(s) (WEI): 0.000101142720573732 WETH (101142720573732 wei)
Next Claim Reward: 6 Claim(s) (USD): $0.36 ($0.35704679035059567)

Net profit = (Gross Profit - Gas Cost [Avg])
$0.25 = ($0.36 - $0.11) $0.24803661570106394 = ($0.35704679035059567 - $0.10901017464953174)


5b. 7 Claim(s):

Total gas cost: 7 Claim(s) (USD): $0.13 ($0.12768561674239823)

Claim Reward: 6 Claim(s) (WEI): 0.000101142720573732 WETH (101142720573732 wei)
Claim Reward: 6 Claim(s) (USD): $0.36 ($0.35704679035059567)

Next Claim Reward: 7 Claim(s) (WEI): 0.000117999840669354 WETH (117999840669354 wei)
Next Claim Reward: 7 Claim(s) (USD): $0.42 ($0.41655458874236156)

Net profit = (Gross Profit - Gas Cost [Avg])
$0.29 = ($0.42 - $0.13) $0.2888689719999633 = ($0.41655458874236156 - $0.12768561674239823)


5b. 8 Claim(s):

Total gas cost: 8 Claim(s) (USD): $0.15 ($0.1463610588352647)

Claim Reward: 7 Claim(s) (WEI): 0.000117999840669354 WETH (117999840669354 wei)
Claim Reward: 7 Claim(s) (USD): $0.42 ($0.41655458874236156)

Next Claim Reward: 8 Claim(s) (WEI): 0.000134856960764976 WETH (134856960764976 wei)
Next Claim Reward: 8 Claim(s) (USD): $0.48 ($0.4760623871341275)

Net profit = (Gross Profit - Gas Cost [Avg])
$0.33 = ($0.48 - $0.15) $0.3297013282988628 = ($0.4760623871341275 - $0.1463610588352647)


5b. 9 Claim(s):

Total gas cost: 9 Claim(s) (USD): $0.17 ($0.16503650092813119)

Claim Reward: 8 Claim(s) (WEI): 0.000134856960764976 WETH (134856960764976 wei)
Claim Reward: 8 Claim(s) (USD): $0.48 ($0.4760623871341275)

Next Claim Reward: 9 Claim(s) (WEI): 0.000151714080860598 WETH (151714080860598 wei)
Next Claim Reward: 9 Claim(s) (USD): $0.54 ($0.5355701855258935)

Net profit = (Gross Profit - Gas Cost [Avg])
$0.37 = ($0.54 - $0.17) $0.37053368459776237 = ($0.5355701855258935 - $0.16503650092813119)


5b. 10 Claim(s):

Total gas cost: 10 Claim(s) (USD): $0.18 ($0.18371194302099766)

Claim Reward: 9 Claim(s) (WEI): 0.000151714080860598 WETH (151714080860598 wei)
Claim Reward: 9 Claim(s) (USD): $0.54 ($0.5355701855258935)

Next Claim Reward: 10 Claim(s) (WEI): 0.00016857120095622 WETH (168571200956220 wei)
Next Claim Reward: 10 Claim(s) (USD): $0.6 ($0.5950779839176593)

Net profit = (Gross Profit - Gas Cost [Avg])
$0.41 = ($0.6 - $0.18) $0.4113660408966616 = ($0.5950779839176593 - $0.18371194302099766)


5b. 11 Claim(s):

Total gas cost: 11 Claim(s) (USD): $0.2 ($0.20238738511386414)

Claim Reward: 10 Claim(s) (WEI): 0.00016857120095622 WETH (168571200956220 wei)
Claim Reward: 10 Claim(s) (USD): $0.6 ($0.5950779839176593)

Next Claim Reward: 11 Claim(s) (WEI): 0.000185428321051842 WETH (185428321051842 wei)
Next Claim Reward: 11 Claim(s) (USD): $0.65 ($0.6545857823094253)

Net profit = (Gross Profit - Gas Cost [Avg])
$0.45 = ($0.65 - $0.2) $0.4521983971955612 = ($0.6545857823094253 - $0.20238738511386414)


5b. 12 Claim(s):

Total gas cost: 12 Claim(s) (USD): $0.22 ($0.22106282720673062)

Claim Reward: 11 Claim(s) (WEI): 0.000185428321051842 WETH (185428321051842 wei)
Claim Reward: 11 Claim(s) (USD): $0.65 ($0.6545857823094253)

Next Claim Reward: 12 Claim(s) (WEI): 0.000202285441147464 WETH (202285441147464 wei)
Next Claim Reward: 12 Claim(s) (USD): $0.71 ($0.7140935807011913)

Net profit = (Gross Profit - Gas Cost [Avg])
$0.49 = ($0.71 - $0.22) $0.4930307534944607 = ($0.7140935807011913 - $0.22106282720673062)


5b. 13 Claim(s):

Total gas cost: 13 Claim(s) (USD): $0.24 ($0.23973826929959713)

Claim Reward: 12 Claim(s) (WEI): 0.000202285441147464 WETH (202285441147464 wei)
Claim Reward: 12 Claim(s) (USD): $0.71 ($0.7140935807011913)

Next Claim Reward: 13 Claim(s) (WEI): 0.000219142561243086 WETH (219142561243086 wei)
Next Claim Reward: 13 Claim(s) (USD): $0.77 ($0.7736013790929572)

Net profit = (Gross Profit - Gas Cost [Avg])
$0.53 = ($0.77 - $0.24) $0.5338631097933602 = ($0.7736013790929572 - $0.23973826929959713)


5b. 14 Claim(s):

Total gas cost: 14 Claim(s) (USD): $0.26 ($0.2584137113924636)

Claim Reward: 13 Claim(s) (WEI): 0.000219142561243086 WETH (219142561243086 wei)
Claim Reward: 13 Claim(s) (USD): $0.77 ($0.7736013790929572)

Next Claim Reward: 14 Claim(s) (WEI): 0.000235999681338708 WETH (235999681338708 wei)
Next Claim Reward: 14 Claim(s) (USD): $0.83 ($0.8331091774847231)

Net profit = (Gross Profit - Gas Cost [Avg])
$0.57 = ($0.83 - $0.26) $0.5746954660922595 = ($0.8331091774847231 - $0.2584137113924636)


5b. 15 Claim(s):

Total gas cost: 15 Claim(s) (USD): $0.28 ($0.2770891534853301)

Claim Reward: 14 Claim(s) (WEI): 0.000235999681338708 WETH (235999681338708 wei)
Claim Reward: 14 Claim(s) (USD): $0.83 ($0.8331091774847231)

Next Claim Reward: 15 Claim(s) (WEI): 0.00025285680143433 WETH (252856801434330 wei)
Next Claim Reward: 15 Claim(s) (USD): $0.89 ($0.8926169758764891)

Net profit = (Gross Profit - Gas Cost [Avg])
$0.62 = ($0.89 - $0.28) $0.6155278223911591 = ($0.8926169758764891 - $0.2770891534853301)


5b. 16 Claim(s):

Total gas cost: 16 Claim(s) (USD): $0.3 ($0.29576459557819657)

Claim Reward: 15 Claim(s) (WEI): 0.00025285680143433 WETH (252856801434330 wei)
Claim Reward: 15 Claim(s) (USD): $0.89 ($0.8926169758764891)

Next Claim Reward: 16 Claim(s) (WEI): 0.000269713921529952 WETH (269713921529952 wei)
Next Claim Reward: 16 Claim(s) (USD): $0.95 ($0.952124774268255)

Net profit = (Gross Profit - Gas Cost [Avg])
$0.66 = ($0.95 - $0.3) $0.6563601786900585 = ($0.952124774268255 - $0.29576459557819657)


5b. 17 Claim(s):

Total gas cost: 17 Claim(s) (USD): $0.31 ($0.31444003767106304)

Claim Reward: 16 Claim(s) (WEI): 0.000269713921529952 WETH (269713921529952 wei)
Claim Reward: 16 Claim(s) (USD): $0.95 ($0.952124774268255)

Next Claim Reward: 17 Claim(s) (WEI): 0.000286571041625574 WETH (286571041625574 wei)
Next Claim Reward: 17 Claim(s) (USD): $1.01 ($1.0116325726600208)

Net profit = (Gross Profit - Gas Cost [Avg])
$0.7 = ($1.01 - $0.31) $0.6971925349889578 = ($1.0116325726600208 - $0.31444003767106304)


5b. 18 Claim(s):

Total gas cost: 18 Claim(s) (USD): $0.33 ($0.3331154797639295)

Claim Reward: 17 Claim(s) (WEI): 0.000286571041625574 WETH (286571041625574 wei)
Claim Reward: 17 Claim(s) (USD): $1.01 ($1.0116325726600208)

Next Claim Reward: 18 Claim(s) (WEI): 0.000303428161721196 WETH (303428161721196 wei)
Next Claim Reward: 18 Claim(s) (USD): $1.07 ($1.071140371051787)

Net profit = (Gross Profit - Gas Cost [Avg])
$0.74 = ($1.07 - $0.33) $0.7380248912878575 = ($1.071140371051787 - $0.3331154797639295)


5b. 19 Claim(s):

Total gas cost: 19 Claim(s) (USD): $0.35 ($0.351790921856796)

Claim Reward: 18 Claim(s) (WEI): 0.000303428161721196 WETH (303428161721196 wei)
Claim Reward: 18 Claim(s) (USD): $1.07 ($1.071140371051787)

Next Claim Reward: 19 Claim(s) (WEI): 0.000320285281816818 WETH (320285281816818 wei)
Next Claim Reward: 19 Claim(s) (USD): $1.13 ($1.1306481694435528)

Net profit = (Gross Profit - Gas Cost [Avg])
$0.78 = ($1.13 - $0.35) $0.7788572475867568 = ($1.1306481694435528 - $0.351790921856796)


5b. 20 Claim(s):

Total gas cost: 20 Claim(s) (USD): $0.37 ($0.3704663639496625)

Claim Reward: 19 Claim(s) (WEI): 0.000320285281816818 WETH (320285281816818 wei)
Claim Reward: 19 Claim(s) (USD): $1.13 ($1.1306481694435528)

Next Claim Reward: 20 Claim(s) (WEI): 0.00033714240191244 WETH (337142401912440 wei)
Next Claim Reward: 20 Claim(s) (USD): $1.19 ($1.1901559678353186)

Net profit = (Gross Profit - Gas Cost [Avg])
$0.82 = ($1.19 - $0.37) $0.8196896038856561 = ($1.1901559678353186 - $0.3704663639496625)


5b. 21 Claim(s):

Total gas cost: 21 Claim(s) (USD): $0.39 ($0.38914180604252896)

Claim Reward: 20 Claim(s) (WEI): 0.00033714240191244 WETH (337142401912440 wei)
Claim Reward: 20 Claim(s) (USD): $1.19 ($1.1901559678353186)

Next Claim Reward: 21 Claim(s) (WEI): 0.000353999522008062 WETH (353999522008062 wei)
Next Claim Reward: 21 Claim(s) (USD): $1.25 ($1.2496637662270849)

Net profit = (Gross Profit - Gas Cost [Avg])
$0.86 = ($1.25 - $0.39) $0.860521960184556 = ($1.2496637662270849 - $0.38914180604252896)


5b. 22 Claim(s):

Total gas cost: 22 Claim(s) (USD): $0.41 ($0.40781724813539544)

Claim Reward: 21 Claim(s) (WEI): 0.000353999522008062 WETH (353999522008062 wei)
Claim Reward: 21 Claim(s) (USD): $1.25 ($1.2496637662270849)

Next Claim Reward: 22 Claim(s) (WEI): 0.000370856642103684 WETH (370856642103684 wei)
Next Claim Reward: 22 Claim(s) (USD): $1.31 ($1.3091715646188506)

Net profit = (Gross Profit - Gas Cost [Avg])
$0.9 = ($1.31 - $0.41) $0.9013543164834552 = ($1.3091715646188506 - $0.40781724813539544)


5b. 23 Claim(s):

Total gas cost: 23 Claim(s) (USD): $0.43 ($0.4264926902282619)

Claim Reward: 22 Claim(s) (WEI): 0.000370856642103684 WETH (370856642103684 wei)
Claim Reward: 22 Claim(s) (USD): $1.31 ($1.3091715646188506)

Next Claim Reward: 23 Claim(s) (WEI): 0.000387713762199306 WETH (387713762199306 wei)
Next Claim Reward: 23 Claim(s) (USD): $1.37 ($1.3686793630106164)

Net profit = (Gross Profit - Gas Cost [Avg])
$0.94 = ($1.37 - $0.43) $0.9421866727823545 = ($1.3686793630106164 - $0.4264926902282619)


5b. 24 Claim(s):

Total gas cost: 24 Claim(s) (USD): $0.45 ($0.4451681323211284)

Claim Reward: 23 Claim(s) (WEI): 0.000387713762199306 WETH (387713762199306 wei)
Claim Reward: 23 Claim(s) (USD): $1.37 ($1.3686793630106164)

Next Claim Reward: 24 Claim(s) (WEI): 0.000404570882294928 WETH (404570882294928 wei)
Next Claim Reward: 24 Claim(s) (USD): $1.43 ($1.4281871614023827)

Net profit = (Gross Profit - Gas Cost [Avg])
$0.98 = ($1.43 - $0.45) $0.9830190290812543 = ($1.4281871614023827 - $0.4451681323211284)


5b. 25 Claim(s):

Total gas cost: 25 Claim(s) (USD): $0.46 ($0.46384357441399493)

Claim Reward: 24 Claim(s) (WEI): 0.000404570882294928 WETH (404570882294928 wei)
Claim Reward: 24 Claim(s) (USD): $1.43 ($1.4281871614023827)

Next Claim Reward: 25 Claim(s) (WEI): 0.00042142800239055 WETH (421428002390550 wei)
Next Claim Reward: 25 Claim(s) (USD): $1.49 ($1.4876949597941485)

Net profit = (Gross Profit - Gas Cost [Avg])
$1.02 = ($1.49 - $0.46) $1.0238513853801536 = ($1.4876949597941485 - $0.46384357441399493)


5b. 26 Claim(s):

Total gas cost: 26 Claim(s) (USD): $0.48 ($0.4825190165068614)

Claim Reward: 25 Claim(s) (WEI): 0.00042142800239055 WETH (421428002390550 wei)
Claim Reward: 25 Claim(s) (USD): $1.49 ($1.4876949597941485)

Next Claim Reward: 26 Claim(s) (WEI): 0.000438285122486172 WETH (438285122486172 wei)
Next Claim Reward: 26 Claim(s) (USD): $1.55 ($1.5472027581859145)

Net profit = (Gross Profit - Gas Cost [Avg])
$1.06 = ($1.55 - $0.48) $1.064683741679053 = ($1.5472027581859145 - $0.4825190165068614)


5b. 27 Claim(s):

Total gas cost: 27 Claim(s) (USD): $0.5 ($0.5011944585997279)

Claim Reward: 26 Claim(s) (WEI): 0.000438285122486172 WETH (438285122486172 wei)
Claim Reward: 26 Claim(s) (USD): $1.55 ($1.5472027581859145)

Next Claim Reward: 27 Claim(s) (WEI): 0.000455142242581794 WETH (455142242581794 wei)
Next Claim Reward: 27 Claim(s) (USD): $1.61 ($1.6067105565776805)

Net profit = (Gross Profit - Gas Cost [Avg])
$1.11 = ($1.61 - $0.5) $1.1055160979779526 = ($1.6067105565776805 - $0.5011944585997279)


5b. 28 Claim(s):

Total gas cost: 28 Claim(s) (USD): $0.52 ($0.5198699006925943)

Claim Reward: 27 Claim(s) (WEI): 0.000455142242581794 WETH (455142242581794 wei)
Claim Reward: 27 Claim(s) (USD): $1.61 ($1.6067105565776805)

Next Claim Reward: 28 Claim(s) (WEI): 0.000471999362677416 WETH (471999362677416 wei)
Next Claim Reward: 28 Claim(s) (USD): $1.67 ($1.6662183549694463)

Net profit = (Gross Profit - Gas Cost [Avg])
$1.15 = ($1.67 - $0.52) $1.1463484542768518 = ($1.6662183549694463 - $0.5198699006925943)


5b. 29 Claim(s):

Total gas cost: 29 Claim(s) (USD): $0.54 ($0.5385453427854608)

Claim Reward: 28 Claim(s) (WEI): 0.000471999362677416 WETH (471999362677416 wei)
Claim Reward: 28 Claim(s) (USD): $1.67 ($1.6662183549694463)

Next Claim Reward: 29 Claim(s) (WEI): 0.000488856482773038 WETH (488856482773038 wei)
Next Claim Reward: 29 Claim(s) (USD): $1.73 ($1.7257261533612123)

Net profit = (Gross Profit - Gas Cost [Avg])
$1.19 = ($1.73 - $0.54) $1.1871808105757515 = ($1.7257261533612123 - $0.5385453427854608)


5b. 30 Claim(s):

Total gas cost: 30 Claim(s) (USD): $0.56 ($0.5572207848783273)

Claim Reward: 29 Claim(s) (WEI): 0.000488856482773038 WETH (488856482773038 wei)
Claim Reward: 29 Claim(s) (USD): $1.73 ($1.7257261533612123)

Next Claim Reward: 30 Claim(s) (WEI): 0.00050571360286866 WETH (505713602868660 wei)
Next Claim Reward: 30 Claim(s) (USD): $1.79 ($1.7852339517529783)

Net profit = (Gross Profit - Gas Cost [Avg])
$1.23 = ($1.79 - $0.56) $1.228013166874651 = ($1.7852339517529783 - $0.5572207848783273)

******************
5c. Profit/Loss (USD):

Net profit = (Gross Profit - Gas Cost [Max])
$1.17 = ($1.73 - $0.56) $1.168505368482885 = ($1.7257261533612123 - $0.5572207848783273)

Submitting transaction to claim 29 prize(s):

0xa18d434e584b24b364b506cf2b5cc0cef6be5d5c-0x29B0C5318658a2CD15f6Fe627ca14928B4Ad1ab0-4-87
0xa18d434e584b24b364b506cf2b5cc0cef6be5d5c-0xd4749E71A1C174d713741Cc31512659414801CD6-4-179
0xa18d434e584b24b364b506cf2b5cc0cef6be5d5c-0x75C601Ea223c4E055b04E284eA3195c791a09054-4-85
0xa18d434e584b24b364b506cf2b5cc0cef6be5d5c-0xe6a9369Ff1a0CD652EBcD3C9765aa3A639685aAa-4-241
0xa18d434e584b24b364b506cf2b5cc0cef6be5d5c-0x94E4b0F40ca775518bE58eD3c9CcF1D657bF128c-4-3
0xa18d434e584b24b364b506cf2b5cc0cef6be5d5c-0x9C4dEb129C042df43C0fbd2c5cdbF1d7AD5E3E57-4-172
0xa18d434e584b24b364b506cf2b5cc0cef6be5d5c-0xaCC706B4a49a6967A5bA7d57a312dFb65a0B898B-4-54
0xa18d434e584b24b364b506cf2b5cc0cef6be5d5c-0x6e75De19279d134Eb6A6aa9Df339ee03846cFaae-4-130
0xa18d434e584b24b364b506cf2b5cc0cef6be5d5c-0xE2c1bA74436f7A51D5b8b2fdb2D2A668c2B87061-4-4
0xa18d434e584b24b364b506cf2b5cc0cef6be5d5c-0xE2c1bA74436f7A51D5b8b2fdb2D2A668c2B87061-4-181
0xa18d434e584b24b364b506cf2b5cc0cef6be5d5c-0x03680686E2a26e561cD3A15178926517d8A62630-4-5
0xa18d434e584b24b364b506cf2b5cc0cef6be5d5c-0x4eB14d6b6078c62a67d55E881039B2edA9fe75A2-4-31
0xa18d434e584b24b364b506cf2b5cc0cef6be5d5c-0xE05c352C699918c4AD158eFc60583ADB89C85256-4-145
0xa18d434e584b24b364b506cf2b5cc0cef6be5d5c-0xcaBEf7f5c8A80d1324e9a523209f37B43c92e110-4-239
0xa18d434e584b24b364b506cf2b5cc0cef6be5d5c-0x3B1fA21d100666f4b188b17cA576dc64a70805B4-4-100
0xa18d434e584b24b364b506cf2b5cc0cef6be5d5c-0x9390C0b4172E5E6C9ab69135180aaEf342a8387d-4-223
0xa18d434e584b24b364b506cf2b5cc0cef6be5d5c-0x68C89b9282202E6DE9Eb230862Df69d9eb493015-4-163
0xa18d434e584b24b364b506cf2b5cc0cef6be5d5c-0x73028B309a3429362f5E9a2E2D1B12e79E6F386a-4-49
0xa18d434e584b24b364b506cf2b5cc0cef6be5d5c-0x8916a7c13d68B41e7639e48c308D4aeEB8cecd07-4-132
0xa18d434e584b24b364b506cf2b5cc0cef6be5d5c-0x23565C60882FDA9b6384C6F9bb7AA61e98351c32-4-246
0xa18d434e584b24b364b506cf2b5cc0cef6be5d5c-0xfe3A59e72f05E269BC412C7622903298d2bd6411-4-189
0xa18d434e584b24b364b506cf2b5cc0cef6be5d5c-0x58915614Ce4b52C62b49dc406ad002b33244C449-4-119
0xa18d434e584b24b364b506cf2b5cc0cef6be5d5c-0x58915614Ce4b52C62b49dc406ad002b33244C449-4-160
0xa18d434e584b24b364b506cf2b5cc0cef6be5d5c-0xf6787336b05c46fade5Eb0CA1b015EAf1ED2f96E-4-178
0xa18d434e584b24b364b506cf2b5cc0cef6be5d5c-0xE79d3203D279b2fFc848b27ef4b46397B2Aa2bbF-4-212
0xa18d434e584b24b364b506cf2b5cc0cef6be5d5c-0xaE3b1E732Ca077393d71f619394aF5Bd80B694da-4-135
0xa18d434e584b24b364b506cf2b5cc0cef6be5d5c-0xD1070188E48655fEc1c4332A2288cb92De0103c1-4-41
0xa18d434e584b24b364b506cf2b5cc0cef6be5d5c-0x4F1b1D97488748BBA2D3118f0409851e960f9da9-4-177
0xa18d434e584b24b364b506cf2b5cc0cef6be5d5c-0x7Cbc558C50e10022Fef36Bfe9EeA398b95626296-4-90



Execute Claim Transaction for Tier #4 (Canary tier)



Transaction sent! ✔
Transaction hash: 0x04b269a6138068081bdd50d82cc4a56687bc3619849a97c700e495842ffa6947
Waiting on transaction to be confirmed ...
Tx confirmed !




******************
Processing:
Vault:     0x75ca27bb45d689c18f350592e036ee4e10a68d06
Tier:      #5 (Canary tier)
# prizes:  417

5a. Calculating # of profitable claims ...

Native (Gas) Token ETH Market Rate (USD): $3530.11

Estimated gas limit (wei) (1 prize claim): 0.000000000000180701 ETH (180701 wei)
Estimated gas limit (wei) (2 prize claims): 0.00000000000025872 ETH (258720 wei)

Gas Cost: First Claim (wei): 0.000000000000180701 ETH (180701 wei)
Gas Cost: Each Following Claim (wei): 0.000000000000078019 ETH (78019 wei)

Gas Cost: First Claim (USD): $0.02 $0.015603427373648053
Gas Cost: Each Following Claim (USD): $0.02 $0.018697024009000855

5b. 1 Claim(s):

Total gas cost: 1 Claim(s) (USD): $0.02 ($0.015603427373648053)

Next Claim Reward: 1 Claim(s) (WEI): 0.000004214280023905 WETH (4214280023905 wei)
Next Claim Reward: 1 Claim(s) (USD): $0.01 ($0.01487694959793972)

Net profit = (Gross Profit - Gas Cost [Avg])
$0 = ($0.01 - $0.02) $-0.0007264777757083323 = ($0.01487694959793972 - $0.015603427373648053)

******************
5c. Profit/Loss (USD):

Net profit = (Gross Profit - Gas Cost [Max])
$-0.02 = ($0 - $0.02) $-0.015603427373648053 = ($0 - $0.015603427373648053)

Claiming tier #5 (Canary tier) currently not profitable.
Not profitable to claim for Draw #16, Tier: #5 (Canary tier)




******************
Processing:
Vault:     0x798a13b071a8aac2d55109a53a2ba4230444619d
Tier:      #5 (Canary tier)
# prizes:  117

Tier #5 (Canary tier) not profitable, skipping ...





******************
Processing:
Vault:     0xa18d434e584b24b364b506cf2b5cc0cef6be5d5c
Tier:      #5 (Canary tier)
# prizes:  470

Tier #5 (Canary tier) not profitable, skipping ...

