Operating on: 11155420 - Optimism Sepolia

Config - REWARD_RECIPIENT not provided, setting swap recipient to relayer address: 0x06003274c3a7926c04cA8d6903cc691fE8f3CEC2
Config - MIN_PROFIT_THRESHOLD_USD: 0.05

Starting ...
Getting prize pool info ...
Getting prize context ...

******************
1. Prize token: WETH

┌────────────┬──────────────────────────────────────────────┬──────────┬─────────────────┬────────┬──────────────┐
│ (index)    │ address                                      │ decimals │ name            │ symbol │ assetRateUsd │
├────────────┼──────────────────────────────────────────────┼──────────┼─────────────────┼────────┼──────────────┤
│ prizeToken │ '0xC355F97a3Aa2808Acb536E555764b8FB26fB4b37' │ 18       │ 'Wrapped Ether' │ 'WETH' │ 3085.6306    │
└────────────┴──────────────────────────────────────────────┴──────────┴─────────────────┴────────┴──────────────┘
┌─────────┬──────────┬───────────────────────────────┐
│ (index) │ numTiers │ tiersRangeArray               │
├─────────┼──────────┼───────────────────────────────┤
│ tiers   │ 7        │ [ 0, 1, 2, ... 4 more items ] │
└─────────┴──────────┴───────────────────────────────┘
Draw ID: 24
Prize Token WETH MarketRate USD:  $3085.6306

******************
Getting prize vaults ...
Found 6 prize vaults.

1218 prizes already claimed for draw #24.
4126 prizes remaining to be claimed...




******************
Processing:
Vault:     0x33335296c9b020ca3252e4953c11decfdce816b8
Tier:      #5 (Canary tier)
# prizes:  172

5a. Calculating # of profitable claims ...

Native (Gas) Token ETH Market Rate (USD): $3081.79

Estimated gas limit (wei) (1 prize claim): 0.000000000000197808 ETH (197808 wei)
Estimated gas limit (wei) (2 prize claims): 0.000000000000286874 ETH (286874 wei)

Gas Cost: First Claim (wei): 0.000000000000197808 ETH (197808 wei)
Gas Cost: Each Following Claim (wei): 0.000000000000089066 ETH (89066 wei)

Gas Cost: First Claim (USD): $0.1 $0.1012437586142891
Gas Cost: Each Following Claim (USD): $0.12 $0.12380593806441736

5b. 1 Claim(s):

Total gas cost: 1 Claim(s) (USD): $0.1 ($0.1012437586142891)

Next Claim Reward: 1 Claim(s) (WEI): 0.000012965284525625 WETH (12965284525625 wei)
Next Claim Reward: 1 Claim(s) (USD): $0.04 ($0.040006078669974986)

Net profit = (Gross Profit - Gas Cost [Avg])
$-0.06 = ($0.04 - $0.1) $-0.06123767994431411 = ($0.040006078669974986 - $0.1012437586142891)

******************
5c. Profit/Loss (USD):

Net profit = (Gross Profit - Gas Cost [Max])
$-0.1 = ($0 - $0.1) $-0.1012437586142891 = ($0 - $0.1012437586142891)

Claiming tier #5 (Canary tier) currently not profitable.
Not profitable to claim for Draw #24, Tier: #5 (Canary tier)




******************
Processing:
Vault:     0x7fad91a4a29109303188d8758f1a9d60ce988349
Tier:      #5 (Canary tier)
# prizes:  305

Tier #5 (Canary tier) not profitable, skipping ...





******************
Processing:
Vault:     0x33335296c9b020ca3252e4953c11decfdce816b8
Tier:      #6 (Canary tier)
# prizes:  1272

Tier #6 (Canary tier) not profitable, skipping ...





******************
Processing:
Vault:     0x75b2f4b3ec5adf7077f928992524cc547e74f768
Tier:      #6 (Canary tier)
# prizes:  27

Tier #6 (Canary tier) not profitable, skipping ...





******************
Processing:
Vault:     0x7fad91a4a29109303188d8758f1a9d60ce988349
Tier:      #6 (Canary tier)
# prizes:  2350

Tier #6 (Canary tier) not profitable, skipping ...

