Operating on: 11155420 - Optimism Sepolia
Config - MIN_PROFIT_THRESHOLD_USD: -0.1

Starting ...
Getting prize pool info ...
Getting prize context ...

******************
1. Prize token: WETH

┌────────────┬──────────────────────────────────────────────┬──────────┬─────────────────┬────────┬──────────────┐
│ (index)    │ address                                      │ decimals │ name            │ symbol │ assetRateUsd │
├────────────┼──────────────────────────────────────────────┼──────────┼─────────────────┼────────┼──────────────┤
│ prizeToken │ '0x28Dae98474c0EeDF4Ee74Da5300Dd89dE5466E62' │ 18       │ 'Wrapped Ether' │ 'WETH' │ 3502.1782    │
└────────────┴──────────────────────────────────────────────┴──────────┴─────────────────┴────────┴──────────────┘
┌─────────┬──────────┬──────────────────────────────┐
│ (index) │ numTiers │ tiersRangeArray              │
├─────────┼──────────┼──────────────────────────────┤
│ tiers   │ 4        │ [ 0, 1, 2, ... 1 more item ] │
└─────────┴──────────┴──────────────────────────────┘
Draw ID: 22
Prize Token WETH MarketRate USD:  $3502.1782

******************
Getting prize vaults ...
Found 6 prize vaults.

41 prizes already claimed for draw #22.
35 prizes remaining to be claimed...




******************
Processing:
Vault:     0xc1f6251c8b8ca9ea535dd297cb9cbfe49efa6bb0
Tier:      #1
# prizes:  2

5a. Calculating # of profitable claims ...

Native (Gas) Token ETH Market Rate (USD): $3501.63

Estimated gas limit (wei) (1 prize claim): 0.000000000000218042 ETH (218042 wei)
Estimated gas limit (wei) (2 prize claims): 0.000000000000320478 ETH (320478 wei)

Gas Cost: First Claim (wei): 0.000000000000218042 ETH (218042 wei)
Gas Cost: Each Following Claim (wei): 0.000000000000102436 ETH (102436 wei)

Gas Cost: First Claim (USD): $0.64 $0.6441160349752544
Gas Cost: Each Following Claim (USD): $0.79 $0.7900939085457898

5b. 1 Claim(s):

Total gas cost: 1 Claim(s) (USD): $0.64 ($0.6441160349752544)

Next Claim Reward: 1 Claim(s) (WEI): 0.000048992939059323 WETH (48992939059323 wei)
Next Claim Reward: 1 Claim(s) (USD): $0.17 ($0.1715820031274895)

Net profit = (Gross Profit - Gas Cost [Avg])
$-0.47 = ($0.17 - $0.64) $-0.4725340318477649 = ($0.1715820031274895 - $0.6441160349752544)

******************
5c. Profit/Loss (USD):

Net profit = (Gross Profit - Gas Cost [Max])
$-0.64 = ($0 - $0.64) $-0.6441160349752544 = ($0 - $0.6441160349752544)

Claiming tier #1 currently not profitable.
Not profitable to claim for Draw #22, Tier: #1
Not profitable to claim any more tiers yet for Draw #22
