Operating on: 11155420 - Optimism Sepolia
Config - MIN_PROFIT_THRESHOLD_USD: -0.1

Starting ...
Getting prize pool info ...
Getting prize context ...

******************
1. Prize token: WETH

┌────────────┬──────────────────────────────────────────────┬──────────┬─────────────────┬────────┬──────────────┐
│ (index)    │ address                                      │ decimals │ name            │ symbol │ assetRateUsd │
├────────────┼──────────────────────────────────────────────┼──────────┼─────────────────┼────────┼──────────────┤
│ prizeToken │ '0x28Dae98474c0EeDF4Ee74Da5300Dd89dE5466E62' │ 18       │ 'Wrapped Ether' │ 'WETH' │ 3558.177     │
└────────────┴──────────────────────────────────────────────┴──────────┴─────────────────┴────────┴──────────────┘
┌─────────┬──────────┬──────────────────────────────┐
│ (index) │ numTiers │ tiersRangeArray              │
├─────────┼──────────┼──────────────────────────────┤
│ tiers   │ 4        │ [ 0, 1, 2, ... 1 more item ] │
└─────────┴──────────┴──────────────────────────────┘
Draw ID: 17
Prize Token WETH MarketRate USD:  $3558.177

******************
Getting prize vaults ...
Found 6 prize vaults.

11 prizes already claimed for draw #17.
80 prizes remaining to be claimed...




******************
Processing:
Vault:     0x887db83c6b90b8c6d3a0729e1299c6153220649e
Tier:      #1
# prizes:  1

5a. Calculating # of profitable claims ...

Native (Gas) Token ETH Market Rate (USD): $3553.3

Estimated gas limit (wei) (1 prize claim): 0.000000000000230441 ETH (230441 wei)

Gas Cost: First Claim (wei): 0.000000000000230441 ETH (230441 wei)

Gas Cost: First Claim (USD): $1.05 $1.0465555261823862

5b. 1 Claim(s):

Total gas cost: 1 Claim(s) (USD): $1.05 ($1.0465555261823862)

Next Claim Reward: 1 Claim(s) (WEI): 0.000040812696466526 WETH (40812696466526 wei)
Next Claim Reward: 1 Claim(s) (USD): $0.15 ($0.14521879787517408)

Net profit = (Gross Profit - Gas Cost [Avg])
$-0.9 = ($0.15 - $1.05) $-0.9013367283072121 = ($0.14521879787517408 - $1.0465555261823862)

******************
5c. Profit/Loss (USD):

Net profit = (Gross Profit - Gas Cost [Max])
$-1.05 = ($0 - $1.05) $-1.0465555261823862 = ($0 - $1.0465555261823862)

Claiming tier #1 currently not profitable.
Not profitable to claim for Draw #17, Tier: #1
Not profitable to claim any more tiers yet for Draw #17
