Operating on: 11155420 - Optimism Sepolia

Config - REWARD_RECIPIENT not provided, setting swap recipient to relayer address: 0x06003274c3a7926c04cA8d6903cc691fE8f3CEC2
Config - MIN_PROFIT_THRESHOLD_USD: -0.3

Starting ...
Getting prize pool info ...
Getting prize context ...

******************
1. Prize token: WETH

┌────────────┬──────────────────────────────────────────────┬──────────┬─────────────────┬────────┬──────────────┐
│ (index)    │ address                                      │ decimals │ name            │ symbol │ assetRateUsd │
├────────────┼──────────────────────────────────────────────┼──────────┼─────────────────┼────────┼──────────────┤
│ prizeToken │ '0xC355F97a3Aa2808Acb536E555764b8FB26fB4b37' │ 18       │ 'Wrapped Ether' │ 'WETH' │ 3243.396     │
└────────────┴──────────────────────────────────────────────┴──────────┴─────────────────┴────────┴──────────────┘
┌─────────┬──────────┬───────────────────────────────┐
│ (index) │ numTiers │ tiersRangeArray               │
├─────────┼──────────┼───────────────────────────────┤
│ tiers   │ 7        │ [ 0, 1, 2, ... 4 more items ] │
└─────────┴──────────┴───────────────────────────────┘
Draw ID: 14
Prize Token WETH MarketRate USD:  $3243.396

******************
Getting prize vaults ...
Found 6 prize vaults.

1863 prizes already claimed for draw #14.
3608 prizes remaining to be claimed...




******************
Processing:
Vault:     0x33335296c9b020ca3252e4953c11decfdce816b8
Tier:      #6 (Canary tier)
# prizes:  1451

5a. Calculating # of profitable claims ...

Native (Gas) Token ETH Market Rate (USD): $3248.71

Estimated gas limit (wei) (1 prize claim): 0.000000000000189112 ETH (189112 wei)
Estimated gas limit (wei) (2 prize claims): 0.000000000000275555 ETH (275555 wei)

Gas Cost: First Claim (wei): 0.000000000000189112 ETH (189112 wei)
Gas Cost: Each Following Claim (wei): 0.000000000000086443 ETH (86443 wei)

Gas Cost: First Claim (USD): $0.02 $0.016060711669989763
Gas Cost: Each Following Claim (USD): $0.02 $0.01930651037787489

5b. 1 Claim(s):

Total gas cost: 1 Claim(s) (USD): $0.02 ($0.016060711669989763)

Next Claim Reward: 1 Claim(s) (WEI): 0.000002318636088913 WETH (2318636088913 wei)
Next Claim Reward: 1 Claim(s) (USD): $0.01 ($0.007520255016236069)

Net profit = (Gross Profit - Gas Cost [Avg])
$-0.01 = ($0.01 - $0.02) $-0.008540456653753695 = ($0.007520255016236069 - $0.016060711669989763)

******************
5c. Profit/Loss (USD):

Net profit = (Gross Profit - Gas Cost [Max])
$-0.02 = ($0 - $0.02) $-0.016060711669989763 = ($0 - $0.016060711669989763)

Claiming tier #6 (Canary tier) currently not profitable.
Not profitable to claim for Draw #14, Tier: #6 (Canary tier)




******************
Processing:
Vault:     0x75b2f4b3ec5adf7077f928992524cc547e74f768
Tier:      #6 (Canary tier)
# prizes:  212

Tier #6 (Canary tier) not profitable, skipping ...





******************
Processing:
Vault:     0x7fad91a4a29109303188d8758f1a9d60ce988349
Tier:      #6 (Canary tier)
# prizes:  1945

Tier #6 (Canary tier) not profitable, skipping ...

