Operating on: 11155420 - Optimism Sepolia
Config - MIN_PROFIT_THRESHOLD_USD: -0.1

Starting ...
Getting prize pool info ...
Getting prize context ...

******************
1. Prize token: WETH

┌────────────┬──────────────────────────────────────────────┬──────────┬─────────────────┬────────┬──────────────┐
│ (index)    │ address                                      │ decimals │ name            │ symbol │ assetRateUsd │
├────────────┼──────────────────────────────────────────────┼──────────┼─────────────────┼────────┼──────────────┤
│ prizeToken │ '0x28Dae98474c0EeDF4Ee74Da5300Dd89dE5466E62' │ 18       │ 'Wrapped Ether' │ 'WETH' │ 3504.036     │
└────────────┴──────────────────────────────────────────────┴──────────┴─────────────────┴────────┴──────────────┘
┌─────────┬──────────┬──────────────────────────────┐
│ (index) │ numTiers │ tiersRangeArray              │
├─────────┼──────────┼──────────────────────────────┤
│ tiers   │ 4        │ [ 0, 1, 2, ... 1 more item ] │
└─────────┴──────────┴──────────────────────────────┘
Draw ID: 22
Prize Token WETH MarketRate USD:  $3504.036

******************
Getting prize vaults ...
Found 6 prize vaults.

41 prizes already claimed for draw #22.
35 prizes remaining to be claimed...




******************
Processing:
Vault:     0xc1f6251c8b8ca9ea535dd297cb9cbfe49efa6bb0
Tier:      #1
# prizes:  2

5a. Calculating # of profitable claims ...

Native (Gas) Token ETH Market Rate (USD): $3504.21

Estimated gas limit (wei) (1 prize claim): 0.000000000000218026 ETH (218026 wei)
Estimated gas limit (wei) (2 prize claims): 0.000000000000320445 ETH (320445 wei)

Gas Cost: First Claim (wei): 0.000000000000218026 ETH (218026 wei)
Gas Cost: Each Following Claim (wei): 0.000000000000102419 ETH (102419 wei)

Gas Cost: First Claim (USD): $0.47 $0.4710501786588668
Gas Cost: Each Following Claim (USD): $0.58 $0.5776497383435675

5b. 1 Claim(s):

Total gas cost: 1 Claim(s) (USD): $0.47 ($0.4710501786588668)

Next Claim Reward: 1 Claim(s) (WEI): 0.000121777422179084 WETH (121777422179084 wei)
Next Claim Reward: 1 Claim(s) (USD): $0.43 ($0.4267124713027088)

Net profit = (Gross Profit - Gas Cost [Avg])
$-0.04 = ($0.43 - $0.47) $-0.044337707356157996 = ($0.4267124713027088 - $0.4710501786588668)

******************
5c. Profit/Loss (USD):

Net profit = (Gross Profit - Gas Cost [Max])
$-0.47 = ($0 - $0.47) $-0.4710501786588668 = ($0 - $0.4710501786588668)

Claiming tier #1 currently not profitable.
Not profitable to claim for Draw #22, Tier: #1
Not profitable to claim any more tiers yet for Draw #22
