Operating on: 10 - Optimism

Config - REWARD_RECIPIENT not provided, setting swap recipient to relayer address: 0xf9A3856b5368f60f2837c797A993F46C6ea7117d
Config - MIN_PROFIT_THRESHOLD_USD: 0.05

Starting ...
Getting prize pool info ...
Getting prize context ...

******************
1. Prize token: WETH

┌────────────┬──────────────────────────────────────────────┬──────────┬─────────────────┬────────┬──────────────┐
│ (index)    │ address                                      │ decimals │ name            │ symbol │ assetRateUsd │
├────────────┼──────────────────────────────────────────────┼──────────┼─────────────────┼────────┼──────────────┤
│ prizeToken │ '0x4200000000000000000000000000000000000006' │ 18       │ 'Wrapped Ether' │ 'WETH' │ 3147.2297    │
└────────────┴──────────────────────────────────────────────┴──────────┴─────────────────┴────────┴──────────────┘
┌─────────┬──────────┬───────────────────────────────┐
│ (index) │ numTiers │ tiersRangeArray               │
├─────────┼──────────┼───────────────────────────────┤
│ tiers   │ 5        │ [ 0, 1, 2, ... 2 more items ] │
└─────────┴──────────┴───────────────────────────────┘
Draw ID: 2
Prize Token WETH MarketRate USD:  $3147.2297

******************
Getting prize vaults ...
Found 13 prize vaults.

66 prizes already claimed for draw #2.
271 prizes remaining to be claimed...




******************
Processing:
Vault:     0xa52e38a9147f5ea9e0c5547376c21c9e3f3e5e1f
Tier:      #3 (Canary tier)
# prizes:  32

5a. Calculating # of profitable claims ...

Native (Gas) Token ETH Market Rate (USD): $3152.18

Estimated gas limit (wei) (1 prize claim): 0.000000000000183477 ETH (183477 wei)
Estimated gas limit (wei) (2 prize claims): 0.000000000000258212 ETH (258212 wei)

Gas Cost: First Claim (wei): 0.000000000000183477 ETH (183477 wei)
Gas Cost: Each Following Claim (wei): 0.000000000000074735 ETH (74735 wei)

Gas Cost: First Claim (USD): $0.01 $0.005930548623367105
Gas Cost: Each Following Claim (USD): $0 $0.0025054899679362247

5b. 1 Claim(s):

Total gas cost: 1 Claim(s) (USD): $0.01 ($0.005930548623367105)

Next Claim Reward: 1 Claim(s) (WEI): 0.000068031820353619 WETH (68031820353619 wei)
Next Claim Reward: 1 Claim(s) (USD): $0.21 ($0.21411176556197423)

Net profit = (Gross Profit - Gas Cost [Avg])
$0.21 = ($0.21 - $0.01) $0.2081812169386071 = ($0.21411176556197423 - $0.005930548623367105)


5b. 2 Claim(s):

Total gas cost: 2 Claim(s) (USD): $0.01 ($0.008436038591303329)

Claim Reward: 1 Claim(s) (WEI): 0.000068031820353619 WETH (68031820353619 wei)
Claim Reward: 1 Claim(s) (USD): $0.21 ($0.21411176556197423)

Next Claim Reward: 2 Claim(s) (WEI): 0.000136063640707238 WETH (136063640707238 wei)
Next Claim Reward: 2 Claim(s) (USD): $0.43 ($0.42822353112394845)

Net profit = (Gross Profit - Gas Cost [Avg])
$0.42 = ($0.43 - $0.01) $0.41978749253264513 = ($0.42822353112394845 - $0.008436038591303329)


5b. 3 Claim(s):

Total gas cost: 3 Claim(s) (USD): $0.01 ($0.010941528559239555)

Claim Reward: 2 Claim(s) (WEI): 0.000136063640707238 WETH (136063640707238 wei)
Claim Reward: 2 Claim(s) (USD): $0.43 ($0.42822353112394845)

Next Claim Reward: 3 Claim(s) (WEI): 0.000204095461060857 WETH (204095461060857 wei)
Next Claim Reward: 3 Claim(s) (USD): $0.64 ($0.6423352966859226)

Net profit = (Gross Profit - Gas Cost [Avg])
$0.63 = ($0.64 - $0.01) $0.631393768126683 = ($0.6423352966859226 - $0.010941528559239555)


5b. 4 Claim(s):

Total gas cost: 4 Claim(s) (USD): $0.01 ($0.01344701852717578)

Claim Reward: 3 Claim(s) (WEI): 0.000204095461060857 WETH (204095461060857 wei)
Claim Reward: 3 Claim(s) (USD): $0.64 ($0.6423352966859226)

Next Claim Reward: 4 Claim(s) (WEI): 0.000272127281414476 WETH (272127281414476 wei)
Next Claim Reward: 4 Claim(s) (USD): $0.86 ($0.8564470622478969)

Net profit = (Gross Profit - Gas Cost [Avg])
$0.84 = ($0.86 - $0.01) $0.8430000437207211 = ($0.8564470622478969 - $0.01344701852717578)


5b. 5 Claim(s):

Total gas cost: 5 Claim(s) (USD): $0.02 ($0.015952508495112004)

Claim Reward: 4 Claim(s) (WEI): 0.000272127281414476 WETH (272127281414476 wei)
Claim Reward: 4 Claim(s) (USD): $0.86 ($0.8564470622478969)

Next Claim Reward: 5 Claim(s) (WEI): 0.000340159101768095 WETH (340159101768095 wei)
Next Claim Reward: 5 Claim(s) (USD): $1.07 ($1.070558827809871)

Net profit = (Gross Profit - Gas Cost [Avg])
$1.05 = ($1.07 - $0.02) $1.054606319314759 = ($1.070558827809871 - $0.015952508495112004)


5b. 6 Claim(s):

Total gas cost: 6 Claim(s) (USD): $0.02 ($0.018457998463048228)

Claim Reward: 5 Claim(s) (WEI): 0.000340159101768095 WETH (340159101768095 wei)
Claim Reward: 5 Claim(s) (USD): $1.07 ($1.070558827809871)

Next Claim Reward: 6 Claim(s) (WEI): 0.000408190922121714 WETH (408190922121714 wei)
Next Claim Reward: 6 Claim(s) (USD): $1.28 ($1.2846705933718452)

Net profit = (Gross Profit - Gas Cost [Avg])
$1.27 = ($1.28 - $0.02) $1.266212594908797 = ($1.2846705933718452 - $0.018457998463048228)


5b. 7 Claim(s):

Total gas cost: 7 Claim(s) (USD): $0.02 ($0.020963488430984452)

Claim Reward: 6 Claim(s) (WEI): 0.000408190922121714 WETH (408190922121714 wei)
Claim Reward: 6 Claim(s) (USD): $1.28 ($1.2846705933718452)

Next Claim Reward: 7 Claim(s) (WEI): 0.000476222742475333 WETH (476222742475333 wei)
Next Claim Reward: 7 Claim(s) (USD): $1.5 ($1.4987823589338194)

Net profit = (Gross Profit - Gas Cost [Avg])
$1.48 = ($1.5 - $0.02) $1.477818870502835 = ($1.4987823589338194 - $0.020963488430984452)


5b. 8 Claim(s):

Total gas cost: 8 Claim(s) (USD): $0.02 ($0.02346897839892068)

Claim Reward: 7 Claim(s) (WEI): 0.000476222742475333 WETH (476222742475333 wei)
Claim Reward: 7 Claim(s) (USD): $1.5 ($1.4987823589338194)

Next Claim Reward: 8 Claim(s) (WEI): 0.000544254562828952 WETH (544254562828952 wei)
Next Claim Reward: 8 Claim(s) (USD): $1.71 ($1.7128941244957938)

Net profit = (Gross Profit - Gas Cost [Avg])
$1.69 = ($1.71 - $0.02) $1.6894251460968732 = ($1.7128941244957938 - $0.02346897839892068)


5b. 9 Claim(s):

Total gas cost: 9 Claim(s) (USD): $0.03 ($0.025974468366856903)

Claim Reward: 8 Claim(s) (WEI): 0.000544254562828952 WETH (544254562828952 wei)
Claim Reward: 8 Claim(s) (USD): $1.71 ($1.7128941244957938)

Next Claim Reward: 9 Claim(s) (WEI): 0.000612286383182571 WETH (612286383182571 wei)
Next Claim Reward: 9 Claim(s) (USD): $1.93 ($1.927005890057768)

Net profit = (Gross Profit - Gas Cost [Avg])
$1.9 = ($1.93 - $0.03) $1.9010314216909112 = ($1.927005890057768 - $0.025974468366856903)


5b. 10 Claim(s):

Total gas cost: 10 Claim(s) (USD): $0.03 ($0.028479958334793127)

Claim Reward: 9 Claim(s) (WEI): 0.000612286383182571 WETH (612286383182571 wei)
Claim Reward: 9 Claim(s) (USD): $1.93 ($1.927005890057768)

Next Claim Reward: 10 Claim(s) (WEI): 0.00068031820353619 WETH (680318203536190 wei)
Next Claim Reward: 10 Claim(s) (USD): $2.14 ($2.141117655619742)

Net profit = (Gross Profit - Gas Cost [Avg])
$2.11 = ($2.14 - $0.03) $2.1126376972849488 = ($2.141117655619742 - $0.028479958334793127)


5b. 11 Claim(s):

Total gas cost: 11 Claim(s) (USD): $0.03 ($0.03098544830272935)

Claim Reward: 10 Claim(s) (WEI): 0.00068031820353619 WETH (680318203536190 wei)
Claim Reward: 10 Claim(s) (USD): $2.14 ($2.141117655619742)

Next Claim Reward: 11 Claim(s) (WEI): 0.000748350023889809 WETH (748350023889809 wei)
Next Claim Reward: 11 Claim(s) (USD): $2.36 ($2.355229421181716)

Net profit = (Gross Profit - Gas Cost [Avg])
$2.32 = ($2.36 - $0.03) $2.3242439728789868 = ($2.355229421181716 - $0.03098544830272935)


5b. 12 Claim(s):

Total gas cost: 12 Claim(s) (USD): $0.03 ($0.03349093827066558)

Claim Reward: 11 Claim(s) (WEI): 0.000748350023889809 WETH (748350023889809 wei)
Claim Reward: 11 Claim(s) (USD): $2.36 ($2.355229421181716)

Next Claim Reward: 12 Claim(s) (WEI): 0.000816381844243428 WETH (816381844243428 wei)
Next Claim Reward: 12 Claim(s) (USD): $2.57 ($2.5693411867436904)

Net profit = (Gross Profit - Gas Cost [Avg])
$2.54 = ($2.57 - $0.03) $2.5358502484730248 = ($2.5693411867436904 - $0.03349093827066558)


5b. 13 Claim(s):

Total gas cost: 13 Claim(s) (USD): $0.04 ($0.0359964282386018)

Claim Reward: 12 Claim(s) (WEI): 0.000816381844243428 WETH (816381844243428 wei)
Claim Reward: 12 Claim(s) (USD): $2.57 ($2.5693411867436904)

Next Claim Reward: 13 Claim(s) (WEI): 0.000884413664597047 WETH (884413664597047 wei)
Next Claim Reward: 13 Claim(s) (USD): $2.78 ($2.7834529523056646)

Net profit = (Gross Profit - Gas Cost [Avg])
$2.75 = ($2.78 - $0.04) $2.7474565240670628 = ($2.7834529523056646 - $0.0359964282386018)


5b. 14 Claim(s):

Total gas cost: 14 Claim(s) (USD): $0.04 ($0.03850191820653803)

Claim Reward: 13 Claim(s) (WEI): 0.000884413664597047 WETH (884413664597047 wei)
Claim Reward: 13 Claim(s) (USD): $2.78 ($2.7834529523056646)

Next Claim Reward: 14 Claim(s) (WEI): 0.000952445484950666 WETH (952445484950666 wei)
Next Claim Reward: 14 Claim(s) (USD): $3 ($2.997564717867639)

Net profit = (Gross Profit - Gas Cost [Avg])
$2.96 = ($3 - $0.04) $2.9590627996611008 = ($2.997564717867639 - $0.03850191820653803)


5b. 15 Claim(s):

Total gas cost: 15 Claim(s) (USD): $0.04 ($0.04100740817447425)

Claim Reward: 14 Claim(s) (WEI): 0.000952445484950666 WETH (952445484950666 wei)
Claim Reward: 14 Claim(s) (USD): $3 ($2.997564717867639)

Next Claim Reward: 15 Claim(s) (WEI): 0.001020477305304285 WETH (1020477305304285 wei)
Next Claim Reward: 15 Claim(s) (USD): $3.21 ($3.211676483429613)

Net profit = (Gross Profit - Gas Cost [Avg])
$3.17 = ($3.21 - $0.04) $3.1706690752551387 = ($3.211676483429613 - $0.04100740817447425)


5b. 16 Claim(s):

Total gas cost: 16 Claim(s) (USD): $0.04 ($0.04351289814241048)

Claim Reward: 15 Claim(s) (WEI): 0.001020477305304285 WETH (1020477305304285 wei)
Claim Reward: 15 Claim(s) (USD): $3.21 ($3.211676483429613)

Next Claim Reward: 16 Claim(s) (WEI): 0.001088509125657904 WETH (1088509125657904 wei)
Next Claim Reward: 16 Claim(s) (USD): $3.43 ($3.4257882489915876)

Net profit = (Gross Profit - Gas Cost [Avg])
$3.38 = ($3.43 - $0.04) $3.382275350849177 = ($3.4257882489915876 - $0.04351289814241048)


5b. 17 Claim(s):

Total gas cost: 17 Claim(s) (USD): $0.05 ($0.0460183881103467)

Claim Reward: 16 Claim(s) (WEI): 0.001088509125657904 WETH (1088509125657904 wei)
Claim Reward: 16 Claim(s) (USD): $3.43 ($3.4257882489915876)

Next Claim Reward: 17 Claim(s) (WEI): 0.001156540946011523 WETH (1156540946011523 wei)
Next Claim Reward: 17 Claim(s) (USD): $3.64 ($3.6399000145535614)

Net profit = (Gross Profit - Gas Cost [Avg])
$3.59 = ($3.64 - $0.05) $3.5938816264432147 = ($3.6399000145535614 - $0.0460183881103467)


5b. 18 Claim(s):

Total gas cost: 18 Claim(s) (USD): $0.05 ($0.04852387807828293)

Claim Reward: 17 Claim(s) (WEI): 0.001156540946011523 WETH (1156540946011523 wei)
Claim Reward: 17 Claim(s) (USD): $3.64 ($3.6399000145535614)

Next Claim Reward: 18 Claim(s) (WEI): 0.001224572766365142 WETH (1224572766365142 wei)
Next Claim Reward: 18 Claim(s) (USD): $3.85 ($3.854011780115536)

Net profit = (Gross Profit - Gas Cost [Avg])
$3.81 = ($3.85 - $0.05) $3.805487902037253 = ($3.854011780115536 - $0.04852387807828293)


5b. 19 Claim(s):

Total gas cost: 19 Claim(s) (USD): $0.05 ($0.051029368046219145)

Claim Reward: 18 Claim(s) (WEI): 0.001224572766365142 WETH (1224572766365142 wei)
Claim Reward: 18 Claim(s) (USD): $3.85 ($3.854011780115536)

Next Claim Reward: 19 Claim(s) (WEI): 0.001292604586718761 WETH (1292604586718761 wei)
Next Claim Reward: 19 Claim(s) (USD): $4.07 ($4.06812354567751)

Net profit = (Gross Profit - Gas Cost [Avg])
$4.02 = ($4.07 - $0.05) $4.017094177631291 = ($4.06812354567751 - $0.051029368046219145)


5b. 20 Claim(s):

Total gas cost: 20 Claim(s) (USD): $0.05 ($0.053534858014155376)

Claim Reward: 19 Claim(s) (WEI): 0.001292604586718761 WETH (1292604586718761 wei)
Claim Reward: 19 Claim(s) (USD): $4.07 ($4.06812354567751)

Next Claim Reward: 20 Claim(s) (WEI): 0.00136063640707238 WETH (1360636407072380 wei)
Next Claim Reward: 20 Claim(s) (USD): $4.28 ($4.282235311239484)

Net profit = (Gross Profit - Gas Cost [Avg])
$4.23 = ($4.28 - $0.05) $4.228700453225328 = ($4.282235311239484 - $0.053534858014155376)


5b. 21 Claim(s):

Total gas cost: 21 Claim(s) (USD): $0.06 ($0.05604034798209159)

Claim Reward: 20 Claim(s) (WEI): 0.00136063640707238 WETH (1360636407072380 wei)
Claim Reward: 20 Claim(s) (USD): $4.28 ($4.282235311239484)

Next Claim Reward: 21 Claim(s) (WEI): 0.001428668227425999 WETH (1428668227425999 wei)
Next Claim Reward: 21 Claim(s) (USD): $4.5 ($4.496347076801459)

Net profit = (Gross Profit - Gas Cost [Avg])
$4.44 = ($4.5 - $0.06) $4.440306728819367 = ($4.496347076801459 - $0.05604034798209159)


5b. 22 Claim(s):

Total gas cost: 22 Claim(s) (USD): $0.06 ($0.058545837950027824)

Claim Reward: 21 Claim(s) (WEI): 0.001428668227425999 WETH (1428668227425999 wei)
Claim Reward: 21 Claim(s) (USD): $4.5 ($4.496347076801459)

Next Claim Reward: 22 Claim(s) (WEI): 0.001496700047779618 WETH (1496700047779618 wei)
Next Claim Reward: 22 Claim(s) (USD): $4.71 ($4.710458842363432)

Net profit = (Gross Profit - Gas Cost [Avg])
$4.65 = ($4.71 - $0.06) $4.651913004413404 = ($4.710458842363432 - $0.058545837950027824)


5b. 23 Claim(s):

Total gas cost: 23 Claim(s) (USD): $0.06 ($0.061051327917964054)

Claim Reward: 22 Claim(s) (WEI): 0.001496700047779618 WETH (1496700047779618 wei)
Claim Reward: 22 Claim(s) (USD): $4.71 ($4.710458842363432)

Next Claim Reward: 23 Claim(s) (WEI): 0.001564731868133237 WETH (1564731868133237 wei)
Next Claim Reward: 23 Claim(s) (USD): $4.92 ($4.924570607925407)

Net profit = (Gross Profit - Gas Cost [Avg])
$4.86 = ($4.92 - $0.06) $4.863519280007443 = ($4.924570607925407 - $0.061051327917964054)


5b. 24 Claim(s):

Total gas cost: 24 Claim(s) (USD): $0.06 ($0.06355681788590027)

Claim Reward: 23 Claim(s) (WEI): 0.001564731868133237 WETH (1564731868133237 wei)
Claim Reward: 23 Claim(s) (USD): $4.92 ($4.924570607925407)

Next Claim Reward: 24 Claim(s) (WEI): 0.001632763688486856 WETH (1632763688486856 wei)
Next Claim Reward: 24 Claim(s) (USD): $5.14 ($5.138682373487381)

Net profit = (Gross Profit - Gas Cost [Avg])
$5.08 = ($5.14 - $0.06) $5.07512555560148 = ($5.138682373487381 - $0.06355681788590027)


5b. 25 Claim(s):

Total gas cost: 25 Claim(s) (USD): $0.07 ($0.0660623078538365)

Claim Reward: 24 Claim(s) (WEI): 0.001632763688486856 WETH (1632763688486856 wei)
Claim Reward: 24 Claim(s) (USD): $5.14 ($5.138682373487381)

Next Claim Reward: 25 Claim(s) (WEI): 0.001700795508840475 WETH (1700795508840475 wei)
Next Claim Reward: 25 Claim(s) (USD): $5.35 ($5.352794139049355)

Net profit = (Gross Profit - Gas Cost [Avg])
$5.29 = ($5.35 - $0.07) $5.286731831195519 = ($5.352794139049355 - $0.0660623078538365)


5b. 26 Claim(s):

Total gas cost: 26 Claim(s) (USD): $0.07 ($0.06856779782177272)

Claim Reward: 25 Claim(s) (WEI): 0.001700795508840475 WETH (1700795508840475 wei)
Claim Reward: 25 Claim(s) (USD): $5.35 ($5.352794139049355)

Next Claim Reward: 26 Claim(s) (WEI): 0.001768827329194094 WETH (1768827329194094 wei)
Next Claim Reward: 26 Claim(s) (USD): $5.57 ($5.566905904611329)

Net profit = (Gross Profit - Gas Cost [Avg])
$5.5 = ($5.57 - $0.07) $5.498338106789556 = ($5.566905904611329 - $0.06856779782177272)


5b. 27 Claim(s):

Total gas cost: 27 Claim(s) (USD): $0.07 ($0.07107328778970895)

Claim Reward: 26 Claim(s) (WEI): 0.001768827329194094 WETH (1768827329194094 wei)
Claim Reward: 26 Claim(s) (USD): $5.57 ($5.566905904611329)

Next Claim Reward: 27 Claim(s) (WEI): 0.001836859149547713 WETH (1836859149547713 wei)
Next Claim Reward: 27 Claim(s) (USD): $5.78 ($5.781017670173304)

Net profit = (Gross Profit - Gas Cost [Avg])
$5.71 = ($5.78 - $0.07) $5.709944382383595 = ($5.781017670173304 - $0.07107328778970895)


5b. 28 Claim(s):

Total gas cost: 28 Claim(s) (USD): $0.07 ($0.07357877775764517)

Claim Reward: 27 Claim(s) (WEI): 0.001836859149547713 WETH (1836859149547713 wei)
Claim Reward: 27 Claim(s) (USD): $5.78 ($5.781017670173304)

Next Claim Reward: 28 Claim(s) (WEI): 0.001904890969901332 WETH (1904890969901332 wei)
Next Claim Reward: 28 Claim(s) (USD): $6 ($5.995129435735278)

Net profit = (Gross Profit - Gas Cost [Avg])
$5.92 = ($6 - $0.07) $5.921550657977632 = ($5.995129435735278 - $0.07357877775764517)


5b. 29 Claim(s):

Total gas cost: 29 Claim(s) (USD): $0.08 ($0.0760842677255814)

Claim Reward: 28 Claim(s) (WEI): 0.001904890969901332 WETH (1904890969901332 wei)
Claim Reward: 28 Claim(s) (USD): $6 ($5.995129435735278)

Next Claim Reward: 29 Claim(s) (WEI): 0.001972922790254951 WETH (1972922790254951 wei)
Next Claim Reward: 29 Claim(s) (USD): $6.21 ($6.209241201297252)

Net profit = (Gross Profit - Gas Cost [Avg])
$6.13 = ($6.21 - $0.08) $6.133156933571671 = ($6.209241201297252 - $0.0760842677255814)


5b. 30 Claim(s):

Total gas cost: 30 Claim(s) (USD): $0.08 ($0.07858975769351761)

Claim Reward: 29 Claim(s) (WEI): 0.001972922790254951 WETH (1972922790254951 wei)
Claim Reward: 29 Claim(s) (USD): $6.21 ($6.209241201297252)

Next Claim Reward: 30 Claim(s) (WEI): 0.00204095461060857 WETH (2040954610608570 wei)
Next Claim Reward: 30 Claim(s) (USD): $6.42 ($6.423352966859226)

Net profit = (Gross Profit - Gas Cost [Avg])
$6.34 = ($6.42 - $0.08) $6.344763209165708 = ($6.423352966859226 - $0.07858975769351761)

******************
5c. Profit/Loss (USD):

Net profit = (Gross Profit - Gas Cost [Max])
$6.13 = ($6.21 - $0.08) $6.1306514436037345 = ($6.209241201297252 - $0.07858975769351761)

Submitting transaction to claim 29 prize(s):

0xa52e38a9147f5ea9e0c5547376c21c9e3f3e5e1f-0x9F36A6bB398118bdCD5B1bC3343D8FEB6d7d02B9-3-3
0xa52e38a9147f5ea9e0c5547376c21c9e3f3e5e1f-0x9F36A6bB398118bdCD5B1bC3343D8FEB6d7d02B9-3-17
0xa52e38a9147f5ea9e0c5547376c21c9e3f3e5e1f-0x9F36A6bB398118bdCD5B1bC3343D8FEB6d7d02B9-3-45
0xa52e38a9147f5ea9e0c5547376c21c9e3f3e5e1f-0x9F36A6bB398118bdCD5B1bC3343D8FEB6d7d02B9-3-48
0xa52e38a9147f5ea9e0c5547376c21c9e3f3e5e1f-0x9F36A6bB398118bdCD5B1bC3343D8FEB6d7d02B9-3-62
0xa52e38a9147f5ea9e0c5547376c21c9e3f3e5e1f-0xe24bC6c67fEF2FFe40283c1359dCE44bd19c72C4-3-6
0xa52e38a9147f5ea9e0c5547376c21c9e3f3e5e1f-0xcC22F7F6A8296ED44f0F0E758374675120909177-3-20
0xa52e38a9147f5ea9e0c5547376c21c9e3f3e5e1f-0x3994537274f3fF3eefc413E0D669b05D6446D46b-3-14
0xa52e38a9147f5ea9e0c5547376c21c9e3f3e5e1f-0x3994537274f3fF3eefc413E0D669b05D6446D46b-3-41
0xa52e38a9147f5ea9e0c5547376c21c9e3f3e5e1f-0x1200Eb4fA3dF9903fC6EfF1d7A4a5D17502329b2-3-26
0xa52e38a9147f5ea9e0c5547376c21c9e3f3e5e1f-0x1200Eb4fA3dF9903fC6EfF1d7A4a5D17502329b2-3-41
0xa52e38a9147f5ea9e0c5547376c21c9e3f3e5e1f-0x1200Eb4fA3dF9903fC6EfF1d7A4a5D17502329b2-3-45
0xa52e38a9147f5ea9e0c5547376c21c9e3f3e5e1f-0x1200Eb4fA3dF9903fC6EfF1d7A4a5D17502329b2-3-61
0xa52e38a9147f5ea9e0c5547376c21c9e3f3e5e1f-0xE1EFd0284B2e12d261466D51f421f2d1e930e121-3-20
0xa52e38a9147f5ea9e0c5547376c21c9e3f3e5e1f-0xE1EFd0284B2e12d261466D51f421f2d1e930e121-3-38
0xa52e38a9147f5ea9e0c5547376c21c9e3f3e5e1f-0x20c7b705B9312daE30B5A96A61ec6013225595D4-3-0
0xa52e38a9147f5ea9e0c5547376c21c9e3f3e5e1f-0x20c7b705B9312daE30B5A96A61ec6013225595D4-3-28
0xa52e38a9147f5ea9e0c5547376c21c9e3f3e5e1f-0x20c7b705B9312daE30B5A96A61ec6013225595D4-3-32
0xa52e38a9147f5ea9e0c5547376c21c9e3f3e5e1f-0x20c7b705B9312daE30B5A96A61ec6013225595D4-3-51
0xa52e38a9147f5ea9e0c5547376c21c9e3f3e5e1f-0x20c7b705B9312daE30B5A96A61ec6013225595D4-3-55
0xa52e38a9147f5ea9e0c5547376c21c9e3f3e5e1f-0xde04d1e25A95b8F9dFE0f8f6fd3748F618187288-3-57
0xa52e38a9147f5ea9e0c5547376c21c9e3f3e5e1f-0xfB424B3c08e5D1205C66d5140781BD718f7F9860-3-5
0xa52e38a9147f5ea9e0c5547376c21c9e3f3e5e1f-0xfB424B3c08e5D1205C66d5140781BD718f7F9860-3-6
0xa52e38a9147f5ea9e0c5547376c21c9e3f3e5e1f-0xfB424B3c08e5D1205C66d5140781BD718f7F9860-3-14
0xa52e38a9147f5ea9e0c5547376c21c9e3f3e5e1f-0xfB424B3c08e5D1205C66d5140781BD718f7F9860-3-21
0xa52e38a9147f5ea9e0c5547376c21c9e3f3e5e1f-0x9265f86d58b348060E43216f968bda8A6Bb63572-3-1
0xa52e38a9147f5ea9e0c5547376c21c9e3f3e5e1f-0xe0e7b7C5aE92Fe94D2ae677D81214D6Ad7A11C27-3-15
0xa52e38a9147f5ea9e0c5547376c21c9e3f3e5e1f-0xe0e7b7C5aE92Fe94D2ae677D81214D6Ad7A11C27-3-26
0xa52e38a9147f5ea9e0c5547376c21c9e3f3e5e1f-0xe0e7b7C5aE92Fe94D2ae677D81214D6Ad7A11C27-3-60



Execute Claim Transaction for Tier #3 (Canary tier)



Transaction sent! ✔
Transaction hash: 0xcc8b77f22390208d0ae666f3a1bb1e7628bcc4c5fedbcff6cd67b0cdcd30ce96
Waiting on transaction to be confirmed ...
Tx confirmed !




******************
Processing:
Vault:     0xa52e38a9147f5ea9e0c5547376c21c9e3f3e5e1f
Tier:      #4 (Canary tier)
# prizes:  239

5a. Calculating # of profitable claims ...

Native (Gas) Token ETH Market Rate (USD): $3152.18

Estimated gas limit (wei) (1 prize claim): 0.000000000000174264 ETH (174264 wei)
Estimated gas limit (wei) (2 prize claims): 0.000000000000246641 ETH (246641 wei)

Gas Cost: First Claim (wei): 0.000000000000174264 ETH (174264 wei)
Gas Cost: Each Following Claim (wei): 0.000000000000072377 ETH (72377 wei)

Gas Cost: First Claim (USD): $0.01 $0.005622376053231612
Gas Cost: Each Following Claim (USD): $0 $0.0024234923214200518

5b. 1 Claim(s):

Total gas cost: 1 Claim(s) (USD): $0.01 ($0.005622376053231612)

Next Claim Reward: 1 Claim(s) (WEI): 0.000017007955088404 WETH (17007955088404 wei)
Next Claim Reward: 1 Claim(s) (USD): $0.05 ($0.05352794139049119)

Net profit = (Gross Profit - Gas Cost [Avg])
$0.05 = ($0.05 - $0.01) $0.04790556533725958 = ($0.05352794139049119 - $0.005622376053231612)

******************
5c. Profit/Loss (USD):

Net profit = (Gross Profit - Gas Cost [Max])
$-0.01 = ($0 - $0.01) $-0.005622376053231612 = ($0 - $0.005622376053231612)

Claiming tier #4 (Canary tier) currently not profitable.
Not profitable to claim for Draw #2, Tier: #4 (Canary tier)
