Operating on: 11155420 - Optimism Sepolia

Config - REWARD_RECIPIENT not provided, setting swap recipient to relayer address: 0x06003274c3a7926c04cA8d6903cc691fE8f3CEC2
Config - MIN_PROFIT_THRESHOLD_USD: -0.3

Starting ...
Getting prize pool info ...
Getting prize context ...

******************
1. Prize token: WETH

┌────────────┬──────────────────────────────────────────────┬──────────┬─────────────────┬────────┬──────────────┐
│ (index)    │ address                                      │ decimals │ name            │ symbol │ assetRateUsd │
├────────────┼──────────────────────────────────────────────┼──────────┼─────────────────┼────────┼──────────────┤
│ prizeToken │ '0xC355F97a3Aa2808Acb536E555764b8FB26fB4b37' │ 18       │ 'Wrapped Ether' │ 'WETH' │ 3237.5093    │
└────────────┴──────────────────────────────────────────────┴──────────┴─────────────────┴────────┴──────────────┘
┌─────────┬──────────┬───────────────────────────────┐
│ (index) │ numTiers │ tiersRangeArray               │
├─────────┼──────────┼───────────────────────────────┤
│ tiers   │ 7        │ [ 0, 1, 2, ... 4 more items ] │
└─────────┴──────────┴───────────────────────────────┘
Draw ID: 14
Prize Token WETH MarketRate USD:  $3237.5093

******************
Getting prize vaults ...
Found 6 prize vaults.

1235 prizes already claimed for draw #14.
4236 prizes remaining to be claimed...




******************
Processing:
Vault:     0x33335296c9b020ca3252e4953c11decfdce816b8
Tier:      #5 (Canary tier)
# prizes:  40

5a. Calculating # of profitable claims ...

Native (Gas) Token ETH Market Rate (USD): $3245.59

Estimated gas limit (wei) (1 prize claim): 0.000000000000183642 ETH (183642 wei)
Estimated gas limit (wei) (2 prize claims): 0.000000000000269441 ETH (269441 wei)

Gas Cost: First Claim (wei): 0.000000000000183642 ETH (183642 wei)
Gas Cost: Each Following Claim (wei): 0.000000000000085799 ETH (85799 wei)

Gas Cost: First Claim (USD): $0.03 $0.030768742154074918
Gas Cost: Each Following Claim (USD): $0.04 $0.03741928448052355

5b. 1 Claim(s):

Total gas cost: 1 Claim(s) (USD): $0.03 ($0.030768742154074918)

Next Claim Reward: 1 Claim(s) (WEI): 0.000009274544355652 WETH (9274544355652 wei)
Next Claim Reward: 1 Claim(s) (USD): $0.03 ($0.03002642360468586)

Net profit = (Gross Profit - Gas Cost [Avg])
$0 = ($0.03 - $0.03) $-0.0007423185493890573 = ($0.03002642360468586 - $0.030768742154074918)

******************
5c. Profit/Loss (USD):

Net profit = (Gross Profit - Gas Cost [Max])
$-0.03 = ($0 - $0.03) $-0.030768742154074918 = ($0 - $0.030768742154074918)

Claiming tier #5 (Canary tier) currently not profitable.
Not profitable to claim for Draw #14, Tier: #5 (Canary tier)




******************
Processing:
Vault:     0x7fad91a4a29109303188d8758f1a9d60ce988349
Tier:      #5 (Canary tier)
# prizes:  141

Tier #5 (Canary tier) not profitable, skipping ...





******************
Processing:
Vault:     0x33335296c9b020ca3252e4953c11decfdce816b8
Tier:      #6 (Canary tier)
# prizes:  1594

Tier #6 (Canary tier) not profitable, skipping ...





******************
Processing:
Vault:     0x75b2f4b3ec5adf7077f928992524cc547e74f768
Tier:      #6 (Canary tier)
# prizes:  324

Tier #6 (Canary tier) not profitable, skipping ...





******************
Processing:
Vault:     0x7fad91a4a29109303188d8758f1a9d60ce988349
Tier:      #6 (Canary tier)
# prizes:  2137

Tier #6 (Canary tier) not profitable, skipping ...

