Operating on: 11155420 - Optimism Sepolia

Config - REWARD_RECIPIENT not provided, setting swap recipient to relayer address: 0x06003274c3a7926c04cA8d6903cc691fE8f3CEC2
Config - MIN_PROFIT_THRESHOLD_USD: 0.05

Starting ...
Getting prize pool info ...
Getting prize context ...

******************
1. Prize token: WETH

┌────────────┬──────────────────────────────────────────────┬──────────┬─────────────────┬────────┬──────────────┐
│ (index)    │ address                                      │ decimals │ name            │ symbol │ assetRateUsd │
├────────────┼──────────────────────────────────────────────┼──────────┼─────────────────┼────────┼──────────────┤
│ prizeToken │ '0xC355F97a3Aa2808Acb536E555764b8FB26fB4b37' │ 18       │ 'Wrapped Ether' │ 'WETH' │ 3080.733     │
└────────────┴──────────────────────────────────────────────┴──────────┴─────────────────┴────────┴──────────────┘
┌─────────┬──────────┬───────────────────────────────┐
│ (index) │ numTiers │ tiersRangeArray               │
├─────────┼──────────┼───────────────────────────────┤
│ tiers   │ 7        │ [ 0, 1, 2, ... 4 more items ] │
└─────────┴──────────┴───────────────────────────────┘
Draw ID: 26
Prize Token WETH MarketRate USD:  $3080.733

******************
Getting prize vaults ...
Found 6 prize vaults.

1409 prizes already claimed for draw #26.
3994 prizes remaining to be claimed...




******************
Processing:
Vault:     0x33335296c9b020ca3252e4953c11decfdce816b8
Tier:      #5 (Canary tier)
# prizes:  215

5a. Calculating # of profitable claims ...

Native (Gas) Token ETH Market Rate (USD): $3082.5

Estimated gas limit (wei) (1 prize claim): 0.000000000000197808 ETH (197808 wei)
Estimated gas limit (wei) (2 prize claims): 0.000000000000286886 ETH (286886 wei)

Gas Cost: First Claim (wei): 0.000000000000197808 ETH (197808 wei)
Gas Cost: Each Following Claim (wei): 0.000000000000089078 ETH (89078 wei)

Gas Cost: First Claim (USD): $0.02 $0.01922934074414852
Gas Cost: Each Following Claim (USD): $0.02 $0.023194149662368824

5b. 1 Claim(s):

Total gas cost: 1 Claim(s) (USD): $0.02 ($0.01922934074414852)

Next Claim Reward: 1 Claim(s) (WEI): 0.000012991947129715 WETH (12991947129715 wei)
Next Claim Reward: 1 Claim(s) (USD): $0.04 ($0.04002472025676829)

Net profit = (Gross Profit - Gas Cost [Avg])
$0.02 = ($0.04 - $0.02) $0.020795379512619765 = ($0.04002472025676829 - $0.01922934074414852)

******************
5c. Profit/Loss (USD):

Net profit = (Gross Profit - Gas Cost [Max])
$-0.02 = ($0 - $0.02) $-0.01922934074414852 = ($0 - $0.01922934074414852)

Claiming tier #5 (Canary tier) currently not profitable.
Not profitable to claim for Draw #26, Tier: #5 (Canary tier)




******************
Processing:
Vault:     0x7fad91a4a29109303188d8758f1a9d60ce988349
Tier:      #5 (Canary tier)
# prizes:  374

Tier #5 (Canary tier) not profitable, skipping ...





******************
Processing:
Vault:     0x33335296c9b020ca3252e4953c11decfdce816b8
Tier:      #6 (Canary tier)
# prizes:  1428

Tier #6 (Canary tier) not profitable, skipping ...





******************
Processing:
Vault:     0x75b2f4b3ec5adf7077f928992524cc547e74f768
Tier:      #6 (Canary tier)
# prizes:  28

Tier #6 (Canary tier) not profitable, skipping ...





******************
Processing:
Vault:     0x7fad91a4a29109303188d8758f1a9d60ce988349
Tier:      #6 (Canary tier)
# prizes:  1946

Tier #6 (Canary tier) not profitable, skipping ...





******************
Processing:
Vault:     0xe590741416acbdba094f7d70beaef6060cc6d21e
Tier:      #6 (Canary tier)
# prizes:  3

Tier #6 (Canary tier) not profitable, skipping ...

