Operating on: 11155420 - Optimism Sepolia

Config - REWARD_RECIPIENT not provided, setting swap recipient to relayer address: 0x06003274c3a7926c04cA8d6903cc691fE8f3CEC2
Config - MIN_PROFIT_THRESHOLD_USD: -0.3

Starting ...
Getting prize pool info ...
Getting prize context ...

******************
1. Prize token: WETH

┌────────────┬──────────────────────────────────────────────┬──────────┬─────────────────┬────────┬──────────────┐
│ (index)    │ address                                      │ decimals │ name            │ symbol │ assetRateUsd │
├────────────┼──────────────────────────────────────────────┼──────────┼─────────────────┼────────┼──────────────┤
│ prizeToken │ '0xC355F97a3Aa2808Acb536E555764b8FB26fB4b37' │ 18       │ 'Wrapped Ether' │ 'WETH' │ 3250.496     │
└────────────┴──────────────────────────────────────────────┴──────────┴─────────────────┴────────┴──────────────┘
┌─────────┬──────────┬───────────────────────────────┐
│ (index) │ numTiers │ tiersRangeArray               │
├─────────┼──────────┼───────────────────────────────┤
│ tiers   │ 7        │ [ 0, 1, 2, ... 4 more items ] │
└─────────┴──────────┴───────────────────────────────┘
Draw ID: 15
Prize Token WETH MarketRate USD:  $3250.496

******************
Getting prize vaults ...
Found 6 prize vaults.

1060 prizes already claimed for draw #15.
4257 prizes remaining to be claimed...




******************
Processing:
Vault:     0x7fad91a4a29109303188d8758f1a9d60ce988349
Tier:      #5 (Canary tier)
# prizes:  131

5a. Calculating # of profitable claims ...

Native (Gas) Token ETH Market Rate (USD): $3252.04

Estimated gas limit (wei) (1 prize claim): 0.000000000000189112 ETH (189112 wei)
Estimated gas limit (wei) (2 prize claims): 0.000000000000275555 ETH (275555 wei)

Gas Cost: First Claim (wei): 0.000000000000189112 ETH (189112 wei)
Gas Cost: Each Following Claim (wei): 0.000000000000086443 ETH (86443 wei)

Gas Cost: First Claim (USD): $0.02 $0.020171460680626842
Gas Cost: Each Following Claim (USD): $0.02 $0.024369376523173676

5b. 1 Claim(s):

Total gas cost: 1 Claim(s) (USD): $0.02 ($0.020171460680626842)

Next Claim Reward: 1 Claim(s) (WEI): 0.000009829282910655 WETH (9829282910655 wei)
Next Claim Reward: 1 Claim(s) (USD): $0.03 ($0.031950044783952435)

Net profit = (Gross Profit - Gas Cost [Avg])
$0.01 = ($0.03 - $0.02) $0.011778584103325593 = ($0.031950044783952435 - $0.020171460680626842)


5b. 2 Claim(s):

Total gas cost: 2 Claim(s) (USD): $0.04 ($0.04454083720380052)

Claim Reward: 1 Claim(s) (WEI): 0.000009829282910655 WETH (9829282910655 wei)
Claim Reward: 1 Claim(s) (USD): $0.03 ($0.031950044783952435)

Next Claim Reward: 2 Claim(s) (WEI): 0.00001965856582131 WETH (19658565821310 wei)
Next Claim Reward: 2 Claim(s) (USD): $0.06 ($0.06390008956790487)

Net profit = (Gross Profit - Gas Cost [Avg])
$0.02 = ($0.06 - $0.04) $0.01935925236410435 = ($0.06390008956790487 - $0.04454083720380052)


5b. 3 Claim(s):

Total gas cost: 3 Claim(s) (USD): $0.07 ($0.0689102137269742)

Claim Reward: 2 Claim(s) (WEI): 0.00001965856582131 WETH (19658565821310 wei)
Claim Reward: 2 Claim(s) (USD): $0.06 ($0.06390008956790487)

Next Claim Reward: 3 Claim(s) (WEI): 0.000029487848731965 WETH (29487848731965 wei)
Next Claim Reward: 3 Claim(s) (USD): $0.1 ($0.09585013435185731)

Net profit = (Gross Profit - Gas Cost [Avg])
$0.03 = ($0.1 - $0.07) $0.02693992062488311 = ($0.09585013435185731 - $0.0689102137269742)


5b. 4 Claim(s):

Total gas cost: 4 Claim(s) (USD): $0.09 ($0.09327959025014787)

Claim Reward: 3 Claim(s) (WEI): 0.000029487848731965 WETH (29487848731965 wei)
Claim Reward: 3 Claim(s) (USD): $0.1 ($0.09585013435185731)

Next Claim Reward: 4 Claim(s) (WEI): 0.00003931713164262 WETH (39317131642620 wei)
Next Claim Reward: 4 Claim(s) (USD): $0.13 ($0.12780017913580974)

Net profit = (Gross Profit - Gas Cost [Avg])
$0.03 = ($0.13 - $0.09) $0.03452058888566187 = ($0.12780017913580974 - $0.09327959025014787)


5b. 5 Claim(s):

Total gas cost: 5 Claim(s) (USD): $0.12 ($0.11764896677332154)

Claim Reward: 4 Claim(s) (WEI): 0.00003931713164262 WETH (39317131642620 wei)
Claim Reward: 4 Claim(s) (USD): $0.13 ($0.12780017913580974)

Next Claim Reward: 5 Claim(s) (WEI): 0.000049146414553275 WETH (49146414553275 wei)
Next Claim Reward: 5 Claim(s) (USD): $0.16 ($0.15975022391976218)

Net profit = (Gross Profit - Gas Cost [Avg])
$0.04 = ($0.16 - $0.12) $0.04210125714644064 = ($0.15975022391976218 - $0.11764896677332154)


5b. 6 Claim(s):

Total gas cost: 6 Claim(s) (USD): $0.14 ($0.1420183432964952)

Claim Reward: 5 Claim(s) (WEI): 0.000049146414553275 WETH (49146414553275 wei)
Claim Reward: 5 Claim(s) (USD): $0.16 ($0.15975022391976218)

Next Claim Reward: 6 Claim(s) (WEI): 0.00005897569746393 WETH (58975697463930 wei)
Next Claim Reward: 6 Claim(s) (USD): $0.19 ($0.19170026870371462)

Net profit = (Gross Profit - Gas Cost [Avg])
$0.05 = ($0.19 - $0.14) $0.04968192540721941 = ($0.19170026870371462 - $0.1420183432964952)


5b. 7 Claim(s):

Total gas cost: 7 Claim(s) (USD): $0.17 ($0.1663877198196689)

Claim Reward: 6 Claim(s) (WEI): 0.00005897569746393 WETH (58975697463930 wei)
Claim Reward: 6 Claim(s) (USD): $0.19 ($0.19170026870371462)

Next Claim Reward: 7 Claim(s) (WEI): 0.000068804980374585 WETH (68804980374585 wei)
Next Claim Reward: 7 Claim(s) (USD): $0.22 ($0.22365031348766704)

Net profit = (Gross Profit - Gas Cost [Avg])
$0.06 = ($0.22 - $0.17) $0.05726259366799813 = ($0.22365031348766704 - $0.1663877198196689)


5b. 8 Claim(s):

Total gas cost: 8 Claim(s) (USD): $0.19 ($0.19075709634284257)

Claim Reward: 7 Claim(s) (WEI): 0.000068804980374585 WETH (68804980374585 wei)
Claim Reward: 7 Claim(s) (USD): $0.22 ($0.22365031348766704)

Next Claim Reward: 8 Claim(s) (WEI): 0.00007863426328524 WETH (78634263285240 wei)
Next Claim Reward: 8 Claim(s) (USD): $0.26 ($0.2556003582716195)

Net profit = (Gross Profit - Gas Cost [Avg])
$0.06 = ($0.26 - $0.19) $0.0648432619287769 = ($0.2556003582716195 - $0.19075709634284257)


5b. 9 Claim(s):

Total gas cost: 9 Claim(s) (USD): $0.22 ($0.21512647286601624)

Claim Reward: 8 Claim(s) (WEI): 0.00007863426328524 WETH (78634263285240 wei)
Claim Reward: 8 Claim(s) (USD): $0.26 ($0.2556003582716195)

Next Claim Reward: 9 Claim(s) (WEI): 0.000088463546195895 WETH (88463546195895 wei)
Next Claim Reward: 9 Claim(s) (USD): $0.29 ($0.28755040305557195)

Net profit = (Gross Profit - Gas Cost [Avg])
$0.07 = ($0.29 - $0.22) $0.0724239301895557 = ($0.28755040305557195 - $0.21512647286601624)


5b. 10 Claim(s):

Total gas cost: 10 Claim(s) (USD): $0.24 ($0.2394958493891899)

Claim Reward: 9 Claim(s) (WEI): 0.000088463546195895 WETH (88463546195895 wei)
Claim Reward: 9 Claim(s) (USD): $0.29 ($0.28755040305557195)

Next Claim Reward: 10 Claim(s) (WEI): 0.00009829282910655 WETH (98292829106550 wei)
Next Claim Reward: 10 Claim(s) (USD): $0.32 ($0.31950044783952436)

Net profit = (Gross Profit - Gas Cost [Avg])
$0.08 = ($0.32 - $0.24) $0.08000459845033445 = ($0.31950044783952436 - $0.2394958493891899)


5b. 11 Claim(s):

Total gas cost: 11 Claim(s) (USD): $0.26 ($0.2638652259123636)

Claim Reward: 10 Claim(s) (WEI): 0.00009829282910655 WETH (98292829106550 wei)
Claim Reward: 10 Claim(s) (USD): $0.32 ($0.31950044783952436)

Next Claim Reward: 11 Claim(s) (WEI): 0.000108122112017205 WETH (108122112017205 wei)
Next Claim Reward: 11 Claim(s) (USD): $0.35 ($0.35145049262347683)

Net profit = (Gross Profit - Gas Cost [Avg])
$0.09 = ($0.35 - $0.26) $0.08758526671111322 = ($0.35145049262347683 - $0.2638652259123636)


5b. 12 Claim(s):

Total gas cost: 12 Claim(s) (USD): $0.29 ($0.2882346024355373)

Claim Reward: 11 Claim(s) (WEI): 0.000108122112017205 WETH (108122112017205 wei)
Claim Reward: 11 Claim(s) (USD): $0.35 ($0.35145049262347683)

Next Claim Reward: 12 Claim(s) (WEI): 0.00011795139492786 WETH (117951394927860 wei)
Next Claim Reward: 12 Claim(s) (USD): $0.38 ($0.38340053740742924)

Net profit = (Gross Profit - Gas Cost [Avg])
$0.1 = ($0.38 - $0.29) $0.09516593497189196 = ($0.38340053740742924 - $0.2882346024355373)


5b. 13 Claim(s):

Total gas cost: 13 Claim(s) (USD): $0.31 ($0.312603978958711)

Claim Reward: 12 Claim(s) (WEI): 0.00011795139492786 WETH (117951394927860 wei)
Claim Reward: 12 Claim(s) (USD): $0.38 ($0.38340053740742924)

Next Claim Reward: 13 Claim(s) (WEI): 0.000127780677838515 WETH (127780677838515 wei)
Next Claim Reward: 13 Claim(s) (USD): $0.42 ($0.41535058219138166)

Net profit = (Gross Profit - Gas Cost [Avg])
$0.1 = ($0.42 - $0.31) $0.10274660323267065 = ($0.41535058219138166 - $0.312603978958711)


5b. 14 Claim(s):

Total gas cost: 14 Claim(s) (USD): $0.34 ($0.3369733554818847)

Claim Reward: 13 Claim(s) (WEI): 0.000127780677838515 WETH (127780677838515 wei)
Claim Reward: 13 Claim(s) (USD): $0.42 ($0.41535058219138166)

Next Claim Reward: 14 Claim(s) (WEI): 0.00013760996074917 WETH (137609960749170 wei)
Next Claim Reward: 14 Claim(s) (USD): $0.45 ($0.44730062697533407)

Net profit = (Gross Profit - Gas Cost [Avg])
$0.11 = ($0.45 - $0.34) $0.1103272714934494 = ($0.44730062697533407 - $0.3369733554818847)


5b. 15 Claim(s):

Total gas cost: 15 Claim(s) (USD): $0.36 ($0.36134273200505834)

Claim Reward: 14 Claim(s) (WEI): 0.00013760996074917 WETH (137609960749170 wei)
Claim Reward: 14 Claim(s) (USD): $0.45 ($0.44730062697533407)

Next Claim Reward: 15 Claim(s) (WEI): 0.000147439243659825 WETH (147439243659825 wei)
Next Claim Reward: 15 Claim(s) (USD): $0.48 ($0.47925067175928654)

Net profit = (Gross Profit - Gas Cost [Avg])
$0.12 = ($0.48 - $0.36) $0.1179079397542282 = ($0.47925067175928654 - $0.36134273200505834)


5b. 16 Claim(s):

Total gas cost: 16 Claim(s) (USD): $0.39 ($0.385712108528232)

Claim Reward: 15 Claim(s) (WEI): 0.000147439243659825 WETH (147439243659825 wei)
Claim Reward: 15 Claim(s) (USD): $0.48 ($0.47925067175928654)

Next Claim Reward: 16 Claim(s) (WEI): 0.00015726852657048 WETH (157268526570480 wei)
Next Claim Reward: 16 Claim(s) (USD): $0.51 ($0.511200716543239)

Net profit = (Gross Profit - Gas Cost [Avg])
$0.13 = ($0.51 - $0.39) $0.12548860801500694 = ($0.511200716543239 - $0.385712108528232)


5b. 17 Claim(s):

Total gas cost: 17 Claim(s) (USD): $0.41 ($0.4100814850514057)

Claim Reward: 16 Claim(s) (WEI): 0.00015726852657048 WETH (157268526570480 wei)
Claim Reward: 16 Claim(s) (USD): $0.51 ($0.511200716543239)

Next Claim Reward: 17 Claim(s) (WEI): 0.000167097809481135 WETH (167097809481135 wei)
Next Claim Reward: 17 Claim(s) (USD): $0.54 ($0.5431507613271914)

Net profit = (Gross Profit - Gas Cost [Avg])
$0.13 = ($0.54 - $0.41) $0.13306927627578574 = ($0.5431507613271914 - $0.4100814850514057)


5b. 18 Claim(s):

Total gas cost: 18 Claim(s) (USD): $0.43 ($0.43445086157457935)

Claim Reward: 17 Claim(s) (WEI): 0.000167097809481135 WETH (167097809481135 wei)
Claim Reward: 17 Claim(s) (USD): $0.54 ($0.5431507613271914)

Next Claim Reward: 18 Claim(s) (WEI): 0.00017692709239179 WETH (176927092391790 wei)
Next Claim Reward: 18 Claim(s) (USD): $0.58 ($0.5751008061111439)

Net profit = (Gross Profit - Gas Cost [Avg])
$0.14 = ($0.58 - $0.43) $0.14064994453656454 = ($0.5751008061111439 - $0.43445086157457935)


5b. 19 Claim(s):

Total gas cost: 19 Claim(s) (USD): $0.46 ($0.458820238097753)

Claim Reward: 18 Claim(s) (WEI): 0.00017692709239179 WETH (176927092391790 wei)
Claim Reward: 18 Claim(s) (USD): $0.58 ($0.5751008061111439)

Next Claim Reward: 19 Claim(s) (WEI): 0.000186756375302445 WETH (186756375302445 wei)
Next Claim Reward: 19 Claim(s) (USD): $0.61 ($0.6070508508950963)

Net profit = (Gross Profit - Gas Cost [Avg])
$0.15 = ($0.61 - $0.46) $0.14823061279734323 = ($0.6070508508950963 - $0.458820238097753)


5b. 20 Claim(s):

Total gas cost: 20 Claim(s) (USD): $0.48 ($0.4831896146209267)

Claim Reward: 19 Claim(s) (WEI): 0.000186756375302445 WETH (186756375302445 wei)
Claim Reward: 19 Claim(s) (USD): $0.61 ($0.6070508508950963)

Next Claim Reward: 20 Claim(s) (WEI): 0.0001965856582131 WETH (196585658213100 wei)
Next Claim Reward: 20 Claim(s) (USD): $0.64 ($0.6390008956790487)

Net profit = (Gross Profit - Gas Cost [Avg])
$0.16 = ($0.64 - $0.48) $0.15581128105812203 = ($0.6390008956790487 - $0.4831896146209267)


5b. 21 Claim(s):

Total gas cost: 21 Claim(s) (USD): $0.51 ($0.5075589911441003)

Claim Reward: 20 Claim(s) (WEI): 0.0001965856582131 WETH (196585658213100 wei)
Claim Reward: 20 Claim(s) (USD): $0.64 ($0.6390008956790487)

Next Claim Reward: 21 Claim(s) (WEI): 0.000206414941123755 WETH (206414941123755 wei)
Next Claim Reward: 21 Claim(s) (USD): $0.67 ($0.6709509404630012)

Net profit = (Gross Profit - Gas Cost [Avg])
$0.16 = ($0.67 - $0.51) $0.1633919493189009 = ($0.6709509404630012 - $0.5075589911441003)


5b. 22 Claim(s):

Total gas cost: 22 Claim(s) (USD): $0.53 ($0.531928367667274)

Claim Reward: 21 Claim(s) (WEI): 0.000206414941123755 WETH (206414941123755 wei)
Claim Reward: 21 Claim(s) (USD): $0.67 ($0.6709509404630012)

Next Claim Reward: 22 Claim(s) (WEI): 0.00021624422403441 WETH (216244224034410 wei)
Next Claim Reward: 22 Claim(s) (USD): $0.7 ($0.7029009852469537)

Net profit = (Gross Profit - Gas Cost [Avg])
$0.17 = ($0.7 - $0.53) $0.17097261757967963 = ($0.7029009852469537 - $0.531928367667274)


5b. 23 Claim(s):

Total gas cost: 23 Claim(s) (USD): $0.56 ($0.5562977441904476)

Claim Reward: 22 Claim(s) (WEI): 0.00021624422403441 WETH (216244224034410 wei)
Claim Reward: 22 Claim(s) (USD): $0.7 ($0.7029009852469537)

Next Claim Reward: 23 Claim(s) (WEI): 0.000226073506945065 WETH (226073506945065 wei)
Next Claim Reward: 23 Claim(s) (USD): $0.73 ($0.734851030030906)

Net profit = (Gross Profit - Gas Cost [Avg])
$0.18 = ($0.73 - $0.56) $0.17855328584045838 = ($0.734851030030906 - $0.5562977441904476)


5b. 24 Claim(s):

Total gas cost: 24 Claim(s) (USD): $0.58 ($0.5806671207136214)

Claim Reward: 23 Claim(s) (WEI): 0.000226073506945065 WETH (226073506945065 wei)
Claim Reward: 23 Claim(s) (USD): $0.73 ($0.734851030030906)

Next Claim Reward: 24 Claim(s) (WEI): 0.00023590278985572 WETH (235902789855720 wei)
Next Claim Reward: 24 Claim(s) (USD): $0.77 ($0.7668010748148585)

Net profit = (Gross Profit - Gas Cost [Avg])
$0.19 = ($0.77 - $0.58) $0.18613395410123712 = ($0.7668010748148585 - $0.5806671207136214)


5b. 25 Claim(s):

Total gas cost: 25 Claim(s) (USD): $0.61 ($0.6050364972367951)

Claim Reward: 24 Claim(s) (WEI): 0.00023590278985572 WETH (235902789855720 wei)
Claim Reward: 24 Claim(s) (USD): $0.77 ($0.7668010748148585)

Next Claim Reward: 25 Claim(s) (WEI): 0.000245732072766375 WETH (245732072766375 wei)
Next Claim Reward: 25 Claim(s) (USD): $0.8 ($0.7987511195988108)

Net profit = (Gross Profit - Gas Cost [Avg])
$0.19 = ($0.8 - $0.61) $0.19371462236201575 = ($0.7987511195988108 - $0.6050364972367951)


5b. 26 Claim(s):

Total gas cost: 26 Claim(s) (USD): $0.63 ($0.6294058737599687)

Claim Reward: 25 Claim(s) (WEI): 0.000245732072766375 WETH (245732072766375 wei)
Claim Reward: 25 Claim(s) (USD): $0.8 ($0.7987511195988108)

Next Claim Reward: 26 Claim(s) (WEI): 0.00025556135567703 WETH (255561355677030 wei)
Next Claim Reward: 26 Claim(s) (USD): $0.83 ($0.8307011643827633)

Net profit = (Gross Profit - Gas Cost [Avg])
$0.2 = ($0.83 - $0.63) $0.2012952906227946 = ($0.8307011643827633 - $0.6294058737599687)


5b. 27 Claim(s):

Total gas cost: 27 Claim(s) (USD): $0.65 ($0.6537752502831424)

Claim Reward: 26 Claim(s) (WEI): 0.00025556135567703 WETH (255561355677030 wei)
Claim Reward: 26 Claim(s) (USD): $0.83 ($0.8307011643827633)

Next Claim Reward: 27 Claim(s) (WEI): 0.000265390638587685 WETH (265390638587685 wei)
Next Claim Reward: 27 Claim(s) (USD): $0.86 ($0.8626512091667158)

Net profit = (Gross Profit - Gas Cost [Avg])
$0.21 = ($0.86 - $0.65) $0.20887595888357335 = ($0.8626512091667158 - $0.6537752502831424)


5b. 28 Claim(s):

Total gas cost: 28 Claim(s) (USD): $0.68 ($0.678144626806316)

Claim Reward: 27 Claim(s) (WEI): 0.000265390638587685 WETH (265390638587685 wei)
Claim Reward: 27 Claim(s) (USD): $0.86 ($0.8626512091667158)

Next Claim Reward: 28 Claim(s) (WEI): 0.00027521992149834 WETH (275219921498340 wei)
Next Claim Reward: 28 Claim(s) (USD): $0.89 ($0.8946012539506681)

Net profit = (Gross Profit - Gas Cost [Avg])
$0.22 = ($0.89 - $0.68) $0.2164566271443521 = ($0.8946012539506681 - $0.678144626806316)


5b. 29 Claim(s):

Total gas cost: 29 Claim(s) (USD): $0.7 ($0.7025140033294898)

Claim Reward: 28 Claim(s) (WEI): 0.00027521992149834 WETH (275219921498340 wei)
Claim Reward: 28 Claim(s) (USD): $0.89 ($0.8946012539506681)

Next Claim Reward: 29 Claim(s) (WEI): 0.000285049204408995 WETH (285049204408995 wei)
Next Claim Reward: 29 Claim(s) (USD): $0.93 ($0.9265512987346206)

Net profit = (Gross Profit - Gas Cost [Avg])
$0.22 = ($0.93 - $0.7) $0.22403729540513084 = ($0.9265512987346206 - $0.7025140033294898)


5b. 30 Claim(s):

Total gas cost: 30 Claim(s) (USD): $0.73 ($0.7268833798526634)

Claim Reward: 29 Claim(s) (WEI): 0.000285049204408995 WETH (285049204408995 wei)
Claim Reward: 29 Claim(s) (USD): $0.93 ($0.9265512987346206)

Next Claim Reward: 30 Claim(s) (WEI): 0.00029487848731965 WETH (294878487319650 wei)
Next Claim Reward: 30 Claim(s) (USD): $0.96 ($0.9585013435185731)

Net profit = (Gross Profit - Gas Cost [Avg])
$0.23 = ($0.96 - $0.73) $0.2316179636659097 = ($0.9585013435185731 - $0.7268833798526634)

******************
5c. Profit/Loss (USD):

Net profit = (Gross Profit - Gas Cost [Max])
$0.2 = ($0.93 - $0.73) $0.19966791888195723 = ($0.9265512987346206 - $0.7268833798526634)

Submitting transaction to claim 29 prize(s):

0x7fad91a4a29109303188d8758f1a9d60ce988349-0xfFeb5852E91AE47171A314606CBA07faa3C50F00-5-900
0x7fad91a4a29109303188d8758f1a9d60ce988349-0x79E36E8bC87613743edfa6e82F6402B9515A8d87-5-269
0x7fad91a4a29109303188d8758f1a9d60ce988349-0xbEB1d345463756639C1C101A2B262F49718a07F7-5-801
0x7fad91a4a29109303188d8758f1a9d60ce988349-0x2dC6B542De378afd6D1341c55bA2d449cE3DbB46-5-959
0x7fad91a4a29109303188d8758f1a9d60ce988349-0x6f564F6847B4f463Ead7F49D33cAFd88f8c748F5-5-97
0x7fad91a4a29109303188d8758f1a9d60ce988349-0x6f564F6847B4f463Ead7F49D33cAFd88f8c748F5-5-494
0x7fad91a4a29109303188d8758f1a9d60ce988349-0xac03B2aFE23D1E9562Da38654007288914D95684-5-499
0x7fad91a4a29109303188d8758f1a9d60ce988349-0x6A6C74a35E78E1a64Ebc88438dd0ca4a1256EBe9-5-365
0x7fad91a4a29109303188d8758f1a9d60ce988349-0x453cF74A9c697B967bae1898A2fc872675a521B5-5-231
0x7fad91a4a29109303188d8758f1a9d60ce988349-0x453cF74A9c697B967bae1898A2fc872675a521B5-5-978
0x7fad91a4a29109303188d8758f1a9d60ce988349-0xbB472004507655dbf20C4943EAA323b60b53286E-5-436
0x7fad91a4a29109303188d8758f1a9d60ce988349-0xEdf69589635732dd22a7b590Ab506C7aa3d54125-5-806
0x7fad91a4a29109303188d8758f1a9d60ce988349-0xE943B7D804C68712A00355281Ba25283dec8f4Fe-5-77
0x7fad91a4a29109303188d8758f1a9d60ce988349-0xb4724287D1F93e8831FF8858fC5ac3e3d076FEb3-5-657
0x7fad91a4a29109303188d8758f1a9d60ce988349-0xa69583BC12411Fb0869c2e3174711478237cFF8E-5-808
0x7fad91a4a29109303188d8758f1a9d60ce988349-0x1143135000D603Ee559529f66b72a4bfA87f025F-5-126
0x7fad91a4a29109303188d8758f1a9d60ce988349-0x1Be7FBd75DA89AEcCeC842f391eD8f17230837c3-5-925
0x7fad91a4a29109303188d8758f1a9d60ce988349-0xba33bDcAC4eC85e046aE5371e6C79564dB1c891d-5-535
0x7fad91a4a29109303188d8758f1a9d60ce988349-0xa26153E88E989645b46e16888F356A62d725DFef-5-697
0x7fad91a4a29109303188d8758f1a9d60ce988349-0xdD2adaF863110FD872111387324f8488Cd1042c4-5-1015
0x7fad91a4a29109303188d8758f1a9d60ce988349-0xf3D0044200877E4A148227b52B1E7c3451bBc1Cd-5-1005
0x7fad91a4a29109303188d8758f1a9d60ce988349-0xF558f678937f39B724316820e3C11080a0413552-5-37
0x7fad91a4a29109303188d8758f1a9d60ce988349-0xF558f678937f39B724316820e3C11080a0413552-5-410
0x7fad91a4a29109303188d8758f1a9d60ce988349-0xD10FC849D7B9832B49bE0911bd0a72292Df719a9-5-866
0x7fad91a4a29109303188d8758f1a9d60ce988349-0x1cd775fD4385Ec148cf80926Faf5dD516BEa1f67-5-903
0x7fad91a4a29109303188d8758f1a9d60ce988349-0x5b6C0eeccaf090D209faB2f94dfF21887d4BddFe-5-899
0x7fad91a4a29109303188d8758f1a9d60ce988349-0x7f79E4A3B998f604c162Ca77B62bEaAd0d7A6E9A-5-870
0x7fad91a4a29109303188d8758f1a9d60ce988349-0x6B4C3348008BeAeA74d2430857AE75b1f8CF07f9-5-775
0x7fad91a4a29109303188d8758f1a9d60ce988349-0xB0Add5700499beA7100744d9EaE46960125a0B3E-5-68



Execute Claim Transaction for Tier #5 (Canary tier)



Transaction sent! ✔
Transaction hash: 0x6cf3c725fb709802b2079486284fe5348af24f05725a854867a8e1326f83b42e
Waiting on transaction to be confirmed ...
Tx confirmed !




******************
Processing:
Vault:     0x33335296c9b020ca3252e4953c11decfdce816b8
Tier:      #6 (Canary tier)
# prizes:  1641

5a. Calculating # of profitable claims ...

Native (Gas) Token ETH Market Rate (USD): $3252.04

Estimated gas limit (wei) (1 prize claim): 0.000000000000189124 ETH (189124 wei)
Estimated gas limit (wei) (2 prize claims): 0.000000000000275567 ETH (275567 wei)

Gas Cost: First Claim (wei): 0.000000000000189124 ETH (189124 wei)
Gas Cost: Each Following Claim (wei): 0.000000000000086443 ETH (86443 wei)

Gas Cost: First Claim (USD): $0.02 $0.020238473365324767
Gas Cost: Each Following Claim (USD): $0.02 $0.024436350173560682

5b. 1 Claim(s):

Total gas cost: 1 Claim(s) (USD): $0.02 ($0.020238473365324767)

Next Claim Reward: 1 Claim(s) (WEI): 0.000002457320727663 WETH (2457320727663 wei)
Next Claim Reward: 1 Claim(s) (USD): $0.01 ($0.007987511195985671)

Net profit = (Gross Profit - Gas Cost [Avg])
$-0.01 = ($0.01 - $0.02) $-0.012250962169339095 = ($0.007987511195985671 - $0.020238473365324767)

******************
5c. Profit/Loss (USD):

Net profit = (Gross Profit - Gas Cost [Max])
$-0.02 = ($0 - $0.02) $-0.020238473365324767 = ($0 - $0.020238473365324767)

Claiming tier #6 (Canary tier) currently not profitable.
Not profitable to claim for Draw #15, Tier: #6 (Canary tier)




******************
Processing:
Vault:     0x75b2f4b3ec5adf7077f928992524cc547e74f768
Tier:      #6 (Canary tier)
# prizes:  206

Tier #6 (Canary tier) not profitable, skipping ...





******************
Processing:
Vault:     0x7fad91a4a29109303188d8758f1a9d60ce988349
Tier:      #6 (Canary tier)
# prizes:  2279

Tier #6 (Canary tier) not profitable, skipping ...

