Operating on: 11155420 - Optimism Sepolia

Config - REWARD_RECIPIENT not provided, setting swap recipient to relayer address: 0x06003274c3a7926c04cA8d6903cc691fE8f3CEC2
Config - MIN_PROFIT_THRESHOLD_USD: 0.05

Starting ...
Getting prize pool info ...
Getting prize context ...

******************
1. Prize token: WETH

┌────────────┬──────────────────────────────────────────────┬──────────┬─────────────────┬────────┬──────────────┐
│ (index)    │ address                                      │ decimals │ name            │ symbol │ assetRateUsd │
├────────────┼──────────────────────────────────────────────┼──────────┼─────────────────┼────────┼──────────────┤
│ prizeToken │ '0xC355F97a3Aa2808Acb536E555764b8FB26fB4b37' │ 18       │ 'Wrapped Ether' │ 'WETH' │ 3079.0012    │
└────────────┴──────────────────────────────────────────────┴──────────┴─────────────────┴────────┴──────────────┘
┌─────────┬──────────┬───────────────────────────────┐
│ (index) │ numTiers │ tiersRangeArray               │
├─────────┼──────────┼───────────────────────────────┤
│ tiers   │ 7        │ [ 0, 1, 2, ... 4 more items ] │
└─────────┴──────────┴───────────────────────────────┘
Draw ID: 17
Prize Token WETH MarketRate USD:  $3079.0012

******************
Getting prize vaults ...
Found 6 prize vaults.

253 prizes already claimed for draw #17.
5054 prizes remaining to be claimed...




******************
Processing:
Vault:     0x33335296c9b020ca3252e4953c11decfdce816b8
Tier:      #5 (Canary tier)
# prizes:  396

5a. Calculating # of profitable claims ...

Native (Gas) Token ETH Market Rate (USD): $3085.32

Estimated gas limit (wei) (1 prize claim): 0.000000000000186988 ETH (186988 wei)
Estimated gas limit (wei) (2 prize claims): 0.000000000000274117 ETH (274117 wei)

Gas Cost: First Claim (wei): 0.000000000000186988 ETH (186988 wei)
Gas Cost: Each Following Claim (wei): 0.000000000000087129 ETH (87129 wei)

Gas Cost: First Claim (USD): $0.01 $0.013656905955217362
Gas Cost: Each Following Claim (USD): $0.02 $0.016369445883494198

5b. 1 Claim(s):

Total gas cost: 1 Claim(s) (USD): $0.01 ($0.013656905955217362)

Next Claim Reward: 1 Claim(s) (WEI): 0.000010602253562772 WETH (10602253562772 wei)
Next Claim Reward: 1 Claim(s) (USD): $0.03 ($0.032644351442479264)

Net profit = (Gross Profit - Gas Cost [Avg])
$0.02 = ($0.03 - $0.01) $0.018987445487261903 = ($0.032644351442479264 - $0.013656905955217362)

******************
5c. Profit/Loss (USD):

Net profit = (Gross Profit - Gas Cost [Max])
$-0.01 = ($0 - $0.01) $-0.013656905955217362 = ($0 - $0.013656905955217362)

Claiming tier #5 (Canary tier) currently not profitable.
Not profitable to claim for Draw #17, Tier: #5 (Canary tier)




******************
Processing:
Vault:     0x75b2f4b3ec5adf7077f928992524cc547e74f768
Tier:      #5 (Canary tier)
# prizes:  59

Tier #5 (Canary tier) not profitable, skipping ...





******************
Processing:
Vault:     0x7fad91a4a29109303188d8758f1a9d60ce988349
Tier:      #5 (Canary tier)
# prizes:  581

Tier #5 (Canary tier) not profitable, skipping ...





******************
Processing:
Vault:     0x33335296c9b020ca3252e4953c11decfdce816b8
Tier:      #6 (Canary tier)
# prizes:  1557

Tier #6 (Canary tier) not profitable, skipping ...





******************
Processing:
Vault:     0x75b2f4b3ec5adf7077f928992524cc547e74f768
Tier:      #6 (Canary tier)
# prizes:  220

Tier #6 (Canary tier) not profitable, skipping ...





******************
Processing:
Vault:     0x7fad91a4a29109303188d8758f1a9d60ce988349
Tier:      #6 (Canary tier)
# prizes:  2241

Tier #6 (Canary tier) not profitable, skipping ...

