Operating on: 11155420 - Optimism Sepolia

Config - REWARD_RECIPIENT not provided, setting swap recipient to relayer address: 0x06003274c3a7926c04cA8d6903cc691fE8f3CEC2
Config - MIN_PROFIT_THRESHOLD_USD: -0.3

Starting ...
Getting prize pool info ...
Getting prize context ...

******************
1. Prize token: WETH

┌────────────┬──────────────────────────────────────────────┬──────────┬─────────────────┬────────┬──────────────┐
│ (index)    │ address                                      │ decimals │ name            │ symbol │ assetRateUsd │
├────────────┼──────────────────────────────────────────────┼──────────┼─────────────────┼────────┼──────────────┤
│ prizeToken │ '0xC355F97a3Aa2808Acb536E555764b8FB26fB4b37' │ 18       │ 'Wrapped Ether' │ 'WETH' │ 3223.106     │
└────────────┴──────────────────────────────────────────────┴──────────┴─────────────────┴────────┴──────────────┘
┌─────────┬──────────┬───────────────────────────────┐
│ (index) │ numTiers │ tiersRangeArray               │
├─────────┼──────────┼───────────────────────────────┤
│ tiers   │ 7        │ [ 0, 1, 2, ... 4 more items ] │
└─────────┴──────────┴───────────────────────────────┘
Draw ID: 16
Prize Token WETH MarketRate USD:  $3223.106

******************
Getting prize vaults ...
Found 6 prize vaults.

850 prizes already claimed for draw #16.
4602 prizes remaining to be claimed...




******************
Processing:
Vault:     0x7fad91a4a29109303188d8758f1a9d60ce988349
Tier:      #4
# prizes:  9

5a. Calculating # of profitable claims ...

Native (Gas) Token ETH Market Rate (USD): $3223.23

Estimated gas limit (wei) (1 prize claim): 0.000000000000222006 ETH (222006 wei)
Estimated gas limit (wei) (2 prize claims): 0.000000000000320427 ETH (320427 wei)

Gas Cost: First Claim (wei): 0.000000000000222006 ETH (222006 wei)
Gas Cost: Each Following Claim (wei): 0.000000000000098421 ETH (98421 wei)

Gas Cost: First Claim (USD): $0.01 $0.013392274818531573
Gas Cost: Each Following Claim (USD): $0.02 $0.015844601036596705

5b. 1 Claim(s):

Total gas cost: 1 Claim(s) (USD): $0.01 ($0.013392274818531573)

Next Claim Reward: 1 Claim(s) (WEI): 0.000185431660633293 WETH (185431660633293 wei)
Next Claim Reward: 1 Claim(s) (USD): $0.6 ($0.5976658979771305)

Net profit = (Gross Profit - Gas Cost [Avg])
$0.58 = ($0.6 - $0.01) $0.584273623158599 = ($0.5976658979771305 - $0.013392274818531573)


5b. 2 Claim(s):

Total gas cost: 2 Claim(s) (USD): $0.03 ($0.029236875855128276)

Claim Reward: 1 Claim(s) (WEI): 0.000185431660633293 WETH (185431660633293 wei)
Claim Reward: 1 Claim(s) (USD): $0.6 ($0.5976658979771305)

Next Claim Reward: 2 Claim(s) (WEI): 0.000370863321266586 WETH (370863321266586 wei)
Next Claim Reward: 2 Claim(s) (USD): $1.2 ($1.195331795954261)

Net profit = (Gross Profit - Gas Cost [Avg])
$1.17 = ($1.2 - $0.03) $1.1660949200991328 = ($1.195331795954261 - $0.029236875855128276)


5b. 3 Claim(s):

Total gas cost: 3 Claim(s) (USD): $0.05 ($0.04508147689172498)

Claim Reward: 2 Claim(s) (WEI): 0.000370863321266586 WETH (370863321266586 wei)
Claim Reward: 2 Claim(s) (USD): $1.2 ($1.195331795954261)

Next Claim Reward: 3 Claim(s) (WEI): 0.000556294981899879 WETH (556294981899879 wei)
Next Claim Reward: 3 Claim(s) (USD): $1.79 ($1.7929976939313916)

Net profit = (Gross Profit - Gas Cost [Avg])
$1.75 = ($1.79 - $0.05) $1.7479162170396667 = ($1.7929976939313916 - $0.04508147689172498)


5b. 4 Claim(s):

Total gas cost: 4 Claim(s) (USD): $0.06 ($0.060926077928321686)

Claim Reward: 3 Claim(s) (WEI): 0.000556294981899879 WETH (556294981899879 wei)
Claim Reward: 3 Claim(s) (USD): $1.79 ($1.7929976939313916)

Next Claim Reward: 4 Claim(s) (WEI): 0.000741726642533172 WETH (741726642533172 wei)
Next Claim Reward: 4 Claim(s) (USD): $2.39 ($2.390663591908522)

Net profit = (Gross Profit - Gas Cost [Avg])
$2.33 = ($2.39 - $0.06) $2.3297375139802003 = ($2.390663591908522 - $0.060926077928321686)


5b. 5 Claim(s):

Total gas cost: 5 Claim(s) (USD): $0.08 ($0.07677067896491839)

Claim Reward: 4 Claim(s) (WEI): 0.000741726642533172 WETH (741726642533172 wei)
Claim Reward: 4 Claim(s) (USD): $2.39 ($2.390663591908522)

Next Claim Reward: 5 Claim(s) (WEI): 0.000927158303166465 WETH (927158303166465 wei)
Next Claim Reward: 5 Claim(s) (USD): $2.99 ($2.9883294898856527)

Net profit = (Gross Profit - Gas Cost [Avg])
$2.91 = ($2.99 - $0.08) $2.9115588109207344 = ($2.9883294898856527 - $0.07677067896491839)


5b. 6 Claim(s):

Total gas cost: 6 Claim(s) (USD): $0.09 ($0.0926152800015151)

Claim Reward: 5 Claim(s) (WEI): 0.000927158303166465 WETH (927158303166465 wei)
Claim Reward: 5 Claim(s) (USD): $2.99 ($2.9883294898856527)

Next Claim Reward: 6 Claim(s) (WEI): 0.001112589963799758 WETH (1112589963799758 wei)
Next Claim Reward: 6 Claim(s) (USD): $3.59 ($3.5859953878627833)

Net profit = (Gross Profit - Gas Cost [Avg])
$3.49 = ($3.59 - $0.09) $3.493380107861268 = ($3.5859953878627833 - $0.0926152800015151)


5b. 7 Claim(s):

Total gas cost: 7 Claim(s) (USD): $0.11 ($0.1084598810381118)

Claim Reward: 6 Claim(s) (WEI): 0.001112589963799758 WETH (1112589963799758 wei)
Claim Reward: 6 Claim(s) (USD): $3.59 ($3.5859953878627833)

Next Claim Reward: 7 Claim(s) (WEI): 0.001298021624433051 WETH (1298021624433051 wei)
Next Claim Reward: 7 Claim(s) (USD): $4.18 ($4.183661285839913)

Net profit = (Gross Profit - Gas Cost [Avg])
$4.08 = ($4.18 - $0.11) $4.075201404801802 = ($4.183661285839913 - $0.1084598810381118)


5b. 8 Claim(s):

Total gas cost: 8 Claim(s) (USD): $0.12 ($0.1243044820747085)

Claim Reward: 7 Claim(s) (WEI): 0.001298021624433051 WETH (1298021624433051 wei)
Claim Reward: 7 Claim(s) (USD): $4.18 ($4.183661285839913)

Next Claim Reward: 8 Claim(s) (WEI): 0.001483453285066344 WETH (1483453285066344 wei)
Next Claim Reward: 8 Claim(s) (USD): $4.78 ($4.781327183817044)

Net profit = (Gross Profit - Gas Cost [Avg])
$4.66 = ($4.78 - $0.12) $4.657022701742336 = ($4.781327183817044 - $0.1243044820747085)


5b. 9 Claim(s):

Total gas cost: 9 Claim(s) (USD): $0.14 ($0.14014908311130522)

Claim Reward: 8 Claim(s) (WEI): 0.001483453285066344 WETH (1483453285066344 wei)
Claim Reward: 8 Claim(s) (USD): $4.78 ($4.781327183817044)

Next Claim Reward: 9 Claim(s) (WEI): 0.001668884945699637 WETH (1668884945699637 wei)
Next Claim Reward: 9 Claim(s) (USD): $5.38 ($5.3789930817941745)

Net profit = (Gross Profit - Gas Cost [Avg])
$5.24 = ($5.38 - $0.14) $5.238843998682869 = ($5.3789930817941745 - $0.14014908311130522)


******************
5c. Profit/Loss (USD):

Net profit = (Gross Profit - Gas Cost [Max])
$5.24 = ($5.38 - $0.14) $5.238843998682869 = ($5.3789930817941745 - $0.14014908311130522)

Submitting transaction to claim 9 prize(s):

0x7fad91a4a29109303188d8758f1a9d60ce988349-0x806DCC67AdED7b4F3fF7cD80E9390f31d75ccBFB-4-94
0x7fad91a4a29109303188d8758f1a9d60ce988349-0xC42AAa6a270bA6E3878D11D400A48Dca293E0592-4-136
0x7fad91a4a29109303188d8758f1a9d60ce988349-0xc2d54CEDF00171199C06F941fdba02f0FD1DE7F6-4-178
0x7fad91a4a29109303188d8758f1a9d60ce988349-0x2547b01B794Dc60fdc59Ad80Cd7BD1A6b58E06a5-4-193
0x7fad91a4a29109303188d8758f1a9d60ce988349-0x251d8fF08d81c0b85d3D4231fb10e02efe6446A9-4-204
0x7fad91a4a29109303188d8758f1a9d60ce988349-0x8a989d3f8e5830d653239046406b2ea67924bE4e-4-152
0x7fad91a4a29109303188d8758f1a9d60ce988349-0xc30A919649A2c8CC0a8F5fB658b910f7ecdF8A3f-4-130
0x7fad91a4a29109303188d8758f1a9d60ce988349-0x5dd2912Fd23CE4E551acFcd9b9deE0F4031a47bC-4-53
0x7fad91a4a29109303188d8758f1a9d60ce988349-0xC92da81C60dEd9cE12E544CE41e3260b3bEb1c28-4-181



Execute Claim Transaction for Tier #4



Transaction sent! ✔
Transaction hash: 0x375439a9646874330160c6b3f717e308350d58a55e0b15f98bc9287ce736d632
Waiting on transaction to be confirmed ...
Tx confirmed !




******************
Processing:
Vault:     0x33335296c9b020ca3252e4953c11decfdce816b8
Tier:      #5 (Canary tier)
# prizes:  243

5a. Calculating # of profitable claims ...

Native (Gas) Token ETH Market Rate (USD): $3223.23

Estimated gas limit (wei) (1 prize claim): 0.000000000000175277 ETH (175277 wei)
Estimated gas limit (wei) (2 prize claims): 0.000000000000252711 ETH (252711 wei)

Gas Cost: First Claim (wei): 0.000000000000175277 ETH (175277 wei)
Gas Cost: Each Following Claim (wei): 0.000000000000077434 ETH (77434 wei)

Gas Cost: First Claim (USD): $0.01 $0.012329735786482712
Gas Cost: Each Following Claim (USD): $0.01 $0.014731260760463645

5b. 1 Claim(s):

Total gas cost: 1 Claim(s) (USD): $0.01 ($0.012329735786482712)

Next Claim Reward: 1 Claim(s) (WEI): 0.00001019815274992 WETH (10198152749920 wei)
Next Claim Reward: 1 Claim(s) (USD): $0.03 ($0.032869727317183656)

Net profit = (Gross Profit - Gas Cost [Avg])
$0.02 = ($0.03 - $0.01) $0.020539991530700942 = ($0.032869727317183656 - $0.012329735786482712)


5b. 2 Claim(s):

Total gas cost: 2 Claim(s) (USD): $0.03 ($0.027060996546946357)

Claim Reward: 1 Claim(s) (WEI): 0.00001019815274992 WETH (10198152749920 wei)
Claim Reward: 1 Claim(s) (USD): $0.03 ($0.032869727317183656)

Next Claim Reward: 2 Claim(s) (WEI): 0.00002039630549984 WETH (20396305499840 wei)
Next Claim Reward: 2 Claim(s) (USD): $0.07 ($0.06573945463436731)

Net profit = (Gross Profit - Gas Cost [Avg])
$0.04 = ($0.07 - $0.03) $0.03867845808742096 = ($0.06573945463436731 - $0.027060996546946357)


5b. 3 Claim(s):

Total gas cost: 3 Claim(s) (USD): $0.04 ($0.04179225730741)

Claim Reward: 2 Claim(s) (WEI): 0.00002039630549984 WETH (20396305499840 wei)
Claim Reward: 2 Claim(s) (USD): $0.07 ($0.06573945463436731)

Next Claim Reward: 3 Claim(s) (WEI): 0.00003059445824976 WETH (30594458249760 wei)
Next Claim Reward: 3 Claim(s) (USD): $0.1 ($0.09860918195155097)

Net profit = (Gross Profit - Gas Cost [Avg])
$0.06 = ($0.1 - $0.04) $0.05681692464414097 = ($0.09860918195155097 - $0.04179225730741)


5b. 4 Claim(s):

Total gas cost: 4 Claim(s) (USD): $0.06 ($0.056523518067873646)

Claim Reward: 3 Claim(s) (WEI): 0.00003059445824976 WETH (30594458249760 wei)
Claim Reward: 3 Claim(s) (USD): $0.1 ($0.09860918195155097)

Next Claim Reward: 4 Claim(s) (WEI): 0.00004079261099968 WETH (40792610999680 wei)
Next Claim Reward: 4 Claim(s) (USD): $0.13 ($0.13147890926873462)

Net profit = (Gross Profit - Gas Cost [Avg])
$0.07 = ($0.13 - $0.06) $0.07495539120086098 = ($0.13147890926873462 - $0.056523518067873646)


5b. 5 Claim(s):

Total gas cost: 5 Claim(s) (USD): $0.07 ($0.07125477882833729)

Claim Reward: 4 Claim(s) (WEI): 0.00004079261099968 WETH (40792610999680 wei)
Claim Reward: 4 Claim(s) (USD): $0.13 ($0.13147890926873462)

Next Claim Reward: 5 Claim(s) (WEI): 0.0000509907637496 WETH (50990763749600 wei)
Next Claim Reward: 5 Claim(s) (USD): $0.16 ($0.16434863658591828)

Net profit = (Gross Profit - Gas Cost [Avg])
$0.09 = ($0.16 - $0.07) $0.09309385775758099 = ($0.16434863658591828 - $0.07125477882833729)


5b. 6 Claim(s):

Total gas cost: 6 Claim(s) (USD): $0.09 ($0.08598603958880092)

Claim Reward: 5 Claim(s) (WEI): 0.0000509907637496 WETH (50990763749600 wei)
Claim Reward: 5 Claim(s) (USD): $0.16 ($0.16434863658591828)

Next Claim Reward: 6 Claim(s) (WEI): 0.00006118891649952 WETH (61188916499520 wei)
Next Claim Reward: 6 Claim(s) (USD): $0.2 ($0.19721836390310193)

Net profit = (Gross Profit - Gas Cost [Avg])
$0.11 = ($0.2 - $0.09) $0.11123232431430101 = ($0.19721836390310193 - $0.08598603958880092)


5b. 7 Claim(s):

Total gas cost: 7 Claim(s) (USD): $0.1 ($0.10071730034926457)

Claim Reward: 6 Claim(s) (WEI): 0.00006118891649952 WETH (61188916499520 wei)
Claim Reward: 6 Claim(s) (USD): $0.2 ($0.19721836390310193)

Next Claim Reward: 7 Claim(s) (WEI): 0.00007138706924944 WETH (71387069249440 wei)
Next Claim Reward: 7 Claim(s) (USD): $0.23 ($0.2300880912202856)

Net profit = (Gross Profit - Gas Cost [Avg])
$0.13 = ($0.23 - $0.1) $0.12937079087102102 = ($0.2300880912202856 - $0.10071730034926457)


5b. 8 Claim(s):

Total gas cost: 8 Claim(s) (USD): $0.12 ($0.11544856110972822)

Claim Reward: 7 Claim(s) (WEI): 0.00007138706924944 WETH (71387069249440 wei)
Claim Reward: 7 Claim(s) (USD): $0.23 ($0.2300880912202856)

Next Claim Reward: 8 Claim(s) (WEI): 0.00008158522199936 WETH (81585221999360 wei)
Next Claim Reward: 8 Claim(s) (USD): $0.26 ($0.26295781853746925)

Net profit = (Gross Profit - Gas Cost [Avg])
$0.15 = ($0.26 - $0.12) $0.14750925742774101 = ($0.26295781853746925 - $0.11544856110972822)


5b. 9 Claim(s):

Total gas cost: 9 Claim(s) (USD): $0.13 ($0.13017982187019186)

Claim Reward: 8 Claim(s) (WEI): 0.00008158522199936 WETH (81585221999360 wei)
Claim Reward: 8 Claim(s) (USD): $0.26 ($0.26295781853746925)

Next Claim Reward: 9 Claim(s) (WEI): 0.00009178337474928 WETH (91783374749280 wei)
Next Claim Reward: 9 Claim(s) (USD): $0.3 ($0.2958275458546529)

Net profit = (Gross Profit - Gas Cost [Avg])
$0.17 = ($0.3 - $0.13) $0.165647723984461 = ($0.2958275458546529 - $0.13017982187019186)


5b. 10 Claim(s):

Total gas cost: 10 Claim(s) (USD): $0.14 ($0.14491108263065552)

Claim Reward: 9 Claim(s) (WEI): 0.00009178337474928 WETH (91783374749280 wei)
Claim Reward: 9 Claim(s) (USD): $0.3 ($0.2958275458546529)

Next Claim Reward: 10 Claim(s) (WEI): 0.0001019815274992 WETH (101981527499200 wei)
Next Claim Reward: 10 Claim(s) (USD): $0.33 ($0.32869727317183656)

Net profit = (Gross Profit - Gas Cost [Avg])
$0.18 = ($0.33 - $0.14) $0.18378619054118103 = ($0.32869727317183656 - $0.14491108263065552)


5b. 11 Claim(s):

Total gas cost: 11 Claim(s) (USD): $0.16 ($0.15964234339111916)

Claim Reward: 10 Claim(s) (WEI): 0.0001019815274992 WETH (101981527499200 wei)
Claim Reward: 10 Claim(s) (USD): $0.33 ($0.32869727317183656)

Next Claim Reward: 11 Claim(s) (WEI): 0.00011217968024912 WETH (112179680249120 wei)
Next Claim Reward: 11 Claim(s) (USD): $0.36 ($0.3615670004890202)

Net profit = (Gross Profit - Gas Cost [Avg])
$0.2 = ($0.36 - $0.16) $0.20192465709790103 = ($0.3615670004890202 - $0.15964234339111916)


5b. 12 Claim(s):

Total gas cost: 12 Claim(s) (USD): $0.17 ($0.17437360415158282)

Claim Reward: 11 Claim(s) (WEI): 0.00011217968024912 WETH (112179680249120 wei)
Claim Reward: 11 Claim(s) (USD): $0.36 ($0.3615670004890202)

Next Claim Reward: 12 Claim(s) (WEI): 0.00012237783299904 WETH (122377832999040 wei)
Next Claim Reward: 12 Claim(s) (USD): $0.39 ($0.39443672780620387)

Net profit = (Gross Profit - Gas Cost [Avg])
$0.22 = ($0.39 - $0.17) $0.22006312365462105 = ($0.39443672780620387 - $0.17437360415158282)


5b. 13 Claim(s):

Total gas cost: 13 Claim(s) (USD): $0.19 ($0.18910486491204645)

Claim Reward: 12 Claim(s) (WEI): 0.00012237783299904 WETH (122377832999040 wei)
Claim Reward: 12 Claim(s) (USD): $0.39 ($0.39443672780620387)

Next Claim Reward: 13 Claim(s) (WEI): 0.00013257598574896 WETH (132575985748960 wei)
Next Claim Reward: 13 Claim(s) (USD): $0.43 ($0.42730645512338755)

Net profit = (Gross Profit - Gas Cost [Avg])
$0.24 = ($0.43 - $0.19) $0.2382015902113411 = ($0.42730645512338755 - $0.18910486491204645)


5b. 14 Claim(s):

Total gas cost: 14 Claim(s) (USD): $0.2 ($0.2038361256725101)

Claim Reward: 13 Claim(s) (WEI): 0.00013257598574896 WETH (132575985748960 wei)
Claim Reward: 13 Claim(s) (USD): $0.43 ($0.42730645512338755)

Next Claim Reward: 14 Claim(s) (WEI): 0.00014277413849888 WETH (142774138498880 wei)
Next Claim Reward: 14 Claim(s) (USD): $0.46 ($0.4601761824405712)

Net profit = (Gross Profit - Gas Cost [Avg])
$0.26 = ($0.46 - $0.2) $0.25634005676806104 = ($0.4601761824405712 - $0.2038361256725101)


5b. 15 Claim(s):

Total gas cost: 15 Claim(s) (USD): $0.22 ($0.21856738643297374)

Claim Reward: 14 Claim(s) (WEI): 0.00014277413849888 WETH (142774138498880 wei)
Claim Reward: 14 Claim(s) (USD): $0.46 ($0.4601761824405712)

Next Claim Reward: 15 Claim(s) (WEI): 0.0001529722912488 WETH (152972291248800 wei)
Next Claim Reward: 15 Claim(s) (USD): $0.49 ($0.4930459097577548)

Net profit = (Gross Profit - Gas Cost [Avg])
$0.27 = ($0.49 - $0.22) $0.27447852332478107 = ($0.4930459097577548 - $0.21856738643297374)


5b. 16 Claim(s):

Total gas cost: 16 Claim(s) (USD): $0.23 ($0.2332986471934374)

Claim Reward: 15 Claim(s) (WEI): 0.0001529722912488 WETH (152972291248800 wei)
Claim Reward: 15 Claim(s) (USD): $0.49 ($0.4930459097577548)

Next Claim Reward: 16 Claim(s) (WEI): 0.00016317044399872 WETH (163170443998720 wei)
Next Claim Reward: 16 Claim(s) (USD): $0.53 ($0.5259156370749385)

Net profit = (Gross Profit - Gas Cost [Avg])
$0.29 = ($0.53 - $0.23) $0.2926169898815011 = ($0.5259156370749385 - $0.2332986471934374)


5b. 17 Claim(s):

Total gas cost: 17 Claim(s) (USD): $0.25 ($0.24802990795390104)

Claim Reward: 16 Claim(s) (WEI): 0.00016317044399872 WETH (163170443998720 wei)
Claim Reward: 16 Claim(s) (USD): $0.53 ($0.5259156370749385)

Next Claim Reward: 17 Claim(s) (WEI): 0.00017336859674864 WETH (173368596748640 wei)
Next Claim Reward: 17 Claim(s) (USD): $0.56 ($0.5587853643921221)

Net profit = (Gross Profit - Gas Cost [Avg])
$0.31 = ($0.56 - $0.25) $0.3107554564382211 = ($0.5587853643921221 - $0.24802990795390104)


5b. 18 Claim(s):

Total gas cost: 18 Claim(s) (USD): $0.26 ($0.26276116871436467)

Claim Reward: 17 Claim(s) (WEI): 0.00017336859674864 WETH (173368596748640 wei)
Claim Reward: 17 Claim(s) (USD): $0.56 ($0.5587853643921221)

Next Claim Reward: 18 Claim(s) (WEI): 0.00018356674949856 WETH (183566749498560 wei)
Next Claim Reward: 18 Claim(s) (USD): $0.59 ($0.5916550917093057)

Net profit = (Gross Profit - Gas Cost [Avg])
$0.33 = ($0.59 - $0.26) $0.3288939229949411 = ($0.5916550917093057 - $0.26276116871436467)


5b. 19 Claim(s):

Total gas cost: 19 Claim(s) (USD): $0.28 ($0.27749242947482833)

Claim Reward: 18 Claim(s) (WEI): 0.00018356674949856 WETH (183566749498560 wei)
Claim Reward: 18 Claim(s) (USD): $0.59 ($0.5916550917093057)

Next Claim Reward: 19 Claim(s) (WEI): 0.00019376490224848 WETH (193764902248480 wei)
Next Claim Reward: 19 Claim(s) (USD): $0.62 ($0.6245248190264894)

Net profit = (Gross Profit - Gas Cost [Avg])
$0.35 = ($0.62 - $0.28) $0.34703238955166105 = ($0.6245248190264894 - $0.27749242947482833)


5b. 20 Claim(s):

Total gas cost: 20 Claim(s) (USD): $0.29 ($0.292223690235292)

Claim Reward: 19 Claim(s) (WEI): 0.00019376490224848 WETH (193764902248480 wei)
Claim Reward: 19 Claim(s) (USD): $0.62 ($0.6245248190264894)

Next Claim Reward: 20 Claim(s) (WEI): 0.0002039630549984 WETH (203963054998400 wei)
Next Claim Reward: 20 Claim(s) (USD): $0.66 ($0.6573945463436731)

Net profit = (Gross Profit - Gas Cost [Avg])
$0.37 = ($0.66 - $0.29) $0.3651708561083811 = ($0.6573945463436731 - $0.292223690235292)


5b. 21 Claim(s):

Total gas cost: 21 Claim(s) (USD): $0.31 ($0.3069549509957556)

Claim Reward: 20 Claim(s) (WEI): 0.0002039630549984 WETH (203963054998400 wei)
Claim Reward: 20 Claim(s) (USD): $0.66 ($0.6573945463436731)

Next Claim Reward: 21 Claim(s) (WEI): 0.00021416120774832 WETH (214161207748320 wei)
Next Claim Reward: 21 Claim(s) (USD): $0.69 ($0.6902642736608567)

Net profit = (Gross Profit - Gas Cost [Avg])
$0.38 = ($0.69 - $0.31) $0.38330932266510115 = ($0.6902642736608567 - $0.3069549509957556)


5b. 22 Claim(s):

Total gas cost: 22 Claim(s) (USD): $0.32 ($0.32168621175621925)

Claim Reward: 21 Claim(s) (WEI): 0.00021416120774832 WETH (214161207748320 wei)
Claim Reward: 21 Claim(s) (USD): $0.69 ($0.6902642736608567)

Next Claim Reward: 22 Claim(s) (WEI): 0.00022435936049824 WETH (224359360498240 wei)
Next Claim Reward: 22 Claim(s) (USD): $0.72 ($0.7231340009780404)

Net profit = (Gross Profit - Gas Cost [Avg])
$0.4 = ($0.72 - $0.32) $0.4014477892218211 = ($0.7231340009780404 - $0.32168621175621925)


5b. 23 Claim(s):

Total gas cost: 23 Claim(s) (USD): $0.34 ($0.3364174725166829)

Claim Reward: 22 Claim(s) (WEI): 0.00022435936049824 WETH (224359360498240 wei)
Claim Reward: 22 Claim(s) (USD): $0.72 ($0.7231340009780404)

Next Claim Reward: 23 Claim(s) (WEI): 0.00023455751324816 WETH (234557513248160 wei)
Next Claim Reward: 23 Claim(s) (USD): $0.76 ($0.756003728295224)

Net profit = (Gross Profit - Gas Cost [Avg])
$0.42 = ($0.76 - $0.34) $0.4195862557785411 = ($0.756003728295224 - $0.3364174725166829)


5b. 24 Claim(s):

Total gas cost: 24 Claim(s) (USD): $0.35 ($0.3511487332771466)

Claim Reward: 23 Claim(s) (WEI): 0.00023455751324816 WETH (234557513248160 wei)
Claim Reward: 23 Claim(s) (USD): $0.76 ($0.756003728295224)

Next Claim Reward: 24 Claim(s) (WEI): 0.00024475566599808 WETH (244755665998080 wei)
Next Claim Reward: 24 Claim(s) (USD): $0.79 ($0.7888734556124077)

Net profit = (Gross Profit - Gas Cost [Avg])
$0.44 = ($0.79 - $0.35) $0.43772472233526116 = ($0.7888734556124077 - $0.3511487332771466)


5b. 25 Claim(s):

Total gas cost: 25 Claim(s) (USD): $0.37 ($0.3658799940376102)

Claim Reward: 24 Claim(s) (WEI): 0.00024475566599808 WETH (244755665998080 wei)
Claim Reward: 24 Claim(s) (USD): $0.79 ($0.7888734556124077)

Next Claim Reward: 25 Claim(s) (WEI): 0.000254953818748 WETH (254953818748000 wei)
Next Claim Reward: 25 Claim(s) (USD): $0.82 ($0.8217431829295914)

Net profit = (Gross Profit - Gas Cost [Avg])
$0.46 = ($0.82 - $0.37) $0.4558631888919812 = ($0.8217431829295914 - $0.3658799940376102)


5b. 26 Claim(s):

Total gas cost: 26 Claim(s) (USD): $0.38 ($0.38061125479807384)

Claim Reward: 25 Claim(s) (WEI): 0.000254953818748 WETH (254953818748000 wei)
Claim Reward: 25 Claim(s) (USD): $0.82 ($0.8217431829295914)

Next Claim Reward: 26 Claim(s) (WEI): 0.00026515197149792 WETH (265151971497920 wei)
Next Claim Reward: 26 Claim(s) (USD): $0.85 ($0.8546129102467751)

Net profit = (Gross Profit - Gas Cost [Avg])
$0.47 = ($0.85 - $0.38) $0.47400165544870126 = ($0.8546129102467751 - $0.38061125479807384)


5b. 27 Claim(s):

Total gas cost: 27 Claim(s) (USD): $0.4 ($0.3953425155585375)

Claim Reward: 26 Claim(s) (WEI): 0.00026515197149792 WETH (265151971497920 wei)
Claim Reward: 26 Claim(s) (USD): $0.85 ($0.8546129102467751)

Next Claim Reward: 27 Claim(s) (WEI): 0.00027535012424784 WETH (275350124247840 wei)
Next Claim Reward: 27 Claim(s) (USD): $0.89 ($0.8874826375639586)

Net profit = (Gross Profit - Gas Cost [Avg])
$0.49 = ($0.89 - $0.4) $0.4921401220054211 = ($0.8874826375639586 - $0.3953425155585375)


5b. 28 Claim(s):

Total gas cost: 28 Claim(s) (USD): $0.41 ($0.4100737763190011)

Claim Reward: 27 Claim(s) (WEI): 0.00027535012424784 WETH (275350124247840 wei)
Claim Reward: 27 Claim(s) (USD): $0.89 ($0.8874826375639586)

Next Claim Reward: 28 Claim(s) (WEI): 0.00028554827699776 WETH (285548276997760 wei)
Next Claim Reward: 28 Claim(s) (USD): $0.92 ($0.9203523648811424)

Net profit = (Gross Profit - Gas Cost [Avg])
$0.51 = ($0.92 - $0.41) $0.5102785885621413 = ($0.9203523648811424 - $0.4100737763190011)


5b. 29 Claim(s):

Total gas cost: 29 Claim(s) (USD): $0.42 ($0.42480503707946476)

Claim Reward: 28 Claim(s) (WEI): 0.00028554827699776 WETH (285548276997760 wei)
Claim Reward: 28 Claim(s) (USD): $0.92 ($0.9203523648811424)

Next Claim Reward: 29 Claim(s) (WEI): 0.00029574642974768 WETH (295746429747680 wei)
Next Claim Reward: 29 Claim(s) (USD): $0.95 ($0.9532220921983259)

Net profit = (Gross Profit - Gas Cost [Avg])
$0.53 = ($0.95 - $0.42) $0.5284170551188612 = ($0.9532220921983259 - $0.42480503707946476)


5b. 30 Claim(s):

Total gas cost: 30 Claim(s) (USD): $0.44 ($0.4395362978399284)

Claim Reward: 29 Claim(s) (WEI): 0.00029574642974768 WETH (295746429747680 wei)
Claim Reward: 29 Claim(s) (USD): $0.95 ($0.9532220921983259)

Next Claim Reward: 30 Claim(s) (WEI): 0.0003059445824976 WETH (305944582497600 wei)
Next Claim Reward: 30 Claim(s) (USD): $0.99 ($0.9860918195155096)

Net profit = (Gross Profit - Gas Cost [Avg])
$0.55 = ($0.99 - $0.44) $0.5465555216755812 = ($0.9860918195155096 - $0.4395362978399284)

******************
5c. Profit/Loss (USD):

Net profit = (Gross Profit - Gas Cost [Max])
$0.51 = ($0.95 - $0.44) $0.5136857943583975 = ($0.9532220921983259 - $0.4395362978399284)

Submitting transaction to claim 29 prize(s):

0x33335296c9b020ca3252e4953c11decfdce816b8-0xFDC1273E285C867e3e4CF9ed19aB91563B0E6672-5-316
0x33335296c9b020ca3252e4953c11decfdce816b8-0x0596D5B386d16925f862CDB72724F1a831A36514-5-554
0x33335296c9b020ca3252e4953c11decfdce816b8-0x114195bd2a771a65d1e1DCf7247062DD759Bc434-5-472
0x33335296c9b020ca3252e4953c11decfdce816b8-0x47c3Ba6A7DD8D2bD5C283e86AB54023d2d2F18a5-5-179
0x33335296c9b020ca3252e4953c11decfdce816b8-0x47c3Ba6A7DD8D2bD5C283e86AB54023d2d2F18a5-5-840
0x33335296c9b020ca3252e4953c11decfdce816b8-0x9CF3b3c152Ae4568b884FAf920B7b8Bf8721961c-5-363
0x33335296c9b020ca3252e4953c11decfdce816b8-0x1367eA5BdaDE6eA2773ea924ca5e8Ac613Ee771d-5-309
0x33335296c9b020ca3252e4953c11decfdce816b8-0xF7e34b4c3B0325C215CaC6EE625bF4676E3BD1b0-5-514
0x33335296c9b020ca3252e4953c11decfdce816b8-0x2Cc5564A78dD15EFf497634b5425719523A7Dd77-5-789
0x33335296c9b020ca3252e4953c11decfdce816b8-0xE4BCe6aec679333395C64fEf2Db69344569A73e6-5-738
0x33335296c9b020ca3252e4953c11decfdce816b8-0xd1a0266b4D7B44aD749023A11FDcF664e8a5cB17-5-636
0x33335296c9b020ca3252e4953c11decfdce816b8-0xd1a0266b4D7B44aD749023A11FDcF664e8a5cB17-5-942
0x33335296c9b020ca3252e4953c11decfdce816b8-0x23f9e74f566c78F7A543088F51216931108e91c5-5-623
0x33335296c9b020ca3252e4953c11decfdce816b8-0x4e9816299A3f44B01FeeC9C9cc9DbEFfDaD68cEe-5-654
0x33335296c9b020ca3252e4953c11decfdce816b8-0x4e9816299A3f44B01FeeC9C9cc9DbEFfDaD68cEe-5-992
0x33335296c9b020ca3252e4953c11decfdce816b8-0xA31a36f6F92ddEB77997ecbB0928b5B005f62D6A-5-27
0x33335296c9b020ca3252e4953c11decfdce816b8-0xe0cAFAdd99e5900f5a493f2515E28fbE35a1e6Fb-5-233
0x33335296c9b020ca3252e4953c11decfdce816b8-0x6229B40Be8fDB88cC9e598157aBb3FB4827Aa1Fb-5-175
0x33335296c9b020ca3252e4953c11decfdce816b8-0x04C12fBE395b436d13802D84bDABE7662f24A82f-5-921
0x33335296c9b020ca3252e4953c11decfdce816b8-0x456B421404EC6c81966dbDc132E20bE31eDD48BB-5-624
0x33335296c9b020ca3252e4953c11decfdce816b8-0x9Fb9080D9e58EAc8b44B6A1cE7914f950bd29848-5-959
0x33335296c9b020ca3252e4953c11decfdce816b8-0xC61E79e17E34C258F01209D8Fa44F4B7E8b517b7-5-106
0x33335296c9b020ca3252e4953c11decfdce816b8-0xC3A63645652eeA110C813a3cdbd0164D2090A059-5-492
0x33335296c9b020ca3252e4953c11decfdce816b8-0x9e74B15540BADB44226268aC0b18762445A13a66-5-715
0x33335296c9b020ca3252e4953c11decfdce816b8-0x9998230876dF8d732760B5fdE4470c511D81c286-5-163
0x33335296c9b020ca3252e4953c11decfdce816b8-0x274d061CE56DC72C22e763FCe5b9F5f0c31747B4-5-185
0x33335296c9b020ca3252e4953c11decfdce816b8-0x4de6aDd0B54F007d249F20ABABd3a6b56402E158-5-823
0x33335296c9b020ca3252e4953c11decfdce816b8-0xcf24772D7e174a8fB688Bd3b4c8baA7DD258f8b0-5-773
0x33335296c9b020ca3252e4953c11decfdce816b8-0x918650ef52bc9c9c5F482787676005337819FDE5-5-880



Execute Claim Transaction for Tier #5 (Canary tier)



Transaction sent! ✔
Transaction hash: 0xc705470f703f71272a24480c315dccf8552aea755cb590663ccccab095d44da9
Waiting on transaction to be confirmed ...
Tx confirmed !




******************
Processing:
Vault:     0x7fad91a4a29109303188d8758f1a9d60ce988349
Tier:      #5 (Canary tier)
# prizes:  426

5a. Calculating # of profitable claims ...

Native (Gas) Token ETH Market Rate (USD): $3223.23

Estimated gas limit (wei) (1 prize claim): 0.000000000000183642 ETH (183642 wei)
Estimated gas limit (wei) (2 prize claims): 0.000000000000269441 ETH (269441 wei)

Gas Cost: First Claim (wei): 0.000000000000183642 ETH (183642 wei)
Gas Cost: Each Following Claim (wei): 0.000000000000085799 ETH (85799 wei)

Gas Cost: First Claim (USD): $0.01 $0.012356704899937088
Gas Cost: Each Following Claim (USD): $0.01 $0.01475822987391802

5b. 1 Claim(s):

Total gas cost: 1 Claim(s) (USD): $0.01 ($0.012356704899937088)

Next Claim Reward: 1 Claim(s) (WEI): 0.00001019815274992 WETH (10198152749920 wei)
Next Claim Reward: 1 Claim(s) (USD): $0.03 ($0.032869727317183656)

Net profit = (Gross Profit - Gas Cost [Avg])
$0.02 = ($0.03 - $0.01) $0.02051302241724657 = ($0.032869727317183656 - $0.012356704899937088)


5b. 2 Claim(s):

Total gas cost: 2 Claim(s) (USD): $0.03 ($0.02711493477385511)

Claim Reward: 1 Claim(s) (WEI): 0.00001019815274992 WETH (10198152749920 wei)
Claim Reward: 1 Claim(s) (USD): $0.03 ($0.032869727317183656)

Next Claim Reward: 2 Claim(s) (WEI): 0.00002039630549984 WETH (20396305499840 wei)
Next Claim Reward: 2 Claim(s) (USD): $0.07 ($0.06573945463436731)

Net profit = (Gross Profit - Gas Cost [Avg])
$0.04 = ($0.07 - $0.03) $0.0386245198605122 = ($0.06573945463436731 - $0.02711493477385511)


5b. 3 Claim(s):

Total gas cost: 3 Claim(s) (USD): $0.04 ($0.04187316464777313)

Claim Reward: 2 Claim(s) (WEI): 0.00002039630549984 WETH (20396305499840 wei)
Claim Reward: 2 Claim(s) (USD): $0.07 ($0.06573945463436731)

Next Claim Reward: 3 Claim(s) (WEI): 0.00003059445824976 WETH (30594458249760 wei)
Next Claim Reward: 3 Claim(s) (USD): $0.1 ($0.09860918195155097)

Net profit = (Gross Profit - Gas Cost [Avg])
$0.06 = ($0.1 - $0.04) $0.056736017303777836 = ($0.09860918195155097 - $0.04187316464777313)


5b. 4 Claim(s):

Total gas cost: 4 Claim(s) (USD): $0.06 ($0.05663139452169115)

Claim Reward: 3 Claim(s) (WEI): 0.00003059445824976 WETH (30594458249760 wei)
Claim Reward: 3 Claim(s) (USD): $0.1 ($0.09860918195155097)

Next Claim Reward: 4 Claim(s) (WEI): 0.00004079261099968 WETH (40792610999680 wei)
Next Claim Reward: 4 Claim(s) (USD): $0.13 ($0.13147890926873462)

Net profit = (Gross Profit - Gas Cost [Avg])
$0.07 = ($0.13 - $0.06) $0.07484751474704347 = ($0.13147890926873462 - $0.05663139452169115)


5b. 5 Claim(s):

Total gas cost: 5 Claim(s) (USD): $0.07 ($0.07138962439560917)

Claim Reward: 4 Claim(s) (WEI): 0.00004079261099968 WETH (40792610999680 wei)
Claim Reward: 4 Claim(s) (USD): $0.13 ($0.13147890926873462)

Next Claim Reward: 5 Claim(s) (WEI): 0.0000509907637496 WETH (50990763749600 wei)
Next Claim Reward: 5 Claim(s) (USD): $0.16 ($0.16434863658591828)

Net profit = (Gross Profit - Gas Cost [Avg])
$0.09 = ($0.16 - $0.07) $0.09295901219030911 = ($0.16434863658591828 - $0.07138962439560917)


5b. 6 Claim(s):

Total gas cost: 6 Claim(s) (USD): $0.09 ($0.0861478542695272)

Claim Reward: 5 Claim(s) (WEI): 0.0000509907637496 WETH (50990763749600 wei)
Claim Reward: 5 Claim(s) (USD): $0.16 ($0.16434863658591828)

Next Claim Reward: 6 Claim(s) (WEI): 0.00006118891649952 WETH (61188916499520 wei)
Next Claim Reward: 6 Claim(s) (USD): $0.2 ($0.19721836390310193)

Net profit = (Gross Profit - Gas Cost [Avg])
$0.11 = ($0.2 - $0.09) $0.11107050963357473 = ($0.19721836390310193 - $0.0861478542695272)


5b. 7 Claim(s):

Total gas cost: 7 Claim(s) (USD): $0.1 ($0.10090608414344522)

Claim Reward: 6 Claim(s) (WEI): 0.00006118891649952 WETH (61188916499520 wei)
Claim Reward: 6 Claim(s) (USD): $0.2 ($0.19721836390310193)

Next Claim Reward: 7 Claim(s) (WEI): 0.00007138706924944 WETH (71387069249440 wei)
Next Claim Reward: 7 Claim(s) (USD): $0.23 ($0.2300880912202856)

Net profit = (Gross Profit - Gas Cost [Avg])
$0.13 = ($0.23 - $0.1) $0.12918200707684035 = ($0.2300880912202856 - $0.10090608414344522)


5b. 8 Claim(s):

Total gas cost: 8 Claim(s) (USD): $0.12 ($0.11566431401736324)

Claim Reward: 7 Claim(s) (WEI): 0.00007138706924944 WETH (71387069249440 wei)
Claim Reward: 7 Claim(s) (USD): $0.23 ($0.2300880912202856)

Next Claim Reward: 8 Claim(s) (WEI): 0.00008158522199936 WETH (81585221999360 wei)
Next Claim Reward: 8 Claim(s) (USD): $0.26 ($0.26295781853746925)

Net profit = (Gross Profit - Gas Cost [Avg])
$0.15 = ($0.26 - $0.12) $0.147293504520106 = ($0.26295781853746925 - $0.11566431401736324)


5b. 9 Claim(s):

Total gas cost: 9 Claim(s) (USD): $0.13 ($0.13042254389128125)

Claim Reward: 8 Claim(s) (WEI): 0.00008158522199936 WETH (81585221999360 wei)
Claim Reward: 8 Claim(s) (USD): $0.26 ($0.26295781853746925)

Next Claim Reward: 9 Claim(s) (WEI): 0.00009178337474928 WETH (91783374749280 wei)
Next Claim Reward: 9 Claim(s) (USD): $0.3 ($0.2958275458546529)

Net profit = (Gross Profit - Gas Cost [Avg])
$0.17 = ($0.3 - $0.13) $0.16540500196337163 = ($0.2958275458546529 - $0.13042254389128125)


5b. 10 Claim(s):

Total gas cost: 10 Claim(s) (USD): $0.15 ($0.14518077376519928)

Claim Reward: 9 Claim(s) (WEI): 0.00009178337474928 WETH (91783374749280 wei)
Claim Reward: 9 Claim(s) (USD): $0.3 ($0.2958275458546529)

Next Claim Reward: 10 Claim(s) (WEI): 0.0001019815274992 WETH (101981527499200 wei)
Next Claim Reward: 10 Claim(s) (USD): $0.33 ($0.32869727317183656)

Net profit = (Gross Profit - Gas Cost [Avg])
$0.18 = ($0.33 - $0.15) $0.18351649940663728 = ($0.32869727317183656 - $0.14518077376519928)


5b. 11 Claim(s):

Total gas cost: 11 Claim(s) (USD): $0.16 ($0.1599390036391173)

Claim Reward: 10 Claim(s) (WEI): 0.0001019815274992 WETH (101981527499200 wei)
Claim Reward: 10 Claim(s) (USD): $0.33 ($0.32869727317183656)

Next Claim Reward: 11 Claim(s) (WEI): 0.00011217968024912 WETH (112179680249120 wei)
Next Claim Reward: 11 Claim(s) (USD): $0.36 ($0.3615670004890202)

Net profit = (Gross Profit - Gas Cost [Avg])
$0.2 = ($0.36 - $0.16) $0.20162799684990287 = ($0.3615670004890202 - $0.1599390036391173)


5b. 12 Claim(s):

Total gas cost: 12 Claim(s) (USD): $0.17 ($0.17469723351303532)

Claim Reward: 11 Claim(s) (WEI): 0.00011217968024912 WETH (112179680249120 wei)
Claim Reward: 11 Claim(s) (USD): $0.36 ($0.3615670004890202)

Next Claim Reward: 12 Claim(s) (WEI): 0.00012237783299904 WETH (122377832999040 wei)
Next Claim Reward: 12 Claim(s) (USD): $0.39 ($0.39443672780620387)

Net profit = (Gross Profit - Gas Cost [Avg])
$0.22 = ($0.39 - $0.17) $0.21973949429316855 = ($0.39443672780620387 - $0.17469723351303532)


5b. 13 Claim(s):

Total gas cost: 13 Claim(s) (USD): $0.19 ($0.18945546338695335)

Claim Reward: 12 Claim(s) (WEI): 0.00012237783299904 WETH (122377832999040 wei)
Claim Reward: 12 Claim(s) (USD): $0.39 ($0.39443672780620387)

Next Claim Reward: 13 Claim(s) (WEI): 0.00013257598574896 WETH (132575985748960 wei)
Next Claim Reward: 13 Claim(s) (USD): $0.43 ($0.42730645512338755)

Net profit = (Gross Profit - Gas Cost [Avg])
$0.24 = ($0.43 - $0.19) $0.2378509917364342 = ($0.42730645512338755 - $0.18945546338695335)


5b. 14 Claim(s):

Total gas cost: 14 Claim(s) (USD): $0.2 ($0.20421369326087135)

Claim Reward: 13 Claim(s) (WEI): 0.00013257598574896 WETH (132575985748960 wei)
Claim Reward: 13 Claim(s) (USD): $0.43 ($0.42730645512338755)

Next Claim Reward: 14 Claim(s) (WEI): 0.00014277413849888 WETH (142774138498880 wei)
Next Claim Reward: 14 Claim(s) (USD): $0.46 ($0.4601761824405712)

Net profit = (Gross Profit - Gas Cost [Avg])
$0.26 = ($0.46 - $0.2) $0.2559624891796998 = ($0.4601761824405712 - $0.20421369326087135)


5b. 15 Claim(s):

Total gas cost: 15 Claim(s) (USD): $0.22 ($0.2189719231347894)

Claim Reward: 14 Claim(s) (WEI): 0.00014277413849888 WETH (142774138498880 wei)
Claim Reward: 14 Claim(s) (USD): $0.46 ($0.4601761824405712)

Next Claim Reward: 15 Claim(s) (WEI): 0.0001529722912488 WETH (152972291248800 wei)
Next Claim Reward: 15 Claim(s) (USD): $0.49 ($0.4930459097577548)

Net profit = (Gross Profit - Gas Cost [Avg])
$0.27 = ($0.49 - $0.22) $0.27407398662296545 = ($0.4930459097577548 - $0.2189719231347894)


5b. 16 Claim(s):

Total gas cost: 16 Claim(s) (USD): $0.23 ($0.2337301530087074)

Claim Reward: 15 Claim(s) (WEI): 0.0001529722912488 WETH (152972291248800 wei)
Claim Reward: 15 Claim(s) (USD): $0.49 ($0.4930459097577548)

Next Claim Reward: 16 Claim(s) (WEI): 0.00016317044399872 WETH (163170443998720 wei)
Next Claim Reward: 16 Claim(s) (USD): $0.53 ($0.5259156370749385)

Net profit = (Gross Profit - Gas Cost [Avg])
$0.29 = ($0.53 - $0.23) $0.2921854840662311 = ($0.5259156370749385 - $0.2337301530087074)


5b. 17 Claim(s):

Total gas cost: 17 Claim(s) (USD): $0.25 ($0.24848838288262542)

Claim Reward: 16 Claim(s) (WEI): 0.00016317044399872 WETH (163170443998720 wei)
Claim Reward: 16 Claim(s) (USD): $0.53 ($0.5259156370749385)

Next Claim Reward: 17 Claim(s) (WEI): 0.00017336859674864 WETH (173368596748640 wei)
Next Claim Reward: 17 Claim(s) (USD): $0.56 ($0.5587853643921221)

Net profit = (Gross Profit - Gas Cost [Avg])
$0.31 = ($0.56 - $0.25) $0.3102969815094967 = ($0.5587853643921221 - $0.24848838288262542)


5b. 18 Claim(s):

Total gas cost: 18 Claim(s) (USD): $0.26 ($0.26324661275654343)

Claim Reward: 17 Claim(s) (WEI): 0.00017336859674864 WETH (173368596748640 wei)
Claim Reward: 17 Claim(s) (USD): $0.56 ($0.5587853643921221)

Next Claim Reward: 18 Claim(s) (WEI): 0.00018356674949856 WETH (183566749498560 wei)
Next Claim Reward: 18 Claim(s) (USD): $0.59 ($0.5916550917093057)

Net profit = (Gross Profit - Gas Cost [Avg])
$0.33 = ($0.59 - $0.26) $0.3284084789527623 = ($0.5916550917093057 - $0.26324661275654343)


5b. 19 Claim(s):

Total gas cost: 19 Claim(s) (USD): $0.28 ($0.27800484263046144)

Claim Reward: 18 Claim(s) (WEI): 0.00018356674949856 WETH (183566749498560 wei)
Claim Reward: 18 Claim(s) (USD): $0.59 ($0.5916550917093057)

Next Claim Reward: 19 Claim(s) (WEI): 0.00019376490224848 WETH (193764902248480 wei)
Next Claim Reward: 19 Claim(s) (USD): $0.62 ($0.6245248190264894)

Net profit = (Gross Profit - Gas Cost [Avg])
$0.35 = ($0.62 - $0.28) $0.34651997639602794 = ($0.6245248190264894 - $0.27800484263046144)


5b. 20 Claim(s):

Total gas cost: 20 Claim(s) (USD): $0.29 ($0.29276307250437944)

Claim Reward: 19 Claim(s) (WEI): 0.00019376490224848 WETH (193764902248480 wei)
Claim Reward: 19 Claim(s) (USD): $0.62 ($0.6245248190264894)

Next Claim Reward: 20 Claim(s) (WEI): 0.0002039630549984 WETH (203963054998400 wei)
Next Claim Reward: 20 Claim(s) (USD): $0.66 ($0.6573945463436731)

Net profit = (Gross Profit - Gas Cost [Avg])
$0.36 = ($0.66 - $0.29) $0.3646314738392937 = ($0.6573945463436731 - $0.29276307250437944)


5b. 21 Claim(s):

Total gas cost: 21 Claim(s) (USD): $0.31 ($0.3075213023782975)

Claim Reward: 20 Claim(s) (WEI): 0.0002039630549984 WETH (203963054998400 wei)
Claim Reward: 20 Claim(s) (USD): $0.66 ($0.6573945463436731)

Next Claim Reward: 21 Claim(s) (WEI): 0.00021416120774832 WETH (214161207748320 wei)
Next Claim Reward: 21 Claim(s) (USD): $0.69 ($0.6902642736608567)

Net profit = (Gross Profit - Gas Cost [Avg])
$0.38 = ($0.69 - $0.31) $0.38274297128255924 = ($0.6902642736608567 - $0.3075213023782975)


5b. 22 Claim(s):

Total gas cost: 22 Claim(s) (USD): $0.32 ($0.3222795322522155)

Claim Reward: 21 Claim(s) (WEI): 0.00021416120774832 WETH (214161207748320 wei)
Claim Reward: 21 Claim(s) (USD): $0.69 ($0.6902642736608567)

Next Claim Reward: 22 Claim(s) (WEI): 0.00022435936049824 WETH (224359360498240 wei)
Next Claim Reward: 22 Claim(s) (USD): $0.72 ($0.7231340009780404)

Net profit = (Gross Profit - Gas Cost [Avg])
$0.4 = ($0.72 - $0.32) $0.40085446872582486 = ($0.7231340009780404 - $0.3222795322522155)


5b. 23 Claim(s):

Total gas cost: 23 Claim(s) (USD): $0.34 ($0.3370377621261335)

Claim Reward: 22 Claim(s) (WEI): 0.00022435936049824 WETH (224359360498240 wei)
Claim Reward: 22 Claim(s) (USD): $0.72 ($0.7231340009780404)

Next Claim Reward: 23 Claim(s) (WEI): 0.00023455751324816 WETH (234557513248160 wei)
Next Claim Reward: 23 Claim(s) (USD): $0.76 ($0.756003728295224)

Net profit = (Gross Profit - Gas Cost [Avg])
$0.42 = ($0.76 - $0.34) $0.4189659661690905 = ($0.756003728295224 - $0.3370377621261335)


5b. 24 Claim(s):

Total gas cost: 24 Claim(s) (USD): $0.35 ($0.3517959920000515)

Claim Reward: 23 Claim(s) (WEI): 0.00023455751324816 WETH (234557513248160 wei)
Claim Reward: 23 Claim(s) (USD): $0.76 ($0.756003728295224)

Next Claim Reward: 24 Claim(s) (WEI): 0.00024475566599808 WETH (244755665998080 wei)
Next Claim Reward: 24 Claim(s) (USD): $0.79 ($0.7888734556124077)

Net profit = (Gross Profit - Gas Cost [Avg])
$0.44 = ($0.79 - $0.35) $0.4370774636123562 = ($0.7888734556124077 - $0.3517959920000515)


5b. 25 Claim(s):

Total gas cost: 25 Claim(s) (USD): $0.37 ($0.3665542218739696)

Claim Reward: 24 Claim(s) (WEI): 0.00024475566599808 WETH (244755665998080 wei)
Claim Reward: 24 Claim(s) (USD): $0.79 ($0.7888734556124077)

Next Claim Reward: 25 Claim(s) (WEI): 0.000254953818748 WETH (254953818748000 wei)
Next Claim Reward: 25 Claim(s) (USD): $0.82 ($0.8217431829295914)

Net profit = (Gross Profit - Gas Cost [Avg])
$0.46 = ($0.82 - $0.37) $0.4551889610556218 = ($0.8217431829295914 - $0.3665542218739696)


5b. 26 Claim(s):

Total gas cost: 26 Claim(s) (USD): $0.38 ($0.3813124517478876)

Claim Reward: 25 Claim(s) (WEI): 0.000254953818748 WETH (254953818748000 wei)
Claim Reward: 25 Claim(s) (USD): $0.82 ($0.8217431829295914)

Next Claim Reward: 26 Claim(s) (WEI): 0.00026515197149792 WETH (265151971497920 wei)
Next Claim Reward: 26 Claim(s) (USD): $0.85 ($0.8546129102467751)

Net profit = (Gross Profit - Gas Cost [Avg])
$0.47 = ($0.85 - $0.38) $0.4733004584988875 = ($0.8546129102467751 - $0.3813124517478876)


5b. 27 Claim(s):

Total gas cost: 27 Claim(s) (USD): $0.4 ($0.3960706816218056)

Claim Reward: 26 Claim(s) (WEI): 0.00026515197149792 WETH (265151971497920 wei)
Claim Reward: 26 Claim(s) (USD): $0.85 ($0.8546129102467751)

Next Claim Reward: 27 Claim(s) (WEI): 0.00027535012424784 WETH (275350124247840 wei)
Next Claim Reward: 27 Claim(s) (USD): $0.89 ($0.8874826375639586)

Net profit = (Gross Profit - Gas Cost [Avg])
$0.49 = ($0.89 - $0.4) $0.49141195594215303 = ($0.8874826375639586 - $0.3960706816218056)


5b. 28 Claim(s):

Total gas cost: 28 Claim(s) (USD): $0.41 ($0.41082891149572365)

Claim Reward: 27 Claim(s) (WEI): 0.00027535012424784 WETH (275350124247840 wei)
Claim Reward: 27 Claim(s) (USD): $0.89 ($0.8874826375639586)

Next Claim Reward: 28 Claim(s) (WEI): 0.00028554827699776 WETH (285548276997760 wei)
Next Claim Reward: 28 Claim(s) (USD): $0.92 ($0.9203523648811424)

Net profit = (Gross Profit - Gas Cost [Avg])
$0.51 = ($0.92 - $0.41) $0.5095234533854187 = ($0.9203523648811424 - $0.41082891149572365)


5b. 29 Claim(s):

Total gas cost: 29 Claim(s) (USD): $0.43 ($0.42558714136964165)

Claim Reward: 28 Claim(s) (WEI): 0.00028554827699776 WETH (285548276997760 wei)
Claim Reward: 28 Claim(s) (USD): $0.92 ($0.9203523648811424)

Next Claim Reward: 29 Claim(s) (WEI): 0.00029574642974768 WETH (295746429747680 wei)
Next Claim Reward: 29 Claim(s) (USD): $0.95 ($0.9532220921983259)

Net profit = (Gross Profit - Gas Cost [Avg])
$0.53 = ($0.95 - $0.43) $0.5276349508286842 = ($0.9532220921983259 - $0.42558714136964165)


5b. 30 Claim(s):

Total gas cost: 30 Claim(s) (USD): $0.44 ($0.44034537124355966)

Claim Reward: 29 Claim(s) (WEI): 0.00029574642974768 WETH (295746429747680 wei)
Claim Reward: 29 Claim(s) (USD): $0.95 ($0.9532220921983259)

Next Claim Reward: 30 Claim(s) (WEI): 0.0003059445824976 WETH (305944582497600 wei)
Next Claim Reward: 30 Claim(s) (USD): $0.99 ($0.9860918195155096)

Net profit = (Gross Profit - Gas Cost [Avg])
$0.55 = ($0.99 - $0.44) $0.54574644827195 = ($0.9860918195155096 - $0.44034537124355966)

******************
5c. Profit/Loss (USD):

Net profit = (Gross Profit - Gas Cost [Max])
$0.51 = ($0.95 - $0.44) $0.5128767209547662 = ($0.9532220921983259 - $0.44034537124355966)

Submitting transaction to claim 29 prize(s):

0x7fad91a4a29109303188d8758f1a9d60ce988349-0x017b6041357bc18030E7C0318BF7F6F0a4d9d5Bd-5-731
0x7fad91a4a29109303188d8758f1a9d60ce988349-0x86472Ca53294a4aD922437f05C22B1a0E5b18336-5-481
0x7fad91a4a29109303188d8758f1a9d60ce988349-0x86472Ca53294a4aD922437f05C22B1a0E5b18336-5-793
0x7fad91a4a29109303188d8758f1a9d60ce988349-0x718831910F093f16eBd8D8fe257a5FF916CC86C0-5-383
0x7fad91a4a29109303188d8758f1a9d60ce988349-0x718831910F093f16eBd8D8fe257a5FF916CC86C0-5-678
0x7fad91a4a29109303188d8758f1a9d60ce988349-0x02C9d7fb8393E59F1bAFb8489631d42Aa02724Ae-5-184
0x7fad91a4a29109303188d8758f1a9d60ce988349-0x371040b9Aa44dc834b2Bb046BE2E888323d28872-5-176
0x7fad91a4a29109303188d8758f1a9d60ce988349-0xe3Fde0ea6F79652b4afC1A1bc45723B60cA7B981-5-584
0x7fad91a4a29109303188d8758f1a9d60ce988349-0xbC9791ACa22F5ea2A92A8E6236d4775683527baa-5-423
0x7fad91a4a29109303188d8758f1a9d60ce988349-0xCfcd62C53018714Cb615C71106eA89Ba47a797aE-5-529
0x7fad91a4a29109303188d8758f1a9d60ce988349-0x6d1a098780664ae98F3406CCa64f89338f387822-5-752
0x7fad91a4a29109303188d8758f1a9d60ce988349-0xd7eD01c895C0C5335f2aB6C1D6FDF00c7363eD1e-5-353
0x7fad91a4a29109303188d8758f1a9d60ce988349-0x6E35BF2Ae754afcDC142dffcAFEE8085867F2DbB-5-404
0x7fad91a4a29109303188d8758f1a9d60ce988349-0x69Fc3bf247E8E8b2B97CDdDe1B6C0877ea01AFe5-5-416
0x7fad91a4a29109303188d8758f1a9d60ce988349-0x497922778D59362eBFE045b3d75B8bE20F8d1168-5-779
0x7fad91a4a29109303188d8758f1a9d60ce988349-0xBADe555dFe3239E2a2cF70F26E2E5592017830cA-5-997
0x7fad91a4a29109303188d8758f1a9d60ce988349-0x67f14640B2b0be6DD96b1cA8Ac637C144f967EC4-5-466
0x7fad91a4a29109303188d8758f1a9d60ce988349-0xF17829eD5d4bf06DA2472Df6B257834f3478C29d-5-174
0x7fad91a4a29109303188d8758f1a9d60ce988349-0xF17829eD5d4bf06DA2472Df6B257834f3478C29d-5-448
0x7fad91a4a29109303188d8758f1a9d60ce988349-0x916a1a2730490E5C092CC4f7A1D0Eb3d443FE267-5-344
0x7fad91a4a29109303188d8758f1a9d60ce988349-0x182A2764E9Ba0533E160F03B1855a4E5D2ABFbbD-5-802
0x7fad91a4a29109303188d8758f1a9d60ce988349-0x182A2764E9Ba0533E160F03B1855a4E5D2ABFbbD-5-1008
0x7fad91a4a29109303188d8758f1a9d60ce988349-0xFC44ae521d02000d11277FB332e7E20d35ba990e-5-140
0x7fad91a4a29109303188d8758f1a9d60ce988349-0x7a0b8B6b6072e378Ac1d8785cA235E0e47453CdA-5-982
0x7fad91a4a29109303188d8758f1a9d60ce988349-0x84D738AF65894fdCF86AecA55F71f2896Df77343-5-92
0x7fad91a4a29109303188d8758f1a9d60ce988349-0x3EC234a850E788EE6de335Df0BFBbbcc198c901C-5-778
0x7fad91a4a29109303188d8758f1a9d60ce988349-0x701264B534866BcE21976872D8383fe5b7964809-5-216
0x7fad91a4a29109303188d8758f1a9d60ce988349-0x1963b86Cc982FaA3cF5e8d108c7451Cd06d56E21-5-725
0x7fad91a4a29109303188d8758f1a9d60ce988349-0x98a365fA44491e95f3323B322a14029215c9b7C7-5-957



Execute Claim Transaction for Tier #5 (Canary tier)



Transaction sent! ✔
Transaction hash: 0xe510ee6b93d0d85a88821091a1a3b25b1ada02ee541218e3fb3db7c1ee30eb31
Waiting on transaction to be confirmed ...
Tx confirmed !




******************
Processing:
Vault:     0x33335296c9b020ca3252e4953c11decfdce816b8
Tier:      #6 (Canary tier)
# prizes:  1554

5a. Calculating # of profitable claims ...

Native (Gas) Token ETH Market Rate (USD): $3223.23

Estimated gas limit (wei) (1 prize claim): 0.000000000000175277 ETH (175277 wei)
Estimated gas limit (wei) (2 prize claims): 0.000000000000252699 ETH (252699 wei)

Gas Cost: First Claim (wei): 0.000000000000175277 ETH (175277 wei)
Gas Cost: Each Following Claim (wei): 0.000000000000077422 ETH (77422 wei)

Gas Cost: First Claim (USD): $0.01 $0.013800303812314344
Gas Cost: Each Following Claim (USD): $0.02 $0.01649623799217659

5b. 1 Claim(s):

Total gas cost: 1 Claim(s) (USD): $0.01 ($0.013800303812314344)

Next Claim Reward: 1 Claim(s) (WEI): 0.00000254953818748 WETH (2549538187480 wei)
Next Claim Reward: 1 Claim(s) (USD): $0.01 ($0.008217431829295914)

Net profit = (Gross Profit - Gas Cost [Avg])
$-0.01 = ($0.01 - $0.01) $-0.00558287198301843 = ($0.008217431829295914 - $0.013800303812314344)

******************
5c. Profit/Loss (USD):

Net profit = (Gross Profit - Gas Cost [Max])
$-0.01 = ($0 - $0.01) $-0.013800303812314344 = ($0 - $0.013800303812314344)

Claiming tier #6 (Canary tier) currently not profitable.
Not profitable to claim for Draw #16, Tier: #6 (Canary tier)




******************
Processing:
Vault:     0x75b2f4b3ec5adf7077f928992524cc547e74f768
Tier:      #6 (Canary tier)
# prizes:  170

Tier #6 (Canary tier) not profitable, skipping ...





******************
Processing:
Vault:     0x7fad91a4a29109303188d8758f1a9d60ce988349
Tier:      #6 (Canary tier)
# prizes:  2200

Tier #6 (Canary tier) not profitable, skipping ...

