Operating on: 11155420 - Optimism Sepolia

Config - REWARD_RECIPIENT not provided, setting swap recipient to relayer address: 0x06003274c3a7926c04cA8d6903cc691fE8f3CEC2
Config - MIN_PROFIT_THRESHOLD_USD: -0.1

Starting ...
Getting prize pool info ...
Getting prize context ...

******************
1. Prize token: WETH

┌────────────┬──────────────────────────────────────────────┬──────────┬─────────────────┬────────┬──────────────┐
│ (index)    │ address                                      │ decimals │ name            │ symbol │ assetRateUsd │
├────────────┼──────────────────────────────────────────────┼──────────┼─────────────────┼────────┼──────────────┤
│ prizeToken │ '0x058C8222f77978f4e3Fa3aC1914cd541A1F882Cc' │ 18       │ 'Wrapped Ether' │ 'WETH' │ 3300.6685    │
└────────────┴──────────────────────────────────────────────┴──────────┴─────────────────┴────────┴──────────────┘
┌─────────┬──────────┬───────────────────────────────┐
│ (index) │ numTiers │ tiersRangeArray               │
├─────────┼──────────┼───────────────────────────────┤
│ tiers   │ 6        │ [ 0, 1, 2, ... 3 more items ] │
└─────────┴──────────┴───────────────────────────────┘
Draw ID: 5
Prize Token WETH MarketRate USD:  $3300.6685

******************
Getting prize vaults ...
Found 6 prize vaults.

106 prizes already claimed for draw #5.
1239 prizes remaining to be claimed...




******************
Processing:
Vault:     0xea47f7735eaf6b1e6502c21f50f65e84f7daa824
Tier:      #3
# prizes:  32

5a. Calculating # of profitable claims ...

Native (Gas) Token ETH Market Rate (USD): $3192.8

Estimated gas limit (wei) (1 prize claim): 0.000000000000218895 ETH (218895 wei)
Estimated gas limit (wei) (2 prize claims): 0.00000000000032062 ETH (320620 wei)

Gas Cost: First Claim (wei): 0.000000000000218895 ETH (218895 wei)
Gas Cost: Each Following Claim (wei): 0.000000000000101725 ETH (101725 wei)

Gas Cost: First Claim (USD): $0.02 $0.022232131350503465
Gas Cost: Each Following Claim (USD): $0.03 $0.026717059557021215

5b. 1 Claim(s):

Total gas cost: 1 Claim(s) (USD): $0.02 ($0.022232131350503465)

Next Claim Reward: 1 Claim(s) (WEI): 0.000008956188254487 WETH (8956188254487 wei)
Next Claim Reward: 1 Claim(s) (USD): $0.03 ($0.029561408451655224)

Net profit = (Gross Profit - Gas Cost [Avg])
$0.01 = ($0.03 - $0.02) $0.007329277101151759 = ($0.029561408451655224 - $0.022232131350503465)


5b. 2 Claim(s):

Total gas cost: 2 Claim(s) (USD): $0.05 ($0.048949190907524684)

Claim Reward: 1 Claim(s) (WEI): 0.000008956188254487 WETH (8956188254487 wei)
Claim Reward: 1 Claim(s) (USD): $0.03 ($0.029561408451655224)

Next Claim Reward: 2 Claim(s) (WEI): 0.000017870661665536 WETH (17870661665536 wei)
Next Claim Reward: 2 Claim(s) (USD): $0.06 ($0.058985130033592216)

Net profit = (Gross Profit - Gas Cost [Avg])
$0.01 = ($0.06 - $0.05) $0.010035939126067532 = ($0.058985130033592216 - $0.048949190907524684)


5b. 3 Claim(s):

Total gas cost: 3 Claim(s) (USD): $0.08 ($0.07566625046454589)

Claim Reward: 2 Claim(s) (WEI): 0.000017870661665536 WETH (17870661665536 wei)
Claim Reward: 2 Claim(s) (USD): $0.06 ($0.058985130033592216)

Next Claim Reward: 3 Claim(s) (WEI): 0.000026743614526536 WETH (26743614526536 wei)
Next Claim Reward: 3 Claim(s) (USD): $0.09 ($0.0882718060438798)

Net profit = (Gross Profit - Gas Cost [Avg])
$0.01 = ($0.09 - $0.08) $0.012605555579333905 = ($0.0882718060438798 - $0.07566625046454589)


5b. 4 Claim(s):

Total gas cost: 4 Claim(s) (USD): $0.1 ($0.1023833100215671)

Claim Reward: 3 Claim(s) (WEI): 0.000026743614526536 WETH (26743614526536 wei)
Claim Reward: 3 Claim(s) (USD): $0.09 ($0.0882718060438798)

Next Claim Reward: 4 Claim(s) (WEI): 0.000035575240225924 WETH (35575240225924 wei)
Next Claim Reward: 4 Claim(s) (USD): $0.12 ($0.11742207479364025)

Net profit = (Gross Profit - Gas Cost [Avg])
$0.02 = ($0.12 - $0.1) $0.015038764772073152 = ($0.11742207479364025 - $0.1023833100215671)


5b. 5 Claim(s):

Total gas cost: 5 Claim(s) (USD): $0.13 ($0.12910036957858834)

Claim Reward: 4 Claim(s) (WEI): 0.000035575240225924 WETH (35575240225924 wei)
Claim Reward: 4 Claim(s) (USD): $0.12 ($0.11742207479364025)

Next Claim Reward: 5 Claim(s) (WEI): 0.0000443657312514 WETH (44365731251400 wei)
Next Claim Reward: 5 Claim(s) (USD): $0.15 ($0.14643657162096158)

Net profit = (Gross Profit - Gas Cost [Avg])
$0.02 = ($0.15 - $0.13) $0.01733620204237324 = ($0.14643657162096158 - $0.12910036957858834)


5b. 6 Claim(s):

Total gas cost: 6 Claim(s) (USD): $0.16 ($0.15581742913560956)

Claim Reward: 5 Claim(s) (WEI): 0.0000443657312514 WETH (44365731251400 wei)
Claim Reward: 5 Claim(s) (USD): $0.15 ($0.14643657162096158)

Next Claim Reward: 6 Claim(s) (WEI): 0.000053115279194124 WETH (53115279194124 wei)
Next Claim Reward: 6 Claim(s) (USD): $0.18 ($0.17531592890475048)

Net profit = (Gross Profit - Gas Cost [Avg])
$0.02 = ($0.18 - $0.16) $0.01949849976914092 = ($0.17531592890475048 - $0.15581742913560956)


5b. 7 Claim(s):

Total gas cost: 7 Claim(s) (USD): $0.18 ($0.18253448869263075)

Claim Reward: 6 Claim(s) (WEI): 0.000053115279194124 WETH (53115279194124 wei)
Claim Reward: 6 Claim(s) (USD): $0.18 ($0.17531592890475048)

Next Claim Reward: 7 Claim(s) (WEI): 0.000061824074752881 WETH (61824074752881 wei)
Next Claim Reward: 7 Claim(s) (USD): $0.2 ($0.20406077607847964)

Net profit = (Gross Profit - Gas Cost [Avg])
$0.02 = ($0.2 - $0.18) $0.021526287385848886 = ($0.20406077607847964 - $0.18253448869263075)


5b. 8 Claim(s):

Total gas cost: 8 Claim(s) (USD): $0.21 ($0.20925154824965198)

Claim Reward: 7 Claim(s) (WEI): 0.000061824074752881 WETH (61824074752881 wei)
Claim Reward: 7 Claim(s) (USD): $0.2 ($0.20406077607847964)

Next Claim Reward: 8 Claim(s) (WEI): 0.000070492307738264 WETH (70492307738264 wei)
Next Claim Reward: 8 Claim(s) (USD): $0.23 ($0.23267173964399426)

Net profit = (Gross Profit - Gas Cost [Avg])
$0.02 = ($0.23 - $0.21) $0.023420191394342288 = ($0.23267173964399426 - $0.20925154824965198)


5b. 9 Claim(s):

Total gas cost: 9 Claim(s) (USD): $0.24 ($0.2359686078066732)

Claim Reward: 8 Claim(s) (WEI): 0.000070492307738264 WETH (70492307738264 wei)
Claim Reward: 8 Claim(s) (USD): $0.23 ($0.23267173964399426)

Next Claim Reward: 9 Claim(s) (WEI): 0.000079120167076782 WETH (79120167076782 wei)
Next Claim Reward: 9 Claim(s) (USD): $0.26 ($0.26114944318507144)

Net profit = (Gross Profit - Gas Cost [Avg])
$0.03 = ($0.26 - $0.24) $0.025180835378398242 = ($0.26114944318507144 - $0.2359686078066732)


5b. 10 Claim(s):

Total gas cost: 10 Claim(s) (USD): $0.26 ($0.2626856673636944)

Claim Reward: 9 Claim(s) (WEI): 0.000079120167076782 WETH (79120167076782 wei)
Claim Reward: 9 Claim(s) (USD): $0.26 ($0.26114944318507144)

Next Claim Reward: 10 Claim(s) (WEI): 0.00008770784081498 WETH (87707840814980 wei)
Next Claim Reward: 10 Claim(s) (USD): $0.29 ($0.28949450738101884)

Net profit = (Gross Profit - Gas Cost [Avg])
$0.03 = ($0.29 - $0.26) $0.02680884001732442 = ($0.28949450738101884 - $0.2626856673636944)


5b. 11 Claim(s):

Total gas cost: 11 Claim(s) (USD): $0.29 ($0.2894027269207156)

Claim Reward: 10 Claim(s) (WEI): 0.00008770784081498 WETH (87707840814980 wei)
Claim Reward: 10 Claim(s) (USD): $0.29 ($0.28949450738101884)

Next Claim Reward: 11 Claim(s) (WEI): 0.00009625551612358 WETH (96255516123580 wei)
Next Claim Reward: 11 Claim(s) (USD): $0.32 ($0.3177075500203426)

Net profit = (Gross Profit - Gas Cost [Avg])
$0.03 = ($0.32 - $0.29) $0.028304823099627008 = ($0.3177075500203426 - $0.2894027269207156)


5b. 12 Claim(s):

Total gas cost: 12 Claim(s) (USD): $0.32 ($0.3161197864777368)

Claim Reward: 11 Claim(s) (WEI): 0.00009625551612358 WETH (96255516123580 wei)
Claim Reward: 11 Claim(s) (USD): $0.32 ($0.3177075500203426)

Next Claim Reward: 12 Claim(s) (WEI): 0.000104763379301484 WETH (104763379301484 wei)
Next Claim Reward: 12 Claim(s) (USD): $0.35 ($0.3457891860139603)

Net profit = (Gross Profit - Gas Cost [Avg])
$0.03 = ($0.35 - $0.32) $0.029669399536223495 = ($0.3457891860139603 - $0.3161197864777368)


5b. 13 Claim(s):

Total gas cost: 13 Claim(s) (USD): $0.34 ($0.342836846034758)

Claim Reward: 12 Claim(s) (WEI): 0.000104763379301484 WETH (104763379301484 wei)
Claim Reward: 12 Claim(s) (USD): $0.35 ($0.3457891860139603)

Next Claim Reward: 13 Claim(s) (WEI): 0.000113231615779906 WETH (113231615779906 wei)
Next Claim Reward: 13 Claim(s) (USD): $0.37 ($0.3737400274088387)

Net profit = (Gross Profit - Gas Cost [Avg])
$0.03 = ($0.37 - $0.34) $0.030903181374080713 = ($0.3737400274088387 - $0.342836846034758)


5b. 14 Claim(s):

Total gas cost: 14 Claim(s) (USD): $0.37 ($0.36955390559177925)

Claim Reward: 13 Claim(s) (WEI): 0.000113231615779906 WETH (113231615779906 wei)
Claim Reward: 13 Claim(s) (USD): $0.37 ($0.3737400274088387)

Next Claim Reward: 14 Claim(s) (WEI): 0.000121660410126388 WETH (121660410126388 wei)
Next Claim Reward: 14 Claim(s) (USD): $0.4 ($0.4015606834012499)

Net profit = (Gross Profit - Gas Cost [Avg])
$0.03 = ($0.4 - $0.37) $0.03200677780947064 = ($0.4015606834012499 - $0.36955390559177925)


5b. 15 Claim(s):

Total gas cost: 15 Claim(s) (USD): $0.4 ($0.39627096514880045)

Claim Reward: 14 Claim(s) (WEI): 0.000121660410126388 WETH (121660410126388 wei)
Claim Reward: 14 Claim(s) (USD): $0.4 ($0.4015606834012499)

Next Claim Reward: 15 Claim(s) (WEI): 0.000130049946048795 WETH (130049946048795 wei)
Next Claim Reward: 15 Claim(s) (USD): $0.43 ($0.42925176034995716)

Net profit = (Gross Profit - Gas Cost [Avg])
$0.03 = ($0.43 - $0.4) $0.03298079520115671 = ($0.42925176034995716 - $0.39627096514880045)


5b. 16 Claim(s):

Total gas cost: 16 Claim(s) (USD): $0.42 ($0.4229880247058217)

Claim Reward: 15 Claim(s) (WEI): 0.000130049946048795 WETH (130049946048795 wei)
Claim Reward: 15 Claim(s) (USD): $0.43 ($0.42925176034995716)

Next Claim Reward: 16 Claim(s) (WEI): 0.00013840040639936 WETH (138400406399360 wei)
Next Claim Reward: 16 Claim(s) (USD): $0.46 ($0.456813861789566)

Net profit = (Gross Profit - Gas Cost [Avg])
$0.03 = ($0.46 - $0.42) $0.033825837083744315 = ($0.456813861789566 - $0.4229880247058217)


5b. 17 Claim(s):

Total gas cost: 17 Claim(s) (USD): $0.45 ($0.4497050842628429)

Claim Reward: 16 Claim(s) (WEI): 0.00013840040639936 WETH (138400406399360 wei)
Claim Reward: 16 Claim(s) (USD): $0.46 ($0.456813861789566)

Next Claim Reward: 17 Claim(s) (WEI): 0.000146711973178661 WETH (146711973178661 wei)
Next Claim Reward: 17 Claim(s) (USD): $0.48 ($0.4842475884436513)

Net profit = (Gross Profit - Gas Cost [Avg])
$0.03 = ($0.48 - $0.45) $0.0345425041808084 = ($0.4842475884436513 - $0.4497050842628429)


5b. 18 Claim(s):

Total gas cost: 18 Claim(s) (USD): $0.48 ($0.4764221438198641)

Claim Reward: 17 Claim(s) (WEI): 0.000146711973178661 WETH (146711973178661 wei)
Claim Reward: 17 Claim(s) (USD): $0.48 ($0.4842475884436513)

Next Claim Reward: 18 Claim(s) (WEI): 0.000154984827539574 WETH (154984827539574 wei)
Next Claim Reward: 18 Claim(s) (USD): $0.51 ($0.5115535382378045)

Net profit = (Gross Profit - Gas Cost [Avg])
$0.04 = ($0.51 - $0.48) $0.03513139441794039 = ($0.5115535382378045 - $0.4764221438198641)


5b. 19 Claim(s):

Total gas cost: 19 Claim(s) (USD): $0.5 ($0.5031392033768853)

Claim Reward: 18 Claim(s) (WEI): 0.000154984827539574 WETH (154984827539574 wei)
Claim Reward: 18 Claim(s) (USD): $0.51 ($0.5115535382378045)

Next Claim Reward: 19 Claim(s) (WEI): 0.000163219149791221 WETH (163219149791221 wei)
Next Claim Reward: 19 Claim(s) (USD): $0.54 ($0.5387323063126648)

Net profit = (Gross Profit - Gas Cost [Avg])
$0.04 = ($0.54 - $0.5) $0.03559310293577944 = ($0.5387323063126648 - $0.5031392033768853)


5b. 20 Claim(s):

Total gas cost: 20 Claim(s) (USD): $0.53 ($0.5298562629339066)

Claim Reward: 19 Claim(s) (WEI): 0.000163219149791221 WETH (163219149791221 wei)
Claim Reward: 19 Claim(s) (USD): $0.54 ($0.5387323063126648)

Next Claim Reward: 20 Claim(s) (WEI): 0.0001714151194029 WETH (171415119402900 wei)
Next Claim Reward: 20 Claim(s) (USD): $0.57 ($0.5657844850368908)

Net profit = (Gross Profit - Gas Cost [Avg])
$0.04 = ($0.57 - $0.53) $0.035928222102984186 = ($0.5657844850368908 - $0.5298562629339066)


5b. 21 Claim(s):

Total gas cost: 21 Claim(s) (USD): $0.56 ($0.5565733224909278)

Claim Reward: 20 Claim(s) (WEI): 0.0001714151194029 WETH (171415119402900 wei)
Claim Reward: 20 Claim(s) (USD): $0.57 ($0.5657844850368908)

Next Claim Reward: 21 Claim(s) (WEI): 0.000179572915008039 WETH (179572915008039 wei)
Next Claim Reward: 21 Claim(s) (USD): $0.59 ($0.5927106640202117)

Net profit = (Gross Profit - Gas Cost [Avg])
$0.04 = ($0.59 - $0.56) $0.03613734152928383 = ($0.5927106640202117 - $0.5565733224909278)


5b. 22 Claim(s):

Total gas cost: 22 Claim(s) (USD): $0.58 ($0.583290382047949)

Claim Reward: 21 Claim(s) (WEI): 0.000179572915008039 WETH (179572915008039 wei)
Claim Reward: 21 Claim(s) (USD): $0.59 ($0.5927106640202117)

Next Claim Reward: 22 Claim(s) (WEI): 0.00018769271440799 WETH (187692714407990 wei)
Next Claim Reward: 22 Claim(s) (USD): $0.62 ($0.6195114301259488)

Net profit = (Gross Profit - Gas Cost [Avg])
$0.04 = ($0.62 - $0.58) $0.03622104807799975 = ($0.6195114301259488 - $0.583290382047949)


5b. 23 Claim(s):

Total gas cost: 23 Claim(s) (USD): $0.61 ($0.6100074416049702)

Claim Reward: 22 Claim(s) (WEI): 0.00018769271440799 WETH (187692714407990 wei)
Claim Reward: 22 Claim(s) (USD): $0.62 ($0.6195114301259488)

Next Claim Reward: 23 Claim(s) (WEI): 0.000195774694576028 WETH (195774694576028 wei)
Next Claim Reward: 23 Claim(s) (USD): $0.65 ($0.6461873674842166)

Net profit = (Gross Profit - Gas Cost [Avg])
$0.04 = ($0.65 - $0.61) $0.036179925879246344 = ($0.6461873674842166 - $0.6100074416049702)

******************
5c. Profit/Loss (USD):

Net profit = (Gross Profit - Gas Cost [Max])
$0.01 = ($0.62 - $0.61) $0.009503988520978557 = ($0.6195114301259488 - $0.6100074416049702)

Submitting transaction to claim 22 prize(s):

0xea47f7735eaf6b1e6502c21f50f65e84f7daa824-0x68FcceCdc47C67ACf25E26b15Fa4025C26000b0e-3-57
0xea47f7735eaf6b1e6502c21f50f65e84f7daa824-0x8B81A644fB6DDDe7BAeDa34550005E0504538443-3-58
0xea47f7735eaf6b1e6502c21f50f65e84f7daa824-0x35Abd1cd07695685D6F8a0c5168E3930bA2A1D38-3-59
0xea47f7735eaf6b1e6502c21f50f65e84f7daa824-0xf34d4d79b7b68306Bc74aeF5d20ABd6b65c4185b-3-34
0xea47f7735eaf6b1e6502c21f50f65e84f7daa824-0x6AC45A57a33B7eD100f679aDc891487162f74330-3-35
0xea47f7735eaf6b1e6502c21f50f65e84f7daa824-0xC2B8619CE7cD1eCf314D81B3c415745B73fd9595-3-30
0xea47f7735eaf6b1e6502c21f50f65e84f7daa824-0x537A50caE0a07073a7b07359eB84441B9c40A4c1-3-38
0xea47f7735eaf6b1e6502c21f50f65e84f7daa824-0x5741983c3D4214C1981D64c650753d99A4b6E574-3-55
0xea47f7735eaf6b1e6502c21f50f65e84f7daa824-0xeD1959b2c2D013CD1f600b938fA7e7529cc4b049-3-15
0xea47f7735eaf6b1e6502c21f50f65e84f7daa824-0x7De7ec810eB73223A89985dEca9CFD9173072bb5-3-36
0xea47f7735eaf6b1e6502c21f50f65e84f7daa824-0x0302158294b43d067620aa24E649d2072B426beE-3-9
0xea47f7735eaf6b1e6502c21f50f65e84f7daa824-0x64eaD971e78eAaA042c326AE063e4c79A4326B56-3-56
0xea47f7735eaf6b1e6502c21f50f65e84f7daa824-0x671701d64EAB9c27a051F7CB848143c3b82dc8C1-3-52
0xea47f7735eaf6b1e6502c21f50f65e84f7daa824-0x3596F0A52e523699852293A84ab0dD8A287846fa-3-55
0xea47f7735eaf6b1e6502c21f50f65e84f7daa824-0x121ab201f39145762A9B9b20214af0839B4071e1-3-18
0xea47f7735eaf6b1e6502c21f50f65e84f7daa824-0x39eB589a4060Bf31612Abc0416E2967Db7e34E42-3-24
0xea47f7735eaf6b1e6502c21f50f65e84f7daa824-0x01D02A647776a8047e5Dc69feA9b79c8f4237EE6-3-2
0xea47f7735eaf6b1e6502c21f50f65e84f7daa824-0xbD3CD08e3969bf0FC5A4Affa28839D6B71f151C9-3-13
0xea47f7735eaf6b1e6502c21f50f65e84f7daa824-0x0d336854d41f6a2D0eCEc1BCC400E641A52E023d-3-33
0xea47f7735eaf6b1e6502c21f50f65e84f7daa824-0xefEf087956F2122929f9FD5de4959e715426Bc44-3-45
0xea47f7735eaf6b1e6502c21f50f65e84f7daa824-0xb687E8B472892d2e45a105D58b75d114a9cF3c92-3-1
0xea47f7735eaf6b1e6502c21f50f65e84f7daa824-0x4Daf5E0297d56C1Af1F23527BEcD1029C7829A3f-3-17



Execute Claim Transaction for Tier #3



Transaction sent! ✔
Transaction hash: 0xef78ee25c9c410f46a232147256f30f52f7492825aada50ebbd3332294629839
Waiting on transaction to be confirmed ...
Tx confirmed !




******************
Processing:
Vault:     0x80436148e5fab18b58a33b24f79977d6934ff0e4
Tier:      #4 (Canary tier)
# prizes:  40

5a. Calculating # of profitable claims ...

Native (Gas) Token ETH Market Rate (USD): $3192.8

Estimated gas limit (wei) (1 prize claim): 0.000000000000173087 ETH (173087 wei)
Estimated gas limit (wei) (2 prize claims): 0.000000000000248566 ETH (248566 wei)

Gas Cost: First Claim (wei): 0.000000000000173087 ETH (173087 wei)
Gas Cost: Each Following Claim (wei): 0.000000000000075479 ETH (75479 wei)

Gas Cost: First Claim (USD): $0.02 $0.022159835506406145
Gas Cost: Each Following Claim (USD): $0.03 $0.02678123380058406

5b. 1 Claim(s):

Total gas cost: 1 Claim(s) (USD): $0.02 ($0.022159835506406145)

Next Claim Reward: 1 Claim(s) (WEI): 0.000013311270049507 WETH (13311270049507 wei)
Next Claim Reward: 1 Claim(s) (USD): $0.04 ($0.043936089747401194)

Net profit = (Gross Profit - Gas Cost [Avg])
$0.02 = ($0.04 - $0.02) $0.02177625424099505 = ($0.043936089747401194 - $0.022159835506406145)


5b. 2 Claim(s):

Total gas cost: 2 Claim(s) (USD): $0.05 ($0.0489410693069902)

Claim Reward: 1 Claim(s) (WEI): 0.000013311270049507 WETH (13311270049507 wei)
Claim Reward: 1 Claim(s) (USD): $0.04 ($0.043936089747401194)

Next Claim Reward: 2 Claim(s) (WEI): 0.000026622540099014 WETH (26622540099014 wei)
Next Claim Reward: 2 Claim(s) (USD): $0.09 ($0.08787217949480239)

Net profit = (Gross Profit - Gas Cost [Avg])
$0.04 = ($0.09 - $0.05) $0.03893111018781219 = ($0.08787217949480239 - $0.0489410693069902)


5b. 3 Claim(s):

Total gas cost: 3 Claim(s) (USD): $0.08 ($0.07572230310757426)

Claim Reward: 2 Claim(s) (WEI): 0.000026622540099014 WETH (26622540099014 wei)
Claim Reward: 2 Claim(s) (USD): $0.09 ($0.08787217949480239)

Next Claim Reward: 3 Claim(s) (WEI): 0.000039933810148521 WETH (39933810148521 wei)
Next Claim Reward: 3 Claim(s) (USD): $0.13 ($0.1318082692422036)

Net profit = (Gross Profit - Gas Cost [Avg])
$0.06 = ($0.13 - $0.08) $0.056085966134629336 = ($0.1318082692422036 - $0.07572230310757426)


5b. 4 Claim(s):

Total gas cost: 4 Claim(s) (USD): $0.1 ($0.10250353690815832)

Claim Reward: 3 Claim(s) (WEI): 0.000039933810148521 WETH (39933810148521 wei)
Claim Reward: 3 Claim(s) (USD): $0.13 ($0.1318082692422036)

Next Claim Reward: 4 Claim(s) (WEI): 0.000053245080198028 WETH (53245080198028 wei)
Next Claim Reward: 4 Claim(s) (USD): $0.18 ($0.17574435898960478)

Net profit = (Gross Profit - Gas Cost [Avg])
$0.07 = ($0.18 - $0.1) $0.07324082208144646 = ($0.17574435898960478 - $0.10250353690815832)


5b. 5 Claim(s):

Total gas cost: 5 Claim(s) (USD): $0.13 ($0.1292847707087424)

Claim Reward: 4 Claim(s) (WEI): 0.000053245080198028 WETH (53245080198028 wei)
Claim Reward: 4 Claim(s) (USD): $0.18 ($0.17574435898960478)

Next Claim Reward: 5 Claim(s) (WEI): 0.000066556350247535 WETH (66556350247535 wei)
Next Claim Reward: 5 Claim(s) (USD): $0.22 ($0.21968044873700598)

Net profit = (Gross Profit - Gas Cost [Avg])
$0.09 = ($0.22 - $0.13) $0.09039567802826359 = ($0.21968044873700598 - $0.1292847707087424)


5b. 6 Claim(s):

Total gas cost: 6 Claim(s) (USD): $0.16 ($0.15606600450932645)

Claim Reward: 5 Claim(s) (WEI): 0.000066556350247535 WETH (66556350247535 wei)
Claim Reward: 5 Claim(s) (USD): $0.22 ($0.21968044873700598)

Next Claim Reward: 6 Claim(s) (WEI): 0.000079867620297042 WETH (79867620297042 wei)
Next Claim Reward: 6 Claim(s) (USD): $0.26 ($0.2636165384844072)

Net profit = (Gross Profit - Gas Cost [Avg])
$0.11 = ($0.26 - $0.16) $0.10755053397508074 = ($0.2636165384844072 - $0.15606600450932645)


5b. 7 Claim(s):

Total gas cost: 7 Claim(s) (USD): $0.18 ($0.1828472383099105)

Claim Reward: 6 Claim(s) (WEI): 0.000079867620297042 WETH (79867620297042 wei)
Claim Reward: 6 Claim(s) (USD): $0.26 ($0.2636165384844072)

Next Claim Reward: 7 Claim(s) (WEI): 0.000093178890346549 WETH (93178890346549 wei)
Next Claim Reward: 7 Claim(s) (USD): $0.31 ($0.3075526282318084)

Net profit = (Gross Profit - Gas Cost [Avg])
$0.12 = ($0.31 - $0.18) $0.12470538992189789 = ($0.3075526282318084 - $0.1828472383099105)


5b. 8 Claim(s):

Total gas cost: 8 Claim(s) (USD): $0.21 ($0.20962847211049457)

Claim Reward: 7 Claim(s) (WEI): 0.000093178890346549 WETH (93178890346549 wei)
Claim Reward: 7 Claim(s) (USD): $0.31 ($0.3075526282318084)

Next Claim Reward: 8 Claim(s) (WEI): 0.000106490160396056 WETH (106490160396056 wei)
Next Claim Reward: 8 Claim(s) (USD): $0.35 ($0.35148871797920955)

Net profit = (Gross Profit - Gas Cost [Avg])
$0.14 = ($0.35 - $0.21) $0.14186024586871498 = ($0.35148871797920955 - $0.20962847211049457)


5b. 9 Claim(s):

Total gas cost: 9 Claim(s) (USD): $0.24 ($0.23640970591107863)

Claim Reward: 8 Claim(s) (WEI): 0.000106490160396056 WETH (106490160396056 wei)
Claim Reward: 8 Claim(s) (USD): $0.35 ($0.35148871797920955)

Next Claim Reward: 9 Claim(s) (WEI): 0.000119801430445563 WETH (119801430445563 wei)
Next Claim Reward: 9 Claim(s) (USD): $0.4 ($0.39542480772661076)

Net profit = (Gross Profit - Gas Cost [Avg])
$0.16 = ($0.4 - $0.24) $0.15901510181553213 = ($0.39542480772661076 - $0.23640970591107863)


5b. 10 Claim(s):

Total gas cost: 10 Claim(s) (USD): $0.26 ($0.2631909397116627)

Claim Reward: 9 Claim(s) (WEI): 0.000119801430445563 WETH (119801430445563 wei)
Claim Reward: 9 Claim(s) (USD): $0.4 ($0.39542480772661076)

Next Claim Reward: 10 Claim(s) (WEI): 0.00013311270049507 WETH (133112700495070 wei)
Next Claim Reward: 10 Claim(s) (USD): $0.44 ($0.43936089747401197)

Net profit = (Gross Profit - Gas Cost [Avg])
$0.18 = ($0.44 - $0.26) $0.17616995776234928 = ($0.43936089747401197 - $0.2631909397116627)


5b. 11 Claim(s):

Total gas cost: 11 Claim(s) (USD): $0.29 ($0.28997217351224674)

Claim Reward: 10 Claim(s) (WEI): 0.00013311270049507 WETH (133112700495070 wei)
Claim Reward: 10 Claim(s) (USD): $0.44 ($0.43936089747401197)

Next Claim Reward: 11 Claim(s) (WEI): 0.000146423970544577 WETH (146423970544577 wei)
Next Claim Reward: 11 Claim(s) (USD): $0.48 ($0.4832969872214131)

Net profit = (Gross Profit - Gas Cost [Avg])
$0.19 = ($0.48 - $0.29) $0.19332481370916638 = ($0.4832969872214131 - $0.28997217351224674)


5b. 12 Claim(s):

Total gas cost: 12 Claim(s) (USD): $0.32 ($0.3167534073128308)

Claim Reward: 11 Claim(s) (WEI): 0.000146423970544577 WETH (146423970544577 wei)
Claim Reward: 11 Claim(s) (USD): $0.48 ($0.4832969872214131)

Next Claim Reward: 12 Claim(s) (WEI): 0.000159735240594084 WETH (159735240594084 wei)
Next Claim Reward: 12 Claim(s) (USD): $0.53 ($0.5272330769688144)

Net profit = (Gross Profit - Gas Cost [Avg])
$0.21 = ($0.53 - $0.32) $0.21047966965598358 = ($0.5272330769688144 - $0.3167534073128308)


5b. 13 Claim(s):

Total gas cost: 13 Claim(s) (USD): $0.34 ($0.34353464111341486)

Claim Reward: 12 Claim(s) (WEI): 0.000159735240594084 WETH (159735240594084 wei)
Claim Reward: 12 Claim(s) (USD): $0.53 ($0.5272330769688144)

Next Claim Reward: 13 Claim(s) (WEI): 0.000173046510643591 WETH (173046510643591 wei)
Next Claim Reward: 13 Claim(s) (USD): $0.57 ($0.5711691667162155)

Net profit = (Gross Profit - Gas Cost [Avg])
$0.23 = ($0.57 - $0.34) $0.22763452560280067 = ($0.5711691667162155 - $0.34353464111341486)


5b. 14 Claim(s):

Total gas cost: 14 Claim(s) (USD): $0.37 ($0.3703158749139989)

Claim Reward: 13 Claim(s) (WEI): 0.000173046510643591 WETH (173046510643591 wei)
Claim Reward: 13 Claim(s) (USD): $0.57 ($0.5711691667162155)

Next Claim Reward: 14 Claim(s) (WEI): 0.000186357780693098 WETH (186357780693098 wei)
Next Claim Reward: 14 Claim(s) (USD): $0.62 ($0.6151052564636168)

Net profit = (Gross Profit - Gas Cost [Avg])
$0.24 = ($0.62 - $0.37) $0.24478938154961788 = ($0.6151052564636168 - $0.3703158749139989)


5b. 15 Claim(s):

Total gas cost: 15 Claim(s) (USD): $0.4 ($0.397097108714583)

Claim Reward: 14 Claim(s) (WEI): 0.000186357780693098 WETH (186357780693098 wei)
Claim Reward: 14 Claim(s) (USD): $0.62 ($0.6151052564636168)

Next Claim Reward: 15 Claim(s) (WEI): 0.000199669050742605 WETH (199669050742605 wei)
Next Claim Reward: 15 Claim(s) (USD): $0.66 ($0.659041346211018)

Net profit = (Gross Profit - Gas Cost [Avg])
$0.26 = ($0.66 - $0.4) $0.261944237496435 = ($0.659041346211018 - $0.397097108714583)


5b. 16 Claim(s):

Total gas cost: 16 Claim(s) (USD): $0.42 ($0.42387834251516704)

Claim Reward: 15 Claim(s) (WEI): 0.000199669050742605 WETH (199669050742605 wei)
Claim Reward: 15 Claim(s) (USD): $0.66 ($0.659041346211018)

Next Claim Reward: 16 Claim(s) (WEI): 0.000212980320792112 WETH (212980320792112 wei)
Next Claim Reward: 16 Claim(s) (USD): $0.7 ($0.7029774359584191)

Net profit = (Gross Profit - Gas Cost [Avg])
$0.28 = ($0.7 - $0.42) $0.27909909344325207 = ($0.7029774359584191 - $0.42387834251516704)


5b. 17 Claim(s):

Total gas cost: 17 Claim(s) (USD): $0.45 ($0.4506595763157511)

Claim Reward: 16 Claim(s) (WEI): 0.000212980320792112 WETH (212980320792112 wei)
Claim Reward: 16 Claim(s) (USD): $0.7 ($0.7029774359584191)

Next Claim Reward: 17 Claim(s) (WEI): 0.000226291590841619 WETH (226291590841619 wei)
Next Claim Reward: 17 Claim(s) (USD): $0.75 ($0.7469135257058204)

Net profit = (Gross Profit - Gas Cost [Avg])
$0.3 = ($0.75 - $0.45) $0.29625394939006927 = ($0.7469135257058204 - $0.4506595763157511)


5b. 18 Claim(s):

Total gas cost: 18 Claim(s) (USD): $0.48 ($0.47744081011633516)

Claim Reward: 17 Claim(s) (WEI): 0.000226291590841619 WETH (226291590841619 wei)
Claim Reward: 17 Claim(s) (USD): $0.75 ($0.7469135257058204)

Next Claim Reward: 18 Claim(s) (WEI): 0.000239602860891126 WETH (239602860891126 wei)
Next Claim Reward: 18 Claim(s) (USD): $0.79 ($0.7908496154532215)

Net profit = (Gross Profit - Gas Cost [Avg])
$0.31 = ($0.79 - $0.48) $0.31340880533688636 = ($0.7908496154532215 - $0.47744081011633516)


5b. 19 Claim(s):

Total gas cost: 19 Claim(s) (USD): $0.5 ($0.5042220439169192)

Claim Reward: 18 Claim(s) (WEI): 0.000239602860891126 WETH (239602860891126 wei)
Claim Reward: 18 Claim(s) (USD): $0.79 ($0.7908496154532215)

Next Claim Reward: 19 Claim(s) (WEI): 0.000252914130940633 WETH (252914130940633 wei)
Next Claim Reward: 19 Claim(s) (USD): $0.83 ($0.8347857052006227)

Net profit = (Gross Profit - Gas Cost [Avg])
$0.33 = ($0.83 - $0.5) $0.3305636612837035 = ($0.8347857052006227 - $0.5042220439169192)


5b. 20 Claim(s):

Total gas cost: 20 Claim(s) (USD): $0.53 ($0.5310032777175032)

Claim Reward: 19 Claim(s) (WEI): 0.000252914130940633 WETH (252914130940633 wei)
Claim Reward: 19 Claim(s) (USD): $0.83 ($0.8347857052006227)

Next Claim Reward: 20 Claim(s) (WEI): 0.00026622540099014 WETH (266225400990140 wei)
Next Claim Reward: 20 Claim(s) (USD): $0.88 ($0.8787217949480239)

Net profit = (Gross Profit - Gas Cost [Avg])
$0.35 = ($0.88 - $0.53) $0.3477185172305207 = ($0.8787217949480239 - $0.5310032777175032)


5b. 21 Claim(s):

Total gas cost: 21 Claim(s) (USD): $0.56 ($0.5577845115180873)

Claim Reward: 20 Claim(s) (WEI): 0.00026622540099014 WETH (266225400990140 wei)
Claim Reward: 20 Claim(s) (USD): $0.88 ($0.8787217949480239)

Next Claim Reward: 21 Claim(s) (WEI): 0.000279536671039647 WETH (279536671039647 wei)
Next Claim Reward: 21 Claim(s) (USD): $0.92 ($0.9226578846954252)

Net profit = (Gross Profit - Gas Cost [Avg])
$0.36 = ($0.92 - $0.56) $0.3648733731773379 = ($0.9226578846954252 - $0.5577845115180873)


5b. 22 Claim(s):

Total gas cost: 22 Claim(s) (USD): $0.58 ($0.5845657453186713)

Claim Reward: 21 Claim(s) (WEI): 0.000279536671039647 WETH (279536671039647 wei)
Claim Reward: 21 Claim(s) (USD): $0.92 ($0.9226578846954252)

Next Claim Reward: 22 Claim(s) (WEI): 0.000292847941089154 WETH (292847941089154 wei)
Next Claim Reward: 22 Claim(s) (USD): $0.97 ($0.9665939744428262)

Net profit = (Gross Profit - Gas Cost [Avg])
$0.38 = ($0.97 - $0.58) $0.3820282291241549 = ($0.9665939744428262 - $0.5845657453186713)


5b. 23 Claim(s):

Total gas cost: 23 Claim(s) (USD): $0.61 ($0.6113469791192554)

Claim Reward: 22 Claim(s) (WEI): 0.000292847941089154 WETH (292847941089154 wei)
Claim Reward: 22 Claim(s) (USD): $0.97 ($0.9665939744428262)

Next Claim Reward: 23 Claim(s) (WEI): 0.000306159211138661 WETH (306159211138661 wei)
Next Claim Reward: 23 Claim(s) (USD): $1.01 ($1.0105300641902275)

Net profit = (Gross Profit - Gas Cost [Avg])
$0.4 = ($1.01 - $0.61) $0.3991830850709721 = ($1.0105300641902275 - $0.6113469791192554)


5b. 24 Claim(s):

Total gas cost: 24 Claim(s) (USD): $0.64 ($0.6381282129198395)

Claim Reward: 23 Claim(s) (WEI): 0.000306159211138661 WETH (306159211138661 wei)
Claim Reward: 23 Claim(s) (USD): $1.01 ($1.0105300641902275)

Next Claim Reward: 24 Claim(s) (WEI): 0.000319470481188168 WETH (319470481188168 wei)
Next Claim Reward: 24 Claim(s) (USD): $1.05 ($1.0544661539376288)

Net profit = (Gross Profit - Gas Cost [Avg])
$0.42 = ($1.05 - $0.64) $0.4163379410177893 = ($1.0544661539376288 - $0.6381282129198395)


5b. 25 Claim(s):

Total gas cost: 25 Claim(s) (USD): $0.66 ($0.6649094467204235)

Claim Reward: 24 Claim(s) (WEI): 0.000319470481188168 WETH (319470481188168 wei)
Claim Reward: 24 Claim(s) (USD): $1.05 ($1.0544661539376288)

Next Claim Reward: 25 Claim(s) (WEI): 0.000332781751237675 WETH (332781751237675 wei)
Next Claim Reward: 25 Claim(s) (USD): $1.1 ($1.09840224368503)

Net profit = (Gross Profit - Gas Cost [Avg])
$0.43 = ($1.1 - $0.66) $0.4334927969646065 = ($1.09840224368503 - $0.6649094467204235)


5b. 26 Claim(s):

Total gas cost: 26 Claim(s) (USD): $0.69 ($0.6916906805210076)

Claim Reward: 25 Claim(s) (WEI): 0.000332781751237675 WETH (332781751237675 wei)
Claim Reward: 25 Claim(s) (USD): $1.1 ($1.09840224368503)

Next Claim Reward: 26 Claim(s) (WEI): 0.000346093021287182 WETH (346093021287182 wei)
Next Claim Reward: 26 Claim(s) (USD): $1.14 ($1.142338333432431)

Net profit = (Gross Profit - Gas Cost [Avg])
$0.45 = ($1.14 - $0.69) $0.4506476529114235 = ($1.142338333432431 - $0.6916906805210076)


5b. 27 Claim(s):

Total gas cost: 27 Claim(s) (USD): $0.72 ($0.7184719143215916)

Claim Reward: 26 Claim(s) (WEI): 0.000346093021287182 WETH (346093021287182 wei)
Claim Reward: 26 Claim(s) (USD): $1.14 ($1.142338333432431)

Next Claim Reward: 27 Claim(s) (WEI): 0.000359404291336689 WETH (359404291336689 wei)
Next Claim Reward: 27 Claim(s) (USD): $1.19 ($1.1862744231798323)

Net profit = (Gross Profit - Gas Cost [Avg])
$0.47 = ($1.19 - $0.72) $0.4678025088582407 = ($1.1862744231798323 - $0.7184719143215916)


5b. 28 Claim(s):

Total gas cost: 28 Claim(s) (USD): $0.75 ($0.7452531481221757)

Claim Reward: 27 Claim(s) (WEI): 0.000359404291336689 WETH (359404291336689 wei)
Claim Reward: 27 Claim(s) (USD): $1.19 ($1.1862744231798323)

Next Claim Reward: 28 Claim(s) (WEI): 0.000372715561386196 WETH (372715561386196 wei)
Next Claim Reward: 28 Claim(s) (USD): $1.23 ($1.2302105129272336)

Net profit = (Gross Profit - Gas Cost [Avg])
$0.48 = ($1.23 - $0.75) $0.4849573648050579 = ($1.2302105129272336 - $0.7452531481221757)


5b. 29 Claim(s):

Total gas cost: 29 Claim(s) (USD): $0.77 ($0.7720343819227597)

Claim Reward: 28 Claim(s) (WEI): 0.000372715561386196 WETH (372715561386196 wei)
Claim Reward: 28 Claim(s) (USD): $1.23 ($1.2302105129272336)

Next Claim Reward: 29 Claim(s) (WEI): 0.000386026831435703 WETH (386026831435703 wei)
Next Claim Reward: 29 Claim(s) (USD): $1.27 ($1.2741466026746346)

Net profit = (Gross Profit - Gas Cost [Avg])
$0.5 = ($1.27 - $0.77) $0.5021122207518749 = ($1.2741466026746346 - $0.7720343819227597)


5b. 30 Claim(s):

Total gas cost: 30 Claim(s) (USD): $0.8 ($0.7988156157233438)

Claim Reward: 29 Claim(s) (WEI): 0.000386026831435703 WETH (386026831435703 wei)
Claim Reward: 29 Claim(s) (USD): $1.27 ($1.2741466026746346)

Next Claim Reward: 30 Claim(s) (WEI): 0.00039933810148521 WETH (399338101485210 wei)
Next Claim Reward: 30 Claim(s) (USD): $1.32 ($1.318082692422036)

Net profit = (Gross Profit - Gas Cost [Avg])
$0.52 = ($1.32 - $0.8) $0.5192670766986921 = ($1.318082692422036 - $0.7988156157233438)

******************
5c. Profit/Loss (USD):

Net profit = (Gross Profit - Gas Cost [Max])
$0.48 = ($1.27 - $0.8) $0.47533098695129083 = ($1.2741466026746346 - $0.7988156157233438)

Submitting transaction to claim 29 prize(s):

0x80436148e5fab18b58a33b24f79977d6934ff0e4-0x7a46e52c79F8ca0Bd0Eb7a699716240f65A4AE93-4-174
0x80436148e5fab18b58a33b24f79977d6934ff0e4-0xAde85b12a336f1C3f9aE68eD2B5F8808D8A79207-4-151
0x80436148e5fab18b58a33b24f79977d6934ff0e4-0x4BC8E5853A7040Af6e8096899D1f424e79621c82-4-155
0x80436148e5fab18b58a33b24f79977d6934ff0e4-0x5c390ab752BC52cf1C7818A9FA9f57724e0feB12-4-232
0x80436148e5fab18b58a33b24f79977d6934ff0e4-0x5caFa04C2F0744190240064721192F35179D4AD6-4-102
0x80436148e5fab18b58a33b24f79977d6934ff0e4-0xF935BF555e5438F8090F5F54510150582F90557E-4-80
0x80436148e5fab18b58a33b24f79977d6934ff0e4-0xF935BF555e5438F8090F5F54510150582F90557E-4-139
0x80436148e5fab18b58a33b24f79977d6934ff0e4-0x2D2d28103994ac48dd34D418FF426cBB772B432b-4-128
0x80436148e5fab18b58a33b24f79977d6934ff0e4-0x75f8a55BA2BEe580f9B26c4f462C0F4f3E907AAf-4-144
0x80436148e5fab18b58a33b24f79977d6934ff0e4-0xb508733c1dF6DCfd14838ac84ddeb3D29c7cfB8d-4-132
0x80436148e5fab18b58a33b24f79977d6934ff0e4-0xC8A3cB7e56AfF67affAA9974b6862f7AF511758B-4-105
0x80436148e5fab18b58a33b24f79977d6934ff0e4-0x67975C1E5767F436f040072006d9202EDc5C9801-4-179
0x80436148e5fab18b58a33b24f79977d6934ff0e4-0x3B84B5a6B135faBe599c4F44e50F2c0c219aEf6D-4-216
0x80436148e5fab18b58a33b24f79977d6934ff0e4-0xFE21695760875828995eD49692408548E986F41d-4-219
0x80436148e5fab18b58a33b24f79977d6934ff0e4-0xEB648E20B61Af67Af663Ed4F25890E9d597e271a-4-134
0x80436148e5fab18b58a33b24f79977d6934ff0e4-0x3bd98705B8A15CC9d3444E0C4526b03aC5624175-4-202
0x80436148e5fab18b58a33b24f79977d6934ff0e4-0x9388fee23Aa8e080cf9ccD389B15daFACDcb026F-4-99
0x80436148e5fab18b58a33b24f79977d6934ff0e4-0xF60de20Aa816434d0c849d962360A5601824CeC5-4-35
0x80436148e5fab18b58a33b24f79977d6934ff0e4-0xDdb9cAF1AF95908E69dB7AA96363BCf283DABebd-4-135
0x80436148e5fab18b58a33b24f79977d6934ff0e4-0x716c98E882b96A2cD572B17045b022a9c5aEE392-4-100
0x80436148e5fab18b58a33b24f79977d6934ff0e4-0x52E8b339C40BA1C838F847661a682546E07127cC-4-166
0x80436148e5fab18b58a33b24f79977d6934ff0e4-0xEAFc1A2B829b548E632B8721Cd56aD1462a29168-4-165
0x80436148e5fab18b58a33b24f79977d6934ff0e4-0xD0B96a3327300c676169e912fdB05302c9f80F85-4-201
0x80436148e5fab18b58a33b24f79977d6934ff0e4-0xb5dda74F81a3AdeDE8b262bD890119Ef662aE52f-4-205
0x80436148e5fab18b58a33b24f79977d6934ff0e4-0x10d4eDd32e84235BF4129Ed7833E51196f5779A8-4-240
0x80436148e5fab18b58a33b24f79977d6934ff0e4-0xB560A9F816185869EcE352A51736fb2108cA836E-4-78
0x80436148e5fab18b58a33b24f79977d6934ff0e4-0xe043f2c4c6e4F880cCe28126ab94CE2aBf7B681B-4-166
0x80436148e5fab18b58a33b24f79977d6934ff0e4-0x1bC9FB1B982Fb3df9586654080c26a8eA5a8119C-4-218
0x80436148e5fab18b58a33b24f79977d6934ff0e4-0xF6B048DD6a6Bad5f102514779ED276a340947d38-4-66



Execute Claim Transaction for Tier #4 (Canary tier)



Transaction sent! ✔
Transaction hash: 0xcc15c0ddb08be522a26fc7e81579427231ebf9ed5cac8d673ed3fcc412e59dc7
Waiting on transaction to be confirmed ...
Tx confirmed !




******************
Processing:
Vault:     0xea47f7735eaf6b1e6502c21f50f65e84f7daa824
Tier:      #4 (Canary tier)
# prizes:  144

5a. Calculating # of profitable claims ...

Native (Gas) Token ETH Market Rate (USD): $3192.8

Estimated gas limit (wei) (1 prize claim): 0.000000000000168402 ETH (168402 wei)
Estimated gas limit (wei) (2 prize claims): 0.000000000000241285 ETH (241285 wei)

Gas Cost: First Claim (wei): 0.000000000000168402 ETH (168402 wei)
Gas Cost: Each Following Claim (wei): 0.000000000000072883 ETH (72883 wei)

Gas Cost: First Claim (USD): $0.02 $0.020513149662790046
Gas Cost: Each Following Claim (USD): $0.02 $0.02476867971518162

5b. 1 Claim(s):

Total gas cost: 1 Claim(s) (USD): $0.02 ($0.020513149662790046)

Next Claim Reward: 1 Claim(s) (WEI): 0.000013311270049507 WETH (13311270049507 wei)
Next Claim Reward: 1 Claim(s) (USD): $0.04 ($0.043936089747401194)

Net profit = (Gross Profit - Gas Cost [Avg])
$0.02 = ($0.04 - $0.02) $0.023422940084611148 = ($0.043936089747401194 - $0.020513149662790046)


5b. 2 Claim(s):

Total gas cost: 2 Claim(s) (USD): $0.05 ($0.045281829377971664)

Claim Reward: 1 Claim(s) (WEI): 0.000013311270049507 WETH (13311270049507 wei)
Claim Reward: 1 Claim(s) (USD): $0.04 ($0.043936089747401194)

Next Claim Reward: 2 Claim(s) (WEI): 0.000026622540099014 WETH (26622540099014 wei)
Next Claim Reward: 2 Claim(s) (USD): $0.09 ($0.08787217949480239)

Net profit = (Gross Profit - Gas Cost [Avg])
$0.04 = ($0.09 - $0.05) $0.042590350116830725 = ($0.08787217949480239 - $0.045281829377971664)


5b. 3 Claim(s):

Total gas cost: 3 Claim(s) (USD): $0.07 ($0.07005050909315329)

Claim Reward: 2 Claim(s) (WEI): 0.000026622540099014 WETH (26622540099014 wei)
Claim Reward: 2 Claim(s) (USD): $0.09 ($0.08787217949480239)

Next Claim Reward: 3 Claim(s) (WEI): 0.000039933810148521 WETH (39933810148521 wei)
Next Claim Reward: 3 Claim(s) (USD): $0.13 ($0.1318082692422036)

Net profit = (Gross Profit - Gas Cost [Avg])
$0.06 = ($0.13 - $0.07) $0.06175776014905031 = ($0.1318082692422036 - $0.07005050909315329)


5b. 4 Claim(s):

Total gas cost: 4 Claim(s) (USD): $0.09 ($0.0948191888083349)

Claim Reward: 3 Claim(s) (WEI): 0.000039933810148521 WETH (39933810148521 wei)
Claim Reward: 3 Claim(s) (USD): $0.13 ($0.1318082692422036)

Next Claim Reward: 4 Claim(s) (WEI): 0.000053245080198028 WETH (53245080198028 wei)
Next Claim Reward: 4 Claim(s) (USD): $0.18 ($0.17574435898960478)

Net profit = (Gross Profit - Gas Cost [Avg])
$0.08 = ($0.18 - $0.09) $0.08092517018126988 = ($0.17574435898960478 - $0.0948191888083349)


5b. 5 Claim(s):

Total gas cost: 5 Claim(s) (USD): $0.12 ($0.11958786852351652)

Claim Reward: 4 Claim(s) (WEI): 0.000053245080198028 WETH (53245080198028 wei)
Claim Reward: 4 Claim(s) (USD): $0.18 ($0.17574435898960478)

Next Claim Reward: 5 Claim(s) (WEI): 0.000066556350247535 WETH (66556350247535 wei)
Next Claim Reward: 5 Claim(s) (USD): $0.22 ($0.21968044873700598)

Net profit = (Gross Profit - Gas Cost [Avg])
$0.1 = ($0.22 - $0.12) $0.10009258021348946 = ($0.21968044873700598 - $0.11958786852351652)


5b. 6 Claim(s):

Total gas cost: 6 Claim(s) (USD): $0.14 ($0.14435654823869815)

Claim Reward: 5 Claim(s) (WEI): 0.000066556350247535 WETH (66556350247535 wei)
Claim Reward: 5 Claim(s) (USD): $0.22 ($0.21968044873700598)

Next Claim Reward: 6 Claim(s) (WEI): 0.000079867620297042 WETH (79867620297042 wei)
Next Claim Reward: 6 Claim(s) (USD): $0.26 ($0.2636165384844072)

Net profit = (Gross Profit - Gas Cost [Avg])
$0.12 = ($0.26 - $0.14) $0.11925999024570905 = ($0.2636165384844072 - $0.14435654823869815)


5b. 7 Claim(s):

Total gas cost: 7 Claim(s) (USD): $0.17 ($0.16912522795387977)

Claim Reward: 6 Claim(s) (WEI): 0.000079867620297042 WETH (79867620297042 wei)
Claim Reward: 6 Claim(s) (USD): $0.26 ($0.2636165384844072)

Next Claim Reward: 7 Claim(s) (WEI): 0.000093178890346549 WETH (93178890346549 wei)
Next Claim Reward: 7 Claim(s) (USD): $0.31 ($0.3075526282318084)

Net profit = (Gross Profit - Gas Cost [Avg])
$0.14 = ($0.31 - $0.17) $0.13842740027792863 = ($0.3075526282318084 - $0.16912522795387977)


5b. 8 Claim(s):

Total gas cost: 8 Claim(s) (USD): $0.19 ($0.1938939076690614)

Claim Reward: 7 Claim(s) (WEI): 0.000093178890346549 WETH (93178890346549 wei)
Claim Reward: 7 Claim(s) (USD): $0.31 ($0.3075526282318084)

Next Claim Reward: 8 Claim(s) (WEI): 0.000106490160396056 WETH (106490160396056 wei)
Next Claim Reward: 8 Claim(s) (USD): $0.35 ($0.35148871797920955)

Net profit = (Gross Profit - Gas Cost [Avg])
$0.16 = ($0.35 - $0.19) $0.15759481031014816 = ($0.35148871797920955 - $0.1938939076690614)


5b. 9 Claim(s):

Total gas cost: 9 Claim(s) (USD): $0.22 ($0.21866258738424302)

Claim Reward: 8 Claim(s) (WEI): 0.000106490160396056 WETH (106490160396056 wei)
Claim Reward: 8 Claim(s) (USD): $0.35 ($0.35148871797920955)

Next Claim Reward: 9 Claim(s) (WEI): 0.000119801430445563 WETH (119801430445563 wei)
Next Claim Reward: 9 Claim(s) (USD): $0.4 ($0.39542480772661076)

Net profit = (Gross Profit - Gas Cost [Avg])
$0.18 = ($0.4 - $0.22) $0.17676222034236774 = ($0.39542480772661076 - $0.21866258738424302)


5b. 10 Claim(s):

Total gas cost: 10 Claim(s) (USD): $0.24 ($0.24343126709942464)

Claim Reward: 9 Claim(s) (WEI): 0.000119801430445563 WETH (119801430445563 wei)
Claim Reward: 9 Claim(s) (USD): $0.4 ($0.39542480772661076)

Next Claim Reward: 10 Claim(s) (WEI): 0.00013311270049507 WETH (133112700495070 wei)
Next Claim Reward: 10 Claim(s) (USD): $0.44 ($0.43936089747401197)

Net profit = (Gross Profit - Gas Cost [Avg])
$0.2 = ($0.44 - $0.24) $0.19592963037458733 = ($0.43936089747401197 - $0.24343126709942464)


5b. 11 Claim(s):

Total gas cost: 11 Claim(s) (USD): $0.27 ($0.26819994681460624)

Claim Reward: 10 Claim(s) (WEI): 0.00013311270049507 WETH (133112700495070 wei)
Claim Reward: 10 Claim(s) (USD): $0.44 ($0.43936089747401197)

Next Claim Reward: 11 Claim(s) (WEI): 0.000146423970544577 WETH (146423970544577 wei)
Next Claim Reward: 11 Claim(s) (USD): $0.48 ($0.4832969872214131)

Net profit = (Gross Profit - Gas Cost [Avg])
$0.22 = ($0.48 - $0.27) $0.21509704040680688 = ($0.4832969872214131 - $0.26819994681460624)


5b. 12 Claim(s):

Total gas cost: 12 Claim(s) (USD): $0.29 ($0.2929686265297879)

Claim Reward: 11 Claim(s) (WEI): 0.000146423970544577 WETH (146423970544577 wei)
Claim Reward: 11 Claim(s) (USD): $0.48 ($0.4832969872214131)

Next Claim Reward: 12 Claim(s) (WEI): 0.000159735240594084 WETH (159735240594084 wei)
Next Claim Reward: 12 Claim(s) (USD): $0.53 ($0.5272330769688144)

Net profit = (Gross Profit - Gas Cost [Avg])
$0.23 = ($0.53 - $0.29) $0.2342644504390265 = ($0.5272330769688144 - $0.2929686265297879)


5b. 13 Claim(s):

Total gas cost: 13 Claim(s) (USD): $0.32 ($0.3177373062449695)

Claim Reward: 12 Claim(s) (WEI): 0.000159735240594084 WETH (159735240594084 wei)
Claim Reward: 12 Claim(s) (USD): $0.53 ($0.5272330769688144)

Next Claim Reward: 13 Claim(s) (WEI): 0.000173046510643591 WETH (173046510643591 wei)
Next Claim Reward: 13 Claim(s) (USD): $0.57 ($0.5711691667162155)

Net profit = (Gross Profit - Gas Cost [Avg])
$0.25 = ($0.57 - $0.32) $0.25343186047124605 = ($0.5711691667162155 - $0.3177373062449695)


5b. 14 Claim(s):

Total gas cost: 14 Claim(s) (USD): $0.34 ($0.34250598596015114)

Claim Reward: 13 Claim(s) (WEI): 0.000173046510643591 WETH (173046510643591 wei)
Claim Reward: 13 Claim(s) (USD): $0.57 ($0.5711691667162155)

Next Claim Reward: 14 Claim(s) (WEI): 0.000186357780693098 WETH (186357780693098 wei)
Next Claim Reward: 14 Claim(s) (USD): $0.62 ($0.6151052564636168)

Net profit = (Gross Profit - Gas Cost [Avg])
$0.27 = ($0.62 - $0.34) $0.27259927050346566 = ($0.6151052564636168 - $0.34250598596015114)


5b. 15 Claim(s):

Total gas cost: 15 Claim(s) (USD): $0.37 ($0.36727466567533273)

Claim Reward: 14 Claim(s) (WEI): 0.000186357780693098 WETH (186357780693098 wei)
Claim Reward: 14 Claim(s) (USD): $0.62 ($0.6151052564636168)

Next Claim Reward: 15 Claim(s) (WEI): 0.000199669050742605 WETH (199669050742605 wei)
Next Claim Reward: 15 Claim(s) (USD): $0.66 ($0.659041346211018)

Net profit = (Gross Profit - Gas Cost [Avg])
$0.29 = ($0.66 - $0.37) $0.2917666805356852 = ($0.659041346211018 - $0.36727466567533273)


5b. 16 Claim(s):

Total gas cost: 16 Claim(s) (USD): $0.39 ($0.3920433453905144)

Claim Reward: 15 Claim(s) (WEI): 0.000199669050742605 WETH (199669050742605 wei)
Claim Reward: 15 Claim(s) (USD): $0.66 ($0.659041346211018)

Next Claim Reward: 16 Claim(s) (WEI): 0.000212980320792112 WETH (212980320792112 wei)
Next Claim Reward: 16 Claim(s) (USD): $0.7 ($0.7029774359584191)

Net profit = (Gross Profit - Gas Cost [Avg])
$0.31 = ($0.7 - $0.39) $0.3109340905679047 = ($0.7029774359584191 - $0.3920433453905144)


5b. 17 Claim(s):

Total gas cost: 17 Claim(s) (USD): $0.42 ($0.416812025105696)

Claim Reward: 16 Claim(s) (WEI): 0.000212980320792112 WETH (212980320792112 wei)
Claim Reward: 16 Claim(s) (USD): $0.7 ($0.7029774359584191)

Next Claim Reward: 17 Claim(s) (WEI): 0.000226291590841619 WETH (226291590841619 wei)
Next Claim Reward: 17 Claim(s) (USD): $0.75 ($0.7469135257058204)

Net profit = (Gross Profit - Gas Cost [Avg])
$0.33 = ($0.75 - $0.42) $0.3301015006001244 = ($0.7469135257058204 - $0.416812025105696)


5b. 18 Claim(s):

Total gas cost: 18 Claim(s) (USD): $0.44 ($0.4415807048208776)

Claim Reward: 17 Claim(s) (WEI): 0.000226291590841619 WETH (226291590841619 wei)
Claim Reward: 17 Claim(s) (USD): $0.75 ($0.7469135257058204)

Next Claim Reward: 18 Claim(s) (WEI): 0.000239602860891126 WETH (239602860891126 wei)
Next Claim Reward: 18 Claim(s) (USD): $0.79 ($0.7908496154532215)

Net profit = (Gross Profit - Gas Cost [Avg])
$0.35 = ($0.79 - $0.44) $0.34926891063234394 = ($0.7908496154532215 - $0.4415807048208776)


5b. 19 Claim(s):

Total gas cost: 19 Claim(s) (USD): $0.47 ($0.46634938453605923)

Claim Reward: 18 Claim(s) (WEI): 0.000239602860891126 WETH (239602860891126 wei)
Claim Reward: 18 Claim(s) (USD): $0.79 ($0.7908496154532215)

Next Claim Reward: 19 Claim(s) (WEI): 0.000252914130940633 WETH (252914130940633 wei)
Next Claim Reward: 19 Claim(s) (USD): $0.83 ($0.8347857052006227)

Net profit = (Gross Profit - Gas Cost [Avg])
$0.37 = ($0.83 - $0.47) $0.36843632066456344 = ($0.8347857052006227 - $0.46634938453605923)


5b. 20 Claim(s):

Total gas cost: 20 Claim(s) (USD): $0.49 ($0.4911180642512408)

Claim Reward: 19 Claim(s) (WEI): 0.000252914130940633 WETH (252914130940633 wei)
Claim Reward: 19 Claim(s) (USD): $0.83 ($0.8347857052006227)

Next Claim Reward: 20 Claim(s) (WEI): 0.00026622540099014 WETH (266225400990140 wei)
Next Claim Reward: 20 Claim(s) (USD): $0.88 ($0.8787217949480239)

Net profit = (Gross Profit - Gas Cost [Avg])
$0.39 = ($0.88 - $0.49) $0.3876037306967831 = ($0.8787217949480239 - $0.4911180642512408)


5b. 21 Claim(s):

Total gas cost: 21 Claim(s) (USD): $0.52 ($0.5158867439664224)

Claim Reward: 20 Claim(s) (WEI): 0.00026622540099014 WETH (266225400990140 wei)
Claim Reward: 20 Claim(s) (USD): $0.88 ($0.8787217949480239)

Next Claim Reward: 21 Claim(s) (WEI): 0.000279536671039647 WETH (279536671039647 wei)
Next Claim Reward: 21 Claim(s) (USD): $0.92 ($0.9226578846954252)

Net profit = (Gross Profit - Gas Cost [Avg])
$0.41 = ($0.92 - $0.52) $0.4067711407290028 = ($0.9226578846954252 - $0.5158867439664224)


5b. 22 Claim(s):

Total gas cost: 22 Claim(s) (USD): $0.54 ($0.5406554236816041)

Claim Reward: 21 Claim(s) (WEI): 0.000279536671039647 WETH (279536671039647 wei)
Claim Reward: 21 Claim(s) (USD): $0.92 ($0.9226578846954252)

Next Claim Reward: 22 Claim(s) (WEI): 0.000292847941089154 WETH (292847941089154 wei)
Next Claim Reward: 22 Claim(s) (USD): $0.97 ($0.9665939744428262)

Net profit = (Gross Profit - Gas Cost [Avg])
$0.43 = ($0.97 - $0.54) $0.4259385507612221 = ($0.9665939744428262 - $0.5406554236816041)


5b. 23 Claim(s):

Total gas cost: 23 Claim(s) (USD): $0.57 ($0.5654241033967857)

Claim Reward: 22 Claim(s) (WEI): 0.000292847941089154 WETH (292847941089154 wei)
Claim Reward: 22 Claim(s) (USD): $0.97 ($0.9665939744428262)

Next Claim Reward: 23 Claim(s) (WEI): 0.000306159211138661 WETH (306159211138661 wei)
Next Claim Reward: 23 Claim(s) (USD): $1.01 ($1.0105300641902275)

Net profit = (Gross Profit - Gas Cost [Avg])
$0.45 = ($1.01 - $0.57) $0.4451059607934418 = ($1.0105300641902275 - $0.5654241033967857)


5b. 24 Claim(s):

Total gas cost: 24 Claim(s) (USD): $0.59 ($0.5901927831119673)

Claim Reward: 23 Claim(s) (WEI): 0.000306159211138661 WETH (306159211138661 wei)
Claim Reward: 23 Claim(s) (USD): $1.01 ($1.0105300641902275)

Next Claim Reward: 24 Claim(s) (WEI): 0.000319470481188168 WETH (319470481188168 wei)
Next Claim Reward: 24 Claim(s) (USD): $1.05 ($1.0544661539376288)

Net profit = (Gross Profit - Gas Cost [Avg])
$0.46 = ($1.05 - $0.59) $0.46427337082566145 = ($1.0544661539376288 - $0.5901927831119673)


5b. 25 Claim(s):

Total gas cost: 25 Claim(s) (USD): $0.61 ($0.6149614628271489)

Claim Reward: 24 Claim(s) (WEI): 0.000319470481188168 WETH (319470481188168 wei)
Claim Reward: 24 Claim(s) (USD): $1.05 ($1.0544661539376288)

Next Claim Reward: 25 Claim(s) (WEI): 0.000332781751237675 WETH (332781751237675 wei)
Next Claim Reward: 25 Claim(s) (USD): $1.1 ($1.09840224368503)

Net profit = (Gross Profit - Gas Cost [Avg])
$0.48 = ($1.1 - $0.61) $0.4834407808578811 = ($1.09840224368503 - $0.6149614628271489)


5b. 26 Claim(s):

Total gas cost: 26 Claim(s) (USD): $0.64 ($0.6397301425423305)

Claim Reward: 25 Claim(s) (WEI): 0.000332781751237675 WETH (332781751237675 wei)
Claim Reward: 25 Claim(s) (USD): $1.1 ($1.09840224368503)

Next Claim Reward: 26 Claim(s) (WEI): 0.000346093021287182 WETH (346093021287182 wei)
Next Claim Reward: 26 Claim(s) (USD): $1.14 ($1.142338333432431)

Net profit = (Gross Profit - Gas Cost [Avg])
$0.5 = ($1.14 - $0.64) $0.5026081908901006 = ($1.142338333432431 - $0.6397301425423305)


5b. 27 Claim(s):

Total gas cost: 27 Claim(s) (USD): $0.66 ($0.6644988222575122)

Claim Reward: 26 Claim(s) (WEI): 0.000346093021287182 WETH (346093021287182 wei)
Claim Reward: 26 Claim(s) (USD): $1.14 ($1.142338333432431)

Next Claim Reward: 27 Claim(s) (WEI): 0.000359404291336689 WETH (359404291336689 wei)
Next Claim Reward: 27 Claim(s) (USD): $1.19 ($1.1862744231798323)

Net profit = (Gross Profit - Gas Cost [Avg])
$0.52 = ($1.19 - $0.66) $0.5217756009223201 = ($1.1862744231798323 - $0.6644988222575122)


5b. 28 Claim(s):

Total gas cost: 28 Claim(s) (USD): $0.69 ($0.6892675019726938)

Claim Reward: 27 Claim(s) (WEI): 0.000359404291336689 WETH (359404291336689 wei)
Claim Reward: 27 Claim(s) (USD): $1.19 ($1.1862744231798323)

Next Claim Reward: 28 Claim(s) (WEI): 0.000372715561386196 WETH (372715561386196 wei)
Next Claim Reward: 28 Claim(s) (USD): $1.23 ($1.2302105129272336)

Net profit = (Gross Profit - Gas Cost [Avg])
$0.54 = ($1.23 - $0.69) $0.5409430109545398 = ($1.2302105129272336 - $0.6892675019726938)


5b. 29 Claim(s):

Total gas cost: 29 Claim(s) (USD): $0.71 ($0.7140361816878754)

Claim Reward: 28 Claim(s) (WEI): 0.000372715561386196 WETH (372715561386196 wei)
Claim Reward: 28 Claim(s) (USD): $1.23 ($1.2302105129272336)

Next Claim Reward: 29 Claim(s) (WEI): 0.000386026831435703 WETH (386026831435703 wei)
Next Claim Reward: 29 Claim(s) (USD): $1.27 ($1.2741466026746346)

Net profit = (Gross Profit - Gas Cost [Avg])
$0.56 = ($1.27 - $0.71) $0.5601104209867592 = ($1.2741466026746346 - $0.7140361816878754)


5b. 30 Claim(s):

Total gas cost: 30 Claim(s) (USD): $0.74 ($0.738804861403057)

Claim Reward: 29 Claim(s) (WEI): 0.000386026831435703 WETH (386026831435703 wei)
Claim Reward: 29 Claim(s) (USD): $1.27 ($1.2741466026746346)

Next Claim Reward: 30 Claim(s) (WEI): 0.00039933810148521 WETH (399338101485210 wei)
Next Claim Reward: 30 Claim(s) (USD): $1.32 ($1.318082692422036)

Net profit = (Gross Profit - Gas Cost [Avg])
$0.58 = ($1.32 - $0.74) $0.5792778310189789 = ($1.318082692422036 - $0.738804861403057)

******************
5c. Profit/Loss (USD):

Net profit = (Gross Profit - Gas Cost [Max])
$0.54 = ($1.27 - $0.74) $0.5353417412715776 = ($1.2741466026746346 - $0.738804861403057)

Submitting transaction to claim 29 prize(s):

0xea47f7735eaf6b1e6502c21f50f65e84f7daa824-0x0Dd0D6aB8A14BF421C06ff8f9Fc038d6728dC88d-4-94
0xea47f7735eaf6b1e6502c21f50f65e84f7daa824-0xf6a041b11EF607E66233E8A57038990AF8b97bB0-4-32
0xea47f7735eaf6b1e6502c21f50f65e84f7daa824-0x72aFCB7eEe71a522A0C5b74984581edEe5Ee3B1A-4-245
0xea47f7735eaf6b1e6502c21f50f65e84f7daa824-0xb14094B75352e66818447aBD9E757d60aB8c12b5-4-95
0xea47f7735eaf6b1e6502c21f50f65e84f7daa824-0xDC40c9C6551F874fa2E1Cd0838994F41D8e7a744-4-104
0xea47f7735eaf6b1e6502c21f50f65e84f7daa824-0xE78033Eb58D76EAA11Db0FF0cA3a24dB1a5ffd74-4-198
0xea47f7735eaf6b1e6502c21f50f65e84f7daa824-0x8Fd1b6aF2F8552c41F547E3Fd9f4a488f6151aA4-4-117
0xea47f7735eaf6b1e6502c21f50f65e84f7daa824-0x0eEb0faab74C3828834659aEfeE66bD5ddDe4f7C-4-210
0xea47f7735eaf6b1e6502c21f50f65e84f7daa824-0xAFc7a6a61acCEe5a914c8703431F4C76B21613b3-4-127
0xea47f7735eaf6b1e6502c21f50f65e84f7daa824-0x3a402f38F6c368344e2d6f28f861124dCa4e8c9B-4-252
0xea47f7735eaf6b1e6502c21f50f65e84f7daa824-0xc0BdF3A0eD41FC3A6257a336f3435b1c4566c45e-4-99
0xea47f7735eaf6b1e6502c21f50f65e84f7daa824-0xc0BdF3A0eD41FC3A6257a336f3435b1c4566c45e-4-164
0xea47f7735eaf6b1e6502c21f50f65e84f7daa824-0xc0BdF3A0eD41FC3A6257a336f3435b1c4566c45e-4-175
0xea47f7735eaf6b1e6502c21f50f65e84f7daa824-0x9F7BE04BaC40bFE1B9e8175Ce9b7C257577B6E8e-4-86
0xea47f7735eaf6b1e6502c21f50f65e84f7daa824-0x449E1Bd12e2fB5439b4556b176f4481629B29998-4-218
0xea47f7735eaf6b1e6502c21f50f65e84f7daa824-0xE2B8c856d8CE527be2Fb5B124cd9E75e02649A9C-4-184
0xea47f7735eaf6b1e6502c21f50f65e84f7daa824-0x9a0418aB30997aF5bcB9533ec1bC21909B1d9308-4-193
0xea47f7735eaf6b1e6502c21f50f65e84f7daa824-0xBBFB4b90CD0e78DB7401b8f1D2699B5E8ff19F98-4-187
0xea47f7735eaf6b1e6502c21f50f65e84f7daa824-0x0a433dfDa69a753a64600b498861b63e8af11d4C-4-139
0xea47f7735eaf6b1e6502c21f50f65e84f7daa824-0xe38BD0cF1131c96f9e84Cf06EFDE28FEfCAACfa4-4-193
0xea47f7735eaf6b1e6502c21f50f65e84f7daa824-0x4b1EbE883706d730abEA3133A22193357bB64EAe-4-187
0xea47f7735eaf6b1e6502c21f50f65e84f7daa824-0xa27F252e5d23fE1748Dd46A0b05E266Fc73f4664-4-242
0xea47f7735eaf6b1e6502c21f50f65e84f7daa824-0x3d80581F822E6B18bd81742a0d61c179deB430d6-4-137
0xea47f7735eaf6b1e6502c21f50f65e84f7daa824-0x19BC5933D628BdfC0faC29eF5d843D957b1e67f6-4-6
0xea47f7735eaf6b1e6502c21f50f65e84f7daa824-0x20A284C58ed59bC593e82f8e14BCA298E5D87c6d-4-22
0xea47f7735eaf6b1e6502c21f50f65e84f7daa824-0xE97B3CbB44EE8B8bD8A440eA8782136ab0100E41-4-104
0xea47f7735eaf6b1e6502c21f50f65e84f7daa824-0x11f9b8897954ea0f8418df96E1c376F711Df85D0-4-78
0xea47f7735eaf6b1e6502c21f50f65e84f7daa824-0x11f9b8897954ea0f8418df96E1c376F711Df85D0-4-128
0xea47f7735eaf6b1e6502c21f50f65e84f7daa824-0x3b278C67f1E18153037FB27048E95b05C90C9877-4-163



Execute Claim Transaction for Tier #4 (Canary tier)



Transaction sent! ✔
Transaction hash: 0x7cc1b9864dd1825c72d82317e4edb10f8387b2d7824af222b7c42b968824ade8
Waiting on transaction to be confirmed ...
Tx confirmed !




******************
Processing:
Vault:     0x52b0ac5c447dd84c37b85c2fc36a5b23bb4c9868
Tier:      #5 (Canary tier)
# prizes:  30

5a. Calculating # of profitable claims ...

Native (Gas) Token ETH Market Rate (USD): $3192.8

Estimated gas limit (wei) (1 prize claim): 0.000000000000149464 ETH (149464 wei)
Estimated gas limit (wei) (2 prize claims): 0.000000000000221255 ETH (221255 wei)

Gas Cost: First Claim (wei): 0.000000000000149464 ETH (149464 wei)
Gas Cost: Each Following Claim (wei): 0.000000000000071791 ETH (71791 wei)

Gas Cost: First Claim (USD): $0.02 $0.020452669179147953
Gas Cost: Each Following Claim (USD): $0.02 $0.024833600998508173

5b. 1 Claim(s):

Total gas cost: 1 Claim(s) (USD): $0.02 ($0.020452669179147953)

Next Claim Reward: 1 Claim(s) (WEI): 0.000003327817512376 WETH (3327817512376 wei)
Next Claim Reward: 1 Claim(s) (USD): $0.01 ($0.010984022436847825)

Net profit = (Gross Profit - Gas Cost [Avg])
$-0.01 = ($0.01 - $0.02) $-0.009468646742300128 = ($0.010984022436847825 - $0.020452669179147953)

******************
5c. Profit/Loss (USD):

Net profit = (Gross Profit - Gas Cost [Max])
$-0.02 = ($0 - $0.02) $-0.020452669179147953 = ($0 - $0.020452669179147953)

Claiming tier #5 (Canary tier) currently not profitable.
Not profitable to claim for Draw #5, Tier: #5 (Canary tier)




******************
Processing:
Vault:     0x80436148e5fab18b58a33b24f79977d6934ff0e4
Tier:      #5 (Canary tier)
# prizes:  300

Tier #5 (Canary tier) not profitable, skipping ...





******************
Processing:
Vault:     0xea47f7735eaf6b1e6502c21f50f65e84f7daa824
Tier:      #5 (Canary tier)
# prizes:  693

Tier #5 (Canary tier) not profitable, skipping ...

