Operating on: 11155420 - Optimism Sepolia

Config - REWARD_RECIPIENT not provided, setting swap recipient to relayer address: 0x06003274c3a7926c04cA8d6903cc691fE8f3CEC2
Config - MIN_PROFIT_THRESHOLD_USD: -0.1

Starting ...
Getting prize pool info ...
Getting prize context ...

******************
1. Prize token: WETH

┌────────────┬──────────────────────────────────────────────┬──────────┬─────────────────┬────────┬──────────────┐
│ (index)    │ address                                      │ decimals │ name            │ symbol │ assetRateUsd │
├────────────┼──────────────────────────────────────────────┼──────────┼─────────────────┼────────┼──────────────┤
│ prizeToken │ '0xC355F97a3Aa2808Acb536E555764b8FB26fB4b37' │ 18       │ 'Wrapped Ether' │ 'WETH' │ 3275.505     │
└────────────┴──────────────────────────────────────────────┴──────────┴─────────────────┴────────┴──────────────┘
┌─────────┬──────────┬───────────────────────────────┐
│ (index) │ numTiers │ tiersRangeArray               │
├─────────┼──────────┼───────────────────────────────┤
│ tiers   │ 6        │ [ 0, 1, 2, ... 3 more items ] │
└─────────┴──────────┴───────────────────────────────┘
Draw ID: 4
Prize Token WETH MarketRate USD:  $3275.505

******************
Getting prize vaults ...
Found 6 prize vaults.

327 prizes already claimed for draw #4.
984 prizes remaining to be claimed...




******************
Processing:
Vault:     0x7fad91a4a29109303188d8758f1a9d60ce988349
Tier:      #4 (Canary tier)
# prizes:  1

5a. Calculating # of profitable claims ...

Native (Gas) Token ETH Market Rate (USD): $3269.58

Estimated gas limit (wei) (1 prize claim): 0.00000000000016839 ETH (168390 wei)

Gas Cost: First Claim (wei): 0.00000000000016839 ETH (168390 wei)

Gas Cost: First Claim (USD): $0.02 $0.02015149616804253

5b. 1 Claim(s):

Total gas cost: 1 Claim(s) (USD): $0.02 ($0.02015149616804253)

Next Claim Reward: 1 Claim(s) (WEI): 0.000016714959829826 WETH (16714959829826 wei)
Next Claim Reward: 1 Claim(s) (USD): $0.05 ($0.054749934497394216)

Net profit = (Gross Profit - Gas Cost [Avg])
$0.03 = ($0.05 - $0.02) $0.03459843832935169 = ($0.054749934497394216 - $0.02015149616804253)


******************
5c. Profit/Loss (USD):

Net profit = (Gross Profit - Gas Cost [Max])
$0.03 = ($0.05 - $0.02) $0.03459843832935169 = ($0.054749934497394216 - $0.02015149616804253)

Claiming tier #4 (Canary tier) currently not profitable.

Execute Claim Transaction for Tier #4 (Canary tier)



Transaction sent! ✔
Transaction hash: 0x79032247b219ddc3d56fd8bddec12bbf1180db1a5ca7d746bccfca0aa58d15dc
Waiting on transaction to be confirmed ...
Tx confirmed !




******************
Processing:
Vault:     0x33335296c9b020ca3252e4953c11decfdce816b8
Tier:      #5 (Canary tier)
# prizes:  295

5a. Calculating # of profitable claims ...

Native (Gas) Token ETH Market Rate (USD): $3269.58

Estimated gas limit (wei) (1 prize claim): 0.000000000000169353 ETH (169353 wei)
Estimated gas limit (wei) (2 prize claims): 0.000000000000245994 ETH (245994 wei)

Gas Cost: First Claim (wei): 0.000000000000169353 ETH (169353 wei)
Gas Cost: Each Following Claim (wei): 0.000000000000076641 ETH (76641 wei)

Gas Cost: First Claim (USD): $0.02 $0.018096532136965115
Gas Cost: Each Following Claim (USD): $0.02 $0.021844707473769088

5b. 1 Claim(s):

Total gas cost: 1 Claim(s) (USD): $0.02 ($0.018096532136965115)

Next Claim Reward: 1 Claim(s) (WEI): 0.000004178739957456 WETH (4178739957456 wei)
Next Claim Reward: 1 Claim(s) (USD): $0.01 ($0.013687483624346915)

Net profit = (Gross Profit - Gas Cost [Avg])
$0 = ($0.01 - $0.02) $-0.0044090485126182 = ($0.013687483624346915 - $0.018096532136965115)

******************
5c. Profit/Loss (USD):

Net profit = (Gross Profit - Gas Cost [Max])
$-0.02 = ($0 - $0.02) $-0.018096532136965115 = ($0 - $0.018096532136965115)

Claiming tier #5 (Canary tier) currently not profitable.
Not profitable to claim for Draw #4, Tier: #5 (Canary tier)




******************
Processing:
Vault:     0x75b2f4b3ec5adf7077f928992524cc547e74f768
Tier:      #5 (Canary tier)
# prizes:  40

Tier #5 (Canary tier) not profitable, skipping ...





******************
Processing:
Vault:     0x7fad91a4a29109303188d8758f1a9d60ce988349
Tier:      #5 (Canary tier)
# prizes:  648

Tier #5 (Canary tier) not profitable, skipping ...

