Operating on: 11155420 - Optimism Sepolia
Config - MIN_PROFIT_THRESHOLD_USD: -0.1

Starting ...
Getting prize pool info ...
Getting prize context ...

******************
1. Prize token: WETH

┌────────────┬──────────────────────────────────────────────┬──────────┬─────────────────┬────────┬──────────────┐
│ (index)    │ address                                      │ decimals │ name            │ symbol │ assetRateUsd │
├────────────┼──────────────────────────────────────────────┼──────────┼─────────────────┼────────┼──────────────┤
│ prizeToken │ '0x28Dae98474c0EeDF4Ee74Da5300Dd89dE5466E62' │ 18       │ 'Wrapped Ether' │ 'WETH' │ 3549.4631    │
└────────────┴──────────────────────────────────────────────┴──────────┴─────────────────┴────────┴──────────────┘
┌─────────┬──────────┬──────────────────────────────┐
│ (index) │ numTiers │ tiersRangeArray              │
├─────────┼──────────┼──────────────────────────────┤
│ tiers   │ 4        │ [ 0, 1, 2, ... 1 more item ] │
└─────────┴──────────┴──────────────────────────────┘
Draw ID: 10
Prize Token WETH MarketRate USD:  $3549.4631

******************
Getting prize vaults ...
Found 6 prize vaults.

No claimed prizes for draw #10.
86 prizes remaining to be claimed...




******************
Processing:
Vault:     0xe0462dc45922ca4d8d50748504b1d383349a25df
Tier:      #1
# prizes:  6

5a. Calculating # of profitable claims ...

Native (Gas) Token ETH Market Rate (USD): $3548.33

Estimated gas limit (wei) (1 prize claim): 0.000000000000256289 ETH (256289 wei)
Estimated gas limit (wei) (2 prize claims): 0.000000000000362193 ETH (362193 wei)

Gas Cost: First Claim (wei): 0.000000000000256289 ETH (256289 wei)
Gas Cost: Each Following Claim (wei): 0.000000000000105904 ETH (105904 wei)

Gas Cost: First Claim (USD): $0.79 $0.7944915384854497
Gas Cost: Each Following Claim (USD): $0.97 $0.9745225008918634

5b. 1 Claim(s):

Total gas cost: 1 Claim(s) (USD): $0.79 ($0.7944915384854497)

Next Claim Reward: 1 Claim(s) (WEI): 0.000082110337033388 WETH (82110337033388 wei)
Next Claim Reward: 1 Claim(s) (USD): $0.29 ($0.29144761142857417)

Net profit = (Gross Profit - Gas Cost [Avg])
$-0.5 = ($0.29 - $0.79) $-0.5030439270568756 = ($0.29144761142857417 - $0.7944915384854497)

******************
5c. Profit/Loss (USD):

Net profit = (Gross Profit - Gas Cost [Max])
$-0.79 = ($0 - $0.79) $-0.7944915384854497 = ($0 - $0.7944915384854497)

Claiming tier #1 currently not profitable.
Not profitable to claim for Draw #10, Tier: #1
Not profitable to claim any more tiers yet for Draw #10
