Operating on: 11155420 - Optimism Sepolia
Config - MIN_PROFIT_THRESHOLD_USD: -0.1

Starting ...
Getting prize pool info ...
Getting prize context ...

******************
1. Prize token: WETH

┌────────────┬──────────────────────────────────────────────┬──────────┬─────────────────┬────────┬──────────────┐
│ (index)    │ address                                      │ decimals │ name            │ symbol │ assetRateUsd │
├────────────┼──────────────────────────────────────────────┼──────────┼─────────────────┼────────┼──────────────┤
│ prizeToken │ '0x28Dae98474c0EeDF4Ee74Da5300Dd89dE5466E62' │ 18       │ 'Wrapped Ether' │ 'WETH' │ 3503.1106    │
└────────────┴──────────────────────────────────────────────┴──────────┴─────────────────┴────────┴──────────────┘
┌─────────┬──────────┬──────────────────────────────┐
│ (index) │ numTiers │ tiersRangeArray              │
├─────────┼──────────┼──────────────────────────────┤
│ tiers   │ 4        │ [ 0, 1, 2, ... 1 more item ] │
└─────────┴──────────┴──────────────────────────────┘
Draw ID: 20
Prize Token WETH MarketRate USD:  $3503.1106

******************
Getting prize vaults ...
Found 6 prize vaults.

13 prizes already claimed for draw #20.
67 prizes remaining to be claimed...




******************
Processing:
Vault:     0x887db83c6b90b8c6d3a0729e1299c6153220649e
Tier:      #3 (Canary tier)
# prizes:  21

5a. Calculating # of profitable claims ...

Native (Gas) Token ETH Market Rate (USD): $3503.56

Estimated gas limit (wei) (1 prize claim): 0.000000000000188924 ETH (188924 wei)
Estimated gas limit (wei) (2 prize claims): 0.000000000000275142 ETH (275142 wei)

Gas Cost: First Claim (wei): 0.000000000000188924 ETH (188924 wei)
Gas Cost: Each Following Claim (wei): 0.000000000000086218 ETH (86218 wei)

Gas Cost: First Claim (USD): $1.31 $1.3056690789252052
Gas Cost: Each Following Claim (USD): $1.6 $1.5977851244166503

5b. 1 Claim(s):

Total gas cost: 1 Claim(s) (USD): $1.31 ($1.3056690789252052)

Next Claim Reward: 1 Claim(s) (WEI): 0.000047957904770509 WETH (47957904770509 wei)
Next Claim Reward: 1 Claim(s) (USD): $0.17 ($0.16800184455536063)

Net profit = (Gross Profit - Gas Cost [Avg])
$-1.14 = ($0.17 - $1.31) $-1.1376672343698446 = ($0.16800184455536063 - $1.3056690789252052)

******************
5c. Profit/Loss (USD):

Net profit = (Gross Profit - Gas Cost [Max])
$-1.31 = ($0 - $1.31) $-1.3056690789252052 = ($0 - $1.3056690789252052)

Claiming tier #3 (Canary tier) currently not profitable.
Not profitable to claim for Draw #20, Tier: #3 (Canary tier)




******************
Processing:
Vault:     0xc1f6251c8b8ca9ea535dd297cb9cbfe49efa6bb0
Tier:      #3 (Canary tier)
# prizes:  8

Tier #3 (Canary tier) not profitable, skipping ...





******************
Processing:
Vault:     0xe0462dc45922ca4d8d50748504b1d383349a25df
Tier:      #3 (Canary tier)
# prizes:  38

Tier #3 (Canary tier) not profitable, skipping ...

