Operating on: 11155420 - Optimism Sepolia

Config - REWARD_RECIPIENT not provided, setting swap recipient to relayer address: 0x06003274c3a7926c04cA8d6903cc691fE8f3CEC2
Config - MIN_PROFIT_THRESHOLD_USD: -0.1

Starting ...
Getting prize pool info ...
Getting prize context ...

******************
1. Prize token: WETH

┌────────────┬──────────────────────────────────────────────┬──────────┬─────────────────┬────────┬──────────────┐
│ (index)    │ address                                      │ decimals │ name            │ symbol │ assetRateUsd │
├────────────┼──────────────────────────────────────────────┼──────────┼─────────────────┼────────┼──────────────┤
│ prizeToken │ '0x058C8222f77978f4e3Fa3aC1914cd541A1F882Cc' │ 18       │ 'Wrapped Ether' │ 'WETH' │ 3426.724     │
└────────────┴──────────────────────────────────────────────┴──────────┴─────────────────┴────────┴──────────────┘
┌─────────┬──────────┬───────────────────────────────┐
│ (index) │ numTiers │ tiersRangeArray               │
├─────────┼──────────┼───────────────────────────────┤
│ tiers   │ 6        │ [ 0, 1, 2, ... 3 more items ] │
└─────────┴──────────┴───────────────────────────────┘
Draw ID: 4
Prize Token WETH MarketRate USD:  $3426.724

******************
Getting prize vaults ...
Found 6 prize vaults.

302 prizes already claimed for draw #4.
992 prizes remaining to be claimed...




******************
Processing:
Vault:     0x52b0ac5c447dd84c37b85c2fc36a5b23bb4c9868
Tier:      #5 (Canary tier)
# prizes:  94

5a. Calculating # of profitable claims ...

Native (Gas) Token ETH Market Rate (USD): $3419.96

Estimated gas limit (wei) (1 prize claim): 0.000000000000156148 ETH (156148 wei)
Estimated gas limit (wei) (2 prize claims): 0.000000000000227394 ETH (227394 wei)

Gas Cost: First Claim (wei): 0.000000000000156148 ETH (156148 wei)
Gas Cost: Each Following Claim (wei): 0.000000000000071246 ETH (71246 wei)

Gas Cost: First Claim (USD): $0.02 $0.017498213987948937
Gas Cost: Each Following Claim (USD): $0.02 $0.021125531453344976

5b. 1 Claim(s):

Total gas cost: 1 Claim(s) (USD): $0.02 ($0.017498213987948937)

Next Claim Reward: 1 Claim(s) (WEI): 0.000002028669073901 WETH (2028669073901 wei)
Next Claim Reward: 1 Claim(s) (USD): $0.01 ($0.006951689003594331)

Net profit = (Gross Profit - Gas Cost [Avg])
$-0.01 = ($0.01 - $0.02) $-0.010546524984354606 = ($0.006951689003594331 - $0.017498213987948937)

******************
5c. Profit/Loss (USD):

Net profit = (Gross Profit - Gas Cost [Max])
$-0.02 = ($0 - $0.02) $-0.017498213987948937 = ($0 - $0.017498213987948937)

Claiming tier #5 (Canary tier) currently not profitable.
Not profitable to claim for Draw #4, Tier: #5 (Canary tier)




******************
Processing:
Vault:     0x80436148e5fab18b58a33b24f79977d6934ff0e4
Tier:      #5 (Canary tier)
# prizes:  353

Tier #5 (Canary tier) not profitable, skipping ...





******************
Processing:
Vault:     0xea47f7735eaf6b1e6502c21f50f65e84f7daa824
Tier:      #5 (Canary tier)
# prizes:  545

Tier #5 (Canary tier) not profitable, skipping ...

